/home/tom.balay/Baking_EEG/utils/__init__.py:25: UserWarning: Some utilities could not be imported: cannot import name 'EVENT_ID_LG' from 'config.decoding_config' (/home/tom.balay/Baking_EEG/config/decoding_config.py)
  warnings.warn(f"Some utilities could not be imported: {e}")
submitit ERROR (2025-06-12 14:38:18,384) - Submitted job triggered an exception
Traceback (most recent call last):
  File "<frozen runpy>", line 198, in _run_module_as_main
  File "<frozen runpy>", line 88, in _run_code
  File "/home/tom.balay/.venvs/py3.11_cluster/lib/python3.11/site-packages/submitit/core/_submit.py", line 11, in <module>
    submitit_main()
  File "/home/tom.balay/.venvs/py3.11_cluster/lib/python3.11/site-packages/submitit/core/submission.py", line 76, in submitit_main
    process_job(args.folder)
  File "/home/tom.balay/.venvs/py3.11_cluster/lib/python3.11/site-packages/submitit/core/submission.py", line 69, in process_job
    raise error
  File "/home/tom.balay/.venvs/py3.11_cluster/lib/python3.11/site-packages/submitit/core/submission.py", line 55, in process_job
    result = delayed.result()
             ^^^^^^^^^^^^^^^^
  File "/home/tom.balay/.venvs/py3.11_cluster/lib/python3.11/site-packages/submitit/core/utils.py", line 137, in result
    self._result = self.function(*self.args, **self.kwargs)
                   ^^^^^^^^^^^^^^^^^^^^^^^^^^^^^^^^^^^^^^^^
  File "/home/tom.balay/Baking_EEG/bash/submit_allgroup.py", line 191, in execute_group_decoding_wrapper
    from examples.run_decoding_one_group_pp import execute_group_intra_subject_decoding_analysis
  File "/home/tom.balay/Baking_EEG/examples/run_decoding_one_group_pp.py", line 39, in <module>
    from Baking_EEG.utils.utils import (
ModuleNotFoundError: No module named 'Baking_EEG.utils'
srun: error: node11: task 0: Exited with exit code 1
