submitit INFO (2025-06-25 11:34:00,128) - Starting with JobEnvironment(job_id=349164, hostname=node5, local_rank=0(1), node=0(1), global_rank=0(1))
submitit INFO (2025-06-25 11:34:00,128) - Loading pickle: /home/tom.balay/Baking_EEG/bash/submitit_logs/TpSM49_PP_AP/349164_submitted.pkl
2025-06-25 11:34:03,966 - INFO - examples.run_decoding_one_group_pp - [<module>:54] - Tentative d'import de execute_single_subject_decoding...
2025-06-25 11:34:03,967 - INFO - examples.run_decoding_one_group_pp - [<module>:57] - ✅ Import de execute_single_subject_decoding réussi
2025-06-25 11:34:03,969 - INFO - examples.run_decoding_one_pp - [execute_single_subject_decoding:192] - Starting decoding for subject: TpSM49 (Group: DELIRIUM+, Task Set ID: Analysis_PP_AP_Individual, Classifier: svc, GS: False, CSP (temp): False, ANOVA FS (temp): True, n_jobs: 40)
2025-06-25 11:34:03,969 - INFO - examples.run_decoding_one_pp - [execute_single_subject_decoding:201] - Using loading conditions: ['XPP_ALL', 'XAP_ALL', 'PP_FOR_SPECIFIC_COMPARISON', 'AP_FAMILY_1', 'AP_FAMILY_2', 'AP_FAMILY_3', 'AP_FAMILY_4', 'AP_FAMILY_5', 'AP_FAMILY_6']
2025-06-25 11:34:04,811 - ERROR - utils.loading_PP_utils - [load_epochs_data_for_decoding_delirium:439] - CRITICAL: No data loaded for ANY specified conditions for subject TpSM49.
2025-06-25 11:34:04,812 - WARNING - utils.loading_PP_utils - [load_epochs_data_for_decoding_delirium:446] - Empty data array for condition 'temp' (specifier: 'AP') for subject TpSM49.
2025-06-25 11:34:04,812 - INFO - utils.loading_PP_utils - [load_epochs_data_auto_protocol:774] - Auto-detected protocol 'delirium' for subject 'TpSM49' (file hint: legacy)
2025-06-25 11:34:04,813 - INFO - utils.loading_PP_utils - [find_epochs_file_with_protocol_detection:78] - Found epochs file: /mnt/data/tom.balay/data/Baking_EEG_data/PP_PATIENTS_DELIRIUM+_0.5/data_epochs/TpSM49_PP_preproc_noICA_PP-epo_ar.fif (protocol: legacy, pattern: legacy)
2025-06-25 11:34:04,813 - INFO - utils.loading_PP_utils - [load_epochs_data_for_decoding_delirium:302] - Loading epoch data for subject 'TpSM49' from: /mnt/data/tom.balay/data/Baking_EEG_data/PP_PATIENTS_DELIRIUM+_0.5/data_epochs/TpSM49_PP_preproc_noICA_PP-epo_ar.fif (file protocol: legacy)
2025-06-25 11:34:05,322 - INFO - utils.loading_PP_utils - [load_epochs_data_for_decoding_delirium:313] - Event IDs available for TpSM49:
2025-06-25 11:34:05,323 - INFO - utils.loading_PP_utils - [load_epochs_data_for_decoding_delirium:317] -   - 'PP/10': 110
2025-06-25 11:34:05,323 - INFO - utils.loading_PP_utils - [load_epochs_data_for_decoding_delirium:317] -   - 'PP/20': 120
2025-06-25 11:34:05,323 - INFO - utils.loading_PP_utils - [load_epochs_data_for_decoding_delirium:317] -   - 'PP/30': 130
2025-06-25 11:34:05,323 - INFO - utils.loading_PP_utils - [load_epochs_data_for_decoding_delirium:317] -   - 'AP/11': 111
2025-06-25 11:34:05,323 - INFO - utils.loading_PP_utils - [load_epochs_data_for_decoding_delirium:317] -   - 'AP/12': 112
2025-06-25 11:34:05,323 - INFO - utils.loading_PP_utils - [load_epochs_data_for_decoding_delirium:317] -   - 'AP/13': 113
2025-06-25 11:34:05,323 - INFO - utils.loading_PP_utils - [load_epochs_data_for_decoding_delirium:317] -   - 'AP/14': 114
2025-06-25 11:34:05,323 - INFO - utils.loading_PP_utils - [load_epochs_data_for_decoding_delirium:317] -   - 'AP/15': 115
2025-06-25 11:34:05,323 - INFO - utils.loading_PP_utils - [load_epochs_data_for_decoding_delirium:317] -   - 'AP/16': 116
2025-06-25 11:34:05,323 - INFO - utils.loading_PP_utils - [load_epochs_data_for_decoding_delirium:317] -   - 'AP/21': 121
2025-06-25 11:34:05,323 - INFO - utils.loading_PP_utils - [load_epochs_data_for_decoding_delirium:317] -   - 'AP/22': 122
2025-06-25 11:34:05,324 - INFO - utils.loading_PP_utils - [load_epochs_data_for_decoding_delirium:317] -   - 'AP/23': 123
2025-06-25 11:34:05,324 - INFO - utils.loading_PP_utils - [load_epochs_data_for_decoding_delirium:317] -   - 'AP/24': 124
2025-06-25 11:34:05,324 - INFO - utils.loading_PP_utils - [load_epochs_data_for_decoding_delirium:317] -   - 'AP/25': 125
2025-06-25 11:34:05,324 - INFO - utils.loading_PP_utils - [load_epochs_data_for_decoding_delirium:317] -   - 'AP/26': 126
2025-06-25 11:34:05,324 - INFO - utils.loading_PP_utils - [load_epochs_data_for_decoding_delirium:317] -   - 'AP/31': 131
2025-06-25 11:34:05,324 - INFO - utils.loading_PP_utils - [load_epochs_data_for_decoding_delirium:317] -   - 'AP/32': 132
2025-06-25 11:34:05,324 - INFO - utils.loading_PP_utils - [load_epochs_data_for_decoding_delirium:317] -   - 'AP/33': 133
2025-06-25 11:34:05,324 - INFO - utils.loading_PP_utils - [load_epochs_data_for_decoding_delirium:317] -   - 'AP/34': 134
2025-06-25 11:34:05,324 - INFO - utils.loading_PP_utils - [load_epochs_data_for_decoding_delirium:317] -   - 'AP/35': 135
2025-06-25 11:34:05,324 - INFO - utils.loading_PP_utils - [load_epochs_data_for_decoding_delirium:317] -   - 'AP/36': 136
2025-06-25 11:34:05,396 - INFO - utils.loading_PP_utils - [inspect_epochs_events:826] - === EVENT INSPECTION FOR TpSM49 ===
2025-06-25 11:34:05,396 - INFO - utils.loading_PP_utils - [inspect_epochs_events:829] - File: /mnt/data/tom.balay/data/Baking_EEG_data/PP_PATIENTS_DELIRIUM+_0.5/data_epochs/TpSM49_PP_preproc_noICA_PP-epo_ar.fif
2025-06-25 11:34:05,396 - INFO - utils.loading_PP_utils - [inspect_epochs_events:830] - Total events: 476
2025-06-25 11:34:05,396 - INFO - utils.loading_PP_utils - [inspect_epochs_events:831] - Event types and counts:
2025-06-25 11:34:05,396 - INFO - utils.loading_PP_utils - [inspect_epochs_events:833] -   - 'PP/10' (code 110): 24 epochs
2025-06-25 11:34:05,396 - INFO - utils.loading_PP_utils - [inspect_epochs_events:833] -   - 'PP/20' (code 120): 23 epochs
2025-06-25 11:34:05,396 - INFO - utils.loading_PP_utils - [inspect_epochs_events:833] -   - 'PP/30' (code 130): 23 epochs
2025-06-25 11:34:05,396 - INFO - utils.loading_PP_utils - [inspect_epochs_events:833] -   - 'AP/11' (code 111): 22 epochs
2025-06-25 11:34:05,397 - INFO - utils.loading_PP_utils - [inspect_epochs_events:833] -   - 'AP/12' (code 112): 22 epochs
2025-06-25 11:34:05,397 - INFO - utils.loading_PP_utils - [inspect_epochs_events:833] -   - 'AP/13' (code 113): 23 epochs
2025-06-25 11:34:05,397 - INFO - utils.loading_PP_utils - [inspect_epochs_events:833] -   - 'AP/14' (code 114): 23 epochs
2025-06-25 11:34:05,397 - INFO - utils.loading_PP_utils - [inspect_epochs_events:833] -   - 'AP/15' (code 115): 23 epochs
2025-06-25 11:34:05,397 - INFO - utils.loading_PP_utils - [inspect_epochs_events:833] -   - 'AP/16' (code 116): 21 epochs
2025-06-25 11:34:05,397 - INFO - utils.loading_PP_utils - [inspect_epochs_events:833] -   - 'AP/21' (code 121): 23 epochs
2025-06-25 11:34:05,397 - INFO - utils.loading_PP_utils - [inspect_epochs_events:833] -   - 'AP/22' (code 122): 22 epochs
2025-06-25 11:34:05,397 - INFO - utils.loading_PP_utils - [inspect_epochs_events:833] -   - 'AP/23' (code 123): 24 epochs
2025-06-25 11:34:05,397 - INFO - utils.loading_PP_utils - [inspect_epochs_events:833] -   - 'AP/24' (code 124): 22 epochs
2025-06-25 11:34:05,397 - INFO - utils.loading_PP_utils - [inspect_epochs_events:833] -   - 'AP/25' (code 125): 22 epochs
2025-06-25 11:34:05,397 - INFO - utils.loading_PP_utils - [inspect_epochs_events:833] -   - 'AP/26' (code 126): 24 epochs
2025-06-25 11:34:05,397 - INFO - utils.loading_PP_utils - [inspect_epochs_events:833] -   - 'AP/31' (code 131): 23 epochs
2025-06-25 11:34:05,397 - INFO - utils.loading_PP_utils - [inspect_epochs_events:833] -   - 'AP/32' (code 132): 23 epochs
2025-06-25 11:34:05,397 - INFO - utils.loading_PP_utils - [inspect_epochs_events:833] -   - 'AP/33' (code 133): 24 epochs
2025-06-25 11:34:05,398 - INFO - utils.loading_PP_utils - [inspect_epochs_events:833] -   - 'AP/34' (code 134): 21 epochs
2025-06-25 11:34:05,398 - INFO - utils.loading_PP_utils - [inspect_epochs_events:833] -   - 'AP/35' (code 135): 24 epochs
2025-06-25 11:34:05,398 - INFO - utils.loading_PP_utils - [inspect_epochs_events:833] -   - 'AP/36' (code 136): 20 epochs
2025-06-25 11:34:05,664 - INFO - utils.loading_PP_utils - [load_epochs_data_for_decoding_delirium:343] - Processing conditions: ['XPP_ALL', 'XAP_ALL', 'PP_FOR_SPECIFIC_COMPARISON', 'AP_FAMILY_1', 'AP_FAMILY_2', 'AP_FAMILY_3', 'AP_FAMILY_4', 'AP_FAMILY_5', 'AP_FAMILY_6']
2025-06-25 11:34:06,355 - INFO - utils.loading_PP_utils - [load_epochs_data_for_decoding_delirium:456] -   Data shapes for 'TpSM49': XPP_ALL=(70, 124, 601), XAP_ALL=(406, 124, 601), PP_FOR_SPECIFIC_COMPARISON=(70, 124, 601), AP_FAMILY_1=(68, 124, 601), AP_FAMILY_2=(67, 124, 601), AP_FAMILY_3=(71, 124, 601), AP_FAMILY_4=(66, 124, 601), AP_FAMILY_5=(69, 124, 601), AP_FAMILY_6=(65, 124, 601). Loaded in 1.54s
2025-06-25 11:34:06,356 - INFO - examples.run_decoding_one_pp - [execute_single_subject_decoding:210] - Detected protocol 'delirium' for subject TpSM49
2025-06-25 11:34:06,357 - INFO - examples.run_decoding_one_pp - [execute_single_subject_decoding:240] - Successfully loaded 952 total epochs across all conditions for TpSM49
2025-06-25 11:34:06,357 - INFO - examples.run_decoding_one_pp - [execute_single_subject_decoding:269] - --- Starting Main Protocol Decoding for TpSM49 ---
2025-06-25 11:34:06,357 - INFO - examples.run_decoding_one_pp - [execute_single_subject_decoding:272] -   --- 1. Main Decoding (e.g., PP/all vs AP/all) for TpSM49 ---
2025-06-25 11:34:06,486 - INFO - Baking_EEG._4_decoding_core - [run_temporal_decoding_analysis:68] - --- Temporal Ddcoding Analysis ---
2025-06-25 11:34:06,486 - INFO - Baking_EEG._4_decoding_core - [run_temporal_decoding_analysis:69] - Clf: svc, GS: False, CSP (temporal): False, ANOVA FS (temporal): True
2025-06-25 11:34:06,490 - INFO - base.base_decoding - [_build_standard_classifier_pipeline:57] - Pipeline à hyperparamètres fixes: type='svc', CSP: False, ANOVA FS: True
2025-06-25 11:34:06,490 - INFO - base.base_decoding - [_build_standard_classifier_pipeline:68] - DEBUG: add_csp_step type=bool, value=False, bool()=False
2025-06-25 11:34:06,490 - INFO - base.base_decoding - [_build_standard_classifier_pipeline:91] -    Étape ANOVA FS 'anova_feature_selection' ajoutée (percentile fixe=15).
2025-06-25 11:34:06,490 - INFO - base.base_decoding - [_build_standard_classifier_pipeline:123] - Structure finale du pipeline: ['scaler', 'anova_feature_selection', 'svc_classifier']
2025-06-25 11:34:06,491 - INFO - base.base_decoding - [_build_standard_classifier_pipeline:57] - Pipeline à hyperparamètres fixes: type='svc', CSP: False, ANOVA FS: False
2025-06-25 11:34:06,491 - INFO - base.base_decoding - [_build_standard_classifier_pipeline:68] - DEBUG: add_csp_step type=bool, value=False, bool()=False
2025-06-25 11:34:06,491 - INFO - base.base_decoding - [_build_standard_classifier_pipeline:123] - Structure finale du pipeline: ['scaler', 'svc_classifier']
2025-06-25 11:34:06,491 - INFO - Baking_EEG._4_decoding_core - [run_temporal_decoding_analysis:246] - CV strategy: StratifiedKFold with 10 splits.
2025-06-25 11:34:06,491 - INFO - Baking_EEG._4_decoding_core - [run_temporal_decoding_analysis:258] - Sample weights: Auto-calculated per fold (recommended for StratifiedKFold).
2025-06-25 11:34:06,504 - INFO - Baking_EEG._4_decoding_core - [run_temporal_decoding_analysis:294] - MNE Estimators: Using fold-specific balancing via class_weight='balanced' (if supported by classifier).
2025-06-25 11:34:06,504 - INFO - Baking_EEG._4_decoding_core - [run_temporal_decoding_analysis:310] - Starting 1D temporal decoding (SlidingEstimator)...
2025-06-25 11:34:48,173 - INFO - Baking_EEG._4_decoding_core - [run_temporal_decoding_analysis:338] - 1D temporal decoding done. Peak mean AUC: 0.771
2025-06-25 11:34:48,174 - INFO - Baking_EEG._4_decoding_core - [run_temporal_decoding_analysis:379] - TGM computation disabled.
2025-06-25 11:34:48,174 - INFO - Baking_EEG._4_decoding_core - [run_temporal_decoding_analysis:382] - Starting global decoding (n_jobs_folds=40)...
2025-06-25 11:35:44,102 - INFO - Baking_EEG._4_decoding_core - [run_temporal_decoding_analysis:439] - Global decoding done. Mean CV AUC: 0.916 +/- 0.040
2025-06-25 11:35:44,123 - INFO - Baking_EEG._4_decoding_core - [run_temporal_decoding_analysis:478] -   Overall global metrics (aggregated): {'roc_auc': '0.913', 'accuracy': '0.897', 'precision': '0.714', 'recall': '0.500', 'f1_score': '0.588', 'balanced_accuracy': '0.733'}
2025-06-25 11:35:44,123 - INFO - utils.stats_utils - [perform_pointwise_fdr_correction_on_scores:355] - Performing pointwise adaptive with FDR correction. Data shape for test (obs, features if any): (10, 601)
2025-06-25 11:35:44,123 - INFO - utils.stats_utils - [perform_pointwise_fdr_correction_on_scores:359] -   Parameters: chance=0.5, alpha=0.05, test_type='adaptive', FDR_method='indep', alternative='greater'
2025-06-25 11:35:44,837 - INFO - utils.stats_utils - [perform_pointwise_fdr_correction_on_scores:565] - Adaptive test selection: 582 t-tests, 19 Wilcoxon tests
2025-06-25 11:35:44,837 - INFO - utils.stats_utils - [perform_pointwise_fdr_correction_on_scores:630] - FDR correction completed. 201 point(s) found significant (p_fdr < 0.05).
2025-06-25 11:35:44,837 - INFO - utils.stats_utils - [perform_cluster_permutation_test:117] - Executing cluster-based permutation test. Data shape (obs, features...): (10, 601)
2025-06-25 11:35:44,838 - INFO - utils.stats_utils - [perform_cluster_permutation_test:121] -   Parameters: n_permutations=1024, threshold_config={'start': 0.1, 'step': 0.1}, alternative='greater' (MNE tail=1), n_jobs=-1
2025-06-25 11:35:44,838 - INFO - utils.stats_utils - [perform_cluster_permutation_test:140] -   Using MNE's default stat_fun (ttest_1samp_no_p) for permutation test.
2025-06-25 11:35:44,838 - INFO - utils.stats_utils - [perform_cluster_permutation_test:156] -   Input data is 2D (features). MNE will use default temporal connectivity inference if applicable.
stat_fun(H1): min=-2.480290 max=10.978642
Running initial clustering …
Using 109 thresholds from 0.10 to 10.90 for TFCE computation (h_power=2.00, e_power=0.50)
Found 601 clusters
2025-06-25 11:35:47,072 - INFO - utils.stats_utils - [perform_cluster_permutation_test:230] - Cluster permutation test completed. 601 initial clusters found (after processing slices).
2025-06-25 11:35:47,072 - INFO - utils.stats_utils - [perform_cluster_permutation_test:254] -   Significant Cluster #174: p-value = 0.0488. Mask shape: (601,), Num True points: 1
2025-06-25 11:35:47,072 - INFO - utils.stats_utils - [perform_cluster_permutation_test:254] -   Significant Cluster #175: p-value = 0.0215. Mask shape: (601,), Num True points: 1
2025-06-25 11:35:47,072 - INFO - utils.stats_utils - [perform_cluster_permutation_test:254] -   Significant Cluster #176: p-value = 0.0127. Mask shape: (601,), Num True points: 1
2025-06-25 11:35:47,072 - INFO - utils.stats_utils - [perform_cluster_permutation_test:254] -   Significant Cluster #177: p-value = 0.0127. Mask shape: (601,), Num True points: 1
2025-06-25 11:35:47,073 - INFO - utils.stats_utils - [perform_cluster_permutation_test:254] -   Significant Cluster #178: p-value = 0.0059. Mask shape: (601,), Num True points: 1
2025-06-25 11:35:47,073 - INFO - utils.stats_utils - [perform_cluster_permutation_test:254] -   Significant Cluster #179: p-value = 0.0117. Mask shape: (601,), Num True points: 1
2025-06-25 11:35:47,073 - INFO - utils.stats_utils - [perform_cluster_permutation_test:254] -   Significant Cluster #180: p-value = 0.0088. Mask shape: (601,), Num True points: 1
2025-06-25 11:35:47,073 - INFO - utils.stats_utils - [perform_cluster_permutation_test:254] -   Significant Cluster #181: p-value = 0.0127. Mask shape: (601,), Num True points: 1
2025-06-25 11:35:47,073 - INFO - utils.stats_utils - [perform_cluster_permutation_test:254] -   Significant Cluster #182: p-value = 0.0117. Mask shape: (601,), Num True points: 1
2025-06-25 11:35:47,073 - INFO - utils.stats_utils - [perform_cluster_permutation_test:254] -   Significant Cluster #183: p-value = 0.0303. Mask shape: (601,), Num True points: 1
2025-06-25 11:35:47,073 - INFO - utils.stats_utils - [perform_cluster_permutation_test:254] -   Significant Cluster #184: p-value = 0.0488. Mask shape: (601,), Num True points: 1
2025-06-25 11:35:47,073 - INFO - utils.stats_utils - [perform_cluster_permutation_test:254] -   Significant Cluster #185: p-value = 0.0332. Mask shape: (601,), Num True points: 1
2025-06-25 11:35:47,073 - INFO - utils.stats_utils - [perform_cluster_permutation_test:254] -   Significant Cluster #186: p-value = 0.0215. Mask shape: (601,), Num True points: 1
2025-06-25 11:35:47,074 - INFO - utils.stats_utils - [perform_cluster_permutation_test:254] -   Significant Cluster #220: p-value = 0.0088. Mask shape: (601,), Num True points: 1
2025-06-25 11:35:47,074 - INFO - utils.stats_utils - [perform_cluster_permutation_test:254] -   Significant Cluster #221: p-value = 0.0117. Mask shape: (601,), Num True points: 1
2025-06-25 11:35:47,074 - INFO - utils.stats_utils - [perform_cluster_permutation_test:254] -   Significant Cluster #222: p-value = 0.0303. Mask shape: (601,), Num True points: 1
2025-06-25 11:35:47,074 - INFO - utils.stats_utils - [perform_cluster_permutation_test:254] -   Significant Cluster #223: p-value = 0.0049. Mask shape: (601,), Num True points: 1
2025-06-25 11:35:47,074 - INFO - utils.stats_utils - [perform_cluster_permutation_test:254] -   Significant Cluster #224: p-value = 0.0488. Mask shape: (601,), Num True points: 1
2025-06-25 11:35:47,074 - INFO - utils.stats_utils - [perform_cluster_permutation_test:254] -   Significant Cluster #229: p-value = 0.0439. Mask shape: (601,), Num True points: 1
2025-06-25 11:35:47,074 - INFO - utils.stats_utils - [perform_cluster_permutation_test:254] -   Significant Cluster #230: p-value = 0.0381. Mask shape: (601,), Num True points: 1
2025-06-25 11:35:47,074 - INFO - utils.stats_utils - [perform_cluster_permutation_test:254] -   Significant Cluster #231: p-value = 0.0176. Mask shape: (601,), Num True points: 1
2025-06-25 11:35:47,074 - INFO - utils.stats_utils - [perform_cluster_permutation_test:254] -   Significant Cluster #232: p-value = 0.0215. Mask shape: (601,), Num True points: 1
2025-06-25 11:35:47,074 - INFO - utils.stats_utils - [perform_cluster_permutation_test:254] -   Significant Cluster #233: p-value = 0.0049. Mask shape: (601,), Num True points: 1
2025-06-25 11:35:47,075 - INFO - utils.stats_utils - [perform_cluster_permutation_test:254] -   Significant Cluster #234: p-value = 0.0029. Mask shape: (601,), Num True points: 1
2025-06-25 11:35:47,075 - INFO - utils.stats_utils - [perform_cluster_permutation_test:254] -   Significant Cluster #235: p-value = 0.0049. Mask shape: (601,), Num True points: 1
2025-06-25 11:35:47,075 - INFO - utils.stats_utils - [perform_cluster_permutation_test:254] -   Significant Cluster #236: p-value = 0.0049. Mask shape: (601,), Num True points: 1
2025-06-25 11:35:47,075 - INFO - utils.stats_utils - [perform_cluster_permutation_test:254] -   Significant Cluster #237: p-value = 0.0117. Mask shape: (601,), Num True points: 1
2025-06-25 11:35:47,075 - INFO - utils.stats_utils - [perform_cluster_permutation_test:254] -   Significant Cluster #238: p-value = 0.0117. Mask shape: (601,), Num True points: 1
2025-06-25 11:35:47,075 - INFO - utils.stats_utils - [perform_cluster_permutation_test:254] -   Significant Cluster #267: p-value = 0.0332. Mask shape: (601,), Num True points: 1
2025-06-25 11:35:47,075 - INFO - utils.stats_utils - [perform_cluster_permutation_test:254] -   Significant Cluster #271: p-value = 0.0049. Mask shape: (601,), Num True points: 1
2025-06-25 11:35:47,075 - INFO - utils.stats_utils - [perform_cluster_permutation_test:254] -   Significant Cluster #272: p-value = 0.0117. Mask shape: (601,), Num True points: 1
2025-06-25 11:35:47,075 - INFO - utils.stats_utils - [perform_cluster_permutation_test:254] -   Significant Cluster #275: p-value = 0.0488. Mask shape: (601,), Num True points: 1
2025-06-25 11:35:47,076 - INFO - utils.stats_utils - [perform_cluster_permutation_test:254] -   Significant Cluster #344: p-value = 0.0410. Mask shape: (601,), Num True points: 1
2025-06-25 11:35:47,076 - INFO - utils.stats_utils - [perform_cluster_permutation_test:254] -   Significant Cluster #345: p-value = 0.0215. Mask shape: (601,), Num True points: 1
2025-06-25 11:35:47,076 - INFO - utils.stats_utils - [perform_cluster_permutation_test:254] -   Significant Cluster #346: p-value = 0.0156. Mask shape: (601,), Num True points: 1
2025-06-25 11:35:47,076 - INFO - utils.stats_utils - [perform_cluster_permutation_test:254] -   Significant Cluster #347: p-value = 0.0303. Mask shape: (601,), Num True points: 1
2025-06-25 11:35:47,076 - INFO - utils.stats_utils - [perform_cluster_permutation_test:254] -   Significant Cluster #349: p-value = 0.0332. Mask shape: (601,), Num True points: 1
2025-06-25 11:35:47,076 - INFO - utils.stats_utils - [perform_cluster_permutation_test:254] -   Significant Cluster #350: p-value = 0.0488. Mask shape: (601,), Num True points: 1
2025-06-25 11:35:47,076 - INFO - utils.stats_utils - [perform_cluster_permutation_test:254] -   Significant Cluster #353: p-value = 0.0303. Mask shape: (601,), Num True points: 1
2025-06-25 11:35:47,076 - INFO - utils.stats_utils - [perform_cluster_permutation_test:254] -   Significant Cluster #355: p-value = 0.0059. Mask shape: (601,), Num True points: 1
2025-06-25 11:35:47,076 - INFO - utils.stats_utils - [perform_cluster_permutation_test:254] -   Significant Cluster #356: p-value = 0.0088. Mask shape: (601,), Num True points: 1
2025-06-25 11:35:47,077 - INFO - utils.stats_utils - [perform_cluster_permutation_test:254] -   Significant Cluster #412: p-value = 0.0176. Mask shape: (601,), Num True points: 1
2025-06-25 11:35:47,077 - INFO - utils.stats_utils - [perform_cluster_permutation_test:254] -   Significant Cluster #413: p-value = 0.0088. Mask shape: (601,), Num True points: 1
2025-06-25 11:35:47,077 - INFO - utils.stats_utils - [perform_cluster_permutation_test:254] -   Significant Cluster #414: p-value = 0.0127. Mask shape: (601,), Num True points: 1
2025-06-25 11:35:47,077 - INFO - utils.stats_utils - [perform_cluster_permutation_test:254] -   Significant Cluster #415: p-value = 0.0332. Mask shape: (601,), Num True points: 1
2025-06-25 11:35:47,077 - INFO - utils.stats_utils - [perform_cluster_permutation_test:254] -   Significant Cluster #416: p-value = 0.0303. Mask shape: (601,), Num True points: 1
2025-06-25 11:35:47,077 - INFO - utils.stats_utils - [perform_cluster_permutation_test:254] -   Significant Cluster #417: p-value = 0.0049. Mask shape: (601,), Num True points: 1
2025-06-25 11:35:47,077 - INFO - utils.stats_utils - [perform_cluster_permutation_test:254] -   Significant Cluster #418: p-value = 0.0020. Mask shape: (601,), Num True points: 1
2025-06-25 11:35:47,077 - INFO - utils.stats_utils - [perform_cluster_permutation_test:254] -   Significant Cluster #419: p-value = 0.0020. Mask shape: (601,), Num True points: 1
2025-06-25 11:35:47,077 - INFO - utils.stats_utils - [perform_cluster_permutation_test:254] -   Significant Cluster #420: p-value = 0.0049. Mask shape: (601,), Num True points: 1
2025-06-25 11:35:47,077 - INFO - utils.stats_utils - [perform_cluster_permutation_test:254] -   Significant Cluster #421: p-value = 0.0342. Mask shape: (601,), Num True points: 1
2025-06-25 11:35:47,078 - INFO - utils.stats_utils - [perform_cluster_permutation_test:254] -   Significant Cluster #424: p-value = 0.0488. Mask shape: (601,), Num True points: 1
2025-06-25 11:35:47,078 - INFO - utils.stats_utils - [perform_cluster_permutation_test:254] -   Significant Cluster #491: p-value = 0.0332. Mask shape: (601,), Num True points: 1
2025-06-25 11:35:47,078 - INFO - utils.stats_utils - [perform_cluster_permutation_test:254] -   Significant Cluster #492: p-value = 0.0332. Mask shape: (601,), Num True points: 1
2025-06-25 11:35:47,080 - INFO - examples.run_decoding_one_pp - [execute_single_subject_decoding:327] - Main Decoding for TpSM49 DONE. Mean Global AUC: 0.916
2025-06-25 11:35:47,080 - INFO - examples.run_decoding_one_pp - [execute_single_subject_decoding:333] -   --- 2. Specific Task Comparisons (e.g. PP_spec vs AP_family_X) for TpSM49 ---
2025-06-25 11:35:47,121 - INFO - Baking_EEG._4_decoding_core - [run_temporal_decoding_analysis:68] - --- Temporal Ddcoding Analysis ---
2025-06-25 11:35:47,121 - INFO - Baking_EEG._4_decoding_core - [run_temporal_decoding_analysis:69] - Clf: svc, GS: False, CSP (temporal): False, ANOVA FS (temporal): True
2025-06-25 11:35:47,127 - INFO - base.base_decoding - [_build_standard_classifier_pipeline:57] - Pipeline à hyperparamètres fixes: type='svc', CSP: False, ANOVA FS: True
2025-06-25 11:35:47,127 - INFO - base.base_decoding - [_build_standard_classifier_pipeline:68] - DEBUG: add_csp_step type=bool, value=False, bool()=False
2025-06-25 11:35:47,127 - INFO - base.base_decoding - [_build_standard_classifier_pipeline:91] -    Étape ANOVA FS 'anova_feature_selection' ajoutée (percentile fixe=15).
2025-06-25 11:35:47,127 - INFO - base.base_decoding - [_build_standard_classifier_pipeline:123] - Structure finale du pipeline: ['scaler', 'anova_feature_selection', 'svc_classifier']
2025-06-25 11:35:47,128 - INFO - base.base_decoding - [_build_standard_classifier_pipeline:57] - Pipeline à hyperparamètres fixes: type='svc', CSP: False, ANOVA FS: False
2025-06-25 11:35:47,128 - INFO - base.base_decoding - [_build_standard_classifier_pipeline:68] - DEBUG: add_csp_step type=bool, value=False, bool()=False
2025-06-25 11:35:47,128 - INFO - base.base_decoding - [_build_standard_classifier_pipeline:123] - Structure finale du pipeline: ['scaler', 'svc_classifier']
2025-06-25 11:35:47,128 - INFO - Baking_EEG._4_decoding_core - [run_temporal_decoding_analysis:246] - CV strategy: StratifiedKFold with 10 splits.
2025-06-25 11:35:47,128 - INFO - Baking_EEG._4_decoding_core - [run_temporal_decoding_analysis:258] - Sample weights: Auto-calculated per fold (recommended for StratifiedKFold).
2025-06-25 11:35:47,140 - INFO - Baking_EEG._4_decoding_core - [run_temporal_decoding_analysis:294] - MNE Estimators: Using fold-specific balancing via class_weight='balanced' (if supported by classifier).
2025-06-25 11:35:47,140 - INFO - Baking_EEG._4_decoding_core - [run_temporal_decoding_analysis:310] - Starting 1D temporal decoding (SlidingEstimator)...
