submitit ERROR (2025-06-12 16:27:56,433) - Submitted job triggered an exception
Traceback (most recent call last):
  File "<frozen runpy>", line 198, in _run_module_as_main
  File "<frozen runpy>", line 88, in _run_code
  File "/home/tom.balay/.venvs/py3.11_cluster/lib/python3.11/site-packages/submitit/core/_submit.py", line 11, in <module>
    submitit_main()
  File "/home/tom.balay/.venvs/py3.11_cluster/lib/python3.11/site-packages/submitit/core/submission.py", line 76, in submitit_main
    process_job(args.folder)
  File "/home/tom.balay/.venvs/py3.11_cluster/lib/python3.11/site-packages/submitit/core/submission.py", line 69, in process_job
    raise error
  File "/home/tom.balay/.venvs/py3.11_cluster/lib/python3.11/site-packages/submitit/core/submission.py", line 52, in process_job
    delayed = utils.DelayedSubmission.load(paths.submitted_pickle)
              ^^^^^^^^^^^^^^^^^^^^^^^^^^^^^^^^^^^^^^^^^^^^^^^^^^^^
  File "/home/tom.balay/.venvs/py3.11_cluster/lib/python3.11/site-packages/submitit/core/utils.py", line 153, in load
    obj = pickle_load(filepath)
          ^^^^^^^^^^^^^^^^^^^^^
  File "/home/tom.balay/.venvs/py3.11_cluster/lib/python3.11/site-packages/submitit/core/utils.py", line 232, in pickle_load
    return pickle.load(ifile)
           ^^^^^^^^^^^^^^^^^^
ModuleNotFoundError: No module named 'examples'
srun: error: node5: task 0: Exited with exit code 1
