submitit INFO (2025-06-16 13:51:24,618) - Starting with JobEnvironment(job_id=298037, hostname=node8, local_rank=0(1), node=0(1), global_rank=0(1))
submitit INFO (2025-06-16 13:51:24,618) - Loading pickle: /home/tom.balay/Baking_EEG/bash/logs_submitit_jobs/20250616_135120_TpSM49_LG/298037_submitted.pkl
2025-06-16 13:51:33,613 - INFO - examples.run_decoding_one_group_pp - [<module>:54] - Tentative d'import de execute_single_subject_decoding...
2025-06-16 13:51:33,614 - INFO - examples.run_decoding_one_group_pp - [<module>:57] - ✅ Import de execute_single_subject_decoding réussi
2025-06-16 13:51:33,636 - INFO - examples.run_decoding_one_lg - [execute_single_subject_lg_decoding:196] - Starting LG decoding for subject: TpSM49 (Group: del, Task Set ID: Single_LG_Protocol_Analysis, Classifier: svc, GS: False, CSP: False, ANOVA FS: True, n_jobs: 40)
2025-06-16 13:51:33,636 - INFO - examples.run_decoding_one_lg - [execute_single_subject_lg_decoding:207] - Using LG loading conditions: ['LS_ALL', 'LD_ALL', 'GS_ALL', 'GD_ALL', 'LSGS', 'LSGD', 'LDGS', 'LDGD']
2025-06-16 13:51:43,774 - INFO - examples.run_decoding_one_lg - [execute_single_subject_lg_decoding:250] - --- Starting Main LG Protocol Decoding for TpSM49 ---
2025-06-16 13:51:43,776 - INFO - examples.run_decoding_one_lg - [execute_single_subject_lg_decoding:253] -   --- 1. Main LG Decoding (LS vs LD) for TpSM49 ---
2025-06-16 13:51:44,686 - INFO - Baking_EEG._4_decoding_core - [run_temporal_decoding_analysis:47] - --- Temporal Decoding Analysis ---
2025-06-16 13:51:44,686 - INFO - Baking_EEG._4_decoding_core - [run_temporal_decoding_analysis:48] - Clf: svc, GS: False, CSP (temporal): False, ANOVA FS (temporal): True
2025-06-16 13:51:44,700 - INFO - base.base_decoding - [_build_standard_classifier_pipeline:53] - Pipeline à hyperparamètres fixes: type='svc', CSP: False, ANOVA FS: True
2025-06-16 13:51:44,700 - INFO - base.base_decoding - [_build_standard_classifier_pipeline:80] -    Étape ANOVA FS 'anova_feature_selection' ajoutée (percentile fixe=15).
2025-06-16 13:51:44,701 - INFO - base.base_decoding - [_build_standard_classifier_pipeline:112] - Structure finale du pipeline: ['scaler', 'anova_feature_selection', 'svc_classifier']
2025-06-16 13:51:44,701 - INFO - base.base_decoding - [_build_standard_classifier_pipeline:53] - Pipeline à hyperparamètres fixes: type='svc', CSP: False, ANOVA FS: False
2025-06-16 13:51:44,701 - INFO - base.base_decoding - [_build_standard_classifier_pipeline:112] - Structure finale du pipeline: ['scaler', 'svc_classifier']
2025-06-16 13:51:44,702 - INFO - Baking_EEG._4_decoding_core - [run_temporal_decoding_analysis:226] - CV strategy: StratifiedKFold with 5 splits.
2025-06-16 13:51:44,704 - INFO - Baking_EEG._4_decoding_core - [run_temporal_decoding_analysis:241] - Sample weights: Auto-calculated.
2025-06-16 13:51:44,732 - INFO - Baking_EEG._4_decoding_core - [run_temporal_decoding_analysis:280] - MNE Estimators (Fixed mode): Passing sample_weight to svc_classifier.
2025-06-16 13:51:44,733 - INFO - Baking_EEG._4_decoding_core - [run_temporal_decoding_analysis:294] - Starting 1D temporal decoding (SlidingEstimator)...
2025-06-16 13:54:24,610 - INFO - Baking_EEG._4_decoding_core - [run_temporal_decoding_analysis:323] - 1D temporal decoding done. Peak mean AUC: 0.605
2025-06-16 13:54:24,611 - INFO - Baking_EEG._4_decoding_core - [run_temporal_decoding_analysis:364] - TGM computation disabled.
2025-06-16 13:54:24,612 - INFO - Baking_EEG._4_decoding_core - [run_temporal_decoding_analysis:367] - Starting global decoding (n_jobs_folds=40)...
2025-06-16 14:09:37,412 - INFO - Baking_EEG._4_decoding_core - [run_temporal_decoding_analysis:424] - Global decoding done. Mean CV AUC: 0.691 +/- 0.015
2025-06-16 14:09:37,463 - INFO - Baking_EEG._4_decoding_core - [run_temporal_decoding_analysis:463] -   Overall global metrics (aggregated): {'roc_auc': '0.688', 'accuracy': '0.638', 'precision': '0.644', 'recall': '0.619', 'f1_score': '0.631', 'balanced_accuracy': '0.638'}
2025-06-16 14:09:37,463 - INFO - utils.stats_utils - [perform_pointwise_fdr_correction_on_scores:401] - Performing pointwise t-test with FDR correction. Data shape for t-test (obs, features if any): (5, 801)
2025-06-16 14:09:37,464 - INFO - utils.stats_utils - [perform_pointwise_fdr_correction_on_scores:405] -   Parameters: chance=0.5, alpha=0.05, FDR_method='indep', alternative='greater'
2025-06-16 14:09:37,471 - INFO - utils.stats_utils - [perform_pointwise_fdr_correction_on_scores:479] - FDR correction completed. 62 point(s) found significant (p_fdr < 0.05).
2025-06-16 14:09:37,472 - INFO - utils.stats_utils - [perform_cluster_permutation_test:164] - Executing cluster-based permutation test. Data shape (obs, features...): (5, 801)
2025-06-16 14:09:37,472 - INFO - utils.stats_utils - [perform_cluster_permutation_test:168] -   Parameters: n_permutations=1024, threshold_config={'start': 0.1, 'step': 0.1}, alternative='greater' (MNE tail=1), stat_func='auto', n_jobs=-1
2025-06-16 14:09:37,472 - INFO - utils.stats_utils - [perform_cluster_permutation_test:198] -   Using MNE's default stat_fun (ttest_1samp_no_p).
2025-06-16 14:09:37,473 - INFO - utils.stats_utils - [perform_cluster_permutation_test:215] -   Input data is 2D (features). MNE will use default temporal connectivity inference if applicable.
stat_fun(H1): min=-1.937652 max=16.083463
Running initial clustering …
Using 160 thresholds from 0.10 to 16.00 for TFCE computation (h_power=2.00, e_power=0.50)
Found 801 clusters
2025-06-16 14:09:42,806 - INFO - utils.stats_utils - [perform_cluster_permutation_test:280] - Cluster permutation test completed. 801 initial clusters found (after processing slices).
2025-06-16 14:09:42,809 - INFO - utils.stats_utils - [perform_cluster_permutation_test:310] - No clusters found to be statistically significant (p < 0.05).
2025-06-16 14:09:42,817 - INFO - examples.run_decoding_one_lg - [execute_single_subject_lg_decoding:342] - Main LG Decoding for TpSM49 DONE. Mean Global AUC: 0.691
2025-06-16 14:09:42,818 - INFO - examples.run_decoding_one_lg - [execute_single_subject_lg_decoding:351] -   --- 2. Specific LG Comparisons (e.g. LS/GS vs LS/GD, LD/GS vs LD/GD) for TpSM49 ---
2025-06-16 14:09:43,280 - INFO - Baking_EEG._4_decoding_core - [run_temporal_decoding_analysis:47] - --- Temporal Decoding Analysis ---
2025-06-16 14:09:43,281 - INFO - Baking_EEG._4_decoding_core - [run_temporal_decoding_analysis:48] - Clf: svc, GS: False, CSP (temporal): False, ANOVA FS (temporal): True
2025-06-16 14:09:43,295 - INFO - base.base_decoding - [_build_standard_classifier_pipeline:53] - Pipeline à hyperparamètres fixes: type='svc', CSP: False, ANOVA FS: True
2025-06-16 14:09:43,296 - INFO - base.base_decoding - [_build_standard_classifier_pipeline:80] -    Étape ANOVA FS 'anova_feature_selection' ajoutée (percentile fixe=15).
2025-06-16 14:09:43,296 - INFO - base.base_decoding - [_build_standard_classifier_pipeline:112] - Structure finale du pipeline: ['scaler', 'anova_feature_selection', 'svc_classifier']
2025-06-16 14:09:43,297 - INFO - base.base_decoding - [_build_standard_classifier_pipeline:53] - Pipeline à hyperparamètres fixes: type='svc', CSP: False, ANOVA FS: False
2025-06-16 14:09:43,297 - INFO - base.base_decoding - [_build_standard_classifier_pipeline:112] - Structure finale du pipeline: ['scaler', 'svc_classifier']
2025-06-16 14:09:43,297 - INFO - Baking_EEG._4_decoding_core - [run_temporal_decoding_analysis:226] - CV strategy: StratifiedKFold with 5 splits.
2025-06-16 14:09:43,299 - INFO - Baking_EEG._4_decoding_core - [run_temporal_decoding_analysis:241] - Sample weights: Auto-calculated.
2025-06-16 14:09:43,328 - INFO - Baking_EEG._4_decoding_core - [run_temporal_decoding_analysis:280] - MNE Estimators (Fixed mode): Passing sample_weight to svc_classifier.
2025-06-16 14:09:43,328 - INFO - Baking_EEG._4_decoding_core - [run_temporal_decoding_analysis:294] - Starting 1D temporal decoding (SlidingEstimator)...
2025-06-16 14:11:25,980 - INFO - Baking_EEG._4_decoding_core - [run_temporal_decoding_analysis:323] - 1D temporal decoding done. Peak mean AUC: 0.591
2025-06-16 14:11:25,982 - INFO - Baking_EEG._4_decoding_core - [run_temporal_decoding_analysis:331] - Starting TGM computation (GeneralizingEstimator)...
