submitit INFO (2025-06-30 14:07:18,982) - Starting with JobEnvironment(job_id=352481, hostname=node8, local_rank=0(1), node=0(1), global_rank=0(1))
submitit INFO (2025-06-30 14:07:18,983) - Loading pickle: /home/tom.balay/Baking_EEG/submitit/logs_submitit_jobs_LG/20250630_102658_TJR7_LG/352481_submitted.pkl
2025-06-30 14:07:28,024 - INFO - examples.run_decoding_one_group_pp - [<module>:39] - Tentative d'import de execute_single_subject_decoding...
2025-06-30 14:07:28,024 - INFO - examples.run_decoding_one_group_pp - [<module>:42] - ✅ Import de execute_single_subject_decoding réussi
2025-06-30 14:07:28,029 - INFO - examples.run_decoding_one_lg - [execute_single_subject_lg_decoding:193] - Starting LG decoding for subject: TJR7 (Group: CONTROLS_DELIRIUM, Task Set ID: Single_LG_Protocol_Analysis, Classifier: svc, GS: False, CSP: False, ANOVA FS: True, n_jobs: 40)
2025-06-30 14:07:28,029 - INFO - examples.run_decoding_one_lg - [execute_single_subject_lg_decoding:204] - Using LG loading conditions: ['LS_ALL', 'LD_ALL', 'GS_ALL', 'GD_ALL', 'LSGS', 'LSGD', 'LDGS', 'LDGD']
2025-06-30 14:07:28,030 - WARNING - utils.loading_LG_utils - [load_epochs_data_for_lg_decoding:96] - Original group path for 'CONTROLS_DELIRIUM' not found for subject 'TJR7'. Subject found in group 'CONTROLS_DELIRIUM'. Using its path convention.
2025-06-30 14:07:34,649 - INFO - examples.run_decoding_one_lg - [execute_single_subject_lg_decoding:213] - Detected protocol 'LG_CONTROLS' for subject TJR7
2025-06-30 14:07:34,649 - INFO - examples.run_decoding_one_lg - [execute_single_subject_lg_decoding:254] - --- Starting Main LG Protocol Decoding for TJR7 ---
2025-06-30 14:07:34,651 - INFO - examples.run_decoding_one_lg - [execute_single_subject_lg_decoding:257] -   --- 1. Main LG Decoding (LS vs LD) for TJR7 ---
2025-06-30 14:07:35,184 - INFO - Baking_EEG._4_decoding_core - [run_temporal_decoding_analysis:68] - --- Temporal Ddcoding Analysis ---
2025-06-30 14:07:35,185 - INFO - Baking_EEG._4_decoding_core - [run_temporal_decoding_analysis:69] - Clf: svc, GS: False, CSP (temporal): False, ANOVA FS (temporal): True
2025-06-30 14:07:35,199 - INFO - base.base_decoding - [_build_standard_classifier_pipeline:57] - Pipeline à hyperparamètres fixes: type='svc', CSP: False, ANOVA FS: True
2025-06-30 14:07:35,199 - INFO - base.base_decoding - [_build_standard_classifier_pipeline:68] - DEBUG: add_csp_step type=bool, value=False, bool()=False
2025-06-30 14:07:35,199 - INFO - base.base_decoding - [_build_standard_classifier_pipeline:91] -    Étape ANOVA FS 'anova_feature_selection' ajoutée (percentile fixe=15).
2025-06-30 14:07:35,200 - INFO - base.base_decoding - [_build_standard_classifier_pipeline:123] - Structure finale du pipeline: ['scaler', 'anova_feature_selection', 'svc_classifier']
2025-06-30 14:07:35,200 - INFO - base.base_decoding - [_build_standard_classifier_pipeline:57] - Pipeline à hyperparamètres fixes: type='svc', CSP: False, ANOVA FS: False
2025-06-30 14:07:35,200 - INFO - base.base_decoding - [_build_standard_classifier_pipeline:68] - DEBUG: add_csp_step type=bool, value=False, bool()=False
2025-06-30 14:07:35,201 - INFO - base.base_decoding - [_build_standard_classifier_pipeline:123] - Structure finale du pipeline: ['scaler', 'svc_classifier']
2025-06-30 14:07:35,201 - INFO - Baking_EEG._4_decoding_core - [run_temporal_decoding_analysis:246] - CV strategy: StratifiedKFold with 10 splits.
2025-06-30 14:07:35,201 - INFO - Baking_EEG._4_decoding_core - [run_temporal_decoding_analysis:258] - Sample weights: Auto-calculated per fold (recommended for StratifiedKFold).
2025-06-30 14:07:35,248 - INFO - Baking_EEG._4_decoding_core - [run_temporal_decoding_analysis:294] - MNE Estimators: Using fold-specific balancing via class_weight='balanced' (if supported by classifier).
2025-06-30 14:07:35,249 - INFO - Baking_EEG._4_decoding_core - [run_temporal_decoding_analysis:310] - Starting 1D temporal decoding (SlidingEstimator)...
2025-06-30 14:10:19,030 - INFO - Baking_EEG._4_decoding_core - [run_temporal_decoding_analysis:338] - 1D temporal decoding done. Peak mean AUC: 0.745
2025-06-30 14:10:19,032 - INFO - Baking_EEG._4_decoding_core - [run_temporal_decoding_analysis:379] - TGM computation disabled.
2025-06-30 14:10:19,032 - INFO - Baking_EEG._4_decoding_core - [run_temporal_decoding_analysis:382] - Starting global decoding (n_jobs_folds=40)...
2025-06-30 14:18:01,822 - INFO - Baking_EEG._4_decoding_core - [run_temporal_decoding_analysis:439] - Global decoding done. Mean CV AUC: 0.772 +/- 0.050
2025-06-30 14:18:01,866 - INFO - Baking_EEG._4_decoding_core - [run_temporal_decoding_analysis:478] -   Overall global metrics (aggregated): {'roc_auc': '0.774', 'accuracy': '0.719', 'precision': '0.737', 'recall': '0.755', 'f1_score': '0.746', 'balanced_accuracy': '0.715'}
2025-06-30 14:18:01,867 - INFO - utils.stats_utils - [perform_pointwise_fdr_correction_on_scores:439] - Performing pointwise wilcoxon with FDR correction. Data shape for test (obs, features if any): (10, 801)
2025-06-30 14:18:01,867 - INFO - utils.stats_utils - [perform_pointwise_fdr_correction_on_scores:443] -   Parameters: chance=0.5, alpha=0.05, test_type='wilcoxon', FDR_method='indep', alternative='greater'
2025-06-30 14:18:04,121 - INFO - utils.stats_utils - [perform_pointwise_fdr_correction_on_scores:714] - FDR correction completed. 133 point(s) found significant (p_fdr < 0.05).
2025-06-30 14:18:04,122 - INFO - utils.stats_utils - [perform_cluster_permutation_test:195] - Executing cluster-based permutation test. Data shape (obs, features...): (10, 801)
2025-06-30 14:18:04,122 - INFO - utils.stats_utils - [perform_cluster_permutation_test:199] -   Parameters: n_permutations=1024, threshold_config={'start': 0.1, 'step': 0.1}, alternative='greater' (MNE tail=1), n_jobs=-1
2025-06-30 14:18:04,122 - INFO - utils.stats_utils - [perform_cluster_permutation_test:210] -   Using MNE's default stat_fun (ttest_1samp_no_p) for permutation test.
2025-06-30 14:18:04,123 - INFO - utils.stats_utils - [perform_cluster_permutation_test:242] -   Input data is 2D (features). MNE will use default temporal connectivity inference if applicable.
stat_fun(H1): min=-4.972157 max=26.837164
Running initial clustering …
Using 268 thresholds from 0.10 to 26.80 for TFCE computation (h_power=2.00, e_power=0.50)
Found 801 clusters
2025-06-30 14:18:12,567 - INFO - utils.stats_utils - [perform_cluster_permutation_test:314] - Cluster permutation test completed. 801 initial clusters found (after processing slices).
2025-06-30 14:18:12,569 - INFO - utils.stats_utils - [perform_cluster_permutation_test:338] -   Significant Cluster #439: p-value = 0.0381. Mask shape: (801,), Num True points: 1
2025-06-30 14:18:12,570 - INFO - utils.stats_utils - [perform_cluster_permutation_test:338] -   Significant Cluster #440: p-value = 0.0049. Mask shape: (801,), Num True points: 1
2025-06-30 14:18:12,570 - INFO - utils.stats_utils - [perform_cluster_permutation_test:338] -   Significant Cluster #441: p-value = 0.0020. Mask shape: (801,), Num True points: 1
2025-06-30 14:18:12,570 - INFO - utils.stats_utils - [perform_cluster_permutation_test:338] -   Significant Cluster #442: p-value = 0.0020. Mask shape: (801,), Num True points: 1
2025-06-30 14:18:12,571 - INFO - utils.stats_utils - [perform_cluster_permutation_test:338] -   Significant Cluster #443: p-value = 0.0020. Mask shape: (801,), Num True points: 1
2025-06-30 14:18:12,571 - INFO - utils.stats_utils - [perform_cluster_permutation_test:338] -   Significant Cluster #444: p-value = 0.0020. Mask shape: (801,), Num True points: 1
2025-06-30 14:18:12,571 - INFO - utils.stats_utils - [perform_cluster_permutation_test:338] -   Significant Cluster #445: p-value = 0.0020. Mask shape: (801,), Num True points: 1
2025-06-30 14:18:12,571 - INFO - utils.stats_utils - [perform_cluster_permutation_test:338] -   Significant Cluster #446: p-value = 0.0020. Mask shape: (801,), Num True points: 1
2025-06-30 14:18:12,572 - INFO - utils.stats_utils - [perform_cluster_permutation_test:338] -   Significant Cluster #447: p-value = 0.0020. Mask shape: (801,), Num True points: 1
2025-06-30 14:18:12,572 - INFO - utils.stats_utils - [perform_cluster_permutation_test:338] -   Significant Cluster #448: p-value = 0.0020. Mask shape: (801,), Num True points: 1
2025-06-30 14:18:12,572 - INFO - utils.stats_utils - [perform_cluster_permutation_test:338] -   Significant Cluster #449: p-value = 0.0020. Mask shape: (801,), Num True points: 1
2025-06-30 14:18:12,572 - INFO - utils.stats_utils - [perform_cluster_permutation_test:338] -   Significant Cluster #450: p-value = 0.0020. Mask shape: (801,), Num True points: 1
2025-06-30 14:18:12,573 - INFO - utils.stats_utils - [perform_cluster_permutation_test:338] -   Significant Cluster #451: p-value = 0.0020. Mask shape: (801,), Num True points: 1
2025-06-30 14:18:12,573 - INFO - utils.stats_utils - [perform_cluster_permutation_test:338] -   Significant Cluster #452: p-value = 0.0020. Mask shape: (801,), Num True points: 1
2025-06-30 14:18:12,573 - INFO - utils.stats_utils - [perform_cluster_permutation_test:338] -   Significant Cluster #453: p-value = 0.0020. Mask shape: (801,), Num True points: 1
2025-06-30 14:18:12,573 - INFO - utils.stats_utils - [perform_cluster_permutation_test:338] -   Significant Cluster #454: p-value = 0.0020. Mask shape: (801,), Num True points: 1
2025-06-30 14:18:12,574 - INFO - utils.stats_utils - [perform_cluster_permutation_test:338] -   Significant Cluster #455: p-value = 0.0020. Mask shape: (801,), Num True points: 1
2025-06-30 14:18:12,574 - INFO - utils.stats_utils - [perform_cluster_permutation_test:338] -   Significant Cluster #456: p-value = 0.0020. Mask shape: (801,), Num True points: 1
2025-06-30 14:18:12,574 - INFO - utils.stats_utils - [perform_cluster_permutation_test:338] -   Significant Cluster #457: p-value = 0.0029. Mask shape: (801,), Num True points: 1
2025-06-30 14:18:12,574 - INFO - utils.stats_utils - [perform_cluster_permutation_test:338] -   Significant Cluster #458: p-value = 0.0068. Mask shape: (801,), Num True points: 1
2025-06-30 14:18:12,575 - INFO - utils.stats_utils - [perform_cluster_permutation_test:338] -   Significant Cluster #459: p-value = 0.0195. Mask shape: (801,), Num True points: 1
2025-06-30 14:18:12,575 - INFO - utils.stats_utils - [perform_cluster_permutation_test:338] -   Significant Cluster #486: p-value = 0.0186. Mask shape: (801,), Num True points: 1
2025-06-30 14:18:12,575 - INFO - utils.stats_utils - [perform_cluster_permutation_test:338] -   Significant Cluster #487: p-value = 0.0195. Mask shape: (801,), Num True points: 1
2025-06-30 14:18:12,575 - INFO - utils.stats_utils - [perform_cluster_permutation_test:338] -   Significant Cluster #488: p-value = 0.0068. Mask shape: (801,), Num True points: 1
2025-06-30 14:18:12,576 - INFO - utils.stats_utils - [perform_cluster_permutation_test:338] -   Significant Cluster #489: p-value = 0.0186. Mask shape: (801,), Num True points: 1
2025-06-30 14:18:12,576 - INFO - utils.stats_utils - [perform_cluster_permutation_test:338] -   Significant Cluster #490: p-value = 0.0078. Mask shape: (801,), Num True points: 1
2025-06-30 14:18:12,576 - INFO - utils.stats_utils - [perform_cluster_permutation_test:338] -   Significant Cluster #491: p-value = 0.0068. Mask shape: (801,), Num True points: 1
2025-06-30 14:18:12,576 - INFO - utils.stats_utils - [perform_cluster_permutation_test:338] -   Significant Cluster #492: p-value = 0.0039. Mask shape: (801,), Num True points: 1
2025-06-30 14:18:12,577 - INFO - utils.stats_utils - [perform_cluster_permutation_test:338] -   Significant Cluster #493: p-value = 0.0068. Mask shape: (801,), Num True points: 1
2025-06-30 14:18:12,577 - INFO - utils.stats_utils - [perform_cluster_permutation_test:338] -   Significant Cluster #494: p-value = 0.0039. Mask shape: (801,), Num True points: 1
2025-06-30 14:18:12,577 - INFO - utils.stats_utils - [perform_cluster_permutation_test:338] -   Significant Cluster #495: p-value = 0.0020. Mask shape: (801,), Num True points: 1
2025-06-30 14:18:12,577 - INFO - utils.stats_utils - [perform_cluster_permutation_test:338] -   Significant Cluster #496: p-value = 0.0029. Mask shape: (801,), Num True points: 1
2025-06-30 14:18:12,578 - INFO - utils.stats_utils - [perform_cluster_permutation_test:338] -   Significant Cluster #497: p-value = 0.0029. Mask shape: (801,), Num True points: 1
2025-06-30 14:18:12,578 - INFO - utils.stats_utils - [perform_cluster_permutation_test:338] -   Significant Cluster #498: p-value = 0.0020. Mask shape: (801,), Num True points: 1
2025-06-30 14:18:12,578 - INFO - utils.stats_utils - [perform_cluster_permutation_test:338] -   Significant Cluster #499: p-value = 0.0029. Mask shape: (801,), Num True points: 1
2025-06-30 14:18:12,578 - INFO - utils.stats_utils - [perform_cluster_permutation_test:338] -   Significant Cluster #500: p-value = 0.0020. Mask shape: (801,), Num True points: 1
2025-06-30 14:18:12,579 - INFO - utils.stats_utils - [perform_cluster_permutation_test:338] -   Significant Cluster #501: p-value = 0.0029. Mask shape: (801,), Num True points: 1
2025-06-30 14:18:12,579 - INFO - utils.stats_utils - [perform_cluster_permutation_test:338] -   Significant Cluster #502: p-value = 0.0020. Mask shape: (801,), Num True points: 1
2025-06-30 14:18:12,579 - INFO - utils.stats_utils - [perform_cluster_permutation_test:338] -   Significant Cluster #503: p-value = 0.0029. Mask shape: (801,), Num True points: 1
2025-06-30 14:18:12,579 - INFO - utils.stats_utils - [perform_cluster_permutation_test:338] -   Significant Cluster #504: p-value = 0.0039. Mask shape: (801,), Num True points: 1
2025-06-30 14:18:12,580 - INFO - utils.stats_utils - [perform_cluster_permutation_test:338] -   Significant Cluster #505: p-value = 0.0020. Mask shape: (801,), Num True points: 1
2025-06-30 14:18:12,580 - INFO - utils.stats_utils - [perform_cluster_permutation_test:338] -   Significant Cluster #506: p-value = 0.0020. Mask shape: (801,), Num True points: 1
2025-06-30 14:18:12,580 - INFO - utils.stats_utils - [perform_cluster_permutation_test:338] -   Significant Cluster #507: p-value = 0.0029. Mask shape: (801,), Num True points: 1
2025-06-30 14:18:12,580 - INFO - utils.stats_utils - [perform_cluster_permutation_test:338] -   Significant Cluster #508: p-value = 0.0039. Mask shape: (801,), Num True points: 1
2025-06-30 14:18:12,581 - INFO - utils.stats_utils - [perform_cluster_permutation_test:338] -   Significant Cluster #509: p-value = 0.0039. Mask shape: (801,), Num True points: 1
2025-06-30 14:18:12,581 - INFO - utils.stats_utils - [perform_cluster_permutation_test:338] -   Significant Cluster #510: p-value = 0.0137. Mask shape: (801,), Num True points: 1
2025-06-30 14:18:12,581 - INFO - utils.stats_utils - [perform_cluster_permutation_test:338] -   Significant Cluster #511: p-value = 0.0068. Mask shape: (801,), Num True points: 1
2025-06-30 14:18:12,581 - INFO - utils.stats_utils - [perform_cluster_permutation_test:338] -   Significant Cluster #512: p-value = 0.0068. Mask shape: (801,), Num True points: 1
2025-06-30 14:18:12,582 - INFO - utils.stats_utils - [perform_cluster_permutation_test:338] -   Significant Cluster #523: p-value = 0.0254. Mask shape: (801,), Num True points: 1
2025-06-30 14:18:12,582 - INFO - utils.stats_utils - [perform_cluster_permutation_test:338] -   Significant Cluster #524: p-value = 0.0068. Mask shape: (801,), Num True points: 1
2025-06-30 14:18:12,582 - INFO - utils.stats_utils - [perform_cluster_permutation_test:338] -   Significant Cluster #525: p-value = 0.0068. Mask shape: (801,), Num True points: 1
2025-06-30 14:18:12,582 - INFO - utils.stats_utils - [perform_cluster_permutation_test:338] -   Significant Cluster #526: p-value = 0.0195. Mask shape: (801,), Num True points: 1
2025-06-30 14:18:12,583 - INFO - utils.stats_utils - [perform_cluster_permutation_test:338] -   Significant Cluster #527: p-value = 0.0264. Mask shape: (801,), Num True points: 1
2025-06-30 14:18:12,583 - INFO - utils.stats_utils - [perform_cluster_permutation_test:338] -   Significant Cluster #528: p-value = 0.0430. Mask shape: (801,), Num True points: 1
2025-06-30 14:18:12,583 - INFO - utils.stats_utils - [perform_cluster_permutation_test:338] -   Significant Cluster #530: p-value = 0.0381. Mask shape: (801,), Num True points: 1
2025-06-30 14:18:12,583 - INFO - utils.stats_utils - [perform_cluster_permutation_test:338] -   Significant Cluster #531: p-value = 0.0430. Mask shape: (801,), Num True points: 1
2025-06-30 14:18:12,584 - INFO - utils.stats_utils - [perform_cluster_permutation_test:338] -   Significant Cluster #532: p-value = 0.0381. Mask shape: (801,), Num True points: 1
2025-06-30 14:18:12,584 - INFO - utils.stats_utils - [perform_cluster_permutation_test:338] -   Significant Cluster #533: p-value = 0.0322. Mask shape: (801,), Num True points: 1
2025-06-30 14:18:12,584 - INFO - utils.stats_utils - [perform_cluster_permutation_test:338] -   Significant Cluster #534: p-value = 0.0176. Mask shape: (801,), Num True points: 1
2025-06-30 14:18:12,584 - INFO - utils.stats_utils - [perform_cluster_permutation_test:338] -   Significant Cluster #535: p-value = 0.0195. Mask shape: (801,), Num True points: 1
2025-06-30 14:18:12,585 - INFO - utils.stats_utils - [perform_cluster_permutation_test:338] -   Significant Cluster #536: p-value = 0.0186. Mask shape: (801,), Num True points: 1
2025-06-30 14:18:12,585 - INFO - utils.stats_utils - [perform_cluster_permutation_test:338] -   Significant Cluster #537: p-value = 0.0186. Mask shape: (801,), Num True points: 1
2025-06-30 14:18:12,585 - INFO - utils.stats_utils - [perform_cluster_permutation_test:338] -   Significant Cluster #538: p-value = 0.0205. Mask shape: (801,), Num True points: 1
2025-06-30 14:18:12,585 - INFO - utils.stats_utils - [perform_cluster_permutation_test:338] -   Significant Cluster #539: p-value = 0.0186. Mask shape: (801,), Num True points: 1
2025-06-30 14:18:12,586 - INFO - utils.stats_utils - [perform_cluster_permutation_test:338] -   Significant Cluster #540: p-value = 0.0430. Mask shape: (801,), Num True points: 1
2025-06-30 14:18:12,593 - INFO - examples.run_decoding_one_lg - [execute_single_subject_lg_decoding:344] - Main LG Decoding for TJR7 DONE. Mean Global AUC: 0.772
2025-06-30 14:18:12,594 - INFO - examples.run_decoding_one_lg - [execute_single_subject_lg_decoding:353] -   --- 2. Specific LG Comparisons (e.g. LS/GS vs LS/GD, LD/GS vs LD/GD) for TJR7 ---
2025-06-30 14:18:12,848 - INFO - Baking_EEG._4_decoding_core - [run_temporal_decoding_analysis:68] - --- Temporal Ddcoding Analysis ---
2025-06-30 14:18:12,848 - INFO - Baking_EEG._4_decoding_core - [run_temporal_decoding_analysis:69] - Clf: svc, GS: False, CSP (temporal): False, ANOVA FS (temporal): True
2025-06-30 14:18:12,866 - INFO - base.base_decoding - [_build_standard_classifier_pipeline:57] - Pipeline à hyperparamètres fixes: type='svc', CSP: False, ANOVA FS: True
2025-06-30 14:18:12,866 - INFO - base.base_decoding - [_build_standard_classifier_pipeline:68] - DEBUG: add_csp_step type=bool, value=False, bool()=False
2025-06-30 14:18:12,866 - INFO - base.base_decoding - [_build_standard_classifier_pipeline:91] -    Étape ANOVA FS 'anova_feature_selection' ajoutée (percentile fixe=15).
2025-06-30 14:18:12,867 - INFO - base.base_decoding - [_build_standard_classifier_pipeline:123] - Structure finale du pipeline: ['scaler', 'anova_feature_selection', 'svc_classifier']
2025-06-30 14:18:12,868 - INFO - base.base_decoding - [_build_standard_classifier_pipeline:57] - Pipeline à hyperparamètres fixes: type='svc', CSP: False, ANOVA FS: False
2025-06-30 14:18:12,868 - INFO - base.base_decoding - [_build_standard_classifier_pipeline:68] - DEBUG: add_csp_step type=bool, value=False, bool()=False
2025-06-30 14:18:12,868 - INFO - base.base_decoding - [_build_standard_classifier_pipeline:123] - Structure finale du pipeline: ['scaler', 'svc_classifier']
2025-06-30 14:18:12,868 - INFO - Baking_EEG._4_decoding_core - [run_temporal_decoding_analysis:246] - CV strategy: StratifiedKFold with 10 splits.
2025-06-30 14:18:12,868 - INFO - Baking_EEG._4_decoding_core - [run_temporal_decoding_analysis:258] - Sample weights: Auto-calculated per fold (recommended for StratifiedKFold).
2025-06-30 14:18:12,913 - INFO - Baking_EEG._4_decoding_core - [run_temporal_decoding_analysis:294] - MNE Estimators: Using fold-specific balancing via class_weight='balanced' (if supported by classifier).
2025-06-30 14:18:12,914 - INFO - Baking_EEG._4_decoding_core - [run_temporal_decoding_analysis:310] - Starting 1D temporal decoding (SlidingEstimator)...
2025-06-30 14:19:16,618 - INFO - Baking_EEG._4_decoding_core - [run_temporal_decoding_analysis:338] - 1D temporal decoding done. Peak mean AUC: 0.736
2025-06-30 14:19:16,620 - INFO - Baking_EEG._4_decoding_core - [run_temporal_decoding_analysis:346] - Starting TGM computation (GeneralizingEstimator)...
2025-06-30 16:22:28,587 - INFO - Baking_EEG._4_decoding_core - [run_temporal_decoding_analysis:373] - TGM computation done. Peak mean TGM AUC: 0.744
2025-06-30 16:22:28,589 - INFO - Baking_EEG._4_decoding_core - [run_temporal_decoding_analysis:382] - Starting global decoding (n_jobs_folds=40)...
2025-06-30 16:24:06,418 - INFO - Baking_EEG._4_decoding_core - [run_temporal_decoding_analysis:439] - Global decoding done. Mean CV AUC: 0.686 +/- 0.093
2025-06-30 16:24:06,463 - INFO - Baking_EEG._4_decoding_core - [run_temporal_decoding_analysis:478] -   Overall global metrics (aggregated): {'roc_auc': '0.682', 'accuracy': '0.734', 'precision': '0.483', 'recall': '0.394', 'f1_score': '0.434', 'balanced_accuracy': '0.623'}
2025-06-30 16:24:06,464 - INFO - utils.stats_utils - [perform_pointwise_fdr_correction_on_scores:439] - Performing pointwise wilcoxon with FDR correction. Data shape for test (obs, features if any): (10, 801)
2025-06-30 16:24:06,464 - INFO - utils.stats_utils - [perform_pointwise_fdr_correction_on_scores:443] -   Parameters: chance=0.5, alpha=0.05, test_type='wilcoxon', FDR_method='indep', alternative='greater'
2025-06-30 16:24:08,728 - INFO - utils.stats_utils - [perform_pointwise_fdr_correction_on_scores:714] - FDR correction completed. 311 point(s) found significant (p_fdr < 0.05).
2025-06-30 16:24:08,729 - INFO - utils.stats_utils - [perform_cluster_permutation_test:195] - Executing cluster-based permutation test. Data shape (obs, features...): (10, 801)
2025-06-30 16:24:08,729 - INFO - utils.stats_utils - [perform_cluster_permutation_test:199] -   Parameters: n_permutations=1024, threshold_config={'start': 0.1, 'step': 0.1}, alternative='greater' (MNE tail=1), n_jobs=-1
2025-06-30 16:24:08,729 - INFO - utils.stats_utils - [perform_cluster_permutation_test:210] -   Using MNE's default stat_fun (ttest_1samp_no_p) for permutation test.
2025-06-30 16:24:08,730 - INFO - utils.stats_utils - [perform_cluster_permutation_test:242] -   Input data is 2D (features). MNE will use default temporal connectivity inference if applicable.
stat_fun(H1): min=-5.272350 max=9.009702
Running initial clustering …
Using 90 thresholds from 0.10 to 9.00 for TFCE computation (h_power=2.00, e_power=0.50)
Found 801 clusters
2025-06-30 16:24:14,767 - INFO - utils.stats_utils - [perform_cluster_permutation_test:314] - Cluster permutation test completed. 801 initial clusters found (after processing slices).
2025-06-30 16:24:14,768 - INFO - utils.stats_utils - [perform_cluster_permutation_test:338] -   Significant Cluster #501: p-value = 0.0488. Mask shape: (801,), Num True points: 1
2025-06-30 16:24:14,769 - INFO - utils.stats_utils - [perform_cluster_permutation_test:338] -   Significant Cluster #502: p-value = 0.0303. Mask shape: (801,), Num True points: 1
2025-06-30 16:24:14,769 - INFO - utils.stats_utils - [perform_cluster_permutation_test:338] -   Significant Cluster #503: p-value = 0.0078. Mask shape: (801,), Num True points: 1
2025-06-30 16:24:14,769 - INFO - utils.stats_utils - [perform_cluster_permutation_test:338] -   Significant Cluster #504: p-value = 0.0137. Mask shape: (801,), Num True points: 1
2025-06-30 16:24:14,770 - INFO - utils.stats_utils - [perform_cluster_permutation_test:338] -   Significant Cluster #505: p-value = 0.0117. Mask shape: (801,), Num True points: 1
2025-06-30 16:24:14,770 - INFO - utils.stats_utils - [perform_cluster_permutation_test:338] -   Significant Cluster #506: p-value = 0.0303. Mask shape: (801,), Num True points: 1
2025-06-30 16:24:14,770 - INFO - utils.stats_utils - [perform_cluster_permutation_test:338] -   Significant Cluster #509: p-value = 0.0449. Mask shape: (801,), Num True points: 1
2025-06-30 16:24:14,770 - INFO - utils.stats_utils - [perform_cluster_permutation_test:338] -   Significant Cluster #510: p-value = 0.0146. Mask shape: (801,), Num True points: 1
2025-06-30 16:24:14,771 - INFO - utils.stats_utils - [perform_cluster_permutation_test:338] -   Significant Cluster #511: p-value = 0.0273. Mask shape: (801,), Num True points: 1
2025-06-30 16:24:14,771 - INFO - utils.stats_utils - [perform_cluster_permutation_test:338] -   Significant Cluster #535: p-value = 0.0283. Mask shape: (801,), Num True points: 1
2025-06-30 16:24:14,771 - INFO - utils.stats_utils - [perform_cluster_permutation_test:338] -   Significant Cluster #536: p-value = 0.0400. Mask shape: (801,), Num True points: 1
2025-06-30 16:24:14,771 - INFO - utils.stats_utils - [perform_cluster_permutation_test:338] -   Significant Cluster #558: p-value = 0.0400. Mask shape: (801,), Num True points: 1
2025-06-30 16:24:14,772 - INFO - utils.stats_utils - [perform_cluster_permutation_test:338] -   Significant Cluster #559: p-value = 0.0332. Mask shape: (801,), Num True points: 1
2025-06-30 16:24:14,772 - INFO - utils.stats_utils - [perform_cluster_permutation_test:338] -   Significant Cluster #560: p-value = 0.0254. Mask shape: (801,), Num True points: 1
2025-06-30 16:24:14,772 - INFO - utils.stats_utils - [perform_cluster_permutation_test:338] -   Significant Cluster #561: p-value = 0.0146. Mask shape: (801,), Num True points: 1
2025-06-30 16:24:14,772 - INFO - utils.stats_utils - [perform_cluster_permutation_test:338] -   Significant Cluster #565: p-value = 0.0303. Mask shape: (801,), Num True points: 1
2025-06-30 16:24:14,773 - INFO - utils.stats_utils - [perform_cluster_permutation_test:338] -   Significant Cluster #567: p-value = 0.0488. Mask shape: (801,), Num True points: 1
2025-06-30 16:24:14,773 - INFO - utils.stats_utils - [perform_cluster_permutation_test:338] -   Significant Cluster #608: p-value = 0.0400. Mask shape: (801,), Num True points: 1
2025-06-30 16:24:14,773 - INFO - utils.stats_utils - [perform_cluster_permutation_test:338] -   Significant Cluster #609: p-value = 0.0449. Mask shape: (801,), Num True points: 1
2025-06-30 16:24:14,774 - INFO - utils.stats_utils - [perform_cluster_permutation_test:338] -   Significant Cluster #610: p-value = 0.0146. Mask shape: (801,), Num True points: 1
2025-06-30 16:24:14,774 - INFO - utils.stats_utils - [perform_cluster_permutation_test:338] -   Significant Cluster #611: p-value = 0.0283. Mask shape: (801,), Num True points: 1
2025-06-30 16:24:14,774 - INFO - utils.stats_utils - [perform_cluster_permutation_test:338] -   Significant Cluster #613: p-value = 0.0156. Mask shape: (801,), Num True points: 1
2025-06-30 16:24:14,774 - INFO - utils.stats_utils - [perform_cluster_permutation_test:338] -   Significant Cluster #614: p-value = 0.0371. Mask shape: (801,), Num True points: 1
2025-06-30 16:24:14,775 - INFO - utils.stats_utils - [perform_cluster_permutation_test:338] -   Significant Cluster #615: p-value = 0.0371. Mask shape: (801,), Num True points: 1
2025-06-30 16:24:14,775 - INFO - utils.stats_utils - [perform_cluster_permutation_test:338] -   Significant Cluster #664: p-value = 0.0254. Mask shape: (801,), Num True points: 1
2025-06-30 16:24:14,775 - INFO - utils.stats_utils - [perform_cluster_permutation_test:338] -   Significant Cluster #665: p-value = 0.0078. Mask shape: (801,), Num True points: 1
2025-06-30 16:24:14,775 - INFO - utils.stats_utils - [perform_cluster_permutation_test:338] -   Significant Cluster #666: p-value = 0.0049. Mask shape: (801,), Num True points: 1
2025-06-30 16:24:14,776 - INFO - utils.stats_utils - [perform_cluster_permutation_test:338] -   Significant Cluster #698: p-value = 0.0254. Mask shape: (801,), Num True points: 1
2025-06-30 16:24:14,797 - INFO - utils.stats_utils - [perform_pointwise_fdr_correction_on_scores:439] - Performing pointwise wilcoxon with FDR correction. Data shape for test (obs, features if any): (10, 641601)
2025-06-30 16:24:14,798 - INFO - utils.stats_utils - [perform_pointwise_fdr_correction_on_scores:443] -   Parameters: chance=0.5, alpha=0.05, test_type='wilcoxon', FDR_method='indep', alternative='greater'
2025-06-30 16:54:20,840 - INFO - utils.stats_utils - [perform_pointwise_fdr_correction_on_scores:714] - FDR correction completed. 0 point(s) found significant (p_fdr < 0.05).
2025-06-30 16:54:20,845 - INFO - Baking_EEG._4_decoding_core - [run_temporal_decoding_analysis:544] - Intra-fold Cluster Permutation for TGM is SKIPPED.
2025-06-30 16:54:20,850 - INFO - examples.run_decoding_one_lg - [execute_single_subject_lg_decoding:465] -   Specific LG task 'Local Standard: Global Standard vs Global Deviant' for TJR7: Peak AUC = 0.736
2025-06-30 16:54:21,154 - INFO - Baking_EEG._4_decoding_core - [run_temporal_decoding_analysis:68] - --- Temporal Ddcoding Analysis ---
2025-06-30 16:54:21,155 - INFO - Baking_EEG._4_decoding_core - [run_temporal_decoding_analysis:69] - Clf: svc, GS: False, CSP (temporal): False, ANOVA FS (temporal): True
2025-06-30 16:54:21,158 - INFO - base.base_decoding - [_build_standard_classifier_pipeline:57] - Pipeline à hyperparamètres fixes: type='svc', CSP: False, ANOVA FS: True
2025-06-30 16:54:21,159 - INFO - base.base_decoding - [_build_standard_classifier_pipeline:68] - DEBUG: add_csp_step type=bool, value=False, bool()=False
2025-06-30 16:54:21,159 - INFO - base.base_decoding - [_build_standard_classifier_pipeline:91] -    Étape ANOVA FS 'anova_feature_selection' ajoutée (percentile fixe=15).
2025-06-30 16:54:21,160 - INFO - base.base_decoding - [_build_standard_classifier_pipeline:123] - Structure finale du pipeline: ['scaler', 'anova_feature_selection', 'svc_classifier']
2025-06-30 16:54:21,160 - INFO - base.base_decoding - [_build_standard_classifier_pipeline:57] - Pipeline à hyperparamètres fixes: type='svc', CSP: False, ANOVA FS: False
2025-06-30 16:54:21,160 - INFO - base.base_decoding - [_build_standard_classifier_pipeline:68] - DEBUG: add_csp_step type=bool, value=False, bool()=False
2025-06-30 16:54:21,160 - INFO - base.base_decoding - [_build_standard_classifier_pipeline:123] - Structure finale du pipeline: ['scaler', 'svc_classifier']
2025-06-30 16:54:21,161 - INFO - Baking_EEG._4_decoding_core - [run_temporal_decoding_analysis:246] - CV strategy: StratifiedKFold with 10 splits.
2025-06-30 16:54:21,161 - INFO - Baking_EEG._4_decoding_core - [run_temporal_decoding_analysis:258] - Sample weights: Auto-calculated per fold (recommended for StratifiedKFold).
2025-06-30 16:54:21,210 - INFO - Baking_EEG._4_decoding_core - [run_temporal_decoding_analysis:294] - MNE Estimators: Using fold-specific balancing via class_weight='balanced' (if supported by classifier).
2025-06-30 16:54:21,210 - INFO - Baking_EEG._4_decoding_core - [run_temporal_decoding_analysis:310] - Starting 1D temporal decoding (SlidingEstimator)...
2025-06-30 16:55:38,365 - INFO - Baking_EEG._4_decoding_core - [run_temporal_decoding_analysis:338] - 1D temporal decoding done. Peak mean AUC: 0.733
2025-06-30 16:55:38,367 - INFO - Baking_EEG._4_decoding_core - [run_temporal_decoding_analysis:346] - Starting TGM computation (GeneralizingEstimator)...
2025-06-30 19:00:05,656 - INFO - Baking_EEG._4_decoding_core - [run_temporal_decoding_analysis:373] - TGM computation done. Peak mean TGM AUC: 0.735
2025-06-30 19:00:05,658 - INFO - Baking_EEG._4_decoding_core - [run_temporal_decoding_analysis:382] - Starting global decoding (n_jobs_folds=40)...
2025-06-30 19:02:07,532 - INFO - Baking_EEG._4_decoding_core - [run_temporal_decoding_analysis:439] - Global decoding done. Mean CV AUC: 0.740 +/- 0.124
2025-06-30 19:02:07,578 - INFO - Baking_EEG._4_decoding_core - [run_temporal_decoding_analysis:478] -   Overall global metrics (aggregated): {'roc_auc': '0.727', 'accuracy': '0.848', 'precision': '0.435', 'recall': '0.213', 'f1_score': '0.286', 'balanced_accuracy': '0.583'}
2025-06-30 19:02:07,579 - INFO - utils.stats_utils - [perform_pointwise_fdr_correction_on_scores:439] - Performing pointwise wilcoxon with FDR correction. Data shape for test (obs, features if any): (10, 801)
2025-06-30 19:02:07,579 - INFO - utils.stats_utils - [perform_pointwise_fdr_correction_on_scores:443] -   Parameters: chance=0.5, alpha=0.05, test_type='wilcoxon', FDR_method='indep', alternative='greater'
2025-06-30 19:02:09,867 - INFO - utils.stats_utils - [perform_pointwise_fdr_correction_on_scores:714] - FDR correction completed. 0 point(s) found significant (p_fdr < 0.05).
2025-06-30 19:02:09,868 - INFO - utils.stats_utils - [perform_cluster_permutation_test:195] - Executing cluster-based permutation test. Data shape (obs, features...): (10, 801)
2025-06-30 19:02:09,868 - INFO - utils.stats_utils - [perform_cluster_permutation_test:199] -   Parameters: n_permutations=1024, threshold_config={'start': 0.1, 'step': 0.1}, alternative='greater' (MNE tail=1), n_jobs=-1
2025-06-30 19:02:09,869 - INFO - utils.stats_utils - [perform_cluster_permutation_test:210] -   Using MNE's default stat_fun (ttest_1samp_no_p) for permutation test.
2025-06-30 19:02:09,869 - INFO - utils.stats_utils - [perform_cluster_permutation_test:242] -   Input data is 2D (features). MNE will use default temporal connectivity inference if applicable.
stat_fun(H1): min=-3.723620 max=7.632748
Running initial clustering …
Using 76 thresholds from 0.10 to 7.60 for TFCE computation (h_power=2.00, e_power=0.50)
Found 801 clusters
2025-06-30 19:02:16,039 - INFO - utils.stats_utils - [perform_cluster_permutation_test:314] - Cluster permutation test completed. 801 initial clusters found (after processing slices).
2025-06-30 19:02:16,041 - INFO - utils.stats_utils - [perform_cluster_permutation_test:338] -   Significant Cluster #63: p-value = 0.0088. Mask shape: (801,), Num True points: 1
2025-06-30 19:02:16,071 - INFO - utils.stats_utils - [perform_pointwise_fdr_correction_on_scores:439] - Performing pointwise wilcoxon with FDR correction. Data shape for test (obs, features if any): (10, 641601)
2025-06-30 19:02:16,072 - INFO - utils.stats_utils - [perform_pointwise_fdr_correction_on_scores:443] -   Parameters: chance=0.5, alpha=0.05, test_type='wilcoxon', FDR_method='indep', alternative='greater'
2025-06-30 19:32:59,633 - INFO - utils.stats_utils - [perform_pointwise_fdr_correction_on_scores:714] - FDR correction completed. 0 point(s) found significant (p_fdr < 0.05).
2025-06-30 19:32:59,639 - INFO - Baking_EEG._4_decoding_core - [run_temporal_decoding_analysis:544] - Intra-fold Cluster Permutation for TGM is SKIPPED.
2025-06-30 19:32:59,646 - INFO - examples.run_decoding_one_lg - [execute_single_subject_lg_decoding:465] -   Specific LG task 'Local Deviant: Global Standard vs Global Deviant' for TJR7: Peak AUC = 0.733
2025-06-30 19:33:00,099 - INFO - Baking_EEG._4_decoding_core - [run_temporal_decoding_analysis:68] - --- Temporal Ddcoding Analysis ---
2025-06-30 19:33:00,099 - INFO - Baking_EEG._4_decoding_core - [run_temporal_decoding_analysis:69] - Clf: svc, GS: False, CSP (temporal): False, ANOVA FS (temporal): True
2025-06-30 19:33:00,103 - INFO - base.base_decoding - [_build_standard_classifier_pipeline:57] - Pipeline à hyperparamètres fixes: type='svc', CSP: False, ANOVA FS: True
2025-06-30 19:33:00,103 - INFO - base.base_decoding - [_build_standard_classifier_pipeline:68] - DEBUG: add_csp_step type=bool, value=False, bool()=False
2025-06-30 19:33:00,104 - INFO - base.base_decoding - [_build_standard_classifier_pipeline:91] -    Étape ANOVA FS 'anova_feature_selection' ajoutée (percentile fixe=15).
2025-06-30 19:33:00,104 - INFO - base.base_decoding - [_build_standard_classifier_pipeline:123] - Structure finale du pipeline: ['scaler', 'anova_feature_selection', 'svc_classifier']
2025-06-30 19:33:00,105 - INFO - base.base_decoding - [_build_standard_classifier_pipeline:57] - Pipeline à hyperparamètres fixes: type='svc', CSP: False, ANOVA FS: False
2025-06-30 19:33:00,105 - INFO - base.base_decoding - [_build_standard_classifier_pipeline:68] - DEBUG: add_csp_step type=bool, value=False, bool()=False
2025-06-30 19:33:00,105 - INFO - base.base_decoding - [_build_standard_classifier_pipeline:123] - Structure finale du pipeline: ['scaler', 'svc_classifier']
2025-06-30 19:33:00,107 - INFO - Baking_EEG._4_decoding_core - [run_temporal_decoding_analysis:246] - CV strategy: StratifiedKFold with 10 splits.
2025-06-30 19:33:00,108 - INFO - Baking_EEG._4_decoding_core - [run_temporal_decoding_analysis:258] - Sample weights: Auto-calculated per fold (recommended for StratifiedKFold).
2025-06-30 19:33:00,150 - INFO - Baking_EEG._4_decoding_core - [run_temporal_decoding_analysis:294] - MNE Estimators: Using fold-specific balancing via class_weight='balanced' (if supported by classifier).
2025-06-30 19:33:00,150 - INFO - Baking_EEG._4_decoding_core - [run_temporal_decoding_analysis:310] - Starting 1D temporal decoding (SlidingEstimator)...
2025-06-30 19:35:02,635 - INFO - Baking_EEG._4_decoding_core - [run_temporal_decoding_analysis:338] - 1D temporal decoding done. Peak mean AUC: 0.752
2025-06-30 19:35:02,637 - INFO - Baking_EEG._4_decoding_core - [run_temporal_decoding_analysis:346] - Starting TGM computation (GeneralizingEstimator)...
2025-06-30 21:42:10,768 - INFO - Baking_EEG._4_decoding_core - [run_temporal_decoding_analysis:373] - TGM computation done. Peak mean TGM AUC: 0.753
2025-06-30 21:42:10,770 - INFO - Baking_EEG._4_decoding_core - [run_temporal_decoding_analysis:382] - Starting global decoding (n_jobs_folds=40)...
2025-06-30 21:47:27,033 - INFO - Baking_EEG._4_decoding_core - [run_temporal_decoding_analysis:439] - Global decoding done. Mean CV AUC: 0.766 +/- 0.054
2025-06-30 21:47:27,078 - INFO - Baking_EEG._4_decoding_core - [run_temporal_decoding_analysis:478] -   Overall global metrics (aggregated): {'roc_auc': '0.764', 'accuracy': '0.695', 'precision': '0.717', 'recall': '0.788', 'f1_score': '0.751', 'balanced_accuracy': '0.677'}
2025-06-30 21:47:27,079 - INFO - utils.stats_utils - [perform_pointwise_fdr_correction_on_scores:439] - Performing pointwise wilcoxon with FDR correction. Data shape for test (obs, features if any): (10, 801)
2025-06-30 21:47:27,079 - INFO - utils.stats_utils - [perform_pointwise_fdr_correction_on_scores:443] -   Parameters: chance=0.5, alpha=0.05, test_type='wilcoxon', FDR_method='indep', alternative='greater'
2025-06-30 21:47:29,336 - INFO - utils.stats_utils - [perform_pointwise_fdr_correction_on_scores:714] - FDR correction completed. 169 point(s) found significant (p_fdr < 0.05).
2025-06-30 21:47:29,337 - INFO - utils.stats_utils - [perform_cluster_permutation_test:195] - Executing cluster-based permutation test. Data shape (obs, features...): (10, 801)
2025-06-30 21:47:29,337 - INFO - utils.stats_utils - [perform_cluster_permutation_test:199] -   Parameters: n_permutations=1024, threshold_config={'start': 0.1, 'step': 0.1}, alternative='greater' (MNE tail=1), n_jobs=-1
2025-06-30 21:47:29,338 - INFO - utils.stats_utils - [perform_cluster_permutation_test:210] -   Using MNE's default stat_fun (ttest_1samp_no_p) for permutation test.
2025-06-30 21:47:29,338 - INFO - utils.stats_utils - [perform_cluster_permutation_test:242] -   Input data is 2D (features). MNE will use default temporal connectivity inference if applicable.
stat_fun(H1): min=-6.998108 max=15.773092
Running initial clustering …
Using 157 thresholds from 0.10 to 15.70 for TFCE computation (h_power=2.00, e_power=0.50)
Found 801 clusters
2025-06-30 21:47:38,022 - INFO - utils.stats_utils - [perform_cluster_permutation_test:314] - Cluster permutation test completed. 801 initial clusters found (after processing slices).
2025-06-30 21:47:38,025 - INFO - utils.stats_utils - [perform_cluster_permutation_test:338] -   Significant Cluster #439: p-value = 0.0273. Mask shape: (801,), Num True points: 1
2025-06-30 21:47:38,025 - INFO - utils.stats_utils - [perform_cluster_permutation_test:338] -   Significant Cluster #440: p-value = 0.0039. Mask shape: (801,), Num True points: 1
2025-06-30 21:47:38,025 - INFO - utils.stats_utils - [perform_cluster_permutation_test:338] -   Significant Cluster #441: p-value = 0.0029. Mask shape: (801,), Num True points: 1
2025-06-30 21:47:38,025 - INFO - utils.stats_utils - [perform_cluster_permutation_test:338] -   Significant Cluster #442: p-value = 0.0020. Mask shape: (801,), Num True points: 1
2025-06-30 21:47:38,026 - INFO - utils.stats_utils - [perform_cluster_permutation_test:338] -   Significant Cluster #443: p-value = 0.0020. Mask shape: (801,), Num True points: 1
2025-06-30 21:47:38,026 - INFO - utils.stats_utils - [perform_cluster_permutation_test:338] -   Significant Cluster #444: p-value = 0.0020. Mask shape: (801,), Num True points: 1
2025-06-30 21:47:38,026 - INFO - utils.stats_utils - [perform_cluster_permutation_test:338] -   Significant Cluster #445: p-value = 0.0020. Mask shape: (801,), Num True points: 1
2025-06-30 21:47:38,026 - INFO - utils.stats_utils - [perform_cluster_permutation_test:338] -   Significant Cluster #446: p-value = 0.0029. Mask shape: (801,), Num True points: 1
2025-06-30 21:47:38,027 - INFO - utils.stats_utils - [perform_cluster_permutation_test:338] -   Significant Cluster #447: p-value = 0.0029. Mask shape: (801,), Num True points: 1
2025-06-30 21:47:38,027 - INFO - utils.stats_utils - [perform_cluster_permutation_test:338] -   Significant Cluster #448: p-value = 0.0020. Mask shape: (801,), Num True points: 1
2025-06-30 21:47:38,027 - INFO - utils.stats_utils - [perform_cluster_permutation_test:338] -   Significant Cluster #449: p-value = 0.0020. Mask shape: (801,), Num True points: 1
2025-06-30 21:47:38,027 - INFO - utils.stats_utils - [perform_cluster_permutation_test:338] -   Significant Cluster #450: p-value = 0.0020. Mask shape: (801,), Num True points: 1
2025-06-30 21:47:38,028 - INFO - utils.stats_utils - [perform_cluster_permutation_test:338] -   Significant Cluster #451: p-value = 0.0020. Mask shape: (801,), Num True points: 1
2025-06-30 21:47:38,028 - INFO - utils.stats_utils - [perform_cluster_permutation_test:338] -   Significant Cluster #452: p-value = 0.0020. Mask shape: (801,), Num True points: 1
2025-06-30 21:47:38,028 - INFO - utils.stats_utils - [perform_cluster_permutation_test:338] -   Significant Cluster #453: p-value = 0.0020. Mask shape: (801,), Num True points: 1
2025-06-30 21:47:38,028 - INFO - utils.stats_utils - [perform_cluster_permutation_test:338] -   Significant Cluster #454: p-value = 0.0020. Mask shape: (801,), Num True points: 1
2025-06-30 21:47:38,029 - INFO - utils.stats_utils - [perform_cluster_permutation_test:338] -   Significant Cluster #455: p-value = 0.0020. Mask shape: (801,), Num True points: 1
2025-06-30 21:47:38,029 - INFO - utils.stats_utils - [perform_cluster_permutation_test:338] -   Significant Cluster #456: p-value = 0.0029. Mask shape: (801,), Num True points: 1
2025-06-30 21:47:38,029 - INFO - utils.stats_utils - [perform_cluster_permutation_test:338] -   Significant Cluster #457: p-value = 0.0078. Mask shape: (801,), Num True points: 1
2025-06-30 21:47:38,029 - INFO - utils.stats_utils - [perform_cluster_permutation_test:338] -   Significant Cluster #458: p-value = 0.0059. Mask shape: (801,), Num True points: 1
2025-06-30 21:47:38,030 - INFO - utils.stats_utils - [perform_cluster_permutation_test:338] -   Significant Cluster #459: p-value = 0.0088. Mask shape: (801,), Num True points: 1
2025-06-30 21:47:38,030 - INFO - utils.stats_utils - [perform_cluster_permutation_test:338] -   Significant Cluster #460: p-value = 0.0205. Mask shape: (801,), Num True points: 1
2025-06-30 21:47:38,030 - INFO - utils.stats_utils - [perform_cluster_permutation_test:338] -   Significant Cluster #461: p-value = 0.0156. Mask shape: (801,), Num True points: 1
2025-06-30 21:47:38,030 - INFO - utils.stats_utils - [perform_cluster_permutation_test:338] -   Significant Cluster #462: p-value = 0.0273. Mask shape: (801,), Num True points: 1
2025-06-30 21:47:38,031 - INFO - utils.stats_utils - [perform_cluster_permutation_test:338] -   Significant Cluster #463: p-value = 0.0127. Mask shape: (801,), Num True points: 1
2025-06-30 21:47:38,031 - INFO - utils.stats_utils - [perform_cluster_permutation_test:338] -   Significant Cluster #464: p-value = 0.0244. Mask shape: (801,), Num True points: 1
2025-06-30 21:47:38,031 - INFO - utils.stats_utils - [perform_cluster_permutation_test:338] -   Significant Cluster #466: p-value = 0.0498. Mask shape: (801,), Num True points: 1
2025-06-30 21:47:38,031 - INFO - utils.stats_utils - [perform_cluster_permutation_test:338] -   Significant Cluster #473: p-value = 0.0381. Mask shape: (801,), Num True points: 1
2025-06-30 21:47:38,032 - INFO - utils.stats_utils - [perform_cluster_permutation_test:338] -   Significant Cluster #496: p-value = 0.0273. Mask shape: (801,), Num True points: 1
2025-06-30 21:47:38,032 - INFO - utils.stats_utils - [perform_cluster_permutation_test:338] -   Significant Cluster #497: p-value = 0.0156. Mask shape: (801,), Num True points: 1
2025-06-30 21:47:38,032 - INFO - utils.stats_utils - [perform_cluster_permutation_test:338] -   Significant Cluster #498: p-value = 0.0244. Mask shape: (801,), Num True points: 1
2025-06-30 21:47:38,032 - INFO - utils.stats_utils - [perform_cluster_permutation_test:338] -   Significant Cluster #499: p-value = 0.0322. Mask shape: (801,), Num True points: 1
2025-06-30 21:47:38,033 - INFO - utils.stats_utils - [perform_cluster_permutation_test:338] -   Significant Cluster #500: p-value = 0.0088. Mask shape: (801,), Num True points: 1
2025-06-30 21:47:38,033 - INFO - utils.stats_utils - [perform_cluster_permutation_test:338] -   Significant Cluster #501: p-value = 0.0059. Mask shape: (801,), Num True points: 1
2025-06-30 21:47:38,033 - INFO - utils.stats_utils - [perform_cluster_permutation_test:338] -   Significant Cluster #502: p-value = 0.0322. Mask shape: (801,), Num True points: 1
2025-06-30 21:47:38,033 - INFO - utils.stats_utils - [perform_cluster_permutation_test:338] -   Significant Cluster #503: p-value = 0.0186. Mask shape: (801,), Num True points: 1
2025-06-30 21:47:38,034 - INFO - utils.stats_utils - [perform_cluster_permutation_test:338] -   Significant Cluster #504: p-value = 0.0361. Mask shape: (801,), Num True points: 1
2025-06-30 21:47:38,034 - INFO - utils.stats_utils - [perform_cluster_permutation_test:338] -   Significant Cluster #505: p-value = 0.0361. Mask shape: (801,), Num True points: 1
2025-06-30 21:47:38,034 - INFO - utils.stats_utils - [perform_cluster_permutation_test:338] -   Significant Cluster #518: p-value = 0.0078. Mask shape: (801,), Num True points: 1
2025-06-30 21:47:38,035 - INFO - utils.stats_utils - [perform_cluster_permutation_test:338] -   Significant Cluster #519: p-value = 0.0117. Mask shape: (801,), Num True points: 1
2025-06-30 21:47:38,035 - INFO - utils.stats_utils - [perform_cluster_permutation_test:338] -   Significant Cluster #520: p-value = 0.0117. Mask shape: (801,), Num True points: 1
2025-06-30 21:47:38,035 - INFO - utils.stats_utils - [perform_cluster_permutation_test:338] -   Significant Cluster #521: p-value = 0.0078. Mask shape: (801,), Num True points: 1
2025-06-30 21:47:38,035 - INFO - utils.stats_utils - [perform_cluster_permutation_test:338] -   Significant Cluster #522: p-value = 0.0078. Mask shape: (801,), Num True points: 1
2025-06-30 21:47:38,035 - INFO - utils.stats_utils - [perform_cluster_permutation_test:338] -   Significant Cluster #523: p-value = 0.0059. Mask shape: (801,), Num True points: 1
2025-06-30 21:47:38,036 - INFO - utils.stats_utils - [perform_cluster_permutation_test:338] -   Significant Cluster #524: p-value = 0.0049. Mask shape: (801,), Num True points: 1
2025-06-30 21:47:38,036 - INFO - utils.stats_utils - [perform_cluster_permutation_test:338] -   Significant Cluster #525: p-value = 0.0117. Mask shape: (801,), Num True points: 1
2025-06-30 21:47:38,036 - INFO - utils.stats_utils - [perform_cluster_permutation_test:338] -   Significant Cluster #526: p-value = 0.0273. Mask shape: (801,), Num True points: 1
2025-06-30 21:47:38,036 - INFO - utils.stats_utils - [perform_cluster_permutation_test:338] -   Significant Cluster #527: p-value = 0.0205. Mask shape: (801,), Num True points: 1
2025-06-30 21:47:38,037 - INFO - utils.stats_utils - [perform_cluster_permutation_test:338] -   Significant Cluster #528: p-value = 0.0342. Mask shape: (801,), Num True points: 1
2025-06-30 21:47:38,037 - INFO - utils.stats_utils - [perform_cluster_permutation_test:338] -   Significant Cluster #529: p-value = 0.0156. Mask shape: (801,), Num True points: 1
2025-06-30 21:47:38,037 - INFO - utils.stats_utils - [perform_cluster_permutation_test:338] -   Significant Cluster #530: p-value = 0.0117. Mask shape: (801,), Num True points: 1
2025-06-30 21:47:38,037 - INFO - utils.stats_utils - [perform_cluster_permutation_test:338] -   Significant Cluster #531: p-value = 0.0186. Mask shape: (801,), Num True points: 1
2025-06-30 21:47:38,038 - INFO - utils.stats_utils - [perform_cluster_permutation_test:338] -   Significant Cluster #532: p-value = 0.0293. Mask shape: (801,), Num True points: 1
2025-06-30 21:47:38,038 - INFO - utils.stats_utils - [perform_cluster_permutation_test:338] -   Significant Cluster #537: p-value = 0.0381. Mask shape: (801,), Num True points: 1
2025-06-30 21:47:38,038 - INFO - utils.stats_utils - [perform_cluster_permutation_test:338] -   Significant Cluster #538: p-value = 0.0244. Mask shape: (801,), Num True points: 1
2025-06-30 21:47:38,038 - INFO - utils.stats_utils - [perform_cluster_permutation_test:338] -   Significant Cluster #539: p-value = 0.0088. Mask shape: (801,), Num True points: 1
2025-06-30 21:47:38,039 - INFO - utils.stats_utils - [perform_cluster_permutation_test:338] -   Significant Cluster #540: p-value = 0.0078. Mask shape: (801,), Num True points: 1
2025-06-30 21:47:38,039 - INFO - utils.stats_utils - [perform_cluster_permutation_test:338] -   Significant Cluster #541: p-value = 0.0088. Mask shape: (801,), Num True points: 1
2025-06-30 21:47:38,039 - INFO - utils.stats_utils - [perform_cluster_permutation_test:338] -   Significant Cluster #542: p-value = 0.0186. Mask shape: (801,), Num True points: 1
2025-06-30 21:47:38,039 - INFO - utils.stats_utils - [perform_cluster_permutation_test:338] -   Significant Cluster #544: p-value = 0.0293. Mask shape: (801,), Num True points: 1
2025-06-30 21:47:38,040 - INFO - utils.stats_utils - [perform_cluster_permutation_test:338] -   Significant Cluster #545: p-value = 0.0498. Mask shape: (801,), Num True points: 1
2025-06-30 21:47:38,040 - INFO - utils.stats_utils - [perform_cluster_permutation_test:338] -   Significant Cluster #546: p-value = 0.0342. Mask shape: (801,), Num True points: 1
2025-06-30 21:47:38,040 - INFO - utils.stats_utils - [perform_cluster_permutation_test:338] -   Significant Cluster #547: p-value = 0.0186. Mask shape: (801,), Num True points: 1
2025-06-30 21:47:38,040 - INFO - utils.stats_utils - [perform_cluster_permutation_test:338] -   Significant Cluster #548: p-value = 0.0381. Mask shape: (801,), Num True points: 1
2025-06-30 21:47:38,041 - INFO - utils.stats_utils - [perform_cluster_permutation_test:338] -   Significant Cluster #550: p-value = 0.0273. Mask shape: (801,), Num True points: 1
2025-06-30 21:47:38,041 - INFO - utils.stats_utils - [perform_cluster_permutation_test:338] -   Significant Cluster #551: p-value = 0.0361. Mask shape: (801,), Num True points: 1
2025-06-30 21:47:38,041 - INFO - utils.stats_utils - [perform_cluster_permutation_test:338] -   Significant Cluster #553: p-value = 0.0361. Mask shape: (801,), Num True points: 1
2025-06-30 21:47:38,063 - INFO - utils.stats_utils - [perform_pointwise_fdr_correction_on_scores:439] - Performing pointwise wilcoxon with FDR correction. Data shape for test (obs, features if any): (10, 641601)
2025-06-30 21:47:38,064 - INFO - utils.stats_utils - [perform_pointwise_fdr_correction_on_scores:443] -   Parameters: chance=0.5, alpha=0.05, test_type='wilcoxon', FDR_method='indep', alternative='greater'
2025-06-30 22:17:32,966 - INFO - utils.stats_utils - [perform_pointwise_fdr_correction_on_scores:714] - FDR correction completed. 0 point(s) found significant (p_fdr < 0.05).
2025-06-30 22:17:32,972 - INFO - Baking_EEG._4_decoding_core - [run_temporal_decoding_analysis:544] - Intra-fold Cluster Permutation for TGM is SKIPPED.
2025-06-30 22:17:32,983 - INFO - examples.run_decoding_one_lg - [execute_single_subject_lg_decoding:465] -   Specific LG task 'Global Standard: Local Standard vs Local Deviant' for TJR7: Peak AUC = 0.752
2025-06-30 22:17:33,179 - INFO - Baking_EEG._4_decoding_core - [run_temporal_decoding_analysis:68] - --- Temporal Ddcoding Analysis ---
2025-06-30 22:17:33,179 - INFO - Baking_EEG._4_decoding_core - [run_temporal_decoding_analysis:69] - Clf: svc, GS: False, CSP (temporal): False, ANOVA FS (temporal): True
2025-06-30 22:17:33,186 - INFO - base.base_decoding - [_build_standard_classifier_pipeline:57] - Pipeline à hyperparamètres fixes: type='svc', CSP: False, ANOVA FS: True
2025-06-30 22:17:33,186 - INFO - base.base_decoding - [_build_standard_classifier_pipeline:68] - DEBUG: add_csp_step type=bool, value=False, bool()=False
2025-06-30 22:17:33,187 - INFO - base.base_decoding - [_build_standard_classifier_pipeline:91] -    Étape ANOVA FS 'anova_feature_selection' ajoutée (percentile fixe=15).
2025-06-30 22:17:33,187 - INFO - base.base_decoding - [_build_standard_classifier_pipeline:123] - Structure finale du pipeline: ['scaler', 'anova_feature_selection', 'svc_classifier']
2025-06-30 22:17:33,188 - INFO - base.base_decoding - [_build_standard_classifier_pipeline:57] - Pipeline à hyperparamètres fixes: type='svc', CSP: False, ANOVA FS: False
2025-06-30 22:17:33,188 - INFO - base.base_decoding - [_build_standard_classifier_pipeline:68] - DEBUG: add_csp_step type=bool, value=False, bool()=False
2025-06-30 22:17:33,188 - INFO - base.base_decoding - [_build_standard_classifier_pipeline:123] - Structure finale du pipeline: ['scaler', 'svc_classifier']
2025-06-30 22:17:33,189 - INFO - Baking_EEG._4_decoding_core - [run_temporal_decoding_analysis:246] - CV strategy: StratifiedKFold with 10 splits.
2025-06-30 22:17:33,189 - INFO - Baking_EEG._4_decoding_core - [run_temporal_decoding_analysis:258] - Sample weights: Auto-calculated per fold (recommended for StratifiedKFold).
2025-06-30 22:17:33,234 - INFO - Baking_EEG._4_decoding_core - [run_temporal_decoding_analysis:294] - MNE Estimators: Using fold-specific balancing via class_weight='balanced' (if supported by classifier).
2025-06-30 22:17:33,234 - INFO - Baking_EEG._4_decoding_core - [run_temporal_decoding_analysis:310] - Starting 1D temporal decoding (SlidingEstimator)...
2025-06-30 22:18:11,477 - INFO - Baking_EEG._4_decoding_core - [run_temporal_decoding_analysis:338] - 1D temporal decoding done. Peak mean AUC: 0.781
2025-06-30 22:18:11,478 - INFO - Baking_EEG._4_decoding_core - [run_temporal_decoding_analysis:346] - Starting TGM computation (GeneralizingEstimator)...
2025-07-01 00:18:55,145 - INFO - Baking_EEG._4_decoding_core - [run_temporal_decoding_analysis:373] - TGM computation done. Peak mean TGM AUC: 0.792
2025-07-01 00:18:55,147 - INFO - Baking_EEG._4_decoding_core - [run_temporal_decoding_analysis:382] - Starting global decoding (n_jobs_folds=40)...
2025-07-01 00:19:19,689 - INFO - Baking_EEG._4_decoding_core - [run_temporal_decoding_analysis:439] - Global decoding done. Mean CV AUC: 0.756 +/- 0.104
2025-07-01 00:19:19,737 - INFO - Baking_EEG._4_decoding_core - [run_temporal_decoding_analysis:478] -   Overall global metrics (aggregated): {'roc_auc': '0.740', 'accuracy': '0.720', 'precision': '0.667', 'recall': '0.596', 'f1_score': '0.629', 'balanced_accuracy': '0.699'}
2025-07-01 00:19:19,737 - INFO - utils.stats_utils - [perform_pointwise_fdr_correction_on_scores:439] - Performing pointwise wilcoxon with FDR correction. Data shape for test (obs, features if any): (10, 801)
2025-07-01 00:19:19,738 - INFO - utils.stats_utils - [perform_pointwise_fdr_correction_on_scores:443] -   Parameters: chance=0.5, alpha=0.05, test_type='wilcoxon', FDR_method='indep', alternative='greater'
2025-07-01 00:19:22,032 - INFO - utils.stats_utils - [perform_pointwise_fdr_correction_on_scores:714] - FDR correction completed. 33 point(s) found significant (p_fdr < 0.05).
2025-07-01 00:19:22,032 - INFO - utils.stats_utils - [perform_cluster_permutation_test:195] - Executing cluster-based permutation test. Data shape (obs, features...): (10, 801)
2025-07-01 00:19:22,033 - INFO - utils.stats_utils - [perform_cluster_permutation_test:199] -   Parameters: n_permutations=1024, threshold_config={'start': 0.1, 'step': 0.1}, alternative='greater' (MNE tail=1), n_jobs=-1
2025-07-01 00:19:22,033 - INFO - utils.stats_utils - [perform_cluster_permutation_test:210] -   Using MNE's default stat_fun (ttest_1samp_no_p) for permutation test.
2025-07-01 00:19:22,033 - INFO - utils.stats_utils - [perform_cluster_permutation_test:242] -   Input data is 2D (features). MNE will use default temporal connectivity inference if applicable.
stat_fun(H1): min=-7.189341 max=7.235202
Running initial clustering …
Using 72 thresholds from 0.10 to 7.20 for TFCE computation (h_power=2.00, e_power=0.50)
Found 801 clusters
2025-07-01 00:19:28,423 - INFO - utils.stats_utils - [perform_cluster_permutation_test:314] - Cluster permutation test completed. 801 initial clusters found (after processing slices).
2025-07-01 00:19:28,424 - INFO - utils.stats_utils - [perform_cluster_permutation_test:338] -   Significant Cluster #450: p-value = 0.0264. Mask shape: (801,), Num True points: 1
2025-07-01 00:19:28,425 - INFO - utils.stats_utils - [perform_cluster_permutation_test:338] -   Significant Cluster #476: p-value = 0.0312. Mask shape: (801,), Num True points: 1
2025-07-01 00:19:28,444 - INFO - utils.stats_utils - [perform_pointwise_fdr_correction_on_scores:439] - Performing pointwise wilcoxon with FDR correction. Data shape for test (obs, features if any): (10, 641601)
2025-07-01 00:19:28,444 - INFO - utils.stats_utils - [perform_pointwise_fdr_correction_on_scores:443] -   Parameters: chance=0.5, alpha=0.05, test_type='wilcoxon', FDR_method='indep', alternative='greater'
2025-07-01 00:49:52,685 - INFO - utils.stats_utils - [perform_pointwise_fdr_correction_on_scores:714] - FDR correction completed. 0 point(s) found significant (p_fdr < 0.05).
2025-07-01 00:49:52,691 - INFO - Baking_EEG._4_decoding_core - [run_temporal_decoding_analysis:544] - Intra-fold Cluster Permutation for TGM is SKIPPED.
2025-07-01 00:49:52,697 - INFO - examples.run_decoding_one_lg - [execute_single_subject_lg_decoding:465] -   Specific LG task 'Global Deviant: Local Standard vs Local Deviant' for TJR7: Peak AUC = 0.781
2025-07-01 00:49:52,697 - INFO - examples.run_decoding_one_lg - [execute_single_subject_lg_decoding:480] -   --- Specific LG Comparisons for TJR7 DONE ---
2025-07-01 00:49:52,697 - INFO - examples.run_decoding_one_lg - [execute_single_subject_lg_decoding:487] -   --- 3. Stats on stack of Specific LG Curves for TJR7 ---
2025-07-01 00:49:52,701 - INFO - utils.stats_utils - [perform_pointwise_fdr_correction_on_scores:439] - Performing pointwise wilcoxon with FDR correction. Data shape for test (obs, features if any): (4, 801)
2025-07-01 00:49:52,702 - INFO - utils.stats_utils - [perform_pointwise_fdr_correction_on_scores:443] -   Parameters: chance=0.5, alpha=0.05, test_type='wilcoxon', FDR_method='indep', alternative='greater'
2025-07-01 00:49:54,749 - INFO - utils.stats_utils - [perform_pointwise_fdr_correction_on_scores:714] - FDR correction completed. 0 point(s) found significant (p_fdr < 0.05).
2025-07-01 00:49:54,750 - INFO - utils.stats_utils - [perform_cluster_permutation_test:195] - Executing cluster-based permutation test. Data shape (obs, features...): (4, 801)
2025-07-01 00:49:54,750 - INFO - utils.stats_utils - [perform_cluster_permutation_test:199] -   Parameters: n_permutations=1024, threshold_config={'start': 0.1, 'step': 0.1}, alternative='greater' (MNE tail=1), n_jobs=40
2025-07-01 00:49:54,751 - INFO - utils.stats_utils - [perform_cluster_permutation_test:210] -   Using MNE's default stat_fun (ttest_1samp_no_p) for permutation test.
2025-07-01 00:49:54,751 - INFO - utils.stats_utils - [perform_cluster_permutation_test:242] -   Input data is 2D (features). MNE will use default temporal connectivity inference if applicable.
stat_fun(H1): min=-3.254947 max=18.861299
Running initial clustering …
Using 188 thresholds from 0.10 to 18.80 for TFCE computation (h_power=2.00, e_power=0.50)
Found 801 clusters
2025-07-01 00:50:02,008 - INFO - utils.stats_utils - [perform_cluster_permutation_test:314] - Cluster permutation test completed. 801 initial clusters found (after processing slices).
2025-07-01 00:50:02,010 - INFO - utils.stats_utils - [perform_cluster_permutation_test:344] - No clusters found to be statistically significant (p < 0.05).
2025-07-01 00:50:02,013 - INFO - examples.run_decoding_one_lg - [execute_single_subject_lg_decoding:551] -   --- Stats on stack of Specific LG Curves for TJR7 DONE ---
2025-07-01 00:50:02,017 - INFO - utils.utils - [setup_analysis_results_directory:329] - Created analysis results directory: /home/tom.balay/results/Baking_EEG_results_V12/intra_subject_lg_results/CONTROLS_DELIRIUM_LG_CONTROLS/TJR7_Single_LG_Protocol_Analysis_svc/20250701_005002
2025-07-01 00:50:02,017 - INFO - utils.utils - [setup_analysis_results_directory:337] - Organized by Group: CONTROLS, Protocol: DELIRIUM_LG_CONTROLS
2025-07-01 00:50:03,292 - INFO - examples.run_decoding_one_lg - [execute_single_subject_lg_decoding:619] - LG Results saved for subject TJR7 in /home/tom.balay/results/Baking_EEG_results_V12/intra_subject_lg_results/CONTROLS_DELIRIUM_LG_CONTROLS/TJR7_Single_LG_Protocol_Analysis_svc/20250701_005002
2025-07-01 00:50:03,292 - INFO - utils.vizualization_utils_LG - [create_subject_decoding_dashboard_plots_lg:75] - Creating LG dashboard plots for subject TJR7
2025-07-01 00:50:03,304 - INFO - utils.stats_utils - [perform_pointwise_fdr_correction_on_scores:439] - Performing pointwise wilcoxon with FDR correction. Data shape for test (obs, features if any): (10, 801)
2025-07-01 00:50:03,305 - INFO - utils.stats_utils - [perform_pointwise_fdr_correction_on_scores:443] -   Parameters: chance=0.5, alpha=0.05, test_type='wilcoxon', FDR_method='indep', alternative='greater'
2025-07-01 00:50:05,569 - INFO - utils.stats_utils - [perform_pointwise_fdr_correction_on_scores:714] - FDR correction completed. 311 point(s) found significant (p_fdr < 0.05).
2025-07-01 00:50:05,570 - INFO - utils.stats_utils - [perform_cluster_permutation_test:188] - Adjusting MNE parallelism from requested n_jobs=1 to effective_n_jobs=4 for resource management.
2025-07-01 00:50:05,570 - INFO - utils.stats_utils - [perform_cluster_permutation_test:195] - Executing cluster-based permutation test. Data shape (obs, features...): (10, 801)
2025-07-01 00:50:05,570 - INFO - utils.stats_utils - [perform_cluster_permutation_test:199] -   Parameters: n_permutations=1024, threshold_config={'start': 0.1, 'step': 0.1}, alternative='greater' (MNE tail=1), n_jobs=4
2025-07-01 00:50:05,570 - INFO - utils.stats_utils - [perform_cluster_permutation_test:210] -   Using MNE's default stat_fun (ttest_1samp_no_p) for permutation test.
2025-07-01 00:50:05,570 - INFO - utils.stats_utils - [perform_cluster_permutation_test:242] -   Input data is 2D (features). MNE will use default temporal connectivity inference if applicable.
stat_fun(H1): min=-5.272350 max=9.009702
Running initial clustering …
Using 90 thresholds from 0.10 to 9.00 for TFCE computation (h_power=2.00, e_power=0.50)
Found 801 clusters
2025-07-01 00:50:24,249 - INFO - utils.stats_utils - [perform_cluster_permutation_test:314] - Cluster permutation test completed. 801 initial clusters found (after processing slices).
2025-07-01 00:50:24,250 - INFO - utils.stats_utils - [perform_cluster_permutation_test:338] -   Significant Cluster #501: p-value = 0.0488. Mask shape: (801,), Num True points: 1
2025-07-01 00:50:24,251 - INFO - utils.stats_utils - [perform_cluster_permutation_test:338] -   Significant Cluster #502: p-value = 0.0303. Mask shape: (801,), Num True points: 1
2025-07-01 00:50:24,251 - INFO - utils.stats_utils - [perform_cluster_permutation_test:338] -   Significant Cluster #503: p-value = 0.0078. Mask shape: (801,), Num True points: 1
2025-07-01 00:50:24,251 - INFO - utils.stats_utils - [perform_cluster_permutation_test:338] -   Significant Cluster #504: p-value = 0.0137. Mask shape: (801,), Num True points: 1
2025-07-01 00:50:24,251 - INFO - utils.stats_utils - [perform_cluster_permutation_test:338] -   Significant Cluster #505: p-value = 0.0117. Mask shape: (801,), Num True points: 1
2025-07-01 00:50:24,252 - INFO - utils.stats_utils - [perform_cluster_permutation_test:338] -   Significant Cluster #506: p-value = 0.0303. Mask shape: (801,), Num True points: 1
2025-07-01 00:50:24,252 - INFO - utils.stats_utils - [perform_cluster_permutation_test:338] -   Significant Cluster #509: p-value = 0.0449. Mask shape: (801,), Num True points: 1
2025-07-01 00:50:24,252 - INFO - utils.stats_utils - [perform_cluster_permutation_test:338] -   Significant Cluster #510: p-value = 0.0146. Mask shape: (801,), Num True points: 1
2025-07-01 00:50:24,252 - INFO - utils.stats_utils - [perform_cluster_permutation_test:338] -   Significant Cluster #511: p-value = 0.0273. Mask shape: (801,), Num True points: 1
2025-07-01 00:50:24,253 - INFO - utils.stats_utils - [perform_cluster_permutation_test:338] -   Significant Cluster #535: p-value = 0.0283. Mask shape: (801,), Num True points: 1
2025-07-01 00:50:24,253 - INFO - utils.stats_utils - [perform_cluster_permutation_test:338] -   Significant Cluster #536: p-value = 0.0400. Mask shape: (801,), Num True points: 1
2025-07-01 00:50:24,253 - INFO - utils.stats_utils - [perform_cluster_permutation_test:338] -   Significant Cluster #558: p-value = 0.0400. Mask shape: (801,), Num True points: 1
2025-07-01 00:50:24,254 - INFO - utils.stats_utils - [perform_cluster_permutation_test:338] -   Significant Cluster #559: p-value = 0.0332. Mask shape: (801,), Num True points: 1
2025-07-01 00:50:24,254 - INFO - utils.stats_utils - [perform_cluster_permutation_test:338] -   Significant Cluster #560: p-value = 0.0254. Mask shape: (801,), Num True points: 1
2025-07-01 00:50:24,254 - INFO - utils.stats_utils - [perform_cluster_permutation_test:338] -   Significant Cluster #561: p-value = 0.0146. Mask shape: (801,), Num True points: 1
2025-07-01 00:50:24,254 - INFO - utils.stats_utils - [perform_cluster_permutation_test:338] -   Significant Cluster #565: p-value = 0.0303. Mask shape: (801,), Num True points: 1
2025-07-01 00:50:24,255 - INFO - utils.stats_utils - [perform_cluster_permutation_test:338] -   Significant Cluster #567: p-value = 0.0488. Mask shape: (801,), Num True points: 1
2025-07-01 00:50:24,255 - INFO - utils.stats_utils - [perform_cluster_permutation_test:338] -   Significant Cluster #608: p-value = 0.0400. Mask shape: (801,), Num True points: 1
2025-07-01 00:50:24,255 - INFO - utils.stats_utils - [perform_cluster_permutation_test:338] -   Significant Cluster #609: p-value = 0.0449. Mask shape: (801,), Num True points: 1
2025-07-01 00:50:24,255 - INFO - utils.stats_utils - [perform_cluster_permutation_test:338] -   Significant Cluster #610: p-value = 0.0146. Mask shape: (801,), Num True points: 1
2025-07-01 00:50:24,256 - INFO - utils.stats_utils - [perform_cluster_permutation_test:338] -   Significant Cluster #611: p-value = 0.0283. Mask shape: (801,), Num True points: 1
2025-07-01 00:50:24,256 - INFO - utils.stats_utils - [perform_cluster_permutation_test:338] -   Significant Cluster #613: p-value = 0.0156. Mask shape: (801,), Num True points: 1
2025-07-01 00:50:24,256 - INFO - utils.stats_utils - [perform_cluster_permutation_test:338] -   Significant Cluster #614: p-value = 0.0371. Mask shape: (801,), Num True points: 1
2025-07-01 00:50:24,256 - INFO - utils.stats_utils - [perform_cluster_permutation_test:338] -   Significant Cluster #615: p-value = 0.0371. Mask shape: (801,), Num True points: 1
2025-07-01 00:50:24,257 - INFO - utils.stats_utils - [perform_cluster_permutation_test:338] -   Significant Cluster #664: p-value = 0.0254. Mask shape: (801,), Num True points: 1
2025-07-01 00:50:24,257 - INFO - utils.stats_utils - [perform_cluster_permutation_test:338] -   Significant Cluster #665: p-value = 0.0078. Mask shape: (801,), Num True points: 1
2025-07-01 00:50:24,257 - INFO - utils.stats_utils - [perform_cluster_permutation_test:338] -   Significant Cluster #666: p-value = 0.0049. Mask shape: (801,), Num True points: 1
2025-07-01 00:50:24,257 - INFO - utils.stats_utils - [perform_cluster_permutation_test:338] -   Significant Cluster #698: p-value = 0.0254. Mask shape: (801,), Num True points: 1
2025-07-01 00:50:24,261 - INFO - utils.stats_utils - [perform_pointwise_fdr_correction_on_scores:439] - Performing pointwise wilcoxon with FDR correction. Data shape for test (obs, features if any): (10, 801)
2025-07-01 00:50:24,261 - INFO - utils.stats_utils - [perform_pointwise_fdr_correction_on_scores:443] -   Parameters: chance=0.5, alpha=0.05, test_type='wilcoxon', FDR_method='indep', alternative='greater'
2025-07-01 00:50:26,568 - INFO - utils.stats_utils - [perform_pointwise_fdr_correction_on_scores:714] - FDR correction completed. 0 point(s) found significant (p_fdr < 0.05).
2025-07-01 00:50:26,570 - INFO - utils.stats_utils - [perform_cluster_permutation_test:188] - Adjusting MNE parallelism from requested n_jobs=1 to effective_n_jobs=4 for resource management.
2025-07-01 00:50:26,570 - INFO - utils.stats_utils - [perform_cluster_permutation_test:195] - Executing cluster-based permutation test. Data shape (obs, features...): (10, 801)
2025-07-01 00:50:26,570 - INFO - utils.stats_utils - [perform_cluster_permutation_test:199] -   Parameters: n_permutations=1024, threshold_config={'start': 0.1, 'step': 0.1}, alternative='greater' (MNE tail=1), n_jobs=4
2025-07-01 00:50:26,570 - INFO - utils.stats_utils - [perform_cluster_permutation_test:210] -   Using MNE's default stat_fun (ttest_1samp_no_p) for permutation test.
2025-07-01 00:50:26,571 - INFO - utils.stats_utils - [perform_cluster_permutation_test:242] -   Input data is 2D (features). MNE will use default temporal connectivity inference if applicable.
stat_fun(H1): min=-3.723620 max=7.632748
Running initial clustering …
Using 76 thresholds from 0.10 to 7.60 for TFCE computation (h_power=2.00, e_power=0.50)
Found 801 clusters
2025-07-01 00:50:41,474 - INFO - utils.stats_utils - [perform_cluster_permutation_test:314] - Cluster permutation test completed. 801 initial clusters found (after processing slices).
2025-07-01 00:50:41,475 - INFO - utils.stats_utils - [perform_cluster_permutation_test:338] -   Significant Cluster #63: p-value = 0.0088. Mask shape: (801,), Num True points: 1
2025-07-01 00:50:41,479 - INFO - utils.stats_utils - [perform_pointwise_fdr_correction_on_scores:439] - Performing pointwise wilcoxon with FDR correction. Data shape for test (obs, features if any): (10, 801)
2025-07-01 00:50:41,479 - INFO - utils.stats_utils - [perform_pointwise_fdr_correction_on_scores:443] -   Parameters: chance=0.5, alpha=0.05, test_type='wilcoxon', FDR_method='indep', alternative='greater'
2025-07-01 00:50:43,749 - INFO - utils.stats_utils - [perform_pointwise_fdr_correction_on_scores:714] - FDR correction completed. 169 point(s) found significant (p_fdr < 0.05).
2025-07-01 00:50:43,750 - INFO - utils.stats_utils - [perform_cluster_permutation_test:188] - Adjusting MNE parallelism from requested n_jobs=1 to effective_n_jobs=4 for resource management.
2025-07-01 00:50:43,750 - INFO - utils.stats_utils - [perform_cluster_permutation_test:195] - Executing cluster-based permutation test. Data shape (obs, features...): (10, 801)
2025-07-01 00:50:43,750 - INFO - utils.stats_utils - [perform_cluster_permutation_test:199] -   Parameters: n_permutations=1024, threshold_config={'start': 0.1, 'step': 0.1}, alternative='greater' (MNE tail=1), n_jobs=4
2025-07-01 00:50:43,751 - INFO - utils.stats_utils - [perform_cluster_permutation_test:210] -   Using MNE's default stat_fun (ttest_1samp_no_p) for permutation test.
2025-07-01 00:50:43,751 - INFO - utils.stats_utils - [perform_cluster_permutation_test:242] -   Input data is 2D (features). MNE will use default temporal connectivity inference if applicable.
stat_fun(H1): min=-6.998108 max=15.773092
Running initial clustering …
Using 157 thresholds from 0.10 to 15.70 for TFCE computation (h_power=2.00, e_power=0.50)
Found 801 clusters
2025-07-01 00:50:56,527 - INFO - utils.stats_utils - [perform_cluster_permutation_test:314] - Cluster permutation test completed. 801 initial clusters found (after processing slices).
2025-07-01 00:50:56,528 - INFO - utils.stats_utils - [perform_cluster_permutation_test:338] -   Significant Cluster #439: p-value = 0.0273. Mask shape: (801,), Num True points: 1
2025-07-01 00:50:56,529 - INFO - utils.stats_utils - [perform_cluster_permutation_test:338] -   Significant Cluster #440: p-value = 0.0039. Mask shape: (801,), Num True points: 1
2025-07-01 00:50:56,529 - INFO - utils.stats_utils - [perform_cluster_permutation_test:338] -   Significant Cluster #441: p-value = 0.0029. Mask shape: (801,), Num True points: 1
2025-07-01 00:50:56,529 - INFO - utils.stats_utils - [perform_cluster_permutation_test:338] -   Significant Cluster #442: p-value = 0.0020. Mask shape: (801,), Num True points: 1
2025-07-01 00:50:56,529 - INFO - utils.stats_utils - [perform_cluster_permutation_test:338] -   Significant Cluster #443: p-value = 0.0020. Mask shape: (801,), Num True points: 1
2025-07-01 00:50:56,530 - INFO - utils.stats_utils - [perform_cluster_permutation_test:338] -   Significant Cluster #444: p-value = 0.0020. Mask shape: (801,), Num True points: 1
2025-07-01 00:50:56,530 - INFO - utils.stats_utils - [perform_cluster_permutation_test:338] -   Significant Cluster #445: p-value = 0.0020. Mask shape: (801,), Num True points: 1
2025-07-01 00:50:56,530 - INFO - utils.stats_utils - [perform_cluster_permutation_test:338] -   Significant Cluster #446: p-value = 0.0029. Mask shape: (801,), Num True points: 1
2025-07-01 00:50:56,530 - INFO - utils.stats_utils - [perform_cluster_permutation_test:338] -   Significant Cluster #447: p-value = 0.0029. Mask shape: (801,), Num True points: 1
2025-07-01 00:50:56,531 - INFO - utils.stats_utils - [perform_cluster_permutation_test:338] -   Significant Cluster #448: p-value = 0.0020. Mask shape: (801,), Num True points: 1
2025-07-01 00:50:56,531 - INFO - utils.stats_utils - [perform_cluster_permutation_test:338] -   Significant Cluster #449: p-value = 0.0020. Mask shape: (801,), Num True points: 1
2025-07-01 00:50:56,531 - INFO - utils.stats_utils - [perform_cluster_permutation_test:338] -   Significant Cluster #450: p-value = 0.0020. Mask shape: (801,), Num True points: 1
2025-07-01 00:50:56,531 - INFO - utils.stats_utils - [perform_cluster_permutation_test:338] -   Significant Cluster #451: p-value = 0.0020. Mask shape: (801,), Num True points: 1
2025-07-01 00:50:56,532 - INFO - utils.stats_utils - [perform_cluster_permutation_test:338] -   Significant Cluster #452: p-value = 0.0020. Mask shape: (801,), Num True points: 1
2025-07-01 00:50:56,532 - INFO - utils.stats_utils - [perform_cluster_permutation_test:338] -   Significant Cluster #453: p-value = 0.0020. Mask shape: (801,), Num True points: 1
2025-07-01 00:50:56,532 - INFO - utils.stats_utils - [perform_cluster_permutation_test:338] -   Significant Cluster #454: p-value = 0.0020. Mask shape: (801,), Num True points: 1
2025-07-01 00:50:56,532 - INFO - utils.stats_utils - [perform_cluster_permutation_test:338] -   Significant Cluster #455: p-value = 0.0020. Mask shape: (801,), Num True points: 1
2025-07-01 00:50:56,533 - INFO - utils.stats_utils - [perform_cluster_permutation_test:338] -   Significant Cluster #456: p-value = 0.0029. Mask shape: (801,), Num True points: 1
2025-07-01 00:50:56,533 - INFO - utils.stats_utils - [perform_cluster_permutation_test:338] -   Significant Cluster #457: p-value = 0.0078. Mask shape: (801,), Num True points: 1
2025-07-01 00:50:56,533 - INFO - utils.stats_utils - [perform_cluster_permutation_test:338] -   Significant Cluster #458: p-value = 0.0059. Mask shape: (801,), Num True points: 1
2025-07-01 00:50:56,533 - INFO - utils.stats_utils - [perform_cluster_permutation_test:338] -   Significant Cluster #459: p-value = 0.0088. Mask shape: (801,), Num True points: 1
2025-07-01 00:50:56,534 - INFO - utils.stats_utils - [perform_cluster_permutation_test:338] -   Significant Cluster #460: p-value = 0.0205. Mask shape: (801,), Num True points: 1
2025-07-01 00:50:56,534 - INFO - utils.stats_utils - [perform_cluster_permutation_test:338] -   Significant Cluster #461: p-value = 0.0156. Mask shape: (801,), Num True points: 1
2025-07-01 00:50:56,534 - INFO - utils.stats_utils - [perform_cluster_permutation_test:338] -   Significant Cluster #462: p-value = 0.0273. Mask shape: (801,), Num True points: 1
2025-07-01 00:50:56,534 - INFO - utils.stats_utils - [perform_cluster_permutation_test:338] -   Significant Cluster #463: p-value = 0.0127. Mask shape: (801,), Num True points: 1
2025-07-01 00:50:56,535 - INFO - utils.stats_utils - [perform_cluster_permutation_test:338] -   Significant Cluster #464: p-value = 0.0244. Mask shape: (801,), Num True points: 1
2025-07-01 00:50:56,535 - INFO - utils.stats_utils - [perform_cluster_permutation_test:338] -   Significant Cluster #466: p-value = 0.0498. Mask shape: (801,), Num True points: 1
2025-07-01 00:50:56,535 - INFO - utils.stats_utils - [perform_cluster_permutation_test:338] -   Significant Cluster #473: p-value = 0.0381. Mask shape: (801,), Num True points: 1
2025-07-01 00:50:56,535 - INFO - utils.stats_utils - [perform_cluster_permutation_test:338] -   Significant Cluster #496: p-value = 0.0273. Mask shape: (801,), Num True points: 1
2025-07-01 00:50:56,536 - INFO - utils.stats_utils - [perform_cluster_permutation_test:338] -   Significant Cluster #497: p-value = 0.0156. Mask shape: (801,), Num True points: 1
2025-07-01 00:50:56,536 - INFO - utils.stats_utils - [perform_cluster_permutation_test:338] -   Significant Cluster #498: p-value = 0.0244. Mask shape: (801,), Num True points: 1
2025-07-01 00:50:56,536 - INFO - utils.stats_utils - [perform_cluster_permutation_test:338] -   Significant Cluster #499: p-value = 0.0322. Mask shape: (801,), Num True points: 1
2025-07-01 00:50:56,536 - INFO - utils.stats_utils - [perform_cluster_permutation_test:338] -   Significant Cluster #500: p-value = 0.0088. Mask shape: (801,), Num True points: 1
2025-07-01 00:50:56,537 - INFO - utils.stats_utils - [perform_cluster_permutation_test:338] -   Significant Cluster #501: p-value = 0.0059. Mask shape: (801,), Num True points: 1
2025-07-01 00:50:56,537 - INFO - utils.stats_utils - [perform_cluster_permutation_test:338] -   Significant Cluster #502: p-value = 0.0322. Mask shape: (801,), Num True points: 1
2025-07-01 00:50:56,537 - INFO - utils.stats_utils - [perform_cluster_permutation_test:338] -   Significant Cluster #503: p-value = 0.0186. Mask shape: (801,), Num True points: 1
2025-07-01 00:50:56,537 - INFO - utils.stats_utils - [perform_cluster_permutation_test:338] -   Significant Cluster #504: p-value = 0.0361. Mask shape: (801,), Num True points: 1
2025-07-01 00:50:56,538 - INFO - utils.stats_utils - [perform_cluster_permutation_test:338] -   Significant Cluster #505: p-value = 0.0361. Mask shape: (801,), Num True points: 1
2025-07-01 00:50:56,538 - INFO - utils.stats_utils - [perform_cluster_permutation_test:338] -   Significant Cluster #518: p-value = 0.0078. Mask shape: (801,), Num True points: 1
2025-07-01 00:50:56,538 - INFO - utils.stats_utils - [perform_cluster_permutation_test:338] -   Significant Cluster #519: p-value = 0.0117. Mask shape: (801,), Num True points: 1
2025-07-01 00:50:56,538 - INFO - utils.stats_utils - [perform_cluster_permutation_test:338] -   Significant Cluster #520: p-value = 0.0117. Mask shape: (801,), Num True points: 1
2025-07-01 00:50:56,539 - INFO - utils.stats_utils - [perform_cluster_permutation_test:338] -   Significant Cluster #521: p-value = 0.0078. Mask shape: (801,), Num True points: 1
2025-07-01 00:50:56,539 - INFO - utils.stats_utils - [perform_cluster_permutation_test:338] -   Significant Cluster #522: p-value = 0.0078. Mask shape: (801,), Num True points: 1
2025-07-01 00:50:56,539 - INFO - utils.stats_utils - [perform_cluster_permutation_test:338] -   Significant Cluster #523: p-value = 0.0059. Mask shape: (801,), Num True points: 1
2025-07-01 00:50:56,539 - INFO - utils.stats_utils - [perform_cluster_permutation_test:338] -   Significant Cluster #524: p-value = 0.0049. Mask shape: (801,), Num True points: 1
2025-07-01 00:50:56,540 - INFO - utils.stats_utils - [perform_cluster_permutation_test:338] -   Significant Cluster #525: p-value = 0.0117. Mask shape: (801,), Num True points: 1
2025-07-01 00:50:56,540 - INFO - utils.stats_utils - [perform_cluster_permutation_test:338] -   Significant Cluster #526: p-value = 0.0273. Mask shape: (801,), Num True points: 1
2025-07-01 00:50:56,540 - INFO - utils.stats_utils - [perform_cluster_permutation_test:338] -   Significant Cluster #527: p-value = 0.0205. Mask shape: (801,), Num True points: 1
2025-07-01 00:50:56,540 - INFO - utils.stats_utils - [perform_cluster_permutation_test:338] -   Significant Cluster #528: p-value = 0.0342. Mask shape: (801,), Num True points: 1
2025-07-01 00:50:56,541 - INFO - utils.stats_utils - [perform_cluster_permutation_test:338] -   Significant Cluster #529: p-value = 0.0156. Mask shape: (801,), Num True points: 1
2025-07-01 00:50:56,541 - INFO - utils.stats_utils - [perform_cluster_permutation_test:338] -   Significant Cluster #530: p-value = 0.0117. Mask shape: (801,), Num True points: 1
2025-07-01 00:50:56,541 - INFO - utils.stats_utils - [perform_cluster_permutation_test:338] -   Significant Cluster #531: p-value = 0.0186. Mask shape: (801,), Num True points: 1
2025-07-01 00:50:56,541 - INFO - utils.stats_utils - [perform_cluster_permutation_test:338] -   Significant Cluster #532: p-value = 0.0293. Mask shape: (801,), Num True points: 1
2025-07-01 00:50:56,542 - INFO - utils.stats_utils - [perform_cluster_permutation_test:338] -   Significant Cluster #537: p-value = 0.0381. Mask shape: (801,), Num True points: 1
2025-07-01 00:50:56,542 - INFO - utils.stats_utils - [perform_cluster_permutation_test:338] -   Significant Cluster #538: p-value = 0.0244. Mask shape: (801,), Num True points: 1
2025-07-01 00:50:56,542 - INFO - utils.stats_utils - [perform_cluster_permutation_test:338] -   Significant Cluster #539: p-value = 0.0088. Mask shape: (801,), Num True points: 1
2025-07-01 00:50:56,542 - INFO - utils.stats_utils - [perform_cluster_permutation_test:338] -   Significant Cluster #540: p-value = 0.0078. Mask shape: (801,), Num True points: 1
2025-07-01 00:50:56,543 - INFO - utils.stats_utils - [perform_cluster_permutation_test:338] -   Significant Cluster #541: p-value = 0.0088. Mask shape: (801,), Num True points: 1
2025-07-01 00:50:56,543 - INFO - utils.stats_utils - [perform_cluster_permutation_test:338] -   Significant Cluster #542: p-value = 0.0186. Mask shape: (801,), Num True points: 1
2025-07-01 00:50:56,543 - INFO - utils.stats_utils - [perform_cluster_permutation_test:338] -   Significant Cluster #544: p-value = 0.0293. Mask shape: (801,), Num True points: 1
2025-07-01 00:50:56,543 - INFO - utils.stats_utils - [perform_cluster_permutation_test:338] -   Significant Cluster #545: p-value = 0.0498. Mask shape: (801,), Num True points: 1
2025-07-01 00:50:56,544 - INFO - utils.stats_utils - [perform_cluster_permutation_test:338] -   Significant Cluster #546: p-value = 0.0342. Mask shape: (801,), Num True points: 1
2025-07-01 00:50:56,544 - INFO - utils.stats_utils - [perform_cluster_permutation_test:338] -   Significant Cluster #547: p-value = 0.0186. Mask shape: (801,), Num True points: 1
2025-07-01 00:50:56,544 - INFO - utils.stats_utils - [perform_cluster_permutation_test:338] -   Significant Cluster #548: p-value = 0.0381. Mask shape: (801,), Num True points: 1
2025-07-01 00:50:56,544 - INFO - utils.stats_utils - [perform_cluster_permutation_test:338] -   Significant Cluster #550: p-value = 0.0273. Mask shape: (801,), Num True points: 1
2025-07-01 00:50:56,545 - INFO - utils.stats_utils - [perform_cluster_permutation_test:338] -   Significant Cluster #551: p-value = 0.0361. Mask shape: (801,), Num True points: 1
2025-07-01 00:50:56,545 - INFO - utils.stats_utils - [perform_cluster_permutation_test:338] -   Significant Cluster #553: p-value = 0.0361. Mask shape: (801,), Num True points: 1
2025-07-01 00:50:56,549 - INFO - utils.stats_utils - [perform_pointwise_fdr_correction_on_scores:439] - Performing pointwise wilcoxon with FDR correction. Data shape for test (obs, features if any): (10, 801)
2025-07-01 00:50:56,549 - INFO - utils.stats_utils - [perform_pointwise_fdr_correction_on_scores:443] -   Parameters: chance=0.5, alpha=0.05, test_type='wilcoxon', FDR_method='indep', alternative='greater'
2025-07-01 00:50:58,842 - INFO - utils.stats_utils - [perform_pointwise_fdr_correction_on_scores:714] - FDR correction completed. 33 point(s) found significant (p_fdr < 0.05).
2025-07-01 00:50:58,843 - INFO - utils.stats_utils - [perform_cluster_permutation_test:188] - Adjusting MNE parallelism from requested n_jobs=1 to effective_n_jobs=4 for resource management.
2025-07-01 00:50:58,843 - INFO - utils.stats_utils - [perform_cluster_permutation_test:195] - Executing cluster-based permutation test. Data shape (obs, features...): (10, 801)
2025-07-01 00:50:58,844 - INFO - utils.stats_utils - [perform_cluster_permutation_test:199] -   Parameters: n_permutations=1024, threshold_config={'start': 0.1, 'step': 0.1}, alternative='greater' (MNE tail=1), n_jobs=4
2025-07-01 00:50:58,844 - INFO - utils.stats_utils - [perform_cluster_permutation_test:210] -   Using MNE's default stat_fun (ttest_1samp_no_p) for permutation test.
2025-07-01 00:50:58,844 - INFO - utils.stats_utils - [perform_cluster_permutation_test:242] -   Input data is 2D (features). MNE will use default temporal connectivity inference if applicable.
stat_fun(H1): min=-7.189341 max=7.235202
Running initial clustering …
Using 72 thresholds from 0.10 to 7.20 for TFCE computation (h_power=2.00, e_power=0.50)
Found 801 clusters
2025-07-01 00:51:13,614 - INFO - utils.stats_utils - [perform_cluster_permutation_test:314] - Cluster permutation test completed. 801 initial clusters found (after processing slices).
2025-07-01 00:51:13,615 - INFO - utils.stats_utils - [perform_cluster_permutation_test:338] -   Significant Cluster #450: p-value = 0.0264. Mask shape: (801,), Num True points: 1
2025-07-01 00:51:13,616 - INFO - utils.stats_utils - [perform_cluster_permutation_test:338] -   Significant Cluster #476: p-value = 0.0312. Mask shape: (801,), Num True points: 1
2025-07-01 00:51:18,598 - INFO - utils.vizualization_utils_LG - [_create_lg_comparison_page:247] - LG comparison plot saved to: /home/tom.balay/results/Baking_EEG_results_V12/intra_subject_lg_results/CONTROLS_DELIRIUM_LG_CONTROLS/TJR7_Single_LG_Protocol_Analysis_svc/20250701_005002/lg_LD_ALL_vs_LS_ALL_TJR7_CONTROLS_DELIRIUM_svc.png
2025-07-01 00:51:22,933 - INFO - utils.vizualization_utils_LG - [_create_lg_comparison_page:247] - LG comparison plot saved to: /home/tom.balay/results/Baking_EEG_results_V12/intra_subject_lg_results/CONTROLS_DELIRIUM_LG_CONTROLS/TJR7_Single_LG_Protocol_Analysis_svc/20250701_005002/lg_GD_ALL_vs_GS_ALL_TJR7_CONTROLS_DELIRIUM_svc.png
2025-07-01 00:51:26,657 - INFO - utils.vizualization_utils_LG - [_create_lg_comparison_page:247] - LG comparison plot saved to: /home/tom.balay/results/Baking_EEG_results_V12/intra_subject_lg_results/CONTROLS_DELIRIUM_LG_CONTROLS/TJR7_Single_LG_Protocol_Analysis_svc/20250701_005002/lg_LSGS_vs_LSGD_TJR7_CONTROLS_DELIRIUM_svc.png
2025-07-01 00:51:31,061 - INFO - utils.vizualization_utils_LG - [_create_lg_comparison_page:247] - LG comparison plot saved to: /home/tom.balay/results/Baking_EEG_results_V12/intra_subject_lg_results/CONTROLS_DELIRIUM_LG_CONTROLS/TJR7_Single_LG_Protocol_Analysis_svc/20250701_005002/lg_LDGS_vs_LDGD_TJR7_CONTROLS_DELIRIUM_svc.png
2025-07-01 00:51:34,814 - INFO - utils.vizualization_utils_LG - [_create_lg_comparison_page:247] - LG comparison plot saved to: /home/tom.balay/results/Baking_EEG_results_V12/intra_subject_lg_results/CONTROLS_DELIRIUM_LG_CONTROLS/TJR7_Single_LG_Protocol_Analysis_svc/20250701_005002/lg_LSGS_vs_LDGS_TJR7_CONTROLS_DELIRIUM_svc.png
2025-07-01 00:51:38,775 - INFO - utils.vizualization_utils_LG - [_create_lg_comparison_page:247] - LG comparison plot saved to: /home/tom.balay/results/Baking_EEG_results_V12/intra_subject_lg_results/CONTROLS_DELIRIUM_LG_CONTROLS/TJR7_Single_LG_Protocol_Analysis_svc/20250701_005002/lg_LSGD_vs_LDGD_TJR7_CONTROLS_DELIRIUM_svc.png
2025-07-01 00:51:38,776 - INFO - utils.vizualization_utils_LG - [create_subject_decoding_dashboard_plots_lg:167] - LG dashboard plots creation completed for subject TJR7
2025-07-01 00:51:38,776 - INFO - examples.run_decoding_one_lg - [execute_single_subject_lg_decoding:684] - LG Dashboard plots generated for subject TJR7 in /home/tom.balay/results/Baking_EEG_results_V12/intra_subject_lg_results/CONTROLS_DELIRIUM_LG_CONTROLS/TJR7_Single_LG_Protocol_Analysis_svc/20250701_005002
2025-07-01 00:51:38,776 - INFO - examples.run_decoding_one_lg - [execute_single_subject_lg_decoding:723] - Finished processing LG for subject TJR7 (Task Set ID: Single_LG_Protocol_Analysis). Total time: 38650.75s
submitit INFO (2025-07-01 00:51:38,808) - Job completed successfully
2025-07-01 00:51:38,808 - INFO - submitit - [process_job:56] - Job completed successfully
submitit INFO (2025-07-01 00:51:39,028) - Exiting after successful completion
2025-07-01 00:51:39,028 - INFO - submitit - [process_job:61] - Exiting after successful completion
