/home/tom.balay/Baking_EEG/examples/../utils/loading_PP_utils.py:286: RuntimeWarning: This filename (/mnt/data/tom.balay/data/Baking_EEG_data/PP_PATIENTS_DELIRIUM+_0.5/TpAB19_PP_preproc_noICA_PP-epo_ar.fif) does not conform to MNE naming conventions. All epochs files should end with -epo.fif, -epo.fif.gz, _epo.fif or _epo.fif.gz
  epochs_object = mne.read_epochs(
/home/tom.balay/Baking_EEG/examples/../utils/loading_PP_utils.py:286: RuntimeWarning: This filename (/mnt/data/tom.balay/data/Baking_EEG_data/PP_PATIENTS_DELIRIUM+_0.5/TpAB19_PP_preproc_noICA_PP-epo_ar.fif) does not conform to MNE naming conventions. All epochs files should end with -epo.fif, -epo.fif.gz, _epo.fif or _epo.fif.gz
  epochs_object = mne.read_epochs(
/home/tom.balay/Baking_EEG/examples/../utils/loading_PP_utils.py:821: RuntimeWarning: This filename (/mnt/data/tom.balay/data/Baking_EEG_data/PP_PATIENTS_DELIRIUM+_0.5/TpAB19_PP_preproc_noICA_PP-epo_ar.fif) does not conform to MNE naming conventions. All epochs files should end with -epo.fif, -epo.fif.gz, _epo.fif or _epo.fif.gz
  epochs = mne.read_epochs(epochs_file_path, proj=False, verbose=False, preload=False)
/home/tom.balay/Baking_EEG/examples/../utils/loading_PP_utils.py:286: RuntimeWarning: This filename (/mnt/data/tom.balay/data/Baking_EEG_data/PP_PATIENTS_DELIRIUM+_0.5/TpAK24_PP_preproc_noICA_PP-epo_ar.fif) does not conform to MNE naming conventions. All epochs files should end with -epo.fif, -epo.fif.gz, _epo.fif or _epo.fif.gz
  epochs_object = mne.read_epochs(
/home/tom.balay/Baking_EEG/examples/../utils/loading_PP_utils.py:286: RuntimeWarning: This filename (/mnt/data/tom.balay/data/Baking_EEG_data/PP_PATIENTS_DELIRIUM+_0.5/TpAK24_PP_preproc_noICA_PP-epo_ar.fif) does not conform to MNE naming conventions. All epochs files should end with -epo.fif, -epo.fif.gz, _epo.fif or _epo.fif.gz
  epochs_object = mne.read_epochs(
/home/tom.balay/Baking_EEG/examples/../utils/loading_PP_utils.py:821: RuntimeWarning: This filename (/mnt/data/tom.balay/data/Baking_EEG_data/PP_PATIENTS_DELIRIUM+_0.5/TpAK24_PP_preproc_noICA_PP-epo_ar.fif) does not conform to MNE naming conventions. All epochs files should end with -epo.fif, -epo.fif.gz, _epo.fif or _epo.fif.gz
  epochs = mne.read_epochs(epochs_file_path, proj=False, verbose=False, preload=False)
/home/tom.balay/Baking_EEG/examples/../utils/loading_PP_utils.py:286: RuntimeWarning: This filename (/mnt/data/tom.balay/data/Baking_EEG_data/PP_PATIENTS_DELIRIUM+_0.5/TpAK27_PP_preproc_noICA_PP-epo_ar.fif) does not conform to MNE naming conventions. All epochs files should end with -epo.fif, -epo.fif.gz, _epo.fif or _epo.fif.gz
  epochs_object = mne.read_epochs(
/home/tom.balay/Baking_EEG/examples/../utils/loading_PP_utils.py:286: RuntimeWarning: This filename (/mnt/data/tom.balay/data/Baking_EEG_data/PP_PATIENTS_DELIRIUM+_0.5/TpAK27_PP_preproc_noICA_PP-epo_ar.fif) does not conform to MNE naming conventions. All epochs files should end with -epo.fif, -epo.fif.gz, _epo.fif or _epo.fif.gz
  epochs_object = mne.read_epochs(
/home/tom.balay/Baking_EEG/examples/../utils/loading_PP_utils.py:821: RuntimeWarning: This filename (/mnt/data/tom.balay/data/Baking_EEG_data/PP_PATIENTS_DELIRIUM+_0.5/TpAK27_PP_preproc_noICA_PP-epo_ar.fif) does not conform to MNE naming conventions. All epochs files should end with -epo.fif, -epo.fif.gz, _epo.fif or _epo.fif.gz
  epochs = mne.read_epochs(epochs_file_path, proj=False, verbose=False, preload=False)
/home/tom.balay/Baking_EEG/examples/../utils/loading_PP_utils.py:286: RuntimeWarning: This filename (/mnt/data/tom.balay/data/Baking_EEG_data/PP_PATIENTS_DELIRIUM+_0.5/TpCB15_PP_preproc_ICA_PP-epo_ar.fif) does not conform to MNE naming conventions. All epochs files should end with -epo.fif, -epo.fif.gz, _epo.fif or _epo.fif.gz
  epochs_object = mne.read_epochs(
/home/tom.balay/Baking_EEG/examples/../utils/loading_PP_utils.py:286: RuntimeWarning: This filename (/mnt/data/tom.balay/data/Baking_EEG_data/PP_PATIENTS_DELIRIUM+_0.5/TpCB15_PP_preproc_ICA_PP-epo_ar.fif) does not conform to MNE naming conventions. All epochs files should end with -epo.fif, -epo.fif.gz, _epo.fif or _epo.fif.gz
  epochs_object = mne.read_epochs(
/home/tom.balay/Baking_EEG/examples/../utils/loading_PP_utils.py:821: RuntimeWarning: This filename (/mnt/data/tom.balay/data/Baking_EEG_data/PP_PATIENTS_DELIRIUM+_0.5/TpCB15_PP_preproc_ICA_PP-epo_ar.fif) does not conform to MNE naming conventions. All epochs files should end with -epo.fif, -epo.fif.gz, _epo.fif or _epo.fif.gz
  epochs = mne.read_epochs(epochs_file_path, proj=False, verbose=False, preload=False)
/home/tom.balay/Baking_EEG/examples/../utils/loading_PP_utils.py:286: RuntimeWarning: This filename (/mnt/data/tom.balay/data/Baking_EEG_data/PP_PATIENTS_DELIRIUM+_0.5/TpCF1_PP_preproc_noICA_PP-epo_ar.fif) does not conform to MNE naming conventions. All epochs files should end with -epo.fif, -epo.fif.gz, _epo.fif or _epo.fif.gz
  epochs_object = mne.read_epochs(
/home/tom.balay/Baking_EEG/examples/../utils/loading_PP_utils.py:286: RuntimeWarning: This filename (/mnt/data/tom.balay/data/Baking_EEG_data/PP_PATIENTS_DELIRIUM+_0.5/TpCF1_PP_preproc_noICA_PP-epo_ar.fif) does not conform to MNE naming conventions. All epochs files should end with -epo.fif, -epo.fif.gz, _epo.fif or _epo.fif.gz
  epochs_object = mne.read_epochs(
/home/tom.balay/Baking_EEG/examples/../utils/loading_PP_utils.py:821: RuntimeWarning: This filename (/mnt/data/tom.balay/data/Baking_EEG_data/PP_PATIENTS_DELIRIUM+_0.5/TpCF1_PP_preproc_noICA_PP-epo_ar.fif) does not conform to MNE naming conventions. All epochs files should end with -epo.fif, -epo.fif.gz, _epo.fif or _epo.fif.gz
  epochs = mne.read_epochs(epochs_file_path, proj=False, verbose=False, preload=False)
/home/tom.balay/Baking_EEG/examples/../utils/loading_PP_utils.py:286: RuntimeWarning: This filename (/mnt/data/tom.balay/data/Baking_EEG_data/PP_PATIENTS_DELIRIUM+_0.5/TpDRL3_PP_preproc_ICA_PP-epo_ar.fif) does not conform to MNE naming conventions. All epochs files should end with -epo.fif, -epo.fif.gz, _epo.fif or _epo.fif.gz
  epochs_object = mne.read_epochs(
/home/tom.balay/Baking_EEG/examples/../utils/loading_PP_utils.py:286: RuntimeWarning: This filename (/mnt/data/tom.balay/data/Baking_EEG_data/PP_PATIENTS_DELIRIUM+_0.5/TpDRL3_PP_preproc_ICA_PP-epo_ar.fif) does not conform to MNE naming conventions. All epochs files should end with -epo.fif, -epo.fif.gz, _epo.fif or _epo.fif.gz
  epochs_object = mne.read_epochs(
/home/tom.balay/Baking_EEG/examples/../utils/loading_PP_utils.py:821: RuntimeWarning: This filename (/mnt/data/tom.balay/data/Baking_EEG_data/PP_PATIENTS_DELIRIUM+_0.5/TpDRL3_PP_preproc_ICA_PP-epo_ar.fif) does not conform to MNE naming conventions. All epochs files should end with -epo.fif, -epo.fif.gz, _epo.fif or _epo.fif.gz
  epochs = mne.read_epochs(epochs_file_path, proj=False, verbose=False, preload=False)
/home/tom.balay/Baking_EEG/examples/../utils/loading_PP_utils.py:286: RuntimeWarning: This filename (/mnt/data/tom.balay/data/Baking_EEG_data/PP_PATIENTS_DELIRIUM+_0.5/TpJB25_PP_preproc_noICA_PP-epo_ar.fif) does not conform to MNE naming conventions. All epochs files should end with -epo.fif, -epo.fif.gz, _epo.fif or _epo.fif.gz
  epochs_object = mne.read_epochs(
/home/tom.balay/Baking_EEG/examples/../utils/loading_PP_utils.py:286: RuntimeWarning: This filename (/mnt/data/tom.balay/data/Baking_EEG_data/PP_PATIENTS_DELIRIUM+_0.5/TpJB25_PP_preproc_noICA_PP-epo_ar.fif) does not conform to MNE naming conventions. All epochs files should end with -epo.fif, -epo.fif.gz, _epo.fif or _epo.fif.gz
  epochs_object = mne.read_epochs(
/home/tom.balay/Baking_EEG/examples/../utils/loading_PP_utils.py:821: RuntimeWarning: This filename (/mnt/data/tom.balay/data/Baking_EEG_data/PP_PATIENTS_DELIRIUM+_0.5/TpJB25_PP_preproc_noICA_PP-epo_ar.fif) does not conform to MNE naming conventions. All epochs files should end with -epo.fif, -epo.fif.gz, _epo.fif or _epo.fif.gz
  epochs = mne.read_epochs(epochs_file_path, proj=False, verbose=False, preload=False)
/home/tom.balay/Baking_EEG/examples/../utils/loading_PP_utils.py:286: RuntimeWarning: This filename (/mnt/data/tom.balay/data/Baking_EEG_data/PP_PATIENTS_DELIRIUM+_0.5/TpJB26_PP_preproc_noICA_PP-epo_ar.fif) does not conform to MNE naming conventions. All epochs files should end with -epo.fif, -epo.fif.gz, _epo.fif or _epo.fif.gz
  epochs_object = mne.read_epochs(
/home/tom.balay/Baking_EEG/examples/../utils/loading_PP_utils.py:286: RuntimeWarning: This filename (/mnt/data/tom.balay/data/Baking_EEG_data/PP_PATIENTS_DELIRIUM+_0.5/TpJB26_PP_preproc_noICA_PP-epo_ar.fif) does not conform to MNE naming conventions. All epochs files should end with -epo.fif, -epo.fif.gz, _epo.fif or _epo.fif.gz
  epochs_object = mne.read_epochs(
/home/tom.balay/Baking_EEG/examples/../utils/loading_PP_utils.py:821: RuntimeWarning: This filename (/mnt/data/tom.balay/data/Baking_EEG_data/PP_PATIENTS_DELIRIUM+_0.5/TpJB26_PP_preproc_noICA_PP-epo_ar.fif) does not conform to MNE naming conventions. All epochs files should end with -epo.fif, -epo.fif.gz, _epo.fif or _epo.fif.gz
  epochs = mne.read_epochs(epochs_file_path, proj=False, verbose=False, preload=False)
/home/tom.balay/Baking_EEG/examples/../utils/loading_PP_utils.py:286: RuntimeWarning: This filename (/mnt/data/tom.balay/data/Baking_EEG_data/PP_PATIENTS_DELIRIUM+_0.5/TpJC5_PP_preproc_noICA_PP-epo_ar.fif) does not conform to MNE naming conventions. All epochs files should end with -epo.fif, -epo.fif.gz, _epo.fif or _epo.fif.gz
  epochs_object = mne.read_epochs(
/home/tom.balay/Baking_EEG/examples/../utils/loading_PP_utils.py:286: RuntimeWarning: This filename (/mnt/data/tom.balay/data/Baking_EEG_data/PP_PATIENTS_DELIRIUM+_0.5/TpJC5_PP_preproc_noICA_PP-epo_ar.fif) does not conform to MNE naming conventions. All epochs files should end with -epo.fif, -epo.fif.gz, _epo.fif or _epo.fif.gz
  epochs_object = mne.read_epochs(
/home/tom.balay/Baking_EEG/examples/../utils/loading_PP_utils.py:821: RuntimeWarning: This filename (/mnt/data/tom.balay/data/Baking_EEG_data/PP_PATIENTS_DELIRIUM+_0.5/TpJC5_PP_preproc_noICA_PP-epo_ar.fif) does not conform to MNE naming conventions. All epochs files should end with -epo.fif, -epo.fif.gz, _epo.fif or _epo.fif.gz
  epochs = mne.read_epochs(epochs_file_path, proj=False, verbose=False, preload=False)
/home/tom.balay/Baking_EEG/examples/../utils/loading_PP_utils.py:286: RuntimeWarning: This filename (/mnt/data/tom.balay/data/Baking_EEG_data/PP_PATIENTS_DELIRIUM+_0.5/TpJLR17_PP_preproc_noICA_PP-epo_ar.fif) does not conform to MNE naming conventions. All epochs files should end with -epo.fif, -epo.fif.gz, _epo.fif or _epo.fif.gz
  epochs_object = mne.read_epochs(
/home/tom.balay/Baking_EEG/examples/../utils/loading_PP_utils.py:286: RuntimeWarning: This filename (/mnt/data/tom.balay/data/Baking_EEG_data/PP_PATIENTS_DELIRIUM+_0.5/TpJLR17_PP_preproc_noICA_PP-epo_ar.fif) does not conform to MNE naming conventions. All epochs files should end with -epo.fif, -epo.fif.gz, _epo.fif or _epo.fif.gz
  epochs_object = mne.read_epochs(
/home/tom.balay/Baking_EEG/examples/../utils/loading_PP_utils.py:821: RuntimeWarning: This filename (/mnt/data/tom.balay/data/Baking_EEG_data/PP_PATIENTS_DELIRIUM+_0.5/TpJLR17_PP_preproc_noICA_PP-epo_ar.fif) does not conform to MNE naming conventions. All epochs files should end with -epo.fif, -epo.fif.gz, _epo.fif or _epo.fif.gz
  epochs = mne.read_epochs(epochs_file_path, proj=False, verbose=False, preload=False)
/home/tom.balay/Baking_EEG/examples/../utils/loading_PP_utils.py:286: RuntimeWarning: This filename (/mnt/data/tom.balay/data/Baking_EEG_data/PP_PATIENTS_DELIRIUM+_0.5/TpJPS55_PP_preproc_noICA_PP-epo_ar.fif) does not conform to MNE naming conventions. All epochs files should end with -epo.fif, -epo.fif.gz, _epo.fif or _epo.fif.gz
  epochs_object = mne.read_epochs(
/home/tom.balay/Baking_EEG/examples/../utils/loading_PP_utils.py:286: RuntimeWarning: This filename (/mnt/data/tom.balay/data/Baking_EEG_data/PP_PATIENTS_DELIRIUM+_0.5/TpJPS55_PP_preproc_noICA_PP-epo_ar.fif) does not conform to MNE naming conventions. All epochs files should end with -epo.fif, -epo.fif.gz, _epo.fif or _epo.fif.gz
  epochs_object = mne.read_epochs(
/home/tom.balay/Baking_EEG/examples/../utils/loading_PP_utils.py:821: RuntimeWarning: This filename (/mnt/data/tom.balay/data/Baking_EEG_data/PP_PATIENTS_DELIRIUM+_0.5/TpJPS55_PP_preproc_noICA_PP-epo_ar.fif) does not conform to MNE naming conventions. All epochs files should end with -epo.fif, -epo.fif.gz, _epo.fif or _epo.fif.gz
  epochs = mne.read_epochs(epochs_file_path, proj=False, verbose=False, preload=False)
/home/tom.balay/Baking_EEG/examples/../utils/loading_PP_utils.py:286: RuntimeWarning: This filename (/mnt/data/tom.balay/data/Baking_EEG_data/PP_PATIENTS_DELIRIUM+_0.5/TpLA28_PP_preproc_ICA_PP-epo_ar.fif) does not conform to MNE naming conventions. All epochs files should end with -epo.fif, -epo.fif.gz, _epo.fif or _epo.fif.gz
  epochs_object = mne.read_epochs(
/home/tom.balay/Baking_EEG/examples/../utils/loading_PP_utils.py:286: RuntimeWarning: This filename (/mnt/data/tom.balay/data/Baking_EEG_data/PP_PATIENTS_DELIRIUM+_0.5/TpLA28_PP_preproc_ICA_PP-epo_ar.fif) does not conform to MNE naming conventions. All epochs files should end with -epo.fif, -epo.fif.gz, _epo.fif or _epo.fif.gz
  epochs_object = mne.read_epochs(
/home/tom.balay/Baking_EEG/examples/../utils/loading_PP_utils.py:821: RuntimeWarning: This filename (/mnt/data/tom.balay/data/Baking_EEG_data/PP_PATIENTS_DELIRIUM+_0.5/TpLA28_PP_preproc_ICA_PP-epo_ar.fif) does not conform to MNE naming conventions. All epochs files should end with -epo.fif, -epo.fif.gz, _epo.fif or _epo.fif.gz
  epochs = mne.read_epochs(epochs_file_path, proj=False, verbose=False, preload=False)
/home/tom.balay/Baking_EEG/examples/../utils/loading_PP_utils.py:286: RuntimeWarning: This filename (/mnt/data/tom.balay/data/Baking_EEG_data/PP_PATIENTS_DELIRIUM+_0.5/TpMB45_PP_preproc_noICA_PP-epo_ar.fif) does not conform to MNE naming conventions. All epochs files should end with -epo.fif, -epo.fif.gz, _epo.fif or _epo.fif.gz
  epochs_object = mne.read_epochs(
/home/tom.balay/Baking_EEG/examples/../utils/loading_PP_utils.py:286: RuntimeWarning: This filename (/mnt/data/tom.balay/data/Baking_EEG_data/PP_PATIENTS_DELIRIUM+_0.5/TpMB45_PP_preproc_noICA_PP-epo_ar.fif) does not conform to MNE naming conventions. All epochs files should end with -epo.fif, -epo.fif.gz, _epo.fif or _epo.fif.gz
  epochs_object = mne.read_epochs(
/home/tom.balay/Baking_EEG/examples/../utils/loading_PP_utils.py:821: RuntimeWarning: This filename (/mnt/data/tom.balay/data/Baking_EEG_data/PP_PATIENTS_DELIRIUM+_0.5/TpMB45_PP_preproc_noICA_PP-epo_ar.fif) does not conform to MNE naming conventions. All epochs files should end with -epo.fif, -epo.fif.gz, _epo.fif or _epo.fif.gz
  epochs = mne.read_epochs(epochs_file_path, proj=False, verbose=False, preload=False)
/home/tom.balay/Baking_EEG/examples/../utils/loading_PP_utils.py:286: RuntimeWarning: This filename (/mnt/data/tom.balay/data/Baking_EEG_data/PP_PATIENTS_DELIRIUM+_0.5/TpMM4_PP_preproc_ICA_PP-epo_ar.fif) does not conform to MNE naming conventions. All epochs files should end with -epo.fif, -epo.fif.gz, _epo.fif or _epo.fif.gz
  epochs_object = mne.read_epochs(
/home/tom.balay/Baking_EEG/examples/../utils/loading_PP_utils.py:286: RuntimeWarning: This filename (/mnt/data/tom.balay/data/Baking_EEG_data/PP_PATIENTS_DELIRIUM+_0.5/TpMM4_PP_preproc_ICA_PP-epo_ar.fif) does not conform to MNE naming conventions. All epochs files should end with -epo.fif, -epo.fif.gz, _epo.fif or _epo.fif.gz
  epochs_object = mne.read_epochs(
/home/tom.balay/Baking_EEG/examples/../utils/loading_PP_utils.py:821: RuntimeWarning: This filename (/mnt/data/tom.balay/data/Baking_EEG_data/PP_PATIENTS_DELIRIUM+_0.5/TpMM4_PP_preproc_ICA_PP-epo_ar.fif) does not conform to MNE naming conventions. All epochs files should end with -epo.fif, -epo.fif.gz, _epo.fif or _epo.fif.gz
  epochs = mne.read_epochs(epochs_file_path, proj=False, verbose=False, preload=False)
/home/tom.balay/Baking_EEG/examples/../utils/loading_PP_utils.py:286: RuntimeWarning: This filename (/mnt/data/tom.balay/data/Baking_EEG_data/PP_PATIENTS_DELIRIUM+_0.5/TpMN42_PP_preproc_noICA_PP-epo_ar.fif) does not conform to MNE naming conventions. All epochs files should end with -epo.fif, -epo.fif.gz, _epo.fif or _epo.fif.gz
  epochs_object = mne.read_epochs(
/home/tom.balay/Baking_EEG/examples/../utils/loading_PP_utils.py:286: RuntimeWarning: This filename (/mnt/data/tom.balay/data/Baking_EEG_data/PP_PATIENTS_DELIRIUM+_0.5/TpMN42_PP_preproc_noICA_PP-epo_ar.fif) does not conform to MNE naming conventions. All epochs files should end with -epo.fif, -epo.fif.gz, _epo.fif or _epo.fif.gz
  epochs_object = mne.read_epochs(
/home/tom.balay/Baking_EEG/examples/../utils/loading_PP_utils.py:821: RuntimeWarning: This filename (/mnt/data/tom.balay/data/Baking_EEG_data/PP_PATIENTS_DELIRIUM+_0.5/TpMN42_PP_preproc_noICA_PP-epo_ar.fif) does not conform to MNE naming conventions. All epochs files should end with -epo.fif, -epo.fif.gz, _epo.fif or _epo.fif.gz
  epochs = mne.read_epochs(epochs_file_path, proj=False, verbose=False, preload=False)
/home/tom.balay/Baking_EEG/examples/../utils/loading_PP_utils.py:286: RuntimeWarning: This filename (/mnt/data/tom.balay/data/Baking_EEG_data/PP_PATIENTS_DELIRIUM+_0.5/TpPC21_PP_preproc_noICA_PP-epo_ar.fif) does not conform to MNE naming conventions. All epochs files should end with -epo.fif, -epo.fif.gz, _epo.fif or _epo.fif.gz
  epochs_object = mne.read_epochs(
/home/tom.balay/Baking_EEG/examples/../utils/loading_PP_utils.py:286: RuntimeWarning: This filename (/mnt/data/tom.balay/data/Baking_EEG_data/PP_PATIENTS_DELIRIUM+_0.5/TpPC21_PP_preproc_noICA_PP-epo_ar.fif) does not conform to MNE naming conventions. All epochs files should end with -epo.fif, -epo.fif.gz, _epo.fif or _epo.fif.gz
  epochs_object = mne.read_epochs(
/home/tom.balay/Baking_EEG/examples/../utils/loading_PP_utils.py:821: RuntimeWarning: This filename (/mnt/data/tom.balay/data/Baking_EEG_data/PP_PATIENTS_DELIRIUM+_0.5/TpPC21_PP_preproc_noICA_PP-epo_ar.fif) does not conform to MNE naming conventions. All epochs files should end with -epo.fif, -epo.fif.gz, _epo.fif or _epo.fif.gz
  epochs = mne.read_epochs(epochs_file_path, proj=False, verbose=False, preload=False)
/home/tom.balay/Baking_EEG/examples/../utils/loading_PP_utils.py:286: RuntimeWarning: This filename (/mnt/data/tom.balay/data/Baking_EEG_data/PP_PATIENTS_DELIRIUM+_0.5/TpPM14_PP_preproc_noICA_PP-epo_ar.fif) does not conform to MNE naming conventions. All epochs files should end with -epo.fif, -epo.fif.gz, _epo.fif or _epo.fif.gz
  epochs_object = mne.read_epochs(
/home/tom.balay/Baking_EEG/examples/../utils/loading_PP_utils.py:286: RuntimeWarning: This filename (/mnt/data/tom.balay/data/Baking_EEG_data/PP_PATIENTS_DELIRIUM+_0.5/TpPM14_PP_preproc_noICA_PP-epo_ar.fif) does not conform to MNE naming conventions. All epochs files should end with -epo.fif, -epo.fif.gz, _epo.fif or _epo.fif.gz
  epochs_object = mne.read_epochs(
/home/tom.balay/Baking_EEG/examples/../utils/loading_PP_utils.py:821: RuntimeWarning: This filename (/mnt/data/tom.balay/data/Baking_EEG_data/PP_PATIENTS_DELIRIUM+_0.5/TpPM14_PP_preproc_noICA_PP-epo_ar.fif) does not conform to MNE naming conventions. All epochs files should end with -epo.fif, -epo.fif.gz, _epo.fif or _epo.fif.gz
  epochs = mne.read_epochs(epochs_file_path, proj=False, verbose=False, preload=False)
/home/tom.balay/Baking_EEG/examples/../utils/loading_PP_utils.py:286: RuntimeWarning: This filename (/mnt/data/tom.balay/data/Baking_EEG_data/PP_PATIENTS_DELIRIUM+_0.5/TpPM31_PP_preproc_noICA_PP-epo_ar.fif) does not conform to MNE naming conventions. All epochs files should end with -epo.fif, -epo.fif.gz, _epo.fif or _epo.fif.gz
  epochs_object = mne.read_epochs(
/home/tom.balay/Baking_EEG/examples/../utils/loading_PP_utils.py:286: RuntimeWarning: This filename (/mnt/data/tom.balay/data/Baking_EEG_data/PP_PATIENTS_DELIRIUM+_0.5/TpPM31_PP_preproc_noICA_PP-epo_ar.fif) does not conform to MNE naming conventions. All epochs files should end with -epo.fif, -epo.fif.gz, _epo.fif or _epo.fif.gz
  epochs_object = mne.read_epochs(
/home/tom.balay/Baking_EEG/examples/../utils/loading_PP_utils.py:821: RuntimeWarning: This filename (/mnt/data/tom.balay/data/Baking_EEG_data/PP_PATIENTS_DELIRIUM+_0.5/TpPM31_PP_preproc_noICA_PP-epo_ar.fif) does not conform to MNE naming conventions. All epochs files should end with -epo.fif, -epo.fif.gz, _epo.fif or _epo.fif.gz
  epochs = mne.read_epochs(epochs_file_path, proj=False, verbose=False, preload=False)
/home/tom.balay/Baking_EEG/examples/../utils/loading_PP_utils.py:286: RuntimeWarning: This filename (/mnt/data/tom.balay/data/Baking_EEG_data/PP_PATIENTS_DELIRIUM+_0.5/TpRD38_PP_preproc_ICA_PP-epo_ar.fif) does not conform to MNE naming conventions. All epochs files should end with -epo.fif, -epo.fif.gz, _epo.fif or _epo.fif.gz
  epochs_object = mne.read_epochs(
/home/tom.balay/Baking_EEG/examples/../utils/loading_PP_utils.py:286: RuntimeWarning: This filename (/mnt/data/tom.balay/data/Baking_EEG_data/PP_PATIENTS_DELIRIUM+_0.5/TpRD38_PP_preproc_ICA_PP-epo_ar.fif) does not conform to MNE naming conventions. All epochs files should end with -epo.fif, -epo.fif.gz, _epo.fif or _epo.fif.gz
  epochs_object = mne.read_epochs(
/home/tom.balay/Baking_EEG/examples/../utils/loading_PP_utils.py:821: RuntimeWarning: This filename (/mnt/data/tom.balay/data/Baking_EEG_data/PP_PATIENTS_DELIRIUM+_0.5/TpRD38_PP_preproc_ICA_PP-epo_ar.fif) does not conform to MNE naming conventions. All epochs files should end with -epo.fif, -epo.fif.gz, _epo.fif or _epo.fif.gz
  epochs = mne.read_epochs(epochs_file_path, proj=False, verbose=False, preload=False)
/home/tom.balay/Baking_EEG/examples/../utils/loading_PP_utils.py:286: RuntimeWarning: This filename (/mnt/data/tom.balay/data/Baking_EEG_data/PP_PATIENTS_DELIRIUM+_0.5/TpSM49_PP_preproc_noICA_PP-epo_ar.fif) does not conform to MNE naming conventions. All epochs files should end with -epo.fif, -epo.fif.gz, _epo.fif or _epo.fif.gz
  epochs_object = mne.read_epochs(
/home/tom.balay/Baking_EEG/examples/../utils/loading_PP_utils.py:286: RuntimeWarning: This filename (/mnt/data/tom.balay/data/Baking_EEG_data/PP_PATIENTS_DELIRIUM+_0.5/TpSM49_PP_preproc_noICA_PP-epo_ar.fif) does not conform to MNE naming conventions. All epochs files should end with -epo.fif, -epo.fif.gz, _epo.fif or _epo.fif.gz
  epochs_object = mne.read_epochs(
/home/tom.balay/Baking_EEG/examples/../utils/loading_PP_utils.py:821: RuntimeWarning: This filename (/mnt/data/tom.balay/data/Baking_EEG_data/PP_PATIENTS_DELIRIUM+_0.5/TpSM49_PP_preproc_noICA_PP-epo_ar.fif) does not conform to MNE naming conventions. All epochs files should end with -epo.fif, -epo.fif.gz, _epo.fif or _epo.fif.gz
  epochs = mne.read_epochs(epochs_file_path, proj=False, verbose=False, preload=False)
