/home/tom.balay/Baking_EEG/examples/../utils/loading_PP_utils.py:286: RuntimeWarning: This filename (/mnt/data/tom.balay/data/Baking_EEG_data/PP_PATIENTS_DELIRIUM-_0.5/TpAC23_PP_preproc_noICA_PP-epo_ar.fif) does not conform to MNE naming conventions. All epochs files should end with -epo.fif, -epo.fif.gz, _epo.fif or _epo.fif.gz
  epochs_object = mne.read_epochs(
/home/tom.balay/Baking_EEG/examples/../utils/loading_PP_utils.py:286: RuntimeWarning: This filename (/mnt/data/tom.balay/data/Baking_EEG_data/PP_PATIENTS_DELIRIUM-_0.5/TpAC23_PP_preproc_noICA_PP-epo_ar.fif) does not conform to MNE naming conventions. All epochs files should end with -epo.fif, -epo.fif.gz, _epo.fif or _epo.fif.gz
  epochs_object = mne.read_epochs(
/home/tom.balay/Baking_EEG/examples/../utils/loading_PP_utils.py:821: RuntimeWarning: This filename (/mnt/data/tom.balay/data/Baking_EEG_data/PP_PATIENTS_DELIRIUM-_0.5/TpAC23_PP_preproc_noICA_PP-epo_ar.fif) does not conform to MNE naming conventions. All epochs files should end with -epo.fif, -epo.fif.gz, _epo.fif or _epo.fif.gz
  epochs = mne.read_epochs(epochs_file_path, proj=False, verbose=False, preload=False)
/home/tom.balay/Baking_EEG/examples/../utils/loading_PP_utils.py:286: RuntimeWarning: This filename (/mnt/data/tom.balay/data/Baking_EEG_data/PP_PATIENTS_DELIRIUM-_0.5/TpAM43_PP_preproc_noICA_PP-epo_ar.fif) does not conform to MNE naming conventions. All epochs files should end with -epo.fif, -epo.fif.gz, _epo.fif or _epo.fif.gz
  epochs_object = mne.read_epochs(
/home/tom.balay/Baking_EEG/examples/../utils/loading_PP_utils.py:286: RuntimeWarning: This filename (/mnt/data/tom.balay/data/Baking_EEG_data/PP_PATIENTS_DELIRIUM-_0.5/TpAM43_PP_preproc_noICA_PP-epo_ar.fif) does not conform to MNE naming conventions. All epochs files should end with -epo.fif, -epo.fif.gz, _epo.fif or _epo.fif.gz
  epochs_object = mne.read_epochs(
/home/tom.balay/Baking_EEG/examples/../utils/loading_PP_utils.py:821: RuntimeWarning: This filename (/mnt/data/tom.balay/data/Baking_EEG_data/PP_PATIENTS_DELIRIUM-_0.5/TpAM43_PP_preproc_noICA_PP-epo_ar.fif) does not conform to MNE naming conventions. All epochs files should end with -epo.fif, -epo.fif.gz, _epo.fif or _epo.fif.gz
  epochs = mne.read_epochs(epochs_file_path, proj=False, verbose=False, preload=False)
/home/tom.balay/Baking_EEG/examples/../utils/loading_PP_utils.py:286: RuntimeWarning: This filename (/mnt/data/tom.balay/data/Baking_EEG_data/PP_PATIENTS_DELIRIUM-_0.5/TpBD16_PP_preproc_noICA_PP-epo_ar.fif) does not conform to MNE naming conventions. All epochs files should end with -epo.fif, -epo.fif.gz, _epo.fif or _epo.fif.gz
  epochs_object = mne.read_epochs(
/home/tom.balay/Baking_EEG/examples/../utils/loading_PP_utils.py:286: RuntimeWarning: This filename (/mnt/data/tom.balay/data/Baking_EEG_data/PP_PATIENTS_DELIRIUM-_0.5/TpBD16_PP_preproc_noICA_PP-epo_ar.fif) does not conform to MNE naming conventions. All epochs files should end with -epo.fif, -epo.fif.gz, _epo.fif or _epo.fif.gz
  epochs_object = mne.read_epochs(
/home/tom.balay/Baking_EEG/examples/../utils/loading_PP_utils.py:821: RuntimeWarning: This filename (/mnt/data/tom.balay/data/Baking_EEG_data/PP_PATIENTS_DELIRIUM-_0.5/TpBD16_PP_preproc_noICA_PP-epo_ar.fif) does not conform to MNE naming conventions. All epochs files should end with -epo.fif, -epo.fif.gz, _epo.fif or _epo.fif.gz
  epochs = mne.read_epochs(epochs_file_path, proj=False, verbose=False, preload=False)
/home/tom.balay/Baking_EEG/examples/../utils/loading_PP_utils.py:286: RuntimeWarning: This filename (/mnt/data/tom.balay/data/Baking_EEG_data/PP_PATIENTS_DELIRIUM-_0.5/TpFL53_PP_preproc_ICA_PP-epo_ar.fif) does not conform to MNE naming conventions. All epochs files should end with -epo.fif, -epo.fif.gz, _epo.fif or _epo.fif.gz
  epochs_object = mne.read_epochs(
/home/tom.balay/Baking_EEG/examples/../utils/loading_PP_utils.py:286: RuntimeWarning: This filename (/mnt/data/tom.balay/data/Baking_EEG_data/PP_PATIENTS_DELIRIUM-_0.5/TpFL53_PP_preproc_ICA_PP-epo_ar.fif) does not conform to MNE naming conventions. All epochs files should end with -epo.fif, -epo.fif.gz, _epo.fif or _epo.fif.gz
  epochs_object = mne.read_epochs(
/home/tom.balay/Baking_EEG/examples/../utils/loading_PP_utils.py:821: RuntimeWarning: This filename (/mnt/data/tom.balay/data/Baking_EEG_data/PP_PATIENTS_DELIRIUM-_0.5/TpFL53_PP_preproc_ICA_PP-epo_ar.fif) does not conform to MNE naming conventions. All epochs files should end with -epo.fif, -epo.fif.gz, _epo.fif or _epo.fif.gz
  epochs = mne.read_epochs(epochs_file_path, proj=False, verbose=False, preload=False)
/home/tom.balay/Baking_EEG/examples/../utils/loading_PP_utils.py:286: RuntimeWarning: This filename (/mnt/data/tom.balay/data/Baking_EEG_data/PP_PATIENTS_DELIRIUM-_0.5/TpGB8_PP_preproc_ICA_PP-epo_ar.fif) does not conform to MNE naming conventions. All epochs files should end with -epo.fif, -epo.fif.gz, _epo.fif or _epo.fif.gz
  epochs_object = mne.read_epochs(
/home/tom.balay/Baking_EEG/examples/../utils/loading_PP_utils.py:286: RuntimeWarning: This filename (/mnt/data/tom.balay/data/Baking_EEG_data/PP_PATIENTS_DELIRIUM-_0.5/TpGB8_PP_preproc_ICA_PP-epo_ar.fif) does not conform to MNE naming conventions. All epochs files should end with -epo.fif, -epo.fif.gz, _epo.fif or _epo.fif.gz
  epochs_object = mne.read_epochs(
/home/tom.balay/Baking_EEG/examples/../utils/loading_PP_utils.py:821: RuntimeWarning: This filename (/mnt/data/tom.balay/data/Baking_EEG_data/PP_PATIENTS_DELIRIUM-_0.5/TpGB8_PP_preproc_ICA_PP-epo_ar.fif) does not conform to MNE naming conventions. All epochs files should end with -epo.fif, -epo.fif.gz, _epo.fif or _epo.fif.gz
  epochs = mne.read_epochs(epochs_file_path, proj=False, verbose=False, preload=False)
/home/tom.balay/Baking_EEG/examples/../utils/loading_PP_utils.py:286: RuntimeWarning: This filename (/mnt/data/tom.balay/data/Baking_EEG_data/PP_PATIENTS_DELIRIUM-_0.5/TpGT32_PP_preproc_ICA_PP-epo_ar.fif) does not conform to MNE naming conventions. All epochs files should end with -epo.fif, -epo.fif.gz, _epo.fif or _epo.fif.gz
  epochs_object = mne.read_epochs(
/home/tom.balay/Baking_EEG/examples/../utils/loading_PP_utils.py:286: RuntimeWarning: This filename (/mnt/data/tom.balay/data/Baking_EEG_data/PP_PATIENTS_DELIRIUM-_0.5/TpGT32_PP_preproc_ICA_PP-epo_ar.fif) does not conform to MNE naming conventions. All epochs files should end with -epo.fif, -epo.fif.gz, _epo.fif or _epo.fif.gz
  epochs_object = mne.read_epochs(
/home/tom.balay/Baking_EEG/examples/../utils/loading_PP_utils.py:821: RuntimeWarning: This filename (/mnt/data/tom.balay/data/Baking_EEG_data/PP_PATIENTS_DELIRIUM-_0.5/TpGT32_PP_preproc_ICA_PP-epo_ar.fif) does not conform to MNE naming conventions. All epochs files should end with -epo.fif, -epo.fif.gz, _epo.fif or _epo.fif.gz
  epochs = mne.read_epochs(epochs_file_path, proj=False, verbose=False, preload=False)
/home/tom.balay/Baking_EEG/examples/../utils/loading_PP_utils.py:286: RuntimeWarning: This filename (/mnt/data/tom.balay/data/Baking_EEG_data/PP_PATIENTS_DELIRIUM-_0.5/TpJPG7_PP_preproc_ICA_PP-epo_ar.fif) does not conform to MNE naming conventions. All epochs files should end with -epo.fif, -epo.fif.gz, _epo.fif or _epo.fif.gz
  epochs_object = mne.read_epochs(
/home/tom.balay/Baking_EEG/examples/../utils/loading_PP_utils.py:286: RuntimeWarning: This filename (/mnt/data/tom.balay/data/Baking_EEG_data/PP_PATIENTS_DELIRIUM-_0.5/TpJPG7_PP_preproc_ICA_PP-epo_ar.fif) does not conform to MNE naming conventions. All epochs files should end with -epo.fif, -epo.fif.gz, _epo.fif or _epo.fif.gz
  epochs_object = mne.read_epochs(
/home/tom.balay/Baking_EEG/examples/../utils/loading_PP_utils.py:821: RuntimeWarning: This filename (/mnt/data/tom.balay/data/Baking_EEG_data/PP_PATIENTS_DELIRIUM-_0.5/TpJPG7_PP_preproc_ICA_PP-epo_ar.fif) does not conform to MNE naming conventions. All epochs files should end with -epo.fif, -epo.fif.gz, _epo.fif or _epo.fif.gz
  epochs = mne.read_epochs(epochs_file_path, proj=False, verbose=False, preload=False)
/home/tom.balay/Baking_EEG/examples/../utils/loading_PP_utils.py:286: RuntimeWarning: This filename (/mnt/data/tom.balay/data/Baking_EEG_data/PP_PATIENTS_DELIRIUM-_0.5/TpJPL10_PP_preproc_noICA_PP-epo_ar.fif) does not conform to MNE naming conventions. All epochs files should end with -epo.fif, -epo.fif.gz, _epo.fif or _epo.fif.gz
  epochs_object = mne.read_epochs(
/home/tom.balay/Baking_EEG/examples/../utils/loading_PP_utils.py:286: RuntimeWarning: This filename (/mnt/data/tom.balay/data/Baking_EEG_data/PP_PATIENTS_DELIRIUM-_0.5/TpJPL10_PP_preproc_noICA_PP-epo_ar.fif) does not conform to MNE naming conventions. All epochs files should end with -epo.fif, -epo.fif.gz, _epo.fif or _epo.fif.gz
  epochs_object = mne.read_epochs(
/home/tom.balay/Baking_EEG/examples/../utils/loading_PP_utils.py:821: RuntimeWarning: This filename (/mnt/data/tom.balay/data/Baking_EEG_data/PP_PATIENTS_DELIRIUM-_0.5/TpJPL10_PP_preproc_noICA_PP-epo_ar.fif) does not conform to MNE naming conventions. All epochs files should end with -epo.fif, -epo.fif.gz, _epo.fif or _epo.fif.gz
  epochs = mne.read_epochs(epochs_file_path, proj=False, verbose=False, preload=False)
/home/tom.balay/Baking_EEG/examples/../utils/loading_PP_utils.py:286: RuntimeWarning: This filename (/mnt/data/tom.balay/data/Baking_EEG_data/PP_PATIENTS_DELIRIUM-_0.5/TpKS6_PP_preproc_ICA_PP-epo_ar.fif) does not conform to MNE naming conventions. All epochs files should end with -epo.fif, -epo.fif.gz, _epo.fif or _epo.fif.gz
  epochs_object = mne.read_epochs(
/home/tom.balay/Baking_EEG/examples/../utils/loading_PP_utils.py:286: RuntimeWarning: This filename (/mnt/data/tom.balay/data/Baking_EEG_data/PP_PATIENTS_DELIRIUM-_0.5/TpKS6_PP_preproc_ICA_PP-epo_ar.fif) does not conform to MNE naming conventions. All epochs files should end with -epo.fif, -epo.fif.gz, _epo.fif or _epo.fif.gz
  epochs_object = mne.read_epochs(
/home/tom.balay/Baking_EEG/examples/../utils/loading_PP_utils.py:821: RuntimeWarning: This filename (/mnt/data/tom.balay/data/Baking_EEG_data/PP_PATIENTS_DELIRIUM-_0.5/TpKS6_PP_preproc_ICA_PP-epo_ar.fif) does not conform to MNE naming conventions. All epochs files should end with -epo.fif, -epo.fif.gz, _epo.fif or _epo.fif.gz
  epochs = mne.read_epochs(epochs_file_path, proj=False, verbose=False, preload=False)
/home/tom.balay/Baking_EEG/examples/../utils/loading_PP_utils.py:286: RuntimeWarning: This filename (/mnt/data/tom.balay/data/Baking_EEG_data/PP_PATIENTS_DELIRIUM-_0.5/TpLP11_PP_preproc_ICA_PP-epo_ar.fif) does not conform to MNE naming conventions. All epochs files should end with -epo.fif, -epo.fif.gz, _epo.fif or _epo.fif.gz
  epochs_object = mne.read_epochs(
/home/tom.balay/Baking_EEG/examples/../utils/loading_PP_utils.py:286: RuntimeWarning: This filename (/mnt/data/tom.balay/data/Baking_EEG_data/PP_PATIENTS_DELIRIUM-_0.5/TpLP11_PP_preproc_ICA_PP-epo_ar.fif) does not conform to MNE naming conventions. All epochs files should end with -epo.fif, -epo.fif.gz, _epo.fif or _epo.fif.gz
  epochs_object = mne.read_epochs(
/home/tom.balay/Baking_EEG/examples/../utils/loading_PP_utils.py:821: RuntimeWarning: This filename (/mnt/data/tom.balay/data/Baking_EEG_data/PP_PATIENTS_DELIRIUM-_0.5/TpLP11_PP_preproc_ICA_PP-epo_ar.fif) does not conform to MNE naming conventions. All epochs files should end with -epo.fif, -epo.fif.gz, _epo.fif or _epo.fif.gz
  epochs = mne.read_epochs(epochs_file_path, proj=False, verbose=False, preload=False)
/home/tom.balay/Baking_EEG/examples/../utils/loading_PP_utils.py:286: RuntimeWarning: This filename (/mnt/data/tom.balay/data/Baking_EEG_data/PP_PATIENTS_DELIRIUM-_0.5/TpMD13_PP_preproc_ICA_PP-epo_ar.fif) does not conform to MNE naming conventions. All epochs files should end with -epo.fif, -epo.fif.gz, _epo.fif or _epo.fif.gz
  epochs_object = mne.read_epochs(
/home/tom.balay/Baking_EEG/examples/../utils/loading_PP_utils.py:286: RuntimeWarning: This filename (/mnt/data/tom.balay/data/Baking_EEG_data/PP_PATIENTS_DELIRIUM-_0.5/TpMD13_PP_preproc_ICA_PP-epo_ar.fif) does not conform to MNE naming conventions. All epochs files should end with -epo.fif, -epo.fif.gz, _epo.fif or _epo.fif.gz
  epochs_object = mne.read_epochs(
/home/tom.balay/Baking_EEG/examples/../utils/loading_PP_utils.py:821: RuntimeWarning: This filename (/mnt/data/tom.balay/data/Baking_EEG_data/PP_PATIENTS_DELIRIUM-_0.5/TpMD13_PP_preproc_ICA_PP-epo_ar.fif) does not conform to MNE naming conventions. All epochs files should end with -epo.fif, -epo.fif.gz, _epo.fif or _epo.fif.gz
  epochs = mne.read_epochs(epochs_file_path, proj=False, verbose=False, preload=False)
/home/tom.balay/Baking_EEG/examples/../utils/loading_PP_utils.py:286: RuntimeWarning: This filename (/mnt/data/tom.balay/data/Baking_EEG_data/PP_PATIENTS_DELIRIUM-_0.5/TpMD52_PP_preproc_noICA_PP-epo_ar.fif) does not conform to MNE naming conventions. All epochs files should end with -epo.fif, -epo.fif.gz, _epo.fif or _epo.fif.gz
  epochs_object = mne.read_epochs(
/home/tom.balay/Baking_EEG/examples/../utils/loading_PP_utils.py:286: RuntimeWarning: This filename (/mnt/data/tom.balay/data/Baking_EEG_data/PP_PATIENTS_DELIRIUM-_0.5/TpMD52_PP_preproc_noICA_PP-epo_ar.fif) does not conform to MNE naming conventions. All epochs files should end with -epo.fif, -epo.fif.gz, _epo.fif or _epo.fif.gz
  epochs_object = mne.read_epochs(
/home/tom.balay/Baking_EEG/examples/../utils/loading_PP_utils.py:821: RuntimeWarning: This filename (/mnt/data/tom.balay/data/Baking_EEG_data/PP_PATIENTS_DELIRIUM-_0.5/TpMD52_PP_preproc_noICA_PP-epo_ar.fif) does not conform to MNE naming conventions. All epochs files should end with -epo.fif, -epo.fif.gz, _epo.fif or _epo.fif.gz
  epochs = mne.read_epochs(epochs_file_path, proj=False, verbose=False, preload=False)
/home/tom.balay/Baking_EEG/examples/../utils/loading_PP_utils.py:286: RuntimeWarning: This filename (/mnt/data/tom.balay/data/Baking_EEG_data/PP_PATIENTS_DELIRIUM-_0.5/TpME22_PP_preproc_ICA_PP-epo_ar.fif) does not conform to MNE naming conventions. All epochs files should end with -epo.fif, -epo.fif.gz, _epo.fif or _epo.fif.gz
  epochs_object = mne.read_epochs(
/home/tom.balay/Baking_EEG/examples/../utils/loading_PP_utils.py:286: RuntimeWarning: This filename (/mnt/data/tom.balay/data/Baking_EEG_data/PP_PATIENTS_DELIRIUM-_0.5/TpME22_PP_preproc_ICA_PP-epo_ar.fif) does not conform to MNE naming conventions. All epochs files should end with -epo.fif, -epo.fif.gz, _epo.fif or _epo.fif.gz
  epochs_object = mne.read_epochs(
/home/tom.balay/Baking_EEG/examples/../utils/loading_PP_utils.py:821: RuntimeWarning: This filename (/mnt/data/tom.balay/data/Baking_EEG_data/PP_PATIENTS_DELIRIUM-_0.5/TpME22_PP_preproc_ICA_PP-epo_ar.fif) does not conform to MNE naming conventions. All epochs files should end with -epo.fif, -epo.fif.gz, _epo.fif or _epo.fif.gz
  epochs = mne.read_epochs(epochs_file_path, proj=False, verbose=False, preload=False)
/home/tom.balay/Baking_EEG/examples/../utils/loading_PP_utils.py:286: RuntimeWarning: This filename (/mnt/data/tom.balay/data/Baking_EEG_data/PP_PATIENTS_DELIRIUM-_0.5/TpPA35_PP_preproc_ICA_PP-epo_ar.fif) does not conform to MNE naming conventions. All epochs files should end with -epo.fif, -epo.fif.gz, _epo.fif or _epo.fif.gz
  epochs_object = mne.read_epochs(
/home/tom.balay/Baking_EEG/examples/../utils/loading_PP_utils.py:286: RuntimeWarning: This filename (/mnt/data/tom.balay/data/Baking_EEG_data/PP_PATIENTS_DELIRIUM-_0.5/TpPA35_PP_preproc_ICA_PP-epo_ar.fif) does not conform to MNE naming conventions. All epochs files should end with -epo.fif, -epo.fif.gz, _epo.fif or _epo.fif.gz
  epochs_object = mne.read_epochs(
/home/tom.balay/Baking_EEG/examples/../utils/loading_PP_utils.py:821: RuntimeWarning: This filename (/mnt/data/tom.balay/data/Baking_EEG_data/PP_PATIENTS_DELIRIUM-_0.5/TpPA35_PP_preproc_ICA_PP-epo_ar.fif) does not conform to MNE naming conventions. All epochs files should end with -epo.fif, -epo.fif.gz, _epo.fif or _epo.fif.gz
  epochs = mne.read_epochs(epochs_file_path, proj=False, verbose=False, preload=False)
/home/tom.balay/Baking_EEG/examples/../utils/loading_PP_utils.py:286: RuntimeWarning: This filename (/mnt/data/tom.balay/data/Baking_EEG_data/PP_PATIENTS_DELIRIUM-_0.5/TpPI46_PP_preproc_noICA_PP-epo_ar.fif) does not conform to MNE naming conventions. All epochs files should end with -epo.fif, -epo.fif.gz, _epo.fif or _epo.fif.gz
  epochs_object = mne.read_epochs(
/home/tom.balay/Baking_EEG/examples/../utils/loading_PP_utils.py:286: RuntimeWarning: This filename (/mnt/data/tom.balay/data/Baking_EEG_data/PP_PATIENTS_DELIRIUM-_0.5/TpPI46_PP_preproc_noICA_PP-epo_ar.fif) does not conform to MNE naming conventions. All epochs files should end with -epo.fif, -epo.fif.gz, _epo.fif or _epo.fif.gz
  epochs_object = mne.read_epochs(
/home/tom.balay/Baking_EEG/examples/../utils/loading_PP_utils.py:821: RuntimeWarning: This filename (/mnt/data/tom.balay/data/Baking_EEG_data/PP_PATIENTS_DELIRIUM-_0.5/TpPI46_PP_preproc_noICA_PP-epo_ar.fif) does not conform to MNE naming conventions. All epochs files should end with -epo.fif, -epo.fif.gz, _epo.fif or _epo.fif.gz
  epochs = mne.read_epochs(epochs_file_path, proj=False, verbose=False, preload=False)
/home/tom.balay/Baking_EEG/examples/../utils/loading_PP_utils.py:286: RuntimeWarning: This filename (/mnt/data/tom.balay/data/Baking_EEG_data/PP_PATIENTS_DELIRIUM-_0.5/TpPL48_PP_preproc_noICA_PP-epo_ar.fif) does not conform to MNE naming conventions. All epochs files should end with -epo.fif, -epo.fif.gz, _epo.fif or _epo.fif.gz
  epochs_object = mne.read_epochs(
/home/tom.balay/Baking_EEG/examples/../utils/loading_PP_utils.py:286: RuntimeWarning: This filename (/mnt/data/tom.balay/data/Baking_EEG_data/PP_PATIENTS_DELIRIUM-_0.5/TpPL48_PP_preproc_noICA_PP-epo_ar.fif) does not conform to MNE naming conventions. All epochs files should end with -epo.fif, -epo.fif.gz, _epo.fif or _epo.fif.gz
  epochs_object = mne.read_epochs(
/home/tom.balay/Baking_EEG/examples/../utils/loading_PP_utils.py:821: RuntimeWarning: This filename (/mnt/data/tom.balay/data/Baking_EEG_data/PP_PATIENTS_DELIRIUM-_0.5/TpPL48_PP_preproc_noICA_PP-epo_ar.fif) does not conform to MNE naming conventions. All epochs files should end with -epo.fif, -epo.fif.gz, _epo.fif or _epo.fif.gz
  epochs = mne.read_epochs(epochs_file_path, proj=False, verbose=False, preload=False)
/home/tom.balay/Baking_EEG/examples/../utils/loading_PP_utils.py:286: RuntimeWarning: This filename (/mnt/data/tom.balay/data/Baking_EEG_data/PP_PATIENTS_DELIRIUM-_0.5/TpRB50_PP_preproc_noICA_PP-epo_ar.fif) does not conform to MNE naming conventions. All epochs files should end with -epo.fif, -epo.fif.gz, _epo.fif or _epo.fif.gz
  epochs_object = mne.read_epochs(
/home/tom.balay/Baking_EEG/examples/../utils/loading_PP_utils.py:286: RuntimeWarning: This filename (/mnt/data/tom.balay/data/Baking_EEG_data/PP_PATIENTS_DELIRIUM-_0.5/TpRB50_PP_preproc_noICA_PP-epo_ar.fif) does not conform to MNE naming conventions. All epochs files should end with -epo.fif, -epo.fif.gz, _epo.fif or _epo.fif.gz
  epochs_object = mne.read_epochs(
/home/tom.balay/Baking_EEG/examples/../utils/loading_PP_utils.py:821: RuntimeWarning: This filename (/mnt/data/tom.balay/data/Baking_EEG_data/PP_PATIENTS_DELIRIUM-_0.5/TpRB50_PP_preproc_noICA_PP-epo_ar.fif) does not conform to MNE naming conventions. All epochs files should end with -epo.fif, -epo.fif.gz, _epo.fif or _epo.fif.gz
  epochs = mne.read_epochs(epochs_file_path, proj=False, verbose=False, preload=False)
/home/tom.balay/Baking_EEG/examples/../utils/loading_PP_utils.py:286: RuntimeWarning: This filename (/mnt/data/tom.balay/data/Baking_EEG_data/PP_PATIENTS_DELIRIUM-_0.5/TpRK39_PP_preproc_noICA_PP-epo_ar.fif) does not conform to MNE naming conventions. All epochs files should end with -epo.fif, -epo.fif.gz, _epo.fif or _epo.fif.gz
  epochs_object = mne.read_epochs(
/home/tom.balay/Baking_EEG/examples/../utils/loading_PP_utils.py:286: RuntimeWarning: This filename (/mnt/data/tom.balay/data/Baking_EEG_data/PP_PATIENTS_DELIRIUM-_0.5/TpRK39_PP_preproc_noICA_PP-epo_ar.fif) does not conform to MNE naming conventions. All epochs files should end with -epo.fif, -epo.fif.gz, _epo.fif or _epo.fif.gz
  epochs_object = mne.read_epochs(
/home/tom.balay/Baking_EEG/examples/../utils/loading_PP_utils.py:821: RuntimeWarning: This filename (/mnt/data/tom.balay/data/Baking_EEG_data/PP_PATIENTS_DELIRIUM-_0.5/TpRK39_PP_preproc_noICA_PP-epo_ar.fif) does not conform to MNE naming conventions. All epochs files should end with -epo.fif, -epo.fif.gz, _epo.fif or _epo.fif.gz
  epochs = mne.read_epochs(epochs_file_path, proj=False, verbose=False, preload=False)
/home/tom.balay/Baking_EEG/examples/../utils/loading_PP_utils.py:286: RuntimeWarning: This filename (/mnt/data/tom.balay/data/Baking_EEG_data/PP_PATIENTS_DELIRIUM-_0.5/TpSD30_PP_preproc_ICA_PP-epo_ar.fif) does not conform to MNE naming conventions. All epochs files should end with -epo.fif, -epo.fif.gz, _epo.fif or _epo.fif.gz
  epochs_object = mne.read_epochs(
/home/tom.balay/Baking_EEG/examples/../utils/loading_PP_utils.py:286: RuntimeWarning: This filename (/mnt/data/tom.balay/data/Baking_EEG_data/PP_PATIENTS_DELIRIUM-_0.5/TpSD30_PP_preproc_ICA_PP-epo_ar.fif) does not conform to MNE naming conventions. All epochs files should end with -epo.fif, -epo.fif.gz, _epo.fif or _epo.fif.gz
  epochs_object = mne.read_epochs(
/home/tom.balay/Baking_EEG/examples/../utils/loading_PP_utils.py:821: RuntimeWarning: This filename (/mnt/data/tom.balay/data/Baking_EEG_data/PP_PATIENTS_DELIRIUM-_0.5/TpSD30_PP_preproc_ICA_PP-epo_ar.fif) does not conform to MNE naming conventions. All epochs files should end with -epo.fif, -epo.fif.gz, _epo.fif or _epo.fif.gz
  epochs = mne.read_epochs(epochs_file_path, proj=False, verbose=False, preload=False)
/home/tom.balay/Baking_EEG/examples/../utils/loading_PP_utils.py:286: RuntimeWarning: This filename (/mnt/data/tom.balay/data/Baking_EEG_data/PP_PATIENTS_DELIRIUM-_0.5/TpYB41_PP_preproc_ICA_PP-epo_ar.fif) does not conform to MNE naming conventions. All epochs files should end with -epo.fif, -epo.fif.gz, _epo.fif or _epo.fif.gz
  epochs_object = mne.read_epochs(
/home/tom.balay/Baking_EEG/examples/../utils/loading_PP_utils.py:286: RuntimeWarning: This filename (/mnt/data/tom.balay/data/Baking_EEG_data/PP_PATIENTS_DELIRIUM-_0.5/TpYB41_PP_preproc_ICA_PP-epo_ar.fif) does not conform to MNE naming conventions. All epochs files should end with -epo.fif, -epo.fif.gz, _epo.fif or _epo.fif.gz
  epochs_object = mne.read_epochs(
/home/tom.balay/Baking_EEG/examples/../utils/loading_PP_utils.py:821: RuntimeWarning: This filename (/mnt/data/tom.balay/data/Baking_EEG_data/PP_PATIENTS_DELIRIUM-_0.5/TpYB41_PP_preproc_ICA_PP-epo_ar.fif) does not conform to MNE naming conventions. All epochs files should end with -epo.fif, -epo.fif.gz, _epo.fif or _epo.fif.gz
  epochs = mne.read_epochs(epochs_file_path, proj=False, verbose=False, preload=False)
