/home/tom.balay/Baking_EEG/examples/../utils/loading_PP_utils.py:286: RuntimeWarning: This filename (/mnt/data/tom.balay/data/Baking_EEG_data/PP_VS_01HZ/PPext3/CB31_preproc_noICA_PPAP-epo_ar.fif) does not conform to MNE naming conventions. All epochs files should end with -epo.fif, -epo.fif.gz, _epo.fif or _epo.fif.gz
  epochs_object = mne.read_epochs(
/home/tom.balay/Baking_EEG/examples/../utils/loading_PP_utils.py:286: RuntimeWarning: This filename (/mnt/data/tom.balay/data/Baking_EEG_data/PP_VS_01HZ/PPext3/CB31_preproc_noICA_PPAP-epo_ar.fif) does not conform to MNE naming conventions. All epochs files should end with -epo.fif, -epo.fif.gz, _epo.fif or _epo.fif.gz
  epochs_object = mne.read_epochs(
/home/tom.balay/Baking_EEG/examples/../utils/loading_PP_utils.py:821: RuntimeWarning: This filename (/mnt/data/tom.balay/data/Baking_EEG_data/PP_VS_01HZ/PPext3/CB31_preproc_noICA_PPAP-epo_ar.fif) does not conform to MNE naming conventions. All epochs files should end with -epo.fif, -epo.fif.gz, _epo.fif or _epo.fif.gz
  epochs = mne.read_epochs(epochs_file_path, proj=False, verbose=False, preload=False)
/home/tom.balay/Baking_EEG/examples/../utils/loading_PP_utils.py:286: RuntimeWarning: This filename (/mnt/data/tom.balay/data/Baking_EEG_data/PP_VS_01HZ/PPext3/DZ44_preproc_ICA_PPAP-epo_ar.fif) does not conform to MNE naming conventions. All epochs files should end with -epo.fif, -epo.fif.gz, _epo.fif or _epo.fif.gz
  epochs_object = mne.read_epochs(
/home/tom.balay/Baking_EEG/examples/../utils/loading_PP_utils.py:286: RuntimeWarning: This filename (/mnt/data/tom.balay/data/Baking_EEG_data/PP_VS_01HZ/PPext3/DZ44_preproc_ICA_PPAP-epo_ar.fif) does not conform to MNE naming conventions. All epochs files should end with -epo.fif, -epo.fif.gz, _epo.fif or _epo.fif.gz
  epochs_object = mne.read_epochs(
/home/tom.balay/Baking_EEG/examples/../utils/loading_PP_utils.py:821: RuntimeWarning: This filename (/mnt/data/tom.balay/data/Baking_EEG_data/PP_VS_01HZ/PPext3/DZ44_preproc_ICA_PPAP-epo_ar.fif) does not conform to MNE naming conventions. All epochs files should end with -epo.fif, -epo.fif.gz, _epo.fif or _epo.fif.gz
  epochs = mne.read_epochs(epochs_file_path, proj=False, verbose=False, preload=False)
/home/tom.balay/Baking_EEG/examples/../utils/loading_PP_utils.py:286: RuntimeWarning: This filename (/mnt/data/tom.balay/data/Baking_EEG_data/PP_VS_01HZ/PPext3/GM37_preproc_noICA_PPAP-epo_ar.fif) does not conform to MNE naming conventions. All epochs files should end with -epo.fif, -epo.fif.gz, _epo.fif or _epo.fif.gz
  epochs_object = mne.read_epochs(
/home/tom.balay/Baking_EEG/examples/../utils/loading_PP_utils.py:286: RuntimeWarning: This filename (/mnt/data/tom.balay/data/Baking_EEG_data/PP_VS_01HZ/PPext3/GM37_preproc_noICA_PPAP-epo_ar.fif) does not conform to MNE naming conventions. All epochs files should end with -epo.fif, -epo.fif.gz, _epo.fif or _epo.fif.gz
  epochs_object = mne.read_epochs(
/home/tom.balay/Baking_EEG/examples/../utils/loading_PP_utils.py:821: RuntimeWarning: This filename (/mnt/data/tom.balay/data/Baking_EEG_data/PP_VS_01HZ/PPext3/GM37_preproc_noICA_PPAP-epo_ar.fif) does not conform to MNE naming conventions. All epochs files should end with -epo.fif, -epo.fif.gz, _epo.fif or _epo.fif.gz
  epochs = mne.read_epochs(epochs_file_path, proj=False, verbose=False, preload=False)
/home/tom.balay/Baking_EEG/examples/../utils/loading_PP_utils.py:286: RuntimeWarning: This filename (/mnt/data/tom.balay/data/Baking_EEG_data/PP_VS_01HZ/PPext3/GU32_preproc_noICA_PPAP-epo_ar.fif) does not conform to MNE naming conventions. All epochs files should end with -epo.fif, -epo.fif.gz, _epo.fif or _epo.fif.gz
  epochs_object = mne.read_epochs(
/home/tom.balay/Baking_EEG/examples/../utils/loading_PP_utils.py:286: RuntimeWarning: This filename (/mnt/data/tom.balay/data/Baking_EEG_data/PP_VS_01HZ/PPext3/GU32_preproc_noICA_PPAP-epo_ar.fif) does not conform to MNE naming conventions. All epochs files should end with -epo.fif, -epo.fif.gz, _epo.fif or _epo.fif.gz
  epochs_object = mne.read_epochs(
/home/tom.balay/Baking_EEG/examples/../utils/loading_PP_utils.py:821: RuntimeWarning: This filename (/mnt/data/tom.balay/data/Baking_EEG_data/PP_VS_01HZ/PPext3/GU32_preproc_noICA_PPAP-epo_ar.fif) does not conform to MNE naming conventions. All epochs files should end with -epo.fif, -epo.fif.gz, _epo.fif or _epo.fif.gz
  epochs = mne.read_epochs(epochs_file_path, proj=False, verbose=False, preload=False)
/home/tom.balay/Baking_EEG/examples/../utils/loading_PP_utils.py:286: RuntimeWarning: This filename (/mnt/data/tom.balay/data/Baking_EEG_data/PP_VS_01HZ/PPext3/HZ24_preproc_ICA_PPAP-epo_ar.fif) does not conform to MNE naming conventions. All epochs files should end with -epo.fif, -epo.fif.gz, _epo.fif or _epo.fif.gz
  epochs_object = mne.read_epochs(
/home/tom.balay/Baking_EEG/examples/../utils/loading_PP_utils.py:286: RuntimeWarning: This filename (/mnt/data/tom.balay/data/Baking_EEG_data/PP_VS_01HZ/PPext3/HZ24_preproc_ICA_PPAP-epo_ar.fif) does not conform to MNE naming conventions. All epochs files should end with -epo.fif, -epo.fif.gz, _epo.fif or _epo.fif.gz
  epochs_object = mne.read_epochs(
/home/tom.balay/Baking_EEG/examples/../utils/loading_PP_utils.py:821: RuntimeWarning: This filename (/mnt/data/tom.balay/data/Baking_EEG_data/PP_VS_01HZ/PPext3/HZ24_preproc_ICA_PPAP-epo_ar.fif) does not conform to MNE naming conventions. All epochs files should end with -epo.fif, -epo.fif.gz, _epo.fif or _epo.fif.gz
  epochs = mne.read_epochs(epochs_file_path, proj=False, verbose=False, preload=False)
/home/tom.balay/Baking_EEG/examples/../utils/loading_PP_utils.py:286: RuntimeWarning: This filename (/mnt/data/tom.balay/data/Baking_EEG_data/PP_VS_01HZ/Battery/KA70_preproc_noICA_PPAP-epo_ar.fif) does not conform to MNE naming conventions. All epochs files should end with -epo.fif, -epo.fif.gz, _epo.fif or _epo.fif.gz
  epochs_object = mne.read_epochs(
/home/tom.balay/Baking_EEG/examples/../utils/loading_PP_utils.py:286: RuntimeWarning: This filename (/mnt/data/tom.balay/data/Baking_EEG_data/PP_VS_01HZ/Battery/KA70_preproc_noICA_PPAP-epo_ar.fif) does not conform to MNE naming conventions. All epochs files should end with -epo.fif, -epo.fif.gz, _epo.fif or _epo.fif.gz
  epochs_object = mne.read_epochs(
/home/tom.balay/Baking_EEG/examples/../utils/loading_PP_utils.py:821: RuntimeWarning: This filename (/mnt/data/tom.balay/data/Baking_EEG_data/PP_VS_01HZ/Battery/KA70_preproc_noICA_PPAP-epo_ar.fif) does not conform to MNE naming conventions. All epochs files should end with -epo.fif, -epo.fif.gz, _epo.fif or _epo.fif.gz
  epochs = mne.read_epochs(epochs_file_path, proj=False, verbose=False, preload=False)
/home/tom.balay/Baking_EEG/examples/../utils/loading_PP_utils.py:286: RuntimeWarning: This filename (/mnt/data/tom.balay/data/Baking_EEG_data/PP_VS_01HZ/Battery/MH74_preproc_noICA_PPAP-epo_ar.fif) does not conform to MNE naming conventions. All epochs files should end with -epo.fif, -epo.fif.gz, _epo.fif or _epo.fif.gz
  epochs_object = mne.read_epochs(
/home/tom.balay/Baking_EEG/examples/../utils/loading_PP_utils.py:286: RuntimeWarning: This filename (/mnt/data/tom.balay/data/Baking_EEG_data/PP_VS_01HZ/Battery/MH74_preproc_noICA_PPAP-epo_ar.fif) does not conform to MNE naming conventions. All epochs files should end with -epo.fif, -epo.fif.gz, _epo.fif or _epo.fif.gz
  epochs_object = mne.read_epochs(
/home/tom.balay/Baking_EEG/examples/../utils/loading_PP_utils.py:821: RuntimeWarning: This filename (/mnt/data/tom.balay/data/Baking_EEG_data/PP_VS_01HZ/Battery/MH74_preproc_noICA_PPAP-epo_ar.fif) does not conform to MNE naming conventions. All epochs files should end with -epo.fif, -epo.fif.gz, _epo.fif or _epo.fif.gz
  epochs = mne.read_epochs(epochs_file_path, proj=False, verbose=False, preload=False)
/home/tom.balay/Baking_EEG/examples/../utils/loading_PP_utils.py:286: RuntimeWarning: This filename (/mnt/data/tom.balay/data/Baking_EEG_data/PP_VS_01HZ/Battery/MM86_preproc_noICA_PPAP-epo_ar.fif) does not conform to MNE naming conventions. All epochs files should end with -epo.fif, -epo.fif.gz, _epo.fif or _epo.fif.gz
  epochs_object = mne.read_epochs(
/home/tom.balay/Baking_EEG/examples/../utils/loading_PP_utils.py:286: RuntimeWarning: This filename (/mnt/data/tom.balay/data/Baking_EEG_data/PP_VS_01HZ/Battery/MM86_preproc_noICA_PPAP-epo_ar.fif) does not conform to MNE naming conventions. All epochs files should end with -epo.fif, -epo.fif.gz, _epo.fif or _epo.fif.gz
  epochs_object = mne.read_epochs(
/home/tom.balay/Baking_EEG/examples/../utils/loading_PP_utils.py:821: RuntimeWarning: This filename (/mnt/data/tom.balay/data/Baking_EEG_data/PP_VS_01HZ/Battery/MM86_preproc_noICA_PPAP-epo_ar.fif) does not conform to MNE naming conventions. All epochs files should end with -epo.fif, -epo.fif.gz, _epo.fif or _epo.fif.gz
  epochs = mne.read_epochs(epochs_file_path, proj=False, verbose=False, preload=False)
/home/tom.balay/Baking_EEG/examples/../utils/loading_PP_utils.py:286: RuntimeWarning: This filename (/mnt/data/tom.balay/data/Baking_EEG_data/PP_VS_01HZ/Battery/OD69_preproc_noICA_PPAP-epo_ar.fif) does not conform to MNE naming conventions. All epochs files should end with -epo.fif, -epo.fif.gz, _epo.fif or _epo.fif.gz
  epochs_object = mne.read_epochs(
/home/tom.balay/Baking_EEG/examples/../utils/loading_PP_utils.py:286: RuntimeWarning: This filename (/mnt/data/tom.balay/data/Baking_EEG_data/PP_VS_01HZ/Battery/OD69_preproc_noICA_PPAP-epo_ar.fif) does not conform to MNE naming conventions. All epochs files should end with -epo.fif, -epo.fif.gz, _epo.fif or _epo.fif.gz
  epochs_object = mne.read_epochs(
/home/tom.balay/Baking_EEG/examples/../utils/loading_PP_utils.py:821: RuntimeWarning: This filename (/mnt/data/tom.balay/data/Baking_EEG_data/PP_VS_01HZ/Battery/OD69_preproc_noICA_PPAP-epo_ar.fif) does not conform to MNE naming conventions. All epochs files should end with -epo.fif, -epo.fif.gz, _epo.fif or _epo.fif.gz
  epochs = mne.read_epochs(epochs_file_path, proj=False, verbose=False, preload=False)
/home/tom.balay/Baking_EEG/examples/../utils/loading_PP_utils.py:286: RuntimeWarning: This filename (/mnt/data/tom.balay/data/Baking_EEG_data/PP_VS_01HZ/PPext3/PB28_preproc_ICA_PPAP-epo_ar.fif) does not conform to MNE naming conventions. All epochs files should end with -epo.fif, -epo.fif.gz, _epo.fif or _epo.fif.gz
  epochs_object = mne.read_epochs(
/home/tom.balay/Baking_EEG/examples/../utils/loading_PP_utils.py:286: RuntimeWarning: This filename (/mnt/data/tom.balay/data/Baking_EEG_data/PP_VS_01HZ/PPext3/PB28_preproc_ICA_PPAP-epo_ar.fif) does not conform to MNE naming conventions. All epochs files should end with -epo.fif, -epo.fif.gz, _epo.fif or _epo.fif.gz
  epochs_object = mne.read_epochs(
/home/tom.balay/Baking_EEG/examples/../utils/loading_PP_utils.py:821: RuntimeWarning: This filename (/mnt/data/tom.balay/data/Baking_EEG_data/PP_VS_01HZ/PPext3/PB28_preproc_ICA_PPAP-epo_ar.fif) does not conform to MNE naming conventions. All epochs files should end with -epo.fif, -epo.fif.gz, _epo.fif or _epo.fif.gz
  epochs = mne.read_epochs(epochs_file_path, proj=False, verbose=False, preload=False)
/home/tom.balay/Baking_EEG/examples/../utils/loading_PP_utils.py:286: RuntimeWarning: This filename (/mnt/data/tom.balay/data/Baking_EEG_data/PP_VS_01HZ/PPext3/TL36_preproc_noICA_PPAP-epo_ar.fif) does not conform to MNE naming conventions. All epochs files should end with -epo.fif, -epo.fif.gz, _epo.fif or _epo.fif.gz
  epochs_object = mne.read_epochs(
/home/tom.balay/Baking_EEG/examples/../utils/loading_PP_utils.py:286: RuntimeWarning: This filename (/mnt/data/tom.balay/data/Baking_EEG_data/PP_VS_01HZ/PPext3/TL36_preproc_noICA_PPAP-epo_ar.fif) does not conform to MNE naming conventions. All epochs files should end with -epo.fif, -epo.fif.gz, _epo.fif or _epo.fif.gz
  epochs_object = mne.read_epochs(
/home/tom.balay/Baking_EEG/examples/../utils/loading_PP_utils.py:821: RuntimeWarning: This filename (/mnt/data/tom.balay/data/Baking_EEG_data/PP_VS_01HZ/PPext3/TL36_preproc_noICA_PPAP-epo_ar.fif) does not conform to MNE naming conventions. All epochs files should end with -epo.fif, -epo.fif.gz, _epo.fif or _epo.fif.gz
  epochs = mne.read_epochs(epochs_file_path, proj=False, verbose=False, preload=False)
/home/tom.balay/Baking_EEG/examples/../utils/loading_PP_utils.py:286: RuntimeWarning: This filename (/mnt/data/tom.balay/data/Baking_EEG_data/PP_VS_01HZ/PPext3/TpAB15J8_preproc_noICA_PPAP-epo_ar.fif) does not conform to MNE naming conventions. All epochs files should end with -epo.fif, -epo.fif.gz, _epo.fif or _epo.fif.gz
  epochs_object = mne.read_epochs(
/home/tom.balay/Baking_EEG/examples/../utils/loading_PP_utils.py:286: RuntimeWarning: This filename (/mnt/data/tom.balay/data/Baking_EEG_data/PP_VS_01HZ/PPext3/TpAB15J8_preproc_noICA_PPAP-epo_ar.fif) does not conform to MNE naming conventions. All epochs files should end with -epo.fif, -epo.fif.gz, _epo.fif or _epo.fif.gz
  epochs_object = mne.read_epochs(
/home/tom.balay/Baking_EEG/examples/../utils/loading_PP_utils.py:821: RuntimeWarning: This filename (/mnt/data/tom.balay/data/Baking_EEG_data/PP_VS_01HZ/PPext3/TpAB15J8_preproc_noICA_PPAP-epo_ar.fif) does not conform to MNE naming conventions. All epochs files should end with -epo.fif, -epo.fif.gz, _epo.fif or _epo.fif.gz
  epochs = mne.read_epochs(epochs_file_path, proj=False, verbose=False, preload=False)
/home/tom.balay/Baking_EEG/examples/../utils/loading_PP_utils.py:286: RuntimeWarning: This filename (/mnt/data/tom.balay/data/Baking_EEG_data/PP_VS_01HZ/PPext3/TpAT19J8_preproc_ICA_PPAP-epo_ar.fif) does not conform to MNE naming conventions. All epochs files should end with -epo.fif, -epo.fif.gz, _epo.fif or _epo.fif.gz
  epochs_object = mne.read_epochs(
/home/tom.balay/Baking_EEG/examples/../utils/loading_PP_utils.py:286: RuntimeWarning: This filename (/mnt/data/tom.balay/data/Baking_EEG_data/PP_VS_01HZ/PPext3/TpAT19J8_preproc_ICA_PPAP-epo_ar.fif) does not conform to MNE naming conventions. All epochs files should end with -epo.fif, -epo.fif.gz, _epo.fif or _epo.fif.gz
  epochs_object = mne.read_epochs(
/home/tom.balay/Baking_EEG/examples/../utils/loading_PP_utils.py:821: RuntimeWarning: This filename (/mnt/data/tom.balay/data/Baking_EEG_data/PP_VS_01HZ/PPext3/TpAT19J8_preproc_ICA_PPAP-epo_ar.fif) does not conform to MNE naming conventions. All epochs files should end with -epo.fif, -epo.fif.gz, _epo.fif or _epo.fif.gz
  epochs = mne.read_epochs(epochs_file_path, proj=False, verbose=False, preload=False)
/home/tom.balay/Baking_EEG/examples/../utils/loading_PP_utils.py:286: RuntimeWarning: This filename (/mnt/data/tom.balay/data/Baking_EEG_data/PP_VS_01HZ/PPext3/TpBD10J8_preproc_ICA_PPAP-epo_ar.fif) does not conform to MNE naming conventions. All epochs files should end with -epo.fif, -epo.fif.gz, _epo.fif or _epo.fif.gz
  epochs_object = mne.read_epochs(
/home/tom.balay/Baking_EEG/examples/../utils/loading_PP_utils.py:286: RuntimeWarning: This filename (/mnt/data/tom.balay/data/Baking_EEG_data/PP_VS_01HZ/PPext3/TpBD10J8_preproc_ICA_PPAP-epo_ar.fif) does not conform to MNE naming conventions. All epochs files should end with -epo.fif, -epo.fif.gz, _epo.fif or _epo.fif.gz
  epochs_object = mne.read_epochs(
/home/tom.balay/Baking_EEG/examples/../utils/loading_PP_utils.py:821: RuntimeWarning: This filename (/mnt/data/tom.balay/data/Baking_EEG_data/PP_VS_01HZ/PPext3/TpBD10J8_preproc_ICA_PPAP-epo_ar.fif) does not conform to MNE naming conventions. All epochs files should end with -epo.fif, -epo.fif.gz, _epo.fif or _epo.fif.gz
  epochs = mne.read_epochs(epochs_file_path, proj=False, verbose=False, preload=False)
/home/tom.balay/Baking_EEG/examples/../utils/loading_PP_utils.py:286: RuntimeWarning: This filename (/mnt/data/tom.balay/data/Baking_EEG_data/PP_VS_01HZ/PPext3/TpDC22J8_preproc_noICA_PPAP-epo_ar.fif) does not conform to MNE naming conventions. All epochs files should end with -epo.fif, -epo.fif.gz, _epo.fif or _epo.fif.gz
  epochs_object = mne.read_epochs(
/home/tom.balay/Baking_EEG/examples/../utils/loading_PP_utils.py:286: RuntimeWarning: This filename (/mnt/data/tom.balay/data/Baking_EEG_data/PP_VS_01HZ/PPext3/TpDC22J8_preproc_noICA_PPAP-epo_ar.fif) does not conform to MNE naming conventions. All epochs files should end with -epo.fif, -epo.fif.gz, _epo.fif or _epo.fif.gz
  epochs_object = mne.read_epochs(
/home/tom.balay/Baking_EEG/examples/../utils/loading_PP_utils.py:821: RuntimeWarning: This filename (/mnt/data/tom.balay/data/Baking_EEG_data/PP_VS_01HZ/PPext3/TpDC22J8_preproc_noICA_PPAP-epo_ar.fif) does not conform to MNE naming conventions. All epochs files should end with -epo.fif, -epo.fif.gz, _epo.fif or _epo.fif.gz
  epochs = mne.read_epochs(epochs_file_path, proj=False, verbose=False, preload=False)
/home/tom.balay/Baking_EEG/examples/../utils/loading_PP_utils.py:286: RuntimeWarning: This filename (/mnt/data/tom.balay/data/Baking_EEG_data/PP_VS_01HZ/PPext3/TpDL8J8_preproc_ICA_PPAP-epo_ar.fif) does not conform to MNE naming conventions. All epochs files should end with -epo.fif, -epo.fif.gz, _epo.fif or _epo.fif.gz
  epochs_object = mne.read_epochs(
/home/tom.balay/Baking_EEG/examples/../utils/loading_PP_utils.py:286: RuntimeWarning: This filename (/mnt/data/tom.balay/data/Baking_EEG_data/PP_VS_01HZ/PPext3/TpDL8J8_preproc_ICA_PPAP-epo_ar.fif) does not conform to MNE naming conventions. All epochs files should end with -epo.fif, -epo.fif.gz, _epo.fif or _epo.fif.gz
  epochs_object = mne.read_epochs(
/home/tom.balay/Baking_EEG/examples/../utils/loading_PP_utils.py:821: RuntimeWarning: This filename (/mnt/data/tom.balay/data/Baking_EEG_data/PP_VS_01HZ/PPext3/TpDL8J8_preproc_ICA_PPAP-epo_ar.fif) does not conform to MNE naming conventions. All epochs files should end with -epo.fif, -epo.fif.gz, _epo.fif or _epo.fif.gz
  epochs = mne.read_epochs(epochs_file_path, proj=False, verbose=False, preload=False)
/home/tom.balay/Baking_EEG/examples/../utils/loading_PP_utils.py:286: RuntimeWarning: This filename (/mnt/data/tom.balay/data/Baking_EEG_data/PP_VS_01HZ/PPext3/TpFM25J8_preproc_ICA_PPAP-epo_ar.fif) does not conform to MNE naming conventions. All epochs files should end with -epo.fif, -epo.fif.gz, _epo.fif or _epo.fif.gz
  epochs_object = mne.read_epochs(
/home/tom.balay/Baking_EEG/examples/../utils/loading_PP_utils.py:286: RuntimeWarning: This filename (/mnt/data/tom.balay/data/Baking_EEG_data/PP_VS_01HZ/PPext3/TpFM25J8_preproc_ICA_PPAP-epo_ar.fif) does not conform to MNE naming conventions. All epochs files should end with -epo.fif, -epo.fif.gz, _epo.fif or _epo.fif.gz
  epochs_object = mne.read_epochs(
/home/tom.balay/Baking_EEG/examples/../utils/loading_PP_utils.py:821: RuntimeWarning: This filename (/mnt/data/tom.balay/data/Baking_EEG_data/PP_VS_01HZ/PPext3/TpFM25J8_preproc_ICA_PPAP-epo_ar.fif) does not conform to MNE naming conventions. All epochs files should end with -epo.fif, -epo.fif.gz, _epo.fif or _epo.fif.gz
  epochs = mne.read_epochs(epochs_file_path, proj=False, verbose=False, preload=False)
/home/tom.balay/Baking_EEG/examples/../utils/loading_PP_utils.py:286: RuntimeWarning: This filename (/mnt/data/tom.balay/data/Baking_EEG_data/PP_VS_01HZ/PPext3/TpLJ6J8_preproc_ICA_PPAP-epo_ar.fif) does not conform to MNE naming conventions. All epochs files should end with -epo.fif, -epo.fif.gz, _epo.fif or _epo.fif.gz
  epochs_object = mne.read_epochs(
/home/tom.balay/Baking_EEG/examples/../utils/loading_PP_utils.py:286: RuntimeWarning: This filename (/mnt/data/tom.balay/data/Baking_EEG_data/PP_VS_01HZ/PPext3/TpLJ6J8_preproc_ICA_PPAP-epo_ar.fif) does not conform to MNE naming conventions. All epochs files should end with -epo.fif, -epo.fif.gz, _epo.fif or _epo.fif.gz
  epochs_object = mne.read_epochs(
/home/tom.balay/Baking_EEG/examples/../utils/loading_PP_utils.py:821: RuntimeWarning: This filename (/mnt/data/tom.balay/data/Baking_EEG_data/PP_VS_01HZ/PPext3/TpLJ6J8_preproc_ICA_PPAP-epo_ar.fif) does not conform to MNE naming conventions. All epochs files should end with -epo.fif, -epo.fif.gz, _epo.fif or _epo.fif.gz
  epochs = mne.read_epochs(epochs_file_path, proj=False, verbose=False, preload=False)
/home/tom.balay/Baking_EEG/examples/../utils/loading_PP_utils.py:286: RuntimeWarning: This filename (/mnt/data/tom.balay/data/Baking_EEG_data/PP_VS_01HZ/PPext3/TpML3J8_preproc_noICA_PPAP-epo_ar.fif) does not conform to MNE naming conventions. All epochs files should end with -epo.fif, -epo.fif.gz, _epo.fif or _epo.fif.gz
  epochs_object = mne.read_epochs(
/home/tom.balay/Baking_EEG/examples/../utils/loading_PP_utils.py:286: RuntimeWarning: This filename (/mnt/data/tom.balay/data/Baking_EEG_data/PP_VS_01HZ/PPext3/TpML3J8_preproc_noICA_PPAP-epo_ar.fif) does not conform to MNE naming conventions. All epochs files should end with -epo.fif, -epo.fif.gz, _epo.fif or _epo.fif.gz
  epochs_object = mne.read_epochs(
/home/tom.balay/Baking_EEG/examples/../utils/loading_PP_utils.py:821: RuntimeWarning: This filename (/mnt/data/tom.balay/data/Baking_EEG_data/PP_VS_01HZ/PPext3/TpML3J8_preproc_noICA_PPAP-epo_ar.fif) does not conform to MNE naming conventions. All epochs files should end with -epo.fif, -epo.fif.gz, _epo.fif or _epo.fif.gz
  epochs = mne.read_epochs(epochs_file_path, proj=False, verbose=False, preload=False)
