submitit INFO (2025-07-08 15:56:53,352) - Starting with JobEnvironment(job_id=363550, hostname=node12, local_rank=0(1), node=0(1), global_rank=0(1))
submitit INFO (2025-07-08 15:56:53,352) - Loading pickle: /home/tom.balay/Baking_EEG/submitit/logs_submitit_groups_LG/20250708_152320_MCS_LG_GROUP/363550_submitted.pkl
2025-07-08 15:56:57,401 - INFO - examples.run_decoding_one_group_pp - [<module>:39] - Tentative d'import de execute_single_subject_decoding...
2025-07-08 15:56:57,402 - INFO - examples.run_decoding_one_group_pp - [<module>:42] - ✅ Import de execute_single_subject_decoding réussi
2025-07-08 15:56:57,406 - INFO - examples.run_decoding_one_group_lg - [execute_group_intra_subject_lg_decoding_analysis:96] - Starting intra-subject LG decoding analysis for GROUP: MCS. GS: False, CSP: False, ANOVA FS: True. n_jobs_subj: 40.
2025-07-08 15:56:57,406 - INFO - examples.run_decoding_one_group_lg - [execute_group_intra_subject_lg_decoding_analysis:105] - 
--- LG Group 'MCS': Processing Subject 1/19: AE93 ---
2025-07-08 15:56:57,407 - INFO - examples.run_decoding_one_lg - [execute_single_subject_lg_decoding:222] - Starting LG decoding for subject: AE93 (Group: MCS, Task Set ID: Group_LG_Intra_MCS_Subj_AE93, Classifier: svc, GS: False, CSP: False, ANOVA FS: True, n_jobs: 40)
2025-07-08 15:56:57,407 - INFO - examples.run_decoding_one_lg - [execute_single_subject_lg_decoding:233] - Using LG loading conditions: ['LS_ALL', 'LD_ALL', 'GS_ALL', 'GD_ALL', 'LSGS', 'LSGD', 'LDGS', 'LDGD']
2025-07-08 15:56:57,407 - WARNING - utils.loading_LG_utils - [load_epochs_data_for_lg_decoding:96] - Original group path for 'MCS' not found for subject 'AE93'. Subject found in group 'MCS'. Using its path convention.
2025-07-08 15:56:57,407 - ERROR - utils.loading_LG_utils - [load_epochs_data_for_lg_decoding:135] - Data directory for subject 'AE93' (group: 'MCS') not found. Attempted path: 'None'. Base input: '/mnt/data/tom.balay/data/Baking_EEG_data'.
2025-07-08 15:56:57,408 - INFO - examples.run_decoding_one_lg - [execute_single_subject_lg_decoding:242] - Detected protocol 'unknown' for subject AE93
2025-07-08 15:56:57,408 - ERROR - examples.run_decoding_one_lg - [execute_single_subject_lg_decoding:248] - Epochs object loading failed for AE93. Aborting subject.
2025-07-08 15:56:57,408 - WARNING - examples.run_decoding_one_group_lg - [execute_group_intra_subject_lg_decoding_analysis:141] - Subject AE93 processing failed or returned invalid results.
2025-07-08 15:56:57,408 - INFO - examples.run_decoding_one_group_lg - [execute_group_intra_subject_lg_decoding_analysis:105] - 
--- LG Group 'MCS': Processing Subject 2/19: AG42 ---
2025-07-08 15:56:57,408 - INFO - examples.run_decoding_one_lg - [execute_single_subject_lg_decoding:222] - Starting LG decoding for subject: AG42 (Group: MCS, Task Set ID: Group_LG_Intra_MCS_Subj_AG42, Classifier: svc, GS: False, CSP: False, ANOVA FS: True, n_jobs: 40)
2025-07-08 15:56:57,408 - INFO - examples.run_decoding_one_lg - [execute_single_subject_lg_decoding:233] - Using LG loading conditions: ['LS_ALL', 'LD_ALL', 'GS_ALL', 'GD_ALL', 'LSGS', 'LSGD', 'LDGS', 'LDGD']
2025-07-08 15:56:57,408 - WARNING - utils.loading_LG_utils - [load_epochs_data_for_lg_decoding:96] - Original group path for 'MCS' not found for subject 'AG42'. Subject found in group 'MCS'. Using its path convention.
2025-07-08 15:56:57,408 - ERROR - utils.loading_LG_utils - [load_epochs_data_for_lg_decoding:135] - Data directory for subject 'AG42' (group: 'MCS') not found. Attempted path: 'None'. Base input: '/mnt/data/tom.balay/data/Baking_EEG_data'.
2025-07-08 15:56:57,408 - INFO - examples.run_decoding_one_lg - [execute_single_subject_lg_decoding:242] - Detected protocol 'unknown' for subject AG42
2025-07-08 15:56:57,408 - ERROR - examples.run_decoding_one_lg - [execute_single_subject_lg_decoding:248] - Epochs object loading failed for AG42. Aborting subject.
2025-07-08 15:56:57,409 - WARNING - examples.run_decoding_one_group_lg - [execute_group_intra_subject_lg_decoding_analysis:141] - Subject AG42 processing failed or returned invalid results.
2025-07-08 15:56:57,409 - INFO - examples.run_decoding_one_group_lg - [execute_group_intra_subject_lg_decoding_analysis:105] - 
--- LG Group 'MCS': Processing Subject 3/19: CW41 ---
2025-07-08 15:56:57,409 - INFO - examples.run_decoding_one_lg - [execute_single_subject_lg_decoding:222] - Starting LG decoding for subject: CW41 (Group: MCS, Task Set ID: Group_LG_Intra_MCS_Subj_CW41, Classifier: svc, GS: False, CSP: False, ANOVA FS: True, n_jobs: 40)
2025-07-08 15:56:57,409 - INFO - examples.run_decoding_one_lg - [execute_single_subject_lg_decoding:233] - Using LG loading conditions: ['LS_ALL', 'LD_ALL', 'GS_ALL', 'GD_ALL', 'LSGS', 'LSGD', 'LDGS', 'LDGD']
2025-07-08 15:56:57,409 - WARNING - utils.loading_LG_utils - [load_epochs_data_for_lg_decoding:96] - Original group path for 'MCS' not found for subject 'CW41'. Subject found in group 'MCS'. Using its path convention.
2025-07-08 15:56:57,409 - ERROR - utils.loading_LG_utils - [load_epochs_data_for_lg_decoding:135] - Data directory for subject 'CW41' (group: 'MCS') not found. Attempted path: 'None'. Base input: '/mnt/data/tom.balay/data/Baking_EEG_data'.
2025-07-08 15:56:57,409 - INFO - examples.run_decoding_one_lg - [execute_single_subject_lg_decoding:242] - Detected protocol 'unknown' for subject CW41
2025-07-08 15:56:57,409 - ERROR - examples.run_decoding_one_lg - [execute_single_subject_lg_decoding:248] - Epochs object loading failed for CW41. Aborting subject.
2025-07-08 15:56:57,409 - WARNING - examples.run_decoding_one_group_lg - [execute_group_intra_subject_lg_decoding_analysis:141] - Subject CW41 processing failed or returned invalid results.
2025-07-08 15:56:57,409 - INFO - examples.run_decoding_one_group_lg - [execute_group_intra_subject_lg_decoding_analysis:105] - 
--- LG Group 'MCS': Processing Subject 4/19: DA75 ---
2025-07-08 15:56:57,409 - INFO - examples.run_decoding_one_lg - [execute_single_subject_lg_decoding:222] - Starting LG decoding for subject: DA75 (Group: MCS, Task Set ID: Group_LG_Intra_MCS_Subj_DA75, Classifier: svc, GS: False, CSP: False, ANOVA FS: True, n_jobs: 40)
2025-07-08 15:56:57,409 - INFO - examples.run_decoding_one_lg - [execute_single_subject_lg_decoding:233] - Using LG loading conditions: ['LS_ALL', 'LD_ALL', 'GS_ALL', 'GD_ALL', 'LSGS', 'LSGD', 'LDGS', 'LDGD']
2025-07-08 15:56:57,410 - WARNING - utils.loading_LG_utils - [load_epochs_data_for_lg_decoding:96] - Original group path for 'MCS' not found for subject 'DA75'. Subject found in group 'MCS'. Using its path convention.
2025-07-08 15:56:57,410 - ERROR - utils.loading_LG_utils - [load_epochs_data_for_lg_decoding:135] - Data directory for subject 'DA75' (group: 'MCS') not found. Attempted path: 'None'. Base input: '/mnt/data/tom.balay/data/Baking_EEG_data'.
2025-07-08 15:56:57,410 - INFO - examples.run_decoding_one_lg - [execute_single_subject_lg_decoding:242] - Detected protocol 'unknown' for subject DA75
2025-07-08 15:56:57,410 - ERROR - examples.run_decoding_one_lg - [execute_single_subject_lg_decoding:248] - Epochs object loading failed for DA75. Aborting subject.
2025-07-08 15:56:57,410 - WARNING - examples.run_decoding_one_group_lg - [execute_group_intra_subject_lg_decoding_analysis:141] - Subject DA75 processing failed or returned invalid results.
2025-07-08 15:56:57,410 - INFO - examples.run_decoding_one_group_lg - [execute_group_intra_subject_lg_decoding_analysis:105] - 
--- LG Group 'MCS': Processing Subject 5/19: GT50 ---
2025-07-08 15:56:57,410 - INFO - examples.run_decoding_one_lg - [execute_single_subject_lg_decoding:222] - Starting LG decoding for subject: GT50 (Group: MCS, Task Set ID: Group_LG_Intra_MCS_Subj_GT50, Classifier: svc, GS: False, CSP: False, ANOVA FS: True, n_jobs: 40)
2025-07-08 15:56:57,410 - INFO - examples.run_decoding_one_lg - [execute_single_subject_lg_decoding:233] - Using LG loading conditions: ['LS_ALL', 'LD_ALL', 'GS_ALL', 'GD_ALL', 'LSGS', 'LSGD', 'LDGS', 'LDGD']
2025-07-08 15:56:57,410 - WARNING - utils.loading_LG_utils - [load_epochs_data_for_lg_decoding:96] - Original group path for 'MCS' not found for subject 'GT50'. Subject found in group 'MCS'. Using its path convention.
2025-07-08 15:56:57,410 - ERROR - utils.loading_LG_utils - [load_epochs_data_for_lg_decoding:135] - Data directory for subject 'GT50' (group: 'MCS') not found. Attempted path: 'None'. Base input: '/mnt/data/tom.balay/data/Baking_EEG_data'.
2025-07-08 15:56:57,410 - INFO - examples.run_decoding_one_lg - [execute_single_subject_lg_decoding:242] - Detected protocol 'unknown' for subject GT50
2025-07-08 15:56:57,410 - ERROR - examples.run_decoding_one_lg - [execute_single_subject_lg_decoding:248] - Epochs object loading failed for GT50. Aborting subject.
2025-07-08 15:56:57,411 - WARNING - examples.run_decoding_one_group_lg - [execute_group_intra_subject_lg_decoding_analysis:141] - Subject GT50 processing failed or returned invalid results.
2025-07-08 15:56:57,411 - INFO - examples.run_decoding_one_group_lg - [execute_group_intra_subject_lg_decoding_analysis:105] - 
--- LG Group 'MCS': Processing Subject 6/19: HM52 ---
2025-07-08 15:56:57,411 - INFO - examples.run_decoding_one_lg - [execute_single_subject_lg_decoding:222] - Starting LG decoding for subject: HM52 (Group: MCS, Task Set ID: Group_LG_Intra_MCS_Subj_HM52, Classifier: svc, GS: False, CSP: False, ANOVA FS: True, n_jobs: 40)
2025-07-08 15:56:57,411 - INFO - examples.run_decoding_one_lg - [execute_single_subject_lg_decoding:233] - Using LG loading conditions: ['LS_ALL', 'LD_ALL', 'GS_ALL', 'GD_ALL', 'LSGS', 'LSGD', 'LDGS', 'LDGD']
2025-07-08 15:56:57,411 - WARNING - utils.loading_LG_utils - [load_epochs_data_for_lg_decoding:96] - Original group path for 'MCS' not found for subject 'HM52'. Subject found in group 'MCS'. Using its path convention.
2025-07-08 15:56:57,411 - ERROR - utils.loading_LG_utils - [load_epochs_data_for_lg_decoding:135] - Data directory for subject 'HM52' (group: 'MCS') not found. Attempted path: 'None'. Base input: '/mnt/data/tom.balay/data/Baking_EEG_data'.
2025-07-08 15:56:57,411 - INFO - examples.run_decoding_one_lg - [execute_single_subject_lg_decoding:242] - Detected protocol 'unknown' for subject HM52
2025-07-08 15:56:57,411 - ERROR - examples.run_decoding_one_lg - [execute_single_subject_lg_decoding:248] - Epochs object loading failed for HM52. Aborting subject.
2025-07-08 15:56:57,411 - WARNING - examples.run_decoding_one_group_lg - [execute_group_intra_subject_lg_decoding_analysis:141] - Subject HM52 processing failed or returned invalid results.
2025-07-08 15:56:57,411 - INFO - examples.run_decoding_one_group_lg - [execute_group_intra_subject_lg_decoding_analysis:105] - 
--- LG Group 'MCS': Processing Subject 7/19: JA71 ---
2025-07-08 15:56:57,411 - INFO - examples.run_decoding_one_lg - [execute_single_subject_lg_decoding:222] - Starting LG decoding for subject: JA71 (Group: MCS, Task Set ID: Group_LG_Intra_MCS_Subj_JA71, Classifier: svc, GS: False, CSP: False, ANOVA FS: True, n_jobs: 40)
2025-07-08 15:56:57,411 - INFO - examples.run_decoding_one_lg - [execute_single_subject_lg_decoding:233] - Using LG loading conditions: ['LS_ALL', 'LD_ALL', 'GS_ALL', 'GD_ALL', 'LSGS', 'LSGD', 'LDGS', 'LDGD']
2025-07-08 15:56:57,412 - WARNING - utils.loading_LG_utils - [load_epochs_data_for_lg_decoding:96] - Original group path for 'MCS' not found for subject 'JA71'. Subject found in group 'MCS'. Using its path convention.
2025-07-08 15:56:57,412 - ERROR - utils.loading_LG_utils - [load_epochs_data_for_lg_decoding:135] - Data directory for subject 'JA71' (group: 'MCS') not found. Attempted path: 'None'. Base input: '/mnt/data/tom.balay/data/Baking_EEG_data'.
2025-07-08 15:56:57,412 - INFO - examples.run_decoding_one_lg - [execute_single_subject_lg_decoding:242] - Detected protocol 'unknown' for subject JA71
2025-07-08 15:56:57,412 - ERROR - examples.run_decoding_one_lg - [execute_single_subject_lg_decoding:248] - Epochs object loading failed for JA71. Aborting subject.
2025-07-08 15:56:57,412 - WARNING - examples.run_decoding_one_group_lg - [execute_group_intra_subject_lg_decoding_analysis:141] - Subject JA71 processing failed or returned invalid results.
2025-07-08 15:56:57,412 - INFO - examples.run_decoding_one_group_lg - [execute_group_intra_subject_lg_decoding_analysis:105] - 
--- LG Group 'MCS': Processing Subject 8/19: KN49 ---
2025-07-08 15:56:57,412 - INFO - examples.run_decoding_one_lg - [execute_single_subject_lg_decoding:222] - Starting LG decoding for subject: KN49 (Group: MCS, Task Set ID: Group_LG_Intra_MCS_Subj_KN49, Classifier: svc, GS: False, CSP: False, ANOVA FS: True, n_jobs: 40)
2025-07-08 15:56:57,412 - INFO - examples.run_decoding_one_lg - [execute_single_subject_lg_decoding:233] - Using LG loading conditions: ['LS_ALL', 'LD_ALL', 'GS_ALL', 'GD_ALL', 'LSGS', 'LSGD', 'LDGS', 'LDGD']
2025-07-08 15:56:57,412 - WARNING - utils.loading_LG_utils - [load_epochs_data_for_lg_decoding:96] - Original group path for 'MCS' not found for subject 'KN49'. Subject found in group 'MCS'. Using its path convention.
2025-07-08 15:56:57,412 - ERROR - utils.loading_LG_utils - [load_epochs_data_for_lg_decoding:135] - Data directory for subject 'KN49' (group: 'MCS') not found. Attempted path: 'None'. Base input: '/mnt/data/tom.balay/data/Baking_EEG_data'.
2025-07-08 15:56:57,413 - INFO - examples.run_decoding_one_lg - [execute_single_subject_lg_decoding:242] - Detected protocol 'unknown' for subject KN49
2025-07-08 15:56:57,413 - ERROR - examples.run_decoding_one_lg - [execute_single_subject_lg_decoding:248] - Epochs object loading failed for KN49. Aborting subject.
2025-07-08 15:56:57,413 - WARNING - examples.run_decoding_one_group_lg - [execute_group_intra_subject_lg_decoding_analysis:141] - Subject KN49 processing failed or returned invalid results.
2025-07-08 15:56:57,413 - INFO - examples.run_decoding_one_group_lg - [execute_group_intra_subject_lg_decoding_analysis:105] - 
--- LG Group 'MCS': Processing Subject 9/19: LP54 ---
2025-07-08 15:56:57,413 - INFO - examples.run_decoding_one_lg - [execute_single_subject_lg_decoding:222] - Starting LG decoding for subject: LP54 (Group: MCS, Task Set ID: Group_LG_Intra_MCS_Subj_LP54, Classifier: svc, GS: False, CSP: False, ANOVA FS: True, n_jobs: 40)
2025-07-08 15:56:57,413 - INFO - examples.run_decoding_one_lg - [execute_single_subject_lg_decoding:233] - Using LG loading conditions: ['LS_ALL', 'LD_ALL', 'GS_ALL', 'GD_ALL', 'LSGS', 'LSGD', 'LDGS', 'LDGD']
2025-07-08 15:56:57,413 - WARNING - utils.loading_LG_utils - [load_epochs_data_for_lg_decoding:96] - Original group path for 'MCS' not found for subject 'LP54'. Subject found in group 'MCS'. Using its path convention.
2025-07-08 15:56:57,413 - ERROR - utils.loading_LG_utils - [load_epochs_data_for_lg_decoding:135] - Data directory for subject 'LP54' (group: 'MCS') not found. Attempted path: 'None'. Base input: '/mnt/data/tom.balay/data/Baking_EEG_data'.
2025-07-08 15:56:57,413 - INFO - examples.run_decoding_one_lg - [execute_single_subject_lg_decoding:242] - Detected protocol 'unknown' for subject LP54
2025-07-08 15:56:57,413 - ERROR - examples.run_decoding_one_lg - [execute_single_subject_lg_decoding:248] - Epochs object loading failed for LP54. Aborting subject.
2025-07-08 15:56:57,413 - WARNING - examples.run_decoding_one_group_lg - [execute_group_intra_subject_lg_decoding_analysis:141] - Subject LP54 processing failed or returned invalid results.
2025-07-08 15:56:57,413 - INFO - examples.run_decoding_one_group_lg - [execute_group_intra_subject_lg_decoding_analysis:105] - 
--- LG Group 'MCS': Processing Subject 10/19: MC58 ---
2025-07-08 15:56:57,414 - INFO - examples.run_decoding_one_lg - [execute_single_subject_lg_decoding:222] - Starting LG decoding for subject: MC58 (Group: MCS, Task Set ID: Group_LG_Intra_MCS_Subj_MC58, Classifier: svc, GS: False, CSP: False, ANOVA FS: True, n_jobs: 40)
2025-07-08 15:56:57,414 - INFO - examples.run_decoding_one_lg - [execute_single_subject_lg_decoding:233] - Using LG loading conditions: ['LS_ALL', 'LD_ALL', 'GS_ALL', 'GD_ALL', 'LSGS', 'LSGD', 'LDGS', 'LDGD']
2025-07-08 15:56:57,414 - WARNING - utils.loading_LG_utils - [load_epochs_data_for_lg_decoding:96] - Original group path for 'MCS' not found for subject 'MC58'. Subject found in group 'MCS'. Using its path convention.
2025-07-08 15:56:57,414 - ERROR - utils.loading_LG_utils - [load_epochs_data_for_lg_decoding:135] - Data directory for subject 'MC58' (group: 'MCS') not found. Attempted path: 'None'. Base input: '/mnt/data/tom.balay/data/Baking_EEG_data'.
2025-07-08 15:56:57,414 - INFO - examples.run_decoding_one_lg - [execute_single_subject_lg_decoding:242] - Detected protocol 'unknown' for subject MC58
2025-07-08 15:56:57,414 - ERROR - examples.run_decoding_one_lg - [execute_single_subject_lg_decoding:248] - Epochs object loading failed for MC58. Aborting subject.
2025-07-08 15:56:57,414 - WARNING - examples.run_decoding_one_group_lg - [execute_group_intra_subject_lg_decoding_analysis:141] - Subject MC58 processing failed or returned invalid results.
2025-07-08 15:56:57,414 - INFO - examples.run_decoding_one_group_lg - [execute_group_intra_subject_lg_decoding_analysis:105] - 
--- LG Group 'MCS': Processing Subject 11/19: MK80 ---
2025-07-08 15:56:57,414 - INFO - examples.run_decoding_one_lg - [execute_single_subject_lg_decoding:222] - Starting LG decoding for subject: MK80 (Group: MCS, Task Set ID: Group_LG_Intra_MCS_Subj_MK80, Classifier: svc, GS: False, CSP: False, ANOVA FS: True, n_jobs: 40)
2025-07-08 15:56:57,414 - INFO - examples.run_decoding_one_lg - [execute_single_subject_lg_decoding:233] - Using LG loading conditions: ['LS_ALL', 'LD_ALL', 'GS_ALL', 'GD_ALL', 'LSGS', 'LSGD', 'LDGS', 'LDGD']
2025-07-08 15:56:57,414 - WARNING - utils.loading_LG_utils - [load_epochs_data_for_lg_decoding:96] - Original group path for 'MCS' not found for subject 'MK80'. Subject found in group 'MCS'. Using its path convention.
2025-07-08 15:56:57,414 - ERROR - utils.loading_LG_utils - [load_epochs_data_for_lg_decoding:135] - Data directory for subject 'MK80' (group: 'MCS') not found. Attempted path: 'None'. Base input: '/mnt/data/tom.balay/data/Baking_EEG_data'.
2025-07-08 15:56:57,415 - INFO - examples.run_decoding_one_lg - [execute_single_subject_lg_decoding:242] - Detected protocol 'unknown' for subject MK80
2025-07-08 15:56:57,415 - ERROR - examples.run_decoding_one_lg - [execute_single_subject_lg_decoding:248] - Epochs object loading failed for MK80. Aborting subject.
2025-07-08 15:56:57,415 - WARNING - examples.run_decoding_one_group_lg - [execute_group_intra_subject_lg_decoding_analysis:141] - Subject MK80 processing failed or returned invalid results.
2025-07-08 15:56:57,415 - INFO - examples.run_decoding_one_group_lg - [execute_group_intra_subject_lg_decoding_analysis:105] - 
--- LG Group 'MCS': Processing Subject 12/19: PL82 ---
2025-07-08 15:56:57,415 - INFO - examples.run_decoding_one_lg - [execute_single_subject_lg_decoding:222] - Starting LG decoding for subject: PL82 (Group: MCS, Task Set ID: Group_LG_Intra_MCS_Subj_PL82, Classifier: svc, GS: False, CSP: False, ANOVA FS: True, n_jobs: 40)
2025-07-08 15:56:57,415 - INFO - examples.run_decoding_one_lg - [execute_single_subject_lg_decoding:233] - Using LG loading conditions: ['LS_ALL', 'LD_ALL', 'GS_ALL', 'GD_ALL', 'LSGS', 'LSGD', 'LDGS', 'LDGD']
2025-07-08 15:56:57,415 - WARNING - utils.loading_LG_utils - [load_epochs_data_for_lg_decoding:96] - Original group path for 'MCS' not found for subject 'PL82'. Subject found in group 'MCS'. Using its path convention.
2025-07-08 15:56:57,415 - ERROR - utils.loading_LG_utils - [load_epochs_data_for_lg_decoding:135] - Data directory for subject 'PL82' (group: 'MCS') not found. Attempted path: 'None'. Base input: '/mnt/data/tom.balay/data/Baking_EEG_data'.
2025-07-08 15:56:57,415 - INFO - examples.run_decoding_one_lg - [execute_single_subject_lg_decoding:242] - Detected protocol 'unknown' for subject PL82
2025-07-08 15:56:57,415 - ERROR - examples.run_decoding_one_lg - [execute_single_subject_lg_decoding:248] - Epochs object loading failed for PL82. Aborting subject.
2025-07-08 15:56:57,415 - WARNING - examples.run_decoding_one_group_lg - [execute_group_intra_subject_lg_decoding_analysis:141] - Subject PL82 processing failed or returned invalid results.
2025-07-08 15:56:57,415 - INFO - examples.run_decoding_one_group_lg - [execute_group_intra_subject_lg_decoding_analysis:105] - 
--- LG Group 'MCS': Processing Subject 13/19: SR59 ---
2025-07-08 15:56:57,416 - INFO - examples.run_decoding_one_lg - [execute_single_subject_lg_decoding:222] - Starting LG decoding for subject: SR59 (Group: MCS, Task Set ID: Group_LG_Intra_MCS_Subj_SR59, Classifier: svc, GS: False, CSP: False, ANOVA FS: True, n_jobs: 40)
2025-07-08 15:56:57,416 - INFO - examples.run_decoding_one_lg - [execute_single_subject_lg_decoding:233] - Using LG loading conditions: ['LS_ALL', 'LD_ALL', 'GS_ALL', 'GD_ALL', 'LSGS', 'LSGD', 'LDGS', 'LDGD']
2025-07-08 15:56:57,416 - WARNING - utils.loading_LG_utils - [load_epochs_data_for_lg_decoding:96] - Original group path for 'MCS' not found for subject 'SR59'. Subject found in group 'MCS'. Using its path convention.
2025-07-08 15:56:57,416 - ERROR - utils.loading_LG_utils - [load_epochs_data_for_lg_decoding:135] - Data directory for subject 'SR59' (group: 'MCS') not found. Attempted path: 'None'. Base input: '/mnt/data/tom.balay/data/Baking_EEG_data'.
2025-07-08 15:56:57,416 - INFO - examples.run_decoding_one_lg - [execute_single_subject_lg_decoding:242] - Detected protocol 'unknown' for subject SR59
2025-07-08 15:56:57,416 - ERROR - examples.run_decoding_one_lg - [execute_single_subject_lg_decoding:248] - Epochs object loading failed for SR59. Aborting subject.
2025-07-08 15:56:57,416 - WARNING - examples.run_decoding_one_group_lg - [execute_group_intra_subject_lg_decoding_analysis:141] - Subject SR59 processing failed or returned invalid results.
2025-07-08 15:56:57,416 - INFO - examples.run_decoding_one_group_lg - [execute_group_intra_subject_lg_decoding_analysis:105] - 
--- LG Group 'MCS': Processing Subject 14/19: TB56 ---
2025-07-08 15:56:57,416 - INFO - examples.run_decoding_one_lg - [execute_single_subject_lg_decoding:222] - Starting LG decoding for subject: TB56 (Group: MCS, Task Set ID: Group_LG_Intra_MCS_Subj_TB56, Classifier: svc, GS: False, CSP: False, ANOVA FS: True, n_jobs: 40)
2025-07-08 15:56:57,416 - INFO - examples.run_decoding_one_lg - [execute_single_subject_lg_decoding:233] - Using LG loading conditions: ['LS_ALL', 'LD_ALL', 'GS_ALL', 'GD_ALL', 'LSGS', 'LSGD', 'LDGS', 'LDGD']
2025-07-08 15:56:57,416 - WARNING - utils.loading_LG_utils - [load_epochs_data_for_lg_decoding:96] - Original group path for 'MCS' not found for subject 'TB56'. Subject found in group 'MCS'. Using its path convention.
2025-07-08 15:56:57,416 - ERROR - utils.loading_LG_utils - [load_epochs_data_for_lg_decoding:135] - Data directory for subject 'TB56' (group: 'MCS') not found. Attempted path: 'None'. Base input: '/mnt/data/tom.balay/data/Baking_EEG_data'.
2025-07-08 15:56:57,417 - INFO - examples.run_decoding_one_lg - [execute_single_subject_lg_decoding:242] - Detected protocol 'unknown' for subject TB56
2025-07-08 15:56:57,417 - ERROR - examples.run_decoding_one_lg - [execute_single_subject_lg_decoding:248] - Epochs object loading failed for TB56. Aborting subject.
2025-07-08 15:56:57,417 - WARNING - examples.run_decoding_one_group_lg - [execute_group_intra_subject_lg_decoding_analysis:141] - Subject TB56 processing failed or returned invalid results.
2025-07-08 15:56:57,417 - INFO - examples.run_decoding_one_group_lg - [execute_group_intra_subject_lg_decoding_analysis:105] - 
--- LG Group 'MCS': Processing Subject 15/19: TpCF24J8 ---
2025-07-08 15:56:57,417 - INFO - examples.run_decoding_one_lg - [execute_single_subject_lg_decoding:222] - Starting LG decoding for subject: TpCF24J8 (Group: MCS, Task Set ID: Group_LG_Intra_MCS_Subj_TpCF24J8, Classifier: svc, GS: False, CSP: False, ANOVA FS: True, n_jobs: 40)
2025-07-08 15:56:57,417 - INFO - examples.run_decoding_one_lg - [execute_single_subject_lg_decoding:233] - Using LG loading conditions: ['LS_ALL', 'LD_ALL', 'GS_ALL', 'GD_ALL', 'LSGS', 'LSGD', 'LDGS', 'LDGD']
2025-07-08 15:56:57,417 - WARNING - utils.loading_LG_utils - [load_epochs_data_for_lg_decoding:96] - Original group path for 'MCS' not found for subject 'TpCF24J8'. Subject found in group 'MCS'. Using its path convention.
2025-07-08 15:56:57,417 - ERROR - utils.loading_LG_utils - [load_epochs_data_for_lg_decoding:135] - Data directory for subject 'TpCF24J8' (group: 'MCS') not found. Attempted path: 'None'. Base input: '/mnt/data/tom.balay/data/Baking_EEG_data'.
2025-07-08 15:56:57,417 - INFO - examples.run_decoding_one_lg - [execute_single_subject_lg_decoding:242] - Detected protocol 'unknown' for subject TpCF24J8
2025-07-08 15:56:57,417 - ERROR - examples.run_decoding_one_lg - [execute_single_subject_lg_decoding:248] - Epochs object loading failed for TpCF24J8. Aborting subject.
2025-07-08 15:56:57,417 - WARNING - examples.run_decoding_one_group_lg - [execute_group_intra_subject_lg_decoding_analysis:141] - Subject TpCF24J8 processing failed or returned invalid results.
2025-07-08 15:56:57,417 - INFO - examples.run_decoding_one_group_lg - [execute_group_intra_subject_lg_decoding_analysis:105] - 
--- LG Group 'MCS': Processing Subject 16/19: PE_SAM ---
2025-07-08 15:56:57,417 - INFO - examples.run_decoding_one_lg - [execute_single_subject_lg_decoding:222] - Starting LG decoding for subject: PE_SAM (Group: MCS, Task Set ID: Group_LG_Intra_MCS_Subj_PE_SAM, Classifier: svc, GS: False, CSP: False, ANOVA FS: True, n_jobs: 40)
2025-07-08 15:56:57,417 - INFO - examples.run_decoding_one_lg - [execute_single_subject_lg_decoding:233] - Using LG loading conditions: ['LS_ALL', 'LD_ALL', 'GS_ALL', 'GD_ALL', 'LSGS', 'LSGD', 'LDGS', 'LDGD']
2025-07-08 15:56:57,418 - WARNING - utils.loading_LG_utils - [load_epochs_data_for_lg_decoding:96] - Original group path for 'MCS' not found for subject 'PE_SAM'. Subject found in group 'MCS'. Using its path convention.
2025-07-08 15:56:57,418 - ERROR - utils.loading_LG_utils - [load_epochs_data_for_lg_decoding:135] - Data directory for subject 'PE_SAM' (group: 'MCS') not found. Attempted path: 'None'. Base input: '/mnt/data/tom.balay/data/Baking_EEG_data'.
2025-07-08 15:56:57,418 - INFO - examples.run_decoding_one_lg - [execute_single_subject_lg_decoding:242] - Detected protocol 'unknown' for subject PE_SAM
2025-07-08 15:56:57,418 - ERROR - examples.run_decoding_one_lg - [execute_single_subject_lg_decoding:248] - Epochs object loading failed for PE_SAM. Aborting subject.
2025-07-08 15:56:57,418 - WARNING - examples.run_decoding_one_group_lg - [execute_group_intra_subject_lg_decoding_analysis:141] - Subject PE_SAM processing failed or returned invalid results.
2025-07-08 15:56:57,418 - INFO - examples.run_decoding_one_group_lg - [execute_group_intra_subject_lg_decoding_analysis:105] - 
--- LG Group 'MCS': Processing Subject 17/19: YG66 ---
2025-07-08 15:56:57,418 - INFO - examples.run_decoding_one_lg - [execute_single_subject_lg_decoding:222] - Starting LG decoding for subject: YG66 (Group: MCS, Task Set ID: Group_LG_Intra_MCS_Subj_YG66, Classifier: svc, GS: False, CSP: False, ANOVA FS: True, n_jobs: 40)
2025-07-08 15:56:57,418 - INFO - examples.run_decoding_one_lg - [execute_single_subject_lg_decoding:233] - Using LG loading conditions: ['LS_ALL', 'LD_ALL', 'GS_ALL', 'GD_ALL', 'LSGS', 'LSGD', 'LDGS', 'LDGD']
2025-07-08 15:56:57,418 - WARNING - utils.loading_LG_utils - [load_epochs_data_for_lg_decoding:96] - Original group path for 'MCS' not found for subject 'YG66'. Subject found in group 'MCS'. Using its path convention.
2025-07-08 15:56:57,418 - ERROR - utils.loading_LG_utils - [load_epochs_data_for_lg_decoding:135] - Data directory for subject 'YG66' (group: 'MCS') not found. Attempted path: 'None'. Base input: '/mnt/data/tom.balay/data/Baking_EEG_data'.
2025-07-08 15:56:57,418 - INFO - examples.run_decoding_one_lg - [execute_single_subject_lg_decoding:242] - Detected protocol 'unknown' for subject YG66
2025-07-08 15:56:57,418 - ERROR - examples.run_decoding_one_lg - [execute_single_subject_lg_decoding:248] - Epochs object loading failed for YG66. Aborting subject.
2025-07-08 15:56:57,418 - WARNING - examples.run_decoding_one_group_lg - [execute_group_intra_subject_lg_decoding_analysis:141] - Subject YG66 processing failed or returned invalid results.
2025-07-08 15:56:57,418 - INFO - examples.run_decoding_one_group_lg - [execute_group_intra_subject_lg_decoding_analysis:105] - 
--- LG Group 'MCS': Processing Subject 18/19: IR27 ---
2025-07-08 15:56:57,419 - INFO - examples.run_decoding_one_lg - [execute_single_subject_lg_decoding:222] - Starting LG decoding for subject: IR27 (Group: MCS, Task Set ID: Group_LG_Intra_MCS_Subj_IR27, Classifier: svc, GS: False, CSP: False, ANOVA FS: True, n_jobs: 40)
2025-07-08 15:56:57,419 - INFO - examples.run_decoding_one_lg - [execute_single_subject_lg_decoding:233] - Using LG loading conditions: ['LS_ALL', 'LD_ALL', 'GS_ALL', 'GD_ALL', 'LSGS', 'LSGD', 'LDGS', 'LDGD']
2025-07-08 15:56:57,419 - WARNING - utils.loading_LG_utils - [load_epochs_data_for_lg_decoding:96] - Original group path for 'MCS' not found for subject 'IR27'. Subject found in group 'MCS'. Using its path convention.
2025-07-08 15:56:57,419 - ERROR - utils.loading_LG_utils - [load_epochs_data_for_lg_decoding:135] - Data directory for subject 'IR27' (group: 'MCS') not found. Attempted path: 'None'. Base input: '/mnt/data/tom.balay/data/Baking_EEG_data'.
2025-07-08 15:56:57,419 - INFO - examples.run_decoding_one_lg - [execute_single_subject_lg_decoding:242] - Detected protocol 'unknown' for subject IR27
2025-07-08 15:56:57,419 - ERROR - examples.run_decoding_one_lg - [execute_single_subject_lg_decoding:248] - Epochs object loading failed for IR27. Aborting subject.
2025-07-08 15:56:57,419 - WARNING - examples.run_decoding_one_group_lg - [execute_group_intra_subject_lg_decoding_analysis:141] - Subject IR27 processing failed or returned invalid results.
2025-07-08 15:56:57,419 - INFO - examples.run_decoding_one_group_lg - [execute_group_intra_subject_lg_decoding_analysis:105] - 
--- LG Group 'MCS': Processing Subject 19/19: NF35 ---
2025-07-08 15:56:57,419 - INFO - examples.run_decoding_one_lg - [execute_single_subject_lg_decoding:222] - Starting LG decoding for subject: NF35 (Group: MCS, Task Set ID: Group_LG_Intra_MCS_Subj_NF35, Classifier: svc, GS: False, CSP: False, ANOVA FS: True, n_jobs: 40)
2025-07-08 15:56:57,419 - INFO - examples.run_decoding_one_lg - [execute_single_subject_lg_decoding:233] - Using LG loading conditions: ['LS_ALL', 'LD_ALL', 'GS_ALL', 'GD_ALL', 'LSGS', 'LSGD', 'LDGS', 'LDGD']
2025-07-08 15:56:57,419 - WARNING - utils.loading_LG_utils - [load_epochs_data_for_lg_decoding:96] - Original group path for 'MCS' not found for subject 'NF35'. Subject found in group 'MCS'. Using its path convention.
2025-07-08 15:56:57,419 - ERROR - utils.loading_LG_utils - [load_epochs_data_for_lg_decoding:135] - Data directory for subject 'NF35' (group: 'MCS') not found. Attempted path: 'None'. Base input: '/mnt/data/tom.balay/data/Baking_EEG_data'.
2025-07-08 15:56:57,419 - INFO - examples.run_decoding_one_lg - [execute_single_subject_lg_decoding:242] - Detected protocol 'unknown' for subject NF35
2025-07-08 15:56:57,419 - ERROR - examples.run_decoding_one_lg - [execute_single_subject_lg_decoding:248] - Epochs object loading failed for NF35. Aborting subject.
2025-07-08 15:56:57,419 - WARNING - examples.run_decoding_one_group_lg - [execute_group_intra_subject_lg_decoding_analysis:141] - Subject NF35 processing failed or returned invalid results.
2025-07-08 15:56:57,420 - INFO - examples.run_decoding_one_group_lg - [execute_group_intra_subject_lg_decoding_analysis:149] - LG Group analysis for 'MCS' completed in 0.01s. Successfully processed: 0/19 subjects.
2025-07-08 15:56:57,420 - WARNING - examples.run_decoding_one_group_lg - [execute_group_intra_subject_lg_decoding_analysis:158] - No subjects were successfully processed!
submitit INFO (2025-07-08 15:56:57,420) - Job completed successfully
2025-07-08 15:56:57,420 - INFO - submitit - [process_job:56] - Job completed successfully
submitit INFO (2025-07-08 15:56:57,421) - Exiting after successful completion
2025-07-08 15:56:57,421 - INFO - submitit - [process_job:61] - Exiting after successful completion
