submitit INFO (2025-07-01 00:22:10,691) - Starting with JobEnvironment(job_id=352667, hostname=node9, local_rank=0(1), node=0(1), global_rank=0(1))
submitit INFO (2025-07-01 00:22:10,691) - Loading pickle: /home/tom.balay/Baking_EEG/submitit/logs_submitit_jobs_LG/20250630_102701_TpSD30_LG/352667_submitted.pkl
2025-07-01 00:22:14,011 - INFO - examples.run_decoding_one_group_pp - [<module>:39] - Tentative d'import de execute_single_subject_decoding...
2025-07-01 00:22:14,012 - INFO - examples.run_decoding_one_group_pp - [<module>:42] - ✅ Import de execute_single_subject_decoding réussi
2025-07-01 00:22:14,014 - INFO - examples.run_decoding_one_lg - [execute_single_subject_lg_decoding:193] - Starting LG decoding for subject: TpSD30 (Group: DELIRIUM-, Task Set ID: Single_LG_Protocol_Analysis, Classifier: svc, GS: False, CSP: False, ANOVA FS: True, n_jobs: 40)
2025-07-01 00:22:14,014 - INFO - examples.run_decoding_one_lg - [execute_single_subject_lg_decoding:204] - Using LG loading conditions: ['LS_ALL', 'LD_ALL', 'GS_ALL', 'GD_ALL', 'LSGS', 'LSGD', 'LDGS', 'LDGD']
2025-07-01 00:22:21,498 - INFO - examples.run_decoding_one_lg - [execute_single_subject_lg_decoding:213] - Detected protocol 'LG_PATIENTS_DELIRIUM-' for subject TpSD30
2025-07-01 00:22:21,499 - INFO - examples.run_decoding_one_lg - [execute_single_subject_lg_decoding:254] - --- Starting Main LG Protocol Decoding for TpSD30 ---
2025-07-01 00:22:21,500 - INFO - examples.run_decoding_one_lg - [execute_single_subject_lg_decoding:257] -   --- 1. Main LG Decoding (LS vs LD) for TpSD30 ---
2025-07-01 00:22:21,804 - INFO - Baking_EEG._4_decoding_core - [run_temporal_decoding_analysis:68] - --- Temporal Ddcoding Analysis ---
2025-07-01 00:22:21,804 - INFO - Baking_EEG._4_decoding_core - [run_temporal_decoding_analysis:69] - Clf: svc, GS: False, CSP (temporal): False, ANOVA FS (temporal): True
2025-07-01 00:22:21,809 - INFO - base.base_decoding - [_build_standard_classifier_pipeline:57] - Pipeline à hyperparamètres fixes: type='svc', CSP: False, ANOVA FS: True
2025-07-01 00:22:21,810 - INFO - base.base_decoding - [_build_standard_classifier_pipeline:68] - DEBUG: add_csp_step type=bool, value=False, bool()=False
2025-07-01 00:22:21,810 - INFO - base.base_decoding - [_build_standard_classifier_pipeline:91] -    Étape ANOVA FS 'anova_feature_selection' ajoutée (percentile fixe=15).
2025-07-01 00:22:21,810 - INFO - base.base_decoding - [_build_standard_classifier_pipeline:123] - Structure finale du pipeline: ['scaler', 'anova_feature_selection', 'svc_classifier']
2025-07-01 00:22:21,810 - INFO - base.base_decoding - [_build_standard_classifier_pipeline:57] - Pipeline à hyperparamètres fixes: type='svc', CSP: False, ANOVA FS: False
2025-07-01 00:22:21,810 - INFO - base.base_decoding - [_build_standard_classifier_pipeline:68] - DEBUG: add_csp_step type=bool, value=False, bool()=False
2025-07-01 00:22:21,810 - INFO - base.base_decoding - [_build_standard_classifier_pipeline:123] - Structure finale du pipeline: ['scaler', 'svc_classifier']
2025-07-01 00:22:21,810 - INFO - Baking_EEG._4_decoding_core - [run_temporal_decoding_analysis:246] - CV strategy: StratifiedKFold with 10 splits.
2025-07-01 00:22:21,810 - INFO - Baking_EEG._4_decoding_core - [run_temporal_decoding_analysis:258] - Sample weights: Auto-calculated per fold (recommended for StratifiedKFold).
2025-07-01 00:22:21,830 - INFO - Baking_EEG._4_decoding_core - [run_temporal_decoding_analysis:294] - MNE Estimators: Using fold-specific balancing via class_weight='balanced' (if supported by classifier).
2025-07-01 00:22:21,831 - INFO - Baking_EEG._4_decoding_core - [run_temporal_decoding_analysis:310] - Starting 1D temporal decoding (SlidingEstimator)...
2025-07-01 00:24:12,190 - INFO - Baking_EEG._4_decoding_core - [run_temporal_decoding_analysis:338] - 1D temporal decoding done. Peak mean AUC: 0.766
2025-07-01 00:24:12,191 - INFO - Baking_EEG._4_decoding_core - [run_temporal_decoding_analysis:379] - TGM computation disabled.
2025-07-01 00:24:12,191 - INFO - Baking_EEG._4_decoding_core - [run_temporal_decoding_analysis:382] - Starting global decoding (n_jobs_folds=40)...
2025-07-01 00:29:55,632 - INFO - Baking_EEG._4_decoding_core - [run_temporal_decoding_analysis:439] - Global decoding done. Mean CV AUC: 0.793 +/- 0.062
2025-07-01 00:29:55,651 - INFO - Baking_EEG._4_decoding_core - [run_temporal_decoding_analysis:478] -   Overall global metrics (aggregated): {'roc_auc': '0.789', 'accuracy': '0.707', 'precision': '0.699', 'recall': '0.710', 'f1_score': '0.704', 'balanced_accuracy': '0.708'}
2025-07-01 00:29:55,651 - INFO - utils.stats_utils - [perform_pointwise_fdr_correction_on_scores:439] - Performing pointwise wilcoxon with FDR correction. Data shape for test (obs, features if any): (10, 801)
2025-07-01 00:29:55,651 - INFO - utils.stats_utils - [perform_pointwise_fdr_correction_on_scores:443] -   Parameters: chance=0.5, alpha=0.05, test_type='wilcoxon', FDR_method='indep', alternative='greater'
2025-07-01 00:29:56,514 - INFO - utils.stats_utils - [perform_pointwise_fdr_correction_on_scores:714] - FDR correction completed. 298 point(s) found significant (p_fdr < 0.05).
2025-07-01 00:29:56,514 - INFO - utils.stats_utils - [perform_cluster_permutation_test:195] - Executing cluster-based permutation test. Data shape (obs, features...): (10, 801)
2025-07-01 00:29:56,514 - INFO - utils.stats_utils - [perform_cluster_permutation_test:199] -   Parameters: n_permutations=1024, threshold_config={'start': 0.1, 'step': 0.1}, alternative='greater' (MNE tail=1), n_jobs=-1
2025-07-01 00:29:56,514 - INFO - utils.stats_utils - [perform_cluster_permutation_test:210] -   Using MNE's default stat_fun (ttest_1samp_no_p) for permutation test.
2025-07-01 00:29:56,514 - INFO - utils.stats_utils - [perform_cluster_permutation_test:242] -   Input data is 2D (features). MNE will use default temporal connectivity inference if applicable.
stat_fun(H1): min=-5.437147 max=16.252791
Running initial clustering …
Using 162 thresholds from 0.10 to 16.20 for TFCE computation (h_power=2.00, e_power=0.50)
Found 801 clusters
2025-07-01 00:29:59,169 - INFO - utils.stats_utils - [perform_cluster_permutation_test:314] - Cluster permutation test completed. 801 initial clusters found (after processing slices).
2025-07-01 00:29:59,170 - INFO - utils.stats_utils - [perform_cluster_permutation_test:338] -   Significant Cluster #435: p-value = 0.0254. Mask shape: (801,), Num True points: 1
2025-07-01 00:29:59,170 - INFO - utils.stats_utils - [perform_cluster_permutation_test:338] -   Significant Cluster #436: p-value = 0.0225. Mask shape: (801,), Num True points: 1
2025-07-01 00:29:59,170 - INFO - utils.stats_utils - [perform_cluster_permutation_test:338] -   Significant Cluster #437: p-value = 0.0225. Mask shape: (801,), Num True points: 1
2025-07-01 00:29:59,170 - INFO - utils.stats_utils - [perform_cluster_permutation_test:338] -   Significant Cluster #438: p-value = 0.0215. Mask shape: (801,), Num True points: 1
2025-07-01 00:29:59,170 - INFO - utils.stats_utils - [perform_cluster_permutation_test:338] -   Significant Cluster #439: p-value = 0.0195. Mask shape: (801,), Num True points: 1
2025-07-01 00:29:59,170 - INFO - utils.stats_utils - [perform_cluster_permutation_test:338] -   Significant Cluster #440: p-value = 0.0176. Mask shape: (801,), Num True points: 1
2025-07-01 00:29:59,170 - INFO - utils.stats_utils - [perform_cluster_permutation_test:338] -   Significant Cluster #441: p-value = 0.0088. Mask shape: (801,), Num True points: 1
2025-07-01 00:29:59,170 - INFO - utils.stats_utils - [perform_cluster_permutation_test:338] -   Significant Cluster #442: p-value = 0.0059. Mask shape: (801,), Num True points: 1
2025-07-01 00:29:59,171 - INFO - utils.stats_utils - [perform_cluster_permutation_test:338] -   Significant Cluster #443: p-value = 0.0088. Mask shape: (801,), Num True points: 1
2025-07-01 00:29:59,171 - INFO - utils.stats_utils - [perform_cluster_permutation_test:338] -   Significant Cluster #444: p-value = 0.0059. Mask shape: (801,), Num True points: 1
2025-07-01 00:29:59,171 - INFO - utils.stats_utils - [perform_cluster_permutation_test:338] -   Significant Cluster #445: p-value = 0.0039. Mask shape: (801,), Num True points: 1
2025-07-01 00:29:59,171 - INFO - utils.stats_utils - [perform_cluster_permutation_test:338] -   Significant Cluster #446: p-value = 0.0029. Mask shape: (801,), Num True points: 1
2025-07-01 00:29:59,171 - INFO - utils.stats_utils - [perform_cluster_permutation_test:338] -   Significant Cluster #447: p-value = 0.0020. Mask shape: (801,), Num True points: 1
2025-07-01 00:29:59,171 - INFO - utils.stats_utils - [perform_cluster_permutation_test:338] -   Significant Cluster #448: p-value = 0.0020. Mask shape: (801,), Num True points: 1
2025-07-01 00:29:59,171 - INFO - utils.stats_utils - [perform_cluster_permutation_test:338] -   Significant Cluster #449: p-value = 0.0020. Mask shape: (801,), Num True points: 1
2025-07-01 00:29:59,171 - INFO - utils.stats_utils - [perform_cluster_permutation_test:338] -   Significant Cluster #450: p-value = 0.0020. Mask shape: (801,), Num True points: 1
2025-07-01 00:29:59,171 - INFO - utils.stats_utils - [perform_cluster_permutation_test:338] -   Significant Cluster #451: p-value = 0.0020. Mask shape: (801,), Num True points: 1
2025-07-01 00:29:59,171 - INFO - utils.stats_utils - [perform_cluster_permutation_test:338] -   Significant Cluster #452: p-value = 0.0020. Mask shape: (801,), Num True points: 1
2025-07-01 00:29:59,172 - INFO - utils.stats_utils - [perform_cluster_permutation_test:338] -   Significant Cluster #453: p-value = 0.0020. Mask shape: (801,), Num True points: 1
2025-07-01 00:29:59,172 - INFO - utils.stats_utils - [perform_cluster_permutation_test:338] -   Significant Cluster #454: p-value = 0.0029. Mask shape: (801,), Num True points: 1
2025-07-01 00:29:59,172 - INFO - utils.stats_utils - [perform_cluster_permutation_test:338] -   Significant Cluster #455: p-value = 0.0049. Mask shape: (801,), Num True points: 1
2025-07-01 00:29:59,172 - INFO - utils.stats_utils - [perform_cluster_permutation_test:338] -   Significant Cluster #456: p-value = 0.0029. Mask shape: (801,), Num True points: 1
2025-07-01 00:29:59,172 - INFO - utils.stats_utils - [perform_cluster_permutation_test:338] -   Significant Cluster #457: p-value = 0.0039. Mask shape: (801,), Num True points: 1
2025-07-01 00:29:59,172 - INFO - utils.stats_utils - [perform_cluster_permutation_test:338] -   Significant Cluster #458: p-value = 0.0039. Mask shape: (801,), Num True points: 1
2025-07-01 00:29:59,172 - INFO - utils.stats_utils - [perform_cluster_permutation_test:338] -   Significant Cluster #459: p-value = 0.0049. Mask shape: (801,), Num True points: 1
2025-07-01 00:29:59,172 - INFO - utils.stats_utils - [perform_cluster_permutation_test:338] -   Significant Cluster #460: p-value = 0.0059. Mask shape: (801,), Num True points: 1
2025-07-01 00:29:59,172 - INFO - utils.stats_utils - [perform_cluster_permutation_test:338] -   Significant Cluster #461: p-value = 0.0059. Mask shape: (801,), Num True points: 1
2025-07-01 00:29:59,172 - INFO - utils.stats_utils - [perform_cluster_permutation_test:338] -   Significant Cluster #462: p-value = 0.0039. Mask shape: (801,), Num True points: 1
2025-07-01 00:29:59,173 - INFO - utils.stats_utils - [perform_cluster_permutation_test:338] -   Significant Cluster #463: p-value = 0.0068. Mask shape: (801,), Num True points: 1
2025-07-01 00:29:59,173 - INFO - utils.stats_utils - [perform_cluster_permutation_test:338] -   Significant Cluster #464: p-value = 0.0088. Mask shape: (801,), Num True points: 1
2025-07-01 00:29:59,173 - INFO - utils.stats_utils - [perform_cluster_permutation_test:338] -   Significant Cluster #465: p-value = 0.0156. Mask shape: (801,), Num True points: 1
2025-07-01 00:29:59,173 - INFO - utils.stats_utils - [perform_cluster_permutation_test:338] -   Significant Cluster #466: p-value = 0.0352. Mask shape: (801,), Num True points: 1
2025-07-01 00:29:59,173 - INFO - utils.stats_utils - [perform_cluster_permutation_test:338] -   Significant Cluster #469: p-value = 0.0410. Mask shape: (801,), Num True points: 1
2025-07-01 00:29:59,173 - INFO - utils.stats_utils - [perform_cluster_permutation_test:338] -   Significant Cluster #471: p-value = 0.0430. Mask shape: (801,), Num True points: 1
2025-07-01 00:29:59,173 - INFO - utils.stats_utils - [perform_cluster_permutation_test:338] -   Significant Cluster #476: p-value = 0.0352. Mask shape: (801,), Num True points: 1
2025-07-01 00:29:59,173 - INFO - utils.stats_utils - [perform_cluster_permutation_test:338] -   Significant Cluster #477: p-value = 0.0215. Mask shape: (801,), Num True points: 1
2025-07-01 00:29:59,173 - INFO - utils.stats_utils - [perform_cluster_permutation_test:338] -   Significant Cluster #478: p-value = 0.0225. Mask shape: (801,), Num True points: 1
2025-07-01 00:29:59,173 - INFO - utils.stats_utils - [perform_cluster_permutation_test:338] -   Significant Cluster #479: p-value = 0.0088. Mask shape: (801,), Num True points: 1
2025-07-01 00:29:59,173 - INFO - utils.stats_utils - [perform_cluster_permutation_test:338] -   Significant Cluster #480: p-value = 0.0312. Mask shape: (801,), Num True points: 1
2025-07-01 00:29:59,174 - INFO - utils.stats_utils - [perform_cluster_permutation_test:338] -   Significant Cluster #587: p-value = 0.0117. Mask shape: (801,), Num True points: 1
2025-07-01 00:29:59,174 - INFO - utils.stats_utils - [perform_cluster_permutation_test:338] -   Significant Cluster #588: p-value = 0.0098. Mask shape: (801,), Num True points: 1
2025-07-01 00:29:59,174 - INFO - utils.stats_utils - [perform_cluster_permutation_test:338] -   Significant Cluster #589: p-value = 0.0088. Mask shape: (801,), Num True points: 1
2025-07-01 00:29:59,174 - INFO - utils.stats_utils - [perform_cluster_permutation_test:338] -   Significant Cluster #590: p-value = 0.0049. Mask shape: (801,), Num True points: 1
2025-07-01 00:29:59,174 - INFO - utils.stats_utils - [perform_cluster_permutation_test:338] -   Significant Cluster #591: p-value = 0.0049. Mask shape: (801,), Num True points: 1
2025-07-01 00:29:59,174 - INFO - utils.stats_utils - [perform_cluster_permutation_test:338] -   Significant Cluster #592: p-value = 0.0088. Mask shape: (801,), Num True points: 1
2025-07-01 00:29:59,174 - INFO - utils.stats_utils - [perform_cluster_permutation_test:338] -   Significant Cluster #593: p-value = 0.0068. Mask shape: (801,), Num True points: 1
2025-07-01 00:29:59,174 - INFO - utils.stats_utils - [perform_cluster_permutation_test:338] -   Significant Cluster #594: p-value = 0.0225. Mask shape: (801,), Num True points: 1
2025-07-01 00:29:59,174 - INFO - utils.stats_utils - [perform_cluster_permutation_test:338] -   Significant Cluster #595: p-value = 0.0088. Mask shape: (801,), Num True points: 1
2025-07-01 00:29:59,175 - INFO - utils.stats_utils - [perform_cluster_permutation_test:338] -   Significant Cluster #611: p-value = 0.0215. Mask shape: (801,), Num True points: 1
2025-07-01 00:29:59,175 - INFO - utils.stats_utils - [perform_cluster_permutation_test:338] -   Significant Cluster #613: p-value = 0.0273. Mask shape: (801,), Num True points: 1
2025-07-01 00:29:59,175 - INFO - utils.stats_utils - [perform_cluster_permutation_test:338] -   Significant Cluster #614: p-value = 0.0195. Mask shape: (801,), Num True points: 1
2025-07-01 00:29:59,175 - INFO - utils.stats_utils - [perform_cluster_permutation_test:338] -   Significant Cluster #615: p-value = 0.0098. Mask shape: (801,), Num True points: 1
2025-07-01 00:29:59,177 - INFO - examples.run_decoding_one_lg - [execute_single_subject_lg_decoding:344] - Main LG Decoding for TpSD30 DONE. Mean Global AUC: 0.793
2025-07-01 00:29:59,178 - INFO - examples.run_decoding_one_lg - [execute_single_subject_lg_decoding:353] -   --- 2. Specific LG Comparisons (e.g. LS/GS vs LS/GD, LD/GS vs LD/GD) for TpSD30 ---
2025-07-01 00:29:59,338 - INFO - Baking_EEG._4_decoding_core - [run_temporal_decoding_analysis:68] - --- Temporal Ddcoding Analysis ---
2025-07-01 00:29:59,339 - INFO - Baking_EEG._4_decoding_core - [run_temporal_decoding_analysis:69] - Clf: svc, GS: False, CSP (temporal): False, ANOVA FS (temporal): True
2025-07-01 00:29:59,345 - INFO - base.base_decoding - [_build_standard_classifier_pipeline:57] - Pipeline à hyperparamètres fixes: type='svc', CSP: False, ANOVA FS: True
2025-07-01 00:29:59,345 - INFO - base.base_decoding - [_build_standard_classifier_pipeline:68] - DEBUG: add_csp_step type=bool, value=False, bool()=False
2025-07-01 00:29:59,345 - INFO - base.base_decoding - [_build_standard_classifier_pipeline:91] -    Étape ANOVA FS 'anova_feature_selection' ajoutée (percentile fixe=15).
2025-07-01 00:29:59,346 - INFO - base.base_decoding - [_build_standard_classifier_pipeline:123] - Structure finale du pipeline: ['scaler', 'anova_feature_selection', 'svc_classifier']
2025-07-01 00:29:59,346 - INFO - base.base_decoding - [_build_standard_classifier_pipeline:57] - Pipeline à hyperparamètres fixes: type='svc', CSP: False, ANOVA FS: False
2025-07-01 00:29:59,346 - INFO - base.base_decoding - [_build_standard_classifier_pipeline:68] - DEBUG: add_csp_step type=bool, value=False, bool()=False
2025-07-01 00:29:59,346 - INFO - base.base_decoding - [_build_standard_classifier_pipeline:123] - Structure finale du pipeline: ['scaler', 'svc_classifier']
2025-07-01 00:29:59,346 - INFO - Baking_EEG._4_decoding_core - [run_temporal_decoding_analysis:246] - CV strategy: StratifiedKFold with 10 splits.
2025-07-01 00:29:59,346 - INFO - Baking_EEG._4_decoding_core - [run_temporal_decoding_analysis:258] - Sample weights: Auto-calculated per fold (recommended for StratifiedKFold).
2025-07-01 00:29:59,365 - INFO - Baking_EEG._4_decoding_core - [run_temporal_decoding_analysis:294] - MNE Estimators: Using fold-specific balancing via class_weight='balanced' (if supported by classifier).
2025-07-01 00:29:59,365 - INFO - Baking_EEG._4_decoding_core - [run_temporal_decoding_analysis:310] - Starting 1D temporal decoding (SlidingEstimator)...
2025-07-01 00:30:39,513 - INFO - Baking_EEG._4_decoding_core - [run_temporal_decoding_analysis:338] - 1D temporal decoding done. Peak mean AUC: 0.651
2025-07-01 00:30:39,514 - INFO - Baking_EEG._4_decoding_core - [run_temporal_decoding_analysis:346] - Starting TGM computation (GeneralizingEstimator)...
2025-07-01 01:17:21,693 - INFO - Baking_EEG._4_decoding_core - [run_temporal_decoding_analysis:373] - TGM computation done. Peak mean TGM AUC: 0.659
2025-07-01 01:17:21,695 - INFO - Baking_EEG._4_decoding_core - [run_temporal_decoding_analysis:382] - Starting global decoding (n_jobs_folds=40)...
2025-07-01 01:19:01,460 - INFO - Baking_EEG._4_decoding_core - [run_temporal_decoding_analysis:439] - Global decoding done. Mean CV AUC: 0.561 +/- 0.107
2025-07-01 01:19:01,479 - INFO - Baking_EEG._4_decoding_core - [run_temporal_decoding_analysis:478] -   Overall global metrics (aggregated): {'roc_auc': '0.564', 'accuracy': '0.746', 'precision': '0.308', 'recall': '0.233', 'f1_score': '0.265', 'balanced_accuracy': '0.552'}
2025-07-01 01:19:01,479 - INFO - utils.stats_utils - [perform_pointwise_fdr_correction_on_scores:439] - Performing pointwise wilcoxon with FDR correction. Data shape for test (obs, features if any): (10, 801)
2025-07-01 01:19:01,479 - INFO - utils.stats_utils - [perform_pointwise_fdr_correction_on_scores:443] -   Parameters: chance=0.5, alpha=0.05, test_type='wilcoxon', FDR_method='indep', alternative='greater'
2025-07-01 01:19:02,333 - INFO - utils.stats_utils - [perform_pointwise_fdr_correction_on_scores:714] - FDR correction completed. 0 point(s) found significant (p_fdr < 0.05).
2025-07-01 01:19:02,333 - INFO - utils.stats_utils - [perform_cluster_permutation_test:195] - Executing cluster-based permutation test. Data shape (obs, features...): (10, 801)
2025-07-01 01:19:02,334 - INFO - utils.stats_utils - [perform_cluster_permutation_test:199] -   Parameters: n_permutations=1024, threshold_config={'start': 0.1, 'step': 0.1}, alternative='greater' (MNE tail=1), n_jobs=-1
2025-07-01 01:19:02,334 - INFO - utils.stats_utils - [perform_cluster_permutation_test:210] -   Using MNE's default stat_fun (ttest_1samp_no_p) for permutation test.
2025-07-01 01:19:02,334 - INFO - utils.stats_utils - [perform_cluster_permutation_test:242] -   Input data is 2D (features). MNE will use default temporal connectivity inference if applicable.
stat_fun(H1): min=-6.191921 max=4.965492
Running initial clustering …
Using 49 thresholds from 0.10 to 4.90 for TFCE computation (h_power=2.00, e_power=0.50)
Found 801 clusters
2025-07-01 01:19:04,606 - INFO - utils.stats_utils - [perform_cluster_permutation_test:314] - Cluster permutation test completed. 801 initial clusters found (after processing slices).
2025-07-01 01:19:04,607 - INFO - utils.stats_utils - [perform_cluster_permutation_test:344] - No clusters found to be statistically significant (p < 0.05).
2025-07-01 01:19:04,618 - INFO - utils.stats_utils - [perform_pointwise_fdr_correction_on_scores:439] - Performing pointwise wilcoxon with FDR correction. Data shape for test (obs, features if any): (10, 641601)
2025-07-01 01:19:04,618 - INFO - utils.stats_utils - [perform_pointwise_fdr_correction_on_scores:443] -   Parameters: chance=0.5, alpha=0.05, test_type='wilcoxon', FDR_method='indep', alternative='greater'
2025-07-01 01:30:27,933 - INFO - utils.stats_utils - [perform_pointwise_fdr_correction_on_scores:714] - FDR correction completed. 0 point(s) found significant (p_fdr < 0.05).
2025-07-01 01:30:27,935 - INFO - Baking_EEG._4_decoding_core - [run_temporal_decoding_analysis:544] - Intra-fold Cluster Permutation for TGM is SKIPPED.
2025-07-01 01:30:27,937 - INFO - examples.run_decoding_one_lg - [execute_single_subject_lg_decoding:465] -   Specific LG task 'Local Standard: Global Standard vs Global Deviant' for TpSD30: Peak AUC = 0.651
2025-07-01 01:30:28,092 - INFO - Baking_EEG._4_decoding_core - [run_temporal_decoding_analysis:68] - --- Temporal Ddcoding Analysis ---
2025-07-01 01:30:28,093 - INFO - Baking_EEG._4_decoding_core - [run_temporal_decoding_analysis:69] - Clf: svc, GS: False, CSP (temporal): False, ANOVA FS (temporal): True
2025-07-01 01:30:28,094 - INFO - base.base_decoding - [_build_standard_classifier_pipeline:57] - Pipeline à hyperparamètres fixes: type='svc', CSP: False, ANOVA FS: True
2025-07-01 01:30:28,094 - INFO - base.base_decoding - [_build_standard_classifier_pipeline:68] - DEBUG: add_csp_step type=bool, value=False, bool()=False
2025-07-01 01:30:28,095 - INFO - base.base_decoding - [_build_standard_classifier_pipeline:91] -    Étape ANOVA FS 'anova_feature_selection' ajoutée (percentile fixe=15).
2025-07-01 01:30:28,095 - INFO - base.base_decoding - [_build_standard_classifier_pipeline:123] - Structure finale du pipeline: ['scaler', 'anova_feature_selection', 'svc_classifier']
2025-07-01 01:30:28,095 - INFO - base.base_decoding - [_build_standard_classifier_pipeline:57] - Pipeline à hyperparamètres fixes: type='svc', CSP: False, ANOVA FS: False
2025-07-01 01:30:28,095 - INFO - base.base_decoding - [_build_standard_classifier_pipeline:68] - DEBUG: add_csp_step type=bool, value=False, bool()=False
2025-07-01 01:30:28,095 - INFO - base.base_decoding - [_build_standard_classifier_pipeline:123] - Structure finale du pipeline: ['scaler', 'svc_classifier']
2025-07-01 01:30:28,095 - INFO - Baking_EEG._4_decoding_core - [run_temporal_decoding_analysis:246] - CV strategy: StratifiedKFold with 10 splits.
2025-07-01 01:30:28,095 - INFO - Baking_EEG._4_decoding_core - [run_temporal_decoding_analysis:258] - Sample weights: Auto-calculated per fold (recommended for StratifiedKFold).
2025-07-01 01:30:28,116 - INFO - Baking_EEG._4_decoding_core - [run_temporal_decoding_analysis:294] - MNE Estimators: Using fold-specific balancing via class_weight='balanced' (if supported by classifier).
2025-07-01 01:30:28,116 - INFO - Baking_EEG._4_decoding_core - [run_temporal_decoding_analysis:310] - Starting 1D temporal decoding (SlidingEstimator)...
2025-07-01 01:31:08,334 - INFO - Baking_EEG._4_decoding_core - [run_temporal_decoding_analysis:338] - 1D temporal decoding done. Peak mean AUC: 0.689
2025-07-01 01:31:08,335 - INFO - Baking_EEG._4_decoding_core - [run_temporal_decoding_analysis:346] - Starting TGM computation (GeneralizingEstimator)...
2025-07-01 02:17:42,720 - INFO - Baking_EEG._4_decoding_core - [run_temporal_decoding_analysis:373] - TGM computation done. Peak mean TGM AUC: 0.695
2025-07-01 02:17:42,721 - INFO - Baking_EEG._4_decoding_core - [run_temporal_decoding_analysis:382] - Starting global decoding (n_jobs_folds=40)...
2025-07-01 02:19:15,570 - INFO - Baking_EEG._4_decoding_core - [run_temporal_decoding_analysis:439] - Global decoding done. Mean CV AUC: 0.673 +/- 0.103
2025-07-01 02:19:15,589 - INFO - Baking_EEG._4_decoding_core - [run_temporal_decoding_analysis:478] -   Overall global metrics (aggregated): {'roc_auc': '0.669', 'accuracy': '0.762', 'precision': '0.397', 'recall': '0.314', 'f1_score': '0.351', 'balanced_accuracy': '0.596'}
2025-07-01 02:19:15,589 - INFO - utils.stats_utils - [perform_pointwise_fdr_correction_on_scores:439] - Performing pointwise wilcoxon with FDR correction. Data shape for test (obs, features if any): (10, 801)
2025-07-01 02:19:15,589 - INFO - utils.stats_utils - [perform_pointwise_fdr_correction_on_scores:443] -   Parameters: chance=0.5, alpha=0.05, test_type='wilcoxon', FDR_method='indep', alternative='greater'
2025-07-01 02:19:16,442 - INFO - utils.stats_utils - [perform_pointwise_fdr_correction_on_scores:714] - FDR correction completed. 112 point(s) found significant (p_fdr < 0.05).
2025-07-01 02:19:16,442 - INFO - utils.stats_utils - [perform_cluster_permutation_test:195] - Executing cluster-based permutation test. Data shape (obs, features...): (10, 801)
2025-07-01 02:19:16,442 - INFO - utils.stats_utils - [perform_cluster_permutation_test:199] -   Parameters: n_permutations=1024, threshold_config={'start': 0.1, 'step': 0.1}, alternative='greater' (MNE tail=1), n_jobs=-1
2025-07-01 02:19:16,442 - INFO - utils.stats_utils - [perform_cluster_permutation_test:210] -   Using MNE's default stat_fun (ttest_1samp_no_p) for permutation test.
2025-07-01 02:19:16,442 - INFO - utils.stats_utils - [perform_cluster_permutation_test:242] -   Input data is 2D (features). MNE will use default temporal connectivity inference if applicable.
stat_fun(H1): min=-3.679339 max=13.089314
Running initial clustering …
Using 130 thresholds from 0.10 to 13.00 for TFCE computation (h_power=2.00, e_power=0.50)
Found 801 clusters
2025-07-01 02:19:18,697 - INFO - utils.stats_utils - [perform_cluster_permutation_test:314] - Cluster permutation test completed. 801 initial clusters found (after processing slices).
2025-07-01 02:19:18,698 - INFO - utils.stats_utils - [perform_cluster_permutation_test:338] -   Significant Cluster #544: p-value = 0.0293. Mask shape: (801,), Num True points: 1
2025-07-01 02:19:18,698 - INFO - utils.stats_utils - [perform_cluster_permutation_test:338] -   Significant Cluster #567: p-value = 0.0127. Mask shape: (801,), Num True points: 1
2025-07-01 02:19:18,698 - INFO - utils.stats_utils - [perform_cluster_permutation_test:338] -   Significant Cluster #568: p-value = 0.0020. Mask shape: (801,), Num True points: 1
2025-07-01 02:19:18,698 - INFO - utils.stats_utils - [perform_cluster_permutation_test:338] -   Significant Cluster #569: p-value = 0.0049. Mask shape: (801,), Num True points: 1
2025-07-01 02:19:18,698 - INFO - utils.stats_utils - [perform_cluster_permutation_test:338] -   Significant Cluster #570: p-value = 0.0156. Mask shape: (801,), Num True points: 1
2025-07-01 02:19:18,698 - INFO - utils.stats_utils - [perform_cluster_permutation_test:338] -   Significant Cluster #571: p-value = 0.0195. Mask shape: (801,), Num True points: 1
2025-07-01 02:19:18,698 - INFO - utils.stats_utils - [perform_cluster_permutation_test:338] -   Significant Cluster #572: p-value = 0.0264. Mask shape: (801,), Num True points: 1
2025-07-01 02:19:18,698 - INFO - utils.stats_utils - [perform_cluster_permutation_test:338] -   Significant Cluster #584: p-value = 0.0430. Mask shape: (801,), Num True points: 1
2025-07-01 02:19:18,698 - INFO - utils.stats_utils - [perform_cluster_permutation_test:338] -   Significant Cluster #656: p-value = 0.0264. Mask shape: (801,), Num True points: 1
2025-07-01 02:19:18,711 - INFO - utils.stats_utils - [perform_pointwise_fdr_correction_on_scores:439] - Performing pointwise wilcoxon with FDR correction. Data shape for test (obs, features if any): (10, 641601)
2025-07-01 02:19:18,711 - INFO - utils.stats_utils - [perform_pointwise_fdr_correction_on_scores:443] -   Parameters: chance=0.5, alpha=0.05, test_type='wilcoxon', FDR_method='indep', alternative='greater'
2025-07-01 02:30:40,733 - INFO - utils.stats_utils - [perform_pointwise_fdr_correction_on_scores:714] - FDR correction completed. 0 point(s) found significant (p_fdr < 0.05).
2025-07-01 02:30:40,735 - INFO - Baking_EEG._4_decoding_core - [run_temporal_decoding_analysis:544] - Intra-fold Cluster Permutation for TGM is SKIPPED.
2025-07-01 02:30:40,738 - INFO - examples.run_decoding_one_lg - [execute_single_subject_lg_decoding:465] -   Specific LG task 'Local Deviant: Global Standard vs Global Deviant' for TpSD30: Peak AUC = 0.689
2025-07-01 02:30:40,992 - INFO - Baking_EEG._4_decoding_core - [run_temporal_decoding_analysis:68] - --- Temporal Ddcoding Analysis ---
2025-07-01 02:30:40,992 - INFO - Baking_EEG._4_decoding_core - [run_temporal_decoding_analysis:69] - Clf: svc, GS: False, CSP (temporal): False, ANOVA FS (temporal): True
2025-07-01 02:30:40,995 - INFO - base.base_decoding - [_build_standard_classifier_pipeline:57] - Pipeline à hyperparamètres fixes: type='svc', CSP: False, ANOVA FS: True
2025-07-01 02:30:40,995 - INFO - base.base_decoding - [_build_standard_classifier_pipeline:68] - DEBUG: add_csp_step type=bool, value=False, bool()=False
2025-07-01 02:30:40,995 - INFO - base.base_decoding - [_build_standard_classifier_pipeline:91] -    Étape ANOVA FS 'anova_feature_selection' ajoutée (percentile fixe=15).
2025-07-01 02:30:40,996 - INFO - base.base_decoding - [_build_standard_classifier_pipeline:123] - Structure finale du pipeline: ['scaler', 'anova_feature_selection', 'svc_classifier']
2025-07-01 02:30:40,996 - INFO - base.base_decoding - [_build_standard_classifier_pipeline:57] - Pipeline à hyperparamètres fixes: type='svc', CSP: False, ANOVA FS: False
2025-07-01 02:30:40,996 - INFO - base.base_decoding - [_build_standard_classifier_pipeline:68] - DEBUG: add_csp_step type=bool, value=False, bool()=False
2025-07-01 02:30:40,996 - INFO - base.base_decoding - [_build_standard_classifier_pipeline:123] - Structure finale du pipeline: ['scaler', 'svc_classifier']
2025-07-01 02:30:40,996 - INFO - Baking_EEG._4_decoding_core - [run_temporal_decoding_analysis:246] - CV strategy: StratifiedKFold with 10 splits.
2025-07-01 02:30:40,996 - INFO - Baking_EEG._4_decoding_core - [run_temporal_decoding_analysis:258] - Sample weights: Auto-calculated per fold (recommended for StratifiedKFold).
2025-07-01 02:30:41,014 - INFO - Baking_EEG._4_decoding_core - [run_temporal_decoding_analysis:294] - MNE Estimators: Using fold-specific balancing via class_weight='balanced' (if supported by classifier).
2025-07-01 02:30:41,014 - INFO - Baking_EEG._4_decoding_core - [run_temporal_decoding_analysis:310] - Starting 1D temporal decoding (SlidingEstimator)...
2025-07-01 02:31:58,485 - INFO - Baking_EEG._4_decoding_core - [run_temporal_decoding_analysis:338] - 1D temporal decoding done. Peak mean AUC: 0.731
2025-07-01 02:31:58,486 - INFO - Baking_EEG._4_decoding_core - [run_temporal_decoding_analysis:346] - Starting TGM computation (GeneralizingEstimator)...
2025-07-01 03:21:14,293 - INFO - Baking_EEG._4_decoding_core - [run_temporal_decoding_analysis:373] - TGM computation done. Peak mean TGM AUC: 0.731
2025-07-01 03:21:14,294 - INFO - Baking_EEG._4_decoding_core - [run_temporal_decoding_analysis:382] - Starting global decoding (n_jobs_folds=40)...
2025-07-01 03:25:14,387 - INFO - Baking_EEG._4_decoding_core - [run_temporal_decoding_analysis:439] - Global decoding done. Mean CV AUC: 0.782 +/- 0.078
2025-07-01 03:25:14,405 - INFO - Baking_EEG._4_decoding_core - [run_temporal_decoding_analysis:478] -   Overall global metrics (aggregated): {'roc_auc': '0.780', 'accuracy': '0.704', 'precision': '0.694', 'recall': '0.704', 'f1_score': '0.699', 'balanced_accuracy': '0.704'}
2025-07-01 03:25:14,405 - INFO - utils.stats_utils - [perform_pointwise_fdr_correction_on_scores:439] - Performing pointwise wilcoxon with FDR correction. Data shape for test (obs, features if any): (10, 801)
2025-07-01 03:25:14,405 - INFO - utils.stats_utils - [perform_pointwise_fdr_correction_on_scores:443] -   Parameters: chance=0.5, alpha=0.05, test_type='wilcoxon', FDR_method='indep', alternative='greater'
2025-07-01 03:25:15,257 - INFO - utils.stats_utils - [perform_pointwise_fdr_correction_on_scores:714] - FDR correction completed. 258 point(s) found significant (p_fdr < 0.05).
2025-07-01 03:25:15,257 - INFO - utils.stats_utils - [perform_cluster_permutation_test:195] - Executing cluster-based permutation test. Data shape (obs, features...): (10, 801)
2025-07-01 03:25:15,257 - INFO - utils.stats_utils - [perform_cluster_permutation_test:199] -   Parameters: n_permutations=1024, threshold_config={'start': 0.1, 'step': 0.1}, alternative='greater' (MNE tail=1), n_jobs=-1
2025-07-01 03:25:15,257 - INFO - utils.stats_utils - [perform_cluster_permutation_test:210] -   Using MNE's default stat_fun (ttest_1samp_no_p) for permutation test.
2025-07-01 03:25:15,257 - INFO - utils.stats_utils - [perform_cluster_permutation_test:242] -   Input data is 2D (features). MNE will use default temporal connectivity inference if applicable.
stat_fun(H1): min=-4.404607 max=10.255551
Running initial clustering …
Using 102 thresholds from 0.10 to 10.20 for TFCE computation (h_power=2.00, e_power=0.50)
Found 801 clusters
2025-07-01 03:25:21,950 - INFO - utils.stats_utils - [perform_cluster_permutation_test:314] - Cluster permutation test completed. 801 initial clusters found (after processing slices).
2025-07-01 03:25:21,951 - INFO - utils.stats_utils - [perform_cluster_permutation_test:338] -   Significant Cluster #232: p-value = 0.0078. Mask shape: (801,), Num True points: 1
2025-07-01 03:25:21,951 - INFO - utils.stats_utils - [perform_cluster_permutation_test:338] -   Significant Cluster #233: p-value = 0.0049. Mask shape: (801,), Num True points: 1
2025-07-01 03:25:21,951 - INFO - utils.stats_utils - [perform_cluster_permutation_test:338] -   Significant Cluster #234: p-value = 0.0430. Mask shape: (801,), Num True points: 1
2025-07-01 03:25:21,951 - INFO - utils.stats_utils - [perform_cluster_permutation_test:338] -   Significant Cluster #382: p-value = 0.0166. Mask shape: (801,), Num True points: 1
2025-07-01 03:25:21,951 - INFO - utils.stats_utils - [perform_cluster_permutation_test:338] -   Significant Cluster #383: p-value = 0.0195. Mask shape: (801,), Num True points: 1
2025-07-01 03:25:21,951 - INFO - utils.stats_utils - [perform_cluster_permutation_test:338] -   Significant Cluster #384: p-value = 0.0195. Mask shape: (801,), Num True points: 1
2025-07-01 03:25:21,952 - INFO - utils.stats_utils - [perform_cluster_permutation_test:338] -   Significant Cluster #386: p-value = 0.0176. Mask shape: (801,), Num True points: 1
2025-07-01 03:25:21,952 - INFO - utils.stats_utils - [perform_cluster_permutation_test:338] -   Significant Cluster #387: p-value = 0.0039. Mask shape: (801,), Num True points: 1
2025-07-01 03:25:21,952 - INFO - utils.stats_utils - [perform_cluster_permutation_test:338] -   Significant Cluster #388: p-value = 0.0049. Mask shape: (801,), Num True points: 1
2025-07-01 03:25:21,952 - INFO - utils.stats_utils - [perform_cluster_permutation_test:338] -   Significant Cluster #389: p-value = 0.0264. Mask shape: (801,), Num True points: 1
2025-07-01 03:25:21,952 - INFO - utils.stats_utils - [perform_cluster_permutation_test:338] -   Significant Cluster #443: p-value = 0.0469. Mask shape: (801,), Num True points: 1
2025-07-01 03:25:21,952 - INFO - utils.stats_utils - [perform_cluster_permutation_test:338] -   Significant Cluster #444: p-value = 0.0127. Mask shape: (801,), Num True points: 1
2025-07-01 03:25:21,952 - INFO - utils.stats_utils - [perform_cluster_permutation_test:338] -   Significant Cluster #445: p-value = 0.0166. Mask shape: (801,), Num True points: 1
2025-07-01 03:25:21,952 - INFO - utils.stats_utils - [perform_cluster_permutation_test:338] -   Significant Cluster #446: p-value = 0.0029. Mask shape: (801,), Num True points: 1
2025-07-01 03:25:21,952 - INFO - utils.stats_utils - [perform_cluster_permutation_test:338] -   Significant Cluster #447: p-value = 0.0029. Mask shape: (801,), Num True points: 1
2025-07-01 03:25:21,952 - INFO - utils.stats_utils - [perform_cluster_permutation_test:338] -   Significant Cluster #448: p-value = 0.0020. Mask shape: (801,), Num True points: 1
2025-07-01 03:25:21,953 - INFO - utils.stats_utils - [perform_cluster_permutation_test:338] -   Significant Cluster #449: p-value = 0.0020. Mask shape: (801,), Num True points: 1
2025-07-01 03:25:21,953 - INFO - utils.stats_utils - [perform_cluster_permutation_test:338] -   Significant Cluster #450: p-value = 0.0029. Mask shape: (801,), Num True points: 1
2025-07-01 03:25:21,953 - INFO - utils.stats_utils - [perform_cluster_permutation_test:338] -   Significant Cluster #451: p-value = 0.0029. Mask shape: (801,), Num True points: 1
2025-07-01 03:25:21,953 - INFO - utils.stats_utils - [perform_cluster_permutation_test:338] -   Significant Cluster #452: p-value = 0.0020. Mask shape: (801,), Num True points: 1
2025-07-01 03:25:21,953 - INFO - utils.stats_utils - [perform_cluster_permutation_test:338] -   Significant Cluster #453: p-value = 0.0020. Mask shape: (801,), Num True points: 1
2025-07-01 03:25:21,953 - INFO - utils.stats_utils - [perform_cluster_permutation_test:338] -   Significant Cluster #454: p-value = 0.0020. Mask shape: (801,), Num True points: 1
2025-07-01 03:25:21,953 - INFO - utils.stats_utils - [perform_cluster_permutation_test:338] -   Significant Cluster #455: p-value = 0.0029. Mask shape: (801,), Num True points: 1
2025-07-01 03:25:21,953 - INFO - utils.stats_utils - [perform_cluster_permutation_test:338] -   Significant Cluster #456: p-value = 0.0020. Mask shape: (801,), Num True points: 1
2025-07-01 03:25:21,953 - INFO - utils.stats_utils - [perform_cluster_permutation_test:338] -   Significant Cluster #457: p-value = 0.0020. Mask shape: (801,), Num True points: 1
2025-07-01 03:25:21,953 - INFO - utils.stats_utils - [perform_cluster_permutation_test:338] -   Significant Cluster #458: p-value = 0.0029. Mask shape: (801,), Num True points: 1
2025-07-01 03:25:21,953 - INFO - utils.stats_utils - [perform_cluster_permutation_test:338] -   Significant Cluster #459: p-value = 0.0049. Mask shape: (801,), Num True points: 1
2025-07-01 03:25:21,954 - INFO - utils.stats_utils - [perform_cluster_permutation_test:338] -   Significant Cluster #460: p-value = 0.0029. Mask shape: (801,), Num True points: 1
2025-07-01 03:25:21,954 - INFO - utils.stats_utils - [perform_cluster_permutation_test:338] -   Significant Cluster #461: p-value = 0.0029. Mask shape: (801,), Num True points: 1
2025-07-01 03:25:21,954 - INFO - utils.stats_utils - [perform_cluster_permutation_test:338] -   Significant Cluster #462: p-value = 0.0029. Mask shape: (801,), Num True points: 1
2025-07-01 03:25:21,954 - INFO - utils.stats_utils - [perform_cluster_permutation_test:338] -   Significant Cluster #463: p-value = 0.0029. Mask shape: (801,), Num True points: 1
2025-07-01 03:25:21,954 - INFO - utils.stats_utils - [perform_cluster_permutation_test:338] -   Significant Cluster #464: p-value = 0.0039. Mask shape: (801,), Num True points: 1
2025-07-01 03:25:21,954 - INFO - utils.stats_utils - [perform_cluster_permutation_test:338] -   Significant Cluster #474: p-value = 0.0469. Mask shape: (801,), Num True points: 1
2025-07-01 03:25:21,954 - INFO - utils.stats_utils - [perform_cluster_permutation_test:338] -   Significant Cluster #579: p-value = 0.0078. Mask shape: (801,), Num True points: 1
2025-07-01 03:25:21,954 - INFO - utils.stats_utils - [perform_cluster_permutation_test:338] -   Significant Cluster #580: p-value = 0.0312. Mask shape: (801,), Num True points: 1
2025-07-01 03:25:21,954 - INFO - utils.stats_utils - [perform_cluster_permutation_test:338] -   Significant Cluster #581: p-value = 0.0088. Mask shape: (801,), Num True points: 1
2025-07-01 03:25:21,954 - INFO - utils.stats_utils - [perform_cluster_permutation_test:338] -   Significant Cluster #582: p-value = 0.0029. Mask shape: (801,), Num True points: 1
2025-07-01 03:25:21,955 - INFO - utils.stats_utils - [perform_cluster_permutation_test:338] -   Significant Cluster #583: p-value = 0.0029. Mask shape: (801,), Num True points: 1
2025-07-01 03:25:21,955 - INFO - utils.stats_utils - [perform_cluster_permutation_test:338] -   Significant Cluster #584: p-value = 0.0156. Mask shape: (801,), Num True points: 1
2025-07-01 03:25:21,955 - INFO - utils.stats_utils - [perform_cluster_permutation_test:338] -   Significant Cluster #585: p-value = 0.0176. Mask shape: (801,), Num True points: 1
2025-07-01 03:25:21,955 - INFO - utils.stats_utils - [perform_cluster_permutation_test:338] -   Significant Cluster #586: p-value = 0.0039. Mask shape: (801,), Num True points: 1
2025-07-01 03:25:21,955 - INFO - utils.stats_utils - [perform_cluster_permutation_test:338] -   Significant Cluster #587: p-value = 0.0020. Mask shape: (801,), Num True points: 1
2025-07-01 03:25:21,955 - INFO - utils.stats_utils - [perform_cluster_permutation_test:338] -   Significant Cluster #588: p-value = 0.0029. Mask shape: (801,), Num True points: 1
2025-07-01 03:25:21,955 - INFO - utils.stats_utils - [perform_cluster_permutation_test:338] -   Significant Cluster #589: p-value = 0.0029. Mask shape: (801,), Num True points: 1
2025-07-01 03:25:21,955 - INFO - utils.stats_utils - [perform_cluster_permutation_test:338] -   Significant Cluster #590: p-value = 0.0049. Mask shape: (801,), Num True points: 1
2025-07-01 03:25:21,955 - INFO - utils.stats_utils - [perform_cluster_permutation_test:338] -   Significant Cluster #591: p-value = 0.0088. Mask shape: (801,), Num True points: 1
2025-07-01 03:25:21,955 - INFO - utils.stats_utils - [perform_cluster_permutation_test:338] -   Significant Cluster #592: p-value = 0.0059. Mask shape: (801,), Num True points: 1
2025-07-01 03:25:21,956 - INFO - utils.stats_utils - [perform_cluster_permutation_test:338] -   Significant Cluster #593: p-value = 0.0088. Mask shape: (801,), Num True points: 1
2025-07-01 03:25:21,956 - INFO - utils.stats_utils - [perform_cluster_permutation_test:338] -   Significant Cluster #594: p-value = 0.0215. Mask shape: (801,), Num True points: 1
2025-07-01 03:25:21,956 - INFO - utils.stats_utils - [perform_cluster_permutation_test:338] -   Significant Cluster #608: p-value = 0.0469. Mask shape: (801,), Num True points: 1
2025-07-01 03:25:21,956 - INFO - utils.stats_utils - [perform_cluster_permutation_test:338] -   Significant Cluster #676: p-value = 0.0312. Mask shape: (801,), Num True points: 1
2025-07-01 03:25:21,956 - INFO - utils.stats_utils - [perform_cluster_permutation_test:338] -   Significant Cluster #677: p-value = 0.0312. Mask shape: (801,), Num True points: 1
2025-07-01 03:25:21,956 - INFO - utils.stats_utils - [perform_cluster_permutation_test:338] -   Significant Cluster #678: p-value = 0.0195. Mask shape: (801,), Num True points: 1
2025-07-01 03:25:21,964 - INFO - utils.stats_utils - [perform_pointwise_fdr_correction_on_scores:439] - Performing pointwise wilcoxon with FDR correction. Data shape for test (obs, features if any): (10, 641601)
2025-07-01 03:25:21,964 - INFO - utils.stats_utils - [perform_pointwise_fdr_correction_on_scores:443] -   Parameters: chance=0.5, alpha=0.05, test_type='wilcoxon', FDR_method='indep', alternative='greater'
2025-07-01 03:36:41,692 - INFO - utils.stats_utils - [perform_pointwise_fdr_correction_on_scores:714] - FDR correction completed. 14119 point(s) found significant (p_fdr < 0.05).
2025-07-01 03:36:41,695 - INFO - Baking_EEG._4_decoding_core - [run_temporal_decoding_analysis:544] - Intra-fold Cluster Permutation for TGM is SKIPPED.
2025-07-01 03:36:41,697 - INFO - examples.run_decoding_one_lg - [execute_single_subject_lg_decoding:465] -   Specific LG task 'Global Standard: Local Standard vs Local Deviant' for TpSD30: Peak AUC = 0.731
2025-07-01 03:36:41,765 - INFO - Baking_EEG._4_decoding_core - [run_temporal_decoding_analysis:68] - --- Temporal Ddcoding Analysis ---
2025-07-01 03:36:41,765 - INFO - Baking_EEG._4_decoding_core - [run_temporal_decoding_analysis:69] - Clf: svc, GS: False, CSP (temporal): False, ANOVA FS (temporal): True
2025-07-01 03:36:41,768 - INFO - base.base_decoding - [_build_standard_classifier_pipeline:57] - Pipeline à hyperparamètres fixes: type='svc', CSP: False, ANOVA FS: True
2025-07-01 03:36:41,768 - INFO - base.base_decoding - [_build_standard_classifier_pipeline:68] - DEBUG: add_csp_step type=bool, value=False, bool()=False
2025-07-01 03:36:41,768 - INFO - base.base_decoding - [_build_standard_classifier_pipeline:91] -    Étape ANOVA FS 'anova_feature_selection' ajoutée (percentile fixe=15).
2025-07-01 03:36:41,768 - INFO - base.base_decoding - [_build_standard_classifier_pipeline:123] - Structure finale du pipeline: ['scaler', 'anova_feature_selection', 'svc_classifier']
2025-07-01 03:36:41,768 - INFO - base.base_decoding - [_build_standard_classifier_pipeline:57] - Pipeline à hyperparamètres fixes: type='svc', CSP: False, ANOVA FS: False
2025-07-01 03:36:41,768 - INFO - base.base_decoding - [_build_standard_classifier_pipeline:68] - DEBUG: add_csp_step type=bool, value=False, bool()=False
2025-07-01 03:36:41,768 - INFO - base.base_decoding - [_build_standard_classifier_pipeline:123] - Structure finale du pipeline: ['scaler', 'svc_classifier']
2025-07-01 03:36:41,768 - INFO - Baking_EEG._4_decoding_core - [run_temporal_decoding_analysis:246] - CV strategy: StratifiedKFold with 10 splits.
2025-07-01 03:36:41,769 - INFO - Baking_EEG._4_decoding_core - [run_temporal_decoding_analysis:258] - Sample weights: Auto-calculated per fold (recommended for StratifiedKFold).
2025-07-01 03:36:41,788 - INFO - Baking_EEG._4_decoding_core - [run_temporal_decoding_analysis:294] - MNE Estimators: Using fold-specific balancing via class_weight='balanced' (if supported by classifier).
2025-07-01 03:36:41,789 - INFO - Baking_EEG._4_decoding_core - [run_temporal_decoding_analysis:310] - Starting 1D temporal decoding (SlidingEstimator)...
2025-07-01 03:36:59,821 - INFO - Baking_EEG._4_decoding_core - [run_temporal_decoding_analysis:338] - 1D temporal decoding done. Peak mean AUC: 0.827
2025-07-01 03:36:59,821 - INFO - Baking_EEG._4_decoding_core - [run_temporal_decoding_analysis:346] - Starting TGM computation (GeneralizingEstimator)...
2025-07-01 04:21:41,699 - INFO - Baking_EEG._4_decoding_core - [run_temporal_decoding_analysis:373] - TGM computation done. Peak mean TGM AUC: 0.854
2025-07-01 04:21:41,701 - INFO - Baking_EEG._4_decoding_core - [run_temporal_decoding_analysis:382] - Starting global decoding (n_jobs_folds=40)...
2025-07-01 04:22:01,795 - INFO - Baking_EEG._4_decoding_core - [run_temporal_decoding_analysis:439] - Global decoding done. Mean CV AUC: 0.813 +/- 0.107
2025-07-01 04:22:01,812 - INFO - Baking_EEG._4_decoding_core - [run_temporal_decoding_analysis:478] -   Overall global metrics (aggregated): {'roc_auc': '0.794', 'accuracy': '0.733', 'precision': '0.727', 'recall': '0.744', 'f1_score': '0.736', 'balanced_accuracy': '0.733'}
2025-07-01 04:22:01,813 - INFO - utils.stats_utils - [perform_pointwise_fdr_correction_on_scores:439] - Performing pointwise wilcoxon with FDR correction. Data shape for test (obs, features if any): (10, 801)
2025-07-01 04:22:01,813 - INFO - utils.stats_utils - [perform_pointwise_fdr_correction_on_scores:443] -   Parameters: chance=0.5, alpha=0.05, test_type='wilcoxon', FDR_method='indep', alternative='greater'
2025-07-01 04:22:02,690 - INFO - utils.stats_utils - [perform_pointwise_fdr_correction_on_scores:714] - FDR correction completed. 32 point(s) found significant (p_fdr < 0.05).
2025-07-01 04:22:02,690 - INFO - utils.stats_utils - [perform_cluster_permutation_test:195] - Executing cluster-based permutation test. Data shape (obs, features...): (10, 801)
2025-07-01 04:22:02,690 - INFO - utils.stats_utils - [perform_cluster_permutation_test:199] -   Parameters: n_permutations=1024, threshold_config={'start': 0.1, 'step': 0.1}, alternative='greater' (MNE tail=1), n_jobs=-1
2025-07-01 04:22:02,690 - INFO - utils.stats_utils - [perform_cluster_permutation_test:210] -   Using MNE's default stat_fun (ttest_1samp_no_p) for permutation test.
2025-07-01 04:22:02,690 - INFO - utils.stats_utils - [perform_cluster_permutation_test:242] -   Input data is 2D (features). MNE will use default temporal connectivity inference if applicable.
stat_fun(H1): min=-4.262719 max=13.686070
Running initial clustering …
Using 136 thresholds from 0.10 to 13.60 for TFCE computation (h_power=2.00, e_power=0.50)
Found 801 clusters
2025-07-01 04:22:05,046 - INFO - utils.stats_utils - [perform_cluster_permutation_test:314] - Cluster permutation test completed. 801 initial clusters found (after processing slices).
2025-07-01 04:22:05,047 - INFO - utils.stats_utils - [perform_cluster_permutation_test:338] -   Significant Cluster #439: p-value = 0.0312. Mask shape: (801,), Num True points: 1
2025-07-01 04:22:05,047 - INFO - utils.stats_utils - [perform_cluster_permutation_test:338] -   Significant Cluster #440: p-value = 0.0117. Mask shape: (801,), Num True points: 1
2025-07-01 04:22:05,047 - INFO - utils.stats_utils - [perform_cluster_permutation_test:338] -   Significant Cluster #448: p-value = 0.0166. Mask shape: (801,), Num True points: 1
2025-07-01 04:22:05,047 - INFO - utils.stats_utils - [perform_cluster_permutation_test:338] -   Significant Cluster #449: p-value = 0.0117. Mask shape: (801,), Num True points: 1
2025-07-01 04:22:05,047 - INFO - utils.stats_utils - [perform_cluster_permutation_test:338] -   Significant Cluster #450: p-value = 0.0098. Mask shape: (801,), Num True points: 1
2025-07-01 04:22:05,047 - INFO - utils.stats_utils - [perform_cluster_permutation_test:338] -   Significant Cluster #451: p-value = 0.0449. Mask shape: (801,), Num True points: 1
2025-07-01 04:22:05,048 - INFO - utils.stats_utils - [perform_cluster_permutation_test:338] -   Significant Cluster #453: p-value = 0.0225. Mask shape: (801,), Num True points: 1
2025-07-01 04:22:05,048 - INFO - utils.stats_utils - [perform_cluster_permutation_test:338] -   Significant Cluster #454: p-value = 0.0078. Mask shape: (801,), Num True points: 1
2025-07-01 04:22:05,048 - INFO - utils.stats_utils - [perform_cluster_permutation_test:338] -   Significant Cluster #455: p-value = 0.0029. Mask shape: (801,), Num True points: 1
2025-07-01 04:22:05,048 - INFO - utils.stats_utils - [perform_cluster_permutation_test:338] -   Significant Cluster #456: p-value = 0.0020. Mask shape: (801,), Num True points: 1
2025-07-01 04:22:05,048 - INFO - utils.stats_utils - [perform_cluster_permutation_test:338] -   Significant Cluster #457: p-value = 0.0020. Mask shape: (801,), Num True points: 1
2025-07-01 04:22:05,048 - INFO - utils.stats_utils - [perform_cluster_permutation_test:338] -   Significant Cluster #458: p-value = 0.0029. Mask shape: (801,), Num True points: 1
2025-07-01 04:22:05,048 - INFO - utils.stats_utils - [perform_cluster_permutation_test:338] -   Significant Cluster #459: p-value = 0.0068. Mask shape: (801,), Num True points: 1
2025-07-01 04:22:05,048 - INFO - utils.stats_utils - [perform_cluster_permutation_test:338] -   Significant Cluster #460: p-value = 0.0176. Mask shape: (801,), Num True points: 1
2025-07-01 04:22:05,048 - INFO - utils.stats_utils - [perform_cluster_permutation_test:338] -   Significant Cluster #461: p-value = 0.0322. Mask shape: (801,), Num True points: 1
2025-07-01 04:22:05,048 - INFO - utils.stats_utils - [perform_cluster_permutation_test:338] -   Significant Cluster #462: p-value = 0.0283. Mask shape: (801,), Num True points: 1
2025-07-01 04:22:05,049 - INFO - utils.stats_utils - [perform_cluster_permutation_test:338] -   Significant Cluster #463: p-value = 0.0322. Mask shape: (801,), Num True points: 1
2025-07-01 04:22:05,058 - INFO - utils.stats_utils - [perform_pointwise_fdr_correction_on_scores:439] - Performing pointwise wilcoxon with FDR correction. Data shape for test (obs, features if any): (10, 641601)
2025-07-01 04:22:05,058 - INFO - utils.stats_utils - [perform_pointwise_fdr_correction_on_scores:443] -   Parameters: chance=0.5, alpha=0.05, test_type='wilcoxon', FDR_method='indep', alternative='greater'
2025-07-01 04:33:44,726 - INFO - utils.stats_utils - [perform_pointwise_fdr_correction_on_scores:714] - FDR correction completed. 0 point(s) found significant (p_fdr < 0.05).
2025-07-01 04:33:44,729 - INFO - Baking_EEG._4_decoding_core - [run_temporal_decoding_analysis:544] - Intra-fold Cluster Permutation for TGM is SKIPPED.
2025-07-01 04:33:44,731 - INFO - examples.run_decoding_one_lg - [execute_single_subject_lg_decoding:465] -   Specific LG task 'Global Deviant: Local Standard vs Local Deviant' for TpSD30: Peak AUC = 0.827
2025-07-01 04:33:44,731 - INFO - examples.run_decoding_one_lg - [execute_single_subject_lg_decoding:480] -   --- Specific LG Comparisons for TpSD30 DONE ---
2025-07-01 04:33:44,731 - INFO - examples.run_decoding_one_lg - [execute_single_subject_lg_decoding:487] -   --- 3. Stats on stack of Specific LG Curves for TpSD30 ---
2025-07-01 04:33:44,733 - INFO - utils.stats_utils - [perform_pointwise_fdr_correction_on_scores:439] - Performing pointwise wilcoxon with FDR correction. Data shape for test (obs, features if any): (4, 801)
2025-07-01 04:33:44,733 - INFO - utils.stats_utils - [perform_pointwise_fdr_correction_on_scores:443] -   Parameters: chance=0.5, alpha=0.05, test_type='wilcoxon', FDR_method='indep', alternative='greater'
2025-07-01 04:33:45,506 - INFO - utils.stats_utils - [perform_pointwise_fdr_correction_on_scores:714] - FDR correction completed. 0 point(s) found significant (p_fdr < 0.05).
2025-07-01 04:33:45,507 - INFO - utils.stats_utils - [perform_cluster_permutation_test:195] - Executing cluster-based permutation test. Data shape (obs, features...): (4, 801)
2025-07-01 04:33:45,507 - INFO - utils.stats_utils - [perform_cluster_permutation_test:199] -   Parameters: n_permutations=1024, threshold_config={'start': 0.1, 'step': 0.1}, alternative='greater' (MNE tail=1), n_jobs=40
2025-07-01 04:33:45,507 - INFO - utils.stats_utils - [perform_cluster_permutation_test:210] -   Using MNE's default stat_fun (ttest_1samp_no_p) for permutation test.
2025-07-01 04:33:45,507 - INFO - utils.stats_utils - [perform_cluster_permutation_test:242] -   Input data is 2D (features). MNE will use default temporal connectivity inference if applicable.
stat_fun(H1): min=-9.546021 max=13.289299
Running initial clustering …
Using 132 thresholds from 0.10 to 13.20 for TFCE computation (h_power=2.00, e_power=0.50)
Found 801 clusters
2025-07-01 04:33:48,376 - INFO - utils.stats_utils - [perform_cluster_permutation_test:314] - Cluster permutation test completed. 801 initial clusters found (after processing slices).
2025-07-01 04:33:48,378 - INFO - utils.stats_utils - [perform_cluster_permutation_test:344] - No clusters found to be statistically significant (p < 0.05).
2025-07-01 04:33:48,379 - INFO - examples.run_decoding_one_lg - [execute_single_subject_lg_decoding:551] -   --- Stats on stack of Specific LG Curves for TpSD30 DONE ---
2025-07-01 04:33:48,382 - INFO - utils.utils - [setup_analysis_results_directory:329] - Created analysis results directory: /home/tom.balay/results/Baking_EEG_results_V12/intra_subject_lg_results/DELIRIUM-_LG_PATIENTS_DELIRIUM-/TpSD30_Single_LG_Protocol_Analysis_svc/20250701_043348
2025-07-01 04:33:48,383 - INFO - utils.utils - [setup_analysis_results_directory:337] - Organized by Group: DELIRIUM-, Protocol: LG_PATIENTS_DELIRIUM-
2025-07-01 04:33:48,794 - INFO - examples.run_decoding_one_lg - [execute_single_subject_lg_decoding:619] - LG Results saved for subject TpSD30 in /home/tom.balay/results/Baking_EEG_results_V12/intra_subject_lg_results/DELIRIUM-_LG_PATIENTS_DELIRIUM-/TpSD30_Single_LG_Protocol_Analysis_svc/20250701_043348
2025-07-01 04:33:48,794 - INFO - utils.vizualization_utils_LG - [create_subject_decoding_dashboard_plots_lg:75] - Creating LG dashboard plots for subject TpSD30
2025-07-01 04:33:48,799 - INFO - utils.stats_utils - [perform_pointwise_fdr_correction_on_scores:439] - Performing pointwise wilcoxon with FDR correction. Data shape for test (obs, features if any): (10, 801)
2025-07-01 04:33:48,799 - INFO - utils.stats_utils - [perform_pointwise_fdr_correction_on_scores:443] -   Parameters: chance=0.5, alpha=0.05, test_type='wilcoxon', FDR_method='indep', alternative='greater'
2025-07-01 04:33:49,656 - INFO - utils.stats_utils - [perform_pointwise_fdr_correction_on_scores:714] - FDR correction completed. 0 point(s) found significant (p_fdr < 0.05).
2025-07-01 04:33:49,656 - INFO - utils.stats_utils - [perform_cluster_permutation_test:188] - Adjusting MNE parallelism from requested n_jobs=1 to effective_n_jobs=4 for resource management.
2025-07-01 04:33:49,656 - INFO - utils.stats_utils - [perform_cluster_permutation_test:195] - Executing cluster-based permutation test. Data shape (obs, features...): (10, 801)
2025-07-01 04:33:49,657 - INFO - utils.stats_utils - [perform_cluster_permutation_test:199] -   Parameters: n_permutations=1024, threshold_config={'start': 0.1, 'step': 0.1}, alternative='greater' (MNE tail=1), n_jobs=4
2025-07-01 04:33:49,657 - INFO - utils.stats_utils - [perform_cluster_permutation_test:210] -   Using MNE's default stat_fun (ttest_1samp_no_p) for permutation test.
2025-07-01 04:33:49,657 - INFO - utils.stats_utils - [perform_cluster_permutation_test:242] -   Input data is 2D (features). MNE will use default temporal connectivity inference if applicable.
stat_fun(H1): min=-6.191921 max=4.965492
Running initial clustering …
Using 49 thresholds from 0.10 to 4.90 for TFCE computation (h_power=2.00, e_power=0.50)
Found 801 clusters
2025-07-01 04:33:56,764 - INFO - utils.stats_utils - [perform_cluster_permutation_test:314] - Cluster permutation test completed. 801 initial clusters found (after processing slices).
2025-07-01 04:33:56,765 - INFO - utils.stats_utils - [perform_cluster_permutation_test:344] - No clusters found to be statistically significant (p < 0.05).
2025-07-01 04:33:56,766 - INFO - utils.stats_utils - [perform_pointwise_fdr_correction_on_scores:439] - Performing pointwise wilcoxon with FDR correction. Data shape for test (obs, features if any): (10, 801)
2025-07-01 04:33:56,766 - INFO - utils.stats_utils - [perform_pointwise_fdr_correction_on_scores:443] -   Parameters: chance=0.5, alpha=0.05, test_type='wilcoxon', FDR_method='indep', alternative='greater'
2025-07-01 04:33:57,616 - INFO - utils.stats_utils - [perform_pointwise_fdr_correction_on_scores:714] - FDR correction completed. 112 point(s) found significant (p_fdr < 0.05).
2025-07-01 04:33:57,617 - INFO - utils.stats_utils - [perform_cluster_permutation_test:188] - Adjusting MNE parallelism from requested n_jobs=1 to effective_n_jobs=4 for resource management.
2025-07-01 04:33:57,617 - INFO - utils.stats_utils - [perform_cluster_permutation_test:195] - Executing cluster-based permutation test. Data shape (obs, features...): (10, 801)
2025-07-01 04:33:57,617 - INFO - utils.stats_utils - [perform_cluster_permutation_test:199] -   Parameters: n_permutations=1024, threshold_config={'start': 0.1, 'step': 0.1}, alternative='greater' (MNE tail=1), n_jobs=4
2025-07-01 04:33:57,617 - INFO - utils.stats_utils - [perform_cluster_permutation_test:210] -   Using MNE's default stat_fun (ttest_1samp_no_p) for permutation test.
2025-07-01 04:33:57,617 - INFO - utils.stats_utils - [perform_cluster_permutation_test:242] -   Input data is 2D (features). MNE will use default temporal connectivity inference if applicable.
stat_fun(H1): min=-3.679339 max=13.089314
Running initial clustering …
Using 130 thresholds from 0.10 to 13.00 for TFCE computation (h_power=2.00, e_power=0.50)
Found 801 clusters
2025-07-01 04:34:03,134 - INFO - utils.stats_utils - [perform_cluster_permutation_test:314] - Cluster permutation test completed. 801 initial clusters found (after processing slices).
2025-07-01 04:34:03,134 - INFO - utils.stats_utils - [perform_cluster_permutation_test:338] -   Significant Cluster #544: p-value = 0.0293. Mask shape: (801,), Num True points: 1
2025-07-01 04:34:03,135 - INFO - utils.stats_utils - [perform_cluster_permutation_test:338] -   Significant Cluster #567: p-value = 0.0127. Mask shape: (801,), Num True points: 1
2025-07-01 04:34:03,135 - INFO - utils.stats_utils - [perform_cluster_permutation_test:338] -   Significant Cluster #568: p-value = 0.0020. Mask shape: (801,), Num True points: 1
2025-07-01 04:34:03,135 - INFO - utils.stats_utils - [perform_cluster_permutation_test:338] -   Significant Cluster #569: p-value = 0.0049. Mask shape: (801,), Num True points: 1
2025-07-01 04:34:03,135 - INFO - utils.stats_utils - [perform_cluster_permutation_test:338] -   Significant Cluster #570: p-value = 0.0156. Mask shape: (801,), Num True points: 1
2025-07-01 04:34:03,135 - INFO - utils.stats_utils - [perform_cluster_permutation_test:338] -   Significant Cluster #571: p-value = 0.0195. Mask shape: (801,), Num True points: 1
2025-07-01 04:34:03,135 - INFO - utils.stats_utils - [perform_cluster_permutation_test:338] -   Significant Cluster #572: p-value = 0.0264. Mask shape: (801,), Num True points: 1
2025-07-01 04:34:03,135 - INFO - utils.stats_utils - [perform_cluster_permutation_test:338] -   Significant Cluster #584: p-value = 0.0430. Mask shape: (801,), Num True points: 1
2025-07-01 04:34:03,135 - INFO - utils.stats_utils - [perform_cluster_permutation_test:338] -   Significant Cluster #656: p-value = 0.0264. Mask shape: (801,), Num True points: 1
2025-07-01 04:34:03,136 - INFO - utils.stats_utils - [perform_pointwise_fdr_correction_on_scores:439] - Performing pointwise wilcoxon with FDR correction. Data shape for test (obs, features if any): (10, 801)
2025-07-01 04:34:03,136 - INFO - utils.stats_utils - [perform_pointwise_fdr_correction_on_scores:443] -   Parameters: chance=0.5, alpha=0.05, test_type='wilcoxon', FDR_method='indep', alternative='greater'
2025-07-01 04:34:03,987 - INFO - utils.stats_utils - [perform_pointwise_fdr_correction_on_scores:714] - FDR correction completed. 258 point(s) found significant (p_fdr < 0.05).
2025-07-01 04:34:03,987 - INFO - utils.stats_utils - [perform_cluster_permutation_test:188] - Adjusting MNE parallelism from requested n_jobs=1 to effective_n_jobs=4 for resource management.
2025-07-01 04:34:03,988 - INFO - utils.stats_utils - [perform_cluster_permutation_test:195] - Executing cluster-based permutation test. Data shape (obs, features...): (10, 801)
2025-07-01 04:34:03,988 - INFO - utils.stats_utils - [perform_cluster_permutation_test:199] -   Parameters: n_permutations=1024, threshold_config={'start': 0.1, 'step': 0.1}, alternative='greater' (MNE tail=1), n_jobs=4
2025-07-01 04:34:03,988 - INFO - utils.stats_utils - [perform_cluster_permutation_test:210] -   Using MNE's default stat_fun (ttest_1samp_no_p) for permutation test.
2025-07-01 04:34:03,988 - INFO - utils.stats_utils - [perform_cluster_permutation_test:242] -   Input data is 2D (features). MNE will use default temporal connectivity inference if applicable.
stat_fun(H1): min=-4.404607 max=10.255551
Running initial clustering …
Using 102 thresholds from 0.10 to 10.20 for TFCE computation (h_power=2.00, e_power=0.50)
Found 801 clusters
2025-07-01 04:34:09,127 - INFO - utils.stats_utils - [perform_cluster_permutation_test:314] - Cluster permutation test completed. 801 initial clusters found (after processing slices).
2025-07-01 04:34:09,128 - INFO - utils.stats_utils - [perform_cluster_permutation_test:338] -   Significant Cluster #232: p-value = 0.0078. Mask shape: (801,), Num True points: 1
2025-07-01 04:34:09,128 - INFO - utils.stats_utils - [perform_cluster_permutation_test:338] -   Significant Cluster #233: p-value = 0.0049. Mask shape: (801,), Num True points: 1
2025-07-01 04:34:09,128 - INFO - utils.stats_utils - [perform_cluster_permutation_test:338] -   Significant Cluster #234: p-value = 0.0430. Mask shape: (801,), Num True points: 1
2025-07-01 04:34:09,128 - INFO - utils.stats_utils - [perform_cluster_permutation_test:338] -   Significant Cluster #382: p-value = 0.0166. Mask shape: (801,), Num True points: 1
2025-07-01 04:34:09,128 - INFO - utils.stats_utils - [perform_cluster_permutation_test:338] -   Significant Cluster #383: p-value = 0.0195. Mask shape: (801,), Num True points: 1
2025-07-01 04:34:09,128 - INFO - utils.stats_utils - [perform_cluster_permutation_test:338] -   Significant Cluster #384: p-value = 0.0195. Mask shape: (801,), Num True points: 1
2025-07-01 04:34:09,128 - INFO - utils.stats_utils - [perform_cluster_permutation_test:338] -   Significant Cluster #386: p-value = 0.0176. Mask shape: (801,), Num True points: 1
2025-07-01 04:34:09,129 - INFO - utils.stats_utils - [perform_cluster_permutation_test:338] -   Significant Cluster #387: p-value = 0.0039. Mask shape: (801,), Num True points: 1
2025-07-01 04:34:09,129 - INFO - utils.stats_utils - [perform_cluster_permutation_test:338] -   Significant Cluster #388: p-value = 0.0049. Mask shape: (801,), Num True points: 1
2025-07-01 04:34:09,129 - INFO - utils.stats_utils - [perform_cluster_permutation_test:338] -   Significant Cluster #389: p-value = 0.0264. Mask shape: (801,), Num True points: 1
2025-07-01 04:34:09,129 - INFO - utils.stats_utils - [perform_cluster_permutation_test:338] -   Significant Cluster #443: p-value = 0.0469. Mask shape: (801,), Num True points: 1
2025-07-01 04:34:09,129 - INFO - utils.stats_utils - [perform_cluster_permutation_test:338] -   Significant Cluster #444: p-value = 0.0127. Mask shape: (801,), Num True points: 1
2025-07-01 04:34:09,129 - INFO - utils.stats_utils - [perform_cluster_permutation_test:338] -   Significant Cluster #445: p-value = 0.0166. Mask shape: (801,), Num True points: 1
2025-07-01 04:34:09,129 - INFO - utils.stats_utils - [perform_cluster_permutation_test:338] -   Significant Cluster #446: p-value = 0.0029. Mask shape: (801,), Num True points: 1
2025-07-01 04:34:09,129 - INFO - utils.stats_utils - [perform_cluster_permutation_test:338] -   Significant Cluster #447: p-value = 0.0029. Mask shape: (801,), Num True points: 1
2025-07-01 04:34:09,129 - INFO - utils.stats_utils - [perform_cluster_permutation_test:338] -   Significant Cluster #448: p-value = 0.0020. Mask shape: (801,), Num True points: 1
2025-07-01 04:34:09,129 - INFO - utils.stats_utils - [perform_cluster_permutation_test:338] -   Significant Cluster #449: p-value = 0.0020. Mask shape: (801,), Num True points: 1
2025-07-01 04:34:09,130 - INFO - utils.stats_utils - [perform_cluster_permutation_test:338] -   Significant Cluster #450: p-value = 0.0029. Mask shape: (801,), Num True points: 1
2025-07-01 04:34:09,130 - INFO - utils.stats_utils - [perform_cluster_permutation_test:338] -   Significant Cluster #451: p-value = 0.0029. Mask shape: (801,), Num True points: 1
2025-07-01 04:34:09,130 - INFO - utils.stats_utils - [perform_cluster_permutation_test:338] -   Significant Cluster #452: p-value = 0.0020. Mask shape: (801,), Num True points: 1
2025-07-01 04:34:09,130 - INFO - utils.stats_utils - [perform_cluster_permutation_test:338] -   Significant Cluster #453: p-value = 0.0020. Mask shape: (801,), Num True points: 1
2025-07-01 04:34:09,130 - INFO - utils.stats_utils - [perform_cluster_permutation_test:338] -   Significant Cluster #454: p-value = 0.0020. Mask shape: (801,), Num True points: 1
2025-07-01 04:34:09,130 - INFO - utils.stats_utils - [perform_cluster_permutation_test:338] -   Significant Cluster #455: p-value = 0.0029. Mask shape: (801,), Num True points: 1
2025-07-01 04:34:09,130 - INFO - utils.stats_utils - [perform_cluster_permutation_test:338] -   Significant Cluster #456: p-value = 0.0020. Mask shape: (801,), Num True points: 1
2025-07-01 04:34:09,130 - INFO - utils.stats_utils - [perform_cluster_permutation_test:338] -   Significant Cluster #457: p-value = 0.0020. Mask shape: (801,), Num True points: 1
2025-07-01 04:34:09,130 - INFO - utils.stats_utils - [perform_cluster_permutation_test:338] -   Significant Cluster #458: p-value = 0.0029. Mask shape: (801,), Num True points: 1
2025-07-01 04:34:09,130 - INFO - utils.stats_utils - [perform_cluster_permutation_test:338] -   Significant Cluster #459: p-value = 0.0049. Mask shape: (801,), Num True points: 1
2025-07-01 04:34:09,130 - INFO - utils.stats_utils - [perform_cluster_permutation_test:338] -   Significant Cluster #460: p-value = 0.0029. Mask shape: (801,), Num True points: 1
2025-07-01 04:34:09,131 - INFO - utils.stats_utils - [perform_cluster_permutation_test:338] -   Significant Cluster #461: p-value = 0.0029. Mask shape: (801,), Num True points: 1
2025-07-01 04:34:09,131 - INFO - utils.stats_utils - [perform_cluster_permutation_test:338] -   Significant Cluster #462: p-value = 0.0029. Mask shape: (801,), Num True points: 1
2025-07-01 04:34:09,131 - INFO - utils.stats_utils - [perform_cluster_permutation_test:338] -   Significant Cluster #463: p-value = 0.0029. Mask shape: (801,), Num True points: 1
2025-07-01 04:34:09,131 - INFO - utils.stats_utils - [perform_cluster_permutation_test:338] -   Significant Cluster #464: p-value = 0.0039. Mask shape: (801,), Num True points: 1
2025-07-01 04:34:09,131 - INFO - utils.stats_utils - [perform_cluster_permutation_test:338] -   Significant Cluster #474: p-value = 0.0469. Mask shape: (801,), Num True points: 1
2025-07-01 04:34:09,131 - INFO - utils.stats_utils - [perform_cluster_permutation_test:338] -   Significant Cluster #579: p-value = 0.0078. Mask shape: (801,), Num True points: 1
2025-07-01 04:34:09,131 - INFO - utils.stats_utils - [perform_cluster_permutation_test:338] -   Significant Cluster #580: p-value = 0.0312. Mask shape: (801,), Num True points: 1
2025-07-01 04:34:09,131 - INFO - utils.stats_utils - [perform_cluster_permutation_test:338] -   Significant Cluster #581: p-value = 0.0088. Mask shape: (801,), Num True points: 1
2025-07-01 04:34:09,131 - INFO - utils.stats_utils - [perform_cluster_permutation_test:338] -   Significant Cluster #582: p-value = 0.0029. Mask shape: (801,), Num True points: 1
2025-07-01 04:34:09,132 - INFO - utils.stats_utils - [perform_cluster_permutation_test:338] -   Significant Cluster #583: p-value = 0.0029. Mask shape: (801,), Num True points: 1
2025-07-01 04:34:09,132 - INFO - utils.stats_utils - [perform_cluster_permutation_test:338] -   Significant Cluster #584: p-value = 0.0156. Mask shape: (801,), Num True points: 1
2025-07-01 04:34:09,132 - INFO - utils.stats_utils - [perform_cluster_permutation_test:338] -   Significant Cluster #585: p-value = 0.0176. Mask shape: (801,), Num True points: 1
2025-07-01 04:34:09,132 - INFO - utils.stats_utils - [perform_cluster_permutation_test:338] -   Significant Cluster #586: p-value = 0.0039. Mask shape: (801,), Num True points: 1
2025-07-01 04:34:09,132 - INFO - utils.stats_utils - [perform_cluster_permutation_test:338] -   Significant Cluster #587: p-value = 0.0020. Mask shape: (801,), Num True points: 1
2025-07-01 04:34:09,132 - INFO - utils.stats_utils - [perform_cluster_permutation_test:338] -   Significant Cluster #588: p-value = 0.0029. Mask shape: (801,), Num True points: 1
2025-07-01 04:34:09,132 - INFO - utils.stats_utils - [perform_cluster_permutation_test:338] -   Significant Cluster #589: p-value = 0.0029. Mask shape: (801,), Num True points: 1
2025-07-01 04:34:09,132 - INFO - utils.stats_utils - [perform_cluster_permutation_test:338] -   Significant Cluster #590: p-value = 0.0049. Mask shape: (801,), Num True points: 1
2025-07-01 04:34:09,132 - INFO - utils.stats_utils - [perform_cluster_permutation_test:338] -   Significant Cluster #591: p-value = 0.0088. Mask shape: (801,), Num True points: 1
2025-07-01 04:34:09,132 - INFO - utils.stats_utils - [perform_cluster_permutation_test:338] -   Significant Cluster #592: p-value = 0.0059. Mask shape: (801,), Num True points: 1
2025-07-01 04:34:09,132 - INFO - utils.stats_utils - [perform_cluster_permutation_test:338] -   Significant Cluster #593: p-value = 0.0088. Mask shape: (801,), Num True points: 1
2025-07-01 04:34:09,133 - INFO - utils.stats_utils - [perform_cluster_permutation_test:338] -   Significant Cluster #594: p-value = 0.0215. Mask shape: (801,), Num True points: 1
2025-07-01 04:34:09,133 - INFO - utils.stats_utils - [perform_cluster_permutation_test:338] -   Significant Cluster #608: p-value = 0.0469. Mask shape: (801,), Num True points: 1
2025-07-01 04:34:09,133 - INFO - utils.stats_utils - [perform_cluster_permutation_test:338] -   Significant Cluster #676: p-value = 0.0312. Mask shape: (801,), Num True points: 1
2025-07-01 04:34:09,133 - INFO - utils.stats_utils - [perform_cluster_permutation_test:338] -   Significant Cluster #677: p-value = 0.0312. Mask shape: (801,), Num True points: 1
2025-07-01 04:34:09,133 - INFO - utils.stats_utils - [perform_cluster_permutation_test:338] -   Significant Cluster #678: p-value = 0.0195. Mask shape: (801,), Num True points: 1
2025-07-01 04:34:09,134 - INFO - utils.stats_utils - [perform_pointwise_fdr_correction_on_scores:439] - Performing pointwise wilcoxon with FDR correction. Data shape for test (obs, features if any): (10, 801)
2025-07-01 04:34:09,134 - INFO - utils.stats_utils - [perform_pointwise_fdr_correction_on_scores:443] -   Parameters: chance=0.5, alpha=0.05, test_type='wilcoxon', FDR_method='indep', alternative='greater'
2025-07-01 04:34:10,006 - INFO - utils.stats_utils - [perform_pointwise_fdr_correction_on_scores:714] - FDR correction completed. 32 point(s) found significant (p_fdr < 0.05).
2025-07-01 04:34:10,007 - INFO - utils.stats_utils - [perform_cluster_permutation_test:188] - Adjusting MNE parallelism from requested n_jobs=1 to effective_n_jobs=4 for resource management.
2025-07-01 04:34:10,007 - INFO - utils.stats_utils - [perform_cluster_permutation_test:195] - Executing cluster-based permutation test. Data shape (obs, features...): (10, 801)
2025-07-01 04:34:10,007 - INFO - utils.stats_utils - [perform_cluster_permutation_test:199] -   Parameters: n_permutations=1024, threshold_config={'start': 0.1, 'step': 0.1}, alternative='greater' (MNE tail=1), n_jobs=4
2025-07-01 04:34:10,007 - INFO - utils.stats_utils - [perform_cluster_permutation_test:210] -   Using MNE's default stat_fun (ttest_1samp_no_p) for permutation test.
2025-07-01 04:34:10,007 - INFO - utils.stats_utils - [perform_cluster_permutation_test:242] -   Input data is 2D (features). MNE will use default temporal connectivity inference if applicable.
stat_fun(H1): min=-4.262719 max=13.686070
Running initial clustering …
Using 136 thresholds from 0.10 to 13.60 for TFCE computation (h_power=2.00, e_power=0.50)
Found 801 clusters
2025-07-01 04:34:15,250 - INFO - utils.stats_utils - [perform_cluster_permutation_test:314] - Cluster permutation test completed. 801 initial clusters found (after processing slices).
2025-07-01 04:34:15,250 - INFO - utils.stats_utils - [perform_cluster_permutation_test:338] -   Significant Cluster #439: p-value = 0.0312. Mask shape: (801,), Num True points: 1
2025-07-01 04:34:15,250 - INFO - utils.stats_utils - [perform_cluster_permutation_test:338] -   Significant Cluster #440: p-value = 0.0117. Mask shape: (801,), Num True points: 1
2025-07-01 04:34:15,250 - INFO - utils.stats_utils - [perform_cluster_permutation_test:338] -   Significant Cluster #448: p-value = 0.0166. Mask shape: (801,), Num True points: 1
2025-07-01 04:34:15,250 - INFO - utils.stats_utils - [perform_cluster_permutation_test:338] -   Significant Cluster #449: p-value = 0.0117. Mask shape: (801,), Num True points: 1
2025-07-01 04:34:15,250 - INFO - utils.stats_utils - [perform_cluster_permutation_test:338] -   Significant Cluster #450: p-value = 0.0098. Mask shape: (801,), Num True points: 1
2025-07-01 04:34:15,250 - INFO - utils.stats_utils - [perform_cluster_permutation_test:338] -   Significant Cluster #451: p-value = 0.0449. Mask shape: (801,), Num True points: 1
2025-07-01 04:34:15,250 - INFO - utils.stats_utils - [perform_cluster_permutation_test:338] -   Significant Cluster #453: p-value = 0.0225. Mask shape: (801,), Num True points: 1
2025-07-01 04:34:15,251 - INFO - utils.stats_utils - [perform_cluster_permutation_test:338] -   Significant Cluster #454: p-value = 0.0078. Mask shape: (801,), Num True points: 1
2025-07-01 04:34:15,251 - INFO - utils.stats_utils - [perform_cluster_permutation_test:338] -   Significant Cluster #455: p-value = 0.0029. Mask shape: (801,), Num True points: 1
2025-07-01 04:34:15,251 - INFO - utils.stats_utils - [perform_cluster_permutation_test:338] -   Significant Cluster #456: p-value = 0.0020. Mask shape: (801,), Num True points: 1
2025-07-01 04:34:15,251 - INFO - utils.stats_utils - [perform_cluster_permutation_test:338] -   Significant Cluster #457: p-value = 0.0020. Mask shape: (801,), Num True points: 1
2025-07-01 04:34:15,251 - INFO - utils.stats_utils - [perform_cluster_permutation_test:338] -   Significant Cluster #458: p-value = 0.0029. Mask shape: (801,), Num True points: 1
2025-07-01 04:34:15,251 - INFO - utils.stats_utils - [perform_cluster_permutation_test:338] -   Significant Cluster #459: p-value = 0.0068. Mask shape: (801,), Num True points: 1
2025-07-01 04:34:15,251 - INFO - utils.stats_utils - [perform_cluster_permutation_test:338] -   Significant Cluster #460: p-value = 0.0176. Mask shape: (801,), Num True points: 1
2025-07-01 04:34:15,251 - INFO - utils.stats_utils - [perform_cluster_permutation_test:338] -   Significant Cluster #461: p-value = 0.0322. Mask shape: (801,), Num True points: 1
2025-07-01 04:34:15,251 - INFO - utils.stats_utils - [perform_cluster_permutation_test:338] -   Significant Cluster #462: p-value = 0.0283. Mask shape: (801,), Num True points: 1
2025-07-01 04:34:15,251 - INFO - utils.stats_utils - [perform_cluster_permutation_test:338] -   Significant Cluster #463: p-value = 0.0322. Mask shape: (801,), Num True points: 1
2025-07-01 04:34:17,133 - INFO - utils.vizualization_utils_LG - [_create_lg_comparison_page:247] - LG comparison plot saved to: /home/tom.balay/results/Baking_EEG_results_V12/intra_subject_lg_results/DELIRIUM-_LG_PATIENTS_DELIRIUM-/TpSD30_Single_LG_Protocol_Analysis_svc/20250701_043348/lg_LD_ALL_vs_LS_ALL_TpSD30_DELIRIUM-_svc.png
2025-07-01 04:34:18,768 - INFO - utils.vizualization_utils_LG - [_create_lg_comparison_page:247] - LG comparison plot saved to: /home/tom.balay/results/Baking_EEG_results_V12/intra_subject_lg_results/DELIRIUM-_LG_PATIENTS_DELIRIUM-/TpSD30_Single_LG_Protocol_Analysis_svc/20250701_043348/lg_GD_ALL_vs_GS_ALL_TpSD30_DELIRIUM-_svc.png
2025-07-01 04:34:20,275 - INFO - utils.vizualization_utils_LG - [_create_lg_comparison_page:247] - LG comparison plot saved to: /home/tom.balay/results/Baking_EEG_results_V12/intra_subject_lg_results/DELIRIUM-_LG_PATIENTS_DELIRIUM-/TpSD30_Single_LG_Protocol_Analysis_svc/20250701_043348/lg_LSGS_vs_LSGD_TpSD30_DELIRIUM-_svc.png
2025-07-01 04:34:21,984 - INFO - utils.vizualization_utils_LG - [_create_lg_comparison_page:247] - LG comparison plot saved to: /home/tom.balay/results/Baking_EEG_results_V12/intra_subject_lg_results/DELIRIUM-_LG_PATIENTS_DELIRIUM-/TpSD30_Single_LG_Protocol_Analysis_svc/20250701_043348/lg_LDGS_vs_LDGD_TpSD30_DELIRIUM-_svc.png
2025-07-01 04:34:23,137 - INFO - utils.vizualization_utils_LG - [_create_lg_comparison_page:247] - LG comparison plot saved to: /home/tom.balay/results/Baking_EEG_results_V12/intra_subject_lg_results/DELIRIUM-_LG_PATIENTS_DELIRIUM-/TpSD30_Single_LG_Protocol_Analysis_svc/20250701_043348/lg_LSGS_vs_LDGS_TpSD30_DELIRIUM-_svc.png
2025-07-01 04:34:24,539 - INFO - utils.vizualization_utils_LG - [_create_lg_comparison_page:247] - LG comparison plot saved to: /home/tom.balay/results/Baking_EEG_results_V12/intra_subject_lg_results/DELIRIUM-_LG_PATIENTS_DELIRIUM-/TpSD30_Single_LG_Protocol_Analysis_svc/20250701_043348/lg_LSGD_vs_LDGD_TpSD30_DELIRIUM-_svc.png
2025-07-01 04:34:24,539 - INFO - utils.vizualization_utils_LG - [create_subject_decoding_dashboard_plots_lg:167] - LG dashboard plots creation completed for subject TpSD30
2025-07-01 04:34:24,540 - INFO - examples.run_decoding_one_lg - [execute_single_subject_lg_decoding:684] - LG Dashboard plots generated for subject TpSD30 in /home/tom.balay/results/Baking_EEG_results_V12/intra_subject_lg_results/DELIRIUM-_LG_PATIENTS_DELIRIUM-/TpSD30_Single_LG_Protocol_Analysis_svc/20250701_043348
2025-07-01 04:34:24,540 - INFO - examples.run_decoding_one_lg - [execute_single_subject_lg_decoding:723] - Finished processing LG for subject TpSD30 (Task Set ID: Single_LG_Protocol_Analysis). Total time: 15130.53s
submitit INFO (2025-07-01 04:34:24,556) - Job completed successfully
2025-07-01 04:34:24,556 - INFO - submitit - [process_job:56] - Job completed successfully
submitit INFO (2025-07-01 04:34:24,695) - Exiting after successful completion
2025-07-01 04:34:24,695 - INFO - submitit - [process_job:61] - Exiting after successful completion
