submitit INFO (2025-06-23 15:38:01,575) - Starting with JobEnvironment(job_id=338121, hostname=node5, local_rank=0(1), node=0(1), global_rank=0(1))
submitit INFO (2025-06-23 15:38:01,575) - Loading pickle: /home/tom.balay/Baking_EEG/bash/logs_submitit_jobs/job_PP_AP_TpSM49_20250623_153759/338121_submitted.pkl
2025-06-23 15:38:06,953 - INFO - examples.run_decoding_one_group_pp - [<module>:54] - Tentative d'import de execute_single_subject_decoding...
2025-06-23 15:38:06,954 - INFO - examples.run_decoding_one_group_pp - [<module>:57] - ✅ Import de execute_single_subject_decoding réussi
2025-06-23 15:38:06,957 - INFO - examples.run_decoding_one_pp - [execute_single_subject_decoding:192] - Starting decoding for subject: TpSM49 (Group: DELIRIUM+, Task Set ID: Analysis_PP_AP_Individual, Classifier: svc, GS: False, CSP (temp): False, ANOVA FS (temp): True, n_jobs: 40)
2025-06-23 15:38:06,957 - INFO - examples.run_decoding_one_pp - [execute_single_subject_decoding:201] - Using loading conditions: ['XPP_ALL', 'XAP_ALL', 'PP_FOR_SPECIFIC_COMPARISON', 'AP_FAMILY_1', 'AP_FAMILY_2', 'AP_FAMILY_3', 'AP_FAMILY_4', 'AP_FAMILY_5', 'AP_FAMILY_6']
2025-06-23 15:38:09,321 - ERROR - utils.loading_PP_utils - [load_epochs_data_for_decoding_delirium:411] - CRITICAL: No data loaded for ANY specified conditions for subject TpSM49.
2025-06-23 15:38:09,321 - WARNING - utils.loading_PP_utils - [load_epochs_data_for_decoding_delirium:418] - Empty data array for condition 'temp' (specifier: 'AP') for subject TpSM49.
2025-06-23 15:38:09,322 - INFO - utils.loading_PP_utils - [load_epochs_data_auto_protocol:746] - Auto-detected protocol 'delirium' for subject 'TpSM49' (file hint: legacy)
2025-06-23 15:38:09,322 - INFO - utils.loading_PP_utils - [find_epochs_file_with_protocol_detection:78] - Found epochs file: /mnt/data/tom.balay/data/Baking_EEG_data/PP_PATIENTS_DELIRIUM+_0.5/data_epochs/TpSM49_PP_preproc_noICA_PP-epo_ar.fif (protocol: legacy, pattern: legacy)
2025-06-23 15:38:09,322 - INFO - utils.loading_PP_utils - [load_epochs_data_for_decoding_delirium:302] - Loading epoch data for subject 'TpSM49' from: /mnt/data/tom.balay/data/Baking_EEG_data/PP_PATIENTS_DELIRIUM+_0.5/data_epochs/TpSM49_PP_preproc_noICA_PP-epo_ar.fif (file protocol: legacy)
2025-06-23 15:38:09,845 - INFO - utils.loading_PP_utils - [load_epochs_data_for_decoding_delirium:313] - Event IDs available for TpSM49:
2025-06-23 15:38:09,845 - INFO - utils.loading_PP_utils - [load_epochs_data_for_decoding_delirium:317] -   - 'PP/10': 110
2025-06-23 15:38:09,845 - INFO - utils.loading_PP_utils - [load_epochs_data_for_decoding_delirium:317] -   - 'PP/20': 120
2025-06-23 15:38:09,845 - INFO - utils.loading_PP_utils - [load_epochs_data_for_decoding_delirium:317] -   - 'PP/30': 130
2025-06-23 15:38:09,845 - INFO - utils.loading_PP_utils - [load_epochs_data_for_decoding_delirium:317] -   - 'AP/11': 111
2025-06-23 15:38:09,845 - INFO - utils.loading_PP_utils - [load_epochs_data_for_decoding_delirium:317] -   - 'AP/12': 112
2025-06-23 15:38:09,845 - INFO - utils.loading_PP_utils - [load_epochs_data_for_decoding_delirium:317] -   - 'AP/13': 113
2025-06-23 15:38:09,845 - INFO - utils.loading_PP_utils - [load_epochs_data_for_decoding_delirium:317] -   - 'AP/14': 114
2025-06-23 15:38:09,845 - INFO - utils.loading_PP_utils - [load_epochs_data_for_decoding_delirium:317] -   - 'AP/15': 115
2025-06-23 15:38:09,846 - INFO - utils.loading_PP_utils - [load_epochs_data_for_decoding_delirium:317] -   - 'AP/16': 116
2025-06-23 15:38:09,846 - INFO - utils.loading_PP_utils - [load_epochs_data_for_decoding_delirium:317] -   - 'AP/21': 121
2025-06-23 15:38:09,846 - INFO - utils.loading_PP_utils - [load_epochs_data_for_decoding_delirium:317] -   - 'AP/22': 122
2025-06-23 15:38:09,846 - INFO - utils.loading_PP_utils - [load_epochs_data_for_decoding_delirium:317] -   - 'AP/23': 123
2025-06-23 15:38:09,846 - INFO - utils.loading_PP_utils - [load_epochs_data_for_decoding_delirium:317] -   - 'AP/24': 124
2025-06-23 15:38:09,846 - INFO - utils.loading_PP_utils - [load_epochs_data_for_decoding_delirium:317] -   - 'AP/25': 125
2025-06-23 15:38:09,846 - INFO - utils.loading_PP_utils - [load_epochs_data_for_decoding_delirium:317] -   - 'AP/26': 126
2025-06-23 15:38:09,846 - INFO - utils.loading_PP_utils - [load_epochs_data_for_decoding_delirium:317] -   - 'AP/31': 131
2025-06-23 15:38:09,846 - INFO - utils.loading_PP_utils - [load_epochs_data_for_decoding_delirium:317] -   - 'AP/32': 132
2025-06-23 15:38:09,846 - INFO - utils.loading_PP_utils - [load_epochs_data_for_decoding_delirium:317] -   - 'AP/33': 133
2025-06-23 15:38:09,846 - INFO - utils.loading_PP_utils - [load_epochs_data_for_decoding_delirium:317] -   - 'AP/34': 134
2025-06-23 15:38:09,846 - INFO - utils.loading_PP_utils - [load_epochs_data_for_decoding_delirium:317] -   - 'AP/35': 135
2025-06-23 15:38:09,847 - INFO - utils.loading_PP_utils - [load_epochs_data_for_decoding_delirium:317] -   - 'AP/36': 136
2025-06-23 15:38:10,112 - INFO - utils.loading_PP_utils - [load_epochs_data_for_decoding_delirium:337] - Processing conditions: ['XPP_ALL', 'XAP_ALL', 'PP_FOR_SPECIFIC_COMPARISON', 'AP_FAMILY_1', 'AP_FAMILY_2', 'AP_FAMILY_3', 'AP_FAMILY_4', 'AP_FAMILY_5', 'AP_FAMILY_6']
2025-06-23 15:38:10,796 - INFO - utils.loading_PP_utils - [load_epochs_data_for_decoding_delirium:428] -   Data shapes for 'TpSM49': XPP_ALL=(70, 124, 601), XAP_ALL=(406, 124, 601), PP_FOR_SPECIFIC_COMPARISON=(70, 124, 601), AP_FAMILY_1=(68, 124, 601), AP_FAMILY_2=(67, 124, 601), AP_FAMILY_3=(71, 124, 601), AP_FAMILY_4=(66, 124, 601), AP_FAMILY_5=(69, 124, 601), AP_FAMILY_6=(65, 124, 601). Loaded in 1.47s
2025-06-23 15:38:10,797 - INFO - examples.run_decoding_one_pp - [execute_single_subject_decoding:210] - Detected protocol 'delirium' for subject TpSM49
2025-06-23 15:38:10,797 - INFO - examples.run_decoding_one_pp - [execute_single_subject_decoding:244] - --- Starting Main Protocol Decoding for TpSM49 ---
2025-06-23 15:38:10,797 - INFO - examples.run_decoding_one_pp - [execute_single_subject_decoding:247] -   --- 1. Main Decoding (e.g., PP/all vs AP/all) for TpSM49 ---
2025-06-23 15:38:10,927 - INFO - Baking_EEG._4_decoding_core - [run_temporal_decoding_analysis:68] - DEBUG: use_csp_for_temporal_pipelines type=bool, value=False, bool()=False
2025-06-23 15:38:10,927 - INFO - Baking_EEG._4_decoding_core - [run_temporal_decoding_analysis:76] - DEBUG: use_csp_for_temporal_pipelines type=bool, value=False, bool()=False
2025-06-23 15:38:10,927 - INFO - Baking_EEG._4_decoding_core - [run_temporal_decoding_analysis:83] - --- Temporal Ddcoding Analysis ---
2025-06-23 15:38:10,927 - INFO - Baking_EEG._4_decoding_core - [run_temporal_decoding_analysis:84] - Clf: svc, GS: False, CSP (temporal): False, ANOVA FS (temporal): True
2025-06-23 15:38:10,932 - INFO - base.base_decoding - [_build_standard_classifier_pipeline:57] - Pipeline à hyperparamètres fixes: type='svc', CSP: False, ANOVA FS: True
2025-06-23 15:38:10,932 - INFO - base.base_decoding - [_build_standard_classifier_pipeline:68] - DEBUG: add_csp_step type=bool, value=False, bool()=False
2025-06-23 15:38:10,933 - INFO - base.base_decoding - [_build_standard_classifier_pipeline:91] -    Étape ANOVA FS 'anova_feature_selection' ajoutée (percentile fixe=15).
2025-06-23 15:38:10,933 - INFO - base.base_decoding - [_build_standard_classifier_pipeline:123] - Structure finale du pipeline: ['scaler', 'anova_feature_selection', 'svc_classifier']
2025-06-23 15:38:10,933 - INFO - base.base_decoding - [_build_standard_classifier_pipeline:57] - Pipeline à hyperparamètres fixes: type='svc', CSP: False, ANOVA FS: False
2025-06-23 15:38:10,933 - INFO - base.base_decoding - [_build_standard_classifier_pipeline:68] - DEBUG: add_csp_step type=bool, value=False, bool()=False
2025-06-23 15:38:10,933 - INFO - base.base_decoding - [_build_standard_classifier_pipeline:123] - Structure finale du pipeline: ['scaler', 'svc_classifier']
2025-06-23 15:38:10,933 - INFO - Baking_EEG._4_decoding_core - [run_temporal_decoding_analysis:261] - CV strategy: StratifiedKFold with 5 splits.
2025-06-23 15:38:10,934 - INFO - Baking_EEG._4_decoding_core - [run_temporal_decoding_analysis:276] - Sample weights: Auto-calculated.
2025-06-23 15:38:10,941 - INFO - Baking_EEG._4_decoding_core - [run_temporal_decoding_analysis:315] - MNE Estimators (Fixed mode): Passing sample_weight to svc_classifier.
2025-06-23 15:38:10,941 - INFO - Baking_EEG._4_decoding_core - [run_temporal_decoding_analysis:324] - Starting 1D temporal decoding (SlidingEstimator)...
2025-06-23 15:38:35,302 - INFO - Baking_EEG._4_decoding_core - [run_temporal_decoding_analysis:352] - 1D temporal decoding done. Peak mean AUC: 0.750
2025-06-23 15:38:35,303 - INFO - Baking_EEG._4_decoding_core - [run_temporal_decoding_analysis:360] - Starting TGM computation (GeneralizingEstimator)...
submitit WARNING (2025-06-23 15:52:39,744) - Bypassing signal SIGTERM
2025-06-23 15:52:39,744 - WARNING - submitit - [bypass:196] - Bypassing signal SIGTERM
submitit WARNING (2025-06-23 15:52:39,744) - Bypassing signal SIGCONT
2025-06-23 15:52:39,744 - WARNING - submitit - [bypass:196] - Bypassing signal SIGCONT
