submitit INFO (2025-07-08 15:56:52,082) - Starting with JobEnvironment(job_id=363546, hostname=node17, local_rank=0(1), node=0(1), global_rank=0(1))
submitit INFO (2025-07-08 15:56:52,082) - Loading pickle: /home/tom.balay/Baking_EEG/submitit/logs_submitit_groups_LG/20250708_152320_CONTROLS_COMA_LG_GROUP/363546_submitted.pkl
2025-07-08 15:56:55,284 - INFO - examples.run_decoding_one_group_pp - [<module>:39] - Tentative d'import de execute_single_subject_decoding...
2025-07-08 15:56:55,284 - INFO - examples.run_decoding_one_group_pp - [<module>:42] - ✅ Import de execute_single_subject_decoding réussi
2025-07-08 15:56:55,287 - INFO - examples.run_decoding_one_group_lg - [execute_group_intra_subject_lg_decoding_analysis:96] - Starting intra-subject LG decoding analysis for GROUP: CONTROLS_COMA. GS: False, CSP: False, ANOVA FS: True. n_jobs_subj: 40.
2025-07-08 15:56:55,287 - INFO - examples.run_decoding_one_group_lg - [execute_group_intra_subject_lg_decoding_analysis:105] - 
--- LG Group 'CONTROLS_COMA': Processing Subject 1/25: AO05 ---
2025-07-08 15:56:55,287 - INFO - examples.run_decoding_one_lg - [execute_single_subject_lg_decoding:222] - Starting LG decoding for subject: AO05 (Group: CONTROLS_COMA, Task Set ID: Group_LG_Intra_CONTROLS_COMA_Subj_AO05, Classifier: svc, GS: False, CSP: False, ANOVA FS: True, n_jobs: 40)
2025-07-08 15:56:55,287 - INFO - examples.run_decoding_one_lg - [execute_single_subject_lg_decoding:233] - Using LG loading conditions: ['LS_ALL', 'LD_ALL', 'GS_ALL', 'GD_ALL', 'LSGS', 'LSGD', 'LDGS', 'LDGD']
2025-07-08 15:56:55,288 - WARNING - utils.loading_LG_utils - [load_epochs_data_for_lg_decoding:96] - Original group path for 'CONTROLS_COMA' not found for subject 'AO05'. Subject found in group 'CONTROLS_COMA'. Using its path convention.
2025-07-08 15:56:55,289 - ERROR - utils.loading_LG_utils - [load_epochs_data_for_lg_decoding:163] - No preprocessed LG epoch FIF file found for 'AO05' in '/mnt/data/tom.balay/data/Baking_EEG_data/LG_CONTROLS_0.5'. Checked 8 candidates (first 5: ['/mnt/data/tom.balay/data/Baking_EEG_data/LG_CONTROLS_0.5/AO05_LG_preproc_ICA_LG-epo_ar.fif', '/mnt/data/tom.balay/data/Baking_EEG_data/LG_CONTROLS_0.5/AO05_LG_preproc_ICA_LG-epo.fif', '/mnt/data/tom.balay/data/Baking_EEG_data/LG_CONTROLS_0.5/AO05_LG_preproc_noICA_LG-epo_ar.fif', '/mnt/data/tom.balay/data/Baking_EEG_data/LG_CONTROLS_0.5/AO05_LG_preproc_noICA_LG-epo.fif', '/mnt/data/tom.balay/data/Baking_EEG_data/LG_CONTROLS_0.5/AO05_LG_preproc_ICA_LG-epo_ar.fif']).
2025-07-08 15:56:55,289 - INFO - examples.run_decoding_one_lg - [execute_single_subject_lg_decoding:242] - Detected protocol 'unknown' for subject AO05
2025-07-08 15:56:55,289 - ERROR - examples.run_decoding_one_lg - [execute_single_subject_lg_decoding:248] - Epochs object loading failed for AO05. Aborting subject.
2025-07-08 15:56:55,289 - WARNING - examples.run_decoding_one_group_lg - [execute_group_intra_subject_lg_decoding_analysis:141] - Subject AO05 processing failed or returned invalid results.
2025-07-08 15:56:55,289 - INFO - examples.run_decoding_one_group_lg - [execute_group_intra_subject_lg_decoding_analysis:105] - 
--- LG Group 'CONTROLS_COMA': Processing Subject 2/25: BT13 ---
2025-07-08 15:56:55,289 - INFO - examples.run_decoding_one_lg - [execute_single_subject_lg_decoding:222] - Starting LG decoding for subject: BT13 (Group: CONTROLS_COMA, Task Set ID: Group_LG_Intra_CONTROLS_COMA_Subj_BT13, Classifier: svc, GS: False, CSP: False, ANOVA FS: True, n_jobs: 40)
2025-07-08 15:56:55,289 - INFO - examples.run_decoding_one_lg - [execute_single_subject_lg_decoding:233] - Using LG loading conditions: ['LS_ALL', 'LD_ALL', 'GS_ALL', 'GD_ALL', 'LSGS', 'LSGD', 'LDGS', 'LDGD']
2025-07-08 15:56:55,289 - WARNING - utils.loading_LG_utils - [load_epochs_data_for_lg_decoding:96] - Original group path for 'CONTROLS_COMA' not found for subject 'BT13'. Subject found in group 'CONTROLS_COMA'. Using its path convention.
2025-07-08 15:56:55,290 - ERROR - utils.loading_LG_utils - [load_epochs_data_for_lg_decoding:163] - No preprocessed LG epoch FIF file found for 'BT13' in '/mnt/data/tom.balay/data/Baking_EEG_data/LG_CONTROLS_0.5'. Checked 8 candidates (first 5: ['/mnt/data/tom.balay/data/Baking_EEG_data/LG_CONTROLS_0.5/BT13_LG_preproc_ICA_LG-epo_ar.fif', '/mnt/data/tom.balay/data/Baking_EEG_data/LG_CONTROLS_0.5/BT13_LG_preproc_ICA_LG-epo.fif', '/mnt/data/tom.balay/data/Baking_EEG_data/LG_CONTROLS_0.5/BT13_LG_preproc_noICA_LG-epo_ar.fif', '/mnt/data/tom.balay/data/Baking_EEG_data/LG_CONTROLS_0.5/BT13_LG_preproc_noICA_LG-epo.fif', '/mnt/data/tom.balay/data/Baking_EEG_data/LG_CONTROLS_0.5/BT13_LG_preproc_ICA_LG-epo_ar.fif']).
2025-07-08 15:56:55,290 - INFO - examples.run_decoding_one_lg - [execute_single_subject_lg_decoding:242] - Detected protocol 'unknown' for subject BT13
2025-07-08 15:56:55,290 - ERROR - examples.run_decoding_one_lg - [execute_single_subject_lg_decoding:248] - Epochs object loading failed for BT13. Aborting subject.
2025-07-08 15:56:55,290 - WARNING - examples.run_decoding_one_group_lg - [execute_group_intra_subject_lg_decoding_analysis:141] - Subject BT13 processing failed or returned invalid results.
2025-07-08 15:56:55,290 - INFO - examples.run_decoding_one_group_lg - [execute_group_intra_subject_lg_decoding_analysis:105] - 
--- LG Group 'CONTROLS_COMA': Processing Subject 3/25: HM10 ---
2025-07-08 15:56:55,290 - INFO - examples.run_decoding_one_lg - [execute_single_subject_lg_decoding:222] - Starting LG decoding for subject: HM10 (Group: CONTROLS_COMA, Task Set ID: Group_LG_Intra_CONTROLS_COMA_Subj_HM10, Classifier: svc, GS: False, CSP: False, ANOVA FS: True, n_jobs: 40)
2025-07-08 15:56:55,291 - INFO - examples.run_decoding_one_lg - [execute_single_subject_lg_decoding:233] - Using LG loading conditions: ['LS_ALL', 'LD_ALL', 'GS_ALL', 'GD_ALL', 'LSGS', 'LSGD', 'LDGS', 'LDGD']
2025-07-08 15:56:55,291 - WARNING - utils.loading_LG_utils - [load_epochs_data_for_lg_decoding:96] - Original group path for 'CONTROLS_COMA' not found for subject 'HM10'. Subject found in group 'CONTROLS_COMA'. Using its path convention.
2025-07-08 15:56:55,291 - ERROR - utils.loading_LG_utils - [load_epochs_data_for_lg_decoding:163] - No preprocessed LG epoch FIF file found for 'HM10' in '/mnt/data/tom.balay/data/Baking_EEG_data/LG_CONTROLS_0.5'. Checked 8 candidates (first 5: ['/mnt/data/tom.balay/data/Baking_EEG_data/LG_CONTROLS_0.5/HM10_LG_preproc_ICA_LG-epo_ar.fif', '/mnt/data/tom.balay/data/Baking_EEG_data/LG_CONTROLS_0.5/HM10_LG_preproc_ICA_LG-epo.fif', '/mnt/data/tom.balay/data/Baking_EEG_data/LG_CONTROLS_0.5/HM10_LG_preproc_noICA_LG-epo_ar.fif', '/mnt/data/tom.balay/data/Baking_EEG_data/LG_CONTROLS_0.5/HM10_LG_preproc_noICA_LG-epo.fif', '/mnt/data/tom.balay/data/Baking_EEG_data/LG_CONTROLS_0.5/HM10_LG_preproc_ICA_LG-epo_ar.fif']).
2025-07-08 15:56:55,291 - INFO - examples.run_decoding_one_lg - [execute_single_subject_lg_decoding:242] - Detected protocol 'unknown' for subject HM10
2025-07-08 15:56:55,291 - ERROR - examples.run_decoding_one_lg - [execute_single_subject_lg_decoding:248] - Epochs object loading failed for HM10. Aborting subject.
2025-07-08 15:56:55,292 - WARNING - examples.run_decoding_one_group_lg - [execute_group_intra_subject_lg_decoding_analysis:141] - Subject HM10 processing failed or returned invalid results.
2025-07-08 15:56:55,292 - INFO - examples.run_decoding_one_group_lg - [execute_group_intra_subject_lg_decoding_analysis:105] - 
--- LG Group 'CONTROLS_COMA': Processing Subject 4/25: JM14 ---
2025-07-08 15:56:55,292 - INFO - examples.run_decoding_one_lg - [execute_single_subject_lg_decoding:222] - Starting LG decoding for subject: JM14 (Group: CONTROLS_COMA, Task Set ID: Group_LG_Intra_CONTROLS_COMA_Subj_JM14, Classifier: svc, GS: False, CSP: False, ANOVA FS: True, n_jobs: 40)
2025-07-08 15:56:55,292 - INFO - examples.run_decoding_one_lg - [execute_single_subject_lg_decoding:233] - Using LG loading conditions: ['LS_ALL', 'LD_ALL', 'GS_ALL', 'GD_ALL', 'LSGS', 'LSGD', 'LDGS', 'LDGD']
2025-07-08 15:56:55,292 - WARNING - utils.loading_LG_utils - [load_epochs_data_for_lg_decoding:96] - Original group path for 'CONTROLS_COMA' not found for subject 'JM14'. Subject found in group 'CONTROLS_COMA'. Using its path convention.
2025-07-08 15:56:55,292 - ERROR - utils.loading_LG_utils - [load_epochs_data_for_lg_decoding:163] - No preprocessed LG epoch FIF file found for 'JM14' in '/mnt/data/tom.balay/data/Baking_EEG_data/LG_CONTROLS_0.5'. Checked 8 candidates (first 5: ['/mnt/data/tom.balay/data/Baking_EEG_data/LG_CONTROLS_0.5/JM14_LG_preproc_ICA_LG-epo_ar.fif', '/mnt/data/tom.balay/data/Baking_EEG_data/LG_CONTROLS_0.5/JM14_LG_preproc_ICA_LG-epo.fif', '/mnt/data/tom.balay/data/Baking_EEG_data/LG_CONTROLS_0.5/JM14_LG_preproc_noICA_LG-epo_ar.fif', '/mnt/data/tom.balay/data/Baking_EEG_data/LG_CONTROLS_0.5/JM14_LG_preproc_noICA_LG-epo.fif', '/mnt/data/tom.balay/data/Baking_EEG_data/LG_CONTROLS_0.5/JM14_LG_preproc_ICA_LG-epo_ar.fif']).
2025-07-08 15:56:55,293 - INFO - examples.run_decoding_one_lg - [execute_single_subject_lg_decoding:242] - Detected protocol 'unknown' for subject JM14
2025-07-08 15:56:55,293 - ERROR - examples.run_decoding_one_lg - [execute_single_subject_lg_decoding:248] - Epochs object loading failed for JM14. Aborting subject.
2025-07-08 15:56:55,293 - WARNING - examples.run_decoding_one_group_lg - [execute_group_intra_subject_lg_decoding_analysis:141] - Subject JM14 processing failed or returned invalid results.
2025-07-08 15:56:55,293 - INFO - examples.run_decoding_one_group_lg - [execute_group_intra_subject_lg_decoding_analysis:105] - 
--- LG Group 'CONTROLS_COMA': Processing Subject 5/25: LS07 ---
2025-07-08 15:56:55,293 - INFO - examples.run_decoding_one_lg - [execute_single_subject_lg_decoding:222] - Starting LG decoding for subject: LS07 (Group: CONTROLS_COMA, Task Set ID: Group_LG_Intra_CONTROLS_COMA_Subj_LS07, Classifier: svc, GS: False, CSP: False, ANOVA FS: True, n_jobs: 40)
2025-07-08 15:56:55,293 - INFO - examples.run_decoding_one_lg - [execute_single_subject_lg_decoding:233] - Using LG loading conditions: ['LS_ALL', 'LD_ALL', 'GS_ALL', 'GD_ALL', 'LSGS', 'LSGD', 'LDGS', 'LDGD']
2025-07-08 15:56:55,293 - WARNING - utils.loading_LG_utils - [load_epochs_data_for_lg_decoding:96] - Original group path for 'CONTROLS_COMA' not found for subject 'LS07'. Subject found in group 'CONTROLS_COMA'. Using its path convention.
2025-07-08 15:56:55,294 - ERROR - utils.loading_LG_utils - [load_epochs_data_for_lg_decoding:163] - No preprocessed LG epoch FIF file found for 'LS07' in '/mnt/data/tom.balay/data/Baking_EEG_data/LG_CONTROLS_0.5'. Checked 8 candidates (first 5: ['/mnt/data/tom.balay/data/Baking_EEG_data/LG_CONTROLS_0.5/LS07_LG_preproc_ICA_LG-epo_ar.fif', '/mnt/data/tom.balay/data/Baking_EEG_data/LG_CONTROLS_0.5/LS07_LG_preproc_ICA_LG-epo.fif', '/mnt/data/tom.balay/data/Baking_EEG_data/LG_CONTROLS_0.5/LS07_LG_preproc_noICA_LG-epo_ar.fif', '/mnt/data/tom.balay/data/Baking_EEG_data/LG_CONTROLS_0.5/LS07_LG_preproc_noICA_LG-epo.fif', '/mnt/data/tom.balay/data/Baking_EEG_data/LG_CONTROLS_0.5/LS07_LG_preproc_ICA_LG-epo_ar.fif']).
2025-07-08 15:56:55,294 - INFO - examples.run_decoding_one_lg - [execute_single_subject_lg_decoding:242] - Detected protocol 'unknown' for subject LS07
2025-07-08 15:56:55,294 - ERROR - examples.run_decoding_one_lg - [execute_single_subject_lg_decoding:248] - Epochs object loading failed for LS07. Aborting subject.
2025-07-08 15:56:55,294 - WARNING - examples.run_decoding_one_group_lg - [execute_group_intra_subject_lg_decoding_analysis:141] - Subject LS07 processing failed or returned invalid results.
2025-07-08 15:56:55,294 - INFO - examples.run_decoding_one_group_lg - [execute_group_intra_subject_lg_decoding_analysis:105] - 
--- LG Group 'CONTROLS_COMA': Processing Subject 6/25: LT12 ---
2025-07-08 15:56:55,294 - INFO - examples.run_decoding_one_lg - [execute_single_subject_lg_decoding:222] - Starting LG decoding for subject: LT12 (Group: CONTROLS_COMA, Task Set ID: Group_LG_Intra_CONTROLS_COMA_Subj_LT12, Classifier: svc, GS: False, CSP: False, ANOVA FS: True, n_jobs: 40)
2025-07-08 15:56:55,294 - INFO - examples.run_decoding_one_lg - [execute_single_subject_lg_decoding:233] - Using LG loading conditions: ['LS_ALL', 'LD_ALL', 'GS_ALL', 'GD_ALL', 'LSGS', 'LSGD', 'LDGS', 'LDGD']
2025-07-08 15:56:55,294 - WARNING - utils.loading_LG_utils - [load_epochs_data_for_lg_decoding:96] - Original group path for 'CONTROLS_COMA' not found for subject 'LT12'. Subject found in group 'CONTROLS_COMA'. Using its path convention.
2025-07-08 15:56:55,295 - ERROR - utils.loading_LG_utils - [load_epochs_data_for_lg_decoding:163] - No preprocessed LG epoch FIF file found for 'LT12' in '/mnt/data/tom.balay/data/Baking_EEG_data/LG_CONTROLS_0.5'. Checked 8 candidates (first 5: ['/mnt/data/tom.balay/data/Baking_EEG_data/LG_CONTROLS_0.5/LT12_LG_preproc_ICA_LG-epo_ar.fif', '/mnt/data/tom.balay/data/Baking_EEG_data/LG_CONTROLS_0.5/LT12_LG_preproc_ICA_LG-epo.fif', '/mnt/data/tom.balay/data/Baking_EEG_data/LG_CONTROLS_0.5/LT12_LG_preproc_noICA_LG-epo_ar.fif', '/mnt/data/tom.balay/data/Baking_EEG_data/LG_CONTROLS_0.5/LT12_LG_preproc_noICA_LG-epo.fif', '/mnt/data/tom.balay/data/Baking_EEG_data/LG_CONTROLS_0.5/LT12_LG_preproc_ICA_LG-epo_ar.fif']).
2025-07-08 15:56:55,295 - INFO - examples.run_decoding_one_lg - [execute_single_subject_lg_decoding:242] - Detected protocol 'unknown' for subject LT12
2025-07-08 15:56:55,295 - ERROR - examples.run_decoding_one_lg - [execute_single_subject_lg_decoding:248] - Epochs object loading failed for LT12. Aborting subject.
2025-07-08 15:56:55,295 - WARNING - examples.run_decoding_one_group_lg - [execute_group_intra_subject_lg_decoding_analysis:141] - Subject LT12 processing failed or returned invalid results.
2025-07-08 15:56:55,295 - INFO - examples.run_decoding_one_group_lg - [execute_group_intra_subject_lg_decoding_analysis:105] - 
--- LG Group 'CONTROLS_COMA': Processing Subject 7/25: PB20 ---
2025-07-08 15:56:55,295 - INFO - examples.run_decoding_one_lg - [execute_single_subject_lg_decoding:222] - Starting LG decoding for subject: PB20 (Group: CONTROLS_COMA, Task Set ID: Group_LG_Intra_CONTROLS_COMA_Subj_PB20, Classifier: svc, GS: False, CSP: False, ANOVA FS: True, n_jobs: 40)
2025-07-08 15:56:55,295 - INFO - examples.run_decoding_one_lg - [execute_single_subject_lg_decoding:233] - Using LG loading conditions: ['LS_ALL', 'LD_ALL', 'GS_ALL', 'GD_ALL', 'LSGS', 'LSGD', 'LDGS', 'LDGD']
2025-07-08 15:56:55,295 - WARNING - utils.loading_LG_utils - [load_epochs_data_for_lg_decoding:96] - Original group path for 'CONTROLS_COMA' not found for subject 'PB20'. Subject found in group 'CONTROLS_COMA'. Using its path convention.
2025-07-08 15:56:55,296 - ERROR - utils.loading_LG_utils - [load_epochs_data_for_lg_decoding:163] - No preprocessed LG epoch FIF file found for 'PB20' in '/mnt/data/tom.balay/data/Baking_EEG_data/LG_CONTROLS_0.5'. Checked 8 candidates (first 5: ['/mnt/data/tom.balay/data/Baking_EEG_data/LG_CONTROLS_0.5/PB20_LG_preproc_ICA_LG-epo_ar.fif', '/mnt/data/tom.balay/data/Baking_EEG_data/LG_CONTROLS_0.5/PB20_LG_preproc_ICA_LG-epo.fif', '/mnt/data/tom.balay/data/Baking_EEG_data/LG_CONTROLS_0.5/PB20_LG_preproc_noICA_LG-epo_ar.fif', '/mnt/data/tom.balay/data/Baking_EEG_data/LG_CONTROLS_0.5/PB20_LG_preproc_noICA_LG-epo.fif', '/mnt/data/tom.balay/data/Baking_EEG_data/LG_CONTROLS_0.5/PB20_LG_preproc_ICA_LG-epo_ar.fif']).
2025-07-08 15:56:55,296 - INFO - examples.run_decoding_one_lg - [execute_single_subject_lg_decoding:242] - Detected protocol 'unknown' for subject PB20
2025-07-08 15:56:55,296 - ERROR - examples.run_decoding_one_lg - [execute_single_subject_lg_decoding:248] - Epochs object loading failed for PB20. Aborting subject.
2025-07-08 15:56:55,296 - WARNING - examples.run_decoding_one_group_lg - [execute_group_intra_subject_lg_decoding_analysis:141] - Subject PB20 processing failed or returned invalid results.
2025-07-08 15:56:55,297 - INFO - examples.run_decoding_one_group_lg - [execute_group_intra_subject_lg_decoding_analysis:105] - 
--- LG Group 'CONTROLS_COMA': Processing Subject 8/25: SB09 ---
2025-07-08 15:56:55,297 - INFO - examples.run_decoding_one_lg - [execute_single_subject_lg_decoding:222] - Starting LG decoding for subject: SB09 (Group: CONTROLS_COMA, Task Set ID: Group_LG_Intra_CONTROLS_COMA_Subj_SB09, Classifier: svc, GS: False, CSP: False, ANOVA FS: True, n_jobs: 40)
2025-07-08 15:56:55,297 - INFO - examples.run_decoding_one_lg - [execute_single_subject_lg_decoding:233] - Using LG loading conditions: ['LS_ALL', 'LD_ALL', 'GS_ALL', 'GD_ALL', 'LSGS', 'LSGD', 'LDGS', 'LDGD']
2025-07-08 15:56:55,297 - WARNING - utils.loading_LG_utils - [load_epochs_data_for_lg_decoding:96] - Original group path for 'CONTROLS_COMA' not found for subject 'SB09'. Subject found in group 'CONTROLS_COMA'. Using its path convention.
2025-07-08 15:56:55,298 - ERROR - utils.loading_LG_utils - [load_epochs_data_for_lg_decoding:163] - No preprocessed LG epoch FIF file found for 'SB09' in '/mnt/data/tom.balay/data/Baking_EEG_data/LG_CONTROLS_0.5'. Checked 8 candidates (first 5: ['/mnt/data/tom.balay/data/Baking_EEG_data/LG_CONTROLS_0.5/SB09_LG_preproc_ICA_LG-epo_ar.fif', '/mnt/data/tom.balay/data/Baking_EEG_data/LG_CONTROLS_0.5/SB09_LG_preproc_ICA_LG-epo.fif', '/mnt/data/tom.balay/data/Baking_EEG_data/LG_CONTROLS_0.5/SB09_LG_preproc_noICA_LG-epo_ar.fif', '/mnt/data/tom.balay/data/Baking_EEG_data/LG_CONTROLS_0.5/SB09_LG_preproc_noICA_LG-epo.fif', '/mnt/data/tom.balay/data/Baking_EEG_data/LG_CONTROLS_0.5/SB09_LG_preproc_ICA_LG-epo_ar.fif']).
2025-07-08 15:56:55,298 - INFO - examples.run_decoding_one_lg - [execute_single_subject_lg_decoding:242] - Detected protocol 'unknown' for subject SB09
2025-07-08 15:56:55,298 - ERROR - examples.run_decoding_one_lg - [execute_single_subject_lg_decoding:248] - Epochs object loading failed for SB09. Aborting subject.
2025-07-08 15:56:55,298 - WARNING - examples.run_decoding_one_group_lg - [execute_group_intra_subject_lg_decoding_analysis:141] - Subject SB09 processing failed or returned invalid results.
2025-07-08 15:56:55,298 - INFO - examples.run_decoding_one_group_lg - [execute_group_intra_subject_lg_decoding_analysis:105] - 
--- LG Group 'CONTROLS_COMA': Processing Subject 9/25: SP03 ---
2025-07-08 15:56:55,298 - INFO - examples.run_decoding_one_lg - [execute_single_subject_lg_decoding:222] - Starting LG decoding for subject: SP03 (Group: CONTROLS_COMA, Task Set ID: Group_LG_Intra_CONTROLS_COMA_Subj_SP03, Classifier: svc, GS: False, CSP: False, ANOVA FS: True, n_jobs: 40)
2025-07-08 15:56:55,298 - INFO - examples.run_decoding_one_lg - [execute_single_subject_lg_decoding:233] - Using LG loading conditions: ['LS_ALL', 'LD_ALL', 'GS_ALL', 'GD_ALL', 'LSGS', 'LSGD', 'LDGS', 'LDGD']
2025-07-08 15:56:55,298 - WARNING - utils.loading_LG_utils - [load_epochs_data_for_lg_decoding:96] - Original group path for 'CONTROLS_COMA' not found for subject 'SP03'. Subject found in group 'CONTROLS_COMA'. Using its path convention.
2025-07-08 15:56:55,299 - ERROR - utils.loading_LG_utils - [load_epochs_data_for_lg_decoding:163] - No preprocessed LG epoch FIF file found for 'SP03' in '/mnt/data/tom.balay/data/Baking_EEG_data/LG_CONTROLS_0.5'. Checked 8 candidates (first 5: ['/mnt/data/tom.balay/data/Baking_EEG_data/LG_CONTROLS_0.5/SP03_LG_preproc_ICA_LG-epo_ar.fif', '/mnt/data/tom.balay/data/Baking_EEG_data/LG_CONTROLS_0.5/SP03_LG_preproc_ICA_LG-epo.fif', '/mnt/data/tom.balay/data/Baking_EEG_data/LG_CONTROLS_0.5/SP03_LG_preproc_noICA_LG-epo_ar.fif', '/mnt/data/tom.balay/data/Baking_EEG_data/LG_CONTROLS_0.5/SP03_LG_preproc_noICA_LG-epo.fif', '/mnt/data/tom.balay/data/Baking_EEG_data/LG_CONTROLS_0.5/SP03_LG_preproc_ICA_LG-epo_ar.fif']).
2025-07-08 15:56:55,299 - INFO - examples.run_decoding_one_lg - [execute_single_subject_lg_decoding:242] - Detected protocol 'unknown' for subject SP03
2025-07-08 15:56:55,299 - ERROR - examples.run_decoding_one_lg - [execute_single_subject_lg_decoding:248] - Epochs object loading failed for SP03. Aborting subject.
2025-07-08 15:56:55,299 - WARNING - examples.run_decoding_one_group_lg - [execute_group_intra_subject_lg_decoding_analysis:141] - Subject SP03 processing failed or returned invalid results.
2025-07-08 15:56:55,299 - INFO - examples.run_decoding_one_group_lg - [execute_group_intra_subject_lg_decoding_analysis:105] - 
--- LG Group 'CONTROLS_COMA': Processing Subject 10/25: TAK7 ---
2025-07-08 15:56:55,299 - INFO - examples.run_decoding_one_lg - [execute_single_subject_lg_decoding:222] - Starting LG decoding for subject: TAK7 (Group: CONTROLS_COMA, Task Set ID: Group_LG_Intra_CONTROLS_COMA_Subj_TAK7, Classifier: svc, GS: False, CSP: False, ANOVA FS: True, n_jobs: 40)
2025-07-08 15:56:55,299 - INFO - examples.run_decoding_one_lg - [execute_single_subject_lg_decoding:233] - Using LG loading conditions: ['LS_ALL', 'LD_ALL', 'GS_ALL', 'GD_ALL', 'LSGS', 'LSGD', 'LDGS', 'LDGD']
2025-07-08 15:56:55,299 - WARNING - utils.loading_LG_utils - [load_epochs_data_for_lg_decoding:96] - Original group path for 'CONTROLS_COMA' not found for subject 'TAK7'. Subject found in group 'CONTROLS_COMA'. Using its path convention.
2025-07-08 15:56:55,300 - ERROR - utils.loading_LG_utils - [load_epochs_data_for_lg_decoding:163] - No preprocessed LG epoch FIF file found for 'TAK7' in '/mnt/data/tom.balay/data/Baking_EEG_data/LG_CONTROLS_0.5'. Checked 8 candidates (first 5: ['/mnt/data/tom.balay/data/Baking_EEG_data/LG_CONTROLS_0.5/TAK7_LG_preproc_ICA_LG-epo_ar.fif', '/mnt/data/tom.balay/data/Baking_EEG_data/LG_CONTROLS_0.5/TAK7_LG_preproc_ICA_LG-epo.fif', '/mnt/data/tom.balay/data/Baking_EEG_data/LG_CONTROLS_0.5/TAK7_LG_preproc_noICA_LG-epo_ar.fif', '/mnt/data/tom.balay/data/Baking_EEG_data/LG_CONTROLS_0.5/TAK7_LG_preproc_noICA_LG-epo.fif', '/mnt/data/tom.balay/data/Baking_EEG_data/LG_CONTROLS_0.5/TAK7_LG_preproc_ICA_LG-epo_ar.fif']).
2025-07-08 15:56:55,300 - INFO - examples.run_decoding_one_lg - [execute_single_subject_lg_decoding:242] - Detected protocol 'unknown' for subject TAK7
2025-07-08 15:56:55,300 - ERROR - examples.run_decoding_one_lg - [execute_single_subject_lg_decoding:248] - Epochs object loading failed for TAK7. Aborting subject.
2025-07-08 15:56:55,300 - WARNING - examples.run_decoding_one_group_lg - [execute_group_intra_subject_lg_decoding_analysis:141] - Subject TAK7 processing failed or returned invalid results.
2025-07-08 15:56:55,301 - INFO - examples.run_decoding_one_group_lg - [execute_group_intra_subject_lg_decoding_analysis:105] - 
--- LG Group 'CONTROLS_COMA': Processing Subject 11/25: TCG5 ---
2025-07-08 15:56:55,301 - INFO - examples.run_decoding_one_lg - [execute_single_subject_lg_decoding:222] - Starting LG decoding for subject: TCG5 (Group: CONTROLS_COMA, Task Set ID: Group_LG_Intra_CONTROLS_COMA_Subj_TCG5, Classifier: svc, GS: False, CSP: False, ANOVA FS: True, n_jobs: 40)
2025-07-08 15:56:55,301 - INFO - examples.run_decoding_one_lg - [execute_single_subject_lg_decoding:233] - Using LG loading conditions: ['LS_ALL', 'LD_ALL', 'GS_ALL', 'GD_ALL', 'LSGS', 'LSGD', 'LDGS', 'LDGD']
2025-07-08 15:56:55,301 - WARNING - utils.loading_LG_utils - [load_epochs_data_for_lg_decoding:96] - Original group path for 'CONTROLS_COMA' not found for subject 'TCG5'. Subject found in group 'CONTROLS_COMA'. Using its path convention.
2025-07-08 15:56:55,302 - ERROR - utils.loading_LG_utils - [load_epochs_data_for_lg_decoding:163] - No preprocessed LG epoch FIF file found for 'TCG5' in '/mnt/data/tom.balay/data/Baking_EEG_data/LG_CONTROLS_0.5'. Checked 8 candidates (first 5: ['/mnt/data/tom.balay/data/Baking_EEG_data/LG_CONTROLS_0.5/TCG5_LG_preproc_ICA_LG-epo_ar.fif', '/mnt/data/tom.balay/data/Baking_EEG_data/LG_CONTROLS_0.5/TCG5_LG_preproc_ICA_LG-epo.fif', '/mnt/data/tom.balay/data/Baking_EEG_data/LG_CONTROLS_0.5/TCG5_LG_preproc_noICA_LG-epo_ar.fif', '/mnt/data/tom.balay/data/Baking_EEG_data/LG_CONTROLS_0.5/TCG5_LG_preproc_noICA_LG-epo.fif', '/mnt/data/tom.balay/data/Baking_EEG_data/LG_CONTROLS_0.5/TCG5_LG_preproc_ICA_LG-epo_ar.fif']).
2025-07-08 15:56:55,302 - INFO - examples.run_decoding_one_lg - [execute_single_subject_lg_decoding:242] - Detected protocol 'unknown' for subject TCG5
2025-07-08 15:56:55,302 - ERROR - examples.run_decoding_one_lg - [execute_single_subject_lg_decoding:248] - Epochs object loading failed for TCG5. Aborting subject.
2025-07-08 15:56:55,302 - WARNING - examples.run_decoding_one_group_lg - [execute_group_intra_subject_lg_decoding_analysis:141] - Subject TCG5 processing failed or returned invalid results.
2025-07-08 15:56:55,302 - INFO - examples.run_decoding_one_group_lg - [execute_group_intra_subject_lg_decoding_analysis:105] - 
--- LG Group 'CONTROLS_COMA': Processing Subject 12/25: TEN1 ---
2025-07-08 15:56:55,302 - INFO - examples.run_decoding_one_lg - [execute_single_subject_lg_decoding:222] - Starting LG decoding for subject: TEN1 (Group: CONTROLS_COMA, Task Set ID: Group_LG_Intra_CONTROLS_COMA_Subj_TEN1, Classifier: svc, GS: False, CSP: False, ANOVA FS: True, n_jobs: 40)
2025-07-08 15:56:55,302 - INFO - examples.run_decoding_one_lg - [execute_single_subject_lg_decoding:233] - Using LG loading conditions: ['LS_ALL', 'LD_ALL', 'GS_ALL', 'GD_ALL', 'LSGS', 'LSGD', 'LDGS', 'LDGD']
2025-07-08 15:56:55,302 - WARNING - utils.loading_LG_utils - [load_epochs_data_for_lg_decoding:96] - Original group path for 'CONTROLS_COMA' not found for subject 'TEN1'. Subject found in group 'CONTROLS_COMA'. Using its path convention.
2025-07-08 15:56:55,303 - ERROR - utils.loading_LG_utils - [load_epochs_data_for_lg_decoding:163] - No preprocessed LG epoch FIF file found for 'TEN1' in '/mnt/data/tom.balay/data/Baking_EEG_data/LG_CONTROLS_0.5'. Checked 8 candidates (first 5: ['/mnt/data/tom.balay/data/Baking_EEG_data/LG_CONTROLS_0.5/TEN1_LG_preproc_ICA_LG-epo_ar.fif', '/mnt/data/tom.balay/data/Baking_EEG_data/LG_CONTROLS_0.5/TEN1_LG_preproc_ICA_LG-epo.fif', '/mnt/data/tom.balay/data/Baking_EEG_data/LG_CONTROLS_0.5/TEN1_LG_preproc_noICA_LG-epo_ar.fif', '/mnt/data/tom.balay/data/Baking_EEG_data/LG_CONTROLS_0.5/TEN1_LG_preproc_noICA_LG-epo.fif', '/mnt/data/tom.balay/data/Baking_EEG_data/LG_CONTROLS_0.5/TEN1_LG_preproc_ICA_LG-epo_ar.fif']).
2025-07-08 15:56:55,303 - INFO - examples.run_decoding_one_lg - [execute_single_subject_lg_decoding:242] - Detected protocol 'unknown' for subject TEN1
2025-07-08 15:56:55,303 - ERROR - examples.run_decoding_one_lg - [execute_single_subject_lg_decoding:248] - Epochs object loading failed for TEN1. Aborting subject.
2025-07-08 15:56:55,303 - WARNING - examples.run_decoding_one_group_lg - [execute_group_intra_subject_lg_decoding_analysis:141] - Subject TEN1 processing failed or returned invalid results.
2025-07-08 15:56:55,303 - INFO - examples.run_decoding_one_group_lg - [execute_group_intra_subject_lg_decoding_analysis:105] - 
--- LG Group 'CONTROLS_COMA': Processing Subject 13/25: TFB6 ---
2025-07-08 15:56:55,303 - INFO - examples.run_decoding_one_lg - [execute_single_subject_lg_decoding:222] - Starting LG decoding for subject: TFB6 (Group: CONTROLS_COMA, Task Set ID: Group_LG_Intra_CONTROLS_COMA_Subj_TFB6, Classifier: svc, GS: False, CSP: False, ANOVA FS: True, n_jobs: 40)
2025-07-08 15:56:55,303 - INFO - examples.run_decoding_one_lg - [execute_single_subject_lg_decoding:233] - Using LG loading conditions: ['LS_ALL', 'LD_ALL', 'GS_ALL', 'GD_ALL', 'LSGS', 'LSGD', 'LDGS', 'LDGD']
2025-07-08 15:56:55,303 - WARNING - utils.loading_LG_utils - [load_epochs_data_for_lg_decoding:96] - Original group path for 'CONTROLS_COMA' not found for subject 'TFB6'. Subject found in group 'CONTROLS_COMA'. Using its path convention.
2025-07-08 15:56:55,304 - ERROR - utils.loading_LG_utils - [load_epochs_data_for_lg_decoding:163] - No preprocessed LG epoch FIF file found for 'TFB6' in '/mnt/data/tom.balay/data/Baking_EEG_data/LG_CONTROLS_0.5'. Checked 8 candidates (first 5: ['/mnt/data/tom.balay/data/Baking_EEG_data/LG_CONTROLS_0.5/TFB6_LG_preproc_ICA_LG-epo_ar.fif', '/mnt/data/tom.balay/data/Baking_EEG_data/LG_CONTROLS_0.5/TFB6_LG_preproc_ICA_LG-epo.fif', '/mnt/data/tom.balay/data/Baking_EEG_data/LG_CONTROLS_0.5/TFB6_LG_preproc_noICA_LG-epo_ar.fif', '/mnt/data/tom.balay/data/Baking_EEG_data/LG_CONTROLS_0.5/TFB6_LG_preproc_noICA_LG-epo.fif', '/mnt/data/tom.balay/data/Baking_EEG_data/LG_CONTROLS_0.5/TFB6_LG_preproc_ICA_LG-epo_ar.fif']).
2025-07-08 15:56:55,304 - INFO - examples.run_decoding_one_lg - [execute_single_subject_lg_decoding:242] - Detected protocol 'unknown' for subject TFB6
2025-07-08 15:56:55,304 - ERROR - examples.run_decoding_one_lg - [execute_single_subject_lg_decoding:248] - Epochs object loading failed for TFB6. Aborting subject.
2025-07-08 15:56:55,304 - WARNING - examples.run_decoding_one_group_lg - [execute_group_intra_subject_lg_decoding_analysis:141] - Subject TFB6 processing failed or returned invalid results.
2025-07-08 15:56:55,304 - INFO - examples.run_decoding_one_group_lg - [execute_group_intra_subject_lg_decoding_analysis:105] - 
--- LG Group 'CONTROLS_COMA': Processing Subject 14/25: TGD8 ---
2025-07-08 15:56:55,305 - INFO - examples.run_decoding_one_lg - [execute_single_subject_lg_decoding:222] - Starting LG decoding for subject: TGD8 (Group: CONTROLS_COMA, Task Set ID: Group_LG_Intra_CONTROLS_COMA_Subj_TGD8, Classifier: svc, GS: False, CSP: False, ANOVA FS: True, n_jobs: 40)
2025-07-08 15:56:55,305 - INFO - examples.run_decoding_one_lg - [execute_single_subject_lg_decoding:233] - Using LG loading conditions: ['LS_ALL', 'LD_ALL', 'GS_ALL', 'GD_ALL', 'LSGS', 'LSGD', 'LDGS', 'LDGD']
2025-07-08 15:56:55,305 - WARNING - utils.loading_LG_utils - [load_epochs_data_for_lg_decoding:96] - Original group path for 'CONTROLS_COMA' not found for subject 'TGD8'. Subject found in group 'CONTROLS_COMA'. Using its path convention.
2025-07-08 15:56:55,305 - ERROR - utils.loading_LG_utils - [load_epochs_data_for_lg_decoding:163] - No preprocessed LG epoch FIF file found for 'TGD8' in '/mnt/data/tom.balay/data/Baking_EEG_data/LG_CONTROLS_0.5'. Checked 8 candidates (first 5: ['/mnt/data/tom.balay/data/Baking_EEG_data/LG_CONTROLS_0.5/TGD8_LG_preproc_ICA_LG-epo_ar.fif', '/mnt/data/tom.balay/data/Baking_EEG_data/LG_CONTROLS_0.5/TGD8_LG_preproc_ICA_LG-epo.fif', '/mnt/data/tom.balay/data/Baking_EEG_data/LG_CONTROLS_0.5/TGD8_LG_preproc_noICA_LG-epo_ar.fif', '/mnt/data/tom.balay/data/Baking_EEG_data/LG_CONTROLS_0.5/TGD8_LG_preproc_noICA_LG-epo.fif', '/mnt/data/tom.balay/data/Baking_EEG_data/LG_CONTROLS_0.5/TGD8_LG_preproc_ICA_LG-epo_ar.fif']).
2025-07-08 15:56:55,306 - INFO - examples.run_decoding_one_lg - [execute_single_subject_lg_decoding:242] - Detected protocol 'unknown' for subject TGD8
2025-07-08 15:56:55,306 - ERROR - examples.run_decoding_one_lg - [execute_single_subject_lg_decoding:248] - Epochs object loading failed for TGD8. Aborting subject.
2025-07-08 15:56:55,306 - WARNING - examples.run_decoding_one_group_lg - [execute_group_intra_subject_lg_decoding_analysis:141] - Subject TGD8 processing failed or returned invalid results.
2025-07-08 15:56:55,306 - INFO - examples.run_decoding_one_group_lg - [execute_group_intra_subject_lg_decoding_analysis:105] - 
--- LG Group 'CONTROLS_COMA': Processing Subject 15/25: TJL3 ---
2025-07-08 15:56:55,306 - INFO - examples.run_decoding_one_lg - [execute_single_subject_lg_decoding:222] - Starting LG decoding for subject: TJL3 (Group: CONTROLS_COMA, Task Set ID: Group_LG_Intra_CONTROLS_COMA_Subj_TJL3, Classifier: svc, GS: False, CSP: False, ANOVA FS: True, n_jobs: 40)
2025-07-08 15:56:55,306 - INFO - examples.run_decoding_one_lg - [execute_single_subject_lg_decoding:233] - Using LG loading conditions: ['LS_ALL', 'LD_ALL', 'GS_ALL', 'GD_ALL', 'LSGS', 'LSGD', 'LDGS', 'LDGD']
2025-07-08 15:56:55,306 - WARNING - utils.loading_LG_utils - [load_epochs_data_for_lg_decoding:96] - Original group path for 'CONTROLS_COMA' not found for subject 'TJL3'. Subject found in group 'CONTROLS_DELIRIUM'. Using its path convention.
2025-07-08 15:56:55,307 - INFO - utils.loading_LG_utils - [load_epochs_data_for_lg_decoding:172] - Loading LG epoch data for subject 'TJL3' from: /mnt/data/tom.balay/data/Baking_EEG_data/LG_CONTROLS_0.5/TJL3_LG_preproc_noICA_LG-epo_ar.fif
2025-07-08 15:56:56,195 - INFO - utils.loading_LG_utils - [load_epochs_data_for_lg_decoding:183] - LG Event IDs available for TJL3:
2025-07-08 15:56:56,195 - INFO - utils.loading_LG_utils - [load_epochs_data_for_lg_decoding:187] -   - 'LS/GS': 11
2025-07-08 15:56:56,195 - INFO - utils.loading_LG_utils - [load_epochs_data_for_lg_decoding:187] -   - 'LS/GD': 12
2025-07-08 15:56:56,195 - INFO - utils.loading_LG_utils - [load_epochs_data_for_lg_decoding:187] -   - 'LD/GS': 21
2025-07-08 15:56:56,195 - INFO - utils.loading_LG_utils - [load_epochs_data_for_lg_decoding:187] -   - 'LD/GD': 22
2025-07-08 15:56:56,398 - INFO - utils.loading_LG_utils - [load_epochs_data_for_lg_decoding:207] - Processing LG conditions: ['LS_ALL', 'LD_ALL', 'GS_ALL', 'GD_ALL', 'LSGS', 'LSGD', 'LDGS', 'LDGD']
2025-07-08 15:56:56,988 - INFO - utils.loading_LG_utils - [load_epochs_data_for_lg_decoding:304] -   LG Data shapes for 'TJL3': LS_ALL=(327, 124, 801), LD_ALL=(331, 124, 801), GS_ALL=(519, 124, 801), GD_ALL=(139, 124, 801), LSGS=(257, 124, 801), LSGD=(70, 124, 801), LDGS=(262, 124, 801), LDGD=(69, 124, 801). Loaded in 1.68s
2025-07-08 15:56:56,989 - INFO - examples.run_decoding_one_lg - [execute_single_subject_lg_decoding:242] - Detected protocol 'LG_CONTROLS' for subject TJL3
2025-07-08 15:56:56,989 - INFO - examples.run_decoding_one_lg - [execute_single_subject_lg_decoding:283] - --- Starting Main LG Protocol Decoding for TJL3 ---
2025-07-08 15:56:56,989 - INFO - examples.run_decoding_one_lg - [execute_single_subject_lg_decoding:286] -   --- 1. Main LG Decoding (LS vs LD) for TJL3 ---
2025-07-08 15:56:57,067 - INFO - Baking_EEG._4_decoding_core - [run_temporal_decoding_analysis:68] - --- Temporal Ddcoding Analysis ---
2025-07-08 15:56:57,067 - INFO - Baking_EEG._4_decoding_core - [run_temporal_decoding_analysis:69] - Clf: svc, GS: False, CSP (temporal): False, ANOVA FS (temporal): True
2025-07-08 15:56:57,070 - INFO - base.base_decoding - [_build_standard_classifier_pipeline:57] - Pipeline à hyperparamètres fixes: type='svc', CSP: False, ANOVA FS: True
2025-07-08 15:56:57,070 - INFO - base.base_decoding - [_build_standard_classifier_pipeline:68] - DEBUG: add_csp_step type=bool, value=False, bool()=False
2025-07-08 15:56:57,070 - INFO - base.base_decoding - [_build_standard_classifier_pipeline:91] -    Étape ANOVA FS 'anova_feature_selection' ajoutée (percentile fixe=15).
2025-07-08 15:56:57,071 - INFO - base.base_decoding - [_build_standard_classifier_pipeline:123] - Structure finale du pipeline: ['scaler', 'anova_feature_selection', 'svc_classifier']
2025-07-08 15:56:57,071 - INFO - base.base_decoding - [_build_standard_classifier_pipeline:57] - Pipeline à hyperparamètres fixes: type='svc', CSP: False, ANOVA FS: False
2025-07-08 15:56:57,071 - INFO - base.base_decoding - [_build_standard_classifier_pipeline:68] - DEBUG: add_csp_step type=bool, value=False, bool()=False
2025-07-08 15:56:57,071 - INFO - base.base_decoding - [_build_standard_classifier_pipeline:123] - Structure finale du pipeline: ['scaler', 'svc_classifier']
2025-07-08 15:56:57,071 - INFO - Baking_EEG._4_decoding_core - [run_temporal_decoding_analysis:246] - CV strategy: StratifiedKFold with 10 splits.
2025-07-08 15:56:57,071 - INFO - Baking_EEG._4_decoding_core - [run_temporal_decoding_analysis:258] - Sample weights: Auto-calculated per fold (recommended for StratifiedKFold).
2025-07-08 15:56:57,079 - INFO - Baking_EEG._4_decoding_core - [run_temporal_decoding_analysis:294] - MNE Estimators: Using fold-specific balancing via class_weight='balanced' (if supported by classifier).
2025-07-08 15:56:57,079 - INFO - Baking_EEG._4_decoding_core - [run_temporal_decoding_analysis:310] - Starting 1D temporal decoding (SlidingEstimator)...
2025-07-08 15:57:44,156 - INFO - Baking_EEG._4_decoding_core - [run_temporal_decoding_analysis:338] - 1D temporal decoding done. Peak mean AUC: 0.650
2025-07-08 15:57:44,157 - INFO - Baking_EEG._4_decoding_core - [run_temporal_decoding_analysis:379] - TGM computation disabled.
2025-07-08 15:57:44,157 - INFO - Baking_EEG._4_decoding_core - [run_temporal_decoding_analysis:382] - Starting global decoding (n_jobs_folds=40)...
2025-07-08 16:00:21,684 - INFO - Baking_EEG._4_decoding_core - [run_temporal_decoding_analysis:439] - Global decoding done. Mean CV AUC: 0.694 +/- 0.056
2025-07-08 16:00:21,702 - INFO - Baking_EEG._4_decoding_core - [run_temporal_decoding_analysis:478] -   Overall global metrics (aggregated): {'roc_auc': '0.690', 'accuracy': '0.637', 'precision': '0.639', 'recall': '0.640', 'f1_score': '0.640', 'balanced_accuracy': '0.637'}
2025-07-08 16:00:21,703 - INFO - utils.stats_utils - [perform_pointwise_fdr_correction_on_scores:439] - Performing pointwise wilcoxon with FDR correction. Data shape for test (obs, features if any): (10, 801)
2025-07-08 16:00:21,703 - INFO - utils.stats_utils - [perform_pointwise_fdr_correction_on_scores:443] -   Parameters: chance=0.5, alpha=0.05, test_type='wilcoxon', FDR_method='indep', alternative='greater'
2025-07-08 16:00:22,347 - INFO - utils.stats_utils - [perform_pointwise_fdr_correction_on_scores:714] - FDR correction completed. 94 point(s) found significant (p_fdr < 0.05).
2025-07-08 16:00:22,347 - INFO - utils.stats_utils - [perform_cluster_permutation_test:195] - Executing cluster-based permutation test. Data shape (obs, features...): (10, 801)
2025-07-08 16:00:22,347 - INFO - utils.stats_utils - [perform_cluster_permutation_test:199] -   Parameters: n_permutations=1024, threshold_config={'start': 0.1, 'step': 0.1}, alternative='greater' (MNE tail=1), n_jobs=-1
2025-07-08 16:00:22,347 - INFO - utils.stats_utils - [perform_cluster_permutation_test:210] -   Using MNE's default stat_fun (ttest_1samp_no_p) for permutation test.
2025-07-08 16:00:22,347 - INFO - utils.stats_utils - [perform_cluster_permutation_test:242] -   Input data is 2D (features). MNE will use default temporal connectivity inference if applicable.
stat_fun(H1): min=-6.383897 max=7.891162
Running initial clustering …
Using 78 thresholds from 0.10 to 7.80 for TFCE computation (h_power=2.00, e_power=0.50)
Found 801 clusters
2025-07-08 16:00:24,274 - INFO - utils.stats_utils - [perform_cluster_permutation_test:314] - Cluster permutation test completed. 801 initial clusters found (after processing slices).
2025-07-08 16:00:24,275 - INFO - utils.stats_utils - [perform_cluster_permutation_test:338] -   Significant Cluster #453: p-value = 0.0312. Mask shape: (801,), Num True points: 1
2025-07-08 16:00:24,275 - INFO - utils.stats_utils - [perform_cluster_permutation_test:338] -   Significant Cluster #454: p-value = 0.0264. Mask shape: (801,), Num True points: 1
2025-07-08 16:00:24,275 - INFO - utils.stats_utils - [perform_cluster_permutation_test:338] -   Significant Cluster #504: p-value = 0.0146. Mask shape: (801,), Num True points: 1
2025-07-08 16:00:24,275 - INFO - utils.stats_utils - [perform_cluster_permutation_test:338] -   Significant Cluster #505: p-value = 0.0234. Mask shape: (801,), Num True points: 1
2025-07-08 16:00:24,275 - INFO - utils.stats_utils - [perform_cluster_permutation_test:338] -   Significant Cluster #506: p-value = 0.0176. Mask shape: (801,), Num True points: 1
2025-07-08 16:00:24,275 - INFO - utils.stats_utils - [perform_cluster_permutation_test:338] -   Significant Cluster #507: p-value = 0.0391. Mask shape: (801,), Num True points: 1
2025-07-08 16:00:24,275 - INFO - utils.stats_utils - [perform_cluster_permutation_test:338] -   Significant Cluster #508: p-value = 0.0244. Mask shape: (801,), Num True points: 1
2025-07-08 16:00:24,275 - INFO - utils.stats_utils - [perform_cluster_permutation_test:338] -   Significant Cluster #511: p-value = 0.0234. Mask shape: (801,), Num True points: 1
2025-07-08 16:00:24,275 - INFO - utils.stats_utils - [perform_cluster_permutation_test:338] -   Significant Cluster #512: p-value = 0.0391. Mask shape: (801,), Num True points: 1
2025-07-08 16:00:24,276 - INFO - utils.stats_utils - [perform_cluster_permutation_test:338] -   Significant Cluster #513: p-value = 0.0146. Mask shape: (801,), Num True points: 1
2025-07-08 16:00:24,276 - INFO - utils.stats_utils - [perform_cluster_permutation_test:338] -   Significant Cluster #514: p-value = 0.0117. Mask shape: (801,), Num True points: 1
2025-07-08 16:00:24,276 - INFO - utils.stats_utils - [perform_cluster_permutation_test:338] -   Significant Cluster #515: p-value = 0.0225. Mask shape: (801,), Num True points: 1
2025-07-08 16:00:24,276 - INFO - utils.stats_utils - [perform_cluster_permutation_test:338] -   Significant Cluster #516: p-value = 0.0117. Mask shape: (801,), Num True points: 1
2025-07-08 16:00:24,276 - INFO - utils.stats_utils - [perform_cluster_permutation_test:338] -   Significant Cluster #517: p-value = 0.0146. Mask shape: (801,), Num True points: 1
2025-07-08 16:00:24,276 - INFO - utils.stats_utils - [perform_cluster_permutation_test:338] -   Significant Cluster #525: p-value = 0.0264. Mask shape: (801,), Num True points: 1
2025-07-08 16:00:24,279 - INFO - examples.run_decoding_one_lg - [execute_single_subject_lg_decoding:373] - Main LG Decoding for TJL3 DONE. Mean Global AUC: 0.694
2025-07-08 16:00:24,279 - INFO - examples.run_decoding_one_lg - [execute_single_subject_lg_decoding:383] -   --- 1.2. GS vs GD Decoding for TJL3 ---
2025-07-08 16:00:24,390 - INFO - Baking_EEG._4_decoding_core - [run_temporal_decoding_analysis:68] - --- Temporal Ddcoding Analysis ---
2025-07-08 16:00:24,391 - INFO - Baking_EEG._4_decoding_core - [run_temporal_decoding_analysis:69] - Clf: svc, GS: False, CSP (temporal): False, ANOVA FS (temporal): True
2025-07-08 16:00:24,397 - INFO - base.base_decoding - [_build_standard_classifier_pipeline:57] - Pipeline à hyperparamètres fixes: type='svc', CSP: False, ANOVA FS: True
2025-07-08 16:00:24,397 - INFO - base.base_decoding - [_build_standard_classifier_pipeline:68] - DEBUG: add_csp_step type=bool, value=False, bool()=False
2025-07-08 16:00:24,397 - INFO - base.base_decoding - [_build_standard_classifier_pipeline:91] -    Étape ANOVA FS 'anova_feature_selection' ajoutée (percentile fixe=15).
2025-07-08 16:00:24,397 - INFO - base.base_decoding - [_build_standard_classifier_pipeline:123] - Structure finale du pipeline: ['scaler', 'anova_feature_selection', 'svc_classifier']
2025-07-08 16:00:24,398 - INFO - base.base_decoding - [_build_standard_classifier_pipeline:57] - Pipeline à hyperparamètres fixes: type='svc', CSP: False, ANOVA FS: False
2025-07-08 16:00:24,398 - INFO - base.base_decoding - [_build_standard_classifier_pipeline:68] - DEBUG: add_csp_step type=bool, value=False, bool()=False
2025-07-08 16:00:24,398 - INFO - base.base_decoding - [_build_standard_classifier_pipeline:123] - Structure finale du pipeline: ['scaler', 'svc_classifier']
2025-07-08 16:00:24,398 - INFO - Baking_EEG._4_decoding_core - [run_temporal_decoding_analysis:246] - CV strategy: StratifiedKFold with 10 splits.
2025-07-08 16:00:24,398 - INFO - Baking_EEG._4_decoding_core - [run_temporal_decoding_analysis:258] - Sample weights: Auto-calculated per fold (recommended for StratifiedKFold).
2025-07-08 16:00:24,410 - INFO - Baking_EEG._4_decoding_core - [run_temporal_decoding_analysis:294] - MNE Estimators: Using fold-specific balancing via class_weight='balanced' (if supported by classifier).
2025-07-08 16:00:24,410 - INFO - Baking_EEG._4_decoding_core - [run_temporal_decoding_analysis:310] - Starting 1D temporal decoding (SlidingEstimator)...
2025-07-08 16:01:10,929 - INFO - Baking_EEG._4_decoding_core - [run_temporal_decoding_analysis:338] - 1D temporal decoding done. Peak mean AUC: 0.655
2025-07-08 16:01:10,930 - INFO - Baking_EEG._4_decoding_core - [run_temporal_decoding_analysis:379] - TGM computation disabled.
2025-07-08 16:01:10,930 - INFO - Baking_EEG._4_decoding_core - [run_temporal_decoding_analysis:382] - Starting global decoding (n_jobs_folds=40)...
2025-07-08 16:03:41,957 - INFO - Baking_EEG._4_decoding_core - [run_temporal_decoding_analysis:439] - Global decoding done. Mean CV AUC: 0.576 +/- 0.060
2025-07-08 16:03:41,973 - INFO - Baking_EEG._4_decoding_core - [run_temporal_decoding_analysis:478] -   Overall global metrics (aggregated): {'roc_auc': '0.564', 'accuracy': '0.705', 'precision': '0.280', 'recall': '0.252', 'f1_score': '0.265', 'balanced_accuracy': '0.539'}
2025-07-08 16:03:41,973 - INFO - utils.stats_utils - [perform_pointwise_fdr_correction_on_scores:439] - Performing pointwise wilcoxon with FDR correction. Data shape for test (obs, features if any): (10, 801)
2025-07-08 16:03:41,973 - INFO - utils.stats_utils - [perform_pointwise_fdr_correction_on_scores:443] -   Parameters: chance=0.5, alpha=0.05, test_type='wilcoxon', FDR_method='indep', alternative='greater'
2025-07-08 16:03:42,614 - INFO - utils.stats_utils - [perform_pointwise_fdr_correction_on_scores:714] - FDR correction completed. 36 point(s) found significant (p_fdr < 0.05).
2025-07-08 16:03:42,615 - INFO - utils.stats_utils - [perform_cluster_permutation_test:195] - Executing cluster-based permutation test. Data shape (obs, features...): (10, 801)
2025-07-08 16:03:42,615 - INFO - utils.stats_utils - [perform_cluster_permutation_test:199] -   Parameters: n_permutations=1024, threshold_config={'start': 0.1, 'step': 0.1}, alternative='greater' (MNE tail=1), n_jobs=-1
2025-07-08 16:03:42,615 - INFO - utils.stats_utils - [perform_cluster_permutation_test:210] -   Using MNE's default stat_fun (ttest_1samp_no_p) for permutation test.
2025-07-08 16:03:42,615 - INFO - utils.stats_utils - [perform_cluster_permutation_test:242] -   Input data is 2D (features). MNE will use default temporal connectivity inference if applicable.
stat_fun(H1): min=-4.579373 max=7.078169
Running initial clustering …
Using 70 thresholds from 0.10 to 7.00 for TFCE computation (h_power=2.00, e_power=0.50)
Found 801 clusters
2025-07-08 16:03:44,178 - INFO - utils.stats_utils - [perform_cluster_permutation_test:314] - Cluster permutation test completed. 801 initial clusters found (after processing slices).
2025-07-08 16:03:44,179 - INFO - utils.stats_utils - [perform_cluster_permutation_test:338] -   Significant Cluster #463: p-value = 0.0391. Mask shape: (801,), Num True points: 1
2025-07-08 16:03:44,179 - INFO - utils.stats_utils - [perform_cluster_permutation_test:338] -   Significant Cluster #577: p-value = 0.0439. Mask shape: (801,), Num True points: 1
2025-07-08 16:03:44,179 - INFO - utils.stats_utils - [perform_cluster_permutation_test:338] -   Significant Cluster #578: p-value = 0.0244. Mask shape: (801,), Num True points: 1
2025-07-08 16:03:44,180 - INFO - examples.run_decoding_one_lg - [execute_single_subject_lg_decoding:468] - GS vs GD Decoding for TJL3 DONE. Mean Global AUC: 0.576
2025-07-08 16:03:44,180 - INFO - examples.run_decoding_one_lg - [execute_single_subject_lg_decoding:477] -   --- 2. Specific LG Comparisons (e.g. LS/GS vs LS/GD, LD/GS vs LD/GD) for TJL3 ---
2025-07-08 16:03:44,247 - INFO - Baking_EEG._4_decoding_core - [run_temporal_decoding_analysis:68] - --- Temporal Ddcoding Analysis ---
2025-07-08 16:03:44,247 - INFO - Baking_EEG._4_decoding_core - [run_temporal_decoding_analysis:69] - Clf: svc, GS: False, CSP (temporal): False, ANOVA FS (temporal): True
2025-07-08 16:03:44,249 - INFO - base.base_decoding - [_build_standard_classifier_pipeline:57] - Pipeline à hyperparamètres fixes: type='svc', CSP: False, ANOVA FS: True
2025-07-08 16:03:44,249 - INFO - base.base_decoding - [_build_standard_classifier_pipeline:68] - DEBUG: add_csp_step type=bool, value=False, bool()=False
2025-07-08 16:03:44,249 - INFO - base.base_decoding - [_build_standard_classifier_pipeline:91] -    Étape ANOVA FS 'anova_feature_selection' ajoutée (percentile fixe=15).
2025-07-08 16:03:44,249 - INFO - base.base_decoding - [_build_standard_classifier_pipeline:123] - Structure finale du pipeline: ['scaler', 'anova_feature_selection', 'svc_classifier']
2025-07-08 16:03:44,249 - INFO - base.base_decoding - [_build_standard_classifier_pipeline:57] - Pipeline à hyperparamètres fixes: type='svc', CSP: False, ANOVA FS: False
2025-07-08 16:03:44,249 - INFO - base.base_decoding - [_build_standard_classifier_pipeline:68] - DEBUG: add_csp_step type=bool, value=False, bool()=False
2025-07-08 16:03:44,249 - INFO - base.base_decoding - [_build_standard_classifier_pipeline:123] - Structure finale du pipeline: ['scaler', 'svc_classifier']
2025-07-08 16:03:44,249 - INFO - Baking_EEG._4_decoding_core - [run_temporal_decoding_analysis:246] - CV strategy: StratifiedKFold with 10 splits.
2025-07-08 16:03:44,249 - INFO - Baking_EEG._4_decoding_core - [run_temporal_decoding_analysis:258] - Sample weights: Auto-calculated per fold (recommended for StratifiedKFold).
2025-07-08 16:03:44,262 - INFO - Baking_EEG._4_decoding_core - [run_temporal_decoding_analysis:294] - MNE Estimators: Using fold-specific balancing via class_weight='balanced' (if supported by classifier).
2025-07-08 16:03:44,262 - INFO - Baking_EEG._4_decoding_core - [run_temporal_decoding_analysis:310] - Starting 1D temporal decoding (SlidingEstimator)...
2025-07-08 16:04:05,696 - INFO - Baking_EEG._4_decoding_core - [run_temporal_decoding_analysis:338] - 1D temporal decoding done. Peak mean AUC: 0.614
2025-07-08 16:04:05,696 - INFO - Baking_EEG._4_decoding_core - [run_temporal_decoding_analysis:346] - Starting TGM computation (GeneralizingEstimator)...
2025-07-08 16:50:34,617 - INFO - Baking_EEG._4_decoding_core - [run_temporal_decoding_analysis:373] - TGM computation done. Peak mean TGM AUC: 0.665
2025-07-08 16:50:34,618 - INFO - Baking_EEG._4_decoding_core - [run_temporal_decoding_analysis:382] - Starting global decoding (n_jobs_folds=40)...
2025-07-08 16:51:17,516 - INFO - Baking_EEG._4_decoding_core - [run_temporal_decoding_analysis:439] - Global decoding done. Mean CV AUC: 0.515 +/- 0.174
2025-07-08 16:51:17,534 - INFO - Baking_EEG._4_decoding_core - [run_temporal_decoding_analysis:478] -   Overall global metrics (aggregated): {'roc_auc': '0.544', 'accuracy': '0.743', 'precision': '0.348', 'recall': '0.229', 'f1_score': '0.276', 'balanced_accuracy': '0.556'}
2025-07-08 16:51:17,534 - INFO - utils.stats_utils - [perform_pointwise_fdr_correction_on_scores:439] - Performing pointwise wilcoxon with FDR correction. Data shape for test (obs, features if any): (10, 801)
2025-07-08 16:51:17,534 - INFO - utils.stats_utils - [perform_pointwise_fdr_correction_on_scores:443] -   Parameters: chance=0.5, alpha=0.05, test_type='wilcoxon', FDR_method='indep', alternative='greater'
2025-07-08 16:51:18,183 - INFO - utils.stats_utils - [perform_pointwise_fdr_correction_on_scores:714] - FDR correction completed. 0 point(s) found significant (p_fdr < 0.05).
2025-07-08 16:51:18,183 - INFO - utils.stats_utils - [perform_cluster_permutation_test:195] - Executing cluster-based permutation test. Data shape (obs, features...): (10, 801)
2025-07-08 16:51:18,183 - INFO - utils.stats_utils - [perform_cluster_permutation_test:199] -   Parameters: n_permutations=1024, threshold_config={'start': 0.1, 'step': 0.1}, alternative='greater' (MNE tail=1), n_jobs=-1
2025-07-08 16:51:18,183 - INFO - utils.stats_utils - [perform_cluster_permutation_test:210] -   Using MNE's default stat_fun (ttest_1samp_no_p) for permutation test.
2025-07-08 16:51:18,184 - INFO - utils.stats_utils - [perform_cluster_permutation_test:242] -   Input data is 2D (features). MNE will use default temporal connectivity inference if applicable.
stat_fun(H1): min=-8.599782 max=4.532014
Running initial clustering …
Using 45 thresholds from 0.10 to 4.50 for TFCE computation (h_power=2.00, e_power=0.50)
Found 801 clusters
2025-07-08 16:51:20,361 - INFO - utils.stats_utils - [perform_cluster_permutation_test:314] - Cluster permutation test completed. 801 initial clusters found (after processing slices).
2025-07-08 16:51:20,361 - INFO - utils.stats_utils - [perform_cluster_permutation_test:344] - No clusters found to be statistically significant (p < 0.05).
2025-07-08 16:51:20,369 - INFO - utils.stats_utils - [perform_pointwise_fdr_correction_on_scores:439] - Performing pointwise wilcoxon with FDR correction. Data shape for test (obs, features if any): (10, 641601)
2025-07-08 16:51:20,369 - INFO - utils.stats_utils - [perform_pointwise_fdr_correction_on_scores:443] -   Parameters: chance=0.5, alpha=0.05, test_type='wilcoxon', FDR_method='indep', alternative='greater'
2025-07-08 16:55:53,239 - INFO - utils.stats_utils - [perform_pointwise_fdr_correction_on_scores:714] - FDR correction completed. 0 point(s) found significant (p_fdr < 0.05).
2025-07-08 16:55:53,242 - INFO - Baking_EEG._4_decoding_core - [run_temporal_decoding_analysis:544] - Intra-fold Cluster Permutation for TGM is SKIPPED.
2025-07-08 16:55:53,244 - INFO - examples.run_decoding_one_lg - [execute_single_subject_lg_decoding:598] -   Specific LG task 'Local Standard: Global Standard vs Global Deviant' for TJL3: Peak AUC = 0.614
2025-07-08 16:55:53,289 - INFO - Baking_EEG._4_decoding_core - [run_temporal_decoding_analysis:68] - --- Temporal Ddcoding Analysis ---
2025-07-08 16:55:53,289 - INFO - Baking_EEG._4_decoding_core - [run_temporal_decoding_analysis:69] - Clf: svc, GS: False, CSP (temporal): False, ANOVA FS (temporal): True
2025-07-08 16:55:53,290 - INFO - base.base_decoding - [_build_standard_classifier_pipeline:57] - Pipeline à hyperparamètres fixes: type='svc', CSP: False, ANOVA FS: True
2025-07-08 16:55:53,290 - INFO - base.base_decoding - [_build_standard_classifier_pipeline:68] - DEBUG: add_csp_step type=bool, value=False, bool()=False
2025-07-08 16:55:53,290 - INFO - base.base_decoding - [_build_standard_classifier_pipeline:91] -    Étape ANOVA FS 'anova_feature_selection' ajoutée (percentile fixe=15).
2025-07-08 16:55:53,290 - INFO - base.base_decoding - [_build_standard_classifier_pipeline:123] - Structure finale du pipeline: ['scaler', 'anova_feature_selection', 'svc_classifier']
2025-07-08 16:55:53,290 - INFO - base.base_decoding - [_build_standard_classifier_pipeline:57] - Pipeline à hyperparamètres fixes: type='svc', CSP: False, ANOVA FS: False
2025-07-08 16:55:53,291 - INFO - base.base_decoding - [_build_standard_classifier_pipeline:68] - DEBUG: add_csp_step type=bool, value=False, bool()=False
2025-07-08 16:55:53,291 - INFO - base.base_decoding - [_build_standard_classifier_pipeline:123] - Structure finale du pipeline: ['scaler', 'svc_classifier']
2025-07-08 16:55:53,291 - INFO - Baking_EEG._4_decoding_core - [run_temporal_decoding_analysis:246] - CV strategy: StratifiedKFold with 10 splits.
2025-07-08 16:55:53,291 - INFO - Baking_EEG._4_decoding_core - [run_temporal_decoding_analysis:258] - Sample weights: Auto-calculated per fold (recommended for StratifiedKFold).
2025-07-08 16:55:53,298 - INFO - Baking_EEG._4_decoding_core - [run_temporal_decoding_analysis:294] - MNE Estimators: Using fold-specific balancing via class_weight='balanced' (if supported by classifier).
2025-07-08 16:55:53,299 - INFO - Baking_EEG._4_decoding_core - [run_temporal_decoding_analysis:310] - Starting 1D temporal decoding (SlidingEstimator)...
2025-07-08 16:56:14,312 - INFO - Baking_EEG._4_decoding_core - [run_temporal_decoding_analysis:338] - 1D temporal decoding done. Peak mean AUC: 0.743
2025-07-08 16:56:14,313 - INFO - Baking_EEG._4_decoding_core - [run_temporal_decoding_analysis:346] - Starting TGM computation (GeneralizingEstimator)...
2025-07-08 17:42:41,774 - INFO - Baking_EEG._4_decoding_core - [run_temporal_decoding_analysis:373] - TGM computation done. Peak mean TGM AUC: 0.752
2025-07-08 17:42:41,775 - INFO - Baking_EEG._4_decoding_core - [run_temporal_decoding_analysis:382] - Starting global decoding (n_jobs_folds=40)...
2025-07-08 17:43:26,753 - INFO - Baking_EEG._4_decoding_core - [run_temporal_decoding_analysis:439] - Global decoding done. Mean CV AUC: 0.638 +/- 0.126
2025-07-08 17:43:26,769 - INFO - Baking_EEG._4_decoding_core - [run_temporal_decoding_analysis:478] -   Overall global metrics (aggregated): {'roc_auc': '0.627', 'accuracy': '0.749', 'precision': '0.365', 'recall': '0.275', 'f1_score': '0.314', 'balanced_accuracy': '0.575'}
2025-07-08 17:43:26,769 - INFO - utils.stats_utils - [perform_pointwise_fdr_correction_on_scores:439] - Performing pointwise wilcoxon with FDR correction. Data shape for test (obs, features if any): (10, 801)
2025-07-08 17:43:26,769 - INFO - utils.stats_utils - [perform_pointwise_fdr_correction_on_scores:443] -   Parameters: chance=0.5, alpha=0.05, test_type='wilcoxon', FDR_method='indep', alternative='greater'
2025-07-08 17:43:27,409 - INFO - utils.stats_utils - [perform_pointwise_fdr_correction_on_scores:714] - FDR correction completed. 20 point(s) found significant (p_fdr < 0.05).
2025-07-08 17:43:27,410 - INFO - utils.stats_utils - [perform_cluster_permutation_test:195] - Executing cluster-based permutation test. Data shape (obs, features...): (10, 801)
2025-07-08 17:43:27,410 - INFO - utils.stats_utils - [perform_cluster_permutation_test:199] -   Parameters: n_permutations=1024, threshold_config={'start': 0.1, 'step': 0.1}, alternative='greater' (MNE tail=1), n_jobs=-1
2025-07-08 17:43:27,410 - INFO - utils.stats_utils - [perform_cluster_permutation_test:210] -   Using MNE's default stat_fun (ttest_1samp_no_p) for permutation test.
2025-07-08 17:43:27,410 - INFO - utils.stats_utils - [perform_cluster_permutation_test:242] -   Input data is 2D (features). MNE will use default temporal connectivity inference if applicable.
stat_fun(H1): min=-3.756584 max=8.900402
Running initial clustering …
Using 89 thresholds from 0.10 to 8.90 for TFCE computation (h_power=2.00, e_power=0.50)
Found 801 clusters
2025-07-08 17:43:29,792 - INFO - utils.stats_utils - [perform_cluster_permutation_test:314] - Cluster permutation test completed. 801 initial clusters found (after processing slices).
2025-07-08 17:43:29,792 - INFO - utils.stats_utils - [perform_cluster_permutation_test:338] -   Significant Cluster #469: p-value = 0.0410. Mask shape: (801,), Num True points: 1
2025-07-08 17:43:29,793 - INFO - utils.stats_utils - [perform_cluster_permutation_test:338] -   Significant Cluster #470: p-value = 0.0059. Mask shape: (801,), Num True points: 1
2025-07-08 17:43:29,793 - INFO - utils.stats_utils - [perform_cluster_permutation_test:338] -   Significant Cluster #471: p-value = 0.0215. Mask shape: (801,), Num True points: 1
2025-07-08 17:43:29,793 - INFO - utils.stats_utils - [perform_cluster_permutation_test:338] -   Significant Cluster #472: p-value = 0.0449. Mask shape: (801,), Num True points: 1
2025-07-08 17:43:29,793 - INFO - utils.stats_utils - [perform_cluster_permutation_test:338] -   Significant Cluster #579: p-value = 0.0029. Mask shape: (801,), Num True points: 1
2025-07-08 17:43:29,793 - INFO - utils.stats_utils - [perform_cluster_permutation_test:338] -   Significant Cluster #580: p-value = 0.0029. Mask shape: (801,), Num True points: 1
2025-07-08 17:43:29,804 - INFO - utils.stats_utils - [perform_pointwise_fdr_correction_on_scores:439] - Performing pointwise wilcoxon with FDR correction. Data shape for test (obs, features if any): (10, 641601)
2025-07-08 17:43:29,804 - INFO - utils.stats_utils - [perform_pointwise_fdr_correction_on_scores:443] -   Parameters: chance=0.5, alpha=0.05, test_type='wilcoxon', FDR_method='indep', alternative='greater'
2025-07-08 17:48:09,615 - INFO - utils.stats_utils - [perform_pointwise_fdr_correction_on_scores:714] - FDR correction completed. 0 point(s) found significant (p_fdr < 0.05).
2025-07-08 17:48:09,619 - INFO - Baking_EEG._4_decoding_core - [run_temporal_decoding_analysis:544] - Intra-fold Cluster Permutation for TGM is SKIPPED.
2025-07-08 17:48:09,621 - INFO - examples.run_decoding_one_lg - [execute_single_subject_lg_decoding:598] -   Specific LG task 'Local Deviant: Global Standard vs Global Deviant' for TJL3: Peak AUC = 0.743
2025-07-08 17:48:09,688 - INFO - Baking_EEG._4_decoding_core - [run_temporal_decoding_analysis:68] - --- Temporal Ddcoding Analysis ---
2025-07-08 17:48:09,689 - INFO - Baking_EEG._4_decoding_core - [run_temporal_decoding_analysis:69] - Clf: svc, GS: False, CSP (temporal): False, ANOVA FS (temporal): True
2025-07-08 17:48:09,692 - INFO - base.base_decoding - [_build_standard_classifier_pipeline:57] - Pipeline à hyperparamètres fixes: type='svc', CSP: False, ANOVA FS: True
2025-07-08 17:48:09,692 - INFO - base.base_decoding - [_build_standard_classifier_pipeline:68] - DEBUG: add_csp_step type=bool, value=False, bool()=False
2025-07-08 17:48:09,692 - INFO - base.base_decoding - [_build_standard_classifier_pipeline:91] -    Étape ANOVA FS 'anova_feature_selection' ajoutée (percentile fixe=15).
2025-07-08 17:48:09,692 - INFO - base.base_decoding - [_build_standard_classifier_pipeline:123] - Structure finale du pipeline: ['scaler', 'anova_feature_selection', 'svc_classifier']
2025-07-08 17:48:09,692 - INFO - base.base_decoding - [_build_standard_classifier_pipeline:57] - Pipeline à hyperparamètres fixes: type='svc', CSP: False, ANOVA FS: False
2025-07-08 17:48:09,692 - INFO - base.base_decoding - [_build_standard_classifier_pipeline:68] - DEBUG: add_csp_step type=bool, value=False, bool()=False
2025-07-08 17:48:09,692 - INFO - base.base_decoding - [_build_standard_classifier_pipeline:123] - Structure finale du pipeline: ['scaler', 'svc_classifier']
2025-07-08 17:48:09,692 - INFO - Baking_EEG._4_decoding_core - [run_temporal_decoding_analysis:246] - CV strategy: StratifiedKFold with 10 splits.
2025-07-08 17:48:09,692 - INFO - Baking_EEG._4_decoding_core - [run_temporal_decoding_analysis:258] - Sample weights: Auto-calculated per fold (recommended for StratifiedKFold).
2025-07-08 17:48:09,699 - INFO - Baking_EEG._4_decoding_core - [run_temporal_decoding_analysis:294] - MNE Estimators: Using fold-specific balancing via class_weight='balanced' (if supported by classifier).
2025-07-08 17:48:09,699 - INFO - Baking_EEG._4_decoding_core - [run_temporal_decoding_analysis:310] - Starting 1D temporal decoding (SlidingEstimator)...
2025-07-08 17:48:43,659 - INFO - Baking_EEG._4_decoding_core - [run_temporal_decoding_analysis:338] - 1D temporal decoding done. Peak mean AUC: 0.662
2025-07-08 17:48:43,659 - INFO - Baking_EEG._4_decoding_core - [run_temporal_decoding_analysis:346] - Starting TGM computation (GeneralizingEstimator)...
2025-07-08 18:14:17,156 - INFO - Baking_EEG._4_decoding_core - [run_temporal_decoding_analysis:373] - TGM computation done. Peak mean TGM AUC: 0.665
2025-07-08 18:14:17,157 - INFO - Baking_EEG._4_decoding_core - [run_temporal_decoding_analysis:382] - Starting global decoding (n_jobs_folds=40)...
2025-07-08 18:16:04,244 - INFO - Baking_EEG._4_decoding_core - [run_temporal_decoding_analysis:439] - Global decoding done. Mean CV AUC: 0.644 +/- 0.056
2025-07-08 18:16:04,262 - INFO - Baking_EEG._4_decoding_core - [run_temporal_decoding_analysis:478] -   Overall global metrics (aggregated): {'roc_auc': '0.635', 'accuracy': '0.613', 'precision': '0.609', 'recall': '0.649', 'f1_score': '0.628', 'balanced_accuracy': '0.612'}
2025-07-08 18:16:04,262 - INFO - utils.stats_utils - [perform_pointwise_fdr_correction_on_scores:439] - Performing pointwise wilcoxon with FDR correction. Data shape for test (obs, features if any): (10, 801)
2025-07-08 18:16:04,262 - INFO - utils.stats_utils - [perform_pointwise_fdr_correction_on_scores:443] -   Parameters: chance=0.5, alpha=0.05, test_type='wilcoxon', FDR_method='indep', alternative='greater'
2025-07-08 18:16:04,903 - INFO - utils.stats_utils - [perform_pointwise_fdr_correction_on_scores:714] - FDR correction completed. 84 point(s) found significant (p_fdr < 0.05).
2025-07-08 18:16:04,903 - INFO - utils.stats_utils - [perform_cluster_permutation_test:195] - Executing cluster-based permutation test. Data shape (obs, features...): (10, 801)
2025-07-08 18:16:04,903 - INFO - utils.stats_utils - [perform_cluster_permutation_test:199] -   Parameters: n_permutations=1024, threshold_config={'start': 0.1, 'step': 0.1}, alternative='greater' (MNE tail=1), n_jobs=-1
2025-07-08 18:16:04,903 - INFO - utils.stats_utils - [perform_cluster_permutation_test:210] -   Using MNE's default stat_fun (ttest_1samp_no_p) for permutation test.
2025-07-08 18:16:04,903 - INFO - utils.stats_utils - [perform_cluster_permutation_test:242] -   Input data is 2D (features). MNE will use default temporal connectivity inference if applicable.
stat_fun(H1): min=-6.116127 max=8.910175
Running initial clustering …
Using 89 thresholds from 0.10 to 8.90 for TFCE computation (h_power=2.00, e_power=0.50)
Found 801 clusters
2025-07-08 18:16:07,120 - INFO - utils.stats_utils - [perform_cluster_permutation_test:314] - Cluster permutation test completed. 801 initial clusters found (after processing slices).
2025-07-08 18:16:07,121 - INFO - utils.stats_utils - [perform_cluster_permutation_test:338] -   Significant Cluster #452: p-value = 0.0469. Mask shape: (801,), Num True points: 1
2025-07-08 18:16:07,121 - INFO - utils.stats_utils - [perform_cluster_permutation_test:338] -   Significant Cluster #453: p-value = 0.0283. Mask shape: (801,), Num True points: 1
2025-07-08 18:16:07,121 - INFO - utils.stats_utils - [perform_cluster_permutation_test:338] -   Significant Cluster #454: p-value = 0.0127. Mask shape: (801,), Num True points: 1
2025-07-08 18:16:07,121 - INFO - utils.stats_utils - [perform_cluster_permutation_test:338] -   Significant Cluster #455: p-value = 0.0244. Mask shape: (801,), Num True points: 1
2025-07-08 18:16:07,121 - INFO - utils.stats_utils - [perform_cluster_permutation_test:338] -   Significant Cluster #456: p-value = 0.0264. Mask shape: (801,), Num True points: 1
2025-07-08 18:16:07,121 - INFO - utils.stats_utils - [perform_cluster_permutation_test:338] -   Significant Cluster #457: p-value = 0.0381. Mask shape: (801,), Num True points: 1
2025-07-08 18:16:07,121 - INFO - utils.stats_utils - [perform_cluster_permutation_test:338] -   Significant Cluster #474: p-value = 0.0283. Mask shape: (801,), Num True points: 1
2025-07-08 18:16:07,121 - INFO - utils.stats_utils - [perform_cluster_permutation_test:338] -   Significant Cluster #475: p-value = 0.0410. Mask shape: (801,), Num True points: 1
2025-07-08 18:16:07,121 - INFO - utils.stats_utils - [perform_cluster_permutation_test:338] -   Significant Cluster #490: p-value = 0.0381. Mask shape: (801,), Num True points: 1
2025-07-08 18:16:07,121 - INFO - utils.stats_utils - [perform_cluster_permutation_test:338] -   Significant Cluster #492: p-value = 0.0264. Mask shape: (801,), Num True points: 1
2025-07-08 18:16:07,121 - INFO - utils.stats_utils - [perform_cluster_permutation_test:338] -   Significant Cluster #493: p-value = 0.0059. Mask shape: (801,), Num True points: 1
2025-07-08 18:16:07,122 - INFO - utils.stats_utils - [perform_cluster_permutation_test:338] -   Significant Cluster #494: p-value = 0.0225. Mask shape: (801,), Num True points: 1
2025-07-08 18:16:07,122 - INFO - utils.stats_utils - [perform_cluster_permutation_test:338] -   Significant Cluster #495: p-value = 0.0225. Mask shape: (801,), Num True points: 1
2025-07-08 18:16:07,130 - INFO - utils.stats_utils - [perform_pointwise_fdr_correction_on_scores:439] - Performing pointwise wilcoxon with FDR correction. Data shape for test (obs, features if any): (10, 641601)
2025-07-08 18:16:07,130 - INFO - utils.stats_utils - [perform_pointwise_fdr_correction_on_scores:443] -   Parameters: chance=0.5, alpha=0.05, test_type='wilcoxon', FDR_method='indep', alternative='greater'
2025-07-08 18:20:39,546 - INFO - utils.stats_utils - [perform_pointwise_fdr_correction_on_scores:714] - FDR correction completed. 0 point(s) found significant (p_fdr < 0.05).
2025-07-08 18:20:39,549 - INFO - Baking_EEG._4_decoding_core - [run_temporal_decoding_analysis:544] - Intra-fold Cluster Permutation for TGM is SKIPPED.
2025-07-08 18:20:39,552 - INFO - examples.run_decoding_one_lg - [execute_single_subject_lg_decoding:598] -   Specific LG task 'Global Standard: Local Standard vs Local Deviant' for TJL3: Peak AUC = 0.662
2025-07-08 18:20:39,575 - INFO - Baking_EEG._4_decoding_core - [run_temporal_decoding_analysis:68] - --- Temporal Ddcoding Analysis ---
2025-07-08 18:20:39,575 - INFO - Baking_EEG._4_decoding_core - [run_temporal_decoding_analysis:69] - Clf: svc, GS: False, CSP (temporal): False, ANOVA FS (temporal): True
2025-07-08 18:20:39,578 - INFO - base.base_decoding - [_build_standard_classifier_pipeline:57] - Pipeline à hyperparamètres fixes: type='svc', CSP: False, ANOVA FS: True
2025-07-08 18:20:39,578 - INFO - base.base_decoding - [_build_standard_classifier_pipeline:68] - DEBUG: add_csp_step type=bool, value=False, bool()=False
2025-07-08 18:20:39,578 - INFO - base.base_decoding - [_build_standard_classifier_pipeline:91] -    Étape ANOVA FS 'anova_feature_selection' ajoutée (percentile fixe=15).
2025-07-08 18:20:39,578 - INFO - base.base_decoding - [_build_standard_classifier_pipeline:123] - Structure finale du pipeline: ['scaler', 'anova_feature_selection', 'svc_classifier']
2025-07-08 18:20:39,578 - INFO - base.base_decoding - [_build_standard_classifier_pipeline:57] - Pipeline à hyperparamètres fixes: type='svc', CSP: False, ANOVA FS: False
2025-07-08 18:20:39,578 - INFO - base.base_decoding - [_build_standard_classifier_pipeline:68] - DEBUG: add_csp_step type=bool, value=False, bool()=False
2025-07-08 18:20:39,578 - INFO - base.base_decoding - [_build_standard_classifier_pipeline:123] - Structure finale du pipeline: ['scaler', 'svc_classifier']
2025-07-08 18:20:39,578 - INFO - Baking_EEG._4_decoding_core - [run_temporal_decoding_analysis:246] - CV strategy: StratifiedKFold with 10 splits.
2025-07-08 18:20:39,578 - INFO - Baking_EEG._4_decoding_core - [run_temporal_decoding_analysis:258] - Sample weights: Auto-calculated per fold (recommended for StratifiedKFold).
2025-07-08 18:20:39,585 - INFO - Baking_EEG._4_decoding_core - [run_temporal_decoding_analysis:294] - MNE Estimators: Using fold-specific balancing via class_weight='balanced' (if supported by classifier).
2025-07-08 18:20:39,585 - INFO - Baking_EEG._4_decoding_core - [run_temporal_decoding_analysis:310] - Starting 1D temporal decoding (SlidingEstimator)...
2025-07-08 18:20:52,640 - INFO - Baking_EEG._4_decoding_core - [run_temporal_decoding_analysis:338] - 1D temporal decoding done. Peak mean AUC: 0.710
2025-07-08 18:20:52,640 - INFO - Baking_EEG._4_decoding_core - [run_temporal_decoding_analysis:346] - Starting TGM computation (GeneralizingEstimator)...
