submitit INFO (2025-07-09 10:50:13,078) - Starting with JobEnvironment(job_id=364119, hostname=node9, local_rank=0(1), node=0(1), global_rank=0(1))
submitit INFO (2025-07-09 10:50:13,078) - Loading pickle: /home/tom.balay/Baking_EEG/submitit/logs_submitit_groups_LG/20250709_105011_CONTROLS_COMA_LG_GROUP/364119_submitted.pkl
2025-07-09 10:50:17,233 - INFO - examples.run_decoding_one_group_pp - [<module>:39] - Tentative d'import de execute_single_subject_decoding...
2025-07-09 10:50:17,233 - INFO - examples.run_decoding_one_group_pp - [<module>:42] - ✅ Import de execute_single_subject_decoding réussi
2025-07-09 10:50:17,236 - INFO - examples.run_decoding_one_group_lg - [execute_group_intra_subject_lg_decoding_analysis:96] - Starting intra-subject LG decoding analysis for GROUP: CONTROLS_COMA. GS: False, CSP: False, ANOVA FS: True. n_jobs_subj: 40.
2025-07-09 10:50:17,236 - INFO - examples.run_decoding_one_group_lg - [execute_group_intra_subject_lg_decoding_analysis:105] - 
--- LG Group 'CONTROLS_COMA': Processing Subject 1/25: AO05 ---
2025-07-09 10:50:17,236 - INFO - examples.run_decoding_one_lg - [execute_single_subject_lg_decoding:222] - Starting LG decoding for subject: AO05 (Group: CONTROLS_COMA, Task Set ID: Group_LG_Intra_CONTROLS_COMA_Subj_AO05, Classifier: svc, GS: False, CSP: False, ANOVA FS: True, n_jobs: 40)
2025-07-09 10:50:17,236 - INFO - examples.run_decoding_one_lg - [execute_single_subject_lg_decoding:233] - Using LG loading conditions: ['LS_ALL', 'LD_ALL', 'GS_ALL', 'GD_ALL', 'LSGS', 'LSGD', 'LDGS', 'LDGD']
2025-07-09 10:50:17,237 - WARNING - utils.loading_LG_utils - [load_epochs_data_for_lg_decoding:96] - Original group path for 'CONTROLS_COMA' not found for subject 'AO05'. Subject found in group 'CONTROLS_COMA'. Using its path convention.
2025-07-09 10:50:17,238 - ERROR - utils.loading_LG_utils - [load_epochs_data_for_lg_decoding:163] - No preprocessed LG epoch FIF file found for 'AO05' in '/mnt/data/tom.balay/data/Baking_EEG_data/LG_CONTROLS_0.5'. Checked 8 candidates (first 5: ['/mnt/data/tom.balay/data/Baking_EEG_data/LG_CONTROLS_0.5/AO05_LG_preproc_ICA_LG-epo_ar.fif', '/mnt/data/tom.balay/data/Baking_EEG_data/LG_CONTROLS_0.5/AO05_LG_preproc_ICA_LG-epo.fif', '/mnt/data/tom.balay/data/Baking_EEG_data/LG_CONTROLS_0.5/AO05_LG_preproc_noICA_LG-epo_ar.fif', '/mnt/data/tom.balay/data/Baking_EEG_data/LG_CONTROLS_0.5/AO05_LG_preproc_noICA_LG-epo.fif', '/mnt/data/tom.balay/data/Baking_EEG_data/LG_CONTROLS_0.5/AO05_LG_preproc_ICA_LG-epo_ar.fif']).
2025-07-09 10:50:17,238 - INFO - examples.run_decoding_one_lg - [execute_single_subject_lg_decoding:242] - Detected protocol 'unknown' for subject AO05
2025-07-09 10:50:17,238 - ERROR - examples.run_decoding_one_lg - [execute_single_subject_lg_decoding:248] - Epochs object loading failed for AO05. Aborting subject.
2025-07-09 10:50:17,239 - WARNING - examples.run_decoding_one_group_lg - [execute_group_intra_subject_lg_decoding_analysis:141] - Subject AO05 processing failed or returned invalid results.
2025-07-09 10:50:17,239 - INFO - examples.run_decoding_one_group_lg - [execute_group_intra_subject_lg_decoding_analysis:105] - 
--- LG Group 'CONTROLS_COMA': Processing Subject 2/25: BT13 ---
2025-07-09 10:50:17,239 - INFO - examples.run_decoding_one_lg - [execute_single_subject_lg_decoding:222] - Starting LG decoding for subject: BT13 (Group: CONTROLS_COMA, Task Set ID: Group_LG_Intra_CONTROLS_COMA_Subj_BT13, Classifier: svc, GS: False, CSP: False, ANOVA FS: True, n_jobs: 40)
2025-07-09 10:50:17,239 - INFO - examples.run_decoding_one_lg - [execute_single_subject_lg_decoding:233] - Using LG loading conditions: ['LS_ALL', 'LD_ALL', 'GS_ALL', 'GD_ALL', 'LSGS', 'LSGD', 'LDGS', 'LDGD']
2025-07-09 10:50:17,239 - WARNING - utils.loading_LG_utils - [load_epochs_data_for_lg_decoding:96] - Original group path for 'CONTROLS_COMA' not found for subject 'BT13'. Subject found in group 'CONTROLS_COMA'. Using its path convention.
2025-07-09 10:50:17,240 - ERROR - utils.loading_LG_utils - [load_epochs_data_for_lg_decoding:163] - No preprocessed LG epoch FIF file found for 'BT13' in '/mnt/data/tom.balay/data/Baking_EEG_data/LG_CONTROLS_0.5'. Checked 8 candidates (first 5: ['/mnt/data/tom.balay/data/Baking_EEG_data/LG_CONTROLS_0.5/BT13_LG_preproc_ICA_LG-epo_ar.fif', '/mnt/data/tom.balay/data/Baking_EEG_data/LG_CONTROLS_0.5/BT13_LG_preproc_ICA_LG-epo.fif', '/mnt/data/tom.balay/data/Baking_EEG_data/LG_CONTROLS_0.5/BT13_LG_preproc_noICA_LG-epo_ar.fif', '/mnt/data/tom.balay/data/Baking_EEG_data/LG_CONTROLS_0.5/BT13_LG_preproc_noICA_LG-epo.fif', '/mnt/data/tom.balay/data/Baking_EEG_data/LG_CONTROLS_0.5/BT13_LG_preproc_ICA_LG-epo_ar.fif']).
2025-07-09 10:50:17,240 - INFO - examples.run_decoding_one_lg - [execute_single_subject_lg_decoding:242] - Detected protocol 'unknown' for subject BT13
2025-07-09 10:50:17,240 - ERROR - examples.run_decoding_one_lg - [execute_single_subject_lg_decoding:248] - Epochs object loading failed for BT13. Aborting subject.
2025-07-09 10:50:17,240 - WARNING - examples.run_decoding_one_group_lg - [execute_group_intra_subject_lg_decoding_analysis:141] - Subject BT13 processing failed or returned invalid results.
2025-07-09 10:50:17,240 - INFO - examples.run_decoding_one_group_lg - [execute_group_intra_subject_lg_decoding_analysis:105] - 
--- LG Group 'CONTROLS_COMA': Processing Subject 3/25: HM10 ---
2025-07-09 10:50:17,240 - INFO - examples.run_decoding_one_lg - [execute_single_subject_lg_decoding:222] - Starting LG decoding for subject: HM10 (Group: CONTROLS_COMA, Task Set ID: Group_LG_Intra_CONTROLS_COMA_Subj_HM10, Classifier: svc, GS: False, CSP: False, ANOVA FS: True, n_jobs: 40)
2025-07-09 10:50:17,240 - INFO - examples.run_decoding_one_lg - [execute_single_subject_lg_decoding:233] - Using LG loading conditions: ['LS_ALL', 'LD_ALL', 'GS_ALL', 'GD_ALL', 'LSGS', 'LSGD', 'LDGS', 'LDGD']
2025-07-09 10:50:17,240 - WARNING - utils.loading_LG_utils - [load_epochs_data_for_lg_decoding:96] - Original group path for 'CONTROLS_COMA' not found for subject 'HM10'. Subject found in group 'CONTROLS_COMA'. Using its path convention.
2025-07-09 10:50:17,241 - ERROR - utils.loading_LG_utils - [load_epochs_data_for_lg_decoding:163] - No preprocessed LG epoch FIF file found for 'HM10' in '/mnt/data/tom.balay/data/Baking_EEG_data/LG_CONTROLS_0.5'. Checked 8 candidates (first 5: ['/mnt/data/tom.balay/data/Baking_EEG_data/LG_CONTROLS_0.5/HM10_LG_preproc_ICA_LG-epo_ar.fif', '/mnt/data/tom.balay/data/Baking_EEG_data/LG_CONTROLS_0.5/HM10_LG_preproc_ICA_LG-epo.fif', '/mnt/data/tom.balay/data/Baking_EEG_data/LG_CONTROLS_0.5/HM10_LG_preproc_noICA_LG-epo_ar.fif', '/mnt/data/tom.balay/data/Baking_EEG_data/LG_CONTROLS_0.5/HM10_LG_preproc_noICA_LG-epo.fif', '/mnt/data/tom.balay/data/Baking_EEG_data/LG_CONTROLS_0.5/HM10_LG_preproc_ICA_LG-epo_ar.fif']).
2025-07-09 10:50:17,241 - INFO - examples.run_decoding_one_lg - [execute_single_subject_lg_decoding:242] - Detected protocol 'unknown' for subject HM10
2025-07-09 10:50:17,241 - ERROR - examples.run_decoding_one_lg - [execute_single_subject_lg_decoding:248] - Epochs object loading failed for HM10. Aborting subject.
2025-07-09 10:50:17,241 - WARNING - examples.run_decoding_one_group_lg - [execute_group_intra_subject_lg_decoding_analysis:141] - Subject HM10 processing failed or returned invalid results.
2025-07-09 10:50:17,241 - INFO - examples.run_decoding_one_group_lg - [execute_group_intra_subject_lg_decoding_analysis:105] - 
--- LG Group 'CONTROLS_COMA': Processing Subject 4/25: JM14 ---
2025-07-09 10:50:17,241 - INFO - examples.run_decoding_one_lg - [execute_single_subject_lg_decoding:222] - Starting LG decoding for subject: JM14 (Group: CONTROLS_COMA, Task Set ID: Group_LG_Intra_CONTROLS_COMA_Subj_JM14, Classifier: svc, GS: False, CSP: False, ANOVA FS: True, n_jobs: 40)
2025-07-09 10:50:17,241 - INFO - examples.run_decoding_one_lg - [execute_single_subject_lg_decoding:233] - Using LG loading conditions: ['LS_ALL', 'LD_ALL', 'GS_ALL', 'GD_ALL', 'LSGS', 'LSGD', 'LDGS', 'LDGD']
2025-07-09 10:50:17,241 - WARNING - utils.loading_LG_utils - [load_epochs_data_for_lg_decoding:96] - Original group path for 'CONTROLS_COMA' not found for subject 'JM14'. Subject found in group 'CONTROLS_COMA'. Using its path convention.
2025-07-09 10:50:17,242 - ERROR - utils.loading_LG_utils - [load_epochs_data_for_lg_decoding:163] - No preprocessed LG epoch FIF file found for 'JM14' in '/mnt/data/tom.balay/data/Baking_EEG_data/LG_CONTROLS_0.5'. Checked 8 candidates (first 5: ['/mnt/data/tom.balay/data/Baking_EEG_data/LG_CONTROLS_0.5/JM14_LG_preproc_ICA_LG-epo_ar.fif', '/mnt/data/tom.balay/data/Baking_EEG_data/LG_CONTROLS_0.5/JM14_LG_preproc_ICA_LG-epo.fif', '/mnt/data/tom.balay/data/Baking_EEG_data/LG_CONTROLS_0.5/JM14_LG_preproc_noICA_LG-epo_ar.fif', '/mnt/data/tom.balay/data/Baking_EEG_data/LG_CONTROLS_0.5/JM14_LG_preproc_noICA_LG-epo.fif', '/mnt/data/tom.balay/data/Baking_EEG_data/LG_CONTROLS_0.5/JM14_LG_preproc_ICA_LG-epo_ar.fif']).
2025-07-09 10:50:17,242 - INFO - examples.run_decoding_one_lg - [execute_single_subject_lg_decoding:242] - Detected protocol 'unknown' for subject JM14
2025-07-09 10:50:17,242 - ERROR - examples.run_decoding_one_lg - [execute_single_subject_lg_decoding:248] - Epochs object loading failed for JM14. Aborting subject.
2025-07-09 10:50:17,242 - WARNING - examples.run_decoding_one_group_lg - [execute_group_intra_subject_lg_decoding_analysis:141] - Subject JM14 processing failed or returned invalid results.
2025-07-09 10:50:17,242 - INFO - examples.run_decoding_one_group_lg - [execute_group_intra_subject_lg_decoding_analysis:105] - 
--- LG Group 'CONTROLS_COMA': Processing Subject 5/25: LS07 ---
2025-07-09 10:50:17,242 - INFO - examples.run_decoding_one_lg - [execute_single_subject_lg_decoding:222] - Starting LG decoding for subject: LS07 (Group: CONTROLS_COMA, Task Set ID: Group_LG_Intra_CONTROLS_COMA_Subj_LS07, Classifier: svc, GS: False, CSP: False, ANOVA FS: True, n_jobs: 40)
2025-07-09 10:50:17,242 - INFO - examples.run_decoding_one_lg - [execute_single_subject_lg_decoding:233] - Using LG loading conditions: ['LS_ALL', 'LD_ALL', 'GS_ALL', 'GD_ALL', 'LSGS', 'LSGD', 'LDGS', 'LDGD']
2025-07-09 10:50:17,242 - WARNING - utils.loading_LG_utils - [load_epochs_data_for_lg_decoding:96] - Original group path for 'CONTROLS_COMA' not found for subject 'LS07'. Subject found in group 'CONTROLS_COMA'. Using its path convention.
2025-07-09 10:50:17,243 - ERROR - utils.loading_LG_utils - [load_epochs_data_for_lg_decoding:163] - No preprocessed LG epoch FIF file found for 'LS07' in '/mnt/data/tom.balay/data/Baking_EEG_data/LG_CONTROLS_0.5'. Checked 8 candidates (first 5: ['/mnt/data/tom.balay/data/Baking_EEG_data/LG_CONTROLS_0.5/LS07_LG_preproc_ICA_LG-epo_ar.fif', '/mnt/data/tom.balay/data/Baking_EEG_data/LG_CONTROLS_0.5/LS07_LG_preproc_ICA_LG-epo.fif', '/mnt/data/tom.balay/data/Baking_EEG_data/LG_CONTROLS_0.5/LS07_LG_preproc_noICA_LG-epo_ar.fif', '/mnt/data/tom.balay/data/Baking_EEG_data/LG_CONTROLS_0.5/LS07_LG_preproc_noICA_LG-epo.fif', '/mnt/data/tom.balay/data/Baking_EEG_data/LG_CONTROLS_0.5/LS07_LG_preproc_ICA_LG-epo_ar.fif']).
2025-07-09 10:50:17,243 - INFO - examples.run_decoding_one_lg - [execute_single_subject_lg_decoding:242] - Detected protocol 'unknown' for subject LS07
2025-07-09 10:50:17,243 - ERROR - examples.run_decoding_one_lg - [execute_single_subject_lg_decoding:248] - Epochs object loading failed for LS07. Aborting subject.
2025-07-09 10:50:17,243 - WARNING - examples.run_decoding_one_group_lg - [execute_group_intra_subject_lg_decoding_analysis:141] - Subject LS07 processing failed or returned invalid results.
2025-07-09 10:50:17,243 - INFO - examples.run_decoding_one_group_lg - [execute_group_intra_subject_lg_decoding_analysis:105] - 
--- LG Group 'CONTROLS_COMA': Processing Subject 6/25: LT12 ---
2025-07-09 10:50:17,243 - INFO - examples.run_decoding_one_lg - [execute_single_subject_lg_decoding:222] - Starting LG decoding for subject: LT12 (Group: CONTROLS_COMA, Task Set ID: Group_LG_Intra_CONTROLS_COMA_Subj_LT12, Classifier: svc, GS: False, CSP: False, ANOVA FS: True, n_jobs: 40)
2025-07-09 10:50:17,243 - INFO - examples.run_decoding_one_lg - [execute_single_subject_lg_decoding:233] - Using LG loading conditions: ['LS_ALL', 'LD_ALL', 'GS_ALL', 'GD_ALL', 'LSGS', 'LSGD', 'LDGS', 'LDGD']
2025-07-09 10:50:17,244 - WARNING - utils.loading_LG_utils - [load_epochs_data_for_lg_decoding:96] - Original group path for 'CONTROLS_COMA' not found for subject 'LT12'. Subject found in group 'CONTROLS_COMA'. Using its path convention.
2025-07-09 10:50:17,244 - ERROR - utils.loading_LG_utils - [load_epochs_data_for_lg_decoding:163] - No preprocessed LG epoch FIF file found for 'LT12' in '/mnt/data/tom.balay/data/Baking_EEG_data/LG_CONTROLS_0.5'. Checked 8 candidates (first 5: ['/mnt/data/tom.balay/data/Baking_EEG_data/LG_CONTROLS_0.5/LT12_LG_preproc_ICA_LG-epo_ar.fif', '/mnt/data/tom.balay/data/Baking_EEG_data/LG_CONTROLS_0.5/LT12_LG_preproc_ICA_LG-epo.fif', '/mnt/data/tom.balay/data/Baking_EEG_data/LG_CONTROLS_0.5/LT12_LG_preproc_noICA_LG-epo_ar.fif', '/mnt/data/tom.balay/data/Baking_EEG_data/LG_CONTROLS_0.5/LT12_LG_preproc_noICA_LG-epo.fif', '/mnt/data/tom.balay/data/Baking_EEG_data/LG_CONTROLS_0.5/LT12_LG_preproc_ICA_LG-epo_ar.fif']).
2025-07-09 10:50:17,244 - INFO - examples.run_decoding_one_lg - [execute_single_subject_lg_decoding:242] - Detected protocol 'unknown' for subject LT12
2025-07-09 10:50:17,245 - ERROR - examples.run_decoding_one_lg - [execute_single_subject_lg_decoding:248] - Epochs object loading failed for LT12. Aborting subject.
2025-07-09 10:50:17,245 - WARNING - examples.run_decoding_one_group_lg - [execute_group_intra_subject_lg_decoding_analysis:141] - Subject LT12 processing failed or returned invalid results.
2025-07-09 10:50:17,245 - INFO - examples.run_decoding_one_group_lg - [execute_group_intra_subject_lg_decoding_analysis:105] - 
--- LG Group 'CONTROLS_COMA': Processing Subject 7/25: PB20 ---
2025-07-09 10:50:17,245 - INFO - examples.run_decoding_one_lg - [execute_single_subject_lg_decoding:222] - Starting LG decoding for subject: PB20 (Group: CONTROLS_COMA, Task Set ID: Group_LG_Intra_CONTROLS_COMA_Subj_PB20, Classifier: svc, GS: False, CSP: False, ANOVA FS: True, n_jobs: 40)
2025-07-09 10:50:17,245 - INFO - examples.run_decoding_one_lg - [execute_single_subject_lg_decoding:233] - Using LG loading conditions: ['LS_ALL', 'LD_ALL', 'GS_ALL', 'GD_ALL', 'LSGS', 'LSGD', 'LDGS', 'LDGD']
2025-07-09 10:50:17,245 - WARNING - utils.loading_LG_utils - [load_epochs_data_for_lg_decoding:96] - Original group path for 'CONTROLS_COMA' not found for subject 'PB20'. Subject found in group 'CONTROLS_COMA'. Using its path convention.
2025-07-09 10:50:17,246 - ERROR - utils.loading_LG_utils - [load_epochs_data_for_lg_decoding:163] - No preprocessed LG epoch FIF file found for 'PB20' in '/mnt/data/tom.balay/data/Baking_EEG_data/LG_CONTROLS_0.5'. Checked 8 candidates (first 5: ['/mnt/data/tom.balay/data/Baking_EEG_data/LG_CONTROLS_0.5/PB20_LG_preproc_ICA_LG-epo_ar.fif', '/mnt/data/tom.balay/data/Baking_EEG_data/LG_CONTROLS_0.5/PB20_LG_preproc_ICA_LG-epo.fif', '/mnt/data/tom.balay/data/Baking_EEG_data/LG_CONTROLS_0.5/PB20_LG_preproc_noICA_LG-epo_ar.fif', '/mnt/data/tom.balay/data/Baking_EEG_data/LG_CONTROLS_0.5/PB20_LG_preproc_noICA_LG-epo.fif', '/mnt/data/tom.balay/data/Baking_EEG_data/LG_CONTROLS_0.5/PB20_LG_preproc_ICA_LG-epo_ar.fif']).
2025-07-09 10:50:17,246 - INFO - examples.run_decoding_one_lg - [execute_single_subject_lg_decoding:242] - Detected protocol 'unknown' for subject PB20
2025-07-09 10:50:17,246 - ERROR - examples.run_decoding_one_lg - [execute_single_subject_lg_decoding:248] - Epochs object loading failed for PB20. Aborting subject.
2025-07-09 10:50:17,246 - WARNING - examples.run_decoding_one_group_lg - [execute_group_intra_subject_lg_decoding_analysis:141] - Subject PB20 processing failed or returned invalid results.
2025-07-09 10:50:17,246 - INFO - examples.run_decoding_one_group_lg - [execute_group_intra_subject_lg_decoding_analysis:105] - 
--- LG Group 'CONTROLS_COMA': Processing Subject 8/25: SB09 ---
2025-07-09 10:50:17,246 - INFO - examples.run_decoding_one_lg - [execute_single_subject_lg_decoding:222] - Starting LG decoding for subject: SB09 (Group: CONTROLS_COMA, Task Set ID: Group_LG_Intra_CONTROLS_COMA_Subj_SB09, Classifier: svc, GS: False, CSP: False, ANOVA FS: True, n_jobs: 40)
2025-07-09 10:50:17,246 - INFO - examples.run_decoding_one_lg - [execute_single_subject_lg_decoding:233] - Using LG loading conditions: ['LS_ALL', 'LD_ALL', 'GS_ALL', 'GD_ALL', 'LSGS', 'LSGD', 'LDGS', 'LDGD']
2025-07-09 10:50:17,246 - WARNING - utils.loading_LG_utils - [load_epochs_data_for_lg_decoding:96] - Original group path for 'CONTROLS_COMA' not found for subject 'SB09'. Subject found in group 'CONTROLS_COMA'. Using its path convention.
2025-07-09 10:50:17,247 - ERROR - utils.loading_LG_utils - [load_epochs_data_for_lg_decoding:163] - No preprocessed LG epoch FIF file found for 'SB09' in '/mnt/data/tom.balay/data/Baking_EEG_data/LG_CONTROLS_0.5'. Checked 8 candidates (first 5: ['/mnt/data/tom.balay/data/Baking_EEG_data/LG_CONTROLS_0.5/SB09_LG_preproc_ICA_LG-epo_ar.fif', '/mnt/data/tom.balay/data/Baking_EEG_data/LG_CONTROLS_0.5/SB09_LG_preproc_ICA_LG-epo.fif', '/mnt/data/tom.balay/data/Baking_EEG_data/LG_CONTROLS_0.5/SB09_LG_preproc_noICA_LG-epo_ar.fif', '/mnt/data/tom.balay/data/Baking_EEG_data/LG_CONTROLS_0.5/SB09_LG_preproc_noICA_LG-epo.fif', '/mnt/data/tom.balay/data/Baking_EEG_data/LG_CONTROLS_0.5/SB09_LG_preproc_ICA_LG-epo_ar.fif']).
2025-07-09 10:50:17,247 - INFO - examples.run_decoding_one_lg - [execute_single_subject_lg_decoding:242] - Detected protocol 'unknown' for subject SB09
2025-07-09 10:50:17,247 - ERROR - examples.run_decoding_one_lg - [execute_single_subject_lg_decoding:248] - Epochs object loading failed for SB09. Aborting subject.
2025-07-09 10:50:17,247 - WARNING - examples.run_decoding_one_group_lg - [execute_group_intra_subject_lg_decoding_analysis:141] - Subject SB09 processing failed or returned invalid results.
2025-07-09 10:50:17,247 - INFO - examples.run_decoding_one_group_lg - [execute_group_intra_subject_lg_decoding_analysis:105] - 
--- LG Group 'CONTROLS_COMA': Processing Subject 9/25: SP03 ---
2025-07-09 10:50:17,247 - INFO - examples.run_decoding_one_lg - [execute_single_subject_lg_decoding:222] - Starting LG decoding for subject: SP03 (Group: CONTROLS_COMA, Task Set ID: Group_LG_Intra_CONTROLS_COMA_Subj_SP03, Classifier: svc, GS: False, CSP: False, ANOVA FS: True, n_jobs: 40)
2025-07-09 10:50:17,247 - INFO - examples.run_decoding_one_lg - [execute_single_subject_lg_decoding:233] - Using LG loading conditions: ['LS_ALL', 'LD_ALL', 'GS_ALL', 'GD_ALL', 'LSGS', 'LSGD', 'LDGS', 'LDGD']
2025-07-09 10:50:17,247 - WARNING - utils.loading_LG_utils - [load_epochs_data_for_lg_decoding:96] - Original group path for 'CONTROLS_COMA' not found for subject 'SP03'. Subject found in group 'CONTROLS_COMA'. Using its path convention.
2025-07-09 10:50:17,248 - ERROR - utils.loading_LG_utils - [load_epochs_data_for_lg_decoding:163] - No preprocessed LG epoch FIF file found for 'SP03' in '/mnt/data/tom.balay/data/Baking_EEG_data/LG_CONTROLS_0.5'. Checked 8 candidates (first 5: ['/mnt/data/tom.balay/data/Baking_EEG_data/LG_CONTROLS_0.5/SP03_LG_preproc_ICA_LG-epo_ar.fif', '/mnt/data/tom.balay/data/Baking_EEG_data/LG_CONTROLS_0.5/SP03_LG_preproc_ICA_LG-epo.fif', '/mnt/data/tom.balay/data/Baking_EEG_data/LG_CONTROLS_0.5/SP03_LG_preproc_noICA_LG-epo_ar.fif', '/mnt/data/tom.balay/data/Baking_EEG_data/LG_CONTROLS_0.5/SP03_LG_preproc_noICA_LG-epo.fif', '/mnt/data/tom.balay/data/Baking_EEG_data/LG_CONTROLS_0.5/SP03_LG_preproc_ICA_LG-epo_ar.fif']).
2025-07-09 10:50:17,248 - INFO - examples.run_decoding_one_lg - [execute_single_subject_lg_decoding:242] - Detected protocol 'unknown' for subject SP03
2025-07-09 10:50:17,248 - ERROR - examples.run_decoding_one_lg - [execute_single_subject_lg_decoding:248] - Epochs object loading failed for SP03. Aborting subject.
2025-07-09 10:50:17,249 - WARNING - examples.run_decoding_one_group_lg - [execute_group_intra_subject_lg_decoding_analysis:141] - Subject SP03 processing failed or returned invalid results.
2025-07-09 10:50:17,249 - INFO - examples.run_decoding_one_group_lg - [execute_group_intra_subject_lg_decoding_analysis:105] - 
--- LG Group 'CONTROLS_COMA': Processing Subject 10/25: TAK7 ---
2025-07-09 10:50:17,249 - INFO - examples.run_decoding_one_lg - [execute_single_subject_lg_decoding:222] - Starting LG decoding for subject: TAK7 (Group: CONTROLS_COMA, Task Set ID: Group_LG_Intra_CONTROLS_COMA_Subj_TAK7, Classifier: svc, GS: False, CSP: False, ANOVA FS: True, n_jobs: 40)
2025-07-09 10:50:17,249 - INFO - examples.run_decoding_one_lg - [execute_single_subject_lg_decoding:233] - Using LG loading conditions: ['LS_ALL', 'LD_ALL', 'GS_ALL', 'GD_ALL', 'LSGS', 'LSGD', 'LDGS', 'LDGD']
2025-07-09 10:50:17,249 - WARNING - utils.loading_LG_utils - [load_epochs_data_for_lg_decoding:96] - Original group path for 'CONTROLS_COMA' not found for subject 'TAK7'. Subject found in group 'CONTROLS_COMA'. Using its path convention.
2025-07-09 10:50:17,250 - ERROR - utils.loading_LG_utils - [load_epochs_data_for_lg_decoding:163] - No preprocessed LG epoch FIF file found for 'TAK7' in '/mnt/data/tom.balay/data/Baking_EEG_data/LG_CONTROLS_0.5'. Checked 8 candidates (first 5: ['/mnt/data/tom.balay/data/Baking_EEG_data/LG_CONTROLS_0.5/TAK7_LG_preproc_ICA_LG-epo_ar.fif', '/mnt/data/tom.balay/data/Baking_EEG_data/LG_CONTROLS_0.5/TAK7_LG_preproc_ICA_LG-epo.fif', '/mnt/data/tom.balay/data/Baking_EEG_data/LG_CONTROLS_0.5/TAK7_LG_preproc_noICA_LG-epo_ar.fif', '/mnt/data/tom.balay/data/Baking_EEG_data/LG_CONTROLS_0.5/TAK7_LG_preproc_noICA_LG-epo.fif', '/mnt/data/tom.balay/data/Baking_EEG_data/LG_CONTROLS_0.5/TAK7_LG_preproc_ICA_LG-epo_ar.fif']).
2025-07-09 10:50:17,250 - INFO - examples.run_decoding_one_lg - [execute_single_subject_lg_decoding:242] - Detected protocol 'unknown' for subject TAK7
2025-07-09 10:50:17,250 - ERROR - examples.run_decoding_one_lg - [execute_single_subject_lg_decoding:248] - Epochs object loading failed for TAK7. Aborting subject.
2025-07-09 10:50:17,250 - WARNING - examples.run_decoding_one_group_lg - [execute_group_intra_subject_lg_decoding_analysis:141] - Subject TAK7 processing failed or returned invalid results.
2025-07-09 10:50:17,250 - INFO - examples.run_decoding_one_group_lg - [execute_group_intra_subject_lg_decoding_analysis:105] - 
--- LG Group 'CONTROLS_COMA': Processing Subject 11/25: TCG5 ---
2025-07-09 10:50:17,250 - INFO - examples.run_decoding_one_lg - [execute_single_subject_lg_decoding:222] - Starting LG decoding for subject: TCG5 (Group: CONTROLS_COMA, Task Set ID: Group_LG_Intra_CONTROLS_COMA_Subj_TCG5, Classifier: svc, GS: False, CSP: False, ANOVA FS: True, n_jobs: 40)
2025-07-09 10:50:17,250 - INFO - examples.run_decoding_one_lg - [execute_single_subject_lg_decoding:233] - Using LG loading conditions: ['LS_ALL', 'LD_ALL', 'GS_ALL', 'GD_ALL', 'LSGS', 'LSGD', 'LDGS', 'LDGD']
2025-07-09 10:50:17,250 - WARNING - utils.loading_LG_utils - [load_epochs_data_for_lg_decoding:96] - Original group path for 'CONTROLS_COMA' not found for subject 'TCG5'. Subject found in group 'CONTROLS_COMA'. Using its path convention.
2025-07-09 10:50:17,251 - ERROR - utils.loading_LG_utils - [load_epochs_data_for_lg_decoding:163] - No preprocessed LG epoch FIF file found for 'TCG5' in '/mnt/data/tom.balay/data/Baking_EEG_data/LG_CONTROLS_0.5'. Checked 8 candidates (first 5: ['/mnt/data/tom.balay/data/Baking_EEG_data/LG_CONTROLS_0.5/TCG5_LG_preproc_ICA_LG-epo_ar.fif', '/mnt/data/tom.balay/data/Baking_EEG_data/LG_CONTROLS_0.5/TCG5_LG_preproc_ICA_LG-epo.fif', '/mnt/data/tom.balay/data/Baking_EEG_data/LG_CONTROLS_0.5/TCG5_LG_preproc_noICA_LG-epo_ar.fif', '/mnt/data/tom.balay/data/Baking_EEG_data/LG_CONTROLS_0.5/TCG5_LG_preproc_noICA_LG-epo.fif', '/mnt/data/tom.balay/data/Baking_EEG_data/LG_CONTROLS_0.5/TCG5_LG_preproc_ICA_LG-epo_ar.fif']).
2025-07-09 10:50:17,251 - INFO - examples.run_decoding_one_lg - [execute_single_subject_lg_decoding:242] - Detected protocol 'unknown' for subject TCG5
2025-07-09 10:50:17,251 - ERROR - examples.run_decoding_one_lg - [execute_single_subject_lg_decoding:248] - Epochs object loading failed for TCG5. Aborting subject.
2025-07-09 10:50:17,251 - WARNING - examples.run_decoding_one_group_lg - [execute_group_intra_subject_lg_decoding_analysis:141] - Subject TCG5 processing failed or returned invalid results.
2025-07-09 10:50:17,251 - INFO - examples.run_decoding_one_group_lg - [execute_group_intra_subject_lg_decoding_analysis:105] - 
--- LG Group 'CONTROLS_COMA': Processing Subject 12/25: TEN1 ---
2025-07-09 10:50:17,251 - INFO - examples.run_decoding_one_lg - [execute_single_subject_lg_decoding:222] - Starting LG decoding for subject: TEN1 (Group: CONTROLS_COMA, Task Set ID: Group_LG_Intra_CONTROLS_COMA_Subj_TEN1, Classifier: svc, GS: False, CSP: False, ANOVA FS: True, n_jobs: 40)
2025-07-09 10:50:17,251 - INFO - examples.run_decoding_one_lg - [execute_single_subject_lg_decoding:233] - Using LG loading conditions: ['LS_ALL', 'LD_ALL', 'GS_ALL', 'GD_ALL', 'LSGS', 'LSGD', 'LDGS', 'LDGD']
2025-07-09 10:50:17,251 - WARNING - utils.loading_LG_utils - [load_epochs_data_for_lg_decoding:96] - Original group path for 'CONTROLS_COMA' not found for subject 'TEN1'. Subject found in group 'CONTROLS_COMA'. Using its path convention.
2025-07-09 10:50:17,252 - ERROR - utils.loading_LG_utils - [load_epochs_data_for_lg_decoding:163] - No preprocessed LG epoch FIF file found for 'TEN1' in '/mnt/data/tom.balay/data/Baking_EEG_data/LG_CONTROLS_0.5'. Checked 8 candidates (first 5: ['/mnt/data/tom.balay/data/Baking_EEG_data/LG_CONTROLS_0.5/TEN1_LG_preproc_ICA_LG-epo_ar.fif', '/mnt/data/tom.balay/data/Baking_EEG_data/LG_CONTROLS_0.5/TEN1_LG_preproc_ICA_LG-epo.fif', '/mnt/data/tom.balay/data/Baking_EEG_data/LG_CONTROLS_0.5/TEN1_LG_preproc_noICA_LG-epo_ar.fif', '/mnt/data/tom.balay/data/Baking_EEG_data/LG_CONTROLS_0.5/TEN1_LG_preproc_noICA_LG-epo.fif', '/mnt/data/tom.balay/data/Baking_EEG_data/LG_CONTROLS_0.5/TEN1_LG_preproc_ICA_LG-epo_ar.fif']).
2025-07-09 10:50:17,252 - INFO - examples.run_decoding_one_lg - [execute_single_subject_lg_decoding:242] - Detected protocol 'unknown' for subject TEN1
2025-07-09 10:50:17,252 - ERROR - examples.run_decoding_one_lg - [execute_single_subject_lg_decoding:248] - Epochs object loading failed for TEN1. Aborting subject.
2025-07-09 10:50:17,252 - WARNING - examples.run_decoding_one_group_lg - [execute_group_intra_subject_lg_decoding_analysis:141] - Subject TEN1 processing failed or returned invalid results.
2025-07-09 10:50:17,252 - INFO - examples.run_decoding_one_group_lg - [execute_group_intra_subject_lg_decoding_analysis:105] - 
--- LG Group 'CONTROLS_COMA': Processing Subject 13/25: TFB6 ---
2025-07-09 10:50:17,252 - INFO - examples.run_decoding_one_lg - [execute_single_subject_lg_decoding:222] - Starting LG decoding for subject: TFB6 (Group: CONTROLS_COMA, Task Set ID: Group_LG_Intra_CONTROLS_COMA_Subj_TFB6, Classifier: svc, GS: False, CSP: False, ANOVA FS: True, n_jobs: 40)
2025-07-09 10:50:17,252 - INFO - examples.run_decoding_one_lg - [execute_single_subject_lg_decoding:233] - Using LG loading conditions: ['LS_ALL', 'LD_ALL', 'GS_ALL', 'GD_ALL', 'LSGS', 'LSGD', 'LDGS', 'LDGD']
2025-07-09 10:50:17,252 - WARNING - utils.loading_LG_utils - [load_epochs_data_for_lg_decoding:96] - Original group path for 'CONTROLS_COMA' not found for subject 'TFB6'. Subject found in group 'CONTROLS_COMA'. Using its path convention.
2025-07-09 10:50:17,253 - ERROR - utils.loading_LG_utils - [load_epochs_data_for_lg_decoding:163] - No preprocessed LG epoch FIF file found for 'TFB6' in '/mnt/data/tom.balay/data/Baking_EEG_data/LG_CONTROLS_0.5'. Checked 8 candidates (first 5: ['/mnt/data/tom.balay/data/Baking_EEG_data/LG_CONTROLS_0.5/TFB6_LG_preproc_ICA_LG-epo_ar.fif', '/mnt/data/tom.balay/data/Baking_EEG_data/LG_CONTROLS_0.5/TFB6_LG_preproc_ICA_LG-epo.fif', '/mnt/data/tom.balay/data/Baking_EEG_data/LG_CONTROLS_0.5/TFB6_LG_preproc_noICA_LG-epo_ar.fif', '/mnt/data/tom.balay/data/Baking_EEG_data/LG_CONTROLS_0.5/TFB6_LG_preproc_noICA_LG-epo.fif', '/mnt/data/tom.balay/data/Baking_EEG_data/LG_CONTROLS_0.5/TFB6_LG_preproc_ICA_LG-epo_ar.fif']).
2025-07-09 10:50:17,253 - INFO - examples.run_decoding_one_lg - [execute_single_subject_lg_decoding:242] - Detected protocol 'unknown' for subject TFB6
2025-07-09 10:50:17,253 - ERROR - examples.run_decoding_one_lg - [execute_single_subject_lg_decoding:248] - Epochs object loading failed for TFB6. Aborting subject.
2025-07-09 10:50:17,253 - WARNING - examples.run_decoding_one_group_lg - [execute_group_intra_subject_lg_decoding_analysis:141] - Subject TFB6 processing failed or returned invalid results.
2025-07-09 10:50:17,253 - INFO - examples.run_decoding_one_group_lg - [execute_group_intra_subject_lg_decoding_analysis:105] - 
--- LG Group 'CONTROLS_COMA': Processing Subject 14/25: TGD8 ---
2025-07-09 10:50:17,253 - INFO - examples.run_decoding_one_lg - [execute_single_subject_lg_decoding:222] - Starting LG decoding for subject: TGD8 (Group: CONTROLS_COMA, Task Set ID: Group_LG_Intra_CONTROLS_COMA_Subj_TGD8, Classifier: svc, GS: False, CSP: False, ANOVA FS: True, n_jobs: 40)
2025-07-09 10:50:17,253 - INFO - examples.run_decoding_one_lg - [execute_single_subject_lg_decoding:233] - Using LG loading conditions: ['LS_ALL', 'LD_ALL', 'GS_ALL', 'GD_ALL', 'LSGS', 'LSGD', 'LDGS', 'LDGD']
2025-07-09 10:50:17,254 - WARNING - utils.loading_LG_utils - [load_epochs_data_for_lg_decoding:96] - Original group path for 'CONTROLS_COMA' not found for subject 'TGD8'. Subject found in group 'CONTROLS_COMA'. Using its path convention.
2025-07-09 10:50:17,254 - ERROR - utils.loading_LG_utils - [load_epochs_data_for_lg_decoding:163] - No preprocessed LG epoch FIF file found for 'TGD8' in '/mnt/data/tom.balay/data/Baking_EEG_data/LG_CONTROLS_0.5'. Checked 8 candidates (first 5: ['/mnt/data/tom.balay/data/Baking_EEG_data/LG_CONTROLS_0.5/TGD8_LG_preproc_ICA_LG-epo_ar.fif', '/mnt/data/tom.balay/data/Baking_EEG_data/LG_CONTROLS_0.5/TGD8_LG_preproc_ICA_LG-epo.fif', '/mnt/data/tom.balay/data/Baking_EEG_data/LG_CONTROLS_0.5/TGD8_LG_preproc_noICA_LG-epo_ar.fif', '/mnt/data/tom.balay/data/Baking_EEG_data/LG_CONTROLS_0.5/TGD8_LG_preproc_noICA_LG-epo.fif', '/mnt/data/tom.balay/data/Baking_EEG_data/LG_CONTROLS_0.5/TGD8_LG_preproc_ICA_LG-epo_ar.fif']).
2025-07-09 10:50:17,254 - INFO - examples.run_decoding_one_lg - [execute_single_subject_lg_decoding:242] - Detected protocol 'unknown' for subject TGD8
2025-07-09 10:50:17,254 - ERROR - examples.run_decoding_one_lg - [execute_single_subject_lg_decoding:248] - Epochs object loading failed for TGD8. Aborting subject.
2025-07-09 10:50:17,254 - WARNING - examples.run_decoding_one_group_lg - [execute_group_intra_subject_lg_decoding_analysis:141] - Subject TGD8 processing failed or returned invalid results.
2025-07-09 10:50:17,254 - INFO - examples.run_decoding_one_group_lg - [execute_group_intra_subject_lg_decoding_analysis:105] - 
--- LG Group 'CONTROLS_COMA': Processing Subject 15/25: TJL3 ---
2025-07-09 10:50:17,254 - INFO - examples.run_decoding_one_lg - [execute_single_subject_lg_decoding:222] - Starting LG decoding for subject: TJL3 (Group: CONTROLS_COMA, Task Set ID: Group_LG_Intra_CONTROLS_COMA_Subj_TJL3, Classifier: svc, GS: False, CSP: False, ANOVA FS: True, n_jobs: 40)
2025-07-09 10:50:17,255 - INFO - examples.run_decoding_one_lg - [execute_single_subject_lg_decoding:233] - Using LG loading conditions: ['LS_ALL', 'LD_ALL', 'GS_ALL', 'GD_ALL', 'LSGS', 'LSGD', 'LDGS', 'LDGD']
2025-07-09 10:50:17,255 - WARNING - utils.loading_LG_utils - [load_epochs_data_for_lg_decoding:96] - Original group path for 'CONTROLS_COMA' not found for subject 'TJL3'. Subject found in group 'CONTROLS_DELIRIUM'. Using its path convention.
2025-07-09 10:50:17,255 - INFO - utils.loading_LG_utils - [load_epochs_data_for_lg_decoding:172] - Loading LG epoch data for subject 'TJL3' from: /mnt/data/tom.balay/data/Baking_EEG_data/LG_CONTROLS_0.5/TJL3_LG_preproc_noICA_LG-epo_ar.fif
2025-07-09 10:50:21,388 - INFO - utils.loading_LG_utils - [load_epochs_data_for_lg_decoding:183] - LG Event IDs available for TJL3:
2025-07-09 10:50:21,388 - INFO - utils.loading_LG_utils - [load_epochs_data_for_lg_decoding:187] -   - 'LS/GS': 11
2025-07-09 10:50:21,388 - INFO - utils.loading_LG_utils - [load_epochs_data_for_lg_decoding:187] -   - 'LS/GD': 12
2025-07-09 10:50:21,388 - INFO - utils.loading_LG_utils - [load_epochs_data_for_lg_decoding:187] -   - 'LD/GS': 21
2025-07-09 10:50:21,389 - INFO - utils.loading_LG_utils - [load_epochs_data_for_lg_decoding:187] -   - 'LD/GD': 22
2025-07-09 10:50:22,088 - INFO - utils.loading_LG_utils - [load_epochs_data_for_lg_decoding:207] - Processing LG conditions: ['LS_ALL', 'LD_ALL', 'GS_ALL', 'GD_ALL', 'LSGS', 'LSGD', 'LDGS', 'LDGD']
2025-07-09 10:50:23,817 - INFO - utils.loading_LG_utils - [load_epochs_data_for_lg_decoding:304] -   LG Data shapes for 'TJL3': LS_ALL=(327, 124, 801), LD_ALL=(331, 124, 801), GS_ALL=(519, 124, 801), GD_ALL=(139, 124, 801), LSGS=(257, 124, 801), LSGD=(70, 124, 801), LDGS=(262, 124, 801), LDGD=(69, 124, 801). Loaded in 6.56s
2025-07-09 10:50:23,818 - INFO - examples.run_decoding_one_lg - [execute_single_subject_lg_decoding:242] - Detected protocol 'LG_CONTROLS' for subject TJL3
2025-07-09 10:50:23,818 - INFO - examples.run_decoding_one_lg - [execute_single_subject_lg_decoding:283] - --- Starting Main LG Protocol Decoding for TJL3 ---
2025-07-09 10:50:23,818 - INFO - examples.run_decoding_one_lg - [execute_single_subject_lg_decoding:286] -   --- 1. Main LG Decoding (LS vs LD) for TJL3 ---
2025-07-09 10:50:24,303 - INFO - Baking_EEG._4_decoding_core - [run_temporal_decoding_analysis:68] - --- Temporal Ddcoding Analysis ---
2025-07-09 10:50:24,304 - INFO - Baking_EEG._4_decoding_core - [run_temporal_decoding_analysis:69] - Clf: svc, GS: False, CSP (temporal): False, ANOVA FS (temporal): True
2025-07-09 10:50:24,313 - INFO - base.base_decoding - [_build_standard_classifier_pipeline:57] - Pipeline à hyperparamètres fixes: type='svc', CSP: False, ANOVA FS: True
2025-07-09 10:50:24,313 - INFO - base.base_decoding - [_build_standard_classifier_pipeline:68] - DEBUG: add_csp_step type=bool, value=False, bool()=False
2025-07-09 10:50:24,313 - INFO - base.base_decoding - [_build_standard_classifier_pipeline:91] -    Étape ANOVA FS 'anova_feature_selection' ajoutée (percentile fixe=15).
2025-07-09 10:50:24,313 - INFO - base.base_decoding - [_build_standard_classifier_pipeline:123] - Structure finale du pipeline: ['scaler', 'anova_feature_selection', 'svc_classifier']
2025-07-09 10:50:24,313 - INFO - base.base_decoding - [_build_standard_classifier_pipeline:57] - Pipeline à hyperparamètres fixes: type='svc', CSP: False, ANOVA FS: False
2025-07-09 10:50:24,313 - INFO - base.base_decoding - [_build_standard_classifier_pipeline:68] - DEBUG: add_csp_step type=bool, value=False, bool()=False
2025-07-09 10:50:24,314 - INFO - base.base_decoding - [_build_standard_classifier_pipeline:123] - Structure finale du pipeline: ['scaler', 'svc_classifier']
2025-07-09 10:50:24,314 - INFO - Baking_EEG._4_decoding_core - [run_temporal_decoding_analysis:246] - CV strategy: StratifiedKFold with 10 splits.
2025-07-09 10:50:24,314 - INFO - Baking_EEG._4_decoding_core - [run_temporal_decoding_analysis:258] - Sample weights: Auto-calculated per fold (recommended for StratifiedKFold).
2025-07-09 10:50:24,362 - INFO - Baking_EEG._4_decoding_core - [run_temporal_decoding_analysis:294] - MNE Estimators: Using fold-specific balancing via class_weight='balanced' (if supported by classifier).
2025-07-09 10:50:24,362 - INFO - Baking_EEG._4_decoding_core - [run_temporal_decoding_analysis:310] - Starting 1D temporal decoding (SlidingEstimator)...
2025-07-09 10:51:42,206 - INFO - Baking_EEG._4_decoding_core - [run_temporal_decoding_analysis:338] - 1D temporal decoding done. Peak mean AUC: 0.650
2025-07-09 10:51:42,207 - INFO - Baking_EEG._4_decoding_core - [run_temporal_decoding_analysis:379] - TGM computation disabled.
2025-07-09 10:51:42,207 - INFO - Baking_EEG._4_decoding_core - [run_temporal_decoding_analysis:382] - Starting global decoding (n_jobs_folds=40)...
2025-07-09 10:56:00,434 - INFO - Baking_EEG._4_decoding_core - [run_temporal_decoding_analysis:439] - Global decoding done. Mean CV AUC: 0.694 +/- 0.056
2025-07-09 10:56:00,452 - INFO - Baking_EEG._4_decoding_core - [run_temporal_decoding_analysis:478] -   Overall global metrics (aggregated): {'roc_auc': '0.690', 'accuracy': '0.637', 'precision': '0.639', 'recall': '0.640', 'f1_score': '0.640', 'balanced_accuracy': '0.637'}
2025-07-09 10:56:00,452 - INFO - utils.stats_utils - [perform_pointwise_fdr_correction_on_scores:439] - Performing pointwise wilcoxon with FDR correction. Data shape for test (obs, features if any): (10, 801)
2025-07-09 10:56:00,452 - INFO - utils.stats_utils - [perform_pointwise_fdr_correction_on_scores:443] -   Parameters: chance=0.5, alpha=0.05, test_type='wilcoxon', FDR_method='indep', alternative='greater'
2025-07-09 10:56:01,309 - INFO - utils.stats_utils - [perform_pointwise_fdr_correction_on_scores:714] - FDR correction completed. 94 point(s) found significant (p_fdr < 0.05).
2025-07-09 10:56:01,310 - INFO - utils.stats_utils - [perform_cluster_permutation_test:195] - Executing cluster-based permutation test. Data shape (obs, features...): (10, 801)
2025-07-09 10:56:01,310 - INFO - utils.stats_utils - [perform_cluster_permutation_test:199] -   Parameters: n_permutations=1024, threshold_config={'start': 0.1, 'step': 0.1}, alternative='greater' (MNE tail=1), n_jobs=-1
2025-07-09 10:56:01,310 - INFO - utils.stats_utils - [perform_cluster_permutation_test:210] -   Using MNE's default stat_fun (ttest_1samp_no_p) for permutation test.
2025-07-09 10:56:01,310 - INFO - utils.stats_utils - [perform_cluster_permutation_test:242] -   Input data is 2D (features). MNE will use default temporal connectivity inference if applicable.
stat_fun(H1): min=-6.383897 max=7.891162
Running initial clustering …
Using 78 thresholds from 0.10 to 7.80 for TFCE computation (h_power=2.00, e_power=0.50)
Found 801 clusters
2025-07-09 10:56:03,736 - INFO - utils.stats_utils - [perform_cluster_permutation_test:314] - Cluster permutation test completed. 801 initial clusters found (after processing slices).
2025-07-09 10:56:03,737 - INFO - utils.stats_utils - [perform_cluster_permutation_test:338] -   Significant Cluster #453: p-value = 0.0312. Mask shape: (801,), Num True points: 1
2025-07-09 10:56:03,737 - INFO - utils.stats_utils - [perform_cluster_permutation_test:338] -   Significant Cluster #454: p-value = 0.0264. Mask shape: (801,), Num True points: 1
2025-07-09 10:56:03,737 - INFO - utils.stats_utils - [perform_cluster_permutation_test:338] -   Significant Cluster #504: p-value = 0.0146. Mask shape: (801,), Num True points: 1
2025-07-09 10:56:03,737 - INFO - utils.stats_utils - [perform_cluster_permutation_test:338] -   Significant Cluster #505: p-value = 0.0234. Mask shape: (801,), Num True points: 1
2025-07-09 10:56:03,737 - INFO - utils.stats_utils - [perform_cluster_permutation_test:338] -   Significant Cluster #506: p-value = 0.0176. Mask shape: (801,), Num True points: 1
2025-07-09 10:56:03,737 - INFO - utils.stats_utils - [perform_cluster_permutation_test:338] -   Significant Cluster #507: p-value = 0.0391. Mask shape: (801,), Num True points: 1
2025-07-09 10:56:03,737 - INFO - utils.stats_utils - [perform_cluster_permutation_test:338] -   Significant Cluster #508: p-value = 0.0244. Mask shape: (801,), Num True points: 1
2025-07-09 10:56:03,738 - INFO - utils.stats_utils - [perform_cluster_permutation_test:338] -   Significant Cluster #511: p-value = 0.0234. Mask shape: (801,), Num True points: 1
2025-07-09 10:56:03,738 - INFO - utils.stats_utils - [perform_cluster_permutation_test:338] -   Significant Cluster #512: p-value = 0.0391. Mask shape: (801,), Num True points: 1
2025-07-09 10:56:03,738 - INFO - utils.stats_utils - [perform_cluster_permutation_test:338] -   Significant Cluster #513: p-value = 0.0146. Mask shape: (801,), Num True points: 1
2025-07-09 10:56:03,738 - INFO - utils.stats_utils - [perform_cluster_permutation_test:338] -   Significant Cluster #514: p-value = 0.0117. Mask shape: (801,), Num True points: 1
2025-07-09 10:56:03,738 - INFO - utils.stats_utils - [perform_cluster_permutation_test:338] -   Significant Cluster #515: p-value = 0.0225. Mask shape: (801,), Num True points: 1
2025-07-09 10:56:03,738 - INFO - utils.stats_utils - [perform_cluster_permutation_test:338] -   Significant Cluster #516: p-value = 0.0117. Mask shape: (801,), Num True points: 1
2025-07-09 10:56:03,738 - INFO - utils.stats_utils - [perform_cluster_permutation_test:338] -   Significant Cluster #517: p-value = 0.0146. Mask shape: (801,), Num True points: 1
2025-07-09 10:56:03,738 - INFO - utils.stats_utils - [perform_cluster_permutation_test:338] -   Significant Cluster #525: p-value = 0.0264. Mask shape: (801,), Num True points: 1
2025-07-09 10:56:03,741 - INFO - examples.run_decoding_one_lg - [execute_single_subject_lg_decoding:373] - Main LG Decoding for TJL3 DONE. Mean Global AUC: 0.694
2025-07-09 10:56:03,741 - INFO - examples.run_decoding_one_lg - [execute_single_subject_lg_decoding:383] -   --- 1.2. GS vs GD Decoding for TJL3 ---
2025-07-09 10:56:04,014 - INFO - Baking_EEG._4_decoding_core - [run_temporal_decoding_analysis:68] - --- Temporal Ddcoding Analysis ---
2025-07-09 10:56:04,014 - INFO - Baking_EEG._4_decoding_core - [run_temporal_decoding_analysis:69] - Clf: svc, GS: False, CSP (temporal): False, ANOVA FS (temporal): True
2025-07-09 10:56:04,020 - INFO - base.base_decoding - [_build_standard_classifier_pipeline:57] - Pipeline à hyperparamètres fixes: type='svc', CSP: False, ANOVA FS: True
2025-07-09 10:56:04,020 - INFO - base.base_decoding - [_build_standard_classifier_pipeline:68] - DEBUG: add_csp_step type=bool, value=False, bool()=False
2025-07-09 10:56:04,021 - INFO - base.base_decoding - [_build_standard_classifier_pipeline:91] -    Étape ANOVA FS 'anova_feature_selection' ajoutée (percentile fixe=15).
2025-07-09 10:56:04,021 - INFO - base.base_decoding - [_build_standard_classifier_pipeline:123] - Structure finale du pipeline: ['scaler', 'anova_feature_selection', 'svc_classifier']
2025-07-09 10:56:04,021 - INFO - base.base_decoding - [_build_standard_classifier_pipeline:57] - Pipeline à hyperparamètres fixes: type='svc', CSP: False, ANOVA FS: False
2025-07-09 10:56:04,021 - INFO - base.base_decoding - [_build_standard_classifier_pipeline:68] - DEBUG: add_csp_step type=bool, value=False, bool()=False
2025-07-09 10:56:04,021 - INFO - base.base_decoding - [_build_standard_classifier_pipeline:123] - Structure finale du pipeline: ['scaler', 'svc_classifier']
2025-07-09 10:56:04,021 - INFO - Baking_EEG._4_decoding_core - [run_temporal_decoding_analysis:246] - CV strategy: StratifiedKFold with 10 splits.
2025-07-09 10:56:04,021 - INFO - Baking_EEG._4_decoding_core - [run_temporal_decoding_analysis:258] - Sample weights: Auto-calculated per fold (recommended for StratifiedKFold).
2025-07-09 10:56:04,042 - INFO - Baking_EEG._4_decoding_core - [run_temporal_decoding_analysis:294] - MNE Estimators: Using fold-specific balancing via class_weight='balanced' (if supported by classifier).
2025-07-09 10:56:04,043 - INFO - Baking_EEG._4_decoding_core - [run_temporal_decoding_analysis:310] - Starting 1D temporal decoding (SlidingEstimator)...
2025-07-09 10:57:19,079 - INFO - Baking_EEG._4_decoding_core - [run_temporal_decoding_analysis:338] - 1D temporal decoding done. Peak mean AUC: 0.655
2025-07-09 10:57:19,080 - INFO - Baking_EEG._4_decoding_core - [run_temporal_decoding_analysis:379] - TGM computation disabled.
2025-07-09 10:57:19,081 - INFO - Baking_EEG._4_decoding_core - [run_temporal_decoding_analysis:382] - Starting global decoding (n_jobs_folds=40)...
2025-07-09 11:01:28,854 - INFO - Baking_EEG._4_decoding_core - [run_temporal_decoding_analysis:439] - Global decoding done. Mean CV AUC: 0.576 +/- 0.060
2025-07-09 11:01:28,872 - INFO - Baking_EEG._4_decoding_core - [run_temporal_decoding_analysis:478] -   Overall global metrics (aggregated): {'roc_auc': '0.564', 'accuracy': '0.705', 'precision': '0.280', 'recall': '0.252', 'f1_score': '0.265', 'balanced_accuracy': '0.539'}
2025-07-09 11:01:28,872 - INFO - utils.stats_utils - [perform_pointwise_fdr_correction_on_scores:439] - Performing pointwise wilcoxon with FDR correction. Data shape for test (obs, features if any): (10, 801)
2025-07-09 11:01:28,872 - INFO - utils.stats_utils - [perform_pointwise_fdr_correction_on_scores:443] -   Parameters: chance=0.5, alpha=0.05, test_type='wilcoxon', FDR_method='indep', alternative='greater'
2025-07-09 11:01:29,727 - INFO - utils.stats_utils - [perform_pointwise_fdr_correction_on_scores:714] - FDR correction completed. 36 point(s) found significant (p_fdr < 0.05).
2025-07-09 11:01:29,728 - INFO - utils.stats_utils - [perform_cluster_permutation_test:195] - Executing cluster-based permutation test. Data shape (obs, features...): (10, 801)
2025-07-09 11:01:29,728 - INFO - utils.stats_utils - [perform_cluster_permutation_test:199] -   Parameters: n_permutations=1024, threshold_config={'start': 0.1, 'step': 0.1}, alternative='greater' (MNE tail=1), n_jobs=-1
2025-07-09 11:01:29,728 - INFO - utils.stats_utils - [perform_cluster_permutation_test:210] -   Using MNE's default stat_fun (ttest_1samp_no_p) for permutation test.
2025-07-09 11:01:29,728 - INFO - utils.stats_utils - [perform_cluster_permutation_test:242] -   Input data is 2D (features). MNE will use default temporal connectivity inference if applicable.
stat_fun(H1): min=-4.579373 max=7.078169
Running initial clustering …
Using 70 thresholds from 0.10 to 7.00 for TFCE computation (h_power=2.00, e_power=0.50)
Found 801 clusters
2025-07-09 11:01:32,117 - INFO - utils.stats_utils - [perform_cluster_permutation_test:314] - Cluster permutation test completed. 801 initial clusters found (after processing slices).
2025-07-09 11:01:32,118 - INFO - utils.stats_utils - [perform_cluster_permutation_test:338] -   Significant Cluster #463: p-value = 0.0391. Mask shape: (801,), Num True points: 1
2025-07-09 11:01:32,118 - INFO - utils.stats_utils - [perform_cluster_permutation_test:338] -   Significant Cluster #577: p-value = 0.0439. Mask shape: (801,), Num True points: 1
2025-07-09 11:01:32,118 - INFO - utils.stats_utils - [perform_cluster_permutation_test:338] -   Significant Cluster #578: p-value = 0.0244. Mask shape: (801,), Num True points: 1
2025-07-09 11:01:32,120 - INFO - examples.run_decoding_one_lg - [execute_single_subject_lg_decoding:468] - GS vs GD Decoding for TJL3 DONE. Mean Global AUC: 0.576
2025-07-09 11:01:32,120 - INFO - examples.run_decoding_one_lg - [execute_single_subject_lg_decoding:477] -   --- 2. Specific LG Comparisons (e.g. LS/GS vs LS/GD, LD/GS vs LD/GD) for TJL3 ---
2025-07-09 11:01:32,246 - INFO - Baking_EEG._4_decoding_core - [run_temporal_decoding_analysis:68] - --- Temporal Ddcoding Analysis ---
2025-07-09 11:01:32,246 - INFO - Baking_EEG._4_decoding_core - [run_temporal_decoding_analysis:69] - Clf: svc, GS: False, CSP (temporal): False, ANOVA FS (temporal): True
2025-07-09 11:01:32,252 - INFO - base.base_decoding - [_build_standard_classifier_pipeline:57] - Pipeline à hyperparamètres fixes: type='svc', CSP: False, ANOVA FS: True
2025-07-09 11:01:32,252 - INFO - base.base_decoding - [_build_standard_classifier_pipeline:68] - DEBUG: add_csp_step type=bool, value=False, bool()=False
2025-07-09 11:01:32,252 - INFO - base.base_decoding - [_build_standard_classifier_pipeline:91] -    Étape ANOVA FS 'anova_feature_selection' ajoutée (percentile fixe=15).
2025-07-09 11:01:32,252 - INFO - base.base_decoding - [_build_standard_classifier_pipeline:123] - Structure finale du pipeline: ['scaler', 'anova_feature_selection', 'svc_classifier']
2025-07-09 11:01:32,252 - INFO - base.base_decoding - [_build_standard_classifier_pipeline:57] - Pipeline à hyperparamètres fixes: type='svc', CSP: False, ANOVA FS: False
2025-07-09 11:01:32,252 - INFO - base.base_decoding - [_build_standard_classifier_pipeline:68] - DEBUG: add_csp_step type=bool, value=False, bool()=False
2025-07-09 11:01:32,253 - INFO - base.base_decoding - [_build_standard_classifier_pipeline:123] - Structure finale du pipeline: ['scaler', 'svc_classifier']
2025-07-09 11:01:32,253 - INFO - Baking_EEG._4_decoding_core - [run_temporal_decoding_analysis:246] - CV strategy: StratifiedKFold with 10 splits.
2025-07-09 11:01:32,253 - INFO - Baking_EEG._4_decoding_core - [run_temporal_decoding_analysis:258] - Sample weights: Auto-calculated per fold (recommended for StratifiedKFold).
2025-07-09 11:01:32,273 - INFO - Baking_EEG._4_decoding_core - [run_temporal_decoding_analysis:294] - MNE Estimators: Using fold-specific balancing via class_weight='balanced' (if supported by classifier).
2025-07-09 11:01:32,273 - INFO - Baking_EEG._4_decoding_core - [run_temporal_decoding_analysis:310] - Starting 1D temporal decoding (SlidingEstimator)...
2025-07-09 11:02:01,248 - INFO - Baking_EEG._4_decoding_core - [run_temporal_decoding_analysis:338] - 1D temporal decoding done. Peak mean AUC: 0.614
2025-07-09 11:02:01,249 - INFO - Baking_EEG._4_decoding_core - [run_temporal_decoding_analysis:379] - TGM computation disabled.
2025-07-09 11:02:01,249 - INFO - Baking_EEG._4_decoding_core - [run_temporal_decoding_analysis:382] - Starting global decoding (n_jobs_folds=40)...
2025-07-09 11:03:03,211 - INFO - Baking_EEG._4_decoding_core - [run_temporal_decoding_analysis:439] - Global decoding done. Mean CV AUC: 0.515 +/- 0.174
2025-07-09 11:03:03,227 - INFO - Baking_EEG._4_decoding_core - [run_temporal_decoding_analysis:478] -   Overall global metrics (aggregated): {'roc_auc': '0.544', 'accuracy': '0.743', 'precision': '0.348', 'recall': '0.229', 'f1_score': '0.276', 'balanced_accuracy': '0.556'}
2025-07-09 11:03:03,227 - INFO - utils.stats_utils - [perform_pointwise_fdr_correction_on_scores:439] - Performing pointwise wilcoxon with FDR correction. Data shape for test (obs, features if any): (10, 801)
2025-07-09 11:03:03,227 - INFO - utils.stats_utils - [perform_pointwise_fdr_correction_on_scores:443] -   Parameters: chance=0.5, alpha=0.05, test_type='wilcoxon', FDR_method='indep', alternative='greater'
2025-07-09 11:03:04,091 - INFO - utils.stats_utils - [perform_pointwise_fdr_correction_on_scores:714] - FDR correction completed. 0 point(s) found significant (p_fdr < 0.05).
2025-07-09 11:03:04,091 - INFO - utils.stats_utils - [perform_cluster_permutation_test:195] - Executing cluster-based permutation test. Data shape (obs, features...): (10, 801)
2025-07-09 11:03:04,091 - INFO - utils.stats_utils - [perform_cluster_permutation_test:199] -   Parameters: n_permutations=1024, threshold_config={'start': 0.1, 'step': 0.1}, alternative='greater' (MNE tail=1), n_jobs=-1
2025-07-09 11:03:04,091 - INFO - utils.stats_utils - [perform_cluster_permutation_test:210] -   Using MNE's default stat_fun (ttest_1samp_no_p) for permutation test.
2025-07-09 11:03:04,092 - INFO - utils.stats_utils - [perform_cluster_permutation_test:242] -   Input data is 2D (features). MNE will use default temporal connectivity inference if applicable.
stat_fun(H1): min=-8.599782 max=4.532014
Running initial clustering …
Using 45 thresholds from 0.10 to 4.50 for TFCE computation (h_power=2.00, e_power=0.50)
Found 801 clusters
2025-07-09 11:03:05,362 - INFO - utils.stats_utils - [perform_cluster_permutation_test:314] - Cluster permutation test completed. 801 initial clusters found (after processing slices).
2025-07-09 11:03:05,363 - INFO - utils.stats_utils - [perform_cluster_permutation_test:344] - No clusters found to be statistically significant (p < 0.05).
2025-07-09 11:03:05,365 - INFO - examples.run_decoding_one_lg - [execute_single_subject_lg_decoding:598] -   Specific LG task 'Local Standard: Global Standard vs Global Deviant' for TJL3: Peak AUC = 0.614
2025-07-09 11:03:05,491 - INFO - Baking_EEG._4_decoding_core - [run_temporal_decoding_analysis:68] - --- Temporal Ddcoding Analysis ---
2025-07-09 11:03:05,491 - INFO - Baking_EEG._4_decoding_core - [run_temporal_decoding_analysis:69] - Clf: svc, GS: False, CSP (temporal): False, ANOVA FS (temporal): True
2025-07-09 11:03:05,494 - INFO - base.base_decoding - [_build_standard_classifier_pipeline:57] - Pipeline à hyperparamètres fixes: type='svc', CSP: False, ANOVA FS: True
2025-07-09 11:03:05,494 - INFO - base.base_decoding - [_build_standard_classifier_pipeline:68] - DEBUG: add_csp_step type=bool, value=False, bool()=False
2025-07-09 11:03:05,494 - INFO - base.base_decoding - [_build_standard_classifier_pipeline:91] -    Étape ANOVA FS 'anova_feature_selection' ajoutée (percentile fixe=15).
2025-07-09 11:03:05,495 - INFO - base.base_decoding - [_build_standard_classifier_pipeline:123] - Structure finale du pipeline: ['scaler', 'anova_feature_selection', 'svc_classifier']
2025-07-09 11:03:05,495 - INFO - base.base_decoding - [_build_standard_classifier_pipeline:57] - Pipeline à hyperparamètres fixes: type='svc', CSP: False, ANOVA FS: False
2025-07-09 11:03:05,495 - INFO - base.base_decoding - [_build_standard_classifier_pipeline:68] - DEBUG: add_csp_step type=bool, value=False, bool()=False
2025-07-09 11:03:05,495 - INFO - base.base_decoding - [_build_standard_classifier_pipeline:123] - Structure finale du pipeline: ['scaler', 'svc_classifier']
2025-07-09 11:03:05,495 - INFO - Baking_EEG._4_decoding_core - [run_temporal_decoding_analysis:246] - CV strategy: StratifiedKFold with 10 splits.
2025-07-09 11:03:05,495 - INFO - Baking_EEG._4_decoding_core - [run_temporal_decoding_analysis:258] - Sample weights: Auto-calculated per fold (recommended for StratifiedKFold).
2025-07-09 11:03:05,516 - INFO - Baking_EEG._4_decoding_core - [run_temporal_decoding_analysis:294] - MNE Estimators: Using fold-specific balancing via class_weight='balanced' (if supported by classifier).
2025-07-09 11:03:05,517 - INFO - Baking_EEG._4_decoding_core - [run_temporal_decoding_analysis:310] - Starting 1D temporal decoding (SlidingEstimator)...
2025-07-09 11:03:36,047 - INFO - Baking_EEG._4_decoding_core - [run_temporal_decoding_analysis:338] - 1D temporal decoding done. Peak mean AUC: 0.743
2025-07-09 11:03:36,047 - INFO - Baking_EEG._4_decoding_core - [run_temporal_decoding_analysis:379] - TGM computation disabled.
2025-07-09 11:03:36,047 - INFO - Baking_EEG._4_decoding_core - [run_temporal_decoding_analysis:382] - Starting global decoding (n_jobs_folds=40)...
2025-07-09 11:04:42,027 - INFO - Baking_EEG._4_decoding_core - [run_temporal_decoding_analysis:439] - Global decoding done. Mean CV AUC: 0.638 +/- 0.126
2025-07-09 11:04:42,044 - INFO - Baking_EEG._4_decoding_core - [run_temporal_decoding_analysis:478] -   Overall global metrics (aggregated): {'roc_auc': '0.627', 'accuracy': '0.749', 'precision': '0.365', 'recall': '0.275', 'f1_score': '0.314', 'balanced_accuracy': '0.575'}
2025-07-09 11:04:42,044 - INFO - utils.stats_utils - [perform_pointwise_fdr_correction_on_scores:439] - Performing pointwise wilcoxon with FDR correction. Data shape for test (obs, features if any): (10, 801)
2025-07-09 11:04:42,044 - INFO - utils.stats_utils - [perform_pointwise_fdr_correction_on_scores:443] -   Parameters: chance=0.5, alpha=0.05, test_type='wilcoxon', FDR_method='indep', alternative='greater'
2025-07-09 11:04:42,906 - INFO - utils.stats_utils - [perform_pointwise_fdr_correction_on_scores:714] - FDR correction completed. 20 point(s) found significant (p_fdr < 0.05).
2025-07-09 11:04:42,906 - INFO - utils.stats_utils - [perform_cluster_permutation_test:195] - Executing cluster-based permutation test. Data shape (obs, features...): (10, 801)
2025-07-09 11:04:42,906 - INFO - utils.stats_utils - [perform_cluster_permutation_test:199] -   Parameters: n_permutations=1024, threshold_config={'start': 0.1, 'step': 0.1}, alternative='greater' (MNE tail=1), n_jobs=-1
2025-07-09 11:04:42,906 - INFO - utils.stats_utils - [perform_cluster_permutation_test:210] -   Using MNE's default stat_fun (ttest_1samp_no_p) for permutation test.
2025-07-09 11:04:42,906 - INFO - utils.stats_utils - [perform_cluster_permutation_test:242] -   Input data is 2D (features). MNE will use default temporal connectivity inference if applicable.
stat_fun(H1): min=-3.756584 max=8.900402
Running initial clustering …
Using 89 thresholds from 0.10 to 8.90 for TFCE computation (h_power=2.00, e_power=0.50)
Found 801 clusters
2025-07-09 11:04:44,287 - INFO - utils.stats_utils - [perform_cluster_permutation_test:314] - Cluster permutation test completed. 801 initial clusters found (after processing slices).
2025-07-09 11:04:44,288 - INFO - utils.stats_utils - [perform_cluster_permutation_test:338] -   Significant Cluster #469: p-value = 0.0410. Mask shape: (801,), Num True points: 1
2025-07-09 11:04:44,288 - INFO - utils.stats_utils - [perform_cluster_permutation_test:338] -   Significant Cluster #470: p-value = 0.0059. Mask shape: (801,), Num True points: 1
2025-07-09 11:04:44,288 - INFO - utils.stats_utils - [perform_cluster_permutation_test:338] -   Significant Cluster #471: p-value = 0.0215. Mask shape: (801,), Num True points: 1
2025-07-09 11:04:44,288 - INFO - utils.stats_utils - [perform_cluster_permutation_test:338] -   Significant Cluster #472: p-value = 0.0449. Mask shape: (801,), Num True points: 1
2025-07-09 11:04:44,288 - INFO - utils.stats_utils - [perform_cluster_permutation_test:338] -   Significant Cluster #579: p-value = 0.0029. Mask shape: (801,), Num True points: 1
2025-07-09 11:04:44,289 - INFO - utils.stats_utils - [perform_cluster_permutation_test:338] -   Significant Cluster #580: p-value = 0.0029. Mask shape: (801,), Num True points: 1
2025-07-09 11:04:44,291 - INFO - examples.run_decoding_one_lg - [execute_single_subject_lg_decoding:598] -   Specific LG task 'Local Deviant: Global Standard vs Global Deviant' for TJL3: Peak AUC = 0.743
2025-07-09 11:04:44,583 - INFO - Baking_EEG._4_decoding_core - [run_temporal_decoding_analysis:68] - --- Temporal Ddcoding Analysis ---
2025-07-09 11:04:44,584 - INFO - Baking_EEG._4_decoding_core - [run_temporal_decoding_analysis:69] - Clf: svc, GS: False, CSP (temporal): False, ANOVA FS (temporal): True
2025-07-09 11:04:44,587 - INFO - base.base_decoding - [_build_standard_classifier_pipeline:57] - Pipeline à hyperparamètres fixes: type='svc', CSP: False, ANOVA FS: True
2025-07-09 11:04:44,587 - INFO - base.base_decoding - [_build_standard_classifier_pipeline:68] - DEBUG: add_csp_step type=bool, value=False, bool()=False
2025-07-09 11:04:44,587 - INFO - base.base_decoding - [_build_standard_classifier_pipeline:91] -    Étape ANOVA FS 'anova_feature_selection' ajoutée (percentile fixe=15).
2025-07-09 11:04:44,587 - INFO - base.base_decoding - [_build_standard_classifier_pipeline:123] - Structure finale du pipeline: ['scaler', 'anova_feature_selection', 'svc_classifier']
2025-07-09 11:04:44,588 - INFO - base.base_decoding - [_build_standard_classifier_pipeline:57] - Pipeline à hyperparamètres fixes: type='svc', CSP: False, ANOVA FS: False
2025-07-09 11:04:44,588 - INFO - base.base_decoding - [_build_standard_classifier_pipeline:68] - DEBUG: add_csp_step type=bool, value=False, bool()=False
2025-07-09 11:04:44,588 - INFO - base.base_decoding - [_build_standard_classifier_pipeline:123] - Structure finale du pipeline: ['scaler', 'svc_classifier']
2025-07-09 11:04:44,588 - INFO - Baking_EEG._4_decoding_core - [run_temporal_decoding_analysis:246] - CV strategy: StratifiedKFold with 10 splits.
2025-07-09 11:04:44,588 - INFO - Baking_EEG._4_decoding_core - [run_temporal_decoding_analysis:258] - Sample weights: Auto-calculated per fold (recommended for StratifiedKFold).
2025-07-09 11:04:44,606 - INFO - Baking_EEG._4_decoding_core - [run_temporal_decoding_analysis:294] - MNE Estimators: Using fold-specific balancing via class_weight='balanced' (if supported by classifier).
2025-07-09 11:04:44,606 - INFO - Baking_EEG._4_decoding_core - [run_temporal_decoding_analysis:310] - Starting 1D temporal decoding (SlidingEstimator)...
2025-07-09 11:05:37,900 - INFO - Baking_EEG._4_decoding_core - [run_temporal_decoding_analysis:338] - 1D temporal decoding done. Peak mean AUC: 0.662
2025-07-09 11:05:37,900 - INFO - Baking_EEG._4_decoding_core - [run_temporal_decoding_analysis:379] - TGM computation disabled.
2025-07-09 11:05:37,900 - INFO - Baking_EEG._4_decoding_core - [run_temporal_decoding_analysis:382] - Starting global decoding (n_jobs_folds=40)...
2025-07-09 11:08:29,959 - INFO - Baking_EEG._4_decoding_core - [run_temporal_decoding_analysis:439] - Global decoding done. Mean CV AUC: 0.644 +/- 0.056
2025-07-09 11:08:29,975 - INFO - Baking_EEG._4_decoding_core - [run_temporal_decoding_analysis:478] -   Overall global metrics (aggregated): {'roc_auc': '0.635', 'accuracy': '0.613', 'precision': '0.609', 'recall': '0.649', 'f1_score': '0.628', 'balanced_accuracy': '0.612'}
2025-07-09 11:08:29,976 - INFO - utils.stats_utils - [perform_pointwise_fdr_correction_on_scores:439] - Performing pointwise wilcoxon with FDR correction. Data shape for test (obs, features if any): (10, 801)
2025-07-09 11:08:29,976 - INFO - utils.stats_utils - [perform_pointwise_fdr_correction_on_scores:443] -   Parameters: chance=0.5, alpha=0.05, test_type='wilcoxon', FDR_method='indep', alternative='greater'
2025-07-09 11:08:30,828 - INFO - utils.stats_utils - [perform_pointwise_fdr_correction_on_scores:714] - FDR correction completed. 84 point(s) found significant (p_fdr < 0.05).
2025-07-09 11:08:30,828 - INFO - utils.stats_utils - [perform_cluster_permutation_test:195] - Executing cluster-based permutation test. Data shape (obs, features...): (10, 801)
2025-07-09 11:08:30,828 - INFO - utils.stats_utils - [perform_cluster_permutation_test:199] -   Parameters: n_permutations=1024, threshold_config={'start': 0.1, 'step': 0.1}, alternative='greater' (MNE tail=1), n_jobs=-1
2025-07-09 11:08:30,828 - INFO - utils.stats_utils - [perform_cluster_permutation_test:210] -   Using MNE's default stat_fun (ttest_1samp_no_p) for permutation test.
2025-07-09 11:08:30,828 - INFO - utils.stats_utils - [perform_cluster_permutation_test:242] -   Input data is 2D (features). MNE will use default temporal connectivity inference if applicable.
stat_fun(H1): min=-6.116127 max=8.910175
Running initial clustering …
Using 89 thresholds from 0.10 to 8.90 for TFCE computation (h_power=2.00, e_power=0.50)
Found 801 clusters
2025-07-09 11:08:32,172 - INFO - utils.stats_utils - [perform_cluster_permutation_test:314] - Cluster permutation test completed. 801 initial clusters found (after processing slices).
2025-07-09 11:08:32,173 - INFO - utils.stats_utils - [perform_cluster_permutation_test:338] -   Significant Cluster #452: p-value = 0.0469. Mask shape: (801,), Num True points: 1
2025-07-09 11:08:32,173 - INFO - utils.stats_utils - [perform_cluster_permutation_test:338] -   Significant Cluster #453: p-value = 0.0283. Mask shape: (801,), Num True points: 1
2025-07-09 11:08:32,173 - INFO - utils.stats_utils - [perform_cluster_permutation_test:338] -   Significant Cluster #454: p-value = 0.0127. Mask shape: (801,), Num True points: 1
2025-07-09 11:08:32,173 - INFO - utils.stats_utils - [perform_cluster_permutation_test:338] -   Significant Cluster #455: p-value = 0.0244. Mask shape: (801,), Num True points: 1
2025-07-09 11:08:32,173 - INFO - utils.stats_utils - [perform_cluster_permutation_test:338] -   Significant Cluster #456: p-value = 0.0264. Mask shape: (801,), Num True points: 1
2025-07-09 11:08:32,173 - INFO - utils.stats_utils - [perform_cluster_permutation_test:338] -   Significant Cluster #457: p-value = 0.0381. Mask shape: (801,), Num True points: 1
2025-07-09 11:08:32,174 - INFO - utils.stats_utils - [perform_cluster_permutation_test:338] -   Significant Cluster #474: p-value = 0.0283. Mask shape: (801,), Num True points: 1
2025-07-09 11:08:32,174 - INFO - utils.stats_utils - [perform_cluster_permutation_test:338] -   Significant Cluster #475: p-value = 0.0410. Mask shape: (801,), Num True points: 1
2025-07-09 11:08:32,174 - INFO - utils.stats_utils - [perform_cluster_permutation_test:338] -   Significant Cluster #490: p-value = 0.0381. Mask shape: (801,), Num True points: 1
2025-07-09 11:08:32,174 - INFO - utils.stats_utils - [perform_cluster_permutation_test:338] -   Significant Cluster #492: p-value = 0.0264. Mask shape: (801,), Num True points: 1
2025-07-09 11:08:32,174 - INFO - utils.stats_utils - [perform_cluster_permutation_test:338] -   Significant Cluster #493: p-value = 0.0059. Mask shape: (801,), Num True points: 1
2025-07-09 11:08:32,174 - INFO - utils.stats_utils - [perform_cluster_permutation_test:338] -   Significant Cluster #494: p-value = 0.0225. Mask shape: (801,), Num True points: 1
2025-07-09 11:08:32,174 - INFO - utils.stats_utils - [perform_cluster_permutation_test:338] -   Significant Cluster #495: p-value = 0.0225. Mask shape: (801,), Num True points: 1
2025-07-09 11:08:32,176 - INFO - examples.run_decoding_one_lg - [execute_single_subject_lg_decoding:598] -   Specific LG task 'Global Standard: Local Standard vs Local Deviant' for TJL3: Peak AUC = 0.662
2025-07-09 11:08:32,233 - INFO - Baking_EEG._4_decoding_core - [run_temporal_decoding_analysis:68] - --- Temporal Ddcoding Analysis ---
2025-07-09 11:08:32,233 - INFO - Baking_EEG._4_decoding_core - [run_temporal_decoding_analysis:69] - Clf: svc, GS: False, CSP (temporal): False, ANOVA FS (temporal): True
2025-07-09 11:08:32,236 - INFO - base.base_decoding - [_build_standard_classifier_pipeline:57] - Pipeline à hyperparamètres fixes: type='svc', CSP: False, ANOVA FS: True
2025-07-09 11:08:32,237 - INFO - base.base_decoding - [_build_standard_classifier_pipeline:68] - DEBUG: add_csp_step type=bool, value=False, bool()=False
2025-07-09 11:08:32,237 - INFO - base.base_decoding - [_build_standard_classifier_pipeline:91] -    Étape ANOVA FS 'anova_feature_selection' ajoutée (percentile fixe=15).
2025-07-09 11:08:32,237 - INFO - base.base_decoding - [_build_standard_classifier_pipeline:123] - Structure finale du pipeline: ['scaler', 'anova_feature_selection', 'svc_classifier']
2025-07-09 11:08:32,237 - INFO - base.base_decoding - [_build_standard_classifier_pipeline:57] - Pipeline à hyperparamètres fixes: type='svc', CSP: False, ANOVA FS: False
2025-07-09 11:08:32,237 - INFO - base.base_decoding - [_build_standard_classifier_pipeline:68] - DEBUG: add_csp_step type=bool, value=False, bool()=False
2025-07-09 11:08:32,237 - INFO - base.base_decoding - [_build_standard_classifier_pipeline:123] - Structure finale du pipeline: ['scaler', 'svc_classifier']
2025-07-09 11:08:32,237 - INFO - Baking_EEG._4_decoding_core - [run_temporal_decoding_analysis:246] - CV strategy: StratifiedKFold with 10 splits.
2025-07-09 11:08:32,237 - INFO - Baking_EEG._4_decoding_core - [run_temporal_decoding_analysis:258] - Sample weights: Auto-calculated per fold (recommended for StratifiedKFold).
2025-07-09 11:08:32,257 - INFO - Baking_EEG._4_decoding_core - [run_temporal_decoding_analysis:294] - MNE Estimators: Using fold-specific balancing via class_weight='balanced' (if supported by classifier).
2025-07-09 11:08:32,257 - INFO - Baking_EEG._4_decoding_core - [run_temporal_decoding_analysis:310] - Starting 1D temporal decoding (SlidingEstimator)...
2025-07-09 11:08:46,901 - INFO - Baking_EEG._4_decoding_core - [run_temporal_decoding_analysis:338] - 1D temporal decoding done. Peak mean AUC: 0.710
2025-07-09 11:08:46,902 - INFO - Baking_EEG._4_decoding_core - [run_temporal_decoding_analysis:379] - TGM computation disabled.
2025-07-09 11:08:46,902 - INFO - Baking_EEG._4_decoding_core - [run_temporal_decoding_analysis:382] - Starting global decoding (n_jobs_folds=40)...
2025-07-09 11:09:00,255 - INFO - Baking_EEG._4_decoding_core - [run_temporal_decoding_analysis:439] - Global decoding done. Mean CV AUC: 0.762 +/- 0.106
2025-07-09 11:09:00,270 - INFO - Baking_EEG._4_decoding_core - [run_temporal_decoding_analysis:478] -   Overall global metrics (aggregated): {'roc_auc': '0.756', 'accuracy': '0.698', 'precision': '0.708', 'recall': '0.667', 'f1_score': '0.687', 'balanced_accuracy': '0.698'}
2025-07-09 11:09:00,270 - INFO - utils.stats_utils - [perform_pointwise_fdr_correction_on_scores:439] - Performing pointwise wilcoxon with FDR correction. Data shape for test (obs, features if any): (10, 801)
2025-07-09 11:09:00,271 - INFO - utils.stats_utils - [perform_pointwise_fdr_correction_on_scores:443] -   Parameters: chance=0.5, alpha=0.05, test_type='wilcoxon', FDR_method='indep', alternative='greater'
2025-07-09 11:09:01,123 - INFO - utils.stats_utils - [perform_pointwise_fdr_correction_on_scores:714] - FDR correction completed. 0 point(s) found significant (p_fdr < 0.05).
2025-07-09 11:09:01,124 - INFO - utils.stats_utils - [perform_cluster_permutation_test:195] - Executing cluster-based permutation test. Data shape (obs, features...): (10, 801)
2025-07-09 11:09:01,124 - INFO - utils.stats_utils - [perform_cluster_permutation_test:199] -   Parameters: n_permutations=1024, threshold_config={'start': 0.1, 'step': 0.1}, alternative='greater' (MNE tail=1), n_jobs=-1
2025-07-09 11:09:01,124 - INFO - utils.stats_utils - [perform_cluster_permutation_test:210] -   Using MNE's default stat_fun (ttest_1samp_no_p) for permutation test.
2025-07-09 11:09:01,124 - INFO - utils.stats_utils - [perform_cluster_permutation_test:242] -   Input data is 2D (features). MNE will use default temporal connectivity inference if applicable.
stat_fun(H1): min=-7.008897 max=5.738828
Running initial clustering …
Using 57 thresholds from 0.10 to 5.70 for TFCE computation (h_power=2.00, e_power=0.50)
Found 801 clusters
2025-07-09 11:09:02,390 - INFO - utils.stats_utils - [perform_cluster_permutation_test:314] - Cluster permutation test completed. 801 initial clusters found (after processing slices).
2025-07-09 11:09:02,390 - INFO - utils.stats_utils - [perform_cluster_permutation_test:344] - No clusters found to be statistically significant (p < 0.05).
2025-07-09 11:09:02,392 - INFO - examples.run_decoding_one_lg - [execute_single_subject_lg_decoding:598] -   Specific LG task 'Global Deviant: Local Standard vs Local Deviant' for TJL3: Peak AUC = 0.710
2025-07-09 11:09:02,392 - INFO - examples.run_decoding_one_lg - [execute_single_subject_lg_decoding:613] -   --- Specific LG Comparisons for TJL3 DONE ---
2025-07-09 11:09:02,392 - INFO - examples.run_decoding_one_lg - [execute_single_subject_lg_decoding:620] -   --- 3. Stats on stack of Specific LG Curves for TJL3 ---
2025-07-09 11:09:02,394 - INFO - utils.stats_utils - [perform_pointwise_fdr_correction_on_scores:439] - Performing pointwise wilcoxon with FDR correction. Data shape for test (obs, features if any): (4, 801)
2025-07-09 11:09:02,394 - INFO - utils.stats_utils - [perform_pointwise_fdr_correction_on_scores:443] -   Parameters: chance=0.5, alpha=0.05, test_type='wilcoxon', FDR_method='indep', alternative='greater'
2025-07-09 11:09:03,178 - INFO - utils.stats_utils - [perform_pointwise_fdr_correction_on_scores:714] - FDR correction completed. 0 point(s) found significant (p_fdr < 0.05).
2025-07-09 11:09:03,178 - INFO - utils.stats_utils - [perform_cluster_permutation_test:195] - Executing cluster-based permutation test. Data shape (obs, features...): (4, 801)
2025-07-09 11:09:03,178 - INFO - utils.stats_utils - [perform_cluster_permutation_test:199] -   Parameters: n_permutations=1024, threshold_config={'start': 0.1, 'step': 0.1}, alternative='greater' (MNE tail=1), n_jobs=40
2025-07-09 11:09:03,178 - INFO - utils.stats_utils - [perform_cluster_permutation_test:210] -   Using MNE's default stat_fun (ttest_1samp_no_p) for permutation test.
2025-07-09 11:09:03,179 - INFO - utils.stats_utils - [perform_cluster_permutation_test:242] -   Input data is 2D (features). MNE will use default temporal connectivity inference if applicable.
stat_fun(H1): min=-9.736594 max=35.646774
Running initial clustering …
Using 356 thresholds from 0.10 to 35.60 for TFCE computation (h_power=2.00, e_power=0.50)
Found 801 clusters
2025-07-09 11:09:03,953 - INFO - utils.stats_utils - [perform_cluster_permutation_test:314] - Cluster permutation test completed. 801 initial clusters found (after processing slices).
2025-07-09 11:09:03,953 - INFO - utils.stats_utils - [perform_cluster_permutation_test:344] - No clusters found to be statistically significant (p < 0.05).
2025-07-09 11:09:03,954 - INFO - examples.run_decoding_one_lg - [execute_single_subject_lg_decoding:684] -   --- Stats on stack of Specific LG Curves for TJL3 DONE ---
2025-07-09 11:09:03,957 - INFO - utils.utils - [setup_analysis_results_directory:329] - Created analysis results directory: /home/tom.balay/results/Baking_EEG_results_V15/intra_subject_lg_results/CONTROLS_COMA_LG_CONTROLS/TJL3_Group_LG_Intra_CONTROLS_COMA_Subj_TJL3_svc/20250709_110903
2025-07-09 11:09:03,957 - INFO - utils.utils - [setup_analysis_results_directory:337] - Organized by Group: CONTROLS, Protocol: COMA_LG_CONTROLS
2025-07-09 11:09:04,743 - INFO - examples.run_decoding_one_lg - [execute_single_subject_lg_decoding:785] - LG Results saved for subject TJL3 in /home/tom.balay/results/Baking_EEG_results_V15/intra_subject_lg_results/CONTROLS_COMA_LG_CONTROLS/TJL3_Group_LG_Intra_CONTROLS_COMA_Subj_TJL3_svc/20250709_110903
2025-07-09 11:09:04,744 - INFO - examples.run_decoding_one_lg - [execute_single_subject_lg_decoding:939] - Finished processing LG for subject TJL3 (Task Set ID: Group_LG_Intra_CONTROLS_COMA_Subj_TJL3). Total time: 1127.49s
2025-07-09 11:09:04,756 - INFO - examples.run_decoding_one_group_lg - [execute_group_intra_subject_lg_decoding_analysis:137] - Subject TJL3 processed successfully. LG AUC: 0.694
2025-07-09 11:09:04,756 - INFO - examples.run_decoding_one_group_lg - [execute_group_intra_subject_lg_decoding_analysis:105] - 
--- LG Group 'CONTROLS_COMA': Processing Subject 16/25: TNC11 ---
2025-07-09 11:09:04,756 - INFO - examples.run_decoding_one_lg - [execute_single_subject_lg_decoding:222] - Starting LG decoding for subject: TNC11 (Group: CONTROLS_COMA, Task Set ID: Group_LG_Intra_CONTROLS_COMA_Subj_TNC11, Classifier: svc, GS: False, CSP: False, ANOVA FS: True, n_jobs: 40)
2025-07-09 11:09:04,756 - INFO - examples.run_decoding_one_lg - [execute_single_subject_lg_decoding:233] - Using LG loading conditions: ['LS_ALL', 'LD_ALL', 'GS_ALL', 'GD_ALL', 'LSGS', 'LSGD', 'LDGS', 'LDGD']
2025-07-09 11:09:04,757 - WARNING - utils.loading_LG_utils - [load_epochs_data_for_lg_decoding:96] - Original group path for 'CONTROLS_COMA' not found for subject 'TNC11'. Subject found in group 'CONTROLS_COMA'. Using its path convention.
2025-07-09 11:09:04,758 - ERROR - utils.loading_LG_utils - [load_epochs_data_for_lg_decoding:163] - No preprocessed LG epoch FIF file found for 'TNC11' in '/mnt/data/tom.balay/data/Baking_EEG_data/LG_CONTROLS_0.5'. Checked 8 candidates (first 5: ['/mnt/data/tom.balay/data/Baking_EEG_data/LG_CONTROLS_0.5/TNC11_LG_preproc_ICA_LG-epo_ar.fif', '/mnt/data/tom.balay/data/Baking_EEG_data/LG_CONTROLS_0.5/TNC11_LG_preproc_ICA_LG-epo.fif', '/mnt/data/tom.balay/data/Baking_EEG_data/LG_CONTROLS_0.5/TNC11_LG_preproc_noICA_LG-epo_ar.fif', '/mnt/data/tom.balay/data/Baking_EEG_data/LG_CONTROLS_0.5/TNC11_LG_preproc_noICA_LG-epo.fif', '/mnt/data/tom.balay/data/Baking_EEG_data/LG_CONTROLS_0.5/TNC11_LG_preproc_ICA_LG-epo_ar.fif']).
2025-07-09 11:09:04,758 - INFO - examples.run_decoding_one_lg - [execute_single_subject_lg_decoding:242] - Detected protocol 'unknown' for subject TNC11
2025-07-09 11:09:04,758 - ERROR - examples.run_decoding_one_lg - [execute_single_subject_lg_decoding:248] - Epochs object loading failed for TNC11. Aborting subject.
2025-07-09 11:09:04,759 - WARNING - examples.run_decoding_one_group_lg - [execute_group_intra_subject_lg_decoding_analysis:141] - Subject TNC11 processing failed or returned invalid results.
2025-07-09 11:09:04,759 - INFO - examples.run_decoding_one_group_lg - [execute_group_intra_subject_lg_decoding_analysis:105] - 
--- LG Group 'CONTROLS_COMA': Processing Subject 17/25: TSS4 ---
2025-07-09 11:09:04,759 - INFO - examples.run_decoding_one_lg - [execute_single_subject_lg_decoding:222] - Starting LG decoding for subject: TSS4 (Group: CONTROLS_COMA, Task Set ID: Group_LG_Intra_CONTROLS_COMA_Subj_TSS4, Classifier: svc, GS: False, CSP: False, ANOVA FS: True, n_jobs: 40)
2025-07-09 11:09:04,759 - INFO - examples.run_decoding_one_lg - [execute_single_subject_lg_decoding:233] - Using LG loading conditions: ['LS_ALL', 'LD_ALL', 'GS_ALL', 'GD_ALL', 'LSGS', 'LSGD', 'LDGS', 'LDGD']
2025-07-09 11:09:04,759 - WARNING - utils.loading_LG_utils - [load_epochs_data_for_lg_decoding:96] - Original group path for 'CONTROLS_COMA' not found for subject 'TSS4'. Subject found in group 'CONTROLS_COMA'. Using its path convention.
2025-07-09 11:09:04,760 - ERROR - utils.loading_LG_utils - [load_epochs_data_for_lg_decoding:163] - No preprocessed LG epoch FIF file found for 'TSS4' in '/mnt/data/tom.balay/data/Baking_EEG_data/LG_CONTROLS_0.5'. Checked 8 candidates (first 5: ['/mnt/data/tom.balay/data/Baking_EEG_data/LG_CONTROLS_0.5/TSS4_LG_preproc_ICA_LG-epo_ar.fif', '/mnt/data/tom.balay/data/Baking_EEG_data/LG_CONTROLS_0.5/TSS4_LG_preproc_ICA_LG-epo.fif', '/mnt/data/tom.balay/data/Baking_EEG_data/LG_CONTROLS_0.5/TSS4_LG_preproc_noICA_LG-epo_ar.fif', '/mnt/data/tom.balay/data/Baking_EEG_data/LG_CONTROLS_0.5/TSS4_LG_preproc_noICA_LG-epo.fif', '/mnt/data/tom.balay/data/Baking_EEG_data/LG_CONTROLS_0.5/TSS4_LG_preproc_ICA_LG-epo_ar.fif']).
2025-07-09 11:09:04,760 - INFO - examples.run_decoding_one_lg - [execute_single_subject_lg_decoding:242] - Detected protocol 'unknown' for subject TSS4
2025-07-09 11:09:04,760 - ERROR - examples.run_decoding_one_lg - [execute_single_subject_lg_decoding:248] - Epochs object loading failed for TSS4. Aborting subject.
2025-07-09 11:09:04,760 - WARNING - examples.run_decoding_one_group_lg - [execute_group_intra_subject_lg_decoding_analysis:141] - Subject TSS4 processing failed or returned invalid results.
2025-07-09 11:09:04,760 - INFO - examples.run_decoding_one_group_lg - [execute_group_intra_subject_lg_decoding_analysis:105] - 
--- LG Group 'CONTROLS_COMA': Processing Subject 18/25: TTV2 ---
2025-07-09 11:09:04,760 - INFO - examples.run_decoding_one_lg - [execute_single_subject_lg_decoding:222] - Starting LG decoding for subject: TTV2 (Group: CONTROLS_COMA, Task Set ID: Group_LG_Intra_CONTROLS_COMA_Subj_TTV2, Classifier: svc, GS: False, CSP: False, ANOVA FS: True, n_jobs: 40)
2025-07-09 11:09:04,760 - INFO - examples.run_decoding_one_lg - [execute_single_subject_lg_decoding:233] - Using LG loading conditions: ['LS_ALL', 'LD_ALL', 'GS_ALL', 'GD_ALL', 'LSGS', 'LSGD', 'LDGS', 'LDGD']
2025-07-09 11:09:04,760 - WARNING - utils.loading_LG_utils - [load_epochs_data_for_lg_decoding:96] - Original group path for 'CONTROLS_COMA' not found for subject 'TTV2'. Subject found in group 'CONTROLS_COMA'. Using its path convention.
2025-07-09 11:09:04,761 - ERROR - utils.loading_LG_utils - [load_epochs_data_for_lg_decoding:163] - No preprocessed LG epoch FIF file found for 'TTV2' in '/mnt/data/tom.balay/data/Baking_EEG_data/LG_CONTROLS_0.5'. Checked 8 candidates (first 5: ['/mnt/data/tom.balay/data/Baking_EEG_data/LG_CONTROLS_0.5/TTV2_LG_preproc_ICA_LG-epo_ar.fif', '/mnt/data/tom.balay/data/Baking_EEG_data/LG_CONTROLS_0.5/TTV2_LG_preproc_ICA_LG-epo.fif', '/mnt/data/tom.balay/data/Baking_EEG_data/LG_CONTROLS_0.5/TTV2_LG_preproc_noICA_LG-epo_ar.fif', '/mnt/data/tom.balay/data/Baking_EEG_data/LG_CONTROLS_0.5/TTV2_LG_preproc_noICA_LG-epo.fif', '/mnt/data/tom.balay/data/Baking_EEG_data/LG_CONTROLS_0.5/TTV2_LG_preproc_ICA_LG-epo_ar.fif']).
2025-07-09 11:09:04,761 - INFO - examples.run_decoding_one_lg - [execute_single_subject_lg_decoding:242] - Detected protocol 'unknown' for subject TTV2
2025-07-09 11:09:04,761 - ERROR - examples.run_decoding_one_lg - [execute_single_subject_lg_decoding:248] - Epochs object loading failed for TTV2. Aborting subject.
2025-07-09 11:09:04,761 - WARNING - examples.run_decoding_one_group_lg - [execute_group_intra_subject_lg_decoding_analysis:141] - Subject TTV2 processing failed or returned invalid results.
2025-07-09 11:09:04,761 - INFO - examples.run_decoding_one_group_lg - [execute_group_intra_subject_lg_decoding_analysis:105] - 
--- LG Group 'CONTROLS_COMA': Processing Subject 19/25: TVM10 ---
2025-07-09 11:09:04,762 - INFO - examples.run_decoding_one_lg - [execute_single_subject_lg_decoding:222] - Starting LG decoding for subject: TVM10 (Group: CONTROLS_COMA, Task Set ID: Group_LG_Intra_CONTROLS_COMA_Subj_TVM10, Classifier: svc, GS: False, CSP: False, ANOVA FS: True, n_jobs: 40)
2025-07-09 11:09:04,762 - INFO - examples.run_decoding_one_lg - [execute_single_subject_lg_decoding:233] - Using LG loading conditions: ['LS_ALL', 'LD_ALL', 'GS_ALL', 'GD_ALL', 'LSGS', 'LSGD', 'LDGS', 'LDGD']
2025-07-09 11:09:04,762 - WARNING - utils.loading_LG_utils - [load_epochs_data_for_lg_decoding:96] - Original group path for 'CONTROLS_COMA' not found for subject 'TVM10'. Subject found in group 'CONTROLS_COMA'. Using its path convention.
2025-07-09 11:09:04,762 - ERROR - utils.loading_LG_utils - [load_epochs_data_for_lg_decoding:163] - No preprocessed LG epoch FIF file found for 'TVM10' in '/mnt/data/tom.balay/data/Baking_EEG_data/LG_CONTROLS_0.5'. Checked 8 candidates (first 5: ['/mnt/data/tom.balay/data/Baking_EEG_data/LG_CONTROLS_0.5/TVM10_LG_preproc_ICA_LG-epo_ar.fif', '/mnt/data/tom.balay/data/Baking_EEG_data/LG_CONTROLS_0.5/TVM10_LG_preproc_ICA_LG-epo.fif', '/mnt/data/tom.balay/data/Baking_EEG_data/LG_CONTROLS_0.5/TVM10_LG_preproc_noICA_LG-epo_ar.fif', '/mnt/data/tom.balay/data/Baking_EEG_data/LG_CONTROLS_0.5/TVM10_LG_preproc_noICA_LG-epo.fif', '/mnt/data/tom.balay/data/Baking_EEG_data/LG_CONTROLS_0.5/TVM10_LG_preproc_ICA_LG-epo_ar.fif']).
2025-07-09 11:09:04,762 - INFO - examples.run_decoding_one_lg - [execute_single_subject_lg_decoding:242] - Detected protocol 'unknown' for subject TVM10
2025-07-09 11:09:04,762 - ERROR - examples.run_decoding_one_lg - [execute_single_subject_lg_decoding:248] - Epochs object loading failed for TVM10. Aborting subject.
2025-07-09 11:09:04,762 - WARNING - examples.run_decoding_one_group_lg - [execute_group_intra_subject_lg_decoding_analysis:141] - Subject TVM10 processing failed or returned invalid results.
2025-07-09 11:09:04,763 - INFO - examples.run_decoding_one_group_lg - [execute_group_intra_subject_lg_decoding_analysis:105] - 
--- LG Group 'CONTROLS_COMA': Processing Subject 20/25: TVR9 ---
2025-07-09 11:09:04,763 - INFO - examples.run_decoding_one_lg - [execute_single_subject_lg_decoding:222] - Starting LG decoding for subject: TVR9 (Group: CONTROLS_COMA, Task Set ID: Group_LG_Intra_CONTROLS_COMA_Subj_TVR9, Classifier: svc, GS: False, CSP: False, ANOVA FS: True, n_jobs: 40)
2025-07-09 11:09:04,763 - INFO - examples.run_decoding_one_lg - [execute_single_subject_lg_decoding:233] - Using LG loading conditions: ['LS_ALL', 'LD_ALL', 'GS_ALL', 'GD_ALL', 'LSGS', 'LSGD', 'LDGS', 'LDGD']
2025-07-09 11:09:04,763 - WARNING - utils.loading_LG_utils - [load_epochs_data_for_lg_decoding:96] - Original group path for 'CONTROLS_COMA' not found for subject 'TVR9'. Subject found in group 'CONTROLS_COMA'. Using its path convention.
2025-07-09 11:09:04,763 - ERROR - utils.loading_LG_utils - [load_epochs_data_for_lg_decoding:163] - No preprocessed LG epoch FIF file found for 'TVR9' in '/mnt/data/tom.balay/data/Baking_EEG_data/LG_CONTROLS_0.5'. Checked 8 candidates (first 5: ['/mnt/data/tom.balay/data/Baking_EEG_data/LG_CONTROLS_0.5/TVR9_LG_preproc_ICA_LG-epo_ar.fif', '/mnt/data/tom.balay/data/Baking_EEG_data/LG_CONTROLS_0.5/TVR9_LG_preproc_ICA_LG-epo.fif', '/mnt/data/tom.balay/data/Baking_EEG_data/LG_CONTROLS_0.5/TVR9_LG_preproc_noICA_LG-epo_ar.fif', '/mnt/data/tom.balay/data/Baking_EEG_data/LG_CONTROLS_0.5/TVR9_LG_preproc_noICA_LG-epo.fif', '/mnt/data/tom.balay/data/Baking_EEG_data/LG_CONTROLS_0.5/TVR9_LG_preproc_ICA_LG-epo_ar.fif']).
2025-07-09 11:09:04,764 - INFO - examples.run_decoding_one_lg - [execute_single_subject_lg_decoding:242] - Detected protocol 'unknown' for subject TVR9
2025-07-09 11:09:04,764 - ERROR - examples.run_decoding_one_lg - [execute_single_subject_lg_decoding:248] - Epochs object loading failed for TVR9. Aborting subject.
2025-07-09 11:09:04,764 - WARNING - examples.run_decoding_one_group_lg - [execute_group_intra_subject_lg_decoding_analysis:141] - Subject TVR9 processing failed or returned invalid results.
2025-07-09 11:09:04,764 - INFO - examples.run_decoding_one_group_lg - [execute_group_intra_subject_lg_decoding_analysis:105] - 
--- LG Group 'CONTROLS_COMA': Processing Subject 21/25: TZ11 ---
2025-07-09 11:09:04,764 - INFO - examples.run_decoding_one_lg - [execute_single_subject_lg_decoding:222] - Starting LG decoding for subject: TZ11 (Group: CONTROLS_COMA, Task Set ID: Group_LG_Intra_CONTROLS_COMA_Subj_TZ11, Classifier: svc, GS: False, CSP: False, ANOVA FS: True, n_jobs: 40)
2025-07-09 11:09:04,764 - INFO - examples.run_decoding_one_lg - [execute_single_subject_lg_decoding:233] - Using LG loading conditions: ['LS_ALL', 'LD_ALL', 'GS_ALL', 'GD_ALL', 'LSGS', 'LSGD', 'LDGS', 'LDGD']
2025-07-09 11:09:04,764 - WARNING - utils.loading_LG_utils - [load_epochs_data_for_lg_decoding:96] - Original group path for 'CONTROLS_COMA' not found for subject 'TZ11'. Subject found in group 'CONTROLS_COMA'. Using its path convention.
2025-07-09 11:09:04,765 - ERROR - utils.loading_LG_utils - [load_epochs_data_for_lg_decoding:163] - No preprocessed LG epoch FIF file found for 'TZ11' in '/mnt/data/tom.balay/data/Baking_EEG_data/LG_CONTROLS_0.5'. Checked 8 candidates (first 5: ['/mnt/data/tom.balay/data/Baking_EEG_data/LG_CONTROLS_0.5/TZ11_LG_preproc_ICA_LG-epo_ar.fif', '/mnt/data/tom.balay/data/Baking_EEG_data/LG_CONTROLS_0.5/TZ11_LG_preproc_ICA_LG-epo.fif', '/mnt/data/tom.balay/data/Baking_EEG_data/LG_CONTROLS_0.5/TZ11_LG_preproc_noICA_LG-epo_ar.fif', '/mnt/data/tom.balay/data/Baking_EEG_data/LG_CONTROLS_0.5/TZ11_LG_preproc_noICA_LG-epo.fif', '/mnt/data/tom.balay/data/Baking_EEG_data/LG_CONTROLS_0.5/TZ11_LG_preproc_ICA_LG-epo_ar.fif']).
2025-07-09 11:09:04,765 - INFO - examples.run_decoding_one_lg - [execute_single_subject_lg_decoding:242] - Detected protocol 'unknown' for subject TZ11
2025-07-09 11:09:04,765 - ERROR - examples.run_decoding_one_lg - [execute_single_subject_lg_decoding:248] - Epochs object loading failed for TZ11. Aborting subject.
2025-07-09 11:09:04,765 - WARNING - examples.run_decoding_one_group_lg - [execute_group_intra_subject_lg_decoding_analysis:141] - Subject TZ11 processing failed or returned invalid results.
2025-07-09 11:09:04,765 - INFO - examples.run_decoding_one_group_lg - [execute_group_intra_subject_lg_decoding_analysis:105] - 
--- LG Group 'CONTROLS_COMA': Processing Subject 22/25: VB01 ---
2025-07-09 11:09:04,765 - INFO - examples.run_decoding_one_lg - [execute_single_subject_lg_decoding:222] - Starting LG decoding for subject: VB01 (Group: CONTROLS_COMA, Task Set ID: Group_LG_Intra_CONTROLS_COMA_Subj_VB01, Classifier: svc, GS: False, CSP: False, ANOVA FS: True, n_jobs: 40)
2025-07-09 11:09:04,765 - INFO - examples.run_decoding_one_lg - [execute_single_subject_lg_decoding:233] - Using LG loading conditions: ['LS_ALL', 'LD_ALL', 'GS_ALL', 'GD_ALL', 'LSGS', 'LSGD', 'LDGS', 'LDGD']
2025-07-09 11:09:04,765 - WARNING - utils.loading_LG_utils - [load_epochs_data_for_lg_decoding:96] - Original group path for 'CONTROLS_COMA' not found for subject 'VB01'. Subject found in group 'CONTROLS_COMA'. Using its path convention.
2025-07-09 11:09:04,766 - ERROR - utils.loading_LG_utils - [load_epochs_data_for_lg_decoding:163] - No preprocessed LG epoch FIF file found for 'VB01' in '/mnt/data/tom.balay/data/Baking_EEG_data/LG_CONTROLS_0.5'. Checked 8 candidates (first 5: ['/mnt/data/tom.balay/data/Baking_EEG_data/LG_CONTROLS_0.5/VB01_LG_preproc_ICA_LG-epo_ar.fif', '/mnt/data/tom.balay/data/Baking_EEG_data/LG_CONTROLS_0.5/VB01_LG_preproc_ICA_LG-epo.fif', '/mnt/data/tom.balay/data/Baking_EEG_data/LG_CONTROLS_0.5/VB01_LG_preproc_noICA_LG-epo_ar.fif', '/mnt/data/tom.balay/data/Baking_EEG_data/LG_CONTROLS_0.5/VB01_LG_preproc_noICA_LG-epo.fif', '/mnt/data/tom.balay/data/Baking_EEG_data/LG_CONTROLS_0.5/VB01_LG_preproc_ICA_LG-epo_ar.fif']).
2025-07-09 11:09:04,766 - INFO - examples.run_decoding_one_lg - [execute_single_subject_lg_decoding:242] - Detected protocol 'unknown' for subject VB01
2025-07-09 11:09:04,766 - ERROR - examples.run_decoding_one_lg - [execute_single_subject_lg_decoding:248] - Epochs object loading failed for VB01. Aborting subject.
2025-07-09 11:09:04,766 - WARNING - examples.run_decoding_one_group_lg - [execute_group_intra_subject_lg_decoding_analysis:141] - Subject VB01 processing failed or returned invalid results.
2025-07-09 11:09:04,766 - INFO - examples.run_decoding_one_group_lg - [execute_group_intra_subject_lg_decoding_analysis:105] - 
--- LG Group 'CONTROLS_COMA': Processing Subject 23/25: FG104 ---
2025-07-09 11:09:04,766 - INFO - examples.run_decoding_one_lg - [execute_single_subject_lg_decoding:222] - Starting LG decoding for subject: FG104 (Group: CONTROLS_COMA, Task Set ID: Group_LG_Intra_CONTROLS_COMA_Subj_FG104, Classifier: svc, GS: False, CSP: False, ANOVA FS: True, n_jobs: 40)
2025-07-09 11:09:04,766 - INFO - examples.run_decoding_one_lg - [execute_single_subject_lg_decoding:233] - Using LG loading conditions: ['LS_ALL', 'LD_ALL', 'GS_ALL', 'GD_ALL', 'LSGS', 'LSGD', 'LDGS', 'LDGD']
2025-07-09 11:09:04,766 - WARNING - utils.loading_LG_utils - [load_epochs_data_for_lg_decoding:96] - Original group path for 'CONTROLS_COMA' not found for subject 'FG104'. Subject found in group 'CONTROLS_COMA'. Using its path convention.
2025-07-09 11:09:04,767 - ERROR - utils.loading_LG_utils - [load_epochs_data_for_lg_decoding:163] - No preprocessed LG epoch FIF file found for 'FG104' in '/mnt/data/tom.balay/data/Baking_EEG_data/LG_CONTROLS_0.5'. Checked 8 candidates (first 5: ['/mnt/data/tom.balay/data/Baking_EEG_data/LG_CONTROLS_0.5/FG104_LG_preproc_ICA_LG-epo_ar.fif', '/mnt/data/tom.balay/data/Baking_EEG_data/LG_CONTROLS_0.5/FG104_LG_preproc_ICA_LG-epo.fif', '/mnt/data/tom.balay/data/Baking_EEG_data/LG_CONTROLS_0.5/FG104_LG_preproc_noICA_LG-epo_ar.fif', '/mnt/data/tom.balay/data/Baking_EEG_data/LG_CONTROLS_0.5/FG104_LG_preproc_noICA_LG-epo.fif', '/mnt/data/tom.balay/data/Baking_EEG_data/LG_CONTROLS_0.5/FG104_LG_preproc_ICA_LG-epo_ar.fif']).
2025-07-09 11:09:04,767 - INFO - examples.run_decoding_one_lg - [execute_single_subject_lg_decoding:242] - Detected protocol 'unknown' for subject FG104
2025-07-09 11:09:04,767 - ERROR - examples.run_decoding_one_lg - [execute_single_subject_lg_decoding:248] - Epochs object loading failed for FG104. Aborting subject.
2025-07-09 11:09:04,767 - WARNING - examples.run_decoding_one_group_lg - [execute_group_intra_subject_lg_decoding_analysis:141] - Subject FG104 processing failed or returned invalid results.
2025-07-09 11:09:04,767 - INFO - examples.run_decoding_one_group_lg - [execute_group_intra_subject_lg_decoding_analysis:105] - 
--- LG Group 'CONTROLS_COMA': Processing Subject 24/25: FP102 ---
2025-07-09 11:09:04,767 - INFO - examples.run_decoding_one_lg - [execute_single_subject_lg_decoding:222] - Starting LG decoding for subject: FP102 (Group: CONTROLS_COMA, Task Set ID: Group_LG_Intra_CONTROLS_COMA_Subj_FP102, Classifier: svc, GS: False, CSP: False, ANOVA FS: True, n_jobs: 40)
2025-07-09 11:09:04,767 - INFO - examples.run_decoding_one_lg - [execute_single_subject_lg_decoding:233] - Using LG loading conditions: ['LS_ALL', 'LD_ALL', 'GS_ALL', 'GD_ALL', 'LSGS', 'LSGD', 'LDGS', 'LDGD']
2025-07-09 11:09:04,768 - WARNING - utils.loading_LG_utils - [load_epochs_data_for_lg_decoding:96] - Original group path for 'CONTROLS_COMA' not found for subject 'FP102'. Subject found in group 'CONTROLS_COMA'. Using its path convention.
2025-07-09 11:09:04,768 - ERROR - utils.loading_LG_utils - [load_epochs_data_for_lg_decoding:163] - No preprocessed LG epoch FIF file found for 'FP102' in '/mnt/data/tom.balay/data/Baking_EEG_data/LG_CONTROLS_0.5'. Checked 8 candidates (first 5: ['/mnt/data/tom.balay/data/Baking_EEG_data/LG_CONTROLS_0.5/FP102_LG_preproc_ICA_LG-epo_ar.fif', '/mnt/data/tom.balay/data/Baking_EEG_data/LG_CONTROLS_0.5/FP102_LG_preproc_ICA_LG-epo.fif', '/mnt/data/tom.balay/data/Baking_EEG_data/LG_CONTROLS_0.5/FP102_LG_preproc_noICA_LG-epo_ar.fif', '/mnt/data/tom.balay/data/Baking_EEG_data/LG_CONTROLS_0.5/FP102_LG_preproc_noICA_LG-epo.fif', '/mnt/data/tom.balay/data/Baking_EEG_data/LG_CONTROLS_0.5/FP102_LG_preproc_ICA_LG-epo_ar.fif']).
2025-07-09 11:09:04,768 - INFO - examples.run_decoding_one_lg - [execute_single_subject_lg_decoding:242] - Detected protocol 'unknown' for subject FP102
2025-07-09 11:09:04,768 - ERROR - examples.run_decoding_one_lg - [execute_single_subject_lg_decoding:248] - Epochs object loading failed for FP102. Aborting subject.
2025-07-09 11:09:04,768 - WARNING - examples.run_decoding_one_group_lg - [execute_group_intra_subject_lg_decoding_analysis:141] - Subject FP102 processing failed or returned invalid results.
2025-07-09 11:09:04,768 - INFO - examples.run_decoding_one_group_lg - [execute_group_intra_subject_lg_decoding_analysis:105] - 
--- LG Group 'CONTROLS_COMA': Processing Subject 25/25: MB103 ---
2025-07-09 11:09:04,768 - INFO - examples.run_decoding_one_lg - [execute_single_subject_lg_decoding:222] - Starting LG decoding for subject: MB103 (Group: CONTROLS_COMA, Task Set ID: Group_LG_Intra_CONTROLS_COMA_Subj_MB103, Classifier: svc, GS: False, CSP: False, ANOVA FS: True, n_jobs: 40)
2025-07-09 11:09:04,769 - INFO - examples.run_decoding_one_lg - [execute_single_subject_lg_decoding:233] - Using LG loading conditions: ['LS_ALL', 'LD_ALL', 'GS_ALL', 'GD_ALL', 'LSGS', 'LSGD', 'LDGS', 'LDGD']
2025-07-09 11:09:04,769 - WARNING - utils.loading_LG_utils - [load_epochs_data_for_lg_decoding:96] - Original group path for 'CONTROLS_COMA' not found for subject 'MB103'. Subject found in group 'CONTROLS_COMA'. Using its path convention.
2025-07-09 11:09:04,769 - ERROR - utils.loading_LG_utils - [load_epochs_data_for_lg_decoding:163] - No preprocessed LG epoch FIF file found for 'MB103' in '/mnt/data/tom.balay/data/Baking_EEG_data/LG_CONTROLS_0.5'. Checked 8 candidates (first 5: ['/mnt/data/tom.balay/data/Baking_EEG_data/LG_CONTROLS_0.5/MB103_LG_preproc_ICA_LG-epo_ar.fif', '/mnt/data/tom.balay/data/Baking_EEG_data/LG_CONTROLS_0.5/MB103_LG_preproc_ICA_LG-epo.fif', '/mnt/data/tom.balay/data/Baking_EEG_data/LG_CONTROLS_0.5/MB103_LG_preproc_noICA_LG-epo_ar.fif', '/mnt/data/tom.balay/data/Baking_EEG_data/LG_CONTROLS_0.5/MB103_LG_preproc_noICA_LG-epo.fif', '/mnt/data/tom.balay/data/Baking_EEG_data/LG_CONTROLS_0.5/MB103_LG_preproc_ICA_LG-epo_ar.fif']).
2025-07-09 11:09:04,769 - INFO - examples.run_decoding_one_lg - [execute_single_subject_lg_decoding:242] - Detected protocol 'unknown' for subject MB103
2025-07-09 11:09:04,769 - ERROR - examples.run_decoding_one_lg - [execute_single_subject_lg_decoding:248] - Epochs object loading failed for MB103. Aborting subject.
2025-07-09 11:09:04,769 - WARNING - examples.run_decoding_one_group_lg - [execute_group_intra_subject_lg_decoding_analysis:141] - Subject MB103 processing failed or returned invalid results.
2025-07-09 11:09:04,769 - INFO - examples.run_decoding_one_group_lg - [execute_group_intra_subject_lg_decoding_analysis:149] - LG Group analysis for 'CONTROLS_COMA' completed in 1127.53s. Successfully processed: 1/25 subjects.
2025-07-09 11:09:04,770 - INFO - examples.run_decoding_one_group_lg - [execute_group_intra_subject_lg_decoding_analysis:155] - Successfully processed subjects: TJL3
submitit INFO (2025-07-09 11:09:04,770) - Job completed successfully
2025-07-09 11:09:04,770 - INFO - submitit - [process_job:56] - Job completed successfully
submitit INFO (2025-07-09 11:09:04,771) - Exiting after successful completion
2025-07-09 11:09:04,771 - INFO - submitit - [process_job:61] - Exiting after successful completion
