submitit INFO (2025-06-30 20:18:03,690) - Starting with JobEnvironment(job_id=352648, hostname=node9, local_rank=0(1), node=0(1), global_rank=0(1))
submitit INFO (2025-06-30 20:18:03,690) - Loading pickle: /home/tom.balay/Baking_EEG/submitit/logs_submitit_jobs_LG/20250630_102701_TpBD16_LG/352648_submitted.pkl
2025-06-30 20:18:06,959 - INFO - examples.run_decoding_one_group_pp - [<module>:39] - Tentative d'import de execute_single_subject_decoding...
2025-06-30 20:18:06,959 - INFO - examples.run_decoding_one_group_pp - [<module>:42] - ✅ Import de execute_single_subject_decoding réussi
2025-06-30 20:18:06,961 - INFO - examples.run_decoding_one_lg - [execute_single_subject_lg_decoding:193] - Starting LG decoding for subject: TpBD16 (Group: DELIRIUM-, Task Set ID: Single_LG_Protocol_Analysis, Classifier: svc, GS: False, CSP: False, ANOVA FS: True, n_jobs: 40)
2025-06-30 20:18:06,961 - INFO - examples.run_decoding_one_lg - [execute_single_subject_lg_decoding:204] - Using LG loading conditions: ['LS_ALL', 'LD_ALL', 'GS_ALL', 'GD_ALL', 'LSGS', 'LSGD', 'LDGS', 'LDGD']
2025-06-30 20:18:12,992 - INFO - examples.run_decoding_one_lg - [execute_single_subject_lg_decoding:213] - Detected protocol 'LG_PATIENTS_DELIRIUM-' for subject TpBD16
2025-06-30 20:18:12,993 - INFO - examples.run_decoding_one_lg - [execute_single_subject_lg_decoding:254] - --- Starting Main LG Protocol Decoding for TpBD16 ---
2025-06-30 20:18:12,993 - INFO - examples.run_decoding_one_lg - [execute_single_subject_lg_decoding:257] -   --- 1. Main LG Decoding (LS vs LD) for TpBD16 ---
2025-06-30 20:18:13,235 - INFO - Baking_EEG._4_decoding_core - [run_temporal_decoding_analysis:68] - --- Temporal Ddcoding Analysis ---
2025-06-30 20:18:13,235 - INFO - Baking_EEG._4_decoding_core - [run_temporal_decoding_analysis:69] - Clf: svc, GS: False, CSP (temporal): False, ANOVA FS (temporal): True
2025-06-30 20:18:13,241 - INFO - base.base_decoding - [_build_standard_classifier_pipeline:57] - Pipeline à hyperparamètres fixes: type='svc', CSP: False, ANOVA FS: True
2025-06-30 20:18:13,241 - INFO - base.base_decoding - [_build_standard_classifier_pipeline:68] - DEBUG: add_csp_step type=bool, value=False, bool()=False
2025-06-30 20:18:13,241 - INFO - base.base_decoding - [_build_standard_classifier_pipeline:91] -    Étape ANOVA FS 'anova_feature_selection' ajoutée (percentile fixe=15).
2025-06-30 20:18:13,241 - INFO - base.base_decoding - [_build_standard_classifier_pipeline:123] - Structure finale du pipeline: ['scaler', 'anova_feature_selection', 'svc_classifier']
2025-06-30 20:18:13,241 - INFO - base.base_decoding - [_build_standard_classifier_pipeline:57] - Pipeline à hyperparamètres fixes: type='svc', CSP: False, ANOVA FS: False
2025-06-30 20:18:13,241 - INFO - base.base_decoding - [_build_standard_classifier_pipeline:68] - DEBUG: add_csp_step type=bool, value=False, bool()=False
2025-06-30 20:18:13,241 - INFO - base.base_decoding - [_build_standard_classifier_pipeline:123] - Structure finale du pipeline: ['scaler', 'svc_classifier']
2025-06-30 20:18:13,241 - INFO - Baking_EEG._4_decoding_core - [run_temporal_decoding_analysis:246] - CV strategy: StratifiedKFold with 10 splits.
2025-06-30 20:18:13,241 - INFO - Baking_EEG._4_decoding_core - [run_temporal_decoding_analysis:258] - Sample weights: Auto-calculated per fold (recommended for StratifiedKFold).
2025-06-30 20:18:13,261 - INFO - Baking_EEG._4_decoding_core - [run_temporal_decoding_analysis:294] - MNE Estimators: Using fold-specific balancing via class_weight='balanced' (if supported by classifier).
2025-06-30 20:18:13,262 - INFO - Baking_EEG._4_decoding_core - [run_temporal_decoding_analysis:310] - Starting 1D temporal decoding (SlidingEstimator)...
2025-06-30 20:19:35,377 - INFO - Baking_EEG._4_decoding_core - [run_temporal_decoding_analysis:338] - 1D temporal decoding done. Peak mean AUC: 0.602
2025-06-30 20:19:35,377 - INFO - Baking_EEG._4_decoding_core - [run_temporal_decoding_analysis:379] - TGM computation disabled.
2025-06-30 20:19:35,377 - INFO - Baking_EEG._4_decoding_core - [run_temporal_decoding_analysis:382] - Starting global decoding (n_jobs_folds=40)...
2025-06-30 20:23:38,074 - INFO - Baking_EEG._4_decoding_core - [run_temporal_decoding_analysis:439] - Global decoding done. Mean CV AUC: 0.613 +/- 0.071
2025-06-30 20:23:38,092 - INFO - Baking_EEG._4_decoding_core - [run_temporal_decoding_analysis:478] -   Overall global metrics (aggregated): {'roc_auc': '0.596', 'accuracy': '0.596', 'precision': '0.632', 'recall': '0.664', 'f1_score': '0.648', 'balanced_accuracy': '0.587'}
2025-06-30 20:23:38,092 - INFO - utils.stats_utils - [perform_pointwise_fdr_correction_on_scores:439] - Performing pointwise wilcoxon with FDR correction. Data shape for test (obs, features if any): (10, 801)
2025-06-30 20:23:38,092 - INFO - utils.stats_utils - [perform_pointwise_fdr_correction_on_scores:443] -   Parameters: chance=0.5, alpha=0.05, test_type='wilcoxon', FDR_method='indep', alternative='greater'
2025-06-30 20:23:38,999 - INFO - utils.stats_utils - [perform_pointwise_fdr_correction_on_scores:714] - FDR correction completed. 47 point(s) found significant (p_fdr < 0.05).
2025-06-30 20:23:39,002 - INFO - utils.stats_utils - [perform_cluster_permutation_test:195] - Executing cluster-based permutation test. Data shape (obs, features...): (10, 801)
2025-06-30 20:23:39,002 - INFO - utils.stats_utils - [perform_cluster_permutation_test:199] -   Parameters: n_permutations=1024, threshold_config={'start': 0.1, 'step': 0.1}, alternative='greater' (MNE tail=1), n_jobs=-1
2025-06-30 20:23:39,002 - INFO - utils.stats_utils - [perform_cluster_permutation_test:210] -   Using MNE's default stat_fun (ttest_1samp_no_p) for permutation test.
2025-06-30 20:23:39,002 - INFO - utils.stats_utils - [perform_cluster_permutation_test:242] -   Input data is 2D (features). MNE will use default temporal connectivity inference if applicable.
stat_fun(H1): min=-5.433384 max=7.101521
Running initial clustering …
Using 71 thresholds from 0.10 to 7.10 for TFCE computation (h_power=2.00, e_power=0.50)
Found 801 clusters
2025-06-30 20:23:41,360 - INFO - utils.stats_utils - [perform_cluster_permutation_test:314] - Cluster permutation test completed. 801 initial clusters found (after processing slices).
2025-06-30 20:23:41,361 - INFO - utils.stats_utils - [perform_cluster_permutation_test:338] -   Significant Cluster #349: p-value = 0.0205. Mask shape: (801,), Num True points: 1
2025-06-30 20:23:41,361 - INFO - utils.stats_utils - [perform_cluster_permutation_test:338] -   Significant Cluster #350: p-value = 0.0322. Mask shape: (801,), Num True points: 1
2025-06-30 20:23:41,361 - INFO - utils.stats_utils - [perform_cluster_permutation_test:338] -   Significant Cluster #456: p-value = 0.0498. Mask shape: (801,), Num True points: 1
2025-06-30 20:23:41,362 - INFO - utils.stats_utils - [perform_cluster_permutation_test:338] -   Significant Cluster #458: p-value = 0.0439. Mask shape: (801,), Num True points: 1
2025-06-30 20:23:41,362 - INFO - utils.stats_utils - [perform_cluster_permutation_test:338] -   Significant Cluster #459: p-value = 0.0439. Mask shape: (801,), Num True points: 1
2025-06-30 20:23:41,362 - INFO - utils.stats_utils - [perform_cluster_permutation_test:338] -   Significant Cluster #500: p-value = 0.0439. Mask shape: (801,), Num True points: 1
2025-06-30 20:23:41,362 - INFO - utils.stats_utils - [perform_cluster_permutation_test:338] -   Significant Cluster #501: p-value = 0.0439. Mask shape: (801,), Num True points: 1
2025-06-30 20:23:41,365 - INFO - examples.run_decoding_one_lg - [execute_single_subject_lg_decoding:344] - Main LG Decoding for TpBD16 DONE. Mean Global AUC: 0.613
2025-06-30 20:23:41,366 - INFO - examples.run_decoding_one_lg - [execute_single_subject_lg_decoding:353] -   --- 2. Specific LG Comparisons (e.g. LS/GS vs LS/GD, LD/GS vs LD/GD) for TpBD16 ---
2025-06-30 20:23:41,565 - INFO - Baking_EEG._4_decoding_core - [run_temporal_decoding_analysis:68] - --- Temporal Ddcoding Analysis ---
2025-06-30 20:23:41,565 - INFO - Baking_EEG._4_decoding_core - [run_temporal_decoding_analysis:69] - Clf: svc, GS: False, CSP (temporal): False, ANOVA FS (temporal): True
2025-06-30 20:23:41,571 - INFO - base.base_decoding - [_build_standard_classifier_pipeline:57] - Pipeline à hyperparamètres fixes: type='svc', CSP: False, ANOVA FS: True
2025-06-30 20:23:41,571 - INFO - base.base_decoding - [_build_standard_classifier_pipeline:68] - DEBUG: add_csp_step type=bool, value=False, bool()=False
2025-06-30 20:23:41,571 - INFO - base.base_decoding - [_build_standard_classifier_pipeline:91] -    Étape ANOVA FS 'anova_feature_selection' ajoutée (percentile fixe=15).
2025-06-30 20:23:41,572 - INFO - base.base_decoding - [_build_standard_classifier_pipeline:123] - Structure finale du pipeline: ['scaler', 'anova_feature_selection', 'svc_classifier']
2025-06-30 20:23:41,572 - INFO - base.base_decoding - [_build_standard_classifier_pipeline:57] - Pipeline à hyperparamètres fixes: type='svc', CSP: False, ANOVA FS: False
2025-06-30 20:23:41,572 - INFO - base.base_decoding - [_build_standard_classifier_pipeline:68] - DEBUG: add_csp_step type=bool, value=False, bool()=False
2025-06-30 20:23:41,572 - INFO - base.base_decoding - [_build_standard_classifier_pipeline:123] - Structure finale du pipeline: ['scaler', 'svc_classifier']
2025-06-30 20:23:41,572 - INFO - Baking_EEG._4_decoding_core - [run_temporal_decoding_analysis:246] - CV strategy: StratifiedKFold with 10 splits.
2025-06-30 20:23:41,572 - INFO - Baking_EEG._4_decoding_core - [run_temporal_decoding_analysis:258] - Sample weights: Auto-calculated per fold (recommended for StratifiedKFold).
2025-06-30 20:23:41,594 - INFO - Baking_EEG._4_decoding_core - [run_temporal_decoding_analysis:294] - MNE Estimators: Using fold-specific balancing via class_weight='balanced' (if supported by classifier).
2025-06-30 20:23:41,594 - INFO - Baking_EEG._4_decoding_core - [run_temporal_decoding_analysis:310] - Starting 1D temporal decoding (SlidingEstimator)...
2025-06-30 20:24:08,410 - INFO - Baking_EEG._4_decoding_core - [run_temporal_decoding_analysis:338] - 1D temporal decoding done. Peak mean AUC: 0.656
2025-06-30 20:24:08,410 - INFO - Baking_EEG._4_decoding_core - [run_temporal_decoding_analysis:346] - Starting TGM computation (GeneralizingEstimator)...
2025-06-30 21:10:08,648 - INFO - Baking_EEG._4_decoding_core - [run_temporal_decoding_analysis:373] - TGM computation done. Peak mean TGM AUC: 0.685
2025-06-30 21:10:08,650 - INFO - Baking_EEG._4_decoding_core - [run_temporal_decoding_analysis:382] - Starting global decoding (n_jobs_folds=40)...
2025-06-30 21:11:00,308 - INFO - Baking_EEG._4_decoding_core - [run_temporal_decoding_analysis:439] - Global decoding done. Mean CV AUC: 0.425 +/- 0.068
2025-06-30 21:11:00,326 - INFO - Baking_EEG._4_decoding_core - [run_temporal_decoding_analysis:478] -   Overall global metrics (aggregated): {'roc_auc': '0.432', 'accuracy': '0.627', 'precision': '0.243', 'recall': '0.224', 'f1_score': '0.233', 'balanced_accuracy': '0.494'}
2025-06-30 21:11:00,327 - INFO - utils.stats_utils - [perform_pointwise_fdr_correction_on_scores:439] - Performing pointwise wilcoxon with FDR correction. Data shape for test (obs, features if any): (10, 801)
2025-06-30 21:11:00,327 - INFO - utils.stats_utils - [perform_pointwise_fdr_correction_on_scores:443] -   Parameters: chance=0.5, alpha=0.05, test_type='wilcoxon', FDR_method='indep', alternative='greater'
2025-06-30 21:11:01,183 - INFO - utils.stats_utils - [perform_pointwise_fdr_correction_on_scores:714] - FDR correction completed. 0 point(s) found significant (p_fdr < 0.05).
2025-06-30 21:11:01,184 - INFO - utils.stats_utils - [perform_cluster_permutation_test:195] - Executing cluster-based permutation test. Data shape (obs, features...): (10, 801)
2025-06-30 21:11:01,184 - INFO - utils.stats_utils - [perform_cluster_permutation_test:199] -   Parameters: n_permutations=1024, threshold_config={'start': 0.1, 'step': 0.1}, alternative='greater' (MNE tail=1), n_jobs=-1
2025-06-30 21:11:01,184 - INFO - utils.stats_utils - [perform_cluster_permutation_test:210] -   Using MNE's default stat_fun (ttest_1samp_no_p) for permutation test.
2025-06-30 21:11:01,184 - INFO - utils.stats_utils - [perform_cluster_permutation_test:242] -   Input data is 2D (features). MNE will use default temporal connectivity inference if applicable.
stat_fun(H1): min=-3.966181 max=6.025173
Running initial clustering …
Using 60 thresholds from 0.10 to 6.00 for TFCE computation (h_power=2.00, e_power=0.50)
Found 801 clusters
2025-06-30 21:11:03,427 - INFO - utils.stats_utils - [perform_cluster_permutation_test:314] - Cluster permutation test completed. 801 initial clusters found (after processing slices).
2025-06-30 21:11:03,428 - INFO - utils.stats_utils - [perform_cluster_permutation_test:344] - No clusters found to be statistically significant (p < 0.05).
2025-06-30 21:11:03,438 - INFO - utils.stats_utils - [perform_pointwise_fdr_correction_on_scores:439] - Performing pointwise wilcoxon with FDR correction. Data shape for test (obs, features if any): (10, 641601)
2025-06-30 21:11:03,438 - INFO - utils.stats_utils - [perform_pointwise_fdr_correction_on_scores:443] -   Parameters: chance=0.5, alpha=0.05, test_type='wilcoxon', FDR_method='indep', alternative='greater'
2025-06-30 21:22:25,072 - INFO - utils.stats_utils - [perform_pointwise_fdr_correction_on_scores:714] - FDR correction completed. 0 point(s) found significant (p_fdr < 0.05).
2025-06-30 21:22:25,075 - INFO - Baking_EEG._4_decoding_core - [run_temporal_decoding_analysis:544] - Intra-fold Cluster Permutation for TGM is SKIPPED.
2025-06-30 21:22:25,077 - INFO - examples.run_decoding_one_lg - [execute_single_subject_lg_decoding:465] -   Specific LG task 'Local Standard: Global Standard vs Global Deviant' for TpBD16: Peak AUC = 0.656
2025-06-30 21:22:25,324 - INFO - Baking_EEG._4_decoding_core - [run_temporal_decoding_analysis:68] - --- Temporal Ddcoding Analysis ---
2025-06-30 21:22:25,324 - INFO - Baking_EEG._4_decoding_core - [run_temporal_decoding_analysis:69] - Clf: svc, GS: False, CSP (temporal): False, ANOVA FS (temporal): True
2025-06-30 21:22:25,326 - INFO - base.base_decoding - [_build_standard_classifier_pipeline:57] - Pipeline à hyperparamètres fixes: type='svc', CSP: False, ANOVA FS: True
2025-06-30 21:22:25,326 - INFO - base.base_decoding - [_build_standard_classifier_pipeline:68] - DEBUG: add_csp_step type=bool, value=False, bool()=False
2025-06-30 21:22:25,327 - INFO - base.base_decoding - [_build_standard_classifier_pipeline:91] -    Étape ANOVA FS 'anova_feature_selection' ajoutée (percentile fixe=15).
2025-06-30 21:22:25,327 - INFO - base.base_decoding - [_build_standard_classifier_pipeline:123] - Structure finale du pipeline: ['scaler', 'anova_feature_selection', 'svc_classifier']
2025-06-30 21:22:25,327 - INFO - base.base_decoding - [_build_standard_classifier_pipeline:57] - Pipeline à hyperparamètres fixes: type='svc', CSP: False, ANOVA FS: False
2025-06-30 21:22:25,327 - INFO - base.base_decoding - [_build_standard_classifier_pipeline:68] - DEBUG: add_csp_step type=bool, value=False, bool()=False
2025-06-30 21:22:25,327 - INFO - base.base_decoding - [_build_standard_classifier_pipeline:123] - Structure finale du pipeline: ['scaler', 'svc_classifier']
2025-06-30 21:22:25,327 - INFO - Baking_EEG._4_decoding_core - [run_temporal_decoding_analysis:246] - CV strategy: StratifiedKFold with 10 splits.
2025-06-30 21:22:25,327 - INFO - Baking_EEG._4_decoding_core - [run_temporal_decoding_analysis:258] - Sample weights: Auto-calculated per fold (recommended for StratifiedKFold).
2025-06-30 21:22:25,348 - INFO - Baking_EEG._4_decoding_core - [run_temporal_decoding_analysis:294] - MNE Estimators: Using fold-specific balancing via class_weight='balanced' (if supported by classifier).
2025-06-30 21:22:25,348 - INFO - Baking_EEG._4_decoding_core - [run_temporal_decoding_analysis:310] - Starting 1D temporal decoding (SlidingEstimator)...
2025-06-30 21:23:00,564 - INFO - Baking_EEG._4_decoding_core - [run_temporal_decoding_analysis:338] - 1D temporal decoding done. Peak mean AUC: 0.647
2025-06-30 21:23:00,565 - INFO - Baking_EEG._4_decoding_core - [run_temporal_decoding_analysis:346] - Starting TGM computation (GeneralizingEstimator)...
2025-06-30 22:09:08,189 - INFO - Baking_EEG._4_decoding_core - [run_temporal_decoding_analysis:373] - TGM computation done. Peak mean TGM AUC: 0.677
2025-06-30 22:09:08,190 - INFO - Baking_EEG._4_decoding_core - [run_temporal_decoding_analysis:382] - Starting global decoding (n_jobs_folds=40)...
2025-06-30 22:10:21,212 - INFO - Baking_EEG._4_decoding_core - [run_temporal_decoding_analysis:439] - Global decoding done. Mean CV AUC: 0.535 +/- 0.111
2025-06-30 22:10:21,231 - INFO - Baking_EEG._4_decoding_core - [run_temporal_decoding_analysis:478] -   Overall global metrics (aggregated): {'roc_auc': '0.509', 'accuracy': '0.772', 'precision': '0.089', 'recall': '0.080', 'f1_score': '0.084', 'balanced_accuracy': '0.478'}
2025-06-30 22:10:21,232 - INFO - utils.stats_utils - [perform_pointwise_fdr_correction_on_scores:439] - Performing pointwise wilcoxon with FDR correction. Data shape for test (obs, features if any): (10, 801)
2025-06-30 22:10:21,232 - INFO - utils.stats_utils - [perform_pointwise_fdr_correction_on_scores:443] -   Parameters: chance=0.5, alpha=0.05, test_type='wilcoxon', FDR_method='indep', alternative='greater'
2025-06-30 22:10:22,081 - INFO - utils.stats_utils - [perform_pointwise_fdr_correction_on_scores:714] - FDR correction completed. 0 point(s) found significant (p_fdr < 0.05).
2025-06-30 22:10:22,081 - INFO - utils.stats_utils - [perform_cluster_permutation_test:195] - Executing cluster-based permutation test. Data shape (obs, features...): (10, 801)
2025-06-30 22:10:22,082 - INFO - utils.stats_utils - [perform_cluster_permutation_test:199] -   Parameters: n_permutations=1024, threshold_config={'start': 0.1, 'step': 0.1}, alternative='greater' (MNE tail=1), n_jobs=-1
2025-06-30 22:10:22,082 - INFO - utils.stats_utils - [perform_cluster_permutation_test:210] -   Using MNE's default stat_fun (ttest_1samp_no_p) for permutation test.
2025-06-30 22:10:22,082 - INFO - utils.stats_utils - [perform_cluster_permutation_test:242] -   Input data is 2D (features). MNE will use default temporal connectivity inference if applicable.
stat_fun(H1): min=-5.707256 max=4.477608
Running initial clustering …
Using 44 thresholds from 0.10 to 4.40 for TFCE computation (h_power=2.00, e_power=0.50)
Found 801 clusters
2025-06-30 22:10:24,305 - INFO - utils.stats_utils - [perform_cluster_permutation_test:314] - Cluster permutation test completed. 801 initial clusters found (after processing slices).
2025-06-30 22:10:24,306 - INFO - utils.stats_utils - [perform_cluster_permutation_test:344] - No clusters found to be statistically significant (p < 0.05).
2025-06-30 22:10:24,316 - INFO - utils.stats_utils - [perform_pointwise_fdr_correction_on_scores:439] - Performing pointwise wilcoxon with FDR correction. Data shape for test (obs, features if any): (10, 641601)
2025-06-30 22:10:24,317 - INFO - utils.stats_utils - [perform_pointwise_fdr_correction_on_scores:443] -   Parameters: chance=0.5, alpha=0.05, test_type='wilcoxon', FDR_method='indep', alternative='greater'
2025-06-30 22:21:46,169 - INFO - utils.stats_utils - [perform_pointwise_fdr_correction_on_scores:714] - FDR correction completed. 0 point(s) found significant (p_fdr < 0.05).
2025-06-30 22:21:46,173 - INFO - Baking_EEG._4_decoding_core - [run_temporal_decoding_analysis:544] - Intra-fold Cluster Permutation for TGM is SKIPPED.
2025-06-30 22:21:46,174 - INFO - examples.run_decoding_one_lg - [execute_single_subject_lg_decoding:465] -   Specific LG task 'Local Deviant: Global Standard vs Global Deviant' for TpBD16: Peak AUC = 0.647
2025-06-30 22:21:46,377 - INFO - Baking_EEG._4_decoding_core - [run_temporal_decoding_analysis:68] - --- Temporal Ddcoding Analysis ---
2025-06-30 22:21:46,377 - INFO - Baking_EEG._4_decoding_core - [run_temporal_decoding_analysis:69] - Clf: svc, GS: False, CSP (temporal): False, ANOVA FS (temporal): True
2025-06-30 22:21:46,380 - INFO - base.base_decoding - [_build_standard_classifier_pipeline:57] - Pipeline à hyperparamètres fixes: type='svc', CSP: False, ANOVA FS: True
2025-06-30 22:21:46,380 - INFO - base.base_decoding - [_build_standard_classifier_pipeline:68] - DEBUG: add_csp_step type=bool, value=False, bool()=False
2025-06-30 22:21:46,380 - INFO - base.base_decoding - [_build_standard_classifier_pipeline:91] -    Étape ANOVA FS 'anova_feature_selection' ajoutée (percentile fixe=15).
2025-06-30 22:21:46,380 - INFO - base.base_decoding - [_build_standard_classifier_pipeline:123] - Structure finale du pipeline: ['scaler', 'anova_feature_selection', 'svc_classifier']
2025-06-30 22:21:46,380 - INFO - base.base_decoding - [_build_standard_classifier_pipeline:57] - Pipeline à hyperparamètres fixes: type='svc', CSP: False, ANOVA FS: False
2025-06-30 22:21:46,380 - INFO - base.base_decoding - [_build_standard_classifier_pipeline:68] - DEBUG: add_csp_step type=bool, value=False, bool()=False
2025-06-30 22:21:46,380 - INFO - base.base_decoding - [_build_standard_classifier_pipeline:123] - Structure finale du pipeline: ['scaler', 'svc_classifier']
2025-06-30 22:21:46,381 - INFO - Baking_EEG._4_decoding_core - [run_temporal_decoding_analysis:246] - CV strategy: StratifiedKFold with 10 splits.
2025-06-30 22:21:46,381 - INFO - Baking_EEG._4_decoding_core - [run_temporal_decoding_analysis:258] - Sample weights: Auto-calculated per fold (recommended for StratifiedKFold).
2025-06-30 22:21:46,399 - INFO - Baking_EEG._4_decoding_core - [run_temporal_decoding_analysis:294] - MNE Estimators: Using fold-specific balancing via class_weight='balanced' (if supported by classifier).
2025-06-30 22:21:46,400 - INFO - Baking_EEG._4_decoding_core - [run_temporal_decoding_analysis:310] - Starting 1D temporal decoding (SlidingEstimator)...
2025-06-30 22:22:45,916 - INFO - Baking_EEG._4_decoding_core - [run_temporal_decoding_analysis:338] - 1D temporal decoding done. Peak mean AUC: 0.626
2025-06-30 22:22:45,917 - INFO - Baking_EEG._4_decoding_core - [run_temporal_decoding_analysis:346] - Starting TGM computation (GeneralizingEstimator)...
2025-06-30 23:10:30,067 - INFO - Baking_EEG._4_decoding_core - [run_temporal_decoding_analysis:373] - TGM computation done. Peak mean TGM AUC: 0.628
2025-06-30 23:10:30,068 - INFO - Baking_EEG._4_decoding_core - [run_temporal_decoding_analysis:382] - Starting global decoding (n_jobs_folds=40)...
2025-06-30 23:13:15,992 - INFO - Baking_EEG._4_decoding_core - [run_temporal_decoding_analysis:439] - Global decoding done. Mean CV AUC: 0.584 +/- 0.069
2025-06-30 23:13:16,010 - INFO - Baking_EEG._4_decoding_core - [run_temporal_decoding_analysis:478] -   Overall global metrics (aggregated): {'roc_auc': '0.583', 'accuracy': '0.589', 'precision': '0.648', 'recall': '0.683', 'f1_score': '0.665', 'balanced_accuracy': '0.567'}
2025-06-30 23:13:16,011 - INFO - utils.stats_utils - [perform_pointwise_fdr_correction_on_scores:439] - Performing pointwise wilcoxon with FDR correction. Data shape for test (obs, features if any): (10, 801)
2025-06-30 23:13:16,011 - INFO - utils.stats_utils - [perform_pointwise_fdr_correction_on_scores:443] -   Parameters: chance=0.5, alpha=0.05, test_type='wilcoxon', FDR_method='indep', alternative='greater'
2025-06-30 23:13:16,868 - INFO - utils.stats_utils - [perform_pointwise_fdr_correction_on_scores:714] - FDR correction completed. 93 point(s) found significant (p_fdr < 0.05).
2025-06-30 23:13:16,869 - INFO - utils.stats_utils - [perform_cluster_permutation_test:195] - Executing cluster-based permutation test. Data shape (obs, features...): (10, 801)
2025-06-30 23:13:16,869 - INFO - utils.stats_utils - [perform_cluster_permutation_test:199] -   Parameters: n_permutations=1024, threshold_config={'start': 0.1, 'step': 0.1}, alternative='greater' (MNE tail=1), n_jobs=-1
2025-06-30 23:13:16,869 - INFO - utils.stats_utils - [perform_cluster_permutation_test:210] -   Using MNE's default stat_fun (ttest_1samp_no_p) for permutation test.
2025-06-30 23:13:16,869 - INFO - utils.stats_utils - [perform_cluster_permutation_test:242] -   Input data is 2D (features). MNE will use default temporal connectivity inference if applicable.
stat_fun(H1): min=-4.613090 max=6.559447
Running initial clustering …
Using 65 thresholds from 0.10 to 6.50 for TFCE computation (h_power=2.00, e_power=0.50)
Found 801 clusters
2025-06-30 23:13:19,139 - INFO - utils.stats_utils - [perform_cluster_permutation_test:314] - Cluster permutation test completed. 801 initial clusters found (after processing slices).
2025-06-30 23:13:19,140 - INFO - utils.stats_utils - [perform_cluster_permutation_test:338] -   Significant Cluster #255: p-value = 0.0420. Mask shape: (801,), Num True points: 1
2025-06-30 23:13:19,140 - INFO - utils.stats_utils - [perform_cluster_permutation_test:338] -   Significant Cluster #449: p-value = 0.0479. Mask shape: (801,), Num True points: 1
2025-06-30 23:13:19,148 - INFO - utils.stats_utils - [perform_pointwise_fdr_correction_on_scores:439] - Performing pointwise wilcoxon with FDR correction. Data shape for test (obs, features if any): (10, 641601)
2025-06-30 23:13:19,148 - INFO - utils.stats_utils - [perform_pointwise_fdr_correction_on_scores:443] -   Parameters: chance=0.5, alpha=0.05, test_type='wilcoxon', FDR_method='indep', alternative='greater'
2025-06-30 23:24:36,069 - INFO - utils.stats_utils - [perform_pointwise_fdr_correction_on_scores:714] - FDR correction completed. 0 point(s) found significant (p_fdr < 0.05).
2025-06-30 23:24:36,072 - INFO - Baking_EEG._4_decoding_core - [run_temporal_decoding_analysis:544] - Intra-fold Cluster Permutation for TGM is SKIPPED.
2025-06-30 23:24:36,074 - INFO - examples.run_decoding_one_lg - [execute_single_subject_lg_decoding:465] -   Specific LG task 'Global Standard: Local Standard vs Local Deviant' for TpBD16: Peak AUC = 0.626
2025-06-30 23:24:36,124 - INFO - Baking_EEG._4_decoding_core - [run_temporal_decoding_analysis:68] - --- Temporal Ddcoding Analysis ---
2025-06-30 23:24:36,124 - INFO - Baking_EEG._4_decoding_core - [run_temporal_decoding_analysis:69] - Clf: svc, GS: False, CSP (temporal): False, ANOVA FS (temporal): True
2025-06-30 23:24:36,126 - INFO - base.base_decoding - [_build_standard_classifier_pipeline:57] - Pipeline à hyperparamètres fixes: type='svc', CSP: False, ANOVA FS: True
2025-06-30 23:24:36,126 - INFO - base.base_decoding - [_build_standard_classifier_pipeline:68] - DEBUG: add_csp_step type=bool, value=False, bool()=False
2025-06-30 23:24:36,127 - INFO - base.base_decoding - [_build_standard_classifier_pipeline:91] -    Étape ANOVA FS 'anova_feature_selection' ajoutée (percentile fixe=15).
2025-06-30 23:24:36,127 - INFO - base.base_decoding - [_build_standard_classifier_pipeline:123] - Structure finale du pipeline: ['scaler', 'anova_feature_selection', 'svc_classifier']
2025-06-30 23:24:36,127 - INFO - base.base_decoding - [_build_standard_classifier_pipeline:57] - Pipeline à hyperparamètres fixes: type='svc', CSP: False, ANOVA FS: False
2025-06-30 23:24:36,127 - INFO - base.base_decoding - [_build_standard_classifier_pipeline:68] - DEBUG: add_csp_step type=bool, value=False, bool()=False
2025-06-30 23:24:36,127 - INFO - base.base_decoding - [_build_standard_classifier_pipeline:123] - Structure finale du pipeline: ['scaler', 'svc_classifier']
2025-06-30 23:24:36,127 - INFO - Baking_EEG._4_decoding_core - [run_temporal_decoding_analysis:246] - CV strategy: StratifiedKFold with 10 splits.
2025-06-30 23:24:36,127 - INFO - Baking_EEG._4_decoding_core - [run_temporal_decoding_analysis:258] - Sample weights: Auto-calculated per fold (recommended for StratifiedKFold).
2025-06-30 23:24:36,146 - INFO - Baking_EEG._4_decoding_core - [run_temporal_decoding_analysis:294] - MNE Estimators: Using fold-specific balancing via class_weight='balanced' (if supported by classifier).
2025-06-30 23:24:36,146 - INFO - Baking_EEG._4_decoding_core - [run_temporal_decoding_analysis:310] - Starting 1D temporal decoding (SlidingEstimator)...
2025-06-30 23:24:51,333 - INFO - Baking_EEG._4_decoding_core - [run_temporal_decoding_analysis:338] - 1D temporal decoding done. Peak mean AUC: 0.705
2025-06-30 23:24:51,333 - INFO - Baking_EEG._4_decoding_core - [run_temporal_decoding_analysis:346] - Starting TGM computation (GeneralizingEstimator)...
2025-07-01 00:09:22,674 - INFO - Baking_EEG._4_decoding_core - [run_temporal_decoding_analysis:373] - TGM computation done. Peak mean TGM AUC: 0.718
2025-07-01 00:09:22,676 - INFO - Baking_EEG._4_decoding_core - [run_temporal_decoding_analysis:382] - Starting global decoding (n_jobs_folds=40)...
2025-07-01 00:09:34,659 - INFO - Baking_EEG._4_decoding_core - [run_temporal_decoding_analysis:439] - Global decoding done. Mean CV AUC: 0.448 +/- 0.178
2025-07-01 00:09:34,676 - INFO - Baking_EEG._4_decoding_core - [run_temporal_decoding_analysis:478] -   Overall global metrics (aggregated): {'roc_auc': '0.470', 'accuracy': '0.532', 'precision': '0.385', 'recall': '0.300', 'f1_score': '0.337', 'balanced_accuracy': '0.492'}
2025-07-01 00:09:34,676 - INFO - utils.stats_utils - [perform_pointwise_fdr_correction_on_scores:439] - Performing pointwise wilcoxon with FDR correction. Data shape for test (obs, features if any): (10, 801)
2025-07-01 00:09:34,676 - INFO - utils.stats_utils - [perform_pointwise_fdr_correction_on_scores:443] -   Parameters: chance=0.5, alpha=0.05, test_type='wilcoxon', FDR_method='indep', alternative='greater'
2025-07-01 00:09:35,551 - INFO - utils.stats_utils - [perform_pointwise_fdr_correction_on_scores:714] - FDR correction completed. 0 point(s) found significant (p_fdr < 0.05).
2025-07-01 00:09:35,551 - INFO - utils.stats_utils - [perform_cluster_permutation_test:195] - Executing cluster-based permutation test. Data shape (obs, features...): (10, 801)
2025-07-01 00:09:35,551 - INFO - utils.stats_utils - [perform_cluster_permutation_test:199] -   Parameters: n_permutations=1024, threshold_config={'start': 0.1, 'step': 0.1}, alternative='greater' (MNE tail=1), n_jobs=-1
2025-07-01 00:09:35,552 - INFO - utils.stats_utils - [perform_cluster_permutation_test:210] -   Using MNE's default stat_fun (ttest_1samp_no_p) for permutation test.
2025-07-01 00:09:35,552 - INFO - utils.stats_utils - [perform_cluster_permutation_test:242] -   Input data is 2D (features). MNE will use default temporal connectivity inference if applicable.
stat_fun(H1): min=-4.028658 max=6.144474
Running initial clustering …
Using 61 thresholds from 0.10 to 6.10 for TFCE computation (h_power=2.00, e_power=0.50)
Found 801 clusters
2025-07-01 00:09:37,855 - INFO - utils.stats_utils - [perform_cluster_permutation_test:314] - Cluster permutation test completed. 801 initial clusters found (after processing slices).
2025-07-01 00:09:37,856 - INFO - utils.stats_utils - [perform_cluster_permutation_test:344] - No clusters found to be statistically significant (p < 0.05).
2025-07-01 00:09:37,864 - INFO - utils.stats_utils - [perform_pointwise_fdr_correction_on_scores:439] - Performing pointwise wilcoxon with FDR correction. Data shape for test (obs, features if any): (10, 641601)
2025-07-01 00:09:37,864 - INFO - utils.stats_utils - [perform_pointwise_fdr_correction_on_scores:443] -   Parameters: chance=0.5, alpha=0.05, test_type='wilcoxon', FDR_method='indep', alternative='greater'
2025-07-01 00:21:28,702 - INFO - utils.stats_utils - [perform_pointwise_fdr_correction_on_scores:714] - FDR correction completed. 0 point(s) found significant (p_fdr < 0.05).
2025-07-01 00:21:28,705 - INFO - Baking_EEG._4_decoding_core - [run_temporal_decoding_analysis:544] - Intra-fold Cluster Permutation for TGM is SKIPPED.
2025-07-01 00:21:28,707 - INFO - examples.run_decoding_one_lg - [execute_single_subject_lg_decoding:465] -   Specific LG task 'Global Deviant: Local Standard vs Local Deviant' for TpBD16: Peak AUC = 0.705
2025-07-01 00:21:28,707 - INFO - examples.run_decoding_one_lg - [execute_single_subject_lg_decoding:480] -   --- Specific LG Comparisons for TpBD16 DONE ---
2025-07-01 00:21:28,707 - INFO - examples.run_decoding_one_lg - [execute_single_subject_lg_decoding:487] -   --- 3. Stats on stack of Specific LG Curves for TpBD16 ---
2025-07-01 00:21:28,708 - INFO - utils.stats_utils - [perform_pointwise_fdr_correction_on_scores:439] - Performing pointwise wilcoxon with FDR correction. Data shape for test (obs, features if any): (4, 801)
2025-07-01 00:21:28,709 - INFO - utils.stats_utils - [perform_pointwise_fdr_correction_on_scores:443] -   Parameters: chance=0.5, alpha=0.05, test_type='wilcoxon', FDR_method='indep', alternative='greater'
2025-07-01 00:21:29,482 - INFO - utils.stats_utils - [perform_pointwise_fdr_correction_on_scores:714] - FDR correction completed. 0 point(s) found significant (p_fdr < 0.05).
2025-07-01 00:21:29,482 - INFO - utils.stats_utils - [perform_cluster_permutation_test:195] - Executing cluster-based permutation test. Data shape (obs, features...): (4, 801)
2025-07-01 00:21:29,482 - INFO - utils.stats_utils - [perform_cluster_permutation_test:199] -   Parameters: n_permutations=1024, threshold_config={'start': 0.1, 'step': 0.1}, alternative='greater' (MNE tail=1), n_jobs=40
2025-07-01 00:21:29,482 - INFO - utils.stats_utils - [perform_cluster_permutation_test:210] -   Using MNE's default stat_fun (ttest_1samp_no_p) for permutation test.
2025-07-01 00:21:29,482 - INFO - utils.stats_utils - [perform_cluster_permutation_test:242] -   Input data is 2D (features). MNE will use default temporal connectivity inference if applicable.
stat_fun(H1): min=-28.118401 max=11.909475
Running initial clustering …
Using 119 thresholds from 0.10 to 11.90 for TFCE computation (h_power=2.00, e_power=0.50)
Found 801 clusters
2025-07-01 00:21:32,505 - INFO - utils.stats_utils - [perform_cluster_permutation_test:314] - Cluster permutation test completed. 801 initial clusters found (after processing slices).
2025-07-01 00:21:32,506 - INFO - utils.stats_utils - [perform_cluster_permutation_test:344] - No clusters found to be statistically significant (p < 0.05).
2025-07-01 00:21:32,507 - INFO - examples.run_decoding_one_lg - [execute_single_subject_lg_decoding:551] -   --- Stats on stack of Specific LG Curves for TpBD16 DONE ---
2025-07-01 00:21:32,511 - INFO - utils.utils - [setup_analysis_results_directory:329] - Created analysis results directory: /home/tom.balay/results/Baking_EEG_results_V12/intra_subject_lg_results/DELIRIUM-_LG_PATIENTS_DELIRIUM-/TpBD16_Single_LG_Protocol_Analysis_svc/20250701_002132
2025-07-01 00:21:32,512 - INFO - utils.utils - [setup_analysis_results_directory:337] - Organized by Group: DELIRIUM-, Protocol: LG_PATIENTS_DELIRIUM-
2025-07-01 00:21:32,948 - INFO - examples.run_decoding_one_lg - [execute_single_subject_lg_decoding:619] - LG Results saved for subject TpBD16 in /home/tom.balay/results/Baking_EEG_results_V12/intra_subject_lg_results/DELIRIUM-_LG_PATIENTS_DELIRIUM-/TpBD16_Single_LG_Protocol_Analysis_svc/20250701_002132
2025-07-01 00:21:32,948 - INFO - utils.vizualization_utils_LG - [create_subject_decoding_dashboard_plots_lg:75] - Creating LG dashboard plots for subject TpBD16
2025-07-01 00:21:32,953 - INFO - utils.stats_utils - [perform_pointwise_fdr_correction_on_scores:439] - Performing pointwise wilcoxon with FDR correction. Data shape for test (obs, features if any): (10, 801)
2025-07-01 00:21:32,953 - INFO - utils.stats_utils - [perform_pointwise_fdr_correction_on_scores:443] -   Parameters: chance=0.5, alpha=0.05, test_type='wilcoxon', FDR_method='indep', alternative='greater'
2025-07-01 00:21:33,807 - INFO - utils.stats_utils - [perform_pointwise_fdr_correction_on_scores:714] - FDR correction completed. 0 point(s) found significant (p_fdr < 0.05).
2025-07-01 00:21:33,807 - INFO - utils.stats_utils - [perform_cluster_permutation_test:188] - Adjusting MNE parallelism from requested n_jobs=1 to effective_n_jobs=4 for resource management.
2025-07-01 00:21:33,807 - INFO - utils.stats_utils - [perform_cluster_permutation_test:195] - Executing cluster-based permutation test. Data shape (obs, features...): (10, 801)
2025-07-01 00:21:33,807 - INFO - utils.stats_utils - [perform_cluster_permutation_test:199] -   Parameters: n_permutations=1024, threshold_config={'start': 0.1, 'step': 0.1}, alternative='greater' (MNE tail=1), n_jobs=4
2025-07-01 00:21:33,807 - INFO - utils.stats_utils - [perform_cluster_permutation_test:210] -   Using MNE's default stat_fun (ttest_1samp_no_p) for permutation test.
2025-07-01 00:21:33,807 - INFO - utils.stats_utils - [perform_cluster_permutation_test:242] -   Input data is 2D (features). MNE will use default temporal connectivity inference if applicable.
stat_fun(H1): min=-3.966181 max=6.025173
Running initial clustering …
Using 60 thresholds from 0.10 to 6.00 for TFCE computation (h_power=2.00, e_power=0.50)
Found 801 clusters
2025-07-01 00:21:40,708 - INFO - utils.stats_utils - [perform_cluster_permutation_test:314] - Cluster permutation test completed. 801 initial clusters found (after processing slices).
2025-07-01 00:21:40,708 - INFO - utils.stats_utils - [perform_cluster_permutation_test:344] - No clusters found to be statistically significant (p < 0.05).
2025-07-01 00:21:40,710 - INFO - utils.stats_utils - [perform_pointwise_fdr_correction_on_scores:439] - Performing pointwise wilcoxon with FDR correction. Data shape for test (obs, features if any): (10, 801)
2025-07-01 00:21:40,710 - INFO - utils.stats_utils - [perform_pointwise_fdr_correction_on_scores:443] -   Parameters: chance=0.5, alpha=0.05, test_type='wilcoxon', FDR_method='indep', alternative='greater'
2025-07-01 00:21:41,557 - INFO - utils.stats_utils - [perform_pointwise_fdr_correction_on_scores:714] - FDR correction completed. 0 point(s) found significant (p_fdr < 0.05).
2025-07-01 00:21:41,557 - INFO - utils.stats_utils - [perform_cluster_permutation_test:188] - Adjusting MNE parallelism from requested n_jobs=1 to effective_n_jobs=4 for resource management.
2025-07-01 00:21:41,557 - INFO - utils.stats_utils - [perform_cluster_permutation_test:195] - Executing cluster-based permutation test. Data shape (obs, features...): (10, 801)
2025-07-01 00:21:41,557 - INFO - utils.stats_utils - [perform_cluster_permutation_test:199] -   Parameters: n_permutations=1024, threshold_config={'start': 0.1, 'step': 0.1}, alternative='greater' (MNE tail=1), n_jobs=4
2025-07-01 00:21:41,557 - INFO - utils.stats_utils - [perform_cluster_permutation_test:210] -   Using MNE's default stat_fun (ttest_1samp_no_p) for permutation test.
2025-07-01 00:21:41,557 - INFO - utils.stats_utils - [perform_cluster_permutation_test:242] -   Input data is 2D (features). MNE will use default temporal connectivity inference if applicable.
stat_fun(H1): min=-5.707256 max=4.477608
Running initial clustering …
Using 44 thresholds from 0.10 to 4.40 for TFCE computation (h_power=2.00, e_power=0.50)
Found 801 clusters
2025-07-01 00:21:46,399 - INFO - utils.stats_utils - [perform_cluster_permutation_test:314] - Cluster permutation test completed. 801 initial clusters found (after processing slices).
2025-07-01 00:21:46,399 - INFO - utils.stats_utils - [perform_cluster_permutation_test:344] - No clusters found to be statistically significant (p < 0.05).
2025-07-01 00:21:46,400 - INFO - utils.stats_utils - [perform_pointwise_fdr_correction_on_scores:439] - Performing pointwise wilcoxon with FDR correction. Data shape for test (obs, features if any): (10, 801)
2025-07-01 00:21:46,400 - INFO - utils.stats_utils - [perform_pointwise_fdr_correction_on_scores:443] -   Parameters: chance=0.5, alpha=0.05, test_type='wilcoxon', FDR_method='indep', alternative='greater'
2025-07-01 00:21:47,243 - INFO - utils.stats_utils - [perform_pointwise_fdr_correction_on_scores:714] - FDR correction completed. 93 point(s) found significant (p_fdr < 0.05).
2025-07-01 00:21:47,243 - INFO - utils.stats_utils - [perform_cluster_permutation_test:188] - Adjusting MNE parallelism from requested n_jobs=1 to effective_n_jobs=4 for resource management.
2025-07-01 00:21:47,243 - INFO - utils.stats_utils - [perform_cluster_permutation_test:195] - Executing cluster-based permutation test. Data shape (obs, features...): (10, 801)
2025-07-01 00:21:47,243 - INFO - utils.stats_utils - [perform_cluster_permutation_test:199] -   Parameters: n_permutations=1024, threshold_config={'start': 0.1, 'step': 0.1}, alternative='greater' (MNE tail=1), n_jobs=4
2025-07-01 00:21:47,243 - INFO - utils.stats_utils - [perform_cluster_permutation_test:210] -   Using MNE's default stat_fun (ttest_1samp_no_p) for permutation test.
2025-07-01 00:21:47,243 - INFO - utils.stats_utils - [perform_cluster_permutation_test:242] -   Input data is 2D (features). MNE will use default temporal connectivity inference if applicable.
stat_fun(H1): min=-4.613090 max=6.559447
Running initial clustering …
Using 65 thresholds from 0.10 to 6.50 for TFCE computation (h_power=2.00, e_power=0.50)
Found 801 clusters
2025-07-01 00:21:51,855 - INFO - utils.stats_utils - [perform_cluster_permutation_test:314] - Cluster permutation test completed. 801 initial clusters found (after processing slices).
2025-07-01 00:21:51,855 - INFO - utils.stats_utils - [perform_cluster_permutation_test:338] -   Significant Cluster #255: p-value = 0.0420. Mask shape: (801,), Num True points: 1
2025-07-01 00:21:51,855 - INFO - utils.stats_utils - [perform_cluster_permutation_test:338] -   Significant Cluster #449: p-value = 0.0479. Mask shape: (801,), Num True points: 1
2025-07-01 00:21:51,856 - INFO - utils.stats_utils - [perform_pointwise_fdr_correction_on_scores:439] - Performing pointwise wilcoxon with FDR correction. Data shape for test (obs, features if any): (10, 801)
2025-07-01 00:21:51,856 - INFO - utils.stats_utils - [perform_pointwise_fdr_correction_on_scores:443] -   Parameters: chance=0.5, alpha=0.05, test_type='wilcoxon', FDR_method='indep', alternative='greater'
2025-07-01 00:21:52,725 - INFO - utils.stats_utils - [perform_pointwise_fdr_correction_on_scores:714] - FDR correction completed. 0 point(s) found significant (p_fdr < 0.05).
2025-07-01 00:21:52,725 - INFO - utils.stats_utils - [perform_cluster_permutation_test:188] - Adjusting MNE parallelism from requested n_jobs=1 to effective_n_jobs=4 for resource management.
2025-07-01 00:21:52,725 - INFO - utils.stats_utils - [perform_cluster_permutation_test:195] - Executing cluster-based permutation test. Data shape (obs, features...): (10, 801)
2025-07-01 00:21:52,725 - INFO - utils.stats_utils - [perform_cluster_permutation_test:199] -   Parameters: n_permutations=1024, threshold_config={'start': 0.1, 'step': 0.1}, alternative='greater' (MNE tail=1), n_jobs=4
2025-07-01 00:21:52,725 - INFO - utils.stats_utils - [perform_cluster_permutation_test:210] -   Using MNE's default stat_fun (ttest_1samp_no_p) for permutation test.
2025-07-01 00:21:52,725 - INFO - utils.stats_utils - [perform_cluster_permutation_test:242] -   Input data is 2D (features). MNE will use default temporal connectivity inference if applicable.
stat_fun(H1): min=-4.028658 max=6.144474
Running initial clustering …
Using 61 thresholds from 0.10 to 6.10 for TFCE computation (h_power=2.00, e_power=0.50)
Found 801 clusters
2025-07-01 00:21:57,878 - INFO - utils.stats_utils - [perform_cluster_permutation_test:314] - Cluster permutation test completed. 801 initial clusters found (after processing slices).
2025-07-01 00:21:57,879 - INFO - utils.stats_utils - [perform_cluster_permutation_test:344] - No clusters found to be statistically significant (p < 0.05).
2025-07-01 00:21:59,741 - INFO - utils.vizualization_utils_LG - [_create_lg_comparison_page:247] - LG comparison plot saved to: /home/tom.balay/results/Baking_EEG_results_V12/intra_subject_lg_results/DELIRIUM-_LG_PATIENTS_DELIRIUM-/TpBD16_Single_LG_Protocol_Analysis_svc/20250701_002132/lg_LD_ALL_vs_LS_ALL_TpBD16_DELIRIUM-_svc.png
2025-07-01 00:22:01,262 - INFO - utils.vizualization_utils_LG - [_create_lg_comparison_page:247] - LG comparison plot saved to: /home/tom.balay/results/Baking_EEG_results_V12/intra_subject_lg_results/DELIRIUM-_LG_PATIENTS_DELIRIUM-/TpBD16_Single_LG_Protocol_Analysis_svc/20250701_002132/lg_GD_ALL_vs_GS_ALL_TpBD16_DELIRIUM-_svc.png
2025-07-01 00:22:02,752 - INFO - utils.vizualization_utils_LG - [_create_lg_comparison_page:247] - LG comparison plot saved to: /home/tom.balay/results/Baking_EEG_results_V12/intra_subject_lg_results/DELIRIUM-_LG_PATIENTS_DELIRIUM-/TpBD16_Single_LG_Protocol_Analysis_svc/20250701_002132/lg_LSGS_vs_LSGD_TpBD16_DELIRIUM-_svc.png
2025-07-01 00:22:04,187 - INFO - utils.vizualization_utils_LG - [_create_lg_comparison_page:247] - LG comparison plot saved to: /home/tom.balay/results/Baking_EEG_results_V12/intra_subject_lg_results/DELIRIUM-_LG_PATIENTS_DELIRIUM-/TpBD16_Single_LG_Protocol_Analysis_svc/20250701_002132/lg_LDGS_vs_LDGD_TpBD16_DELIRIUM-_svc.png
2025-07-01 00:22:05,845 - INFO - utils.vizualization_utils_LG - [_create_lg_comparison_page:247] - LG comparison plot saved to: /home/tom.balay/results/Baking_EEG_results_V12/intra_subject_lg_results/DELIRIUM-_LG_PATIENTS_DELIRIUM-/TpBD16_Single_LG_Protocol_Analysis_svc/20250701_002132/lg_LSGS_vs_LDGS_TpBD16_DELIRIUM-_svc.png
2025-07-01 00:22:07,354 - INFO - utils.vizualization_utils_LG - [_create_lg_comparison_page:247] - LG comparison plot saved to: /home/tom.balay/results/Baking_EEG_results_V12/intra_subject_lg_results/DELIRIUM-_LG_PATIENTS_DELIRIUM-/TpBD16_Single_LG_Protocol_Analysis_svc/20250701_002132/lg_LSGD_vs_LDGD_TpBD16_DELIRIUM-_svc.png
2025-07-01 00:22:07,354 - INFO - utils.vizualization_utils_LG - [create_subject_decoding_dashboard_plots_lg:167] - LG dashboard plots creation completed for subject TpBD16
2025-07-01 00:22:07,355 - INFO - examples.run_decoding_one_lg - [execute_single_subject_lg_decoding:684] - LG Dashboard plots generated for subject TpBD16 in /home/tom.balay/results/Baking_EEG_results_V12/intra_subject_lg_results/DELIRIUM-_LG_PATIENTS_DELIRIUM-/TpBD16_Single_LG_Protocol_Analysis_svc/20250701_002132
2025-07-01 00:22:07,355 - INFO - examples.run_decoding_one_lg - [execute_single_subject_lg_decoding:723] - Finished processing LG for subject TpBD16 (Task Set ID: Single_LG_Protocol_Analysis). Total time: 14640.39s
submitit INFO (2025-07-01 00:22:07,369) - Job completed successfully
2025-07-01 00:22:07,369 - INFO - submitit - [process_job:56] - Job completed successfully
submitit INFO (2025-07-01 00:22:07,505) - Exiting after successful completion
2025-07-01 00:22:07,505 - INFO - submitit - [process_job:61] - Exiting after successful completion
