submitit INFO (2025-06-19 09:47:40,027) - Starting with JobEnvironment(job_id=298440, hostname=node4, local_rank=0(1), node=0(1), global_rank=0(1))
submitit INFO (2025-06-19 09:47:40,027) - Loading pickle: /home/tom.balay/Baking_EEG/bash/logs_submitit_enhanced/20250619_094737_TpSM49_LG/298440_submitted.pkl
2025-06-19 09:47:44,228 - INFO - examples.run_decoding_one_group_pp - [<module>:54] - Tentative d'import de execute_single_subject_decoding...
2025-06-19 09:47:44,229 - INFO - examples.run_decoding_one_group_pp - [<module>:57] - ✅ Import de execute_single_subject_decoding réussi
2025-06-19 09:47:44,231 - INFO - slurm_worker - [enhanced_decoding_task_wrapper:326] - ✓ execute_single_subject_lg_decoding importé avec succès
2025-06-19 09:47:44,231 - INFO - slurm_worker - [enhanced_decoding_task_wrapper:332] - Paramètres principaux - Sujet: TpSM49, Groupe: DELIRIUM +
2025-06-19 09:47:44,231 - INFO - slurm_worker - [enhanced_decoding_task_wrapper:341] - === DÉBUT EXÉCUTION ===
2025-06-19 09:47:44,231 - INFO - slurm_worker - [enhanced_decoding_task_wrapper:343] - Heure de début: 2025-06-19 09:47:44.231609
2025-06-19 09:47:44,231 - INFO - examples.run_decoding_one_lg - [execute_single_subject_lg_decoding:196] - Starting LG decoding for subject: TpSM49 (Group: DELIRIUM +, Task Set ID: Single_LG_Protocol_Analysis, Classifier: svc, GS: False, CSP: (False,), ANOVA FS: (True,), n_jobs: 40)
2025-06-19 09:47:44,231 - INFO - examples.run_decoding_one_lg - [execute_single_subject_lg_decoding:207] - Using LG loading conditions: ['LS_ALL', 'LD_ALL', 'GS_ALL', 'GD_ALL', 'LSGS', 'LSGD', 'LDGS', 'LDGD']
2025-06-19 09:47:52,244 - INFO - examples.run_decoding_one_lg - [execute_single_subject_lg_decoding:250] - --- Starting Main LG Protocol Decoding for TpSM49 ---
2025-06-19 09:47:52,245 - INFO - examples.run_decoding_one_lg - [execute_single_subject_lg_decoding:253] -   --- 1. Main LG Decoding (LS vs LD) for TpSM49 ---
2025-06-19 09:47:52,577 - WARNING - Baking_EEG._4_decoding_core - [run_temporal_decoding_analysis:54] - CORRECTION: use_csp_for_temporal_pipelines était un tuple (False,), conversion en booléen
2025-06-19 09:47:52,578 - WARNING - Baking_EEG._4_decoding_core - [run_temporal_decoding_analysis:61] - CORRECTION: use_anova_fs_for_temporal_pipelines était un tuple (True,), conversion en booléen
2025-06-19 09:47:52,578 - INFO - Baking_EEG._4_decoding_core - [run_temporal_decoding_analysis:68] - DEBUG: use_csp_for_temporal_pipelines type=bool, value=False, bool()=False
2025-06-19 09:47:52,578 - INFO - Baking_EEG._4_decoding_core - [run_temporal_decoding_analysis:76] - DEBUG: use_csp_for_temporal_pipelines type=bool, value=False, bool()=False
2025-06-19 09:47:52,578 - INFO - Baking_EEG._4_decoding_core - [run_temporal_decoding_analysis:83] - --- Temporal Ddcoding Analysis ---
2025-06-19 09:47:52,578 - INFO - Baking_EEG._4_decoding_core - [run_temporal_decoding_analysis:84] - Clf: svc, GS: False, CSP (temporal): False, ANOVA FS (temporal): True
2025-06-19 09:47:52,583 - INFO - base.base_decoding - [_build_standard_classifier_pipeline:52] - Pipeline à hyperparamètres fixes: type='svc', CSP: False, ANOVA FS: True
2025-06-19 09:47:52,583 - INFO - base.base_decoding - [_build_standard_classifier_pipeline:63] - DEBUG: add_csp_step type=bool, value=False, bool()=False
2025-06-19 09:47:52,583 - INFO - base.base_decoding - [_build_standard_classifier_pipeline:85] -    Étape ANOVA FS 'anova_feature_selection' ajoutée (percentile fixe=15).
2025-06-19 09:47:52,583 - INFO - base.base_decoding - [_build_standard_classifier_pipeline:117] - Structure finale du pipeline: ['scaler', 'anova_feature_selection', 'svc_classifier']
2025-06-19 09:47:52,583 - INFO - base.base_decoding - [_build_standard_classifier_pipeline:52] - Pipeline à hyperparamètres fixes: type='svc', CSP: False, ANOVA FS: False
2025-06-19 09:47:52,583 - INFO - base.base_decoding - [_build_standard_classifier_pipeline:63] - DEBUG: add_csp_step type=bool, value=False, bool()=False
2025-06-19 09:47:52,583 - INFO - base.base_decoding - [_build_standard_classifier_pipeline:117] - Structure finale du pipeline: ['scaler', 'svc_classifier']
2025-06-19 09:47:52,583 - INFO - Baking_EEG._4_decoding_core - [run_temporal_decoding_analysis:261] - CV strategy: StratifiedKFold with 5 splits.
2025-06-19 09:47:52,583 - INFO - Baking_EEG._4_decoding_core - [run_temporal_decoding_analysis:276] - Sample weights: Auto-calculated.
2025-06-19 09:47:52,594 - INFO - Baking_EEG._4_decoding_core - [run_temporal_decoding_analysis:315] - MNE Estimators (Fixed mode): Passing sample_weight to svc_classifier.
2025-06-19 09:47:52,594 - INFO - Baking_EEG._4_decoding_core - [run_temporal_decoding_analysis:324] - Starting 1D temporal decoding (SlidingEstimator)...
2025-06-19 09:48:50,035 - INFO - Baking_EEG._4_decoding_core - [run_temporal_decoding_analysis:352] - 1D temporal decoding done. Peak mean AUC: 0.605
2025-06-19 09:48:50,035 - INFO - Baking_EEG._4_decoding_core - [run_temporal_decoding_analysis:393] - TGM computation disabled.
2025-06-19 09:48:50,035 - INFO - Baking_EEG._4_decoding_core - [run_temporal_decoding_analysis:396] - Starting global decoding (n_jobs_folds=40)...
2025-06-19 09:56:04,427 - INFO - Baking_EEG._4_decoding_core - [run_temporal_decoding_analysis:453] - Global decoding done. Mean CV AUC: 0.691 +/- 0.015
2025-06-19 09:56:04,439 - INFO - Baking_EEG._4_decoding_core - [run_temporal_decoding_analysis:492] -   Overall global metrics (aggregated): {'roc_auc': '0.688', 'accuracy': '0.638', 'precision': '0.644', 'recall': '0.619', 'f1_score': '0.631', 'balanced_accuracy': '0.638'}
2025-06-19 09:56:04,439 - INFO - utils.stats_utils - [perform_pointwise_fdr_correction_on_scores:401] - Performing pointwise t-test with FDR correction. Data shape for t-test (obs, features if any): (5, 801)
2025-06-19 09:56:04,439 - INFO - utils.stats_utils - [perform_pointwise_fdr_correction_on_scores:405] -   Parameters: chance=0.5, alpha=0.05, FDR_method='indep', alternative='greater'
2025-06-19 09:56:04,444 - INFO - utils.stats_utils - [perform_pointwise_fdr_correction_on_scores:479] - FDR correction completed. 62 point(s) found significant (p_fdr < 0.05).
2025-06-19 09:56:04,444 - INFO - utils.stats_utils - [perform_cluster_permutation_test:164] - Executing cluster-based permutation test. Data shape (obs, features...): (5, 801)
2025-06-19 09:56:04,444 - INFO - utils.stats_utils - [perform_cluster_permutation_test:168] -   Parameters: n_permutations=1024, threshold_config={'start': 0.1, 'step': 0.1}, alternative='greater' (MNE tail=1), stat_func='auto', n_jobs=-1
2025-06-19 09:56:04,444 - INFO - utils.stats_utils - [perform_cluster_permutation_test:198] -   Using MNE's default stat_fun (ttest_1samp_no_p).
2025-06-19 09:56:04,444 - INFO - utils.stats_utils - [perform_cluster_permutation_test:215] -   Input data is 2D (features). MNE will use default temporal connectivity inference if applicable.
stat_fun(H1): min=-1.937652 max=16.083463
Running initial clustering …
Using 160 thresholds from 0.10 to 16.00 for TFCE computation (h_power=2.00, e_power=0.50)
Found 801 clusters
2025-06-19 09:56:06,243 - INFO - utils.stats_utils - [perform_cluster_permutation_test:280] - Cluster permutation test completed. 801 initial clusters found (after processing slices).
2025-06-19 09:56:06,244 - INFO - utils.stats_utils - [perform_cluster_permutation_test:310] - No clusters found to be statistically significant (p < 0.05).
2025-06-19 09:56:06,245 - INFO - examples.run_decoding_one_lg - [execute_single_subject_lg_decoding:340] - Main LG Decoding for TpSM49 DONE. Mean Global AUC: 0.691
2025-06-19 09:56:06,245 - INFO - examples.run_decoding_one_lg - [execute_single_subject_lg_decoding:349] -   --- 2. Specific LG Comparisons (e.g. LS/GS vs LS/GD, LD/GS vs LD/GD) for TpSM49 ---
2025-06-19 09:56:06,412 - WARNING - Baking_EEG._4_decoding_core - [run_temporal_decoding_analysis:54] - CORRECTION: use_csp_for_temporal_pipelines était un tuple (False,), conversion en booléen
2025-06-19 09:56:06,412 - WARNING - Baking_EEG._4_decoding_core - [run_temporal_decoding_analysis:61] - CORRECTION: use_anova_fs_for_temporal_pipelines était un tuple (True,), conversion en booléen
2025-06-19 09:56:06,412 - INFO - Baking_EEG._4_decoding_core - [run_temporal_decoding_analysis:68] - DEBUG: use_csp_for_temporal_pipelines type=bool, value=False, bool()=False
2025-06-19 09:56:06,412 - INFO - Baking_EEG._4_decoding_core - [run_temporal_decoding_analysis:76] - DEBUG: use_csp_for_temporal_pipelines type=bool, value=False, bool()=False
2025-06-19 09:56:06,412 - INFO - Baking_EEG._4_decoding_core - [run_temporal_decoding_analysis:83] - --- Temporal Ddcoding Analysis ---
2025-06-19 09:56:06,412 - INFO - Baking_EEG._4_decoding_core - [run_temporal_decoding_analysis:84] - Clf: svc, GS: False, CSP (temporal): False, ANOVA FS (temporal): True
2025-06-19 09:56:06,417 - INFO - base.base_decoding - [_build_standard_classifier_pipeline:52] - Pipeline à hyperparamètres fixes: type='svc', CSP: False, ANOVA FS: True
2025-06-19 09:56:06,417 - INFO - base.base_decoding - [_build_standard_classifier_pipeline:63] - DEBUG: add_csp_step type=bool, value=False, bool()=False
2025-06-19 09:56:06,417 - INFO - base.base_decoding - [_build_standard_classifier_pipeline:85] -    Étape ANOVA FS 'anova_feature_selection' ajoutée (percentile fixe=15).
2025-06-19 09:56:06,417 - INFO - base.base_decoding - [_build_standard_classifier_pipeline:117] - Structure finale du pipeline: ['scaler', 'anova_feature_selection', 'svc_classifier']
2025-06-19 09:56:06,418 - INFO - base.base_decoding - [_build_standard_classifier_pipeline:52] - Pipeline à hyperparamètres fixes: type='svc', CSP: False, ANOVA FS: False
2025-06-19 09:56:06,418 - INFO - base.base_decoding - [_build_standard_classifier_pipeline:63] - DEBUG: add_csp_step type=bool, value=False, bool()=False
2025-06-19 09:56:06,418 - INFO - base.base_decoding - [_build_standard_classifier_pipeline:117] - Structure finale du pipeline: ['scaler', 'svc_classifier']
2025-06-19 09:56:06,418 - INFO - Baking_EEG._4_decoding_core - [run_temporal_decoding_analysis:261] - CV strategy: StratifiedKFold with 5 splits.
2025-06-19 09:56:06,418 - INFO - Baking_EEG._4_decoding_core - [run_temporal_decoding_analysis:276] - Sample weights: Auto-calculated.
2025-06-19 09:56:06,429 - INFO - Baking_EEG._4_decoding_core - [run_temporal_decoding_analysis:315] - MNE Estimators (Fixed mode): Passing sample_weight to svc_classifier.
2025-06-19 09:56:06,429 - INFO - Baking_EEG._4_decoding_core - [run_temporal_decoding_analysis:324] - Starting 1D temporal decoding (SlidingEstimator)...
2025-06-19 09:56:42,387 - INFO - Baking_EEG._4_decoding_core - [run_temporal_decoding_analysis:352] - 1D temporal decoding done. Peak mean AUC: 0.591
2025-06-19 09:56:42,387 - INFO - Baking_EEG._4_decoding_core - [run_temporal_decoding_analysis:360] - Starting TGM computation (GeneralizingEstimator)...
2025-06-19 10:41:11,445 - INFO - Baking_EEG._4_decoding_core - [run_temporal_decoding_analysis:387] - TGM computation done. Peak mean TGM AUC: 0.617
2025-06-19 10:41:11,446 - INFO - Baking_EEG._4_decoding_core - [run_temporal_decoding_analysis:396] - Starting global decoding (n_jobs_folds=40)...
2025-06-19 10:42:44,107 - INFO - Baking_EEG._4_decoding_core - [run_temporal_decoding_analysis:453] - Global decoding done. Mean CV AUC: 0.457 +/- 0.093
2025-06-19 10:42:44,118 - INFO - Baking_EEG._4_decoding_core - [run_temporal_decoding_analysis:492] -   Overall global metrics (aggregated): {'roc_auc': '0.451', 'accuracy': '0.499', 'precision': '0.497', 'recall': '0.200', 'f1_score': '0.285', 'balanced_accuracy': '0.499'}
2025-06-19 10:42:44,118 - INFO - utils.stats_utils - [perform_pointwise_fdr_correction_on_scores:401] - Performing pointwise t-test with FDR correction. Data shape for t-test (obs, features if any): (5, 801)
2025-06-19 10:42:44,119 - INFO - utils.stats_utils - [perform_pointwise_fdr_correction_on_scores:405] -   Parameters: chance=0.5, alpha=0.05, FDR_method='indep', alternative='greater'
2025-06-19 10:42:44,121 - INFO - utils.stats_utils - [perform_pointwise_fdr_correction_on_scores:479] - FDR correction completed. 0 point(s) found significant (p_fdr < 0.05).
2025-06-19 10:42:44,121 - INFO - utils.stats_utils - [perform_cluster_permutation_test:164] - Executing cluster-based permutation test. Data shape (obs, features...): (5, 801)
2025-06-19 10:42:44,121 - INFO - utils.stats_utils - [perform_cluster_permutation_test:168] -   Parameters: n_permutations=1024, threshold_config={'start': 0.1, 'step': 0.1}, alternative='greater' (MNE tail=1), stat_func='auto', n_jobs=-1
2025-06-19 10:42:44,121 - INFO - utils.stats_utils - [perform_cluster_permutation_test:198] -   Using MNE's default stat_fun (ttest_1samp_no_p).
2025-06-19 10:42:44,121 - INFO - utils.stats_utils - [perform_cluster_permutation_test:215] -   Input data is 2D (features). MNE will use default temporal connectivity inference if applicable.
stat_fun(H1): min=-10.172187 max=7.390910
Running initial clustering …
Using 73 thresholds from 0.10 to 7.30 for TFCE computation (h_power=2.00, e_power=0.50)
Found 801 clusters
2025-06-19 10:42:45,867 - INFO - utils.stats_utils - [perform_cluster_permutation_test:280] - Cluster permutation test completed. 801 initial clusters found (after processing slices).
2025-06-19 10:42:45,867 - INFO - utils.stats_utils - [perform_cluster_permutation_test:310] - No clusters found to be statistically significant (p < 0.05).
2025-06-19 10:42:45,872 - INFO - utils.stats_utils - [perform_pointwise_fdr_correction_on_scores:401] - Performing pointwise t-test with FDR correction. Data shape for t-test (obs, features if any): (5, 641601)
2025-06-19 10:42:45,872 - INFO - utils.stats_utils - [perform_pointwise_fdr_correction_on_scores:405] -   Parameters: chance=0.5, alpha=0.05, FDR_method='indep', alternative='greater'
2025-06-19 10:42:46,174 - INFO - utils.stats_utils - [perform_pointwise_fdr_correction_on_scores:479] - FDR correction completed. 0 point(s) found significant (p_fdr < 0.05).
2025-06-19 10:42:46,175 - INFO - Baking_EEG._4_decoding_core - [run_temporal_decoding_analysis:546] - Intra-fold Cluster Permutation for TGM is SKIPPED.
2025-06-19 10:42:46,176 - INFO - examples.run_decoding_one_lg - [execute_single_subject_lg_decoding:461] -   Specific LG task 'Local Standard: Global Standard vs Global Deviant' for TpSM49: Peak AUC = 0.591
2025-06-19 10:42:46,348 - WARNING - Baking_EEG._4_decoding_core - [run_temporal_decoding_analysis:54] - CORRECTION: use_csp_for_temporal_pipelines était un tuple (False,), conversion en booléen
2025-06-19 10:42:46,348 - WARNING - Baking_EEG._4_decoding_core - [run_temporal_decoding_analysis:61] - CORRECTION: use_anova_fs_for_temporal_pipelines était un tuple (True,), conversion en booléen
2025-06-19 10:42:46,348 - INFO - Baking_EEG._4_decoding_core - [run_temporal_decoding_analysis:68] - DEBUG: use_csp_for_temporal_pipelines type=bool, value=False, bool()=False
2025-06-19 10:42:46,348 - INFO - Baking_EEG._4_decoding_core - [run_temporal_decoding_analysis:76] - DEBUG: use_csp_for_temporal_pipelines type=bool, value=False, bool()=False
2025-06-19 10:42:46,348 - INFO - Baking_EEG._4_decoding_core - [run_temporal_decoding_analysis:83] - --- Temporal Ddcoding Analysis ---
2025-06-19 10:42:46,348 - INFO - Baking_EEG._4_decoding_core - [run_temporal_decoding_analysis:84] - Clf: svc, GS: False, CSP (temporal): False, ANOVA FS (temporal): True
2025-06-19 10:42:46,353 - INFO - base.base_decoding - [_build_standard_classifier_pipeline:52] - Pipeline à hyperparamètres fixes: type='svc', CSP: False, ANOVA FS: True
2025-06-19 10:42:46,353 - INFO - base.base_decoding - [_build_standard_classifier_pipeline:63] - DEBUG: add_csp_step type=bool, value=False, bool()=False
2025-06-19 10:42:46,353 - INFO - base.base_decoding - [_build_standard_classifier_pipeline:85] -    Étape ANOVA FS 'anova_feature_selection' ajoutée (percentile fixe=15).
2025-06-19 10:42:46,353 - INFO - base.base_decoding - [_build_standard_classifier_pipeline:117] - Structure finale du pipeline: ['scaler', 'anova_feature_selection', 'svc_classifier']
2025-06-19 10:42:46,353 - INFO - base.base_decoding - [_build_standard_classifier_pipeline:52] - Pipeline à hyperparamètres fixes: type='svc', CSP: False, ANOVA FS: False
2025-06-19 10:42:46,353 - INFO - base.base_decoding - [_build_standard_classifier_pipeline:63] - DEBUG: add_csp_step type=bool, value=False, bool()=False
2025-06-19 10:42:46,353 - INFO - base.base_decoding - [_build_standard_classifier_pipeline:117] - Structure finale du pipeline: ['scaler', 'svc_classifier']
2025-06-19 10:42:46,353 - INFO - Baking_EEG._4_decoding_core - [run_temporal_decoding_analysis:261] - CV strategy: StratifiedKFold with 5 splits.
2025-06-19 10:42:46,353 - INFO - Baking_EEG._4_decoding_core - [run_temporal_decoding_analysis:276] - Sample weights: Auto-calculated.
2025-06-19 10:42:46,356 - INFO - Baking_EEG._4_decoding_core - [run_temporal_decoding_analysis:315] - MNE Estimators (Fixed mode): Passing sample_weight to svc_classifier.
2025-06-19 10:42:46,357 - INFO - Baking_EEG._4_decoding_core - [run_temporal_decoding_analysis:324] - Starting 1D temporal decoding (SlidingEstimator)...
2025-06-19 10:43:35,294 - INFO - Baking_EEG._4_decoding_core - [run_temporal_decoding_analysis:352] - 1D temporal decoding done. Peak mean AUC: 0.616
2025-06-19 10:43:35,294 - INFO - Baking_EEG._4_decoding_core - [run_temporal_decoding_analysis:360] - Starting TGM computation (GeneralizingEstimator)...
2025-06-19 11:28:22,556 - INFO - Baking_EEG._4_decoding_core - [run_temporal_decoding_analysis:387] - TGM computation done. Peak mean TGM AUC: 0.629
2025-06-19 11:28:22,557 - INFO - Baking_EEG._4_decoding_core - [run_temporal_decoding_analysis:396] - Starting global decoding (n_jobs_folds=40)...
2025-06-19 11:30:02,786 - INFO - Baking_EEG._4_decoding_core - [run_temporal_decoding_analysis:453] - Global decoding done. Mean CV AUC: 0.437 +/- 0.070
2025-06-19 11:30:02,798 - INFO - Baking_EEG._4_decoding_core - [run_temporal_decoding_analysis:492] -   Overall global metrics (aggregated): {'roc_auc': '0.461', 'accuracy': '0.514', 'precision': '0.533', 'recall': '0.220', 'f1_score': '0.311', 'balanced_accuracy': '0.514'}
2025-06-19 11:30:02,798 - INFO - utils.stats_utils - [perform_pointwise_fdr_correction_on_scores:401] - Performing pointwise t-test with FDR correction. Data shape for t-test (obs, features if any): (5, 801)
2025-06-19 11:30:02,798 - INFO - utils.stats_utils - [perform_pointwise_fdr_correction_on_scores:405] -   Parameters: chance=0.5, alpha=0.05, FDR_method='indep', alternative='greater'
2025-06-19 11:30:02,800 - INFO - utils.stats_utils - [perform_pointwise_fdr_correction_on_scores:479] - FDR correction completed. 0 point(s) found significant (p_fdr < 0.05).
2025-06-19 11:30:02,800 - INFO - utils.stats_utils - [perform_cluster_permutation_test:164] - Executing cluster-based permutation test. Data shape (obs, features...): (5, 801)
2025-06-19 11:30:02,800 - INFO - utils.stats_utils - [perform_cluster_permutation_test:168] -   Parameters: n_permutations=1024, threshold_config={'start': 0.1, 'step': 0.1}, alternative='greater' (MNE tail=1), stat_func='auto', n_jobs=-1
2025-06-19 11:30:02,800 - INFO - utils.stats_utils - [perform_cluster_permutation_test:198] -   Using MNE's default stat_fun (ttest_1samp_no_p).
2025-06-19 11:30:02,800 - INFO - utils.stats_utils - [perform_cluster_permutation_test:215] -   Input data is 2D (features). MNE will use default temporal connectivity inference if applicable.
stat_fun(H1): min=-5.905201 max=10.432016
Running initial clustering …
Using 104 thresholds from 0.10 to 10.40 for TFCE computation (h_power=2.00, e_power=0.50)
Found 801 clusters
2025-06-19 11:30:04,553 - INFO - utils.stats_utils - [perform_cluster_permutation_test:280] - Cluster permutation test completed. 801 initial clusters found (after processing slices).
2025-06-19 11:30:04,553 - INFO - utils.stats_utils - [perform_cluster_permutation_test:310] - No clusters found to be statistically significant (p < 0.05).
2025-06-19 11:30:04,558 - INFO - utils.stats_utils - [perform_pointwise_fdr_correction_on_scores:401] - Performing pointwise t-test with FDR correction. Data shape for t-test (obs, features if any): (5, 641601)
2025-06-19 11:30:04,559 - INFO - utils.stats_utils - [perform_pointwise_fdr_correction_on_scores:405] -   Parameters: chance=0.5, alpha=0.05, FDR_method='indep', alternative='greater'
2025-06-19 11:30:04,863 - INFO - utils.stats_utils - [perform_pointwise_fdr_correction_on_scores:479] - FDR correction completed. 0 point(s) found significant (p_fdr < 0.05).
2025-06-19 11:30:04,864 - INFO - Baking_EEG._4_decoding_core - [run_temporal_decoding_analysis:546] - Intra-fold Cluster Permutation for TGM is SKIPPED.
2025-06-19 11:30:04,864 - INFO - examples.run_decoding_one_lg - [execute_single_subject_lg_decoding:461] -   Specific LG task 'Local Deviant: Global Standard vs Global Deviant' for TpSM49: Peak AUC = 0.616
2025-06-19 11:30:05,131 - WARNING - Baking_EEG._4_decoding_core - [run_temporal_decoding_analysis:54] - CORRECTION: use_csp_for_temporal_pipelines était un tuple (False,), conversion en booléen
2025-06-19 11:30:05,131 - WARNING - Baking_EEG._4_decoding_core - [run_temporal_decoding_analysis:61] - CORRECTION: use_anova_fs_for_temporal_pipelines était un tuple (True,), conversion en booléen
2025-06-19 11:30:05,131 - INFO - Baking_EEG._4_decoding_core - [run_temporal_decoding_analysis:68] - DEBUG: use_csp_for_temporal_pipelines type=bool, value=False, bool()=False
2025-06-19 11:30:05,131 - INFO - Baking_EEG._4_decoding_core - [run_temporal_decoding_analysis:76] - DEBUG: use_csp_for_temporal_pipelines type=bool, value=False, bool()=False
2025-06-19 11:30:05,131 - INFO - Baking_EEG._4_decoding_core - [run_temporal_decoding_analysis:83] - --- Temporal Ddcoding Analysis ---
2025-06-19 11:30:05,131 - INFO - Baking_EEG._4_decoding_core - [run_temporal_decoding_analysis:84] - Clf: svc, GS: False, CSP (temporal): False, ANOVA FS (temporal): True
2025-06-19 11:30:05,135 - INFO - base.base_decoding - [_build_standard_classifier_pipeline:52] - Pipeline à hyperparamètres fixes: type='svc', CSP: False, ANOVA FS: True
2025-06-19 11:30:05,135 - INFO - base.base_decoding - [_build_standard_classifier_pipeline:63] - DEBUG: add_csp_step type=bool, value=False, bool()=False
2025-06-19 11:30:05,135 - INFO - base.base_decoding - [_build_standard_classifier_pipeline:85] -    Étape ANOVA FS 'anova_feature_selection' ajoutée (percentile fixe=15).
2025-06-19 11:30:05,135 - INFO - base.base_decoding - [_build_standard_classifier_pipeline:117] - Structure finale du pipeline: ['scaler', 'anova_feature_selection', 'svc_classifier']
2025-06-19 11:30:05,135 - INFO - base.base_decoding - [_build_standard_classifier_pipeline:52] - Pipeline à hyperparamètres fixes: type='svc', CSP: False, ANOVA FS: False
2025-06-19 11:30:05,135 - INFO - base.base_decoding - [_build_standard_classifier_pipeline:63] - DEBUG: add_csp_step type=bool, value=False, bool()=False
2025-06-19 11:30:05,135 - INFO - base.base_decoding - [_build_standard_classifier_pipeline:117] - Structure finale du pipeline: ['scaler', 'svc_classifier']
2025-06-19 11:30:05,135 - INFO - Baking_EEG._4_decoding_core - [run_temporal_decoding_analysis:261] - CV strategy: StratifiedKFold with 5 splits.
2025-06-19 11:30:05,136 - INFO - Baking_EEG._4_decoding_core - [run_temporal_decoding_analysis:276] - Sample weights: Auto-calculated.
2025-06-19 11:30:05,139 - INFO - Baking_EEG._4_decoding_core - [run_temporal_decoding_analysis:315] - MNE Estimators (Fixed mode): Passing sample_weight to svc_classifier.
2025-06-19 11:30:05,139 - INFO - Baking_EEG._4_decoding_core - [run_temporal_decoding_analysis:324] - Starting 1D temporal decoding (SlidingEstimator)...
2025-06-19 11:30:44,525 - INFO - Baking_EEG._4_decoding_core - [run_temporal_decoding_analysis:352] - 1D temporal decoding done. Peak mean AUC: 0.576
2025-06-19 11:30:44,525 - INFO - Baking_EEG._4_decoding_core - [run_temporal_decoding_analysis:360] - Starting TGM computation (GeneralizingEstimator)...
2025-06-19 12:16:43,454 - INFO - Baking_EEG._4_decoding_core - [run_temporal_decoding_analysis:387] - TGM computation done. Peak mean TGM AUC: 0.604
2025-06-19 12:16:43,454 - INFO - Baking_EEG._4_decoding_core - [run_temporal_decoding_analysis:396] - Starting global decoding (n_jobs_folds=40)...
2025-06-19 12:21:19,717 - INFO - Baking_EEG._4_decoding_core - [run_temporal_decoding_analysis:453] - Global decoding done. Mean CV AUC: 0.621 +/- 0.068
2025-06-19 12:21:19,728 - INFO - Baking_EEG._4_decoding_core - [run_temporal_decoding_analysis:492] -   Overall global metrics (aggregated): {'roc_auc': '0.614', 'accuracy': '0.587', 'precision': '0.587', 'recall': '0.583', 'f1_score': '0.585', 'balanced_accuracy': '0.587'}
2025-06-19 12:21:19,728 - INFO - utils.stats_utils - [perform_pointwise_fdr_correction_on_scores:401] - Performing pointwise t-test with FDR correction. Data shape for t-test (obs, features if any): (5, 801)
2025-06-19 12:21:19,728 - INFO - utils.stats_utils - [perform_pointwise_fdr_correction_on_scores:405] -   Parameters: chance=0.5, alpha=0.05, FDR_method='indep', alternative='greater'
2025-06-19 12:21:19,731 - INFO - utils.stats_utils - [perform_pointwise_fdr_correction_on_scores:479] - FDR correction completed. 0 point(s) found significant (p_fdr < 0.05).
2025-06-19 12:21:19,731 - INFO - utils.stats_utils - [perform_cluster_permutation_test:164] - Executing cluster-based permutation test. Data shape (obs, features...): (5, 801)
2025-06-19 12:21:19,731 - INFO - utils.stats_utils - [perform_cluster_permutation_test:168] -   Parameters: n_permutations=1024, threshold_config={'start': 0.1, 'step': 0.1}, alternative='greater' (MNE tail=1), stat_func='auto', n_jobs=-1
2025-06-19 12:21:19,731 - INFO - utils.stats_utils - [perform_cluster_permutation_test:198] -   Using MNE's default stat_fun (ttest_1samp_no_p).
2025-06-19 12:21:19,731 - INFO - utils.stats_utils - [perform_cluster_permutation_test:215] -   Input data is 2D (features). MNE will use default temporal connectivity inference if applicable.
stat_fun(H1): min=-1.611202 max=11.542258
Running initial clustering …
Using 115 thresholds from 0.10 to 11.50 for TFCE computation (h_power=2.00, e_power=0.50)
Found 801 clusters
2025-06-19 12:21:21,449 - INFO - utils.stats_utils - [perform_cluster_permutation_test:280] - Cluster permutation test completed. 801 initial clusters found (after processing slices).
2025-06-19 12:21:21,450 - INFO - utils.stats_utils - [perform_cluster_permutation_test:310] - No clusters found to be statistically significant (p < 0.05).
2025-06-19 12:21:21,456 - INFO - utils.stats_utils - [perform_pointwise_fdr_correction_on_scores:401] - Performing pointwise t-test with FDR correction. Data shape for t-test (obs, features if any): (5, 641601)
2025-06-19 12:21:21,456 - INFO - utils.stats_utils - [perform_pointwise_fdr_correction_on_scores:405] -   Parameters: chance=0.5, alpha=0.05, FDR_method='indep', alternative='greater'
2025-06-19 12:21:21,756 - INFO - utils.stats_utils - [perform_pointwise_fdr_correction_on_scores:479] - FDR correction completed. 0 point(s) found significant (p_fdr < 0.05).
2025-06-19 12:21:21,757 - INFO - Baking_EEG._4_decoding_core - [run_temporal_decoding_analysis:546] - Intra-fold Cluster Permutation for TGM is SKIPPED.
2025-06-19 12:21:21,758 - INFO - examples.run_decoding_one_lg - [execute_single_subject_lg_decoding:461] -   Specific LG task 'Global Standard: Local Standard vs Local Deviant' for TpSM49: Peak AUC = 0.576
2025-06-19 12:21:21,830 - WARNING - Baking_EEG._4_decoding_core - [run_temporal_decoding_analysis:54] - CORRECTION: use_csp_for_temporal_pipelines était un tuple (False,), conversion en booléen
2025-06-19 12:21:21,831 - WARNING - Baking_EEG._4_decoding_core - [run_temporal_decoding_analysis:61] - CORRECTION: use_anova_fs_for_temporal_pipelines était un tuple (True,), conversion en booléen
2025-06-19 12:21:21,831 - INFO - Baking_EEG._4_decoding_core - [run_temporal_decoding_analysis:68] - DEBUG: use_csp_for_temporal_pipelines type=bool, value=False, bool()=False
2025-06-19 12:21:21,831 - INFO - Baking_EEG._4_decoding_core - [run_temporal_decoding_analysis:76] - DEBUG: use_csp_for_temporal_pipelines type=bool, value=False, bool()=False
2025-06-19 12:21:21,831 - INFO - Baking_EEG._4_decoding_core - [run_temporal_decoding_analysis:83] - --- Temporal Ddcoding Analysis ---
2025-06-19 12:21:21,831 - INFO - Baking_EEG._4_decoding_core - [run_temporal_decoding_analysis:84] - Clf: svc, GS: False, CSP (temporal): False, ANOVA FS (temporal): True
2025-06-19 12:21:21,834 - INFO - base.base_decoding - [_build_standard_classifier_pipeline:52] - Pipeline à hyperparamètres fixes: type='svc', CSP: False, ANOVA FS: True
2025-06-19 12:21:21,834 - INFO - base.base_decoding - [_build_standard_classifier_pipeline:63] - DEBUG: add_csp_step type=bool, value=False, bool()=False
2025-06-19 12:21:21,834 - INFO - base.base_decoding - [_build_standard_classifier_pipeline:85] -    Étape ANOVA FS 'anova_feature_selection' ajoutée (percentile fixe=15).
2025-06-19 12:21:21,834 - INFO - base.base_decoding - [_build_standard_classifier_pipeline:117] - Structure finale du pipeline: ['scaler', 'anova_feature_selection', 'svc_classifier']
2025-06-19 12:21:21,834 - INFO - base.base_decoding - [_build_standard_classifier_pipeline:52] - Pipeline à hyperparamètres fixes: type='svc', CSP: False, ANOVA FS: False
2025-06-19 12:21:21,835 - INFO - base.base_decoding - [_build_standard_classifier_pipeline:63] - DEBUG: add_csp_step type=bool, value=False, bool()=False
2025-06-19 12:21:21,835 - INFO - base.base_decoding - [_build_standard_classifier_pipeline:117] - Structure finale du pipeline: ['scaler', 'svc_classifier']
2025-06-19 12:21:21,835 - INFO - Baking_EEG._4_decoding_core - [run_temporal_decoding_analysis:261] - CV strategy: StratifiedKFold with 5 splits.
2025-06-19 12:21:21,835 - INFO - Baking_EEG._4_decoding_core - [run_temporal_decoding_analysis:276] - Sample weights: Auto-calculated.
2025-06-19 12:21:21,845 - INFO - Baking_EEG._4_decoding_core - [run_temporal_decoding_analysis:315] - MNE Estimators (Fixed mode): Passing sample_weight to svc_classifier.
2025-06-19 12:21:21,845 - INFO - Baking_EEG._4_decoding_core - [run_temporal_decoding_analysis:324] - Starting 1D temporal decoding (SlidingEstimator)...
2025-06-19 12:21:33,137 - INFO - Baking_EEG._4_decoding_core - [run_temporal_decoding_analysis:352] - 1D temporal decoding done. Peak mean AUC: 0.672
2025-06-19 12:21:33,137 - INFO - Baking_EEG._4_decoding_core - [run_temporal_decoding_analysis:360] - Starting TGM computation (GeneralizingEstimator)...
2025-06-19 13:03:35,351 - INFO - Baking_EEG._4_decoding_core - [run_temporal_decoding_analysis:387] - TGM computation done. Peak mean TGM AUC: 0.678
2025-06-19 13:03:35,352 - INFO - Baking_EEG._4_decoding_core - [run_temporal_decoding_analysis:396] - Starting global decoding (n_jobs_folds=40)...
2025-06-19 13:03:54,239 - INFO - Baking_EEG._4_decoding_core - [run_temporal_decoding_analysis:453] - Global decoding done. Mean CV AUC: 0.619 +/- 0.103
2025-06-19 13:03:54,249 - INFO - Baking_EEG._4_decoding_core - [run_temporal_decoding_analysis:492] -   Overall global metrics (aggregated): {'roc_auc': '0.610', 'accuracy': '0.581', 'precision': '0.577', 'recall': '0.610', 'f1_score': '0.593', 'balanced_accuracy': '0.581'}
2025-06-19 13:03:54,249 - INFO - utils.stats_utils - [perform_pointwise_fdr_correction_on_scores:401] - Performing pointwise t-test with FDR correction. Data shape for t-test (obs, features if any): (5, 801)
2025-06-19 13:03:54,249 - INFO - utils.stats_utils - [perform_pointwise_fdr_correction_on_scores:405] -   Parameters: chance=0.5, alpha=0.05, FDR_method='indep', alternative='greater'
2025-06-19 13:03:54,251 - INFO - utils.stats_utils - [perform_pointwise_fdr_correction_on_scores:479] - FDR correction completed. 0 point(s) found significant (p_fdr < 0.05).
2025-06-19 13:03:54,251 - INFO - utils.stats_utils - [perform_cluster_permutation_test:164] - Executing cluster-based permutation test. Data shape (obs, features...): (5, 801)
2025-06-19 13:03:54,251 - INFO - utils.stats_utils - [perform_cluster_permutation_test:168] -   Parameters: n_permutations=1024, threshold_config={'start': 0.1, 'step': 0.1}, alternative='greater' (MNE tail=1), stat_func='auto', n_jobs=-1
2025-06-19 13:03:54,252 - INFO - utils.stats_utils - [perform_cluster_permutation_test:198] -   Using MNE's default stat_fun (ttest_1samp_no_p).
2025-06-19 13:03:54,252 - INFO - utils.stats_utils - [perform_cluster_permutation_test:215] -   Input data is 2D (features). MNE will use default temporal connectivity inference if applicable.
stat_fun(H1): min=-11.670747 max=8.431244
Running initial clustering …
Using 84 thresholds from 0.10 to 8.40 for TFCE computation (h_power=2.00, e_power=0.50)
Found 801 clusters
2025-06-19 13:03:55,931 - INFO - utils.stats_utils - [perform_cluster_permutation_test:280] - Cluster permutation test completed. 801 initial clusters found (after processing slices).
2025-06-19 13:03:55,931 - INFO - utils.stats_utils - [perform_cluster_permutation_test:310] - No clusters found to be statistically significant (p < 0.05).
2025-06-19 13:03:55,936 - INFO - utils.stats_utils - [perform_pointwise_fdr_correction_on_scores:401] - Performing pointwise t-test with FDR correction. Data shape for t-test (obs, features if any): (5, 641601)
2025-06-19 13:03:55,936 - INFO - utils.stats_utils - [perform_pointwise_fdr_correction_on_scores:405] -   Parameters: chance=0.5, alpha=0.05, FDR_method='indep', alternative='greater'
2025-06-19 13:03:56,245 - INFO - utils.stats_utils - [perform_pointwise_fdr_correction_on_scores:479] - FDR correction completed. 0 point(s) found significant (p_fdr < 0.05).
2025-06-19 13:03:56,246 - INFO - Baking_EEG._4_decoding_core - [run_temporal_decoding_analysis:546] - Intra-fold Cluster Permutation for TGM is SKIPPED.
2025-06-19 13:03:56,246 - INFO - examples.run_decoding_one_lg - [execute_single_subject_lg_decoding:461] -   Specific LG task 'Global Deviant: Local Standard vs Local Deviant' for TpSM49: Peak AUC = 0.672
2025-06-19 13:03:56,246 - INFO - examples.run_decoding_one_lg - [execute_single_subject_lg_decoding:476] -   --- Specific LG Comparisons for TpSM49 DONE ---
2025-06-19 13:03:56,246 - INFO - examples.run_decoding_one_lg - [execute_single_subject_lg_decoding:483] -   --- 3. Stats on stack of Specific LG Curves for TpSM49 ---
2025-06-19 13:03:56,247 - INFO - utils.stats_utils - [perform_pointwise_fdr_correction_on_scores:401] - Performing pointwise t-test with FDR correction. Data shape for t-test (obs, features if any): (4, 801)
2025-06-19 13:03:56,247 - INFO - utils.stats_utils - [perform_pointwise_fdr_correction_on_scores:405] -   Parameters: chance=0.5, alpha=0.05, FDR_method='indep', alternative='greater'
2025-06-19 13:03:56,249 - INFO - utils.stats_utils - [perform_pointwise_fdr_correction_on_scores:479] - FDR correction completed. 0 point(s) found significant (p_fdr < 0.05).
2025-06-19 13:03:56,249 - INFO - utils.stats_utils - [perform_cluster_permutation_test:164] - Executing cluster-based permutation test. Data shape (obs, features...): (4, 801)
2025-06-19 13:03:56,249 - INFO - utils.stats_utils - [perform_cluster_permutation_test:168] -   Parameters: n_permutations=1024, threshold_config={'start': 0.1, 'step': 0.1}, alternative='greater' (MNE tail=1), stat_func='auto', n_jobs=40
2025-06-19 13:03:56,249 - INFO - utils.stats_utils - [perform_cluster_permutation_test:198] -   Using MNE's default stat_fun (ttest_1samp_no_p).
2025-06-19 13:03:56,249 - INFO - utils.stats_utils - [perform_cluster_permutation_test:215] -   Input data is 2D (features). MNE will use default temporal connectivity inference if applicable.
stat_fun(H1): min=-9.200812 max=5.452576
Running initial clustering …
Using 54 thresholds from 0.10 to 5.40 for TFCE computation (h_power=2.00, e_power=0.50)
Found 801 clusters
2025-06-19 13:03:56,539 - INFO - utils.stats_utils - [perform_cluster_permutation_test:280] - Cluster permutation test completed. 801 initial clusters found (after processing slices).
2025-06-19 13:03:56,539 - INFO - utils.stats_utils - [perform_cluster_permutation_test:310] - No clusters found to be statistically significant (p < 0.05).
2025-06-19 13:03:56,539 - INFO - examples.run_decoding_one_lg - [execute_single_subject_lg_decoding:547] -   --- Stats on stack of Specific LG Curves for TpSM49 DONE ---
2025-06-19 13:03:56,543 - INFO - utils.utils - [setup_analysis_results_directory:330] - Created analysis results directory: /home/tom.balay/results/Baking_EEG_results_V7/intra_subject_lg_results/DELIRIUM +/TpSM49_Single_LG_Protocol_Analysis_svc/20250619_130356
2025-06-19 13:03:56,738 - INFO - examples.run_decoding_one_lg - [execute_single_subject_lg_decoding:611] - LG Results saved for subject TpSM49 in /home/tom.balay/results/Baking_EEG_results_V7/intra_subject_lg_results/DELIRIUM +/TpSM49_Single_LG_Protocol_Analysis_svc/20250619_130356
2025-06-19 13:03:56,739 - INFO - utils.vizualization_utils_LG - [create_subject_decoding_dashboard_plots_lg:75] - Creating LG dashboard plots for subject TpSM49
2025-06-19 13:03:56,741 - INFO - utils.stats_utils - [perform_pointwise_fdr_correction_on_scores:401] - Performing pointwise t-test with FDR correction. Data shape for t-test (obs, features if any): (5, 801)
2025-06-19 13:03:56,741 - INFO - utils.stats_utils - [perform_pointwise_fdr_correction_on_scores:405] -   Parameters: chance=0.5, alpha=0.05, FDR_method='indep', alternative='greater'
2025-06-19 13:03:56,743 - INFO - utils.stats_utils - [perform_pointwise_fdr_correction_on_scores:479] - FDR correction completed. 0 point(s) found significant (p_fdr < 0.05).
2025-06-19 13:03:56,743 - INFO - utils.stats_utils - [perform_cluster_permutation_test:157] - Adjusting MNE parallelism from requested n_jobs=1 to effective_n_jobs=4 for resource management.
2025-06-19 13:03:56,743 - INFO - utils.stats_utils - [perform_cluster_permutation_test:164] - Executing cluster-based permutation test. Data shape (obs, features...): (5, 801)
2025-06-19 13:03:56,743 - INFO - utils.stats_utils - [perform_cluster_permutation_test:168] -   Parameters: n_permutations=1024, threshold_config={'start': 0.1, 'step': 0.1}, alternative='greater' (MNE tail=1), stat_func='auto', n_jobs=4
2025-06-19 13:03:56,743 - INFO - utils.stats_utils - [perform_cluster_permutation_test:198] -   Using MNE's default stat_fun (ttest_1samp_no_p).
2025-06-19 13:03:56,743 - INFO - utils.stats_utils - [perform_cluster_permutation_test:215] -   Input data is 2D (features). MNE will use default temporal connectivity inference if applicable.
stat_fun(H1): min=-10.172187 max=7.390910
Running initial clustering …
Using 73 thresholds from 0.10 to 7.30 for TFCE computation (h_power=2.00, e_power=0.50)
Found 801 clusters
2025-06-19 13:03:58,387 - INFO - utils.stats_utils - [perform_cluster_permutation_test:280] - Cluster permutation test completed. 801 initial clusters found (after processing slices).
2025-06-19 13:03:58,388 - INFO - utils.stats_utils - [perform_cluster_permutation_test:310] - No clusters found to be statistically significant (p < 0.05).
2025-06-19 13:03:58,388 - INFO - utils.stats_utils - [perform_pointwise_fdr_correction_on_scores:401] - Performing pointwise t-test with FDR correction. Data shape for t-test (obs, features if any): (5, 801)
2025-06-19 13:03:58,388 - INFO - utils.stats_utils - [perform_pointwise_fdr_correction_on_scores:405] -   Parameters: chance=0.5, alpha=0.05, FDR_method='indep', alternative='greater'
2025-06-19 13:03:58,390 - INFO - utils.stats_utils - [perform_pointwise_fdr_correction_on_scores:479] - FDR correction completed. 0 point(s) found significant (p_fdr < 0.05).
2025-06-19 13:03:58,390 - INFO - utils.stats_utils - [perform_cluster_permutation_test:157] - Adjusting MNE parallelism from requested n_jobs=1 to effective_n_jobs=4 for resource management.
2025-06-19 13:03:58,390 - INFO - utils.stats_utils - [perform_cluster_permutation_test:164] - Executing cluster-based permutation test. Data shape (obs, features...): (5, 801)
2025-06-19 13:03:58,390 - INFO - utils.stats_utils - [perform_cluster_permutation_test:168] -   Parameters: n_permutations=1024, threshold_config={'start': 0.1, 'step': 0.1}, alternative='greater' (MNE tail=1), stat_func='auto', n_jobs=4
2025-06-19 13:03:58,391 - INFO - utils.stats_utils - [perform_cluster_permutation_test:198] -   Using MNE's default stat_fun (ttest_1samp_no_p).
2025-06-19 13:03:58,391 - INFO - utils.stats_utils - [perform_cluster_permutation_test:215] -   Input data is 2D (features). MNE will use default temporal connectivity inference if applicable.
stat_fun(H1): min=-5.905201 max=10.432016
Running initial clustering …
Using 104 thresholds from 0.10 to 10.40 for TFCE computation (h_power=2.00, e_power=0.50)
Found 801 clusters
2025-06-19 13:03:58,655 - INFO - utils.stats_utils - [perform_cluster_permutation_test:280] - Cluster permutation test completed. 801 initial clusters found (after processing slices).
2025-06-19 13:03:58,655 - INFO - utils.stats_utils - [perform_cluster_permutation_test:310] - No clusters found to be statistically significant (p < 0.05).
2025-06-19 13:03:58,656 - INFO - utils.stats_utils - [perform_pointwise_fdr_correction_on_scores:401] - Performing pointwise t-test with FDR correction. Data shape for t-test (obs, features if any): (5, 801)
2025-06-19 13:03:58,656 - INFO - utils.stats_utils - [perform_pointwise_fdr_correction_on_scores:405] -   Parameters: chance=0.5, alpha=0.05, FDR_method='indep', alternative='greater'
2025-06-19 13:03:58,657 - INFO - utils.stats_utils - [perform_pointwise_fdr_correction_on_scores:479] - FDR correction completed. 0 point(s) found significant (p_fdr < 0.05).
2025-06-19 13:03:58,657 - INFO - utils.stats_utils - [perform_cluster_permutation_test:157] - Adjusting MNE parallelism from requested n_jobs=1 to effective_n_jobs=4 for resource management.
2025-06-19 13:03:58,657 - INFO - utils.stats_utils - [perform_cluster_permutation_test:164] - Executing cluster-based permutation test. Data shape (obs, features...): (5, 801)
2025-06-19 13:03:58,658 - INFO - utils.stats_utils - [perform_cluster_permutation_test:168] -   Parameters: n_permutations=1024, threshold_config={'start': 0.1, 'step': 0.1}, alternative='greater' (MNE tail=1), stat_func='auto', n_jobs=4
2025-06-19 13:03:58,658 - INFO - utils.stats_utils - [perform_cluster_permutation_test:198] -   Using MNE's default stat_fun (ttest_1samp_no_p).
2025-06-19 13:03:58,658 - INFO - utils.stats_utils - [perform_cluster_permutation_test:215] -   Input data is 2D (features). MNE will use default temporal connectivity inference if applicable.
stat_fun(H1): min=-1.611202 max=11.542258
Running initial clustering …
Using 115 thresholds from 0.10 to 11.50 for TFCE computation (h_power=2.00, e_power=0.50)
Found 801 clusters
2025-06-19 13:03:58,819 - INFO - utils.stats_utils - [perform_cluster_permutation_test:280] - Cluster permutation test completed. 801 initial clusters found (after processing slices).
2025-06-19 13:03:58,819 - INFO - utils.stats_utils - [perform_cluster_permutation_test:310] - No clusters found to be statistically significant (p < 0.05).
2025-06-19 13:03:58,819 - INFO - utils.stats_utils - [perform_pointwise_fdr_correction_on_scores:401] - Performing pointwise t-test with FDR correction. Data shape for t-test (obs, features if any): (5, 801)
2025-06-19 13:03:58,819 - INFO - utils.stats_utils - [perform_pointwise_fdr_correction_on_scores:405] -   Parameters: chance=0.5, alpha=0.05, FDR_method='indep', alternative='greater'
2025-06-19 13:03:58,821 - INFO - utils.stats_utils - [perform_pointwise_fdr_correction_on_scores:479] - FDR correction completed. 0 point(s) found significant (p_fdr < 0.05).
2025-06-19 13:03:58,821 - INFO - utils.stats_utils - [perform_cluster_permutation_test:157] - Adjusting MNE parallelism from requested n_jobs=1 to effective_n_jobs=4 for resource management.
2025-06-19 13:03:58,821 - INFO - utils.stats_utils - [perform_cluster_permutation_test:164] - Executing cluster-based permutation test. Data shape (obs, features...): (5, 801)
2025-06-19 13:03:58,821 - INFO - utils.stats_utils - [perform_cluster_permutation_test:168] -   Parameters: n_permutations=1024, threshold_config={'start': 0.1, 'step': 0.1}, alternative='greater' (MNE tail=1), stat_func='auto', n_jobs=4
2025-06-19 13:03:58,821 - INFO - utils.stats_utils - [perform_cluster_permutation_test:198] -   Using MNE's default stat_fun (ttest_1samp_no_p).
2025-06-19 13:03:58,821 - INFO - utils.stats_utils - [perform_cluster_permutation_test:215] -   Input data is 2D (features). MNE will use default temporal connectivity inference if applicable.
stat_fun(H1): min=-11.670747 max=8.431244
Running initial clustering …
Using 84 thresholds from 0.10 to 8.40 for TFCE computation (h_power=2.00, e_power=0.50)
Found 801 clusters
2025-06-19 13:03:58,978 - INFO - utils.stats_utils - [perform_cluster_permutation_test:280] - Cluster permutation test completed. 801 initial clusters found (after processing slices).
2025-06-19 13:03:58,979 - INFO - utils.stats_utils - [perform_cluster_permutation_test:310] - No clusters found to be statistically significant (p < 0.05).
2025-06-19 13:03:59,962 - INFO - utils.vizualization_utils_LG - [_create_lg_comparison_page:244] - LG comparison plot saved to: /home/tom.balay/results/Baking_EEG_results_V7/intra_subject_lg_results/DELIRIUM +/TpSM49_Single_LG_Protocol_Analysis_svc/20250619_130356/lg_LD_ALL_vs_LS_ALL_TpSM49_DELIRIUM +_svc.png
2025-06-19 13:04:00,786 - INFO - utils.vizualization_utils_LG - [_create_lg_comparison_page:244] - LG comparison plot saved to: /home/tom.balay/results/Baking_EEG_results_V7/intra_subject_lg_results/DELIRIUM +/TpSM49_Single_LG_Protocol_Analysis_svc/20250619_130356/lg_GD_ALL_vs_GS_ALL_TpSM49_DELIRIUM +_svc.png
2025-06-19 13:04:01,431 - INFO - utils.vizualization_utils_LG - [_create_lg_comparison_page:244] - LG comparison plot saved to: /home/tom.balay/results/Baking_EEG_results_V7/intra_subject_lg_results/DELIRIUM +/TpSM49_Single_LG_Protocol_Analysis_svc/20250619_130356/lg_LSGS_vs_LSGD_TpSM49_DELIRIUM +_svc.png
2025-06-19 13:04:02,156 - INFO - utils.vizualization_utils_LG - [_create_lg_comparison_page:244] - LG comparison plot saved to: /home/tom.balay/results/Baking_EEG_results_V7/intra_subject_lg_results/DELIRIUM +/TpSM49_Single_LG_Protocol_Analysis_svc/20250619_130356/lg_LDGS_vs_LDGD_TpSM49_DELIRIUM +_svc.png
2025-06-19 13:04:02,894 - INFO - utils.vizualization_utils_LG - [_create_lg_comparison_page:244] - LG comparison plot saved to: /home/tom.balay/results/Baking_EEG_results_V7/intra_subject_lg_results/DELIRIUM +/TpSM49_Single_LG_Protocol_Analysis_svc/20250619_130356/lg_LSGS_vs_LDGS_TpSM49_DELIRIUM +_svc.png
2025-06-19 13:04:03,501 - INFO - utils.vizualization_utils_LG - [_create_lg_comparison_page:244] - LG comparison plot saved to: /home/tom.balay/results/Baking_EEG_results_V7/intra_subject_lg_results/DELIRIUM +/TpSM49_Single_LG_Protocol_Analysis_svc/20250619_130356/lg_LSGD_vs_LDGD_TpSM49_DELIRIUM +_svc.png
2025-06-19 13:04:03,501 - INFO - utils.vizualization_utils_LG - [create_subject_decoding_dashboard_plots_lg:167] - LG dashboard plots creation completed for subject TpSM49
2025-06-19 13:04:03,501 - INFO - examples.run_decoding_one_lg - [execute_single_subject_lg_decoding:676] - LG Dashboard plots generated for subject TpSM49 in /home/tom.balay/results/Baking_EEG_results_V7/intra_subject_lg_results/DELIRIUM +/TpSM49_Single_LG_Protocol_Analysis_svc/20250619_130356
2025-06-19 13:04:03,501 - INFO - examples.run_decoding_one_lg - [execute_single_subject_lg_decoding:715] - Finished processing LG for subject TpSM49 (Task Set ID: Single_LG_Protocol_Analysis). Total time: 11779.27s
2025-06-19 13:04:03,516 - INFO - slurm_worker - [enhanced_decoding_task_wrapper:349] - Heure de fin: 2025-06-19 13:04:03.516052
2025-06-19 13:04:03,516 - INFO - slurm_worker - [enhanced_decoding_task_wrapper:350] - Durée d'exécution: 3:16:19.284443
2025-06-19 13:04:03,516 - INFO - slurm_worker - [enhanced_decoding_task_wrapper:351] - Type de résultat: <class 'dict'>
2025-06-19 13:04:03,516 - INFO - slurm_worker - [enhanced_decoding_task_wrapper:354] - Clés du résultat: ['subject_id', 'group', 'decoding_protocol_identifier', 'classifier_type_used', 'epochs_time_points', 'lg_main_original_labels', 'lg_main_pred_probas_global', 'lg_main_pred_labels_global', 'lg_main_cv_global_scores', 'lg_main_scores_1d_all_folds', 'lg_main_scores_1d_mean', 'lg_main_temporal_1d_fdr', 'lg_main_temporal_1d_cluster', 'lg_main_tgm_all_folds', 'lg_main_tgm_mean', 'lg_main_tgm_fdr', 'lg_main_mean_auc_global', 'lg_main_global_metrics', 'lg_specific_comparison_results', 'lg_mean_of_specific_scores_1d', 'lg_sem_of_specific_scores_1d', 'lg_mean_specific_fdr', 'lg_mean_specific_cluster', 'lg_global_effect_results', 'lg_local_effect_centric_avg_results']
2025-06-19 13:04:03,516 - INFO - slurm_worker - [enhanced_decoding_task_wrapper:356] - ✓ EXÉCUTION TERMINÉE AVEC SUCCÈS
2025-06-19 13:04:03,516 - INFO - slurm_worker - [enhanced_decoding_task_wrapper:371] - ================================================================================
2025-06-19 13:04:03,516 - INFO - slurm_worker - [enhanced_decoding_task_wrapper:372] - === FIN DU WORKER SUBMITIT ===
2025-06-19 13:04:03,516 - INFO - slurm_worker - [enhanced_decoding_task_wrapper:373] - ================================================================================
submitit INFO (2025-06-19 13:04:03,516) - Job completed successfully
2025-06-19 13:04:03,516 - INFO - submitit - [process_job:56] - Job completed successfully
submitit INFO (2025-06-19 13:04:03,588) - Exiting after successful completion
2025-06-19 13:04:03,588 - INFO - submitit - [process_job:61] - Exiting after successful completion
