submitit INFO (2025-06-18 16:53:08,636) - Starting with JobEnvironment(job_id=298434, hostname=node8, local_rank=0(1), node=0(1), global_rank=0(1))
submitit INFO (2025-06-18 16:53:08,636) - Loading pickle: /home/tom.balay/Baking_EEG/bash/logs_submitit_enhanced/20250618_165305_TpSM49_LG/298434_submitted.pkl
2025-06-18 16:53:17,662 - INFO - examples.run_decoding_one_group_pp - [<module>:54] - Tentative d'import de execute_single_subject_decoding...
2025-06-18 16:53:17,663 - INFO - examples.run_decoding_one_group_pp - [<module>:57] - ✅ Import de execute_single_subject_decoding réussi
2025-06-18 16:53:17,667 - INFO - slurm_worker - [enhanced_decoding_task_wrapper:300] - ✓ execute_single_subject_lg_decoding importé avec succès
2025-06-18 16:53:17,667 - INFO - slurm_worker - [enhanced_decoding_task_wrapper:305] - Paramètres principaux - Sujet: TpSM49, Groupe: DELIRIUM +
2025-06-18 16:53:17,667 - INFO - slurm_worker - [enhanced_decoding_task_wrapper:312] - === DÉBUT EXÉCUTION ===
2025-06-18 16:53:17,667 - INFO - slurm_worker - [enhanced_decoding_task_wrapper:314] - Heure de début: 2025-06-18 16:53:17.667901
2025-06-18 16:53:17,668 - INFO - examples.run_decoding_one_lg - [execute_single_subject_lg_decoding:196] - Starting LG decoding for subject: TpSM49 (Group: DELIRIUM +, Task Set ID: Single_LG_Protocol_Analysis, Classifier: svc, GS: False, CSP: (False,), ANOVA FS: (True,), n_jobs: 40)
2025-06-18 16:53:17,668 - INFO - examples.run_decoding_one_lg - [execute_single_subject_lg_decoding:207] - Using LG loading conditions: ['LS_ALL', 'LD_ALL', 'GS_ALL', 'GD_ALL', 'LSGS', 'LSGD', 'LDGS', 'LDGD']
2025-06-18 16:53:27,566 - INFO - examples.run_decoding_one_lg - [execute_single_subject_lg_decoding:250] - --- Starting Main LG Protocol Decoding for TpSM49 ---
2025-06-18 16:53:27,568 - INFO - examples.run_decoding_one_lg - [execute_single_subject_lg_decoding:253] -   --- 1. Main LG Decoding (LS vs LD) for TpSM49 ---
2025-06-18 16:53:28,492 - WARNING - Baking_EEG._4_decoding_core - [run_temporal_decoding_analysis:54] - CORRECTION: use_csp_for_temporal_pipelines était un tuple (False,), conversion en booléen
2025-06-18 16:53:28,493 - WARNING - Baking_EEG._4_decoding_core - [run_temporal_decoding_analysis:61] - CORRECTION: use_anova_fs_for_temporal_pipelines était un tuple (True,), conversion en booléen
2025-06-18 16:53:28,493 - INFO - Baking_EEG._4_decoding_core - [run_temporal_decoding_analysis:68] - DEBUG: use_csp_for_temporal_pipelines type=bool, value=False, bool()=False
2025-06-18 16:53:28,493 - INFO - Baking_EEG._4_decoding_core - [run_temporal_decoding_analysis:76] - DEBUG: use_csp_for_temporal_pipelines type=bool, value=False, bool()=False
2025-06-18 16:53:28,494 - INFO - Baking_EEG._4_decoding_core - [run_temporal_decoding_analysis:83] - --- Temporal Ddcoding Analysis ---
2025-06-18 16:53:28,494 - INFO - Baking_EEG._4_decoding_core - [run_temporal_decoding_analysis:84] - Clf: svc, GS: False, CSP (temporal): False, ANOVA FS (temporal): True
2025-06-18 16:53:28,508 - INFO - base.base_decoding - [_build_standard_classifier_pipeline:53] - Pipeline à hyperparamètres fixes: type='svc', CSP: False, ANOVA FS: True
2025-06-18 16:53:28,509 - INFO - base.base_decoding - [_build_standard_classifier_pipeline:64] - DEBUG: add_csp_step type=bool, value=False, bool()=False
2025-06-18 16:53:28,509 - INFO - base.base_decoding - [_build_standard_classifier_pipeline:86] -    Étape ANOVA FS 'anova_feature_selection' ajoutée (percentile fixe=15).
2025-06-18 16:53:28,510 - INFO - base.base_decoding - [_build_standard_classifier_pipeline:118] - Structure finale du pipeline: ['scaler', 'anova_feature_selection', 'svc_classifier']
2025-06-18 16:53:28,510 - INFO - base.base_decoding - [_build_standard_classifier_pipeline:53] - Pipeline à hyperparamètres fixes: type='svc', CSP: False, ANOVA FS: False
2025-06-18 16:53:28,510 - INFO - base.base_decoding - [_build_standard_classifier_pipeline:64] - DEBUG: add_csp_step type=bool, value=False, bool()=False
2025-06-18 16:53:28,510 - INFO - base.base_decoding - [_build_standard_classifier_pipeline:118] - Structure finale du pipeline: ['scaler', 'svc_classifier']
2025-06-18 16:53:28,511 - INFO - Baking_EEG._4_decoding_core - [run_temporal_decoding_analysis:261] - CV strategy: StratifiedKFold with 5 splits.
2025-06-18 16:53:28,513 - INFO - Baking_EEG._4_decoding_core - [run_temporal_decoding_analysis:276] - Sample weights: Auto-calculated.
2025-06-18 16:53:28,545 - INFO - Baking_EEG._4_decoding_core - [run_temporal_decoding_analysis:315] - MNE Estimators (Fixed mode): Passing sample_weight to svc_classifier.
2025-06-18 16:53:28,546 - INFO - Baking_EEG._4_decoding_core - [run_temporal_decoding_analysis:324] - Starting 1D temporal decoding (SlidingEstimator)...
2025-06-18 16:56:10,718 - INFO - Baking_EEG._4_decoding_core - [run_temporal_decoding_analysis:352] - 1D temporal decoding done. Peak mean AUC: 0.605
2025-06-18 16:56:10,720 - INFO - Baking_EEG._4_decoding_core - [run_temporal_decoding_analysis:393] - TGM computation disabled.
2025-06-18 16:56:10,720 - INFO - Baking_EEG._4_decoding_core - [run_temporal_decoding_analysis:396] - Starting global decoding (n_jobs_folds=40)...
2025-06-18 17:11:59,650 - INFO - Baking_EEG._4_decoding_core - [run_temporal_decoding_analysis:453] - Global decoding done. Mean CV AUC: 0.691 +/- 0.015
2025-06-18 17:11:59,702 - INFO - Baking_EEG._4_decoding_core - [run_temporal_decoding_analysis:492] -   Overall global metrics (aggregated): {'roc_auc': '0.688', 'accuracy': '0.638', 'precision': '0.644', 'recall': '0.619', 'f1_score': '0.631', 'balanced_accuracy': '0.638'}
2025-06-18 17:11:59,703 - INFO - utils.stats_utils - [perform_pointwise_fdr_correction_on_scores:401] - Performing pointwise t-test with FDR correction. Data shape for t-test (obs, features if any): (5, 801)
2025-06-18 17:11:59,703 - INFO - utils.stats_utils - [perform_pointwise_fdr_correction_on_scores:405] -   Parameters: chance=0.5, alpha=0.05, FDR_method='indep', alternative='greater'
2025-06-18 17:11:59,711 - INFO - utils.stats_utils - [perform_pointwise_fdr_correction_on_scores:479] - FDR correction completed. 62 point(s) found significant (p_fdr < 0.05).
2025-06-18 17:11:59,711 - INFO - utils.stats_utils - [perform_cluster_permutation_test:164] - Executing cluster-based permutation test. Data shape (obs, features...): (5, 801)
2025-06-18 17:11:59,712 - INFO - utils.stats_utils - [perform_cluster_permutation_test:168] -   Parameters: n_permutations=1024, threshold_config={'start': 0.1, 'step': 0.1}, alternative='greater' (MNE tail=1), stat_func='auto', n_jobs=-1
2025-06-18 17:11:59,712 - INFO - utils.stats_utils - [perform_cluster_permutation_test:198] -   Using MNE's default stat_fun (ttest_1samp_no_p).
2025-06-18 17:11:59,712 - INFO - utils.stats_utils - [perform_cluster_permutation_test:215] -   Input data is 2D (features). MNE will use default temporal connectivity inference if applicable.
stat_fun(H1): min=-1.937652 max=16.083463
Running initial clustering …
Using 160 thresholds from 0.10 to 16.00 for TFCE computation (h_power=2.00, e_power=0.50)
Found 801 clusters
2025-06-18 17:12:04,962 - INFO - utils.stats_utils - [perform_cluster_permutation_test:280] - Cluster permutation test completed. 801 initial clusters found (after processing slices).
2025-06-18 17:12:04,963 - INFO - utils.stats_utils - [perform_cluster_permutation_test:310] - No clusters found to be statistically significant (p < 0.05).
2025-06-18 17:12:04,970 - INFO - examples.run_decoding_one_lg - [execute_single_subject_lg_decoding:340] - Main LG Decoding for TpSM49 DONE. Mean Global AUC: 0.691
2025-06-18 17:12:04,970 - INFO - examples.run_decoding_one_lg - [execute_single_subject_lg_decoding:349] -   --- 2. Specific LG Comparisons (e.g. LS/GS vs LS/GD, LD/GS vs LD/GD) for TpSM49 ---
2025-06-18 17:12:05,435 - WARNING - Baking_EEG._4_decoding_core - [run_temporal_decoding_analysis:54] - CORRECTION: use_csp_for_temporal_pipelines était un tuple (False,), conversion en booléen
2025-06-18 17:12:05,435 - WARNING - Baking_EEG._4_decoding_core - [run_temporal_decoding_analysis:61] - CORRECTION: use_anova_fs_for_temporal_pipelines était un tuple (True,), conversion en booléen
2025-06-18 17:12:05,435 - INFO - Baking_EEG._4_decoding_core - [run_temporal_decoding_analysis:68] - DEBUG: use_csp_for_temporal_pipelines type=bool, value=False, bool()=False
2025-06-18 17:12:05,436 - INFO - Baking_EEG._4_decoding_core - [run_temporal_decoding_analysis:76] - DEBUG: use_csp_for_temporal_pipelines type=bool, value=False, bool()=False
2025-06-18 17:12:05,436 - INFO - Baking_EEG._4_decoding_core - [run_temporal_decoding_analysis:83] - --- Temporal Ddcoding Analysis ---
2025-06-18 17:12:05,436 - INFO - Baking_EEG._4_decoding_core - [run_temporal_decoding_analysis:84] - Clf: svc, GS: False, CSP (temporal): False, ANOVA FS (temporal): True
2025-06-18 17:12:05,450 - INFO - base.base_decoding - [_build_standard_classifier_pipeline:53] - Pipeline à hyperparamètres fixes: type='svc', CSP: False, ANOVA FS: True
2025-06-18 17:12:05,451 - INFO - base.base_decoding - [_build_standard_classifier_pipeline:64] - DEBUG: add_csp_step type=bool, value=False, bool()=False
2025-06-18 17:12:05,451 - INFO - base.base_decoding - [_build_standard_classifier_pipeline:86] -    Étape ANOVA FS 'anova_feature_selection' ajoutée (percentile fixe=15).
2025-06-18 17:12:05,452 - INFO - base.base_decoding - [_build_standard_classifier_pipeline:118] - Structure finale du pipeline: ['scaler', 'anova_feature_selection', 'svc_classifier']
2025-06-18 17:12:05,452 - INFO - base.base_decoding - [_build_standard_classifier_pipeline:53] - Pipeline à hyperparamètres fixes: type='svc', CSP: False, ANOVA FS: False
2025-06-18 17:12:05,452 - INFO - base.base_decoding - [_build_standard_classifier_pipeline:64] - DEBUG: add_csp_step type=bool, value=False, bool()=False
2025-06-18 17:12:05,453 - INFO - base.base_decoding - [_build_standard_classifier_pipeline:118] - Structure finale du pipeline: ['scaler', 'svc_classifier']
2025-06-18 17:12:05,453 - INFO - Baking_EEG._4_decoding_core - [run_temporal_decoding_analysis:261] - CV strategy: StratifiedKFold with 5 splits.
2025-06-18 17:12:05,454 - INFO - Baking_EEG._4_decoding_core - [run_temporal_decoding_analysis:276] - Sample weights: Auto-calculated.
2025-06-18 17:12:05,480 - INFO - Baking_EEG._4_decoding_core - [run_temporal_decoding_analysis:315] - MNE Estimators (Fixed mode): Passing sample_weight to svc_classifier.
2025-06-18 17:12:05,480 - INFO - Baking_EEG._4_decoding_core - [run_temporal_decoding_analysis:324] - Starting 1D temporal decoding (SlidingEstimator)...
2025-06-18 17:13:50,032 - INFO - Baking_EEG._4_decoding_core - [run_temporal_decoding_analysis:352] - 1D temporal decoding done. Peak mean AUC: 0.591
2025-06-18 17:13:50,034 - INFO - Baking_EEG._4_decoding_core - [run_temporal_decoding_analysis:360] - Starting TGM computation (GeneralizingEstimator)...
