submitit INFO (2025-06-30 23:48:43,729) - Starting with JobEnvironment(job_id=352662, hostname=node6, local_rank=0(1), node=0(1), global_rank=0(1))
submitit INFO (2025-06-30 23:48:43,729) - Loading pickle: /home/tom.balay/Baking_EEG/submitit/logs_submitit_jobs_LG/20250630_102701_TpPA35_LG/352662_submitted.pkl
2025-06-30 23:48:47,420 - INFO - examples.run_decoding_one_group_pp - [<module>:39] - Tentative d'import de execute_single_subject_decoding...
2025-06-30 23:48:47,420 - INFO - examples.run_decoding_one_group_pp - [<module>:42] - ✅ Import de execute_single_subject_decoding réussi
2025-06-30 23:48:47,423 - INFO - examples.run_decoding_one_lg - [execute_single_subject_lg_decoding:193] - Starting LG decoding for subject: TpPA35 (Group: DELIRIUM-, Task Set ID: Single_LG_Protocol_Analysis, Classifier: svc, GS: False, CSP: False, ANOVA FS: True, n_jobs: 40)
2025-06-30 23:48:47,423 - INFO - examples.run_decoding_one_lg - [execute_single_subject_lg_decoding:204] - Using LG loading conditions: ['LS_ALL', 'LD_ALL', 'GS_ALL', 'GD_ALL', 'LSGS', 'LSGD', 'LDGS', 'LDGD']
2025-06-30 23:48:55,911 - INFO - examples.run_decoding_one_lg - [execute_single_subject_lg_decoding:213] - Detected protocol 'LG_PATIENTS_DELIRIUM-' for subject TpPA35
2025-06-30 23:48:55,912 - INFO - examples.run_decoding_one_lg - [execute_single_subject_lg_decoding:254] - --- Starting Main LG Protocol Decoding for TpPA35 ---
2025-06-30 23:48:55,913 - INFO - examples.run_decoding_one_lg - [execute_single_subject_lg_decoding:257] -   --- 1. Main LG Decoding (LS vs LD) for TpPA35 ---
2025-06-30 23:48:56,277 - INFO - Baking_EEG._4_decoding_core - [run_temporal_decoding_analysis:68] - --- Temporal Ddcoding Analysis ---
2025-06-30 23:48:56,277 - INFO - Baking_EEG._4_decoding_core - [run_temporal_decoding_analysis:69] - Clf: svc, GS: False, CSP (temporal): False, ANOVA FS (temporal): True
2025-06-30 23:48:56,283 - INFO - base.base_decoding - [_build_standard_classifier_pipeline:57] - Pipeline à hyperparamètres fixes: type='svc', CSP: False, ANOVA FS: True
2025-06-30 23:48:56,283 - INFO - base.base_decoding - [_build_standard_classifier_pipeline:68] - DEBUG: add_csp_step type=bool, value=False, bool()=False
2025-06-30 23:48:56,283 - INFO - base.base_decoding - [_build_standard_classifier_pipeline:91] -    Étape ANOVA FS 'anova_feature_selection' ajoutée (percentile fixe=15).
2025-06-30 23:48:56,283 - INFO - base.base_decoding - [_build_standard_classifier_pipeline:123] - Structure finale du pipeline: ['scaler', 'anova_feature_selection', 'svc_classifier']
2025-06-30 23:48:56,283 - INFO - base.base_decoding - [_build_standard_classifier_pipeline:57] - Pipeline à hyperparamètres fixes: type='svc', CSP: False, ANOVA FS: False
2025-06-30 23:48:56,283 - INFO - base.base_decoding - [_build_standard_classifier_pipeline:68] - DEBUG: add_csp_step type=bool, value=False, bool()=False
2025-06-30 23:48:56,283 - INFO - base.base_decoding - [_build_standard_classifier_pipeline:123] - Structure finale du pipeline: ['scaler', 'svc_classifier']
2025-06-30 23:48:56,284 - INFO - Baking_EEG._4_decoding_core - [run_temporal_decoding_analysis:246] - CV strategy: StratifiedKFold with 10 splits.
2025-06-30 23:48:56,284 - INFO - Baking_EEG._4_decoding_core - [run_temporal_decoding_analysis:258] - Sample weights: Auto-calculated per fold (recommended for StratifiedKFold).
2025-06-30 23:48:56,304 - INFO - Baking_EEG._4_decoding_core - [run_temporal_decoding_analysis:294] - MNE Estimators: Using fold-specific balancing via class_weight='balanced' (if supported by classifier).
2025-06-30 23:48:56,304 - INFO - Baking_EEG._4_decoding_core - [run_temporal_decoding_analysis:310] - Starting 1D temporal decoding (SlidingEstimator)...
2025-06-30 23:51:54,455 - INFO - Baking_EEG._4_decoding_core - [run_temporal_decoding_analysis:338] - 1D temporal decoding done. Peak mean AUC: 0.603
2025-06-30 23:51:54,457 - INFO - Baking_EEG._4_decoding_core - [run_temporal_decoding_analysis:379] - TGM computation disabled.
2025-06-30 23:51:54,457 - INFO - Baking_EEG._4_decoding_core - [run_temporal_decoding_analysis:382] - Starting global decoding (n_jobs_folds=40)...
2025-07-01 00:01:14,938 - INFO - Baking_EEG._4_decoding_core - [run_temporal_decoding_analysis:439] - Global decoding done. Mean CV AUC: 0.656 +/- 0.052
2025-07-01 00:01:14,956 - INFO - Baking_EEG._4_decoding_core - [run_temporal_decoding_analysis:478] -   Overall global metrics (aggregated): {'roc_auc': '0.651', 'accuracy': '0.613', 'precision': '0.593', 'recall': '0.637', 'f1_score': '0.614', 'balanced_accuracy': '0.613'}
2025-07-01 00:01:14,956 - INFO - utils.stats_utils - [perform_pointwise_fdr_correction_on_scores:439] - Performing pointwise wilcoxon with FDR correction. Data shape for test (obs, features if any): (10, 801)
2025-07-01 00:01:14,956 - INFO - utils.stats_utils - [perform_pointwise_fdr_correction_on_scores:443] -   Parameters: chance=0.5, alpha=0.05, test_type='wilcoxon', FDR_method='indep', alternative='greater'
2025-07-01 00:01:15,806 - INFO - utils.stats_utils - [perform_pointwise_fdr_correction_on_scores:714] - FDR correction completed. 82 point(s) found significant (p_fdr < 0.05).
2025-07-01 00:01:15,806 - INFO - utils.stats_utils - [perform_cluster_permutation_test:195] - Executing cluster-based permutation test. Data shape (obs, features...): (10, 801)
2025-07-01 00:01:15,806 - INFO - utils.stats_utils - [perform_cluster_permutation_test:199] -   Parameters: n_permutations=1024, threshold_config={'start': 0.1, 'step': 0.1}, alternative='greater' (MNE tail=1), n_jobs=-1
2025-07-01 00:01:15,806 - INFO - utils.stats_utils - [perform_cluster_permutation_test:210] -   Using MNE's default stat_fun (ttest_1samp_no_p) for permutation test.
2025-07-01 00:01:15,807 - INFO - utils.stats_utils - [perform_cluster_permutation_test:242] -   Input data is 2D (features). MNE will use default temporal connectivity inference if applicable.
stat_fun(H1): min=-7.310098 max=9.375869
Running initial clustering …
Using 93 thresholds from 0.10 to 9.30 for TFCE computation (h_power=2.00, e_power=0.50)
Found 801 clusters
2025-07-01 00:01:19,466 - INFO - utils.stats_utils - [perform_cluster_permutation_test:314] - Cluster permutation test completed. 801 initial clusters found (after processing slices).
2025-07-01 00:01:19,466 - INFO - utils.stats_utils - [perform_cluster_permutation_test:338] -   Significant Cluster #463: p-value = 0.0156. Mask shape: (801,), Num True points: 1
2025-07-01 00:01:19,466 - INFO - utils.stats_utils - [perform_cluster_permutation_test:338] -   Significant Cluster #465: p-value = 0.0410. Mask shape: (801,), Num True points: 1
2025-07-01 00:01:19,466 - INFO - utils.stats_utils - [perform_cluster_permutation_test:338] -   Significant Cluster #477: p-value = 0.0410. Mask shape: (801,), Num True points: 1
2025-07-01 00:01:19,467 - INFO - utils.stats_utils - [perform_cluster_permutation_test:338] -   Significant Cluster #478: p-value = 0.0488. Mask shape: (801,), Num True points: 1
2025-07-01 00:01:19,467 - INFO - utils.stats_utils - [perform_cluster_permutation_test:338] -   Significant Cluster #479: p-value = 0.0078. Mask shape: (801,), Num True points: 1
2025-07-01 00:01:19,467 - INFO - utils.stats_utils - [perform_cluster_permutation_test:338] -   Significant Cluster #480: p-value = 0.0029. Mask shape: (801,), Num True points: 1
2025-07-01 00:01:19,467 - INFO - utils.stats_utils - [perform_cluster_permutation_test:338] -   Significant Cluster #497: p-value = 0.0205. Mask shape: (801,), Num True points: 1
2025-07-01 00:01:19,467 - INFO - utils.stats_utils - [perform_cluster_permutation_test:338] -   Significant Cluster #498: p-value = 0.0410. Mask shape: (801,), Num True points: 1
2025-07-01 00:01:19,467 - INFO - utils.stats_utils - [perform_cluster_permutation_test:338] -   Significant Cluster #499: p-value = 0.0283. Mask shape: (801,), Num True points: 1
2025-07-01 00:01:19,467 - INFO - utils.stats_utils - [perform_cluster_permutation_test:338] -   Significant Cluster #500: p-value = 0.0156. Mask shape: (801,), Num True points: 1
2025-07-01 00:01:19,467 - INFO - utils.stats_utils - [perform_cluster_permutation_test:338] -   Significant Cluster #502: p-value = 0.0283. Mask shape: (801,), Num True points: 1
2025-07-01 00:01:19,467 - INFO - utils.stats_utils - [perform_cluster_permutation_test:338] -   Significant Cluster #503: p-value = 0.0273. Mask shape: (801,), Num True points: 1
2025-07-01 00:01:19,467 - INFO - utils.stats_utils - [perform_cluster_permutation_test:338] -   Significant Cluster #504: p-value = 0.0410. Mask shape: (801,), Num True points: 1
2025-07-01 00:01:19,468 - INFO - utils.stats_utils - [perform_cluster_permutation_test:338] -   Significant Cluster #505: p-value = 0.0352. Mask shape: (801,), Num True points: 1
2025-07-01 00:01:19,468 - INFO - utils.stats_utils - [perform_cluster_permutation_test:338] -   Significant Cluster #506: p-value = 0.0156. Mask shape: (801,), Num True points: 1
2025-07-01 00:01:19,470 - INFO - examples.run_decoding_one_lg - [execute_single_subject_lg_decoding:344] - Main LG Decoding for TpPA35 DONE. Mean Global AUC: 0.656
2025-07-01 00:01:19,470 - INFO - examples.run_decoding_one_lg - [execute_single_subject_lg_decoding:353] -   --- 2. Specific LG Comparisons (e.g. LS/GS vs LS/GD, LD/GS vs LD/GD) for TpPA35 ---
2025-07-01 00:01:19,661 - INFO - Baking_EEG._4_decoding_core - [run_temporal_decoding_analysis:68] - --- Temporal Ddcoding Analysis ---
2025-07-01 00:01:19,661 - INFO - Baking_EEG._4_decoding_core - [run_temporal_decoding_analysis:69] - Clf: svc, GS: False, CSP (temporal): False, ANOVA FS (temporal): True
2025-07-01 00:01:19,667 - INFO - base.base_decoding - [_build_standard_classifier_pipeline:57] - Pipeline à hyperparamètres fixes: type='svc', CSP: False, ANOVA FS: True
2025-07-01 00:01:19,667 - INFO - base.base_decoding - [_build_standard_classifier_pipeline:68] - DEBUG: add_csp_step type=bool, value=False, bool()=False
2025-07-01 00:01:19,667 - INFO - base.base_decoding - [_build_standard_classifier_pipeline:91] -    Étape ANOVA FS 'anova_feature_selection' ajoutée (percentile fixe=15).
2025-07-01 00:01:19,668 - INFO - base.base_decoding - [_build_standard_classifier_pipeline:123] - Structure finale du pipeline: ['scaler', 'anova_feature_selection', 'svc_classifier']
2025-07-01 00:01:19,668 - INFO - base.base_decoding - [_build_standard_classifier_pipeline:57] - Pipeline à hyperparamètres fixes: type='svc', CSP: False, ANOVA FS: False
2025-07-01 00:01:19,668 - INFO - base.base_decoding - [_build_standard_classifier_pipeline:68] - DEBUG: add_csp_step type=bool, value=False, bool()=False
2025-07-01 00:01:19,668 - INFO - base.base_decoding - [_build_standard_classifier_pipeline:123] - Structure finale du pipeline: ['scaler', 'svc_classifier']
2025-07-01 00:01:19,668 - INFO - Baking_EEG._4_decoding_core - [run_temporal_decoding_analysis:246] - CV strategy: StratifiedKFold with 10 splits.
2025-07-01 00:01:19,668 - INFO - Baking_EEG._4_decoding_core - [run_temporal_decoding_analysis:258] - Sample weights: Auto-calculated per fold (recommended for StratifiedKFold).
2025-07-01 00:01:19,689 - INFO - Baking_EEG._4_decoding_core - [run_temporal_decoding_analysis:294] - MNE Estimators: Using fold-specific balancing via class_weight='balanced' (if supported by classifier).
2025-07-01 00:01:19,689 - INFO - Baking_EEG._4_decoding_core - [run_temporal_decoding_analysis:310] - Starting 1D temporal decoding (SlidingEstimator)...
2025-07-01 00:02:11,407 - INFO - Baking_EEG._4_decoding_core - [run_temporal_decoding_analysis:338] - 1D temporal decoding done. Peak mean AUC: 0.643
2025-07-01 00:02:11,409 - INFO - Baking_EEG._4_decoding_core - [run_temporal_decoding_analysis:346] - Starting TGM computation (GeneralizingEstimator)...
2025-07-01 00:56:20,783 - INFO - Baking_EEG._4_decoding_core - [run_temporal_decoding_analysis:373] - TGM computation done. Peak mean TGM AUC: 0.665
2025-07-01 00:56:20,784 - INFO - Baking_EEG._4_decoding_core - [run_temporal_decoding_analysis:382] - Starting global decoding (n_jobs_folds=40)...
2025-07-01 00:58:51,387 - INFO - Baking_EEG._4_decoding_core - [run_temporal_decoding_analysis:439] - Global decoding done. Mean CV AUC: 0.562 +/- 0.080
2025-07-01 00:58:51,406 - INFO - Baking_EEG._4_decoding_core - [run_temporal_decoding_analysis:478] -   Overall global metrics (aggregated): {'roc_auc': '0.560', 'accuracy': '0.735', 'precision': '0.213', 'recall': '0.165', 'f1_score': '0.186', 'balanced_accuracy': '0.514'}
2025-07-01 00:58:51,407 - INFO - utils.stats_utils - [perform_pointwise_fdr_correction_on_scores:439] - Performing pointwise wilcoxon with FDR correction. Data shape for test (obs, features if any): (10, 801)
2025-07-01 00:58:51,407 - INFO - utils.stats_utils - [perform_pointwise_fdr_correction_on_scores:443] -   Parameters: chance=0.5, alpha=0.05, test_type='wilcoxon', FDR_method='indep', alternative='greater'
2025-07-01 00:58:52,261 - INFO - utils.stats_utils - [perform_pointwise_fdr_correction_on_scores:714] - FDR correction completed. 0 point(s) found significant (p_fdr < 0.05).
2025-07-01 00:58:52,261 - INFO - utils.stats_utils - [perform_cluster_permutation_test:195] - Executing cluster-based permutation test. Data shape (obs, features...): (10, 801)
2025-07-01 00:58:52,261 - INFO - utils.stats_utils - [perform_cluster_permutation_test:199] -   Parameters: n_permutations=1024, threshold_config={'start': 0.1, 'step': 0.1}, alternative='greater' (MNE tail=1), n_jobs=-1
2025-07-01 00:58:52,261 - INFO - utils.stats_utils - [perform_cluster_permutation_test:210] -   Using MNE's default stat_fun (ttest_1samp_no_p) for permutation test.
2025-07-01 00:58:52,262 - INFO - utils.stats_utils - [perform_cluster_permutation_test:242] -   Input data is 2D (features). MNE will use default temporal connectivity inference if applicable.
stat_fun(H1): min=-4.021176 max=6.385743
Running initial clustering …
Using 63 thresholds from 0.10 to 6.30 for TFCE computation (h_power=2.00, e_power=0.50)
Found 801 clusters
2025-07-01 00:58:54,744 - INFO - utils.stats_utils - [perform_cluster_permutation_test:314] - Cluster permutation test completed. 801 initial clusters found (after processing slices).
2025-07-01 00:58:54,744 - INFO - utils.stats_utils - [perform_cluster_permutation_test:338] -   Significant Cluster #478: p-value = 0.0488. Mask shape: (801,), Num True points: 1
2025-07-01 00:58:54,758 - INFO - utils.stats_utils - [perform_pointwise_fdr_correction_on_scores:439] - Performing pointwise wilcoxon with FDR correction. Data shape for test (obs, features if any): (10, 641601)
2025-07-01 00:58:54,758 - INFO - utils.stats_utils - [perform_pointwise_fdr_correction_on_scores:443] -   Parameters: chance=0.5, alpha=0.05, test_type='wilcoxon', FDR_method='indep', alternative='greater'
2025-07-01 01:11:09,233 - INFO - utils.stats_utils - [perform_pointwise_fdr_correction_on_scores:714] - FDR correction completed. 0 point(s) found significant (p_fdr < 0.05).
2025-07-01 01:11:09,236 - INFO - Baking_EEG._4_decoding_core - [run_temporal_decoding_analysis:544] - Intra-fold Cluster Permutation for TGM is SKIPPED.
2025-07-01 01:11:09,238 - INFO - examples.run_decoding_one_lg - [execute_single_subject_lg_decoding:465] -   Specific LG task 'Local Standard: Global Standard vs Global Deviant' for TpPA35: Peak AUC = 0.643
2025-07-01 01:11:09,425 - INFO - Baking_EEG._4_decoding_core - [run_temporal_decoding_analysis:68] - --- Temporal Ddcoding Analysis ---
2025-07-01 01:11:09,425 - INFO - Baking_EEG._4_decoding_core - [run_temporal_decoding_analysis:69] - Clf: svc, GS: False, CSP (temporal): False, ANOVA FS (temporal): True
2025-07-01 01:11:09,427 - INFO - base.base_decoding - [_build_standard_classifier_pipeline:57] - Pipeline à hyperparamètres fixes: type='svc', CSP: False, ANOVA FS: True
2025-07-01 01:11:09,427 - INFO - base.base_decoding - [_build_standard_classifier_pipeline:68] - DEBUG: add_csp_step type=bool, value=False, bool()=False
2025-07-01 01:11:09,427 - INFO - base.base_decoding - [_build_standard_classifier_pipeline:91] -    Étape ANOVA FS 'anova_feature_selection' ajoutée (percentile fixe=15).
2025-07-01 01:11:09,427 - INFO - base.base_decoding - [_build_standard_classifier_pipeline:123] - Structure finale du pipeline: ['scaler', 'anova_feature_selection', 'svc_classifier']
2025-07-01 01:11:09,427 - INFO - base.base_decoding - [_build_standard_classifier_pipeline:57] - Pipeline à hyperparamètres fixes: type='svc', CSP: False, ANOVA FS: False
2025-07-01 01:11:09,428 - INFO - base.base_decoding - [_build_standard_classifier_pipeline:68] - DEBUG: add_csp_step type=bool, value=False, bool()=False
2025-07-01 01:11:09,428 - INFO - base.base_decoding - [_build_standard_classifier_pipeline:123] - Structure finale du pipeline: ['scaler', 'svc_classifier']
2025-07-01 01:11:09,428 - INFO - Baking_EEG._4_decoding_core - [run_temporal_decoding_analysis:246] - CV strategy: StratifiedKFold with 10 splits.
2025-07-01 01:11:09,428 - INFO - Baking_EEG._4_decoding_core - [run_temporal_decoding_analysis:258] - Sample weights: Auto-calculated per fold (recommended for StratifiedKFold).
2025-07-01 01:11:09,450 - INFO - Baking_EEG._4_decoding_core - [run_temporal_decoding_analysis:294] - MNE Estimators: Using fold-specific balancing via class_weight='balanced' (if supported by classifier).
2025-07-01 01:11:09,450 - INFO - Baking_EEG._4_decoding_core - [run_temporal_decoding_analysis:310] - Starting 1D temporal decoding (SlidingEstimator)...
2025-07-01 01:12:03,942 - INFO - Baking_EEG._4_decoding_core - [run_temporal_decoding_analysis:338] - 1D temporal decoding done. Peak mean AUC: 0.700
2025-07-01 01:12:03,943 - INFO - Baking_EEG._4_decoding_core - [run_temporal_decoding_analysis:346] - Starting TGM computation (GeneralizingEstimator)...
2025-07-01 02:06:19,849 - INFO - Baking_EEG._4_decoding_core - [run_temporal_decoding_analysis:373] - TGM computation done. Peak mean TGM AUC: 0.703
2025-07-01 02:06:19,851 - INFO - Baking_EEG._4_decoding_core - [run_temporal_decoding_analysis:382] - Starting global decoding (n_jobs_folds=40)...
2025-07-01 02:08:31,865 - INFO - Baking_EEG._4_decoding_core - [run_temporal_decoding_analysis:439] - Global decoding done. Mean CV AUC: 0.667 +/- 0.086
2025-07-01 02:08:31,885 - INFO - Baking_EEG._4_decoding_core - [run_temporal_decoding_analysis:478] -   Overall global metrics (aggregated): {'roc_auc': '0.650', 'accuracy': '0.768', 'precision': '0.441', 'recall': '0.241', 'f1_score': '0.311', 'balanced_accuracy': '0.578'}
2025-07-01 02:08:31,885 - INFO - utils.stats_utils - [perform_pointwise_fdr_correction_on_scores:439] - Performing pointwise wilcoxon with FDR correction. Data shape for test (obs, features if any): (10, 801)
2025-07-01 02:08:31,885 - INFO - utils.stats_utils - [perform_pointwise_fdr_correction_on_scores:443] -   Parameters: chance=0.5, alpha=0.05, test_type='wilcoxon', FDR_method='indep', alternative='greater'
2025-07-01 02:08:32,786 - INFO - utils.stats_utils - [perform_pointwise_fdr_correction_on_scores:714] - FDR correction completed. 35 point(s) found significant (p_fdr < 0.05).
2025-07-01 02:08:32,787 - INFO - utils.stats_utils - [perform_cluster_permutation_test:195] - Executing cluster-based permutation test. Data shape (obs, features...): (10, 801)
2025-07-01 02:08:32,787 - INFO - utils.stats_utils - [perform_cluster_permutation_test:199] -   Parameters: n_permutations=1024, threshold_config={'start': 0.1, 'step': 0.1}, alternative='greater' (MNE tail=1), n_jobs=-1
2025-07-01 02:08:32,787 - INFO - utils.stats_utils - [perform_cluster_permutation_test:210] -   Using MNE's default stat_fun (ttest_1samp_no_p) for permutation test.
2025-07-01 02:08:32,787 - INFO - utils.stats_utils - [perform_cluster_permutation_test:242] -   Input data is 2D (features). MNE will use default temporal connectivity inference if applicable.
stat_fun(H1): min=-4.948090 max=9.749366
Running initial clustering …
Using 97 thresholds from 0.10 to 9.70 for TFCE computation (h_power=2.00, e_power=0.50)
Found 801 clusters
2025-07-01 02:08:35,423 - INFO - utils.stats_utils - [perform_cluster_permutation_test:314] - Cluster permutation test completed. 801 initial clusters found (after processing slices).
2025-07-01 02:08:35,424 - INFO - utils.stats_utils - [perform_cluster_permutation_test:338] -   Significant Cluster #531: p-value = 0.0479. Mask shape: (801,), Num True points: 1
2025-07-01 02:08:35,424 - INFO - utils.stats_utils - [perform_cluster_permutation_test:338] -   Significant Cluster #563: p-value = 0.0059. Mask shape: (801,), Num True points: 1
2025-07-01 02:08:35,424 - INFO - utils.stats_utils - [perform_cluster_permutation_test:338] -   Significant Cluster #564: p-value = 0.0039. Mask shape: (801,), Num True points: 1
2025-07-01 02:08:35,424 - INFO - utils.stats_utils - [perform_cluster_permutation_test:338] -   Significant Cluster #565: p-value = 0.0244. Mask shape: (801,), Num True points: 1
2025-07-01 02:08:35,424 - INFO - utils.stats_utils - [perform_cluster_permutation_test:338] -   Significant Cluster #566: p-value = 0.0225. Mask shape: (801,), Num True points: 1
2025-07-01 02:08:35,425 - INFO - utils.stats_utils - [perform_cluster_permutation_test:338] -   Significant Cluster #621: p-value = 0.0303. Mask shape: (801,), Num True points: 1
2025-07-01 02:08:35,425 - INFO - utils.stats_utils - [perform_cluster_permutation_test:338] -   Significant Cluster #622: p-value = 0.0234. Mask shape: (801,), Num True points: 1
2025-07-01 02:08:35,425 - INFO - utils.stats_utils - [perform_cluster_permutation_test:338] -   Significant Cluster #623: p-value = 0.0215. Mask shape: (801,), Num True points: 1
2025-07-01 02:08:35,439 - INFO - utils.stats_utils - [perform_pointwise_fdr_correction_on_scores:439] - Performing pointwise wilcoxon with FDR correction. Data shape for test (obs, features if any): (10, 641601)
2025-07-01 02:08:35,439 - INFO - utils.stats_utils - [perform_pointwise_fdr_correction_on_scores:443] -   Parameters: chance=0.5, alpha=0.05, test_type='wilcoxon', FDR_method='indep', alternative='greater'
2025-07-01 02:20:39,320 - INFO - utils.stats_utils - [perform_pointwise_fdr_correction_on_scores:714] - FDR correction completed. 0 point(s) found significant (p_fdr < 0.05).
2025-07-01 02:20:39,323 - INFO - Baking_EEG._4_decoding_core - [run_temporal_decoding_analysis:544] - Intra-fold Cluster Permutation for TGM is SKIPPED.
2025-07-01 02:20:39,326 - INFO - examples.run_decoding_one_lg - [execute_single_subject_lg_decoding:465] -   Specific LG task 'Local Deviant: Global Standard vs Global Deviant' for TpPA35: Peak AUC = 0.700
2025-07-01 02:20:39,859 - INFO - Baking_EEG._4_decoding_core - [run_temporal_decoding_analysis:68] - --- Temporal Ddcoding Analysis ---
2025-07-01 02:20:39,859 - INFO - Baking_EEG._4_decoding_core - [run_temporal_decoding_analysis:69] - Clf: svc, GS: False, CSP (temporal): False, ANOVA FS (temporal): True
2025-07-01 02:20:39,861 - INFO - base.base_decoding - [_build_standard_classifier_pipeline:57] - Pipeline à hyperparamètres fixes: type='svc', CSP: False, ANOVA FS: True
2025-07-01 02:20:39,861 - INFO - base.base_decoding - [_build_standard_classifier_pipeline:68] - DEBUG: add_csp_step type=bool, value=False, bool()=False
2025-07-01 02:20:39,861 - INFO - base.base_decoding - [_build_standard_classifier_pipeline:91] -    Étape ANOVA FS 'anova_feature_selection' ajoutée (percentile fixe=15).
2025-07-01 02:20:39,862 - INFO - base.base_decoding - [_build_standard_classifier_pipeline:123] - Structure finale du pipeline: ['scaler', 'anova_feature_selection', 'svc_classifier']
2025-07-01 02:20:39,862 - INFO - base.base_decoding - [_build_standard_classifier_pipeline:57] - Pipeline à hyperparamètres fixes: type='svc', CSP: False, ANOVA FS: False
2025-07-01 02:20:39,862 - INFO - base.base_decoding - [_build_standard_classifier_pipeline:68] - DEBUG: add_csp_step type=bool, value=False, bool()=False
2025-07-01 02:20:39,862 - INFO - base.base_decoding - [_build_standard_classifier_pipeline:123] - Structure finale du pipeline: ['scaler', 'svc_classifier']
2025-07-01 02:20:39,862 - INFO - Baking_EEG._4_decoding_core - [run_temporal_decoding_analysis:246] - CV strategy: StratifiedKFold with 10 splits.
2025-07-01 02:20:39,862 - INFO - Baking_EEG._4_decoding_core - [run_temporal_decoding_analysis:258] - Sample weights: Auto-calculated per fold (recommended for StratifiedKFold).
2025-07-01 02:20:39,881 - INFO - Baking_EEG._4_decoding_core - [run_temporal_decoding_analysis:294] - MNE Estimators: Using fold-specific balancing via class_weight='balanced' (if supported by classifier).
2025-07-01 02:20:39,881 - INFO - Baking_EEG._4_decoding_core - [run_temporal_decoding_analysis:310] - Starting 1D temporal decoding (SlidingEstimator)...
2025-07-01 02:22:41,823 - INFO - Baking_EEG._4_decoding_core - [run_temporal_decoding_analysis:338] - 1D temporal decoding done. Peak mean AUC: 0.640
2025-07-01 02:22:41,823 - INFO - Baking_EEG._4_decoding_core - [run_temporal_decoding_analysis:346] - Starting TGM computation (GeneralizingEstimator)...
2025-07-01 03:20:39,432 - INFO - Baking_EEG._4_decoding_core - [run_temporal_decoding_analysis:373] - TGM computation done. Peak mean TGM AUC: 0.642
2025-07-01 03:20:39,433 - INFO - Baking_EEG._4_decoding_core - [run_temporal_decoding_analysis:382] - Starting global decoding (n_jobs_folds=40)...
2025-07-01 03:26:28,484 - INFO - Baking_EEG._4_decoding_core - [run_temporal_decoding_analysis:439] - Global decoding done. Mean CV AUC: 0.650 +/- 0.046
2025-07-01 03:26:28,502 - INFO - Baking_EEG._4_decoding_core - [run_temporal_decoding_analysis:478] -   Overall global metrics (aggregated): {'roc_auc': '0.646', 'accuracy': '0.599', 'precision': '0.571', 'recall': '0.613', 'f1_score': '0.591', 'balanced_accuracy': '0.600'}
2025-07-01 03:26:28,503 - INFO - utils.stats_utils - [perform_pointwise_fdr_correction_on_scores:439] - Performing pointwise wilcoxon with FDR correction. Data shape for test (obs, features if any): (10, 801)
2025-07-01 03:26:28,503 - INFO - utils.stats_utils - [perform_pointwise_fdr_correction_on_scores:443] -   Parameters: chance=0.5, alpha=0.05, test_type='wilcoxon', FDR_method='indep', alternative='greater'
2025-07-01 03:26:29,349 - INFO - utils.stats_utils - [perform_pointwise_fdr_correction_on_scores:714] - FDR correction completed. 163 point(s) found significant (p_fdr < 0.05).
2025-07-01 03:26:29,350 - INFO - utils.stats_utils - [perform_cluster_permutation_test:195] - Executing cluster-based permutation test. Data shape (obs, features...): (10, 801)
2025-07-01 03:26:29,350 - INFO - utils.stats_utils - [perform_cluster_permutation_test:199] -   Parameters: n_permutations=1024, threshold_config={'start': 0.1, 'step': 0.1}, alternative='greater' (MNE tail=1), n_jobs=-1
2025-07-01 03:26:29,350 - INFO - utils.stats_utils - [perform_cluster_permutation_test:210] -   Using MNE's default stat_fun (ttest_1samp_no_p) for permutation test.
2025-07-01 03:26:29,350 - INFO - utils.stats_utils - [perform_cluster_permutation_test:242] -   Input data is 2D (features). MNE will use default temporal connectivity inference if applicable.
stat_fun(H1): min=-4.048536 max=8.527746
Running initial clustering …
Using 85 thresholds from 0.10 to 8.50 for TFCE computation (h_power=2.00, e_power=0.50)
Found 801 clusters
2025-07-01 03:26:32,943 - INFO - utils.stats_utils - [perform_cluster_permutation_test:314] - Cluster permutation test completed. 801 initial clusters found (after processing slices).
2025-07-01 03:26:32,944 - INFO - utils.stats_utils - [perform_cluster_permutation_test:338] -   Significant Cluster #461: p-value = 0.0117. Mask shape: (801,), Num True points: 1
2025-07-01 03:26:32,944 - INFO - utils.stats_utils - [perform_cluster_permutation_test:338] -   Significant Cluster #462: p-value = 0.0039. Mask shape: (801,), Num True points: 1
2025-07-01 03:26:32,944 - INFO - utils.stats_utils - [perform_cluster_permutation_test:338] -   Significant Cluster #463: p-value = 0.0244. Mask shape: (801,), Num True points: 1
2025-07-01 03:26:32,944 - INFO - utils.stats_utils - [perform_cluster_permutation_test:338] -   Significant Cluster #465: p-value = 0.0244. Mask shape: (801,), Num True points: 1
2025-07-01 03:26:32,944 - INFO - utils.stats_utils - [perform_cluster_permutation_test:338] -   Significant Cluster #482: p-value = 0.0439. Mask shape: (801,), Num True points: 1
2025-07-01 03:26:32,944 - INFO - utils.stats_utils - [perform_cluster_permutation_test:338] -   Significant Cluster #485: p-value = 0.0352. Mask shape: (801,), Num True points: 1
2025-07-01 03:26:32,944 - INFO - utils.stats_utils - [perform_cluster_permutation_test:338] -   Significant Cluster #486: p-value = 0.0244. Mask shape: (801,), Num True points: 1
2025-07-01 03:26:32,944 - INFO - utils.stats_utils - [perform_cluster_permutation_test:338] -   Significant Cluster #487: p-value = 0.0244. Mask shape: (801,), Num True points: 1
2025-07-01 03:26:32,944 - INFO - utils.stats_utils - [perform_cluster_permutation_test:338] -   Significant Cluster #488: p-value = 0.0352. Mask shape: (801,), Num True points: 1
2025-07-01 03:26:32,945 - INFO - utils.stats_utils - [perform_cluster_permutation_test:338] -   Significant Cluster #501: p-value = 0.0439. Mask shape: (801,), Num True points: 1
2025-07-01 03:26:32,945 - INFO - utils.stats_utils - [perform_cluster_permutation_test:338] -   Significant Cluster #512: p-value = 0.0244. Mask shape: (801,), Num True points: 1
2025-07-01 03:26:32,945 - INFO - utils.stats_utils - [perform_cluster_permutation_test:338] -   Significant Cluster #620: p-value = 0.0439. Mask shape: (801,), Num True points: 1
2025-07-01 03:26:32,954 - INFO - utils.stats_utils - [perform_pointwise_fdr_correction_on_scores:439] - Performing pointwise wilcoxon with FDR correction. Data shape for test (obs, features if any): (10, 641601)
2025-07-01 03:26:32,954 - INFO - utils.stats_utils - [perform_pointwise_fdr_correction_on_scores:443] -   Parameters: chance=0.5, alpha=0.05, test_type='wilcoxon', FDR_method='indep', alternative='greater'
2025-07-01 03:38:00,872 - INFO - utils.stats_utils - [perform_pointwise_fdr_correction_on_scores:714] - FDR correction completed. 0 point(s) found significant (p_fdr < 0.05).
2025-07-01 03:38:00,875 - INFO - Baking_EEG._4_decoding_core - [run_temporal_decoding_analysis:544] - Intra-fold Cluster Permutation for TGM is SKIPPED.
2025-07-01 03:38:00,877 - INFO - examples.run_decoding_one_lg - [execute_single_subject_lg_decoding:465] -   Specific LG task 'Global Standard: Local Standard vs Local Deviant' for TpPA35: Peak AUC = 0.640
2025-07-01 03:38:01,016 - INFO - Baking_EEG._4_decoding_core - [run_temporal_decoding_analysis:68] - --- Temporal Ddcoding Analysis ---
2025-07-01 03:38:01,016 - INFO - Baking_EEG._4_decoding_core - [run_temporal_decoding_analysis:69] - Clf: svc, GS: False, CSP (temporal): False, ANOVA FS (temporal): True
2025-07-01 03:38:01,021 - INFO - base.base_decoding - [_build_standard_classifier_pipeline:57] - Pipeline à hyperparamètres fixes: type='svc', CSP: False, ANOVA FS: True
2025-07-01 03:38:01,021 - INFO - base.base_decoding - [_build_standard_classifier_pipeline:68] - DEBUG: add_csp_step type=bool, value=False, bool()=False
2025-07-01 03:38:01,021 - INFO - base.base_decoding - [_build_standard_classifier_pipeline:91] -    Étape ANOVA FS 'anova_feature_selection' ajoutée (percentile fixe=15).
2025-07-01 03:38:01,021 - INFO - base.base_decoding - [_build_standard_classifier_pipeline:123] - Structure finale du pipeline: ['scaler', 'anova_feature_selection', 'svc_classifier']
2025-07-01 03:38:01,022 - INFO - base.base_decoding - [_build_standard_classifier_pipeline:57] - Pipeline à hyperparamètres fixes: type='svc', CSP: False, ANOVA FS: False
2025-07-01 03:38:01,022 - INFO - base.base_decoding - [_build_standard_classifier_pipeline:68] - DEBUG: add_csp_step type=bool, value=False, bool()=False
2025-07-01 03:38:01,022 - INFO - base.base_decoding - [_build_standard_classifier_pipeline:123] - Structure finale du pipeline: ['scaler', 'svc_classifier']
2025-07-01 03:38:01,022 - INFO - Baking_EEG._4_decoding_core - [run_temporal_decoding_analysis:246] - CV strategy: StratifiedKFold with 10 splits.
2025-07-01 03:38:01,022 - INFO - Baking_EEG._4_decoding_core - [run_temporal_decoding_analysis:258] - Sample weights: Auto-calculated per fold (recommended for StratifiedKFold).
2025-07-01 03:38:01,040 - INFO - Baking_EEG._4_decoding_core - [run_temporal_decoding_analysis:294] - MNE Estimators: Using fold-specific balancing via class_weight='balanced' (if supported by classifier).
2025-07-01 03:38:01,040 - INFO - Baking_EEG._4_decoding_core - [run_temporal_decoding_analysis:310] - Starting 1D temporal decoding (SlidingEstimator)...
2025-07-01 03:38:21,509 - INFO - Baking_EEG._4_decoding_core - [run_temporal_decoding_analysis:338] - 1D temporal decoding done. Peak mean AUC: 0.734
2025-07-01 03:38:21,509 - INFO - Baking_EEG._4_decoding_core - [run_temporal_decoding_analysis:346] - Starting TGM computation (GeneralizingEstimator)...
2025-07-01 04:30:27,896 - INFO - Baking_EEG._4_decoding_core - [run_temporal_decoding_analysis:373] - TGM computation done. Peak mean TGM AUC: 0.748
2025-07-01 04:30:27,897 - INFO - Baking_EEG._4_decoding_core - [run_temporal_decoding_analysis:382] - Starting global decoding (n_jobs_folds=40)...
2025-07-01 04:30:58,827 - INFO - Baking_EEG._4_decoding_core - [run_temporal_decoding_analysis:439] - Global decoding done. Mean CV AUC: 0.713 +/- 0.113
2025-07-01 04:30:58,844 - INFO - Baking_EEG._4_decoding_core - [run_temporal_decoding_analysis:478] -   Overall global metrics (aggregated): {'roc_auc': '0.701', 'accuracy': '0.673', 'precision': '0.716', 'recall': '0.630', 'f1_score': '0.670', 'balanced_accuracy': '0.676'}
2025-07-01 04:30:58,844 - INFO - utils.stats_utils - [perform_pointwise_fdr_correction_on_scores:439] - Performing pointwise wilcoxon with FDR correction. Data shape for test (obs, features if any): (10, 801)
2025-07-01 04:30:58,844 - INFO - utils.stats_utils - [perform_pointwise_fdr_correction_on_scores:443] -   Parameters: chance=0.5, alpha=0.05, test_type='wilcoxon', FDR_method='indep', alternative='greater'
2025-07-01 04:30:59,712 - INFO - utils.stats_utils - [perform_pointwise_fdr_correction_on_scores:714] - FDR correction completed. 82 point(s) found significant (p_fdr < 0.05).
2025-07-01 04:30:59,712 - INFO - utils.stats_utils - [perform_cluster_permutation_test:195] - Executing cluster-based permutation test. Data shape (obs, features...): (10, 801)
2025-07-01 04:30:59,712 - INFO - utils.stats_utils - [perform_cluster_permutation_test:199] -   Parameters: n_permutations=1024, threshold_config={'start': 0.1, 'step': 0.1}, alternative='greater' (MNE tail=1), n_jobs=-1
2025-07-01 04:30:59,712 - INFO - utils.stats_utils - [perform_cluster_permutation_test:210] -   Using MNE's default stat_fun (ttest_1samp_no_p) for permutation test.
2025-07-01 04:30:59,712 - INFO - utils.stats_utils - [perform_cluster_permutation_test:242] -   Input data is 2D (features). MNE will use default temporal connectivity inference if applicable.
stat_fun(H1): min=-6.061845 max=10.379451
Running initial clustering …
Using 103 thresholds from 0.10 to 10.30 for TFCE computation (h_power=2.00, e_power=0.50)
Found 801 clusters
2025-07-01 04:31:02,264 - INFO - utils.stats_utils - [perform_cluster_permutation_test:314] - Cluster permutation test completed. 801 initial clusters found (after processing slices).
2025-07-01 04:31:02,264 - INFO - utils.stats_utils - [perform_cluster_permutation_test:338] -   Significant Cluster #525: p-value = 0.0098. Mask shape: (801,), Num True points: 1
2025-07-01 04:31:02,264 - INFO - utils.stats_utils - [perform_cluster_permutation_test:338] -   Significant Cluster #553: p-value = 0.0195. Mask shape: (801,), Num True points: 1
2025-07-01 04:31:02,264 - INFO - utils.stats_utils - [perform_cluster_permutation_test:338] -   Significant Cluster #565: p-value = 0.0361. Mask shape: (801,), Num True points: 1
2025-07-01 04:31:02,264 - INFO - utils.stats_utils - [perform_cluster_permutation_test:338] -   Significant Cluster #569: p-value = 0.0098. Mask shape: (801,), Num True points: 1
2025-07-01 04:31:02,265 - INFO - utils.stats_utils - [perform_cluster_permutation_test:338] -   Significant Cluster #570: p-value = 0.0156. Mask shape: (801,), Num True points: 1
2025-07-01 04:31:02,265 - INFO - utils.stats_utils - [perform_cluster_permutation_test:338] -   Significant Cluster #572: p-value = 0.0449. Mask shape: (801,), Num True points: 1
2025-07-01 04:31:02,265 - INFO - utils.stats_utils - [perform_cluster_permutation_test:338] -   Significant Cluster #574: p-value = 0.0488. Mask shape: (801,), Num True points: 1
2025-07-01 04:31:02,265 - INFO - utils.stats_utils - [perform_cluster_permutation_test:338] -   Significant Cluster #575: p-value = 0.0273. Mask shape: (801,), Num True points: 1
2025-07-01 04:31:02,265 - INFO - utils.stats_utils - [perform_cluster_permutation_test:338] -   Significant Cluster #576: p-value = 0.0215. Mask shape: (801,), Num True points: 1
2025-07-01 04:31:02,265 - INFO - utils.stats_utils - [perform_cluster_permutation_test:338] -   Significant Cluster #578: p-value = 0.0107. Mask shape: (801,), Num True points: 1
2025-07-01 04:31:02,265 - INFO - utils.stats_utils - [perform_cluster_permutation_test:338] -   Significant Cluster #579: p-value = 0.0049. Mask shape: (801,), Num True points: 1
2025-07-01 04:31:02,265 - INFO - utils.stats_utils - [perform_cluster_permutation_test:338] -   Significant Cluster #580: p-value = 0.0068. Mask shape: (801,), Num True points: 1
2025-07-01 04:31:02,265 - INFO - utils.stats_utils - [perform_cluster_permutation_test:338] -   Significant Cluster #581: p-value = 0.0059. Mask shape: (801,), Num True points: 1
2025-07-01 04:31:02,265 - INFO - utils.stats_utils - [perform_cluster_permutation_test:338] -   Significant Cluster #582: p-value = 0.0234. Mask shape: (801,), Num True points: 1
2025-07-01 04:31:02,274 - INFO - utils.stats_utils - [perform_pointwise_fdr_correction_on_scores:439] - Performing pointwise wilcoxon with FDR correction. Data shape for test (obs, features if any): (10, 641601)
2025-07-01 04:31:02,274 - INFO - utils.stats_utils - [perform_pointwise_fdr_correction_on_scores:443] -   Parameters: chance=0.5, alpha=0.05, test_type='wilcoxon', FDR_method='indep', alternative='greater'
2025-07-01 04:42:41,124 - INFO - utils.stats_utils - [perform_pointwise_fdr_correction_on_scores:714] - FDR correction completed. 0 point(s) found significant (p_fdr < 0.05).
2025-07-01 04:42:41,128 - INFO - Baking_EEG._4_decoding_core - [run_temporal_decoding_analysis:544] - Intra-fold Cluster Permutation for TGM is SKIPPED.
2025-07-01 04:42:41,130 - INFO - examples.run_decoding_one_lg - [execute_single_subject_lg_decoding:465] -   Specific LG task 'Global Deviant: Local Standard vs Local Deviant' for TpPA35: Peak AUC = 0.734
2025-07-01 04:42:41,130 - INFO - examples.run_decoding_one_lg - [execute_single_subject_lg_decoding:480] -   --- Specific LG Comparisons for TpPA35 DONE ---
2025-07-01 04:42:41,130 - INFO - examples.run_decoding_one_lg - [execute_single_subject_lg_decoding:487] -   --- 3. Stats on stack of Specific LG Curves for TpPA35 ---
2025-07-01 04:42:41,132 - INFO - utils.stats_utils - [perform_pointwise_fdr_correction_on_scores:439] - Performing pointwise wilcoxon with FDR correction. Data shape for test (obs, features if any): (4, 801)
2025-07-01 04:42:41,132 - INFO - utils.stats_utils - [perform_pointwise_fdr_correction_on_scores:443] -   Parameters: chance=0.5, alpha=0.05, test_type='wilcoxon', FDR_method='indep', alternative='greater'
2025-07-01 04:42:41,940 - INFO - utils.stats_utils - [perform_pointwise_fdr_correction_on_scores:714] - FDR correction completed. 0 point(s) found significant (p_fdr < 0.05).
2025-07-01 04:42:41,940 - INFO - utils.stats_utils - [perform_cluster_permutation_test:195] - Executing cluster-based permutation test. Data shape (obs, features...): (4, 801)
2025-07-01 04:42:41,940 - INFO - utils.stats_utils - [perform_cluster_permutation_test:199] -   Parameters: n_permutations=1024, threshold_config={'start': 0.1, 'step': 0.1}, alternative='greater' (MNE tail=1), n_jobs=40
2025-07-01 04:42:41,940 - INFO - utils.stats_utils - [perform_cluster_permutation_test:210] -   Using MNE's default stat_fun (ttest_1samp_no_p) for permutation test.
2025-07-01 04:42:41,940 - INFO - utils.stats_utils - [perform_cluster_permutation_test:242] -   Input data is 2D (features). MNE will use default temporal connectivity inference if applicable.
stat_fun(H1): min=-9.003954 max=19.243631
Running initial clustering …
Using 192 thresholds from 0.10 to 19.20 for TFCE computation (h_power=2.00, e_power=0.50)
Found 801 clusters
2025-07-01 04:42:45,103 - INFO - utils.stats_utils - [perform_cluster_permutation_test:314] - Cluster permutation test completed. 801 initial clusters found (after processing slices).
2025-07-01 04:42:45,104 - INFO - utils.stats_utils - [perform_cluster_permutation_test:344] - No clusters found to be statistically significant (p < 0.05).
2025-07-01 04:42:45,105 - INFO - examples.run_decoding_one_lg - [execute_single_subject_lg_decoding:551] -   --- Stats on stack of Specific LG Curves for TpPA35 DONE ---
2025-07-01 04:42:45,109 - INFO - utils.utils - [setup_analysis_results_directory:329] - Created analysis results directory: /home/tom.balay/results/Baking_EEG_results_V12/intra_subject_lg_results/DELIRIUM-_LG_PATIENTS_DELIRIUM-/TpPA35_Single_LG_Protocol_Analysis_svc/20250701_044245
2025-07-01 04:42:45,109 - INFO - utils.utils - [setup_analysis_results_directory:337] - Organized by Group: DELIRIUM-, Protocol: LG_PATIENTS_DELIRIUM-
2025-07-01 04:42:45,589 - INFO - examples.run_decoding_one_lg - [execute_single_subject_lg_decoding:619] - LG Results saved for subject TpPA35 in /home/tom.balay/results/Baking_EEG_results_V12/intra_subject_lg_results/DELIRIUM-_LG_PATIENTS_DELIRIUM-/TpPA35_Single_LG_Protocol_Analysis_svc/20250701_044245
2025-07-01 04:42:45,590 - INFO - utils.vizualization_utils_LG - [create_subject_decoding_dashboard_plots_lg:75] - Creating LG dashboard plots for subject TpPA35
2025-07-01 04:42:45,594 - INFO - utils.stats_utils - [perform_pointwise_fdr_correction_on_scores:439] - Performing pointwise wilcoxon with FDR correction. Data shape for test (obs, features if any): (10, 801)
2025-07-01 04:42:45,594 - INFO - utils.stats_utils - [perform_pointwise_fdr_correction_on_scores:443] -   Parameters: chance=0.5, alpha=0.05, test_type='wilcoxon', FDR_method='indep', alternative='greater'
2025-07-01 04:42:46,549 - INFO - utils.stats_utils - [perform_pointwise_fdr_correction_on_scores:714] - FDR correction completed. 0 point(s) found significant (p_fdr < 0.05).
2025-07-01 04:42:46,550 - INFO - utils.stats_utils - [perform_cluster_permutation_test:188] - Adjusting MNE parallelism from requested n_jobs=1 to effective_n_jobs=4 for resource management.
2025-07-01 04:42:46,550 - INFO - utils.stats_utils - [perform_cluster_permutation_test:195] - Executing cluster-based permutation test. Data shape (obs, features...): (10, 801)
2025-07-01 04:42:46,550 - INFO - utils.stats_utils - [perform_cluster_permutation_test:199] -   Parameters: n_permutations=1024, threshold_config={'start': 0.1, 'step': 0.1}, alternative='greater' (MNE tail=1), n_jobs=4
2025-07-01 04:42:46,550 - INFO - utils.stats_utils - [perform_cluster_permutation_test:210] -   Using MNE's default stat_fun (ttest_1samp_no_p) for permutation test.
2025-07-01 04:42:46,550 - INFO - utils.stats_utils - [perform_cluster_permutation_test:242] -   Input data is 2D (features). MNE will use default temporal connectivity inference if applicable.
stat_fun(H1): min=-4.021176 max=6.385743
Running initial clustering …
Using 63 thresholds from 0.10 to 6.30 for TFCE computation (h_power=2.00, e_power=0.50)
Found 801 clusters
2025-07-01 04:42:53,846 - INFO - utils.stats_utils - [perform_cluster_permutation_test:314] - Cluster permutation test completed. 801 initial clusters found (after processing slices).
2025-07-01 04:42:53,846 - INFO - utils.stats_utils - [perform_cluster_permutation_test:338] -   Significant Cluster #478: p-value = 0.0488. Mask shape: (801,), Num True points: 1
2025-07-01 04:42:53,848 - INFO - utils.stats_utils - [perform_pointwise_fdr_correction_on_scores:439] - Performing pointwise wilcoxon with FDR correction. Data shape for test (obs, features if any): (10, 801)
2025-07-01 04:42:53,849 - INFO - utils.stats_utils - [perform_pointwise_fdr_correction_on_scores:443] -   Parameters: chance=0.5, alpha=0.05, test_type='wilcoxon', FDR_method='indep', alternative='greater'
2025-07-01 04:42:54,744 - INFO - utils.stats_utils - [perform_pointwise_fdr_correction_on_scores:714] - FDR correction completed. 35 point(s) found significant (p_fdr < 0.05).
2025-07-01 04:42:54,744 - INFO - utils.stats_utils - [perform_cluster_permutation_test:188] - Adjusting MNE parallelism from requested n_jobs=1 to effective_n_jobs=4 for resource management.
2025-07-01 04:42:54,745 - INFO - utils.stats_utils - [perform_cluster_permutation_test:195] - Executing cluster-based permutation test. Data shape (obs, features...): (10, 801)
2025-07-01 04:42:54,745 - INFO - utils.stats_utils - [perform_cluster_permutation_test:199] -   Parameters: n_permutations=1024, threshold_config={'start': 0.1, 'step': 0.1}, alternative='greater' (MNE tail=1), n_jobs=4
2025-07-01 04:42:54,745 - INFO - utils.stats_utils - [perform_cluster_permutation_test:210] -   Using MNE's default stat_fun (ttest_1samp_no_p) for permutation test.
2025-07-01 04:42:54,745 - INFO - utils.stats_utils - [perform_cluster_permutation_test:242] -   Input data is 2D (features). MNE will use default temporal connectivity inference if applicable.
stat_fun(H1): min=-4.948090 max=9.749366
Running initial clustering …
Using 97 thresholds from 0.10 to 9.70 for TFCE computation (h_power=2.00, e_power=0.50)
Found 801 clusters
2025-07-01 04:43:00,876 - INFO - utils.stats_utils - [perform_cluster_permutation_test:314] - Cluster permutation test completed. 801 initial clusters found (after processing slices).
2025-07-01 04:43:00,877 - INFO - utils.stats_utils - [perform_cluster_permutation_test:338] -   Significant Cluster #531: p-value = 0.0479. Mask shape: (801,), Num True points: 1
2025-07-01 04:43:00,877 - INFO - utils.stats_utils - [perform_cluster_permutation_test:338] -   Significant Cluster #563: p-value = 0.0059. Mask shape: (801,), Num True points: 1
2025-07-01 04:43:00,877 - INFO - utils.stats_utils - [perform_cluster_permutation_test:338] -   Significant Cluster #564: p-value = 0.0039. Mask shape: (801,), Num True points: 1
2025-07-01 04:43:00,877 - INFO - utils.stats_utils - [perform_cluster_permutation_test:338] -   Significant Cluster #565: p-value = 0.0244. Mask shape: (801,), Num True points: 1
2025-07-01 04:43:00,877 - INFO - utils.stats_utils - [perform_cluster_permutation_test:338] -   Significant Cluster #566: p-value = 0.0225. Mask shape: (801,), Num True points: 1
2025-07-01 04:43:00,877 - INFO - utils.stats_utils - [perform_cluster_permutation_test:338] -   Significant Cluster #621: p-value = 0.0303. Mask shape: (801,), Num True points: 1
2025-07-01 04:43:00,878 - INFO - utils.stats_utils - [perform_cluster_permutation_test:338] -   Significant Cluster #622: p-value = 0.0234. Mask shape: (801,), Num True points: 1
2025-07-01 04:43:00,878 - INFO - utils.stats_utils - [perform_cluster_permutation_test:338] -   Significant Cluster #623: p-value = 0.0215. Mask shape: (801,), Num True points: 1
2025-07-01 04:43:00,879 - INFO - utils.stats_utils - [perform_pointwise_fdr_correction_on_scores:439] - Performing pointwise wilcoxon with FDR correction. Data shape for test (obs, features if any): (10, 801)
2025-07-01 04:43:00,879 - INFO - utils.stats_utils - [perform_pointwise_fdr_correction_on_scores:443] -   Parameters: chance=0.5, alpha=0.05, test_type='wilcoxon', FDR_method='indep', alternative='greater'
2025-07-01 04:43:01,765 - INFO - utils.stats_utils - [perform_pointwise_fdr_correction_on_scores:714] - FDR correction completed. 163 point(s) found significant (p_fdr < 0.05).
2025-07-01 04:43:01,765 - INFO - utils.stats_utils - [perform_cluster_permutation_test:188] - Adjusting MNE parallelism from requested n_jobs=1 to effective_n_jobs=4 for resource management.
2025-07-01 04:43:01,765 - INFO - utils.stats_utils - [perform_cluster_permutation_test:195] - Executing cluster-based permutation test. Data shape (obs, features...): (10, 801)
2025-07-01 04:43:01,765 - INFO - utils.stats_utils - [perform_cluster_permutation_test:199] -   Parameters: n_permutations=1024, threshold_config={'start': 0.1, 'step': 0.1}, alternative='greater' (MNE tail=1), n_jobs=4
2025-07-01 04:43:01,766 - INFO - utils.stats_utils - [perform_cluster_permutation_test:210] -   Using MNE's default stat_fun (ttest_1samp_no_p) for permutation test.
2025-07-01 04:43:01,766 - INFO - utils.stats_utils - [perform_cluster_permutation_test:242] -   Input data is 2D (features). MNE will use default temporal connectivity inference if applicable.
stat_fun(H1): min=-4.048536 max=8.527746
Running initial clustering …
Using 85 thresholds from 0.10 to 8.50 for TFCE computation (h_power=2.00, e_power=0.50)
Found 801 clusters
2025-07-01 04:43:07,519 - INFO - utils.stats_utils - [perform_cluster_permutation_test:314] - Cluster permutation test completed. 801 initial clusters found (after processing slices).
2025-07-01 04:43:07,520 - INFO - utils.stats_utils - [perform_cluster_permutation_test:338] -   Significant Cluster #461: p-value = 0.0117. Mask shape: (801,), Num True points: 1
2025-07-01 04:43:07,520 - INFO - utils.stats_utils - [perform_cluster_permutation_test:338] -   Significant Cluster #462: p-value = 0.0039. Mask shape: (801,), Num True points: 1
2025-07-01 04:43:07,520 - INFO - utils.stats_utils - [perform_cluster_permutation_test:338] -   Significant Cluster #463: p-value = 0.0244. Mask shape: (801,), Num True points: 1
2025-07-01 04:43:07,520 - INFO - utils.stats_utils - [perform_cluster_permutation_test:338] -   Significant Cluster #465: p-value = 0.0244. Mask shape: (801,), Num True points: 1
2025-07-01 04:43:07,520 - INFO - utils.stats_utils - [perform_cluster_permutation_test:338] -   Significant Cluster #482: p-value = 0.0439. Mask shape: (801,), Num True points: 1
2025-07-01 04:43:07,520 - INFO - utils.stats_utils - [perform_cluster_permutation_test:338] -   Significant Cluster #485: p-value = 0.0352. Mask shape: (801,), Num True points: 1
2025-07-01 04:43:07,520 - INFO - utils.stats_utils - [perform_cluster_permutation_test:338] -   Significant Cluster #486: p-value = 0.0244. Mask shape: (801,), Num True points: 1
2025-07-01 04:43:07,520 - INFO - utils.stats_utils - [perform_cluster_permutation_test:338] -   Significant Cluster #487: p-value = 0.0244. Mask shape: (801,), Num True points: 1
2025-07-01 04:43:07,521 - INFO - utils.stats_utils - [perform_cluster_permutation_test:338] -   Significant Cluster #488: p-value = 0.0352. Mask shape: (801,), Num True points: 1
2025-07-01 04:43:07,521 - INFO - utils.stats_utils - [perform_cluster_permutation_test:338] -   Significant Cluster #501: p-value = 0.0439. Mask shape: (801,), Num True points: 1
2025-07-01 04:43:07,521 - INFO - utils.stats_utils - [perform_cluster_permutation_test:338] -   Significant Cluster #512: p-value = 0.0244. Mask shape: (801,), Num True points: 1
2025-07-01 04:43:07,521 - INFO - utils.stats_utils - [perform_cluster_permutation_test:338] -   Significant Cluster #620: p-value = 0.0439. Mask shape: (801,), Num True points: 1
2025-07-01 04:43:07,522 - INFO - utils.stats_utils - [perform_pointwise_fdr_correction_on_scores:439] - Performing pointwise wilcoxon with FDR correction. Data shape for test (obs, features if any): (10, 801)
2025-07-01 04:43:07,522 - INFO - utils.stats_utils - [perform_pointwise_fdr_correction_on_scores:443] -   Parameters: chance=0.5, alpha=0.05, test_type='wilcoxon', FDR_method='indep', alternative='greater'
2025-07-01 04:43:08,416 - INFO - utils.stats_utils - [perform_pointwise_fdr_correction_on_scores:714] - FDR correction completed. 82 point(s) found significant (p_fdr < 0.05).
2025-07-01 04:43:08,416 - INFO - utils.stats_utils - [perform_cluster_permutation_test:188] - Adjusting MNE parallelism from requested n_jobs=1 to effective_n_jobs=4 for resource management.
2025-07-01 04:43:08,416 - INFO - utils.stats_utils - [perform_cluster_permutation_test:195] - Executing cluster-based permutation test. Data shape (obs, features...): (10, 801)
2025-07-01 04:43:08,416 - INFO - utils.stats_utils - [perform_cluster_permutation_test:199] -   Parameters: n_permutations=1024, threshold_config={'start': 0.1, 'step': 0.1}, alternative='greater' (MNE tail=1), n_jobs=4
2025-07-01 04:43:08,416 - INFO - utils.stats_utils - [perform_cluster_permutation_test:210] -   Using MNE's default stat_fun (ttest_1samp_no_p) for permutation test.
2025-07-01 04:43:08,416 - INFO - utils.stats_utils - [perform_cluster_permutation_test:242] -   Input data is 2D (features). MNE will use default temporal connectivity inference if applicable.
stat_fun(H1): min=-6.061845 max=10.379451
Running initial clustering …
Using 103 thresholds from 0.10 to 10.30 for TFCE computation (h_power=2.00, e_power=0.50)
Found 801 clusters
2025-07-01 04:43:14,341 - INFO - utils.stats_utils - [perform_cluster_permutation_test:314] - Cluster permutation test completed. 801 initial clusters found (after processing slices).
2025-07-01 04:43:14,342 - INFO - utils.stats_utils - [perform_cluster_permutation_test:338] -   Significant Cluster #525: p-value = 0.0098. Mask shape: (801,), Num True points: 1
2025-07-01 04:43:14,342 - INFO - utils.stats_utils - [perform_cluster_permutation_test:338] -   Significant Cluster #553: p-value = 0.0195. Mask shape: (801,), Num True points: 1
2025-07-01 04:43:14,342 - INFO - utils.stats_utils - [perform_cluster_permutation_test:338] -   Significant Cluster #565: p-value = 0.0361. Mask shape: (801,), Num True points: 1
2025-07-01 04:43:14,342 - INFO - utils.stats_utils - [perform_cluster_permutation_test:338] -   Significant Cluster #569: p-value = 0.0098. Mask shape: (801,), Num True points: 1
2025-07-01 04:43:14,343 - INFO - utils.stats_utils - [perform_cluster_permutation_test:338] -   Significant Cluster #570: p-value = 0.0156. Mask shape: (801,), Num True points: 1
2025-07-01 04:43:14,343 - INFO - utils.stats_utils - [perform_cluster_permutation_test:338] -   Significant Cluster #572: p-value = 0.0449. Mask shape: (801,), Num True points: 1
2025-07-01 04:43:14,343 - INFO - utils.stats_utils - [perform_cluster_permutation_test:338] -   Significant Cluster #574: p-value = 0.0488. Mask shape: (801,), Num True points: 1
2025-07-01 04:43:14,343 - INFO - utils.stats_utils - [perform_cluster_permutation_test:338] -   Significant Cluster #575: p-value = 0.0273. Mask shape: (801,), Num True points: 1
2025-07-01 04:43:14,343 - INFO - utils.stats_utils - [perform_cluster_permutation_test:338] -   Significant Cluster #576: p-value = 0.0215. Mask shape: (801,), Num True points: 1
2025-07-01 04:43:14,343 - INFO - utils.stats_utils - [perform_cluster_permutation_test:338] -   Significant Cluster #578: p-value = 0.0107. Mask shape: (801,), Num True points: 1
2025-07-01 04:43:14,343 - INFO - utils.stats_utils - [perform_cluster_permutation_test:338] -   Significant Cluster #579: p-value = 0.0049. Mask shape: (801,), Num True points: 1
2025-07-01 04:43:14,343 - INFO - utils.stats_utils - [perform_cluster_permutation_test:338] -   Significant Cluster #580: p-value = 0.0068. Mask shape: (801,), Num True points: 1
2025-07-01 04:43:14,343 - INFO - utils.stats_utils - [perform_cluster_permutation_test:338] -   Significant Cluster #581: p-value = 0.0059. Mask shape: (801,), Num True points: 1
2025-07-01 04:43:14,343 - INFO - utils.stats_utils - [perform_cluster_permutation_test:338] -   Significant Cluster #582: p-value = 0.0234. Mask shape: (801,), Num True points: 1
2025-07-01 04:43:16,332 - INFO - utils.vizualization_utils_LG - [_create_lg_comparison_page:247] - LG comparison plot saved to: /home/tom.balay/results/Baking_EEG_results_V12/intra_subject_lg_results/DELIRIUM-_LG_PATIENTS_DELIRIUM-/TpPA35_Single_LG_Protocol_Analysis_svc/20250701_044245/lg_LD_ALL_vs_LS_ALL_TpPA35_DELIRIUM-_svc.png
2025-07-01 04:43:18,054 - INFO - utils.vizualization_utils_LG - [_create_lg_comparison_page:247] - LG comparison plot saved to: /home/tom.balay/results/Baking_EEG_results_V12/intra_subject_lg_results/DELIRIUM-_LG_PATIENTS_DELIRIUM-/TpPA35_Single_LG_Protocol_Analysis_svc/20250701_044245/lg_GD_ALL_vs_GS_ALL_TpPA35_DELIRIUM-_svc.png
2025-07-01 04:43:19,576 - INFO - utils.vizualization_utils_LG - [_create_lg_comparison_page:247] - LG comparison plot saved to: /home/tom.balay/results/Baking_EEG_results_V12/intra_subject_lg_results/DELIRIUM-_LG_PATIENTS_DELIRIUM-/TpPA35_Single_LG_Protocol_Analysis_svc/20250701_044245/lg_LSGS_vs_LSGD_TpPA35_DELIRIUM-_svc.png
2025-07-01 04:43:21,331 - INFO - utils.vizualization_utils_LG - [_create_lg_comparison_page:247] - LG comparison plot saved to: /home/tom.balay/results/Baking_EEG_results_V12/intra_subject_lg_results/DELIRIUM-_LG_PATIENTS_DELIRIUM-/TpPA35_Single_LG_Protocol_Analysis_svc/20250701_044245/lg_LDGS_vs_LDGD_TpPA35_DELIRIUM-_svc.png
2025-07-01 04:43:22,777 - INFO - utils.vizualization_utils_LG - [_create_lg_comparison_page:247] - LG comparison plot saved to: /home/tom.balay/results/Baking_EEG_results_V12/intra_subject_lg_results/DELIRIUM-_LG_PATIENTS_DELIRIUM-/TpPA35_Single_LG_Protocol_Analysis_svc/20250701_044245/lg_LSGS_vs_LDGS_TpPA35_DELIRIUM-_svc.png
2025-07-01 04:43:24,265 - INFO - utils.vizualization_utils_LG - [_create_lg_comparison_page:247] - LG comparison plot saved to: /home/tom.balay/results/Baking_EEG_results_V12/intra_subject_lg_results/DELIRIUM-_LG_PATIENTS_DELIRIUM-/TpPA35_Single_LG_Protocol_Analysis_svc/20250701_044245/lg_LSGD_vs_LDGD_TpPA35_DELIRIUM-_svc.png
2025-07-01 04:43:24,266 - INFO - utils.vizualization_utils_LG - [create_subject_decoding_dashboard_plots_lg:167] - LG dashboard plots creation completed for subject TpPA35
2025-07-01 04:43:24,266 - INFO - examples.run_decoding_one_lg - [execute_single_subject_lg_decoding:684] - LG Dashboard plots generated for subject TpPA35 in /home/tom.balay/results/Baking_EEG_results_V12/intra_subject_lg_results/DELIRIUM-_LG_PATIENTS_DELIRIUM-/TpPA35_Single_LG_Protocol_Analysis_svc/20250701_044245
2025-07-01 04:43:24,266 - INFO - examples.run_decoding_one_lg - [execute_single_subject_lg_decoding:723] - Finished processing LG for subject TpPA35 (Task Set ID: Single_LG_Protocol_Analysis). Total time: 17676.84s
submitit INFO (2025-07-01 04:43:24,285) - Job completed successfully
2025-07-01 04:43:24,285 - INFO - submitit - [process_job:56] - Job completed successfully
submitit INFO (2025-07-01 04:43:24,444) - Exiting after successful completion
2025-07-01 04:43:24,444 - INFO - submitit - [process_job:61] - Exiting after successful completion
