submitit ERROR (2025-06-25 17:51:02,600) - Submitted job triggered an exception
Traceback (most recent call last):
  File "<frozen runpy>", line 198, in _run_module_as_main
  File "<frozen runpy>", line 88, in _run_code
  File "/home/tom.balay/.venvs/py3.11_cluster/lib/python3.11/site-packages/submitit/core/_submit.py", line 11, in <module>
    submitit_main()
  File "/home/tom.balay/.venvs/py3.11_cluster/lib/python3.11/site-packages/submitit/core/submission.py", line 76, in submitit_main
    process_job(args.folder)
  File "/home/tom.balay/.venvs/py3.11_cluster/lib/python3.11/site-packages/submitit/core/submission.py", line 69, in process_job
    raise error
  File "/home/tom.balay/.venvs/py3.11_cluster/lib/python3.11/site-packages/submitit/core/submission.py", line 55, in process_job
    result = delayed.result()
             ^^^^^^^^^^^^^^^^
  File "/home/tom.balay/.venvs/py3.11_cluster/lib/python3.11/site-packages/submitit/core/utils.py", line 137, in result
    self._result = self.function(*self.args, **self.kwargs)
                   ^^^^^^^^^^^^^^^^^^^^^^^^^^^^^^^^^^^^^^^^
  File "/home/tom.balay/Baking_EEG/submitit/submit_allgroup.py", line 156, in execute_group_decoding_wrapper
    from examples.run_decoding_one_group_pp import execute_group_intra_subject_decoding_analysis
ImportError: cannot import name 'execute_group_intra_subject_decoding_analysis' from 'examples.run_decoding_one_group_pp' (/home/tom.balay/Baking_EEG/examples/run_decoding_one_group_pp.py)
srun: error: node11: task 0: Exited with exit code 1
