submitit INFO (2025-06-24 13:35:45,769) - Starting with JobEnvironment(job_id=348935, hostname=node13, local_rank=0(1), node=0(1), global_rank=0(1))
submitit INFO (2025-06-24 13:35:45,769) - Loading pickle: /home/tom.balay/Baking_EEG/bash/logs_submitit_jobs/job_PP_AP_TpSM49_20250624_133543/348935_submitted.pkl
2025-06-24 13:35:52,391 - INFO - examples.run_decoding_one_group_pp - [<module>:54] - Tentative d'import de execute_single_subject_decoding...
2025-06-24 13:35:52,391 - INFO - examples.run_decoding_one_group_pp - [<module>:57] - ✅ Import de execute_single_subject_decoding réussi
2025-06-24 13:35:52,395 - INFO - examples.run_decoding_one_pp - [execute_single_subject_decoding:192] - Starting decoding for subject: TpSM49 (Group: DELIRIUM+, Task Set ID: Analysis_PP_AP_Individual, Classifier: svc, GS: False, CSP (temp): False, ANOVA FS (temp): True, n_jobs: 40)
2025-06-24 13:35:52,395 - INFO - examples.run_decoding_one_pp - [execute_single_subject_decoding:201] - Using loading conditions: ['XPP_ALL', 'XAP_ALL', 'PP_FOR_SPECIFIC_COMPARISON', 'AP_FAMILY_1', 'AP_FAMILY_2', 'AP_FAMILY_3', 'AP_FAMILY_4', 'AP_FAMILY_5', 'AP_FAMILY_6']
2025-06-24 13:35:55,597 - ERROR - utils.loading_PP_utils - [load_epochs_data_for_decoding_delirium:439] - CRITICAL: No data loaded for ANY specified conditions for subject TpSM49.
2025-06-24 13:35:55,598 - WARNING - utils.loading_PP_utils - [load_epochs_data_for_decoding_delirium:446] - Empty data array for condition 'temp' (specifier: 'AP') for subject TpSM49.
2025-06-24 13:35:55,598 - INFO - utils.loading_PP_utils - [load_epochs_data_auto_protocol:774] - Auto-detected protocol 'delirium' for subject 'TpSM49' (file hint: legacy)
2025-06-24 13:35:55,598 - INFO - utils.loading_PP_utils - [find_epochs_file_with_protocol_detection:78] - Found epochs file: /mnt/data/tom.balay/data/Baking_EEG_data/PP_PATIENTS_DELIRIUM+_0.5/data_epochs/TpSM49_PP_preproc_noICA_PP-epo_ar.fif (protocol: legacy, pattern: legacy)
2025-06-24 13:35:55,598 - INFO - utils.loading_PP_utils - [load_epochs_data_for_decoding_delirium:302] - Loading epoch data for subject 'TpSM49' from: /mnt/data/tom.balay/data/Baking_EEG_data/PP_PATIENTS_DELIRIUM+_0.5/data_epochs/TpSM49_PP_preproc_noICA_PP-epo_ar.fif (file protocol: legacy)
2025-06-24 13:35:55,930 - INFO - utils.loading_PP_utils - [load_epochs_data_for_decoding_delirium:313] - Event IDs available for TpSM49:
2025-06-24 13:35:55,930 - INFO - utils.loading_PP_utils - [load_epochs_data_for_decoding_delirium:317] -   - 'PP/10': 110
2025-06-24 13:35:55,930 - INFO - utils.loading_PP_utils - [load_epochs_data_for_decoding_delirium:317] -   - 'PP/20': 120
2025-06-24 13:35:55,930 - INFO - utils.loading_PP_utils - [load_epochs_data_for_decoding_delirium:317] -   - 'PP/30': 130
2025-06-24 13:35:55,930 - INFO - utils.loading_PP_utils - [load_epochs_data_for_decoding_delirium:317] -   - 'AP/11': 111
2025-06-24 13:35:55,930 - INFO - utils.loading_PP_utils - [load_epochs_data_for_decoding_delirium:317] -   - 'AP/12': 112
2025-06-24 13:35:55,930 - INFO - utils.loading_PP_utils - [load_epochs_data_for_decoding_delirium:317] -   - 'AP/13': 113
2025-06-24 13:35:55,930 - INFO - utils.loading_PP_utils - [load_epochs_data_for_decoding_delirium:317] -   - 'AP/14': 114
2025-06-24 13:35:55,930 - INFO - utils.loading_PP_utils - [load_epochs_data_for_decoding_delirium:317] -   - 'AP/15': 115
2025-06-24 13:35:55,930 - INFO - utils.loading_PP_utils - [load_epochs_data_for_decoding_delirium:317] -   - 'AP/16': 116
2025-06-24 13:35:55,930 - INFO - utils.loading_PP_utils - [load_epochs_data_for_decoding_delirium:317] -   - 'AP/21': 121
2025-06-24 13:35:55,930 - INFO - utils.loading_PP_utils - [load_epochs_data_for_decoding_delirium:317] -   - 'AP/22': 122
2025-06-24 13:35:55,930 - INFO - utils.loading_PP_utils - [load_epochs_data_for_decoding_delirium:317] -   - 'AP/23': 123
2025-06-24 13:35:55,930 - INFO - utils.loading_PP_utils - [load_epochs_data_for_decoding_delirium:317] -   - 'AP/24': 124
2025-06-24 13:35:55,931 - INFO - utils.loading_PP_utils - [load_epochs_data_for_decoding_delirium:317] -   - 'AP/25': 125
2025-06-24 13:35:55,931 - INFO - utils.loading_PP_utils - [load_epochs_data_for_decoding_delirium:317] -   - 'AP/26': 126
2025-06-24 13:35:55,931 - INFO - utils.loading_PP_utils - [load_epochs_data_for_decoding_delirium:317] -   - 'AP/31': 131
2025-06-24 13:35:55,931 - INFO - utils.loading_PP_utils - [load_epochs_data_for_decoding_delirium:317] -   - 'AP/32': 132
2025-06-24 13:35:55,931 - INFO - utils.loading_PP_utils - [load_epochs_data_for_decoding_delirium:317] -   - 'AP/33': 133
2025-06-24 13:35:55,931 - INFO - utils.loading_PP_utils - [load_epochs_data_for_decoding_delirium:317] -   - 'AP/34': 134
2025-06-24 13:35:55,931 - INFO - utils.loading_PP_utils - [load_epochs_data_for_decoding_delirium:317] -   - 'AP/35': 135
2025-06-24 13:35:55,931 - INFO - utils.loading_PP_utils - [load_epochs_data_for_decoding_delirium:317] -   - 'AP/36': 136
2025-06-24 13:35:55,964 - INFO - utils.loading_PP_utils - [inspect_epochs_events:826] - === EVENT INSPECTION FOR TpSM49 ===
2025-06-24 13:35:55,964 - INFO - utils.loading_PP_utils - [inspect_epochs_events:829] - File: /mnt/data/tom.balay/data/Baking_EEG_data/PP_PATIENTS_DELIRIUM+_0.5/data_epochs/TpSM49_PP_preproc_noICA_PP-epo_ar.fif
2025-06-24 13:35:55,964 - INFO - utils.loading_PP_utils - [inspect_epochs_events:830] - Total events: 476
2025-06-24 13:35:55,964 - INFO - utils.loading_PP_utils - [inspect_epochs_events:831] - Event types and counts:
2025-06-24 13:35:55,964 - INFO - utils.loading_PP_utils - [inspect_epochs_events:833] -   - 'PP/10' (code 110): 24 epochs
2025-06-24 13:35:55,964 - INFO - utils.loading_PP_utils - [inspect_epochs_events:833] -   - 'PP/20' (code 120): 23 epochs
2025-06-24 13:35:55,964 - INFO - utils.loading_PP_utils - [inspect_epochs_events:833] -   - 'PP/30' (code 130): 23 epochs
2025-06-24 13:35:55,964 - INFO - utils.loading_PP_utils - [inspect_epochs_events:833] -   - 'AP/11' (code 111): 22 epochs
2025-06-24 13:35:55,964 - INFO - utils.loading_PP_utils - [inspect_epochs_events:833] -   - 'AP/12' (code 112): 22 epochs
2025-06-24 13:35:55,965 - INFO - utils.loading_PP_utils - [inspect_epochs_events:833] -   - 'AP/13' (code 113): 23 epochs
2025-06-24 13:35:55,965 - INFO - utils.loading_PP_utils - [inspect_epochs_events:833] -   - 'AP/14' (code 114): 23 epochs
2025-06-24 13:35:55,965 - INFO - utils.loading_PP_utils - [inspect_epochs_events:833] -   - 'AP/15' (code 115): 23 epochs
2025-06-24 13:35:55,965 - INFO - utils.loading_PP_utils - [inspect_epochs_events:833] -   - 'AP/16' (code 116): 21 epochs
2025-06-24 13:35:55,965 - INFO - utils.loading_PP_utils - [inspect_epochs_events:833] -   - 'AP/21' (code 121): 23 epochs
2025-06-24 13:35:55,965 - INFO - utils.loading_PP_utils - [inspect_epochs_events:833] -   - 'AP/22' (code 122): 22 epochs
2025-06-24 13:35:55,965 - INFO - utils.loading_PP_utils - [inspect_epochs_events:833] -   - 'AP/23' (code 123): 24 epochs
2025-06-24 13:35:55,965 - INFO - utils.loading_PP_utils - [inspect_epochs_events:833] -   - 'AP/24' (code 124): 22 epochs
2025-06-24 13:35:55,965 - INFO - utils.loading_PP_utils - [inspect_epochs_events:833] -   - 'AP/25' (code 125): 22 epochs
2025-06-24 13:35:55,965 - INFO - utils.loading_PP_utils - [inspect_epochs_events:833] -   - 'AP/26' (code 126): 24 epochs
2025-06-24 13:35:55,965 - INFO - utils.loading_PP_utils - [inspect_epochs_events:833] -   - 'AP/31' (code 131): 23 epochs
2025-06-24 13:35:55,965 - INFO - utils.loading_PP_utils - [inspect_epochs_events:833] -   - 'AP/32' (code 132): 23 epochs
2025-06-24 13:35:55,965 - INFO - utils.loading_PP_utils - [inspect_epochs_events:833] -   - 'AP/33' (code 133): 24 epochs
2025-06-24 13:35:55,965 - INFO - utils.loading_PP_utils - [inspect_epochs_events:833] -   - 'AP/34' (code 134): 21 epochs
2025-06-24 13:35:55,965 - INFO - utils.loading_PP_utils - [inspect_epochs_events:833] -   - 'AP/35' (code 135): 24 epochs
2025-06-24 13:35:55,965 - INFO - utils.loading_PP_utils - [inspect_epochs_events:833] -   - 'AP/36' (code 136): 20 epochs
2025-06-24 13:35:56,093 - INFO - utils.loading_PP_utils - [load_epochs_data_for_decoding_delirium:343] - Processing conditions: ['XPP_ALL', 'XAP_ALL', 'PP_FOR_SPECIFIC_COMPARISON', 'AP_FAMILY_1', 'AP_FAMILY_2', 'AP_FAMILY_3', 'AP_FAMILY_4', 'AP_FAMILY_5', 'AP_FAMILY_6']
2025-06-24 13:35:56,456 - INFO - utils.loading_PP_utils - [load_epochs_data_for_decoding_delirium:456] -   Data shapes for 'TpSM49': XPP_ALL=(70, 124, 601), XAP_ALL=(406, 124, 601), PP_FOR_SPECIFIC_COMPARISON=(70, 124, 601), AP_FAMILY_1=(68, 124, 601), AP_FAMILY_2=(67, 124, 601), AP_FAMILY_3=(71, 124, 601), AP_FAMILY_4=(66, 124, 601), AP_FAMILY_5=(69, 124, 601), AP_FAMILY_6=(65, 124, 601). Loaded in 0.86s
2025-06-24 13:35:56,459 - INFO - examples.run_decoding_one_pp - [execute_single_subject_decoding:210] - Detected protocol 'delirium' for subject TpSM49
2025-06-24 13:35:56,459 - INFO - examples.run_decoding_one_pp - [execute_single_subject_decoding:240] - Successfully loaded 952 total epochs across all conditions for TpSM49
2025-06-24 13:35:56,459 - INFO - examples.run_decoding_one_pp - [execute_single_subject_decoding:269] - --- Starting Main Protocol Decoding for TpSM49 ---
2025-06-24 13:35:56,459 - INFO - examples.run_decoding_one_pp - [execute_single_subject_decoding:272] -   --- 1. Main Decoding (e.g., PP/all vs AP/all) for TpSM49 ---
2025-06-24 13:35:56,517 - ERROR - examples.run_decoding_one_pp - [execute_single_subject_decoding:627] - Unexpected error during main processing logic for subject TpSM49: min expected at least 1 argument, got 0
Traceback (most recent call last):
  File "/home/tom.balay/Baking_EEG/examples/run_decoding_one_pp.py", line 294, in execute_single_subject_decoding
    num_cv_splits_main = min(
                         ^^^^
TypeError: min expected at least 1 argument, got 0
submitit INFO (2025-06-24 13:35:56,528) - Job completed successfully
2025-06-24 13:35:56,528 - INFO - submitit - [process_job:56] - Job completed successfully
submitit INFO (2025-06-24 13:35:56,530) - Exiting after successful completion
2025-06-24 13:35:56,530 - INFO - submitit - [process_job:61] - Exiting after successful completion
