submitit INFO (2025-07-01 00:34:50,763) - Starting with JobEnvironment(job_id=352668, hostname=node19, local_rank=0(1), node=0(1), global_rank=0(1))
submitit INFO (2025-07-01 00:34:50,764) - Loading pickle: /home/tom.balay/Baking_EEG/submitit/logs_submitit_jobs_LG/20250630_102701_TpYB41_LG/352668_submitted.pkl
2025-07-01 00:34:53,848 - INFO - examples.run_decoding_one_group_pp - [<module>:39] - Tentative d'import de execute_single_subject_decoding...
2025-07-01 00:34:53,848 - INFO - examples.run_decoding_one_group_pp - [<module>:42] - ✅ Import de execute_single_subject_decoding réussi
2025-07-01 00:34:53,851 - INFO - examples.run_decoding_one_lg - [execute_single_subject_lg_decoding:193] - Starting LG decoding for subject: TpYB41 (Group: DELIRIUM-, Task Set ID: Single_LG_Protocol_Analysis, Classifier: svc, GS: False, CSP: False, ANOVA FS: True, n_jobs: 40)
2025-07-01 00:34:53,851 - INFO - examples.run_decoding_one_lg - [execute_single_subject_lg_decoding:204] - Using LG loading conditions: ['LS_ALL', 'LD_ALL', 'GS_ALL', 'GD_ALL', 'LSGS', 'LSGD', 'LDGS', 'LDGD']
2025-07-01 00:35:02,435 - INFO - examples.run_decoding_one_lg - [execute_single_subject_lg_decoding:213] - Detected protocol 'LG_PATIENTS_DELIRIUM-' for subject TpYB41
2025-07-01 00:35:02,437 - INFO - examples.run_decoding_one_lg - [execute_single_subject_lg_decoding:254] - --- Starting Main LG Protocol Decoding for TpYB41 ---
2025-07-01 00:35:02,437 - INFO - examples.run_decoding_one_lg - [execute_single_subject_lg_decoding:257] -   --- 1. Main LG Decoding (LS vs LD) for TpYB41 ---
2025-07-01 00:35:02,551 - INFO - Baking_EEG._4_decoding_core - [run_temporal_decoding_analysis:68] - --- Temporal Ddcoding Analysis ---
2025-07-01 00:35:02,551 - INFO - Baking_EEG._4_decoding_core - [run_temporal_decoding_analysis:69] - Clf: svc, GS: False, CSP (temporal): False, ANOVA FS (temporal): True
2025-07-01 00:35:02,554 - INFO - base.base_decoding - [_build_standard_classifier_pipeline:57] - Pipeline à hyperparamètres fixes: type='svc', CSP: False, ANOVA FS: True
2025-07-01 00:35:02,554 - INFO - base.base_decoding - [_build_standard_classifier_pipeline:68] - DEBUG: add_csp_step type=bool, value=False, bool()=False
2025-07-01 00:35:02,554 - INFO - base.base_decoding - [_build_standard_classifier_pipeline:91] -    Étape ANOVA FS 'anova_feature_selection' ajoutée (percentile fixe=15).
2025-07-01 00:35:02,554 - INFO - base.base_decoding - [_build_standard_classifier_pipeline:123] - Structure finale du pipeline: ['scaler', 'anova_feature_selection', 'svc_classifier']
2025-07-01 00:35:02,554 - INFO - base.base_decoding - [_build_standard_classifier_pipeline:57] - Pipeline à hyperparamètres fixes: type='svc', CSP: False, ANOVA FS: False
2025-07-01 00:35:02,554 - INFO - base.base_decoding - [_build_standard_classifier_pipeline:68] - DEBUG: add_csp_step type=bool, value=False, bool()=False
2025-07-01 00:35:02,554 - INFO - base.base_decoding - [_build_standard_classifier_pipeline:123] - Structure finale du pipeline: ['scaler', 'svc_classifier']
2025-07-01 00:35:02,554 - INFO - Baking_EEG._4_decoding_core - [run_temporal_decoding_analysis:246] - CV strategy: StratifiedKFold with 10 splits.
2025-07-01 00:35:02,554 - INFO - Baking_EEG._4_decoding_core - [run_temporal_decoding_analysis:258] - Sample weights: Auto-calculated per fold (recommended for StratifiedKFold).
2025-07-01 00:35:02,562 - INFO - Baking_EEG._4_decoding_core - [run_temporal_decoding_analysis:294] - MNE Estimators: Using fold-specific balancing via class_weight='balanced' (if supported by classifier).
2025-07-01 00:35:02,562 - INFO - Baking_EEG._4_decoding_core - [run_temporal_decoding_analysis:310] - Starting 1D temporal decoding (SlidingEstimator)...
2025-07-01 00:36:23,595 - INFO - Baking_EEG._4_decoding_core - [run_temporal_decoding_analysis:338] - 1D temporal decoding done. Peak mean AUC: 0.640
2025-07-01 00:36:23,596 - INFO - Baking_EEG._4_decoding_core - [run_temporal_decoding_analysis:379] - TGM computation disabled.
2025-07-01 00:36:23,596 - INFO - Baking_EEG._4_decoding_core - [run_temporal_decoding_analysis:382] - Starting global decoding (n_jobs_folds=40)...
2025-07-01 00:42:01,225 - INFO - Baking_EEG._4_decoding_core - [run_temporal_decoding_analysis:439] - Global decoding done. Mean CV AUC: 0.658 +/- 0.055
2025-07-01 00:42:01,240 - INFO - Baking_EEG._4_decoding_core - [run_temporal_decoding_analysis:478] -   Overall global metrics (aggregated): {'roc_auc': '0.661', 'accuracy': '0.611', 'precision': '0.605', 'recall': '0.618', 'f1_score': '0.611', 'balanced_accuracy': '0.611'}
2025-07-01 00:42:01,241 - INFO - utils.stats_utils - [perform_pointwise_fdr_correction_on_scores:439] - Performing pointwise wilcoxon with FDR correction. Data shape for test (obs, features if any): (10, 801)
2025-07-01 00:42:01,241 - INFO - utils.stats_utils - [perform_pointwise_fdr_correction_on_scores:443] -   Parameters: chance=0.5, alpha=0.05, test_type='wilcoxon', FDR_method='indep', alternative='greater'
2025-07-01 00:42:01,872 - INFO - utils.stats_utils - [perform_pointwise_fdr_correction_on_scores:714] - FDR correction completed. 84 point(s) found significant (p_fdr < 0.05).
2025-07-01 00:42:01,873 - INFO - utils.stats_utils - [perform_cluster_permutation_test:195] - Executing cluster-based permutation test. Data shape (obs, features...): (10, 801)
2025-07-01 00:42:01,873 - INFO - utils.stats_utils - [perform_cluster_permutation_test:199] -   Parameters: n_permutations=1024, threshold_config={'start': 0.1, 'step': 0.1}, alternative='greater' (MNE tail=1), n_jobs=-1
2025-07-01 00:42:01,873 - INFO - utils.stats_utils - [perform_cluster_permutation_test:210] -   Using MNE's default stat_fun (ttest_1samp_no_p) for permutation test.
2025-07-01 00:42:01,873 - INFO - utils.stats_utils - [perform_cluster_permutation_test:242] -   Input data is 2D (features). MNE will use default temporal connectivity inference if applicable.
stat_fun(H1): min=-6.615064 max=14.176430
Running initial clustering …
Using 141 thresholds from 0.10 to 14.10 for TFCE computation (h_power=2.00, e_power=0.50)
Found 801 clusters
2025-07-01 00:42:04,667 - INFO - utils.stats_utils - [perform_cluster_permutation_test:314] - Cluster permutation test completed. 801 initial clusters found (after processing slices).
2025-07-01 00:42:04,668 - INFO - utils.stats_utils - [perform_cluster_permutation_test:338] -   Significant Cluster #447: p-value = 0.0283. Mask shape: (801,), Num True points: 1
2025-07-01 00:42:04,668 - INFO - utils.stats_utils - [perform_cluster_permutation_test:338] -   Significant Cluster #448: p-value = 0.0400. Mask shape: (801,), Num True points: 1
2025-07-01 00:42:04,668 - INFO - utils.stats_utils - [perform_cluster_permutation_test:338] -   Significant Cluster #449: p-value = 0.0205. Mask shape: (801,), Num True points: 1
2025-07-01 00:42:04,668 - INFO - utils.stats_utils - [perform_cluster_permutation_test:338] -   Significant Cluster #450: p-value = 0.0059. Mask shape: (801,), Num True points: 1
2025-07-01 00:42:04,668 - INFO - utils.stats_utils - [perform_cluster_permutation_test:338] -   Significant Cluster #451: p-value = 0.0078. Mask shape: (801,), Num True points: 1
2025-07-01 00:42:04,668 - INFO - utils.stats_utils - [perform_cluster_permutation_test:338] -   Significant Cluster #452: p-value = 0.0020. Mask shape: (801,), Num True points: 1
2025-07-01 00:42:04,668 - INFO - utils.stats_utils - [perform_cluster_permutation_test:338] -   Significant Cluster #453: p-value = 0.0020. Mask shape: (801,), Num True points: 1
2025-07-01 00:42:04,668 - INFO - utils.stats_utils - [perform_cluster_permutation_test:338] -   Significant Cluster #454: p-value = 0.0029. Mask shape: (801,), Num True points: 1
2025-07-01 00:42:04,668 - INFO - utils.stats_utils - [perform_cluster_permutation_test:338] -   Significant Cluster #455: p-value = 0.0020. Mask shape: (801,), Num True points: 1
2025-07-01 00:42:04,668 - INFO - utils.stats_utils - [perform_cluster_permutation_test:338] -   Significant Cluster #456: p-value = 0.0020. Mask shape: (801,), Num True points: 1
2025-07-01 00:42:04,668 - INFO - utils.stats_utils - [perform_cluster_permutation_test:338] -   Significant Cluster #457: p-value = 0.0020. Mask shape: (801,), Num True points: 1
2025-07-01 00:42:04,668 - INFO - utils.stats_utils - [perform_cluster_permutation_test:338] -   Significant Cluster #458: p-value = 0.0078. Mask shape: (801,), Num True points: 1
2025-07-01 00:42:04,668 - INFO - utils.stats_utils - [perform_cluster_permutation_test:338] -   Significant Cluster #459: p-value = 0.0078. Mask shape: (801,), Num True points: 1
2025-07-01 00:42:04,669 - INFO - utils.stats_utils - [perform_cluster_permutation_test:338] -   Significant Cluster #463: p-value = 0.0352. Mask shape: (801,), Num True points: 1
2025-07-01 00:42:04,669 - INFO - utils.stats_utils - [perform_cluster_permutation_test:338] -   Significant Cluster #464: p-value = 0.0176. Mask shape: (801,), Num True points: 1
2025-07-01 00:42:04,669 - INFO - utils.stats_utils - [perform_cluster_permutation_test:338] -   Significant Cluster #465: p-value = 0.0479. Mask shape: (801,), Num True points: 1
2025-07-01 00:42:04,669 - INFO - utils.stats_utils - [perform_cluster_permutation_test:338] -   Significant Cluster #527: p-value = 0.0479. Mask shape: (801,), Num True points: 1
2025-07-01 00:42:04,669 - INFO - utils.stats_utils - [perform_cluster_permutation_test:338] -   Significant Cluster #528: p-value = 0.0088. Mask shape: (801,), Num True points: 1
2025-07-01 00:42:04,669 - INFO - utils.stats_utils - [perform_cluster_permutation_test:338] -   Significant Cluster #529: p-value = 0.0020. Mask shape: (801,), Num True points: 1
2025-07-01 00:42:04,669 - INFO - utils.stats_utils - [perform_cluster_permutation_test:338] -   Significant Cluster #530: p-value = 0.0029. Mask shape: (801,), Num True points: 1
2025-07-01 00:42:04,669 - INFO - utils.stats_utils - [perform_cluster_permutation_test:338] -   Significant Cluster #531: p-value = 0.0059. Mask shape: (801,), Num True points: 1
2025-07-01 00:42:04,669 - INFO - utils.stats_utils - [perform_cluster_permutation_test:338] -   Significant Cluster #532: p-value = 0.0078. Mask shape: (801,), Num True points: 1
2025-07-01 00:42:04,669 - INFO - utils.stats_utils - [perform_cluster_permutation_test:338] -   Significant Cluster #533: p-value = 0.0088. Mask shape: (801,), Num True points: 1
2025-07-01 00:42:04,669 - INFO - utils.stats_utils - [perform_cluster_permutation_test:338] -   Significant Cluster #534: p-value = 0.0322. Mask shape: (801,), Num True points: 1
2025-07-01 00:42:04,669 - INFO - utils.stats_utils - [perform_cluster_permutation_test:338] -   Significant Cluster #535: p-value = 0.0479. Mask shape: (801,), Num True points: 1
2025-07-01 00:42:04,671 - INFO - examples.run_decoding_one_lg - [execute_single_subject_lg_decoding:344] - Main LG Decoding for TpYB41 DONE. Mean Global AUC: 0.658
2025-07-01 00:42:04,671 - INFO - examples.run_decoding_one_lg - [execute_single_subject_lg_decoding:353] -   --- 2. Specific LG Comparisons (e.g. LS/GS vs LS/GD, LD/GS vs LD/GD) for TpYB41 ---
2025-07-01 00:42:04,736 - INFO - Baking_EEG._4_decoding_core - [run_temporal_decoding_analysis:68] - --- Temporal Ddcoding Analysis ---
2025-07-01 00:42:04,736 - INFO - Baking_EEG._4_decoding_core - [run_temporal_decoding_analysis:69] - Clf: svc, GS: False, CSP (temporal): False, ANOVA FS (temporal): True
2025-07-01 00:42:04,740 - INFO - base.base_decoding - [_build_standard_classifier_pipeline:57] - Pipeline à hyperparamètres fixes: type='svc', CSP: False, ANOVA FS: True
2025-07-01 00:42:04,740 - INFO - base.base_decoding - [_build_standard_classifier_pipeline:68] - DEBUG: add_csp_step type=bool, value=False, bool()=False
2025-07-01 00:42:04,740 - INFO - base.base_decoding - [_build_standard_classifier_pipeline:91] -    Étape ANOVA FS 'anova_feature_selection' ajoutée (percentile fixe=15).
2025-07-01 00:42:04,741 - INFO - base.base_decoding - [_build_standard_classifier_pipeline:123] - Structure finale du pipeline: ['scaler', 'anova_feature_selection', 'svc_classifier']
2025-07-01 00:42:04,741 - INFO - base.base_decoding - [_build_standard_classifier_pipeline:57] - Pipeline à hyperparamètres fixes: type='svc', CSP: False, ANOVA FS: False
2025-07-01 00:42:04,741 - INFO - base.base_decoding - [_build_standard_classifier_pipeline:68] - DEBUG: add_csp_step type=bool, value=False, bool()=False
2025-07-01 00:42:04,741 - INFO - base.base_decoding - [_build_standard_classifier_pipeline:123] - Structure finale du pipeline: ['scaler', 'svc_classifier']
2025-07-01 00:42:04,741 - INFO - Baking_EEG._4_decoding_core - [run_temporal_decoding_analysis:246] - CV strategy: StratifiedKFold with 10 splits.
2025-07-01 00:42:04,741 - INFO - Baking_EEG._4_decoding_core - [run_temporal_decoding_analysis:258] - Sample weights: Auto-calculated per fold (recommended for StratifiedKFold).
2025-07-01 00:42:04,750 - INFO - Baking_EEG._4_decoding_core - [run_temporal_decoding_analysis:294] - MNE Estimators: Using fold-specific balancing via class_weight='balanced' (if supported by classifier).
2025-07-01 00:42:04,750 - INFO - Baking_EEG._4_decoding_core - [run_temporal_decoding_analysis:310] - Starting 1D temporal decoding (SlidingEstimator)...
2025-07-01 00:42:34,578 - INFO - Baking_EEG._4_decoding_core - [run_temporal_decoding_analysis:338] - 1D temporal decoding done. Peak mean AUC: 0.650
2025-07-01 00:42:34,579 - INFO - Baking_EEG._4_decoding_core - [run_temporal_decoding_analysis:346] - Starting TGM computation (GeneralizingEstimator)...
2025-07-01 01:29:51,549 - INFO - Baking_EEG._4_decoding_core - [run_temporal_decoding_analysis:373] - TGM computation done. Peak mean TGM AUC: 0.650
2025-07-01 01:29:51,551 - INFO - Baking_EEG._4_decoding_core - [run_temporal_decoding_analysis:382] - Starting global decoding (n_jobs_folds=40)...
2025-07-01 01:31:18,385 - INFO - Baking_EEG._4_decoding_core - [run_temporal_decoding_analysis:439] - Global decoding done. Mean CV AUC: 0.639 +/- 0.060
2025-07-01 01:31:18,407 - INFO - Baking_EEG._4_decoding_core - [run_temporal_decoding_analysis:478] -   Overall global metrics (aggregated): {'roc_auc': '0.634', 'accuracy': '0.751', 'precision': '0.333', 'recall': '0.260', 'f1_score': '0.292', 'balanced_accuracy': '0.566'}
2025-07-01 01:31:18,407 - INFO - utils.stats_utils - [perform_pointwise_fdr_correction_on_scores:439] - Performing pointwise wilcoxon with FDR correction. Data shape for test (obs, features if any): (10, 801)
2025-07-01 01:31:18,407 - INFO - utils.stats_utils - [perform_pointwise_fdr_correction_on_scores:443] -   Parameters: chance=0.5, alpha=0.05, test_type='wilcoxon', FDR_method='indep', alternative='greater'
2025-07-01 01:31:19,047 - INFO - utils.stats_utils - [perform_pointwise_fdr_correction_on_scores:714] - FDR correction completed. 36 point(s) found significant (p_fdr < 0.05).
2025-07-01 01:31:19,047 - INFO - utils.stats_utils - [perform_cluster_permutation_test:195] - Executing cluster-based permutation test. Data shape (obs, features...): (10, 801)
2025-07-01 01:31:19,048 - INFO - utils.stats_utils - [perform_cluster_permutation_test:199] -   Parameters: n_permutations=1024, threshold_config={'start': 0.1, 'step': 0.1}, alternative='greater' (MNE tail=1), n_jobs=-1
2025-07-01 01:31:19,048 - INFO - utils.stats_utils - [perform_cluster_permutation_test:210] -   Using MNE's default stat_fun (ttest_1samp_no_p) for permutation test.
2025-07-01 01:31:19,048 - INFO - utils.stats_utils - [perform_cluster_permutation_test:242] -   Input data is 2D (features). MNE will use default temporal connectivity inference if applicable.
stat_fun(H1): min=-9.436804 max=6.982129
Running initial clustering …
Using 69 thresholds from 0.10 to 6.90 for TFCE computation (h_power=2.00, e_power=0.50)
Found 801 clusters
2025-07-01 01:31:21,452 - INFO - utils.stats_utils - [perform_cluster_permutation_test:314] - Cluster permutation test completed. 801 initial clusters found (after processing slices).
2025-07-01 01:31:21,453 - INFO - utils.stats_utils - [perform_cluster_permutation_test:338] -   Significant Cluster #535: p-value = 0.0469. Mask shape: (801,), Num True points: 1
2025-07-01 01:31:21,453 - INFO - utils.stats_utils - [perform_cluster_permutation_test:338] -   Significant Cluster #537: p-value = 0.0283. Mask shape: (801,), Num True points: 1
2025-07-01 01:31:21,453 - INFO - utils.stats_utils - [perform_cluster_permutation_test:338] -   Significant Cluster #538: p-value = 0.0332. Mask shape: (801,), Num True points: 1
2025-07-01 01:31:21,463 - INFO - utils.stats_utils - [perform_pointwise_fdr_correction_on_scores:439] - Performing pointwise wilcoxon with FDR correction. Data shape for test (obs, features if any): (10, 641601)
2025-07-01 01:31:21,463 - INFO - utils.stats_utils - [perform_pointwise_fdr_correction_on_scores:443] -   Parameters: chance=0.5, alpha=0.05, test_type='wilcoxon', FDR_method='indep', alternative='greater'
2025-07-01 01:35:58,162 - INFO - utils.stats_utils - [perform_pointwise_fdr_correction_on_scores:714] - FDR correction completed. 0 point(s) found significant (p_fdr < 0.05).
2025-07-01 01:35:58,165 - INFO - Baking_EEG._4_decoding_core - [run_temporal_decoding_analysis:544] - Intra-fold Cluster Permutation for TGM is SKIPPED.
2025-07-01 01:35:58,168 - INFO - examples.run_decoding_one_lg - [execute_single_subject_lg_decoding:465] -   Specific LG task 'Local Standard: Global Standard vs Global Deviant' for TpYB41: Peak AUC = 0.650
2025-07-01 01:35:58,229 - INFO - Baking_EEG._4_decoding_core - [run_temporal_decoding_analysis:68] - --- Temporal Ddcoding Analysis ---
2025-07-01 01:35:58,230 - INFO - Baking_EEG._4_decoding_core - [run_temporal_decoding_analysis:69] - Clf: svc, GS: False, CSP (temporal): False, ANOVA FS (temporal): True
2025-07-01 01:35:58,231 - INFO - base.base_decoding - [_build_standard_classifier_pipeline:57] - Pipeline à hyperparamètres fixes: type='svc', CSP: False, ANOVA FS: True
2025-07-01 01:35:58,231 - INFO - base.base_decoding - [_build_standard_classifier_pipeline:68] - DEBUG: add_csp_step type=bool, value=False, bool()=False
2025-07-01 01:35:58,231 - INFO - base.base_decoding - [_build_standard_classifier_pipeline:91] -    Étape ANOVA FS 'anova_feature_selection' ajoutée (percentile fixe=15).
2025-07-01 01:35:58,231 - INFO - base.base_decoding - [_build_standard_classifier_pipeline:123] - Structure finale du pipeline: ['scaler', 'anova_feature_selection', 'svc_classifier']
2025-07-01 01:35:58,231 - INFO - base.base_decoding - [_build_standard_classifier_pipeline:57] - Pipeline à hyperparamètres fixes: type='svc', CSP: False, ANOVA FS: False
2025-07-01 01:35:58,231 - INFO - base.base_decoding - [_build_standard_classifier_pipeline:68] - DEBUG: add_csp_step type=bool, value=False, bool()=False
2025-07-01 01:35:58,231 - INFO - base.base_decoding - [_build_standard_classifier_pipeline:123] - Structure finale du pipeline: ['scaler', 'svc_classifier']
2025-07-01 01:35:58,231 - INFO - Baking_EEG._4_decoding_core - [run_temporal_decoding_analysis:246] - CV strategy: StratifiedKFold with 10 splits.
2025-07-01 01:35:58,231 - INFO - Baking_EEG._4_decoding_core - [run_temporal_decoding_analysis:258] - Sample weights: Auto-calculated per fold (recommended for StratifiedKFold).
2025-07-01 01:35:58,241 - INFO - Baking_EEG._4_decoding_core - [run_temporal_decoding_analysis:294] - MNE Estimators: Using fold-specific balancing via class_weight='balanced' (if supported by classifier).
2025-07-01 01:35:58,241 - INFO - Baking_EEG._4_decoding_core - [run_temporal_decoding_analysis:310] - Starting 1D temporal decoding (SlidingEstimator)...
2025-07-01 01:36:28,011 - INFO - Baking_EEG._4_decoding_core - [run_temporal_decoding_analysis:338] - 1D temporal decoding done. Peak mean AUC: 0.621
2025-07-01 01:36:28,011 - INFO - Baking_EEG._4_decoding_core - [run_temporal_decoding_analysis:346] - Starting TGM computation (GeneralizingEstimator)...
2025-07-01 02:22:40,425 - INFO - Baking_EEG._4_decoding_core - [run_temporal_decoding_analysis:373] - TGM computation done. Peak mean TGM AUC: 0.647
2025-07-01 02:22:40,426 - INFO - Baking_EEG._4_decoding_core - [run_temporal_decoding_analysis:382] - Starting global decoding (n_jobs_folds=40)...
2025-07-01 02:24:02,276 - INFO - Baking_EEG._4_decoding_core - [run_temporal_decoding_analysis:439] - Global decoding done. Mean CV AUC: 0.619 +/- 0.080
2025-07-01 02:24:02,293 - INFO - Baking_EEG._4_decoding_core - [run_temporal_decoding_analysis:478] -   Overall global metrics (aggregated): {'roc_auc': '0.599', 'accuracy': '0.730', 'precision': '0.257', 'recall': '0.189', 'f1_score': '0.218', 'balanced_accuracy': '0.527'}
2025-07-01 02:24:02,294 - INFO - utils.stats_utils - [perform_pointwise_fdr_correction_on_scores:439] - Performing pointwise wilcoxon with FDR correction. Data shape for test (obs, features if any): (10, 801)
2025-07-01 02:24:02,294 - INFO - utils.stats_utils - [perform_pointwise_fdr_correction_on_scores:443] -   Parameters: chance=0.5, alpha=0.05, test_type='wilcoxon', FDR_method='indep', alternative='greater'
2025-07-01 02:24:02,924 - INFO - utils.stats_utils - [perform_pointwise_fdr_correction_on_scores:714] - FDR correction completed. 0 point(s) found significant (p_fdr < 0.05).
2025-07-01 02:24:02,924 - INFO - utils.stats_utils - [perform_cluster_permutation_test:195] - Executing cluster-based permutation test. Data shape (obs, features...): (10, 801)
2025-07-01 02:24:02,924 - INFO - utils.stats_utils - [perform_cluster_permutation_test:199] -   Parameters: n_permutations=1024, threshold_config={'start': 0.1, 'step': 0.1}, alternative='greater' (MNE tail=1), n_jobs=-1
2025-07-01 02:24:02,925 - INFO - utils.stats_utils - [perform_cluster_permutation_test:210] -   Using MNE's default stat_fun (ttest_1samp_no_p) for permutation test.
2025-07-01 02:24:02,925 - INFO - utils.stats_utils - [perform_cluster_permutation_test:242] -   Input data is 2D (features). MNE will use default temporal connectivity inference if applicable.
stat_fun(H1): min=-5.603898 max=8.060383
Running initial clustering …
Using 80 thresholds from 0.10 to 8.00 for TFCE computation (h_power=2.00, e_power=0.50)
Found 801 clusters
2025-07-01 02:24:05,314 - INFO - utils.stats_utils - [perform_cluster_permutation_test:314] - Cluster permutation test completed. 801 initial clusters found (after processing slices).
2025-07-01 02:24:05,314 - INFO - utils.stats_utils - [perform_cluster_permutation_test:338] -   Significant Cluster #527: p-value = 0.0166. Mask shape: (801,), Num True points: 1
2025-07-01 02:24:05,314 - INFO - utils.stats_utils - [perform_cluster_permutation_test:338] -   Significant Cluster #528: p-value = 0.0127. Mask shape: (801,), Num True points: 1
2025-07-01 02:24:05,314 - INFO - utils.stats_utils - [perform_cluster_permutation_test:338] -   Significant Cluster #529: p-value = 0.0264. Mask shape: (801,), Num True points: 1
2025-07-01 02:24:05,324 - INFO - utils.stats_utils - [perform_pointwise_fdr_correction_on_scores:439] - Performing pointwise wilcoxon with FDR correction. Data shape for test (obs, features if any): (10, 641601)
2025-07-01 02:24:05,324 - INFO - utils.stats_utils - [perform_pointwise_fdr_correction_on_scores:443] -   Parameters: chance=0.5, alpha=0.05, test_type='wilcoxon', FDR_method='indep', alternative='greater'
2025-07-01 02:28:39,271 - INFO - utils.stats_utils - [perform_pointwise_fdr_correction_on_scores:714] - FDR correction completed. 0 point(s) found significant (p_fdr < 0.05).
2025-07-01 02:28:39,274 - INFO - Baking_EEG._4_decoding_core - [run_temporal_decoding_analysis:544] - Intra-fold Cluster Permutation for TGM is SKIPPED.
2025-07-01 02:28:39,277 - INFO - examples.run_decoding_one_lg - [execute_single_subject_lg_decoding:465] -   Specific LG task 'Local Deviant: Global Standard vs Global Deviant' for TpYB41: Peak AUC = 0.621
2025-07-01 02:28:39,372 - INFO - Baking_EEG._4_decoding_core - [run_temporal_decoding_analysis:68] - --- Temporal Ddcoding Analysis ---
2025-07-01 02:28:39,373 - INFO - Baking_EEG._4_decoding_core - [run_temporal_decoding_analysis:69] - Clf: svc, GS: False, CSP (temporal): False, ANOVA FS (temporal): True
2025-07-01 02:28:39,375 - INFO - base.base_decoding - [_build_standard_classifier_pipeline:57] - Pipeline à hyperparamètres fixes: type='svc', CSP: False, ANOVA FS: True
2025-07-01 02:28:39,375 - INFO - base.base_decoding - [_build_standard_classifier_pipeline:68] - DEBUG: add_csp_step type=bool, value=False, bool()=False
2025-07-01 02:28:39,375 - INFO - base.base_decoding - [_build_standard_classifier_pipeline:91] -    Étape ANOVA FS 'anova_feature_selection' ajoutée (percentile fixe=15).
2025-07-01 02:28:39,375 - INFO - base.base_decoding - [_build_standard_classifier_pipeline:123] - Structure finale du pipeline: ['scaler', 'anova_feature_selection', 'svc_classifier']
2025-07-01 02:28:39,375 - INFO - base.base_decoding - [_build_standard_classifier_pipeline:57] - Pipeline à hyperparamètres fixes: type='svc', CSP: False, ANOVA FS: False
2025-07-01 02:28:39,375 - INFO - base.base_decoding - [_build_standard_classifier_pipeline:68] - DEBUG: add_csp_step type=bool, value=False, bool()=False
2025-07-01 02:28:39,375 - INFO - base.base_decoding - [_build_standard_classifier_pipeline:123] - Structure finale du pipeline: ['scaler', 'svc_classifier']
2025-07-01 02:28:39,375 - INFO - Baking_EEG._4_decoding_core - [run_temporal_decoding_analysis:246] - CV strategy: StratifiedKFold with 10 splits.
2025-07-01 02:28:39,375 - INFO - Baking_EEG._4_decoding_core - [run_temporal_decoding_analysis:258] - Sample weights: Auto-calculated per fold (recommended for StratifiedKFold).
2025-07-01 02:28:39,383 - INFO - Baking_EEG._4_decoding_core - [run_temporal_decoding_analysis:294] - MNE Estimators: Using fold-specific balancing via class_weight='balanced' (if supported by classifier).
2025-07-01 02:28:39,383 - INFO - Baking_EEG._4_decoding_core - [run_temporal_decoding_analysis:310] - Starting 1D temporal decoding (SlidingEstimator)...
2025-07-01 02:29:39,610 - INFO - Baking_EEG._4_decoding_core - [run_temporal_decoding_analysis:338] - 1D temporal decoding done. Peak mean AUC: 0.638
2025-07-01 02:29:39,610 - INFO - Baking_EEG._4_decoding_core - [run_temporal_decoding_analysis:346] - Starting TGM computation (GeneralizingEstimator)...
2025-07-01 03:00:02,081 - INFO - Baking_EEG._4_decoding_core - [run_temporal_decoding_analysis:373] - TGM computation done. Peak mean TGM AUC: 0.645
2025-07-01 03:00:02,082 - INFO - Baking_EEG._4_decoding_core - [run_temporal_decoding_analysis:382] - Starting global decoding (n_jobs_folds=40)...
2025-07-01 03:03:47,461 - INFO - Baking_EEG._4_decoding_core - [run_temporal_decoding_analysis:439] - Global decoding done. Mean CV AUC: 0.643 +/- 0.029
2025-07-01 03:03:47,478 - INFO - Baking_EEG._4_decoding_core - [run_temporal_decoding_analysis:478] -   Overall global metrics (aggregated): {'roc_auc': '0.642', 'accuracy': '0.591', 'precision': '0.584', 'recall': '0.599', 'f1_score': '0.592', 'balanced_accuracy': '0.591'}
2025-07-01 03:03:47,478 - INFO - utils.stats_utils - [perform_pointwise_fdr_correction_on_scores:439] - Performing pointwise wilcoxon with FDR correction. Data shape for test (obs, features if any): (10, 801)
2025-07-01 03:03:47,479 - INFO - utils.stats_utils - [perform_pointwise_fdr_correction_on_scores:443] -   Parameters: chance=0.5, alpha=0.05, test_type='wilcoxon', FDR_method='indep', alternative='greater'
2025-07-01 03:03:48,108 - INFO - utils.stats_utils - [perform_pointwise_fdr_correction_on_scores:714] - FDR correction completed. 166 point(s) found significant (p_fdr < 0.05).
2025-07-01 03:03:48,108 - INFO - utils.stats_utils - [perform_cluster_permutation_test:195] - Executing cluster-based permutation test. Data shape (obs, features...): (10, 801)
2025-07-01 03:03:48,108 - INFO - utils.stats_utils - [perform_cluster_permutation_test:199] -   Parameters: n_permutations=1024, threshold_config={'start': 0.1, 'step': 0.1}, alternative='greater' (MNE tail=1), n_jobs=-1
2025-07-01 03:03:48,108 - INFO - utils.stats_utils - [perform_cluster_permutation_test:210] -   Using MNE's default stat_fun (ttest_1samp_no_p) for permutation test.
2025-07-01 03:03:48,108 - INFO - utils.stats_utils - [perform_cluster_permutation_test:242] -   Input data is 2D (features). MNE will use default temporal connectivity inference if applicable.
stat_fun(H1): min=-3.197335 max=9.962525
Running initial clustering …
Using 99 thresholds from 0.10 to 9.90 for TFCE computation (h_power=2.00, e_power=0.50)
Found 801 clusters
2025-07-01 03:03:50,611 - INFO - utils.stats_utils - [perform_cluster_permutation_test:314] - Cluster permutation test completed. 801 initial clusters found (after processing slices).
2025-07-01 03:03:50,611 - INFO - utils.stats_utils - [perform_cluster_permutation_test:338] -   Significant Cluster #423: p-value = 0.0381. Mask shape: (801,), Num True points: 1
2025-07-01 03:03:50,611 - INFO - utils.stats_utils - [perform_cluster_permutation_test:338] -   Significant Cluster #427: p-value = 0.0381. Mask shape: (801,), Num True points: 1
2025-07-01 03:03:50,611 - INFO - utils.stats_utils - [perform_cluster_permutation_test:338] -   Significant Cluster #445: p-value = 0.0205. Mask shape: (801,), Num True points: 1
2025-07-01 03:03:50,611 - INFO - utils.stats_utils - [perform_cluster_permutation_test:338] -   Significant Cluster #446: p-value = 0.0078. Mask shape: (801,), Num True points: 1
2025-07-01 03:03:50,611 - INFO - utils.stats_utils - [perform_cluster_permutation_test:338] -   Significant Cluster #447: p-value = 0.0117. Mask shape: (801,), Num True points: 1
2025-07-01 03:03:50,611 - INFO - utils.stats_utils - [perform_cluster_permutation_test:338] -   Significant Cluster #448: p-value = 0.0029. Mask shape: (801,), Num True points: 1
2025-07-01 03:03:50,612 - INFO - utils.stats_utils - [perform_cluster_permutation_test:338] -   Significant Cluster #449: p-value = 0.0117. Mask shape: (801,), Num True points: 1
2025-07-01 03:03:50,612 - INFO - utils.stats_utils - [perform_cluster_permutation_test:338] -   Significant Cluster #450: p-value = 0.0039. Mask shape: (801,), Num True points: 1
2025-07-01 03:03:50,612 - INFO - utils.stats_utils - [perform_cluster_permutation_test:338] -   Significant Cluster #451: p-value = 0.0068. Mask shape: (801,), Num True points: 1
2025-07-01 03:03:50,612 - INFO - utils.stats_utils - [perform_cluster_permutation_test:338] -   Significant Cluster #452: p-value = 0.0166. Mask shape: (801,), Num True points: 1
2025-07-01 03:03:50,612 - INFO - utils.stats_utils - [perform_cluster_permutation_test:338] -   Significant Cluster #453: p-value = 0.0430. Mask shape: (801,), Num True points: 1
2025-07-01 03:03:50,612 - INFO - utils.stats_utils - [perform_cluster_permutation_test:338] -   Significant Cluster #454: p-value = 0.0283. Mask shape: (801,), Num True points: 1
2025-07-01 03:03:50,612 - INFO - utils.stats_utils - [perform_cluster_permutation_test:338] -   Significant Cluster #485: p-value = 0.0283. Mask shape: (801,), Num True points: 1
2025-07-01 03:03:50,612 - INFO - utils.stats_utils - [perform_cluster_permutation_test:338] -   Significant Cluster #486: p-value = 0.0283. Mask shape: (801,), Num True points: 1
2025-07-01 03:03:50,612 - INFO - utils.stats_utils - [perform_cluster_permutation_test:338] -   Significant Cluster #538: p-value = 0.0430. Mask shape: (801,), Num True points: 1
2025-07-01 03:03:50,622 - INFO - utils.stats_utils - [perform_pointwise_fdr_correction_on_scores:439] - Performing pointwise wilcoxon with FDR correction. Data shape for test (obs, features if any): (10, 641601)
2025-07-01 03:03:50,622 - INFO - utils.stats_utils - [perform_pointwise_fdr_correction_on_scores:443] -   Parameters: chance=0.5, alpha=0.05, test_type='wilcoxon', FDR_method='indep', alternative='greater'
2025-07-01 03:08:19,161 - INFO - utils.stats_utils - [perform_pointwise_fdr_correction_on_scores:714] - FDR correction completed. 0 point(s) found significant (p_fdr < 0.05).
2025-07-01 03:08:19,164 - INFO - Baking_EEG._4_decoding_core - [run_temporal_decoding_analysis:544] - Intra-fold Cluster Permutation for TGM is SKIPPED.
2025-07-01 03:08:19,166 - INFO - examples.run_decoding_one_lg - [execute_single_subject_lg_decoding:465] -   Specific LG task 'Global Standard: Local Standard vs Local Deviant' for TpYB41: Peak AUC = 0.638
2025-07-01 03:08:19,196 - INFO - Baking_EEG._4_decoding_core - [run_temporal_decoding_analysis:68] - --- Temporal Ddcoding Analysis ---
2025-07-01 03:08:19,196 - INFO - Baking_EEG._4_decoding_core - [run_temporal_decoding_analysis:69] - Clf: svc, GS: False, CSP (temporal): False, ANOVA FS (temporal): True
2025-07-01 03:08:19,198 - INFO - base.base_decoding - [_build_standard_classifier_pipeline:57] - Pipeline à hyperparamètres fixes: type='svc', CSP: False, ANOVA FS: True
2025-07-01 03:08:19,198 - INFO - base.base_decoding - [_build_standard_classifier_pipeline:68] - DEBUG: add_csp_step type=bool, value=False, bool()=False
2025-07-01 03:08:19,198 - INFO - base.base_decoding - [_build_standard_classifier_pipeline:91] -    Étape ANOVA FS 'anova_feature_selection' ajoutée (percentile fixe=15).
2025-07-01 03:08:19,199 - INFO - base.base_decoding - [_build_standard_classifier_pipeline:123] - Structure finale du pipeline: ['scaler', 'anova_feature_selection', 'svc_classifier']
2025-07-01 03:08:19,199 - INFO - base.base_decoding - [_build_standard_classifier_pipeline:57] - Pipeline à hyperparamètres fixes: type='svc', CSP: False, ANOVA FS: False
2025-07-01 03:08:19,199 - INFO - base.base_decoding - [_build_standard_classifier_pipeline:68] - DEBUG: add_csp_step type=bool, value=False, bool()=False
2025-07-01 03:08:19,199 - INFO - base.base_decoding - [_build_standard_classifier_pipeline:123] - Structure finale du pipeline: ['scaler', 'svc_classifier']
2025-07-01 03:08:19,199 - INFO - Baking_EEG._4_decoding_core - [run_temporal_decoding_analysis:246] - CV strategy: StratifiedKFold with 10 splits.
2025-07-01 03:08:19,199 - INFO - Baking_EEG._4_decoding_core - [run_temporal_decoding_analysis:258] - Sample weights: Auto-calculated per fold (recommended for StratifiedKFold).
2025-07-01 03:08:19,207 - INFO - Baking_EEG._4_decoding_core - [run_temporal_decoding_analysis:294] - MNE Estimators: Using fold-specific balancing via class_weight='balanced' (if supported by classifier).
2025-07-01 03:08:19,207 - INFO - Baking_EEG._4_decoding_core - [run_temporal_decoding_analysis:310] - Starting 1D temporal decoding (SlidingEstimator)...
2025-07-01 03:08:33,563 - INFO - Baking_EEG._4_decoding_core - [run_temporal_decoding_analysis:338] - 1D temporal decoding done. Peak mean AUC: 0.747
2025-07-01 03:08:33,563 - INFO - Baking_EEG._4_decoding_core - [run_temporal_decoding_analysis:346] - Starting TGM computation (GeneralizingEstimator)...
2025-07-01 03:52:30,899 - INFO - Baking_EEG._4_decoding_core - [run_temporal_decoding_analysis:373] - TGM computation done. Peak mean TGM AUC: 0.766
2025-07-01 03:52:30,900 - INFO - Baking_EEG._4_decoding_core - [run_temporal_decoding_analysis:382] - Starting global decoding (n_jobs_folds=40)...
2025-07-01 03:52:49,133 - INFO - Baking_EEG._4_decoding_core - [run_temporal_decoding_analysis:439] - Global decoding done. Mean CV AUC: 0.736 +/- 0.118
2025-07-01 03:52:49,147 - INFO - Baking_EEG._4_decoding_core - [run_temporal_decoding_analysis:478] -   Overall global metrics (aggregated): {'roc_auc': '0.718', 'accuracy': '0.681', 'precision': '0.677', 'recall': '0.684', 'f1_score': '0.681', 'balanced_accuracy': '0.681'}
2025-07-01 03:52:49,147 - INFO - utils.stats_utils - [perform_pointwise_fdr_correction_on_scores:439] - Performing pointwise wilcoxon with FDR correction. Data shape for test (obs, features if any): (10, 801)
2025-07-01 03:52:49,147 - INFO - utils.stats_utils - [perform_pointwise_fdr_correction_on_scores:443] -   Parameters: chance=0.5, alpha=0.05, test_type='wilcoxon', FDR_method='indep', alternative='greater'
2025-07-01 03:52:49,794 - INFO - utils.stats_utils - [perform_pointwise_fdr_correction_on_scores:714] - FDR correction completed. 0 point(s) found significant (p_fdr < 0.05).
2025-07-01 03:52:49,794 - INFO - utils.stats_utils - [perform_cluster_permutation_test:195] - Executing cluster-based permutation test. Data shape (obs, features...): (10, 801)
2025-07-01 03:52:49,794 - INFO - utils.stats_utils - [perform_cluster_permutation_test:199] -   Parameters: n_permutations=1024, threshold_config={'start': 0.1, 'step': 0.1}, alternative='greater' (MNE tail=1), n_jobs=-1
2025-07-01 03:52:49,794 - INFO - utils.stats_utils - [perform_cluster_permutation_test:210] -   Using MNE's default stat_fun (ttest_1samp_no_p) for permutation test.
2025-07-01 03:52:49,794 - INFO - utils.stats_utils - [perform_cluster_permutation_test:242] -   Input data is 2D (features). MNE will use default temporal connectivity inference if applicable.
stat_fun(H1): min=-7.147896 max=6.436428
Running initial clustering …
Using 64 thresholds from 0.10 to 6.40 for TFCE computation (h_power=2.00, e_power=0.50)
Found 801 clusters
2025-07-01 03:52:52,010 - INFO - utils.stats_utils - [perform_cluster_permutation_test:314] - Cluster permutation test completed. 801 initial clusters found (after processing slices).
2025-07-01 03:52:52,010 - INFO - utils.stats_utils - [perform_cluster_permutation_test:344] - No clusters found to be statistically significant (p < 0.05).
2025-07-01 03:52:52,019 - INFO - utils.stats_utils - [perform_pointwise_fdr_correction_on_scores:439] - Performing pointwise wilcoxon with FDR correction. Data shape for test (obs, features if any): (10, 641601)
2025-07-01 03:52:52,019 - INFO - utils.stats_utils - [perform_pointwise_fdr_correction_on_scores:443] -   Parameters: chance=0.5, alpha=0.05, test_type='wilcoxon', FDR_method='indep', alternative='greater'
2025-07-01 03:57:32,385 - INFO - utils.stats_utils - [perform_pointwise_fdr_correction_on_scores:714] - FDR correction completed. 0 point(s) found significant (p_fdr < 0.05).
2025-07-01 03:57:32,388 - INFO - Baking_EEG._4_decoding_core - [run_temporal_decoding_analysis:544] - Intra-fold Cluster Permutation for TGM is SKIPPED.
2025-07-01 03:57:32,391 - INFO - examples.run_decoding_one_lg - [execute_single_subject_lg_decoding:465] -   Specific LG task 'Global Deviant: Local Standard vs Local Deviant' for TpYB41: Peak AUC = 0.747
2025-07-01 03:57:32,391 - INFO - examples.run_decoding_one_lg - [execute_single_subject_lg_decoding:480] -   --- Specific LG Comparisons for TpYB41 DONE ---
2025-07-01 03:57:32,392 - INFO - examples.run_decoding_one_lg - [execute_single_subject_lg_decoding:487] -   --- 3. Stats on stack of Specific LG Curves for TpYB41 ---
2025-07-01 03:57:32,393 - INFO - utils.stats_utils - [perform_pointwise_fdr_correction_on_scores:439] - Performing pointwise wilcoxon with FDR correction. Data shape for test (obs, features if any): (4, 801)
2025-07-01 03:57:32,393 - INFO - utils.stats_utils - [perform_pointwise_fdr_correction_on_scores:443] -   Parameters: chance=0.5, alpha=0.05, test_type='wilcoxon', FDR_method='indep', alternative='greater'
2025-07-01 03:57:32,708 - INFO - utils.stats_utils - [perform_pointwise_fdr_correction_on_scores:714] - FDR correction completed. 0 point(s) found significant (p_fdr < 0.05).
2025-07-01 03:57:32,708 - INFO - utils.stats_utils - [perform_cluster_permutation_test:195] - Executing cluster-based permutation test. Data shape (obs, features...): (4, 801)
2025-07-01 03:57:32,708 - INFO - utils.stats_utils - [perform_cluster_permutation_test:199] -   Parameters: n_permutations=1024, threshold_config={'start': 0.1, 'step': 0.1}, alternative='greater' (MNE tail=1), n_jobs=40
2025-07-01 03:57:32,708 - INFO - utils.stats_utils - [perform_cluster_permutation_test:210] -   Using MNE's default stat_fun (ttest_1samp_no_p) for permutation test.
2025-07-01 03:57:32,708 - INFO - utils.stats_utils - [perform_cluster_permutation_test:242] -   Input data is 2D (features). MNE will use default temporal connectivity inference if applicable.
stat_fun(H1): min=-6.735946 max=21.476231
Running initial clustering …
Using 214 thresholds from 0.10 to 21.40 for TFCE computation (h_power=2.00, e_power=0.50)
Found 801 clusters
2025-07-01 03:57:33,228 - INFO - utils.stats_utils - [perform_cluster_permutation_test:314] - Cluster permutation test completed. 801 initial clusters found (after processing slices).
2025-07-01 03:57:33,229 - INFO - utils.stats_utils - [perform_cluster_permutation_test:344] - No clusters found to be statistically significant (p < 0.05).
2025-07-01 03:57:33,229 - INFO - examples.run_decoding_one_lg - [execute_single_subject_lg_decoding:551] -   --- Stats on stack of Specific LG Curves for TpYB41 DONE ---
2025-07-01 03:57:33,233 - INFO - utils.utils - [setup_analysis_results_directory:329] - Created analysis results directory: /home/tom.balay/results/Baking_EEG_results_V12/intra_subject_lg_results/DELIRIUM-_LG_PATIENTS_DELIRIUM-/TpYB41_Single_LG_Protocol_Analysis_svc/20250701_035733
2025-07-01 03:57:33,233 - INFO - utils.utils - [setup_analysis_results_directory:337] - Organized by Group: DELIRIUM-, Protocol: LG_PATIENTS_DELIRIUM-
2025-07-01 03:57:33,708 - INFO - examples.run_decoding_one_lg - [execute_single_subject_lg_decoding:619] - LG Results saved for subject TpYB41 in /home/tom.balay/results/Baking_EEG_results_V12/intra_subject_lg_results/DELIRIUM-_LG_PATIENTS_DELIRIUM-/TpYB41_Single_LG_Protocol_Analysis_svc/20250701_035733
2025-07-01 03:57:33,708 - INFO - utils.vizualization_utils_LG - [create_subject_decoding_dashboard_plots_lg:75] - Creating LG dashboard plots for subject TpYB41
2025-07-01 03:57:33,712 - INFO - utils.stats_utils - [perform_pointwise_fdr_correction_on_scores:439] - Performing pointwise wilcoxon with FDR correction. Data shape for test (obs, features if any): (10, 801)
2025-07-01 03:57:33,712 - INFO - utils.stats_utils - [perform_pointwise_fdr_correction_on_scores:443] -   Parameters: chance=0.5, alpha=0.05, test_type='wilcoxon', FDR_method='indep', alternative='greater'
2025-07-01 03:57:34,257 - INFO - utils.stats_utils - [perform_pointwise_fdr_correction_on_scores:714] - FDR correction completed. 36 point(s) found significant (p_fdr < 0.05).
2025-07-01 03:57:34,258 - INFO - utils.stats_utils - [perform_cluster_permutation_test:188] - Adjusting MNE parallelism from requested n_jobs=1 to effective_n_jobs=4 for resource management.
2025-07-01 03:57:34,258 - INFO - utils.stats_utils - [perform_cluster_permutation_test:195] - Executing cluster-based permutation test. Data shape (obs, features...): (10, 801)
2025-07-01 03:57:34,258 - INFO - utils.stats_utils - [perform_cluster_permutation_test:199] -   Parameters: n_permutations=1024, threshold_config={'start': 0.1, 'step': 0.1}, alternative='greater' (MNE tail=1), n_jobs=4
2025-07-01 03:57:34,258 - INFO - utils.stats_utils - [perform_cluster_permutation_test:210] -   Using MNE's default stat_fun (ttest_1samp_no_p) for permutation test.
2025-07-01 03:57:34,258 - INFO - utils.stats_utils - [perform_cluster_permutation_test:242] -   Input data is 2D (features). MNE will use default temporal connectivity inference if applicable.
stat_fun(H1): min=-9.436804 max=6.982129
Running initial clustering …
Using 69 thresholds from 0.10 to 6.90 for TFCE computation (h_power=2.00, e_power=0.50)
Found 801 clusters
2025-07-01 03:57:39,891 - INFO - utils.stats_utils - [perform_cluster_permutation_test:314] - Cluster permutation test completed. 801 initial clusters found (after processing slices).
2025-07-01 03:57:39,892 - INFO - utils.stats_utils - [perform_cluster_permutation_test:338] -   Significant Cluster #535: p-value = 0.0469. Mask shape: (801,), Num True points: 1
2025-07-01 03:57:39,892 - INFO - utils.stats_utils - [perform_cluster_permutation_test:338] -   Significant Cluster #537: p-value = 0.0283. Mask shape: (801,), Num True points: 1
2025-07-01 03:57:39,892 - INFO - utils.stats_utils - [perform_cluster_permutation_test:338] -   Significant Cluster #538: p-value = 0.0332. Mask shape: (801,), Num True points: 1
2025-07-01 03:57:39,893 - INFO - utils.stats_utils - [perform_pointwise_fdr_correction_on_scores:439] - Performing pointwise wilcoxon with FDR correction. Data shape for test (obs, features if any): (10, 801)
2025-07-01 03:57:39,893 - INFO - utils.stats_utils - [perform_pointwise_fdr_correction_on_scores:443] -   Parameters: chance=0.5, alpha=0.05, test_type='wilcoxon', FDR_method='indep', alternative='greater'
2025-07-01 03:57:40,521 - INFO - utils.stats_utils - [perform_pointwise_fdr_correction_on_scores:714] - FDR correction completed. 0 point(s) found significant (p_fdr < 0.05).
2025-07-01 03:57:40,521 - INFO - utils.stats_utils - [perform_cluster_permutation_test:188] - Adjusting MNE parallelism from requested n_jobs=1 to effective_n_jobs=4 for resource management.
2025-07-01 03:57:40,521 - INFO - utils.stats_utils - [perform_cluster_permutation_test:195] - Executing cluster-based permutation test. Data shape (obs, features...): (10, 801)
2025-07-01 03:57:40,521 - INFO - utils.stats_utils - [perform_cluster_permutation_test:199] -   Parameters: n_permutations=1024, threshold_config={'start': 0.1, 'step': 0.1}, alternative='greater' (MNE tail=1), n_jobs=4
2025-07-01 03:57:40,522 - INFO - utils.stats_utils - [perform_cluster_permutation_test:210] -   Using MNE's default stat_fun (ttest_1samp_no_p) for permutation test.
2025-07-01 03:57:40,522 - INFO - utils.stats_utils - [perform_cluster_permutation_test:242] -   Input data is 2D (features). MNE will use default temporal connectivity inference if applicable.
stat_fun(H1): min=-5.603898 max=8.060383
Running initial clustering …
Using 80 thresholds from 0.10 to 8.00 for TFCE computation (h_power=2.00, e_power=0.50)
Found 801 clusters
2025-07-01 03:57:43,428 - INFO - utils.stats_utils - [perform_cluster_permutation_test:314] - Cluster permutation test completed. 801 initial clusters found (after processing slices).
2025-07-01 03:57:43,428 - INFO - utils.stats_utils - [perform_cluster_permutation_test:338] -   Significant Cluster #527: p-value = 0.0166. Mask shape: (801,), Num True points: 1
2025-07-01 03:57:43,428 - INFO - utils.stats_utils - [perform_cluster_permutation_test:338] -   Significant Cluster #528: p-value = 0.0127. Mask shape: (801,), Num True points: 1
2025-07-01 03:57:43,429 - INFO - utils.stats_utils - [perform_cluster_permutation_test:338] -   Significant Cluster #529: p-value = 0.0264. Mask shape: (801,), Num True points: 1
2025-07-01 03:57:43,429 - INFO - utils.stats_utils - [perform_pointwise_fdr_correction_on_scores:439] - Performing pointwise wilcoxon with FDR correction. Data shape for test (obs, features if any): (10, 801)
2025-07-01 03:57:43,429 - INFO - utils.stats_utils - [perform_pointwise_fdr_correction_on_scores:443] -   Parameters: chance=0.5, alpha=0.05, test_type='wilcoxon', FDR_method='indep', alternative='greater'
2025-07-01 03:57:44,061 - INFO - utils.stats_utils - [perform_pointwise_fdr_correction_on_scores:714] - FDR correction completed. 166 point(s) found significant (p_fdr < 0.05).
2025-07-01 03:57:44,062 - INFO - utils.stats_utils - [perform_cluster_permutation_test:188] - Adjusting MNE parallelism from requested n_jobs=1 to effective_n_jobs=4 for resource management.
2025-07-01 03:57:44,062 - INFO - utils.stats_utils - [perform_cluster_permutation_test:195] - Executing cluster-based permutation test. Data shape (obs, features...): (10, 801)
2025-07-01 03:57:44,062 - INFO - utils.stats_utils - [perform_cluster_permutation_test:199] -   Parameters: n_permutations=1024, threshold_config={'start': 0.1, 'step': 0.1}, alternative='greater' (MNE tail=1), n_jobs=4
2025-07-01 03:57:44,062 - INFO - utils.stats_utils - [perform_cluster_permutation_test:210] -   Using MNE's default stat_fun (ttest_1samp_no_p) for permutation test.
2025-07-01 03:57:44,062 - INFO - utils.stats_utils - [perform_cluster_permutation_test:242] -   Input data is 2D (features). MNE will use default temporal connectivity inference if applicable.
stat_fun(H1): min=-3.197335 max=9.962525
Running initial clustering …
Using 99 thresholds from 0.10 to 9.90 for TFCE computation (h_power=2.00, e_power=0.50)
Found 801 clusters
2025-07-01 03:57:46,974 - INFO - utils.stats_utils - [perform_cluster_permutation_test:314] - Cluster permutation test completed. 801 initial clusters found (after processing slices).
2025-07-01 03:57:46,974 - INFO - utils.stats_utils - [perform_cluster_permutation_test:338] -   Significant Cluster #423: p-value = 0.0381. Mask shape: (801,), Num True points: 1
2025-07-01 03:57:46,974 - INFO - utils.stats_utils - [perform_cluster_permutation_test:338] -   Significant Cluster #427: p-value = 0.0381. Mask shape: (801,), Num True points: 1
2025-07-01 03:57:46,974 - INFO - utils.stats_utils - [perform_cluster_permutation_test:338] -   Significant Cluster #445: p-value = 0.0205. Mask shape: (801,), Num True points: 1
2025-07-01 03:57:46,974 - INFO - utils.stats_utils - [perform_cluster_permutation_test:338] -   Significant Cluster #446: p-value = 0.0078. Mask shape: (801,), Num True points: 1
2025-07-01 03:57:46,974 - INFO - utils.stats_utils - [perform_cluster_permutation_test:338] -   Significant Cluster #447: p-value = 0.0117. Mask shape: (801,), Num True points: 1
2025-07-01 03:57:46,974 - INFO - utils.stats_utils - [perform_cluster_permutation_test:338] -   Significant Cluster #448: p-value = 0.0029. Mask shape: (801,), Num True points: 1
2025-07-01 03:57:46,974 - INFO - utils.stats_utils - [perform_cluster_permutation_test:338] -   Significant Cluster #449: p-value = 0.0117. Mask shape: (801,), Num True points: 1
2025-07-01 03:57:46,975 - INFO - utils.stats_utils - [perform_cluster_permutation_test:338] -   Significant Cluster #450: p-value = 0.0039. Mask shape: (801,), Num True points: 1
2025-07-01 03:57:46,975 - INFO - utils.stats_utils - [perform_cluster_permutation_test:338] -   Significant Cluster #451: p-value = 0.0068. Mask shape: (801,), Num True points: 1
2025-07-01 03:57:46,975 - INFO - utils.stats_utils - [perform_cluster_permutation_test:338] -   Significant Cluster #452: p-value = 0.0166. Mask shape: (801,), Num True points: 1
2025-07-01 03:57:46,975 - INFO - utils.stats_utils - [perform_cluster_permutation_test:338] -   Significant Cluster #453: p-value = 0.0430. Mask shape: (801,), Num True points: 1
2025-07-01 03:57:46,975 - INFO - utils.stats_utils - [perform_cluster_permutation_test:338] -   Significant Cluster #454: p-value = 0.0283. Mask shape: (801,), Num True points: 1
2025-07-01 03:57:46,975 - INFO - utils.stats_utils - [perform_cluster_permutation_test:338] -   Significant Cluster #485: p-value = 0.0283. Mask shape: (801,), Num True points: 1
2025-07-01 03:57:46,975 - INFO - utils.stats_utils - [perform_cluster_permutation_test:338] -   Significant Cluster #486: p-value = 0.0283. Mask shape: (801,), Num True points: 1
2025-07-01 03:57:46,975 - INFO - utils.stats_utils - [perform_cluster_permutation_test:338] -   Significant Cluster #538: p-value = 0.0430. Mask shape: (801,), Num True points: 1
2025-07-01 03:57:46,976 - INFO - utils.stats_utils - [perform_pointwise_fdr_correction_on_scores:439] - Performing pointwise wilcoxon with FDR correction. Data shape for test (obs, features if any): (10, 801)
2025-07-01 03:57:46,976 - INFO - utils.stats_utils - [perform_pointwise_fdr_correction_on_scores:443] -   Parameters: chance=0.5, alpha=0.05, test_type='wilcoxon', FDR_method='indep', alternative='greater'
2025-07-01 03:57:47,622 - INFO - utils.stats_utils - [perform_pointwise_fdr_correction_on_scores:714] - FDR correction completed. 0 point(s) found significant (p_fdr < 0.05).
2025-07-01 03:57:47,622 - INFO - utils.stats_utils - [perform_cluster_permutation_test:188] - Adjusting MNE parallelism from requested n_jobs=1 to effective_n_jobs=4 for resource management.
2025-07-01 03:57:47,623 - INFO - utils.stats_utils - [perform_cluster_permutation_test:195] - Executing cluster-based permutation test. Data shape (obs, features...): (10, 801)
2025-07-01 03:57:47,623 - INFO - utils.stats_utils - [perform_cluster_permutation_test:199] -   Parameters: n_permutations=1024, threshold_config={'start': 0.1, 'step': 0.1}, alternative='greater' (MNE tail=1), n_jobs=4
2025-07-01 03:57:47,623 - INFO - utils.stats_utils - [perform_cluster_permutation_test:210] -   Using MNE's default stat_fun (ttest_1samp_no_p) for permutation test.
2025-07-01 03:57:47,623 - INFO - utils.stats_utils - [perform_cluster_permutation_test:242] -   Input data is 2D (features). MNE will use default temporal connectivity inference if applicable.
stat_fun(H1): min=-7.147896 max=6.436428
Running initial clustering …
Using 64 thresholds from 0.10 to 6.40 for TFCE computation (h_power=2.00, e_power=0.50)
Found 801 clusters
2025-07-01 03:57:50,726 - INFO - utils.stats_utils - [perform_cluster_permutation_test:314] - Cluster permutation test completed. 801 initial clusters found (after processing slices).
2025-07-01 03:57:50,726 - INFO - utils.stats_utils - [perform_cluster_permutation_test:344] - No clusters found to be statistically significant (p < 0.05).
2025-07-01 03:57:52,261 - INFO - utils.vizualization_utils_LG - [_create_lg_comparison_page:247] - LG comparison plot saved to: /home/tom.balay/results/Baking_EEG_results_V12/intra_subject_lg_results/DELIRIUM-_LG_PATIENTS_DELIRIUM-/TpYB41_Single_LG_Protocol_Analysis_svc/20250701_035733/lg_LD_ALL_vs_LS_ALL_TpYB41_DELIRIUM-_svc.png
2025-07-01 03:57:53,293 - INFO - utils.vizualization_utils_LG - [_create_lg_comparison_page:247] - LG comparison plot saved to: /home/tom.balay/results/Baking_EEG_results_V12/intra_subject_lg_results/DELIRIUM-_LG_PATIENTS_DELIRIUM-/TpYB41_Single_LG_Protocol_Analysis_svc/20250701_035733/lg_GD_ALL_vs_GS_ALL_TpYB41_DELIRIUM-_svc.png
2025-07-01 03:57:53,991 - INFO - utils.vizualization_utils_LG - [_create_lg_comparison_page:247] - LG comparison plot saved to: /home/tom.balay/results/Baking_EEG_results_V12/intra_subject_lg_results/DELIRIUM-_LG_PATIENTS_DELIRIUM-/TpYB41_Single_LG_Protocol_Analysis_svc/20250701_035733/lg_LSGS_vs_LSGD_TpYB41_DELIRIUM-_svc.png
2025-07-01 03:57:54,895 - INFO - utils.vizualization_utils_LG - [_create_lg_comparison_page:247] - LG comparison plot saved to: /home/tom.balay/results/Baking_EEG_results_V12/intra_subject_lg_results/DELIRIUM-_LG_PATIENTS_DELIRIUM-/TpYB41_Single_LG_Protocol_Analysis_svc/20250701_035733/lg_LDGS_vs_LDGD_TpYB41_DELIRIUM-_svc.png
2025-07-01 03:57:55,559 - INFO - utils.vizualization_utils_LG - [_create_lg_comparison_page:247] - LG comparison plot saved to: /home/tom.balay/results/Baking_EEG_results_V12/intra_subject_lg_results/DELIRIUM-_LG_PATIENTS_DELIRIUM-/TpYB41_Single_LG_Protocol_Analysis_svc/20250701_035733/lg_LSGS_vs_LDGS_TpYB41_DELIRIUM-_svc.png
2025-07-01 03:57:56,291 - INFO - utils.vizualization_utils_LG - [_create_lg_comparison_page:247] - LG comparison plot saved to: /home/tom.balay/results/Baking_EEG_results_V12/intra_subject_lg_results/DELIRIUM-_LG_PATIENTS_DELIRIUM-/TpYB41_Single_LG_Protocol_Analysis_svc/20250701_035733/lg_LSGD_vs_LDGD_TpYB41_DELIRIUM-_svc.png
2025-07-01 03:57:56,291 - INFO - utils.vizualization_utils_LG - [create_subject_decoding_dashboard_plots_lg:167] - LG dashboard plots creation completed for subject TpYB41
2025-07-01 03:57:56,291 - INFO - examples.run_decoding_one_lg - [execute_single_subject_lg_decoding:684] - LG Dashboard plots generated for subject TpYB41 in /home/tom.balay/results/Baking_EEG_results_V12/intra_subject_lg_results/DELIRIUM-_LG_PATIENTS_DELIRIUM-/TpYB41_Single_LG_Protocol_Analysis_svc/20250701_035733
2025-07-01 03:57:56,291 - INFO - examples.run_decoding_one_lg - [execute_single_subject_lg_decoding:723] - Finished processing LG for subject TpYB41 (Task Set ID: Single_LG_Protocol_Analysis). Total time: 12182.44s
submitit INFO (2025-07-01 03:57:56,306) - Job completed successfully
2025-07-01 03:57:56,306 - INFO - submitit - [process_job:56] - Job completed successfully
submitit INFO (2025-07-01 03:57:56,457) - Exiting after successful completion
2025-07-01 03:57:56,457 - INFO - submitit - [process_job:61] - Exiting after successful completion
