submitit INFO (2025-07-09 10:50:13,178) - Starting with JobEnvironment(job_id=364121, hostname=node11, local_rank=0(1), node=0(1), global_rank=0(1))
submitit INFO (2025-07-09 10:50:13,178) - Loading pickle: /home/tom.balay/Baking_EEG/submitit/logs_submitit_groups_LG/20250709_105011_VS_LG_GROUP/364121_submitted.pkl
2025-07-09 10:50:16,665 - INFO - examples.run_decoding_one_group_pp - [<module>:39] - Tentative d'import de execute_single_subject_decoding...
2025-07-09 10:50:16,666 - INFO - examples.run_decoding_one_group_pp - [<module>:42] - ✅ Import de execute_single_subject_decoding réussi
2025-07-09 10:50:16,672 - INFO - examples.run_decoding_one_group_lg - [execute_group_intra_subject_lg_decoding_analysis:96] - Starting intra-subject LG decoding analysis for GROUP: VS. GS: False, CSP: False, ANOVA FS: True. n_jobs_subj: 40.
2025-07-09 10:50:16,672 - INFO - examples.run_decoding_one_group_lg - [execute_group_intra_subject_lg_decoding_analysis:105] - 
--- LG Group 'VS': Processing Subject 1/26: CB31 ---
2025-07-09 10:50:16,672 - INFO - examples.run_decoding_one_lg - [execute_single_subject_lg_decoding:222] - Starting LG decoding for subject: CB31 (Group: VS, Task Set ID: Group_LG_Intra_VS_Subj_CB31, Classifier: svc, GS: False, CSP: False, ANOVA FS: True, n_jobs: 40)
2025-07-09 10:50:16,672 - INFO - examples.run_decoding_one_lg - [execute_single_subject_lg_decoding:233] - Using LG loading conditions: ['LS_ALL', 'LD_ALL', 'GS_ALL', 'GD_ALL', 'LSGS', 'LSGD', 'LDGS', 'LDGD']
2025-07-09 10:50:16,673 - WARNING - utils.loading_LG_utils - [load_epochs_data_for_lg_decoding:96] - Original group path for 'VS' not found for subject 'CB31'. Subject found in group 'VS'. Using its path convention.
2025-07-09 10:50:16,673 - ERROR - utils.loading_LG_utils - [load_epochs_data_for_lg_decoding:135] - Data directory for subject 'CB31' (group: 'VS') not found. Attempted path: 'None'. Base input: '/mnt/data/tom.balay/data/Baking_EEG_data'.
2025-07-09 10:50:16,673 - INFO - examples.run_decoding_one_lg - [execute_single_subject_lg_decoding:242] - Detected protocol 'unknown' for subject CB31
2025-07-09 10:50:16,673 - ERROR - examples.run_decoding_one_lg - [execute_single_subject_lg_decoding:248] - Epochs object loading failed for CB31. Aborting subject.
2025-07-09 10:50:16,673 - WARNING - examples.run_decoding_one_group_lg - [execute_group_intra_subject_lg_decoding_analysis:141] - Subject CB31 processing failed or returned invalid results.
2025-07-09 10:50:16,673 - INFO - examples.run_decoding_one_group_lg - [execute_group_intra_subject_lg_decoding_analysis:105] - 
--- LG Group 'VS': Processing Subject 2/26: DZ44 ---
2025-07-09 10:50:16,674 - INFO - examples.run_decoding_one_lg - [execute_single_subject_lg_decoding:222] - Starting LG decoding for subject: DZ44 (Group: VS, Task Set ID: Group_LG_Intra_VS_Subj_DZ44, Classifier: svc, GS: False, CSP: False, ANOVA FS: True, n_jobs: 40)
2025-07-09 10:50:16,674 - INFO - examples.run_decoding_one_lg - [execute_single_subject_lg_decoding:233] - Using LG loading conditions: ['LS_ALL', 'LD_ALL', 'GS_ALL', 'GD_ALL', 'LSGS', 'LSGD', 'LDGS', 'LDGD']
2025-07-09 10:50:16,674 - WARNING - utils.loading_LG_utils - [load_epochs_data_for_lg_decoding:96] - Original group path for 'VS' not found for subject 'DZ44'. Subject found in group 'VS'. Using its path convention.
2025-07-09 10:50:16,674 - ERROR - utils.loading_LG_utils - [load_epochs_data_for_lg_decoding:135] - Data directory for subject 'DZ44' (group: 'VS') not found. Attempted path: 'None'. Base input: '/mnt/data/tom.balay/data/Baking_EEG_data'.
2025-07-09 10:50:16,674 - INFO - examples.run_decoding_one_lg - [execute_single_subject_lg_decoding:242] - Detected protocol 'unknown' for subject DZ44
2025-07-09 10:50:16,674 - ERROR - examples.run_decoding_one_lg - [execute_single_subject_lg_decoding:248] - Epochs object loading failed for DZ44. Aborting subject.
2025-07-09 10:50:16,674 - WARNING - examples.run_decoding_one_group_lg - [execute_group_intra_subject_lg_decoding_analysis:141] - Subject DZ44 processing failed or returned invalid results.
2025-07-09 10:50:16,674 - INFO - examples.run_decoding_one_group_lg - [execute_group_intra_subject_lg_decoding_analysis:105] - 
--- LG Group 'VS': Processing Subject 3/26: FM60 ---
2025-07-09 10:50:16,674 - INFO - examples.run_decoding_one_lg - [execute_single_subject_lg_decoding:222] - Starting LG decoding for subject: FM60 (Group: VS, Task Set ID: Group_LG_Intra_VS_Subj_FM60, Classifier: svc, GS: False, CSP: False, ANOVA FS: True, n_jobs: 40)
2025-07-09 10:50:16,674 - INFO - examples.run_decoding_one_lg - [execute_single_subject_lg_decoding:233] - Using LG loading conditions: ['LS_ALL', 'LD_ALL', 'GS_ALL', 'GD_ALL', 'LSGS', 'LSGD', 'LDGS', 'LDGD']
2025-07-09 10:50:16,674 - WARNING - utils.loading_LG_utils - [load_epochs_data_for_lg_decoding:96] - Original group path for 'VS' not found for subject 'FM60'. Subject found in group 'VS'. Using its path convention.
2025-07-09 10:50:16,674 - ERROR - utils.loading_LG_utils - [load_epochs_data_for_lg_decoding:135] - Data directory for subject 'FM60' (group: 'VS') not found. Attempted path: 'None'. Base input: '/mnt/data/tom.balay/data/Baking_EEG_data'.
2025-07-09 10:50:16,674 - INFO - examples.run_decoding_one_lg - [execute_single_subject_lg_decoding:242] - Detected protocol 'unknown' for subject FM60
2025-07-09 10:50:16,675 - ERROR - examples.run_decoding_one_lg - [execute_single_subject_lg_decoding:248] - Epochs object loading failed for FM60. Aborting subject.
2025-07-09 10:50:16,675 - WARNING - examples.run_decoding_one_group_lg - [execute_group_intra_subject_lg_decoding_analysis:141] - Subject FM60 processing failed or returned invalid results.
2025-07-09 10:50:16,675 - INFO - examples.run_decoding_one_group_lg - [execute_group_intra_subject_lg_decoding_analysis:105] - 
--- LG Group 'VS': Processing Subject 4/26: FR43 ---
2025-07-09 10:50:16,675 - INFO - examples.run_decoding_one_lg - [execute_single_subject_lg_decoding:222] - Starting LG decoding for subject: FR43 (Group: VS, Task Set ID: Group_LG_Intra_VS_Subj_FR43, Classifier: svc, GS: False, CSP: False, ANOVA FS: True, n_jobs: 40)
2025-07-09 10:50:16,675 - INFO - examples.run_decoding_one_lg - [execute_single_subject_lg_decoding:233] - Using LG loading conditions: ['LS_ALL', 'LD_ALL', 'GS_ALL', 'GD_ALL', 'LSGS', 'LSGD', 'LDGS', 'LDGD']
2025-07-09 10:50:16,675 - WARNING - utils.loading_LG_utils - [load_epochs_data_for_lg_decoding:96] - Original group path for 'VS' not found for subject 'FR43'. Subject found in group 'VS'. Using its path convention.
2025-07-09 10:50:16,675 - ERROR - utils.loading_LG_utils - [load_epochs_data_for_lg_decoding:135] - Data directory for subject 'FR43' (group: 'VS') not found. Attempted path: 'None'. Base input: '/mnt/data/tom.balay/data/Baking_EEG_data'.
2025-07-09 10:50:16,675 - INFO - examples.run_decoding_one_lg - [execute_single_subject_lg_decoding:242] - Detected protocol 'unknown' for subject FR43
2025-07-09 10:50:16,675 - ERROR - examples.run_decoding_one_lg - [execute_single_subject_lg_decoding:248] - Epochs object loading failed for FR43. Aborting subject.
2025-07-09 10:50:16,675 - WARNING - examples.run_decoding_one_group_lg - [execute_group_intra_subject_lg_decoding_analysis:141] - Subject FR43 processing failed or returned invalid results.
2025-07-09 10:50:16,675 - INFO - examples.run_decoding_one_group_lg - [execute_group_intra_subject_lg_decoding_analysis:105] - 
--- LG Group 'VS': Processing Subject 5/26: GM37 ---
2025-07-09 10:50:16,675 - INFO - examples.run_decoding_one_lg - [execute_single_subject_lg_decoding:222] - Starting LG decoding for subject: GM37 (Group: VS, Task Set ID: Group_LG_Intra_VS_Subj_GM37, Classifier: svc, GS: False, CSP: False, ANOVA FS: True, n_jobs: 40)
2025-07-09 10:50:16,675 - INFO - examples.run_decoding_one_lg - [execute_single_subject_lg_decoding:233] - Using LG loading conditions: ['LS_ALL', 'LD_ALL', 'GS_ALL', 'GD_ALL', 'LSGS', 'LSGD', 'LDGS', 'LDGD']
2025-07-09 10:50:16,675 - WARNING - utils.loading_LG_utils - [load_epochs_data_for_lg_decoding:96] - Original group path for 'VS' not found for subject 'GM37'. Subject found in group 'VS'. Using its path convention.
2025-07-09 10:50:16,675 - ERROR - utils.loading_LG_utils - [load_epochs_data_for_lg_decoding:135] - Data directory for subject 'GM37' (group: 'VS') not found. Attempted path: 'None'. Base input: '/mnt/data/tom.balay/data/Baking_EEG_data'.
2025-07-09 10:50:16,676 - INFO - examples.run_decoding_one_lg - [execute_single_subject_lg_decoding:242] - Detected protocol 'unknown' for subject GM37
2025-07-09 10:50:16,676 - ERROR - examples.run_decoding_one_lg - [execute_single_subject_lg_decoding:248] - Epochs object loading failed for GM37. Aborting subject.
2025-07-09 10:50:16,676 - WARNING - examples.run_decoding_one_group_lg - [execute_group_intra_subject_lg_decoding_analysis:141] - Subject GM37 processing failed or returned invalid results.
2025-07-09 10:50:16,676 - INFO - examples.run_decoding_one_group_lg - [execute_group_intra_subject_lg_decoding_analysis:105] - 
--- LG Group 'VS': Processing Subject 6/26: GU32 ---
2025-07-09 10:50:16,676 - INFO - examples.run_decoding_one_lg - [execute_single_subject_lg_decoding:222] - Starting LG decoding for subject: GU32 (Group: VS, Task Set ID: Group_LG_Intra_VS_Subj_GU32, Classifier: svc, GS: False, CSP: False, ANOVA FS: True, n_jobs: 40)
2025-07-09 10:50:16,676 - INFO - examples.run_decoding_one_lg - [execute_single_subject_lg_decoding:233] - Using LG loading conditions: ['LS_ALL', 'LD_ALL', 'GS_ALL', 'GD_ALL', 'LSGS', 'LSGD', 'LDGS', 'LDGD']
2025-07-09 10:50:16,676 - WARNING - utils.loading_LG_utils - [load_epochs_data_for_lg_decoding:96] - Original group path for 'VS' not found for subject 'GU32'. Subject found in group 'VS'. Using its path convention.
2025-07-09 10:50:16,676 - ERROR - utils.loading_LG_utils - [load_epochs_data_for_lg_decoding:135] - Data directory for subject 'GU32' (group: 'VS') not found. Attempted path: 'None'. Base input: '/mnt/data/tom.balay/data/Baking_EEG_data'.
2025-07-09 10:50:16,676 - INFO - examples.run_decoding_one_lg - [execute_single_subject_lg_decoding:242] - Detected protocol 'unknown' for subject GU32
2025-07-09 10:50:16,676 - ERROR - examples.run_decoding_one_lg - [execute_single_subject_lg_decoding:248] - Epochs object loading failed for GU32. Aborting subject.
2025-07-09 10:50:16,676 - WARNING - examples.run_decoding_one_group_lg - [execute_group_intra_subject_lg_decoding_analysis:141] - Subject GU32 processing failed or returned invalid results.
2025-07-09 10:50:16,676 - INFO - examples.run_decoding_one_group_lg - [execute_group_intra_subject_lg_decoding_analysis:105] - 
--- LG Group 'VS': Processing Subject 7/26: HZ24 ---
2025-07-09 10:50:16,676 - INFO - examples.run_decoding_one_lg - [execute_single_subject_lg_decoding:222] - Starting LG decoding for subject: HZ24 (Group: VS, Task Set ID: Group_LG_Intra_VS_Subj_HZ24, Classifier: svc, GS: False, CSP: False, ANOVA FS: True, n_jobs: 40)
2025-07-09 10:50:16,676 - INFO - examples.run_decoding_one_lg - [execute_single_subject_lg_decoding:233] - Using LG loading conditions: ['LS_ALL', 'LD_ALL', 'GS_ALL', 'GD_ALL', 'LSGS', 'LSGD', 'LDGS', 'LDGD']
2025-07-09 10:50:16,677 - WARNING - utils.loading_LG_utils - [load_epochs_data_for_lg_decoding:96] - Original group path for 'VS' not found for subject 'HZ24'. Subject found in group 'VS'. Using its path convention.
2025-07-09 10:50:16,677 - ERROR - utils.loading_LG_utils - [load_epochs_data_for_lg_decoding:135] - Data directory for subject 'HZ24' (group: 'VS') not found. Attempted path: 'None'. Base input: '/mnt/data/tom.balay/data/Baking_EEG_data'.
2025-07-09 10:50:16,677 - INFO - examples.run_decoding_one_lg - [execute_single_subject_lg_decoding:242] - Detected protocol 'unknown' for subject HZ24
2025-07-09 10:50:16,677 - ERROR - examples.run_decoding_one_lg - [execute_single_subject_lg_decoding:248] - Epochs object loading failed for HZ24. Aborting subject.
2025-07-09 10:50:16,677 - WARNING - examples.run_decoding_one_group_lg - [execute_group_intra_subject_lg_decoding_analysis:141] - Subject HZ24 processing failed or returned invalid results.
2025-07-09 10:50:16,677 - INFO - examples.run_decoding_one_group_lg - [execute_group_intra_subject_lg_decoding_analysis:105] - 
--- LG Group 'VS': Processing Subject 8/26: KA70 ---
2025-07-09 10:50:16,677 - INFO - examples.run_decoding_one_lg - [execute_single_subject_lg_decoding:222] - Starting LG decoding for subject: KA70 (Group: VS, Task Set ID: Group_LG_Intra_VS_Subj_KA70, Classifier: svc, GS: False, CSP: False, ANOVA FS: True, n_jobs: 40)
2025-07-09 10:50:16,677 - INFO - examples.run_decoding_one_lg - [execute_single_subject_lg_decoding:233] - Using LG loading conditions: ['LS_ALL', 'LD_ALL', 'GS_ALL', 'GD_ALL', 'LSGS', 'LSGD', 'LDGS', 'LDGD']
2025-07-09 10:50:16,677 - WARNING - utils.loading_LG_utils - [load_epochs_data_for_lg_decoding:96] - Original group path for 'VS' not found for subject 'KA70'. Subject found in group 'VS'. Using its path convention.
2025-07-09 10:50:16,677 - ERROR - utils.loading_LG_utils - [load_epochs_data_for_lg_decoding:135] - Data directory for subject 'KA70' (group: 'VS') not found. Attempted path: 'None'. Base input: '/mnt/data/tom.balay/data/Baking_EEG_data'.
2025-07-09 10:50:16,677 - INFO - examples.run_decoding_one_lg - [execute_single_subject_lg_decoding:242] - Detected protocol 'unknown' for subject KA70
2025-07-09 10:50:16,677 - ERROR - examples.run_decoding_one_lg - [execute_single_subject_lg_decoding:248] - Epochs object loading failed for KA70. Aborting subject.
2025-07-09 10:50:16,677 - WARNING - examples.run_decoding_one_group_lg - [execute_group_intra_subject_lg_decoding_analysis:141] - Subject KA70 processing failed or returned invalid results.
2025-07-09 10:50:16,677 - INFO - examples.run_decoding_one_group_lg - [execute_group_intra_subject_lg_decoding_analysis:105] - 
--- LG Group 'VS': Processing Subject 9/26: KG85 ---
2025-07-09 10:50:16,678 - INFO - examples.run_decoding_one_lg - [execute_single_subject_lg_decoding:222] - Starting LG decoding for subject: KG85 (Group: VS, Task Set ID: Group_LG_Intra_VS_Subj_KG85, Classifier: svc, GS: False, CSP: False, ANOVA FS: True, n_jobs: 40)
2025-07-09 10:50:16,678 - INFO - examples.run_decoding_one_lg - [execute_single_subject_lg_decoding:233] - Using LG loading conditions: ['LS_ALL', 'LD_ALL', 'GS_ALL', 'GD_ALL', 'LSGS', 'LSGD', 'LDGS', 'LDGD']
2025-07-09 10:50:16,678 - WARNING - utils.loading_LG_utils - [load_epochs_data_for_lg_decoding:96] - Original group path for 'VS' not found for subject 'KG85'. Subject found in group 'VS'. Using its path convention.
2025-07-09 10:50:16,678 - ERROR - utils.loading_LG_utils - [load_epochs_data_for_lg_decoding:135] - Data directory for subject 'KG85' (group: 'VS') not found. Attempted path: 'None'. Base input: '/mnt/data/tom.balay/data/Baking_EEG_data'.
2025-07-09 10:50:16,678 - INFO - examples.run_decoding_one_lg - [execute_single_subject_lg_decoding:242] - Detected protocol 'unknown' for subject KG85
2025-07-09 10:50:16,678 - ERROR - examples.run_decoding_one_lg - [execute_single_subject_lg_decoding:248] - Epochs object loading failed for KG85. Aborting subject.
2025-07-09 10:50:16,678 - WARNING - examples.run_decoding_one_group_lg - [execute_group_intra_subject_lg_decoding_analysis:141] - Subject KG85 processing failed or returned invalid results.
2025-07-09 10:50:16,678 - INFO - examples.run_decoding_one_group_lg - [execute_group_intra_subject_lg_decoding_analysis:105] - 
--- LG Group 'VS': Processing Subject 10/26: MH74 ---
2025-07-09 10:50:16,678 - INFO - examples.run_decoding_one_lg - [execute_single_subject_lg_decoding:222] - Starting LG decoding for subject: MH74 (Group: VS, Task Set ID: Group_LG_Intra_VS_Subj_MH74, Classifier: svc, GS: False, CSP: False, ANOVA FS: True, n_jobs: 40)
2025-07-09 10:50:16,678 - INFO - examples.run_decoding_one_lg - [execute_single_subject_lg_decoding:233] - Using LG loading conditions: ['LS_ALL', 'LD_ALL', 'GS_ALL', 'GD_ALL', 'LSGS', 'LSGD', 'LDGS', 'LDGD']
2025-07-09 10:50:16,678 - WARNING - utils.loading_LG_utils - [load_epochs_data_for_lg_decoding:96] - Original group path for 'VS' not found for subject 'MH74'. Subject found in group 'VS'. Using its path convention.
2025-07-09 10:50:16,678 - ERROR - utils.loading_LG_utils - [load_epochs_data_for_lg_decoding:135] - Data directory for subject 'MH74' (group: 'VS') not found. Attempted path: 'None'. Base input: '/mnt/data/tom.balay/data/Baking_EEG_data'.
2025-07-09 10:50:16,678 - INFO - examples.run_decoding_one_lg - [execute_single_subject_lg_decoding:242] - Detected protocol 'unknown' for subject MH74
2025-07-09 10:50:16,679 - ERROR - examples.run_decoding_one_lg - [execute_single_subject_lg_decoding:248] - Epochs object loading failed for MH74. Aborting subject.
2025-07-09 10:50:16,679 - WARNING - examples.run_decoding_one_group_lg - [execute_group_intra_subject_lg_decoding_analysis:141] - Subject MH74 processing failed or returned invalid results.
2025-07-09 10:50:16,679 - INFO - examples.run_decoding_one_group_lg - [execute_group_intra_subject_lg_decoding_analysis:105] - 
--- LG Group 'VS': Processing Subject 11/26: MM86 ---
2025-07-09 10:50:16,679 - INFO - examples.run_decoding_one_lg - [execute_single_subject_lg_decoding:222] - Starting LG decoding for subject: MM86 (Group: VS, Task Set ID: Group_LG_Intra_VS_Subj_MM86, Classifier: svc, GS: False, CSP: False, ANOVA FS: True, n_jobs: 40)
2025-07-09 10:50:16,679 - INFO - examples.run_decoding_one_lg - [execute_single_subject_lg_decoding:233] - Using LG loading conditions: ['LS_ALL', 'LD_ALL', 'GS_ALL', 'GD_ALL', 'LSGS', 'LSGD', 'LDGS', 'LDGD']
2025-07-09 10:50:16,679 - WARNING - utils.loading_LG_utils - [load_epochs_data_for_lg_decoding:96] - Original group path for 'VS' not found for subject 'MM86'. Subject found in group 'VS'. Using its path convention.
2025-07-09 10:50:16,679 - ERROR - utils.loading_LG_utils - [load_epochs_data_for_lg_decoding:135] - Data directory for subject 'MM86' (group: 'VS') not found. Attempted path: 'None'. Base input: '/mnt/data/tom.balay/data/Baking_EEG_data'.
2025-07-09 10:50:16,679 - INFO - examples.run_decoding_one_lg - [execute_single_subject_lg_decoding:242] - Detected protocol 'unknown' for subject MM86
2025-07-09 10:50:16,679 - ERROR - examples.run_decoding_one_lg - [execute_single_subject_lg_decoding:248] - Epochs object loading failed for MM86. Aborting subject.
2025-07-09 10:50:16,679 - WARNING - examples.run_decoding_one_group_lg - [execute_group_intra_subject_lg_decoding_analysis:141] - Subject MM86 processing failed or returned invalid results.
2025-07-09 10:50:16,679 - INFO - examples.run_decoding_one_group_lg - [execute_group_intra_subject_lg_decoding_analysis:105] - 
--- LG Group 'VS': Processing Subject 12/26: OD69 ---
2025-07-09 10:50:16,679 - INFO - examples.run_decoding_one_lg - [execute_single_subject_lg_decoding:222] - Starting LG decoding for subject: OD69 (Group: VS, Task Set ID: Group_LG_Intra_VS_Subj_OD69, Classifier: svc, GS: False, CSP: False, ANOVA FS: True, n_jobs: 40)
2025-07-09 10:50:16,679 - INFO - examples.run_decoding_one_lg - [execute_single_subject_lg_decoding:233] - Using LG loading conditions: ['LS_ALL', 'LD_ALL', 'GS_ALL', 'GD_ALL', 'LSGS', 'LSGD', 'LDGS', 'LDGD']
2025-07-09 10:50:16,679 - WARNING - utils.loading_LG_utils - [load_epochs_data_for_lg_decoding:96] - Original group path for 'VS' not found for subject 'OD69'. Subject found in group 'VS'. Using its path convention.
2025-07-09 10:50:16,679 - ERROR - utils.loading_LG_utils - [load_epochs_data_for_lg_decoding:135] - Data directory for subject 'OD69' (group: 'VS') not found. Attempted path: 'None'. Base input: '/mnt/data/tom.balay/data/Baking_EEG_data'.
2025-07-09 10:50:16,680 - INFO - examples.run_decoding_one_lg - [execute_single_subject_lg_decoding:242] - Detected protocol 'unknown' for subject OD69
2025-07-09 10:50:16,680 - ERROR - examples.run_decoding_one_lg - [execute_single_subject_lg_decoding:248] - Epochs object loading failed for OD69. Aborting subject.
2025-07-09 10:50:16,680 - WARNING - examples.run_decoding_one_group_lg - [execute_group_intra_subject_lg_decoding_analysis:141] - Subject OD69 processing failed or returned invalid results.
2025-07-09 10:50:16,680 - INFO - examples.run_decoding_one_group_lg - [execute_group_intra_subject_lg_decoding_analysis:105] - 
--- LG Group 'VS': Processing Subject 13/26: OS90 ---
2025-07-09 10:50:16,680 - INFO - examples.run_decoding_one_lg - [execute_single_subject_lg_decoding:222] - Starting LG decoding for subject: OS90 (Group: VS, Task Set ID: Group_LG_Intra_VS_Subj_OS90, Classifier: svc, GS: False, CSP: False, ANOVA FS: True, n_jobs: 40)
2025-07-09 10:50:16,680 - INFO - examples.run_decoding_one_lg - [execute_single_subject_lg_decoding:233] - Using LG loading conditions: ['LS_ALL', 'LD_ALL', 'GS_ALL', 'GD_ALL', 'LSGS', 'LSGD', 'LDGS', 'LDGD']
2025-07-09 10:50:16,680 - WARNING - utils.loading_LG_utils - [load_epochs_data_for_lg_decoding:96] - Original group path for 'VS' not found for subject 'OS90'. Subject found in group 'VS'. Using its path convention.
2025-07-09 10:50:16,680 - ERROR - utils.loading_LG_utils - [load_epochs_data_for_lg_decoding:135] - Data directory for subject 'OS90' (group: 'VS') not found. Attempted path: 'None'. Base input: '/mnt/data/tom.balay/data/Baking_EEG_data'.
2025-07-09 10:50:16,680 - INFO - examples.run_decoding_one_lg - [execute_single_subject_lg_decoding:242] - Detected protocol 'unknown' for subject OS90
2025-07-09 10:50:16,680 - ERROR - examples.run_decoding_one_lg - [execute_single_subject_lg_decoding:248] - Epochs object loading failed for OS90. Aborting subject.
2025-07-09 10:50:16,680 - WARNING - examples.run_decoding_one_group_lg - [execute_group_intra_subject_lg_decoding_analysis:141] - Subject OS90 processing failed or returned invalid results.
2025-07-09 10:50:16,680 - INFO - examples.run_decoding_one_group_lg - [execute_group_intra_subject_lg_decoding_analysis:105] - 
--- LG Group 'VS': Processing Subject 14/26: PB28 ---
2025-07-09 10:50:16,680 - INFO - examples.run_decoding_one_lg - [execute_single_subject_lg_decoding:222] - Starting LG decoding for subject: PB28 (Group: VS, Task Set ID: Group_LG_Intra_VS_Subj_PB28, Classifier: svc, GS: False, CSP: False, ANOVA FS: True, n_jobs: 40)
2025-07-09 10:50:16,680 - INFO - examples.run_decoding_one_lg - [execute_single_subject_lg_decoding:233] - Using LG loading conditions: ['LS_ALL', 'LD_ALL', 'GS_ALL', 'GD_ALL', 'LSGS', 'LSGD', 'LDGS', 'LDGD']
2025-07-09 10:50:16,681 - WARNING - utils.loading_LG_utils - [load_epochs_data_for_lg_decoding:96] - Original group path for 'VS' not found for subject 'PB28'. Subject found in group 'VS'. Using its path convention.
2025-07-09 10:50:16,681 - ERROR - utils.loading_LG_utils - [load_epochs_data_for_lg_decoding:135] - Data directory for subject 'PB28' (group: 'VS') not found. Attempted path: 'None'. Base input: '/mnt/data/tom.balay/data/Baking_EEG_data'.
2025-07-09 10:50:16,681 - INFO - examples.run_decoding_one_lg - [execute_single_subject_lg_decoding:242] - Detected protocol 'unknown' for subject PB28
2025-07-09 10:50:16,681 - ERROR - examples.run_decoding_one_lg - [execute_single_subject_lg_decoding:248] - Epochs object loading failed for PB28. Aborting subject.
2025-07-09 10:50:16,681 - WARNING - examples.run_decoding_one_group_lg - [execute_group_intra_subject_lg_decoding_analysis:141] - Subject PB28 processing failed or returned invalid results.
2025-07-09 10:50:16,681 - INFO - examples.run_decoding_one_group_lg - [execute_group_intra_subject_lg_decoding_analysis:105] - 
--- LG Group 'VS': Processing Subject 15/26: SR57 ---
2025-07-09 10:50:16,681 - INFO - examples.run_decoding_one_lg - [execute_single_subject_lg_decoding:222] - Starting LG decoding for subject: SR57 (Group: VS, Task Set ID: Group_LG_Intra_VS_Subj_SR57, Classifier: svc, GS: False, CSP: False, ANOVA FS: True, n_jobs: 40)
2025-07-09 10:50:16,681 - INFO - examples.run_decoding_one_lg - [execute_single_subject_lg_decoding:233] - Using LG loading conditions: ['LS_ALL', 'LD_ALL', 'GS_ALL', 'GD_ALL', 'LSGS', 'LSGD', 'LDGS', 'LDGD']
2025-07-09 10:50:16,681 - WARNING - utils.loading_LG_utils - [load_epochs_data_for_lg_decoding:96] - Original group path for 'VS' not found for subject 'SR57'. Subject found in group 'VS'. Using its path convention.
2025-07-09 10:50:16,681 - ERROR - utils.loading_LG_utils - [load_epochs_data_for_lg_decoding:135] - Data directory for subject 'SR57' (group: 'VS') not found. Attempted path: 'None'. Base input: '/mnt/data/tom.balay/data/Baking_EEG_data'.
2025-07-09 10:50:16,681 - INFO - examples.run_decoding_one_lg - [execute_single_subject_lg_decoding:242] - Detected protocol 'unknown' for subject SR57
2025-07-09 10:50:16,681 - ERROR - examples.run_decoding_one_lg - [execute_single_subject_lg_decoding:248] - Epochs object loading failed for SR57. Aborting subject.
2025-07-09 10:50:16,681 - WARNING - examples.run_decoding_one_group_lg - [execute_group_intra_subject_lg_decoding_analysis:141] - Subject SR57 processing failed or returned invalid results.
2025-07-09 10:50:16,681 - INFO - examples.run_decoding_one_group_lg - [execute_group_intra_subject_lg_decoding_analysis:105] - 
--- LG Group 'VS': Processing Subject 16/26: TL36 ---
2025-07-09 10:50:16,681 - INFO - examples.run_decoding_one_lg - [execute_single_subject_lg_decoding:222] - Starting LG decoding for subject: TL36 (Group: VS, Task Set ID: Group_LG_Intra_VS_Subj_TL36, Classifier: svc, GS: False, CSP: False, ANOVA FS: True, n_jobs: 40)
2025-07-09 10:50:16,682 - INFO - examples.run_decoding_one_lg - [execute_single_subject_lg_decoding:233] - Using LG loading conditions: ['LS_ALL', 'LD_ALL', 'GS_ALL', 'GD_ALL', 'LSGS', 'LSGD', 'LDGS', 'LDGD']
2025-07-09 10:50:16,682 - WARNING - utils.loading_LG_utils - [load_epochs_data_for_lg_decoding:96] - Original group path for 'VS' not found for subject 'TL36'. Subject found in group 'VS'. Using its path convention.
2025-07-09 10:50:16,682 - ERROR - utils.loading_LG_utils - [load_epochs_data_for_lg_decoding:135] - Data directory for subject 'TL36' (group: 'VS') not found. Attempted path: 'None'. Base input: '/mnt/data/tom.balay/data/Baking_EEG_data'.
2025-07-09 10:50:16,682 - INFO - examples.run_decoding_one_lg - [execute_single_subject_lg_decoding:242] - Detected protocol 'unknown' for subject TL36
2025-07-09 10:50:16,682 - ERROR - examples.run_decoding_one_lg - [execute_single_subject_lg_decoding:248] - Epochs object loading failed for TL36. Aborting subject.
2025-07-09 10:50:16,682 - WARNING - examples.run_decoding_one_group_lg - [execute_group_intra_subject_lg_decoding_analysis:141] - Subject TL36 processing failed or returned invalid results.
2025-07-09 10:50:16,682 - INFO - examples.run_decoding_one_group_lg - [execute_group_intra_subject_lg_decoding_analysis:105] - 
--- LG Group 'VS': Processing Subject 17/26: TpAB15J8 ---
2025-07-09 10:50:16,682 - INFO - examples.run_decoding_one_lg - [execute_single_subject_lg_decoding:222] - Starting LG decoding for subject: TpAB15J8 (Group: VS, Task Set ID: Group_LG_Intra_VS_Subj_TpAB15J8, Classifier: svc, GS: False, CSP: False, ANOVA FS: True, n_jobs: 40)
2025-07-09 10:50:16,682 - INFO - examples.run_decoding_one_lg - [execute_single_subject_lg_decoding:233] - Using LG loading conditions: ['LS_ALL', 'LD_ALL', 'GS_ALL', 'GD_ALL', 'LSGS', 'LSGD', 'LDGS', 'LDGD']
2025-07-09 10:50:16,682 - WARNING - utils.loading_LG_utils - [load_epochs_data_for_lg_decoding:96] - Original group path for 'VS' not found for subject 'TpAB15J8'. Subject found in group 'VS'. Using its path convention.
2025-07-09 10:50:16,682 - ERROR - utils.loading_LG_utils - [load_epochs_data_for_lg_decoding:135] - Data directory for subject 'TpAB15J8' (group: 'VS') not found. Attempted path: 'None'. Base input: '/mnt/data/tom.balay/data/Baking_EEG_data'.
2025-07-09 10:50:16,682 - INFO - examples.run_decoding_one_lg - [execute_single_subject_lg_decoding:242] - Detected protocol 'unknown' for subject TpAB15J8
2025-07-09 10:50:16,682 - ERROR - examples.run_decoding_one_lg - [execute_single_subject_lg_decoding:248] - Epochs object loading failed for TpAB15J8. Aborting subject.
2025-07-09 10:50:16,682 - WARNING - examples.run_decoding_one_group_lg - [execute_group_intra_subject_lg_decoding_analysis:141] - Subject TpAB15J8 processing failed or returned invalid results.
2025-07-09 10:50:16,682 - INFO - examples.run_decoding_one_group_lg - [execute_group_intra_subject_lg_decoding_analysis:105] - 
--- LG Group 'VS': Processing Subject 18/26: TpAT19J8 ---
2025-07-09 10:50:16,683 - INFO - examples.run_decoding_one_lg - [execute_single_subject_lg_decoding:222] - Starting LG decoding for subject: TpAT19J8 (Group: VS, Task Set ID: Group_LG_Intra_VS_Subj_TpAT19J8, Classifier: svc, GS: False, CSP: False, ANOVA FS: True, n_jobs: 40)
2025-07-09 10:50:16,683 - INFO - examples.run_decoding_one_lg - [execute_single_subject_lg_decoding:233] - Using LG loading conditions: ['LS_ALL', 'LD_ALL', 'GS_ALL', 'GD_ALL', 'LSGS', 'LSGD', 'LDGS', 'LDGD']
2025-07-09 10:50:16,683 - WARNING - utils.loading_LG_utils - [load_epochs_data_for_lg_decoding:96] - Original group path for 'VS' not found for subject 'TpAT19J8'. Subject found in group 'VS'. Using its path convention.
2025-07-09 10:50:16,683 - ERROR - utils.loading_LG_utils - [load_epochs_data_for_lg_decoding:135] - Data directory for subject 'TpAT19J8' (group: 'VS') not found. Attempted path: 'None'. Base input: '/mnt/data/tom.balay/data/Baking_EEG_data'.
2025-07-09 10:50:16,683 - INFO - examples.run_decoding_one_lg - [execute_single_subject_lg_decoding:242] - Detected protocol 'unknown' for subject TpAT19J8
2025-07-09 10:50:16,683 - ERROR - examples.run_decoding_one_lg - [execute_single_subject_lg_decoding:248] - Epochs object loading failed for TpAT19J8. Aborting subject.
2025-07-09 10:50:16,683 - WARNING - examples.run_decoding_one_group_lg - [execute_group_intra_subject_lg_decoding_analysis:141] - Subject TpAT19J8 processing failed or returned invalid results.
2025-07-09 10:50:16,683 - INFO - examples.run_decoding_one_group_lg - [execute_group_intra_subject_lg_decoding_analysis:105] - 
--- LG Group 'VS': Processing Subject 19/26: TpBD10J8 ---
2025-07-09 10:50:16,683 - INFO - examples.run_decoding_one_lg - [execute_single_subject_lg_decoding:222] - Starting LG decoding for subject: TpBD10J8 (Group: VS, Task Set ID: Group_LG_Intra_VS_Subj_TpBD10J8, Classifier: svc, GS: False, CSP: False, ANOVA FS: True, n_jobs: 40)
2025-07-09 10:50:16,683 - INFO - examples.run_decoding_one_lg - [execute_single_subject_lg_decoding:233] - Using LG loading conditions: ['LS_ALL', 'LD_ALL', 'GS_ALL', 'GD_ALL', 'LSGS', 'LSGD', 'LDGS', 'LDGD']
2025-07-09 10:50:16,683 - WARNING - utils.loading_LG_utils - [load_epochs_data_for_lg_decoding:96] - Original group path for 'VS' not found for subject 'TpBD10J8'. Subject found in group 'VS'. Using its path convention.
2025-07-09 10:50:16,683 - ERROR - utils.loading_LG_utils - [load_epochs_data_for_lg_decoding:135] - Data directory for subject 'TpBD10J8' (group: 'VS') not found. Attempted path: 'None'. Base input: '/mnt/data/tom.balay/data/Baking_EEG_data'.
2025-07-09 10:50:16,683 - INFO - examples.run_decoding_one_lg - [execute_single_subject_lg_decoding:242] - Detected protocol 'unknown' for subject TpBD10J8
2025-07-09 10:50:16,683 - ERROR - examples.run_decoding_one_lg - [execute_single_subject_lg_decoding:248] - Epochs object loading failed for TpBD10J8. Aborting subject.
2025-07-09 10:50:16,684 - WARNING - examples.run_decoding_one_group_lg - [execute_group_intra_subject_lg_decoding_analysis:141] - Subject TpBD10J8 processing failed or returned invalid results.
2025-07-09 10:50:16,684 - INFO - examples.run_decoding_one_group_lg - [execute_group_intra_subject_lg_decoding_analysis:105] - 
--- LG Group 'VS': Processing Subject 20/26: TpDC22J8 ---
2025-07-09 10:50:16,684 - INFO - examples.run_decoding_one_lg - [execute_single_subject_lg_decoding:222] - Starting LG decoding for subject: TpDC22J8 (Group: VS, Task Set ID: Group_LG_Intra_VS_Subj_TpDC22J8, Classifier: svc, GS: False, CSP: False, ANOVA FS: True, n_jobs: 40)
2025-07-09 10:50:16,684 - INFO - examples.run_decoding_one_lg - [execute_single_subject_lg_decoding:233] - Using LG loading conditions: ['LS_ALL', 'LD_ALL', 'GS_ALL', 'GD_ALL', 'LSGS', 'LSGD', 'LDGS', 'LDGD']
2025-07-09 10:50:16,684 - WARNING - utils.loading_LG_utils - [load_epochs_data_for_lg_decoding:96] - Original group path for 'VS' not found for subject 'TpDC22J8'. Subject found in group 'VS'. Using its path convention.
2025-07-09 10:50:16,684 - ERROR - utils.loading_LG_utils - [load_epochs_data_for_lg_decoding:135] - Data directory for subject 'TpDC22J8' (group: 'VS') not found. Attempted path: 'None'. Base input: '/mnt/data/tom.balay/data/Baking_EEG_data'.
2025-07-09 10:50:16,684 - INFO - examples.run_decoding_one_lg - [execute_single_subject_lg_decoding:242] - Detected protocol 'unknown' for subject TpDC22J8
2025-07-09 10:50:16,684 - ERROR - examples.run_decoding_one_lg - [execute_single_subject_lg_decoding:248] - Epochs object loading failed for TpDC22J8. Aborting subject.
2025-07-09 10:50:16,684 - WARNING - examples.run_decoding_one_group_lg - [execute_group_intra_subject_lg_decoding_analysis:141] - Subject TpDC22J8 processing failed or returned invalid results.
2025-07-09 10:50:16,684 - INFO - examples.run_decoding_one_group_lg - [execute_group_intra_subject_lg_decoding_analysis:105] - 
--- LG Group 'VS': Processing Subject 21/26: TpDL8J8 ---
2025-07-09 10:50:16,684 - INFO - examples.run_decoding_one_lg - [execute_single_subject_lg_decoding:222] - Starting LG decoding for subject: TpDL8J8 (Group: VS, Task Set ID: Group_LG_Intra_VS_Subj_TpDL8J8, Classifier: svc, GS: False, CSP: False, ANOVA FS: True, n_jobs: 40)
2025-07-09 10:50:16,684 - INFO - examples.run_decoding_one_lg - [execute_single_subject_lg_decoding:233] - Using LG loading conditions: ['LS_ALL', 'LD_ALL', 'GS_ALL', 'GD_ALL', 'LSGS', 'LSGD', 'LDGS', 'LDGD']
2025-07-09 10:50:16,684 - WARNING - utils.loading_LG_utils - [load_epochs_data_for_lg_decoding:96] - Original group path for 'VS' not found for subject 'TpDL8J8'. Subject found in group 'VS'. Using its path convention.
2025-07-09 10:50:16,684 - ERROR - utils.loading_LG_utils - [load_epochs_data_for_lg_decoding:135] - Data directory for subject 'TpDL8J8' (group: 'VS') not found. Attempted path: 'None'. Base input: '/mnt/data/tom.balay/data/Baking_EEG_data'.
2025-07-09 10:50:16,684 - INFO - examples.run_decoding_one_lg - [execute_single_subject_lg_decoding:242] - Detected protocol 'unknown' for subject TpDL8J8
2025-07-09 10:50:16,685 - ERROR - examples.run_decoding_one_lg - [execute_single_subject_lg_decoding:248] - Epochs object loading failed for TpDL8J8. Aborting subject.
2025-07-09 10:50:16,685 - WARNING - examples.run_decoding_one_group_lg - [execute_group_intra_subject_lg_decoding_analysis:141] - Subject TpDL8J8 processing failed or returned invalid results.
2025-07-09 10:50:16,685 - INFO - examples.run_decoding_one_group_lg - [execute_group_intra_subject_lg_decoding_analysis:105] - 
--- LG Group 'VS': Processing Subject 22/26: TpEP16j8 ---
2025-07-09 10:50:16,685 - INFO - examples.run_decoding_one_lg - [execute_single_subject_lg_decoding:222] - Starting LG decoding for subject: TpEP16j8 (Group: VS, Task Set ID: Group_LG_Intra_VS_Subj_TpEP16j8, Classifier: svc, GS: False, CSP: False, ANOVA FS: True, n_jobs: 40)
2025-07-09 10:50:16,685 - INFO - examples.run_decoding_one_lg - [execute_single_subject_lg_decoding:233] - Using LG loading conditions: ['LS_ALL', 'LD_ALL', 'GS_ALL', 'GD_ALL', 'LSGS', 'LSGD', 'LDGS', 'LDGD']
2025-07-09 10:50:16,685 - WARNING - utils.loading_LG_utils - [load_epochs_data_for_lg_decoding:96] - Original group path for 'VS' not found for subject 'TpEP16j8'. Subject found in group 'VS'. Using its path convention.
2025-07-09 10:50:16,685 - ERROR - utils.loading_LG_utils - [load_epochs_data_for_lg_decoding:135] - Data directory for subject 'TpEP16j8' (group: 'VS') not found. Attempted path: 'None'. Base input: '/mnt/data/tom.balay/data/Baking_EEG_data'.
2025-07-09 10:50:16,685 - INFO - examples.run_decoding_one_lg - [execute_single_subject_lg_decoding:242] - Detected protocol 'unknown' for subject TpEP16j8
2025-07-09 10:50:16,685 - ERROR - examples.run_decoding_one_lg - [execute_single_subject_lg_decoding:248] - Epochs object loading failed for TpEP16j8. Aborting subject.
2025-07-09 10:50:16,685 - WARNING - examples.run_decoding_one_group_lg - [execute_group_intra_subject_lg_decoding_analysis:141] - Subject TpEP16j8 processing failed or returned invalid results.
2025-07-09 10:50:16,685 - INFO - examples.run_decoding_one_group_lg - [execute_group_intra_subject_lg_decoding_analysis:105] - 
--- LG Group 'VS': Processing Subject 23/26: TpFM25J8 ---
2025-07-09 10:50:16,685 - INFO - examples.run_decoding_one_lg - [execute_single_subject_lg_decoding:222] - Starting LG decoding for subject: TpFM25J8 (Group: VS, Task Set ID: Group_LG_Intra_VS_Subj_TpFM25J8, Classifier: svc, GS: False, CSP: False, ANOVA FS: True, n_jobs: 40)
2025-07-09 10:50:16,685 - INFO - examples.run_decoding_one_lg - [execute_single_subject_lg_decoding:233] - Using LG loading conditions: ['LS_ALL', 'LD_ALL', 'GS_ALL', 'GD_ALL', 'LSGS', 'LSGD', 'LDGS', 'LDGD']
2025-07-09 10:50:16,685 - WARNING - utils.loading_LG_utils - [load_epochs_data_for_lg_decoding:96] - Original group path for 'VS' not found for subject 'TpFM25J8'. Subject found in group 'VS'. Using its path convention.
2025-07-09 10:50:16,685 - ERROR - utils.loading_LG_utils - [load_epochs_data_for_lg_decoding:135] - Data directory for subject 'TpFM25J8' (group: 'VS') not found. Attempted path: 'None'. Base input: '/mnt/data/tom.balay/data/Baking_EEG_data'.
2025-07-09 10:50:16,686 - INFO - examples.run_decoding_one_lg - [execute_single_subject_lg_decoding:242] - Detected protocol 'unknown' for subject TpFM25J8
2025-07-09 10:50:16,686 - ERROR - examples.run_decoding_one_lg - [execute_single_subject_lg_decoding:248] - Epochs object loading failed for TpFM25J8. Aborting subject.
2025-07-09 10:50:16,686 - WARNING - examples.run_decoding_one_group_lg - [execute_group_intra_subject_lg_decoding_analysis:141] - Subject TpFM25J8 processing failed or returned invalid results.
2025-07-09 10:50:16,686 - INFO - examples.run_decoding_one_group_lg - [execute_group_intra_subject_lg_decoding_analysis:105] - 
--- LG Group 'VS': Processing Subject 24/26: TpLJ6J8 ---
2025-07-09 10:50:16,686 - INFO - examples.run_decoding_one_lg - [execute_single_subject_lg_decoding:222] - Starting LG decoding for subject: TpLJ6J8 (Group: VS, Task Set ID: Group_LG_Intra_VS_Subj_TpLJ6J8, Classifier: svc, GS: False, CSP: False, ANOVA FS: True, n_jobs: 40)
2025-07-09 10:50:16,686 - INFO - examples.run_decoding_one_lg - [execute_single_subject_lg_decoding:233] - Using LG loading conditions: ['LS_ALL', 'LD_ALL', 'GS_ALL', 'GD_ALL', 'LSGS', 'LSGD', 'LDGS', 'LDGD']
2025-07-09 10:50:16,686 - WARNING - utils.loading_LG_utils - [load_epochs_data_for_lg_decoding:96] - Original group path for 'VS' not found for subject 'TpLJ6J8'. Subject found in group 'VS'. Using its path convention.
2025-07-09 10:50:16,686 - ERROR - utils.loading_LG_utils - [load_epochs_data_for_lg_decoding:135] - Data directory for subject 'TpLJ6J8' (group: 'VS') not found. Attempted path: 'None'. Base input: '/mnt/data/tom.balay/data/Baking_EEG_data'.
2025-07-09 10:50:16,686 - INFO - examples.run_decoding_one_lg - [execute_single_subject_lg_decoding:242] - Detected protocol 'unknown' for subject TpLJ6J8
2025-07-09 10:50:16,686 - ERROR - examples.run_decoding_one_lg - [execute_single_subject_lg_decoding:248] - Epochs object loading failed for TpLJ6J8. Aborting subject.
2025-07-09 10:50:16,686 - WARNING - examples.run_decoding_one_group_lg - [execute_group_intra_subject_lg_decoding_analysis:141] - Subject TpLJ6J8 processing failed or returned invalid results.
2025-07-09 10:50:16,686 - INFO - examples.run_decoding_one_group_lg - [execute_group_intra_subject_lg_decoding_analysis:105] - 
--- LG Group 'VS': Processing Subject 25/26: TpML3J8 ---
2025-07-09 10:50:16,686 - INFO - examples.run_decoding_one_lg - [execute_single_subject_lg_decoding:222] - Starting LG decoding for subject: TpML3J8 (Group: VS, Task Set ID: Group_LG_Intra_VS_Subj_TpML3J8, Classifier: svc, GS: False, CSP: False, ANOVA FS: True, n_jobs: 40)
2025-07-09 10:50:16,686 - INFO - examples.run_decoding_one_lg - [execute_single_subject_lg_decoding:233] - Using LG loading conditions: ['LS_ALL', 'LD_ALL', 'GS_ALL', 'GD_ALL', 'LSGS', 'LSGD', 'LDGS', 'LDGD']
2025-07-09 10:50:16,687 - WARNING - utils.loading_LG_utils - [load_epochs_data_for_lg_decoding:96] - Original group path for 'VS' not found for subject 'TpML3J8'. Subject found in group 'VS'. Using its path convention.
2025-07-09 10:50:16,687 - ERROR - utils.loading_LG_utils - [load_epochs_data_for_lg_decoding:135] - Data directory for subject 'TpML3J8' (group: 'VS') not found. Attempted path: 'None'. Base input: '/mnt/data/tom.balay/data/Baking_EEG_data'.
2025-07-09 10:50:16,687 - INFO - examples.run_decoding_one_lg - [execute_single_subject_lg_decoding:242] - Detected protocol 'unknown' for subject TpML3J8
2025-07-09 10:50:16,687 - ERROR - examples.run_decoding_one_lg - [execute_single_subject_lg_decoding:248] - Epochs object loading failed for TpML3J8. Aborting subject.
2025-07-09 10:50:16,687 - WARNING - examples.run_decoding_one_group_lg - [execute_group_intra_subject_lg_decoding_analysis:141] - Subject TpML3J8 processing failed or returned invalid results.
2025-07-09 10:50:16,687 - INFO - examples.run_decoding_one_group_lg - [execute_group_intra_subject_lg_decoding_analysis:105] - 
--- LG Group 'VS': Processing Subject 26/26: VS91 ---
2025-07-09 10:50:16,687 - INFO - examples.run_decoding_one_lg - [execute_single_subject_lg_decoding:222] - Starting LG decoding for subject: VS91 (Group: VS, Task Set ID: Group_LG_Intra_VS_Subj_VS91, Classifier: svc, GS: False, CSP: False, ANOVA FS: True, n_jobs: 40)
2025-07-09 10:50:16,687 - INFO - examples.run_decoding_one_lg - [execute_single_subject_lg_decoding:233] - Using LG loading conditions: ['LS_ALL', 'LD_ALL', 'GS_ALL', 'GD_ALL', 'LSGS', 'LSGD', 'LDGS', 'LDGD']
2025-07-09 10:50:16,687 - WARNING - utils.loading_LG_utils - [load_epochs_data_for_lg_decoding:96] - Original group path for 'VS' not found for subject 'VS91'. Subject found in group 'VS'. Using its path convention.
2025-07-09 10:50:16,687 - ERROR - utils.loading_LG_utils - [load_epochs_data_for_lg_decoding:135] - Data directory for subject 'VS91' (group: 'VS') not found. Attempted path: 'None'. Base input: '/mnt/data/tom.balay/data/Baking_EEG_data'.
2025-07-09 10:50:16,687 - INFO - examples.run_decoding_one_lg - [execute_single_subject_lg_decoding:242] - Detected protocol 'unknown' for subject VS91
2025-07-09 10:50:16,687 - ERROR - examples.run_decoding_one_lg - [execute_single_subject_lg_decoding:248] - Epochs object loading failed for VS91. Aborting subject.
2025-07-09 10:50:16,687 - WARNING - examples.run_decoding_one_group_lg - [execute_group_intra_subject_lg_decoding_analysis:141] - Subject VS91 processing failed or returned invalid results.
2025-07-09 10:50:16,687 - INFO - examples.run_decoding_one_group_lg - [execute_group_intra_subject_lg_decoding_analysis:149] - LG Group analysis for 'VS' completed in 0.02s. Successfully processed: 0/26 subjects.
2025-07-09 10:50:16,687 - WARNING - examples.run_decoding_one_group_lg - [execute_group_intra_subject_lg_decoding_analysis:158] - No subjects were successfully processed!
submitit INFO (2025-07-09 10:50:16,688) - Job completed successfully
2025-07-09 10:50:16,688 - INFO - submitit - [process_job:56] - Job completed successfully
submitit INFO (2025-07-09 10:50:16,688) - Exiting after successful completion
2025-07-09 10:50:16,688 - INFO - submitit - [process_job:61] - Exiting after successful completion
