submitit INFO (2025-06-12 16:13:02,373) - Starting with JobEnvironment(job_id=296297_2, hostname=node9, local_rank=0(1), node=0(1), global_rank=0(1))
submitit INFO (2025-06-12 16:13:02,374) - Loading pickle: /home/tom.balay/Baking_EEG/bash/logs_submitit_master/slurm_jobs_ALL_GROUPS_INTRA_20250612_161259/296297_2_submitted.pkl
DEBUG Worker - project_root: /home/tom.balay/Baking_EEG
DEBUG Worker - parent_dir: /home/tom.balay
DEBUG Worker - sys.path: ['/home/tom.balay', '/home/tom.balay/Baking_EEG', '/home/tom.balay/Baking_EEG/bash']...
2025-06-12 16:13:06,582 - INFO - examples.run_decoding_one_group_pp - [execute_group_intra_subject_decoding_analysis:108] - Starting intra-subject decoding analysis for GROUP: nodel. GS: False, CSP: False, ANOVA FS: True. n_jobs_subj: 40, n_jobs_grp_stats: 40.
2025-06-12 16:13:06,582 - INFO - examples.run_decoding_one_group_pp - [execute_group_intra_subject_decoding_analysis:122] - 
--- Group 'nodel': Processing Subject 1/24: TpAC23 ---
2025-06-12 16:13:06,582 - INFO - examples.run_decoding_one_pp - [execute_single_subject_decoding:178] - Starting decoding for subject: TpAC23 (Group: nodel, Task Set ID: Group_Intra_nodel_Subj_TpAC23, Classifier: svc, GS: False, CSP (temp): False, ANOVA FS (temp): True, n_jobs: 40)
2025-06-12 16:13:06,582 - INFO - examples.run_decoding_one_pp - [execute_single_subject_decoding:187] - Using loading conditions: ['XPP_ALL', 'XAP_ALL', 'PP_FOR_SPECIFIC_COMPARISON', 'AP_FAMILY_1', 'AP_FAMILY_2', 'AP_FAMILY_3', 'AP_FAMILY_4', 'AP_FAMILY_5', 'AP_FAMILY_6']
2025-06-12 16:13:06,584 - INFO - utils.loading_PP_utils - [load_epochs_data_for_decoding:150] - Loading epoch data for subject 'TpAC23' from: /mnt/data/tom.balay/Baking_EEG_data/PP_PATIENTS_NODEL_0.5/data_epochs/TpAC23_PP_preproc_noICA_PP-epo_ar.fif
2025-06-12 16:13:09,823 - INFO - utils.loading_PP_utils - [load_epochs_data_for_decoding:161] - Event IDs available for TpAC23:
2025-06-12 16:13:09,823 - INFO - utils.loading_PP_utils - [load_epochs_data_for_decoding:165] -   - 'PP/10': 110
2025-06-12 16:13:09,823 - INFO - utils.loading_PP_utils - [load_epochs_data_for_decoding:165] -   - 'PP/20': 120
2025-06-12 16:13:09,824 - INFO - utils.loading_PP_utils - [load_epochs_data_for_decoding:165] -   - 'PP/30': 130
2025-06-12 16:13:09,824 - INFO - utils.loading_PP_utils - [load_epochs_data_for_decoding:165] -   - 'AP/11': 111
2025-06-12 16:13:09,824 - INFO - utils.loading_PP_utils - [load_epochs_data_for_decoding:165] -   - 'AP/12': 112
2025-06-12 16:13:09,824 - INFO - utils.loading_PP_utils - [load_epochs_data_for_decoding:165] -   - 'AP/13': 113
2025-06-12 16:13:09,824 - INFO - utils.loading_PP_utils - [load_epochs_data_for_decoding:165] -   - 'AP/14': 114
2025-06-12 16:13:09,824 - INFO - utils.loading_PP_utils - [load_epochs_data_for_decoding:165] -   - 'AP/15': 115
2025-06-12 16:13:09,824 - INFO - utils.loading_PP_utils - [load_epochs_data_for_decoding:165] -   - 'AP/16': 116
2025-06-12 16:13:09,824 - INFO - utils.loading_PP_utils - [load_epochs_data_for_decoding:165] -   - 'AP/21': 121
2025-06-12 16:13:09,824 - INFO - utils.loading_PP_utils - [load_epochs_data_for_decoding:165] -   - 'AP/22': 122
2025-06-12 16:13:09,824 - INFO - utils.loading_PP_utils - [load_epochs_data_for_decoding:165] -   - 'AP/23': 123
2025-06-12 16:13:09,824 - INFO - utils.loading_PP_utils - [load_epochs_data_for_decoding:165] -   - 'AP/24': 124
2025-06-12 16:13:09,824 - INFO - utils.loading_PP_utils - [load_epochs_data_for_decoding:165] -   - 'AP/25': 125
2025-06-12 16:13:09,825 - INFO - utils.loading_PP_utils - [load_epochs_data_for_decoding:165] -   - 'AP/26': 126
2025-06-12 16:13:09,825 - INFO - utils.loading_PP_utils - [load_epochs_data_for_decoding:165] -   - 'AP/31': 131
2025-06-12 16:13:09,825 - INFO - utils.loading_PP_utils - [load_epochs_data_for_decoding:165] -   - 'AP/32': 132
2025-06-12 16:13:09,825 - INFO - utils.loading_PP_utils - [load_epochs_data_for_decoding:165] -   - 'AP/33': 133
2025-06-12 16:13:09,825 - INFO - utils.loading_PP_utils - [load_epochs_data_for_decoding:165] -   - 'AP/34': 134
2025-06-12 16:13:09,825 - INFO - utils.loading_PP_utils - [load_epochs_data_for_decoding:165] -   - 'AP/35': 135
2025-06-12 16:13:09,825 - INFO - utils.loading_PP_utils - [load_epochs_data_for_decoding:165] -   - 'AP/36': 136
2025-06-12 16:13:10,365 - INFO - utils.loading_PP_utils - [load_epochs_data_for_decoding:185] - Processing conditions: ['XPP_ALL', 'XAP_ALL', 'PP_FOR_SPECIFIC_COMPARISON', 'AP_FAMILY_1', 'AP_FAMILY_2', 'AP_FAMILY_3', 'AP_FAMILY_4', 'AP_FAMILY_5', 'AP_FAMILY_6']
2025-06-12 16:13:11,162 - INFO - utils.loading_PP_utils - [load_epochs_data_for_decoding:276] -   Data shapes for 'TpAC23': XPP_ALL=(62, 124, 601), XAP_ALL=(399, 124, 601), PP_FOR_SPECIFIC_COMPARISON=(62, 124, 601), AP_FAMILY_1=(66, 124, 601), AP_FAMILY_2=(66, 124, 601), AP_FAMILY_3=(65, 124, 601), AP_FAMILY_4=(67, 124, 601), AP_FAMILY_5=(66, 124, 601), AP_FAMILY_6=(69, 124, 601). Loaded in 4.58s
2025-06-12 16:13:11,162 - INFO - examples.run_decoding_one_pp - [execute_single_subject_decoding:227] - --- Starting Main Protocol Decoding for TpAC23 ---
2025-06-12 16:13:11,162 - INFO - examples.run_decoding_one_pp - [execute_single_subject_decoding:230] -   --- 1. Main Decoding (e.g., PP/all vs AP/all) for TpAC23 ---
2025-06-12 16:13:11,533 - INFO - Baking_EEG._4_decoding_core - [run_temporal_decoding_analysis:47] - --- Temporal Decoding Analysis ---
2025-06-12 16:13:11,533 - INFO - Baking_EEG._4_decoding_core - [run_temporal_decoding_analysis:48] - Clf: svc, GS: False, CSP (temporal): False, ANOVA FS (temporal): True
2025-06-12 16:13:11,539 - INFO - base.base_decoding - [_build_standard_classifier_pipeline:53] - Pipeline à hyperparamètres fixes: type='svc', CSP: False, ANOVA FS: True
2025-06-12 16:13:11,539 - INFO - base.base_decoding - [_build_standard_classifier_pipeline:80] -    Étape ANOVA FS 'anova_feature_selection' ajoutée (percentile fixe=15).
2025-06-12 16:13:11,539 - INFO - base.base_decoding - [_build_standard_classifier_pipeline:112] - Structure finale du pipeline: ['scaler', 'anova_feature_selection', 'svc_classifier']
2025-06-12 16:13:11,539 - INFO - base.base_decoding - [_build_standard_classifier_pipeline:53] - Pipeline à hyperparamètres fixes: type='svc', CSP: False, ANOVA FS: False
2025-06-12 16:13:11,540 - INFO - base.base_decoding - [_build_standard_classifier_pipeline:112] - Structure finale du pipeline: ['scaler', 'svc_classifier']
2025-06-12 16:13:11,540 - INFO - Baking_EEG._4_decoding_core - [run_temporal_decoding_analysis:226] - CV strategy: StratifiedKFold with 5 splits.
2025-06-12 16:13:11,540 - INFO - Baking_EEG._4_decoding_core - [run_temporal_decoding_analysis:241] - Sample weights: Auto-calculated.
2025-06-12 16:13:11,561 - INFO - Baking_EEG._4_decoding_core - [run_temporal_decoding_analysis:280] - MNE Estimators (Fixed mode): Passing sample_weight to svc_classifier.
2025-06-12 16:13:11,562 - INFO - Baking_EEG._4_decoding_core - [run_temporal_decoding_analysis:294] - Starting 1D temporal decoding (SlidingEstimator)...
2025-06-12 16:13:39,993 - INFO - Baking_EEG._4_decoding_core - [run_temporal_decoding_analysis:323] - 1D temporal decoding done. Peak mean AUC: 0.653
2025-06-12 16:13:39,995 - INFO - Baking_EEG._4_decoding_core - [run_temporal_decoding_analysis:364] - TGM computation disabled.
2025-06-12 16:13:39,995 - INFO - Baking_EEG._4_decoding_core - [run_temporal_decoding_analysis:367] - Starting global decoding (n_jobs_folds=40)...
2025-06-12 16:14:31,932 - INFO - Baking_EEG._4_decoding_core - [run_temporal_decoding_analysis:424] - Global decoding done. Mean CV AUC: 0.752 +/- 0.040
2025-06-12 16:14:31,956 - INFO - Baking_EEG._4_decoding_core - [run_temporal_decoding_analysis:463] -   Overall global metrics (aggregated): {'roc_auc': '0.751', 'accuracy': '0.577', 'precision': '0.792', 'recall': '0.210', 'f1_score': '0.332', 'balanced_accuracy': '0.577'}
2025-06-12 16:14:31,956 - INFO - utils.stats_utils - [perform_pointwise_fdr_correction_on_scores:401] - Performing pointwise t-test with FDR correction. Data shape for t-test (obs, features if any): (5, 601)
2025-06-12 16:14:31,956 - INFO - utils.stats_utils - [perform_pointwise_fdr_correction_on_scores:405] -   Parameters: chance=0.5, alpha=0.05, FDR_method='indep', alternative='greater'
2025-06-12 16:14:31,962 - INFO - utils.stats_utils - [perform_pointwise_fdr_correction_on_scores:479] - FDR correction completed. 0 point(s) found significant (p_fdr < 0.05).
2025-06-12 16:14:31,963 - INFO - utils.stats_utils - [perform_cluster_permutation_test:164] - Executing cluster-based permutation test. Data shape (obs, features...): (5, 601)
2025-06-12 16:14:31,963 - INFO - utils.stats_utils - [perform_cluster_permutation_test:168] -   Parameters: n_permutations=1024, threshold_config={'start': 0.1, 'step': 0.1}, alternative='greater' (MNE tail=1), stat_func='auto', n_jobs=-1
2025-06-12 16:14:31,963 - INFO - utils.stats_utils - [perform_cluster_permutation_test:198] -   Using MNE's default stat_fun (ttest_1samp_no_p).
2025-06-12 16:14:31,963 - INFO - utils.stats_utils - [perform_cluster_permutation_test:215] -   Input data is 2D (features). MNE will use default temporal connectivity inference if applicable.
stat_fun(H1): min=-9.801558 max=12.897981
Running initial clustering …
Using 128 thresholds from 0.10 to 12.80 for TFCE computation (h_power=2.00, e_power=0.50)
Found 601 clusters
2025-06-12 16:14:34,091 - INFO - utils.stats_utils - [perform_cluster_permutation_test:280] - Cluster permutation test completed. 601 initial clusters found (after processing slices).
2025-06-12 16:14:34,092 - INFO - utils.stats_utils - [perform_cluster_permutation_test:310] - No clusters found to be statistically significant (p < 0.05).
2025-06-12 16:14:34,095 - INFO - examples.run_decoding_one_pp - [execute_single_subject_decoding:297] - Main Decoding for TpAC23 DONE. Mean Global AUC: 0.752
2025-06-12 16:14:34,095 - INFO - examples.run_decoding_one_pp - [execute_single_subject_decoding:303] -   --- 2. Specific Task Comparisons (e.g. PP_spec vs AP_family_X) for TpAC23 ---
2025-06-12 16:14:34,135 - INFO - Baking_EEG._4_decoding_core - [run_temporal_decoding_analysis:47] - --- Temporal Decoding Analysis ---
2025-06-12 16:14:34,135 - INFO - Baking_EEG._4_decoding_core - [run_temporal_decoding_analysis:48] - Clf: svc, GS: False, CSP (temporal): False, ANOVA FS (temporal): True
2025-06-12 16:14:34,140 - INFO - base.base_decoding - [_build_standard_classifier_pipeline:53] - Pipeline à hyperparamètres fixes: type='svc', CSP: False, ANOVA FS: True
2025-06-12 16:14:34,140 - INFO - base.base_decoding - [_build_standard_classifier_pipeline:80] -    Étape ANOVA FS 'anova_feature_selection' ajoutée (percentile fixe=15).
2025-06-12 16:14:34,141 - INFO - base.base_decoding - [_build_standard_classifier_pipeline:112] - Structure finale du pipeline: ['scaler', 'anova_feature_selection', 'svc_classifier']
2025-06-12 16:14:34,141 - INFO - base.base_decoding - [_build_standard_classifier_pipeline:53] - Pipeline à hyperparamètres fixes: type='svc', CSP: False, ANOVA FS: False
2025-06-12 16:14:34,141 - INFO - base.base_decoding - [_build_standard_classifier_pipeline:112] - Structure finale du pipeline: ['scaler', 'svc_classifier']
2025-06-12 16:14:34,141 - INFO - Baking_EEG._4_decoding_core - [run_temporal_decoding_analysis:226] - CV strategy: StratifiedKFold with 5 splits.
2025-06-12 16:14:34,141 - INFO - Baking_EEG._4_decoding_core - [run_temporal_decoding_analysis:241] - Sample weights: Auto-calculated.
2025-06-12 16:14:34,150 - INFO - Baking_EEG._4_decoding_core - [run_temporal_decoding_analysis:280] - MNE Estimators (Fixed mode): Passing sample_weight to svc_classifier.
2025-06-12 16:14:34,150 - INFO - Baking_EEG._4_decoding_core - [run_temporal_decoding_analysis:294] - Starting 1D temporal decoding (SlidingEstimator)...
2025-06-12 16:14:44,768 - INFO - Baking_EEG._4_decoding_core - [run_temporal_decoding_analysis:323] - 1D temporal decoding done. Peak mean AUC: 0.750
2025-06-12 16:14:44,768 - INFO - Baking_EEG._4_decoding_core - [run_temporal_decoding_analysis:331] - Starting TGM computation (GeneralizingEstimator)...
2025-06-12 16:46:37,251 - INFO - Baking_EEG._4_decoding_core - [run_temporal_decoding_analysis:358] - TGM computation done. Peak mean TGM AUC: 0.762
2025-06-12 16:46:37,252 - INFO - Baking_EEG._4_decoding_core - [run_temporal_decoding_analysis:367] - Starting global decoding (n_jobs_folds=40)...
2025-06-12 16:46:43,760 - INFO - Baking_EEG._4_decoding_core - [run_temporal_decoding_analysis:424] - Global decoding done. Mean CV AUC: 0.654 +/- 0.071
2025-06-12 16:46:43,781 - INFO - Baking_EEG._4_decoding_core - [run_temporal_decoding_analysis:463] -   Overall global metrics (aggregated): {'roc_auc': '0.631', 'accuracy': '0.601', 'precision': '0.597', 'recall': '0.621', 'f1_score': '0.609', 'balanced_accuracy': '0.601'}
2025-06-12 16:46:43,781 - INFO - utils.stats_utils - [perform_pointwise_fdr_correction_on_scores:401] - Performing pointwise t-test with FDR correction. Data shape for t-test (obs, features if any): (5, 601)
2025-06-12 16:46:43,781 - INFO - utils.stats_utils - [perform_pointwise_fdr_correction_on_scores:405] -   Parameters: chance=0.5, alpha=0.05, FDR_method='indep', alternative='greater'
2025-06-12 16:46:43,785 - INFO - utils.stats_utils - [perform_pointwise_fdr_correction_on_scores:479] - FDR correction completed. 58 point(s) found significant (p_fdr < 0.05).
2025-06-12 16:46:43,785 - INFO - utils.stats_utils - [perform_cluster_permutation_test:164] - Executing cluster-based permutation test. Data shape (obs, features...): (5, 601)
2025-06-12 16:46:43,785 - INFO - utils.stats_utils - [perform_cluster_permutation_test:168] -   Parameters: n_permutations=1024, threshold_config={'start': 0.1, 'step': 0.1}, alternative='greater' (MNE tail=1), stat_func='auto', n_jobs=-1
2025-06-12 16:46:43,785 - INFO - utils.stats_utils - [perform_cluster_permutation_test:198] -   Using MNE's default stat_fun (ttest_1samp_no_p).
2025-06-12 16:46:43,785 - INFO - utils.stats_utils - [perform_cluster_permutation_test:215] -   Input data is 2D (features). MNE will use default temporal connectivity inference if applicable.
stat_fun(H1): min=-5.277612 max=44.749494
Running initial clustering …
Using 447 thresholds from 0.10 to 44.70 for TFCE computation (h_power=2.00, e_power=0.50)
Found 601 clusters
2025-06-12 16:46:46,129 - INFO - utils.stats_utils - [perform_cluster_permutation_test:280] - Cluster permutation test completed. 601 initial clusters found (after processing slices).
2025-06-12 16:46:46,130 - INFO - utils.stats_utils - [perform_cluster_permutation_test:310] - No clusters found to be statistically significant (p < 0.05).
2025-06-12 16:46:46,135 - INFO - utils.stats_utils - [perform_pointwise_fdr_correction_on_scores:401] - Performing pointwise t-test with FDR correction. Data shape for t-test (obs, features if any): (5, 361201)
2025-06-12 16:46:46,135 - INFO - utils.stats_utils - [perform_pointwise_fdr_correction_on_scores:405] -   Parameters: chance=0.5, alpha=0.05, FDR_method='indep', alternative='greater'
2025-06-12 16:46:46,522 - INFO - utils.stats_utils - [perform_pointwise_fdr_correction_on_scores:479] - FDR correction completed. 0 point(s) found significant (p_fdr < 0.05).
2025-06-12 16:46:46,524 - INFO - Baking_EEG._4_decoding_core - [run_temporal_decoding_analysis:517] - Intra-fold Cluster Permutation for TGM is SKIPPED.
2025-06-12 16:46:46,526 - INFO - examples.run_decoding_one_pp - [execute_single_subject_decoding:371] -   Specific task 'PP_spec vs AP Fam. 1' for TpAC23: Peak AUC = 0.750
2025-06-12 16:46:46,567 - INFO - Baking_EEG._4_decoding_core - [run_temporal_decoding_analysis:47] - --- Temporal Decoding Analysis ---
2025-06-12 16:46:46,567 - INFO - Baking_EEG._4_decoding_core - [run_temporal_decoding_analysis:48] - Clf: svc, GS: False, CSP (temporal): False, ANOVA FS (temporal): True
2025-06-12 16:46:46,569 - INFO - base.base_decoding - [_build_standard_classifier_pipeline:53] - Pipeline à hyperparamètres fixes: type='svc', CSP: False, ANOVA FS: True
2025-06-12 16:46:46,569 - INFO - base.base_decoding - [_build_standard_classifier_pipeline:80] -    Étape ANOVA FS 'anova_feature_selection' ajoutée (percentile fixe=15).
2025-06-12 16:46:46,570 - INFO - base.base_decoding - [_build_standard_classifier_pipeline:112] - Structure finale du pipeline: ['scaler', 'anova_feature_selection', 'svc_classifier']
2025-06-12 16:46:46,570 - INFO - base.base_decoding - [_build_standard_classifier_pipeline:53] - Pipeline à hyperparamètres fixes: type='svc', CSP: False, ANOVA FS: False
2025-06-12 16:46:46,570 - INFO - base.base_decoding - [_build_standard_classifier_pipeline:112] - Structure finale du pipeline: ['scaler', 'svc_classifier']
2025-06-12 16:46:46,570 - INFO - Baking_EEG._4_decoding_core - [run_temporal_decoding_analysis:226] - CV strategy: StratifiedKFold with 5 splits.
2025-06-12 16:46:46,570 - INFO - Baking_EEG._4_decoding_core - [run_temporal_decoding_analysis:241] - Sample weights: Auto-calculated.
2025-06-12 16:46:46,573 - INFO - Baking_EEG._4_decoding_core - [run_temporal_decoding_analysis:280] - MNE Estimators (Fixed mode): Passing sample_weight to svc_classifier.
2025-06-12 16:46:46,573 - INFO - Baking_EEG._4_decoding_core - [run_temporal_decoding_analysis:294] - Starting 1D temporal decoding (SlidingEstimator)...
2025-06-12 16:46:57,057 - INFO - Baking_EEG._4_decoding_core - [run_temporal_decoding_analysis:323] - 1D temporal decoding done. Peak mean AUC: 0.708
2025-06-12 16:46:57,058 - INFO - Baking_EEG._4_decoding_core - [run_temporal_decoding_analysis:331] - Starting TGM computation (GeneralizingEstimator)...
