2025-03-03 10:05:21,943 - INFO - Baking_EEG._1_preprocess - Raw data info ch_names: ,['E1', 'E2', 'E3', 'E4', 'E5', 'E6', 'E7', 'E8', 'E9', 'E10', 'E11', 'E12', 'E13', 'E14', 'E15', 'E16', 'E17', 'E18', 'E19', 'E20', 'E21', 'E22', 'E23', 'E24', 'E25', 'E26', 'E27', 'E28', 'E29', 'E30', 'E31', 'E32', 'E33', 'E34', 'E35', 'E36', 'E37', 'E38', 'E39', 'E40', 'E41', 'E42', 'E43', 'E44', 'E45', 'E46', 'E47', 'E48', 'E49', 'E50', 'E51', 'E52', 'E53', 'E54', 'E55', 'E56', 'E57', 'E58', 'E59', 'E60', 'E61', 'E62', 'E63', 'E64', 'E65', 'E66', 'E67', 'E68', 'E69', 'E70', 'E71', 'E72', 'E73', 'E74', 'E75', 'E76', 'E77', 'E78', 'E79', 'E80', 'E81', 'E82', 'E83', 'E84', 'E85', 'E86', 'E87', 'E88', 'E89', 'E90', 'E91', 'E92', 'E93', 'E94', 'E95', 'E96', 'E97', 'E98', 'E99', 'E100', 'E101', 'E102', 'E103', 'E104', 'E105', 'E106', 'E107', 'E108', 'E109', 'E110', 'E111', 'E112', 'E113', 'E114', 'E115', 'E116', 'E117', 'E118', 'E119', 'E120', 'E121', 'E122', 'E123', 'E124', 'E125', 'E126', 'E127', 'E128', 'VREF']
2025-03-03 10:05:21,944 - INFO - Baking_EEG._1_preprocess - Raw data info channels: ,129
2025-03-03 10:05:21,944 - INFO - Baking_EEG._1_preprocess - Raw data info highpass: ,0.0
2025-03-03 10:05:21,944 - INFO - Baking_EEG._1_preprocess - Raw data info lowpass: ,250.0
2025-03-03 10:05:21,944 - INFO - Baking_EEG._1_preprocess - Raw data info sfreq: ,500.0
2025-03-03 10:08:06,771 - INFO - Baking_EEG._1_preprocess - Bad channels : ,['E108', 'E55', 'VREF']
2025-03-03 10:08:07,980 - INFO - Baking_EEG._1_preprocess - Saved preprocessed data C:\Users\adminlocal\Desktop\ConnectDoc\EEG_2025_CAP_FPerrin_Vera\Analysis_Baking_EEG_Vera\data_preproc/AD94_Resting_preproc.fif
2025-03-03 10:08:25,828 - INFO - Baking_EEG._2_cleaning - Nb blink found : ,7
2025-03-03 10:08:35,537 - INFO - Baking_EEG._1_preprocess - Raw data info ch_names: ,['E1', 'E2', 'E3', 'E4', 'E5', 'E6', 'E7', 'E8', 'E9', 'E10', 'E11', 'E12', 'E13', 'E14', 'E15', 'E16', 'E17', 'E18', 'E19', 'E20', 'E21', 'E22', 'E23', 'E24', 'E25', 'E26', 'E27', 'E28', 'E29', 'E30', 'E31', 'E32', 'E33', 'E34', 'E35', 'E36', 'E37', 'E38', 'E39', 'E40', 'E41', 'E42', 'E43', 'E44', 'E45', 'E46', 'E47', 'E48', 'E49', 'E50', 'E51', 'E52', 'E53', 'E54', 'E55', 'E56', 'E57', 'E58', 'E59', 'E60', 'E61', 'E62', 'E63', 'E64', 'E65', 'E66', 'E67', 'E68', 'E69', 'E70', 'E71', 'E72', 'E73', 'E74', 'E75', 'E76', 'E77', 'E78', 'E79', 'E80', 'E81', 'E82', 'E83', 'E84', 'E85', 'E86', 'E87', 'E88', 'E89', 'E90', 'E91', 'E92', 'E93', 'E94', 'E95', 'E96', 'E97', 'E98', 'E99', 'E100', 'E101', 'E102', 'E103', 'E104', 'E105', 'E106', 'E107', 'E108', 'E109', 'E110', 'E111', 'E112', 'E113', 'E114', 'E115', 'E116', 'E117', 'E118', 'E119', 'E120', 'E121', 'E122', 'E123', 'E124', 'E125', 'E126', 'E127', 'E128', 'VREF']
2025-03-03 10:08:35,537 - INFO - Baking_EEG._1_preprocess - Raw data info channels: ,129
2025-03-03 10:08:35,537 - INFO - Baking_EEG._1_preprocess - Raw data info highpass: ,0.0
2025-03-03 10:08:35,537 - INFO - Baking_EEG._1_preprocess - Raw data info lowpass: ,250.0
2025-03-03 10:08:35,537 - INFO - Baking_EEG._1_preprocess - Raw data info sfreq: ,500.0
2025-03-03 10:09:27,396 - INFO - Baking_EEG._1_preprocess - Raw data info ch_names: ,['E1', 'E2', 'E3', 'E4', 'E5', 'E6', 'E7', 'E8', 'E9', 'E10', 'E11', 'E12', 'E13', 'E14', 'E15', 'E16', 'E17', 'E18', 'E19', 'E20', 'E21', 'E22', 'E23', 'E24', 'E25', 'E26', 'E27', 'E28', 'E29', 'E30', 'E31', 'E32', 'E33', 'E34', 'E35', 'E36', 'E37', 'E38', 'E39', 'E40', 'E41', 'E42', 'E43', 'E44', 'E45', 'E46', 'E47', 'E48', 'E49', 'E50', 'E51', 'E52', 'E53', 'E54', 'E55', 'E56', 'E57', 'E58', 'E59', 'E60', 'E61', 'E62', 'E63', 'E64', 'E65', 'E66', 'E67', 'E68', 'E69', 'E70', 'E71', 'E72', 'E73', 'E74', 'E75', 'E76', 'E77', 'E78', 'E79', 'E80', 'E81', 'E82', 'E83', 'E84', 'E85', 'E86', 'E87', 'E88', 'E89', 'E90', 'E91', 'E92', 'E93', 'E94', 'E95', 'E96', 'E97', 'E98', 'E99', 'E100', 'E101', 'E102', 'E103', 'E104', 'E105', 'E106', 'E107', 'E108', 'E109', 'E110', 'E111', 'E112', 'E113', 'E114', 'E115', 'E116', 'E117', 'E118', 'E119', 'E120', 'E121', 'E122', 'E123', 'E124', 'E125', 'E126', 'E127', 'E128', 'VREF']
2025-03-03 10:09:27,396 - INFO - Baking_EEG._1_preprocess - Raw data info channels: ,129
2025-03-03 10:09:27,396 - INFO - Baking_EEG._1_preprocess - Raw data info highpass: ,0.0
2025-03-03 10:09:27,397 - INFO - Baking_EEG._1_preprocess - Raw data info lowpass: ,250.0
2025-03-03 10:09:27,397 - INFO - Baking_EEG._1_preprocess - Raw data info sfreq: ,500.0
2025-03-03 10:09:58,003 - INFO - Baking_EEG._1_preprocess - Bad channels : ,['E108', 'E55', 'VREF']
2025-03-03 10:09:58,996 - INFO - Baking_EEG._1_preprocess - Saved preprocessed data C:\Users\adminlocal\Desktop\ConnectDoc\EEG_2025_CAP_FPerrin_Vera\Analysis_Baking_EEG_Vera\data_preproc/AD94_Resting_preproc.fif
2025-03-03 10:10:05,061 - INFO - Baking_EEG._2_cleaning - Nb blink found : ,371
2025-03-03 10:10:25,074 - INFO - Baking_EEG._2_cleaning - components excluded = []
2025-03-03 10:10:42,401 - INFO - Baking_EEG._1_preprocess - Raw data info ch_names: ,['E1', 'E2', 'E3', 'E4', 'E5', 'E6', 'E7', 'E8', 'E9', 'E10', 'E11', 'E12', 'E13', 'E14', 'E15', 'E16', 'E17', 'E18', 'E19', 'E20', 'E21', 'E22', 'E23', 'E24', 'E25', 'E26', 'E27', 'E28', 'E29', 'E30', 'E31', 'E32', 'E33', 'E34', 'E35', 'E36', 'E37', 'E38', 'E39', 'E40', 'E41', 'E42', 'E43', 'E44', 'E45', 'E46', 'E47', 'E48', 'E49', 'E50', 'E51', 'E52', 'E53', 'E54', 'E55', 'E56', 'E57', 'E58', 'E59', 'E60', 'E61', 'E62', 'E63', 'E64', 'E65', 'E66', 'E67', 'E68', 'E69', 'E70', 'E71', 'E72', 'E73', 'E74', 'E75', 'E76', 'E77', 'E78', 'E79', 'E80', 'E81', 'E82', 'E83', 'E84', 'E85', 'E86', 'E87', 'E88', 'E89', 'E90', 'E91', 'E92', 'E93', 'E94', 'E95', 'E96', 'E97', 'E98', 'E99', 'E100', 'E101', 'E102', 'E103', 'E104', 'E105', 'E106', 'E107', 'E108', 'E109', 'E110', 'E111', 'E112', 'E113', 'E114', 'E115', 'E116', 'E117', 'E118', 'E119', 'E120', 'E121', 'E122', 'E123', 'E124', 'E125', 'E126', 'E127', 'E128', 'VREF']
2025-03-03 10:10:42,401 - INFO - Baking_EEG._1_preprocess - Raw data info channels: ,129
2025-03-03 10:10:42,401 - INFO - Baking_EEG._1_preprocess - Raw data info highpass: ,0.0
2025-03-03 10:10:42,402 - INFO - Baking_EEG._1_preprocess - Raw data info lowpass: ,250.0
2025-03-03 10:10:42,402 - INFO - Baking_EEG._1_preprocess - Raw data info sfreq: ,500.0
2025-03-03 10:14:11,809 - INFO - Baking_EEG._2_cleaning - Nb blink found : ,480
2025-03-03 10:14:42,828 - INFO - Baking_EEG._2_cleaning - components excluded = []
2025-03-03 10:15:29,319 - INFO - Baking_EEG._1_preprocess - Raw data info ch_names: ,['E1', 'E2', 'E3', 'E4', 'E5', 'E6', 'E7', 'E8', 'E9', 'E10', 'E11', 'E12', 'E13', 'E14', 'E15', 'E16', 'E17', 'E18', 'E19', 'E20', 'E21', 'E22', 'E23', 'E24', 'E25', 'E26', 'E27', 'E28', 'E29', 'E30', 'E31', 'E32', 'E33', 'E34', 'E35', 'E36', 'E37', 'E38', 'E39', 'E40', 'E41', 'E42', 'E43', 'E44', 'E45', 'E46', 'E47', 'E48', 'E49', 'E50', 'E51', 'E52', 'E53', 'E54', 'E55', 'E56', 'E57', 'E58', 'E59', 'E60', 'E61', 'E62', 'E63', 'E64', 'E65', 'E66', 'E67', 'E68', 'E69', 'E70', 'E71', 'E72', 'E73', 'E74', 'E75', 'E76', 'E77', 'E78', 'E79', 'E80', 'E81', 'E82', 'E83', 'E84', 'E85', 'E86', 'E87', 'E88', 'E89', 'E90', 'E91', 'E92', 'E93', 'E94', 'E95', 'E96', 'E97', 'E98', 'E99', 'E100', 'E101', 'E102', 'E103', 'E104', 'E105', 'E106', 'E107', 'E108', 'E109', 'E110', 'E111', 'E112', 'E113', 'E114', 'E115', 'E116', 'E117', 'E118', 'E119', 'E120', 'E121', 'E122', 'E123', 'E124', 'E125', 'E126', 'E127', 'E128', 'VREF', 'DIN1', 'DIN2', 'STI 014']
2025-03-03 10:15:29,327 - INFO - Baking_EEG._1_preprocess - Raw data info channels: ,132
2025-03-03 10:15:29,327 - INFO - Baking_EEG._1_preprocess - Raw data info highpass: ,0.0
2025-03-03 10:15:29,327 - INFO - Baking_EEG._1_preprocess - Raw data info lowpass: ,250.0
2025-03-03 10:15:29,327 - INFO - Baking_EEG._1_preprocess - Raw data info sfreq: ,500.0
2025-03-03 10:18:59,573 - INFO - Baking_EEG._1_preprocess - Raw data info ch_names: ,['E1', 'E2', 'E3', 'E4', 'E5', 'E6', 'E7', 'E8', 'E9', 'E10', 'E11', 'E12', 'E13', 'E14', 'E15', 'E16', 'E17', 'E18', 'E19', 'E20', 'E21', 'E22', 'E23', 'E24', 'E25', 'E26', 'E27', 'E28', 'E29', 'E30', 'E31', 'E32', 'E33', 'E34', 'E35', 'E36', 'E37', 'E38', 'E39', 'E40', 'E41', 'E42', 'E43', 'E44', 'E45', 'E46', 'E47', 'E48', 'E49', 'E50', 'E51', 'E52', 'E53', 'E54', 'E55', 'E56', 'E57', 'E58', 'E59', 'E60', 'E61', 'E62', 'E63', 'E64', 'E65', 'E66', 'E67', 'E68', 'E69', 'E70', 'E71', 'E72', 'E73', 'E74', 'E75', 'E76', 'E77', 'E78', 'E79', 'E80', 'E81', 'E82', 'E83', 'E84', 'E85', 'E86', 'E87', 'E88', 'E89', 'E90', 'E91', 'E92', 'E93', 'E94', 'E95', 'E96', 'E97', 'E98', 'E99', 'E100', 'E101', 'E102', 'E103', 'E104', 'E105', 'E106', 'E107', 'E108', 'E109', 'E110', 'E111', 'E112', 'E113', 'E114', 'E115', 'E116', 'E117', 'E118', 'E119', 'E120', 'E121', 'E122', 'E123', 'E124', 'E125', 'E126', 'E127', 'E128', 'VREF', 'DIN1', 'DIN2', 'STI 014']
2025-03-03 10:18:59,573 - INFO - Baking_EEG._1_preprocess - Raw data info channels: ,132
2025-03-03 10:18:59,573 - INFO - Baking_EEG._1_preprocess - Raw data info highpass: ,0.0
2025-03-03 10:18:59,573 - INFO - Baking_EEG._1_preprocess - Raw data info lowpass: ,250.0
2025-03-03 10:18:59,573 - INFO - Baking_EEG._1_preprocess - Raw data info sfreq: ,500.0
2025-03-03 10:21:12,413 - INFO - Baking_EEG._1_preprocess - Bad channels : ,['E49', 'VREF']
2025-03-03 10:21:15,057 - INFO - Baking_EEG._1_preprocess - Saved stimdict data C:\Users\adminlocal\Desktop\ConnectDoc\EEG_2025_CAP_FPerrin_Vera\Analysis_Baking_EEG_Vera\data_stimdict/PM95_LG_event_id.npy
2025-03-03 10:21:15,057 - INFO - Baking_EEG._1_preprocess - Saved preprocessed data C:\Users\adminlocal\Desktop\ConnectDoc\EEG_2025_CAP_FPerrin_Vera\Analysis_Baking_EEG_Vera\data_preproc/PM95_LG_preproc.fif
2025-03-03 10:21:34,753 - INFO - Baking_EEG._2_cleaning - Nb blink found : ,3
2025-03-03 10:22:10,398 - INFO - Baking_EEG._1_preprocess - Raw data info ch_names: ,['E1', 'E2', 'E3', 'E4', 'E5', 'E6', 'E7', 'E8', 'E9', 'E10', 'E11', 'E12', 'E13', 'E14', 'E15', 'E16', 'E17', 'E18', 'E19', 'E20', 'E21', 'E22', 'E23', 'E24', 'E25', 'E26', 'E27', 'E28', 'E29', 'E30', 'E31', 'E32', 'E33', 'E34', 'E35', 'E36', 'E37', 'E38', 'E39', 'E40', 'E41', 'E42', 'E43', 'E44', 'E45', 'E46', 'E47', 'E48', 'E49', 'E50', 'E51', 'E52', 'E53', 'E54', 'E55', 'E56', 'E57', 'E58', 'E59', 'E60', 'E61', 'E62', 'E63', 'E64', 'E65', 'E66', 'E67', 'E68', 'E69', 'E70', 'E71', 'E72', 'E73', 'E74', 'E75', 'E76', 'E77', 'E78', 'E79', 'E80', 'E81', 'E82', 'E83', 'E84', 'E85', 'E86', 'E87', 'E88', 'E89', 'E90', 'E91', 'E92', 'E93', 'E94', 'E95', 'E96', 'E97', 'E98', 'E99', 'E100', 'E101', 'E102', 'E103', 'E104', 'E105', 'E106', 'E107', 'E108', 'E109', 'E110', 'E111', 'E112', 'E113', 'E114', 'E115', 'E116', 'E117', 'E118', 'E119', 'E120', 'E121', 'E122', 'E123', 'E124', 'E125', 'E126', 'E127', 'E128', 'VREF', 'DI11', 'D163', 'D166', 'D161', 'D160', 'D164', 'D165', 'D162', 'DI15', 'D144', 'D142', 'D143', 'D146', 'D145', 'D141', 'D140', 'DI13', 'D151', 'D156', 'D154', 'D150', 'D153', 'D152', 'D155', 'DI25', 'D182', 'D184', 'D181', 'D185', 'D183', 'D186', 'D180', 'DI26', 'D194', 'D196', 'D190', 'D191', 'D195', 'D193', 'D192', 'DI21', 'D175', 'D176', 'D173', 'D172', 'D170', 'D171', 'D174', 'DI24', 'DI23', 'DI22', 'DI14', 'DI12', 'DI16', 'STI 014']
2025-03-03 10:22:10,398 - INFO - Baking_EEG._1_preprocess - Raw data info channels: ,184
2025-03-03 10:22:10,398 - INFO - Baking_EEG._1_preprocess - Raw data info highpass: ,0.0
2025-03-03 10:22:10,398 - INFO - Baking_EEG._1_preprocess - Raw data info lowpass: ,250.0
2025-03-03 10:22:10,398 - INFO - Baking_EEG._1_preprocess - Raw data info sfreq: ,500.0
2025-03-03 10:24:35,385 - INFO - Baking_EEG._1_preprocess - Bad channels : ,['E8', 'E98', 'VREF']
2025-03-03 10:24:37,516 - INFO - Baking_EEG._1_preprocess - Saved stimdict data C:\Users\adminlocal\Desktop\ConnectDoc\EEG_2025_CAP_FPerrin_Vera\Analysis_Baking_EEG_Vera\data_stimdict/PM95_PP_event_id.npy
2025-03-03 10:24:37,516 - INFO - Baking_EEG._1_preprocess - Saved preprocessed data C:\Users\adminlocal\Desktop\ConnectDoc\EEG_2025_CAP_FPerrin_Vera\Analysis_Baking_EEG_Vera\data_preproc/PM95_PP_preproc.fif
2025-03-03 10:24:56,095 - INFO - Baking_EEG._2_cleaning - Nb blink found : ,68
2025-03-03 10:25:26,726 - INFO - Baking_EEG._1_preprocess - Raw data info ch_names: ,['E1', 'E2', 'E3', 'E4', 'E5', 'E6', 'E7', 'E8', 'E9', 'E10', 'E11', 'E12', 'E13', 'E14', 'E15', 'E16', 'E17', 'E18', 'E19', 'E20', 'E21', 'E22', 'E23', 'E24', 'E25', 'E26', 'E27', 'E28', 'E29', 'E30', 'E31', 'E32', 'E33', 'E34', 'E35', 'E36', 'E37', 'E38', 'E39', 'E40', 'E41', 'E42', 'E43', 'E44', 'E45', 'E46', 'E47', 'E48', 'E49', 'E50', 'E51', 'E52', 'E53', 'E54', 'E55', 'E56', 'E57', 'E58', 'E59', 'E60', 'E61', 'E62', 'E63', 'E64', 'E65', 'E66', 'E67', 'E68', 'E69', 'E70', 'E71', 'E72', 'E73', 'E74', 'E75', 'E76', 'E77', 'E78', 'E79', 'E80', 'E81', 'E82', 'E83', 'E84', 'E85', 'E86', 'E87', 'E88', 'E89', 'E90', 'E91', 'E92', 'E93', 'E94', 'E95', 'E96', 'E97', 'E98', 'E99', 'E100', 'E101', 'E102', 'E103', 'E104', 'E105', 'E106', 'E107', 'E108', 'E109', 'E110', 'E111', 'E112', 'E113', 'E114', 'E115', 'E116', 'E117', 'E118', 'E119', 'E120', 'E121', 'E122', 'E123', 'E124', 'E125', 'E126', 'E127', 'E128', 'VREF', 'DI11', 'D163', 'D166', 'D161', 'D160', 'D164', 'D165', 'D162', 'DI15', 'D144', 'D142', 'D143', 'D146', 'D145', 'D141', 'D140', 'DI13', 'D151', 'D156', 'D154', 'D150', 'D153', 'D152', 'D155', 'DI25', 'D182', 'D184', 'D181', 'D185', 'D183', 'D186', 'D180', 'DI26', 'D194', 'D196', 'D190', 'D191', 'D195', 'D193', 'D192', 'DI21', 'D175', 'D176', 'D173', 'D172', 'D170', 'D171', 'D174', 'DI24', 'DI23', 'DI22', 'DI14', 'DI12', 'DI16', 'STI 014']
2025-03-03 10:25:26,727 - INFO - Baking_EEG._1_preprocess - Raw data info channels: ,184
2025-03-03 10:25:26,727 - INFO - Baking_EEG._1_preprocess - Raw data info highpass: ,0.0
2025-03-03 10:25:26,727 - INFO - Baking_EEG._1_preprocess - Raw data info lowpass: ,250.0
2025-03-03 10:25:26,727 - INFO - Baking_EEG._1_preprocess - Raw data info sfreq: ,500.0
2025-03-03 10:26:53,216 - INFO - Baking_EEG._1_preprocess - Raw data info ch_names: ,['E1', 'E2', 'E3', 'E4', 'E5', 'E6', 'E7', 'E8', 'E9', 'E10', 'E11', 'E12', 'E13', 'E14', 'E15', 'E16', 'E17', 'E18', 'E19', 'E20', 'E21', 'E22', 'E23', 'E24', 'E25', 'E26', 'E27', 'E28', 'E29', 'E30', 'E31', 'E32', 'E33', 'E34', 'E35', 'E36', 'E37', 'E38', 'E39', 'E40', 'E41', 'E42', 'E43', 'E44', 'E45', 'E46', 'E47', 'E48', 'E49', 'E50', 'E51', 'E52', 'E53', 'E54', 'E55', 'E56', 'E57', 'E58', 'E59', 'E60', 'E61', 'E62', 'E63', 'E64', 'E65', 'E66', 'E67', 'E68', 'E69', 'E70', 'E71', 'E72', 'E73', 'E74', 'E75', 'E76', 'E77', 'E78', 'E79', 'E80', 'E81', 'E82', 'E83', 'E84', 'E85', 'E86', 'E87', 'E88', 'E89', 'E90', 'E91', 'E92', 'E93', 'E94', 'E95', 'E96', 'E97', 'E98', 'E99', 'E100', 'E101', 'E102', 'E103', 'E104', 'E105', 'E106', 'E107', 'E108', 'E109', 'E110', 'E111', 'E112', 'E113', 'E114', 'E115', 'E116', 'E117', 'E118', 'E119', 'E120', 'E121', 'E122', 'E123', 'E124', 'E125', 'E126', 'E127', 'E128', 'VREF', 'DI11', 'D163', 'D166', 'D161', 'D160', 'D164', 'D165', 'D162', 'DI15', 'D144', 'D142', 'D143', 'D146', 'D145', 'D141', 'D140', 'DI13', 'D151', 'D156', 'D154', 'D150', 'D153', 'D152', 'D155', 'DI25', 'D182', 'D184', 'D181', 'D185', 'D183', 'D186', 'D180', 'DI26', 'D194', 'D196', 'D190', 'D191', 'D195', 'D193', 'D192', 'DI21', 'D175', 'D176', 'D173', 'D172', 'D170', 'D171', 'D174', 'DI24', 'DI23', 'DI22', 'DI14', 'DI12', 'DI16', 'STI 014']
2025-03-03 10:26:53,216 - INFO - Baking_EEG._1_preprocess - Raw data info channels: ,184
2025-03-03 10:26:53,216 - INFO - Baking_EEG._1_preprocess - Raw data info highpass: ,0.0
2025-03-03 10:26:53,216 - INFO - Baking_EEG._1_preprocess - Raw data info lowpass: ,250.0
2025-03-03 10:26:53,216 - INFO - Baking_EEG._1_preprocess - Raw data info sfreq: ,500.0
2025-03-03 10:27:47,806 - INFO - Baking_EEG._1_preprocess - Bad channels : ,['E8', 'E98', 'VREF']
2025-03-03 10:27:49,893 - INFO - Baking_EEG._1_preprocess - Saved stimdict data C:\Users\adminlocal\Desktop\ConnectDoc\EEG_2025_CAP_FPerrin_Vera\Analysis_Baking_EEG_Vera\data_stimdict/PM95_PP_event_id.npy
2025-03-03 10:27:49,893 - INFO - Baking_EEG._1_preprocess - Saved preprocessed data C:\Users\adminlocal\Desktop\ConnectDoc\EEG_2025_CAP_FPerrin_Vera\Analysis_Baking_EEG_Vera\data_preproc/PM95_PP_preproc.fif
2025-03-03 10:27:59,123 - INFO - Baking_EEG._2_cleaning - Nb blink found : ,68
2025-03-03 10:28:23,185 - INFO - Baking_EEG._1_preprocess - Raw data info ch_names: ,['E1', 'E2', 'E3', 'E4', 'E5', 'E6', 'E7', 'E8', 'E9', 'E10', 'E11', 'E12', 'E13', 'E14', 'E15', 'E16', 'E17', 'E18', 'E19', 'E20', 'E21', 'E22', 'E23', 'E24', 'E25', 'E26', 'E27', 'E28', 'E29', 'E30', 'E31', 'E32', 'E33', 'E34', 'E35', 'E36', 'E37', 'E38', 'E39', 'E40', 'E41', 'E42', 'E43', 'E44', 'E45', 'E46', 'E47', 'E48', 'E49', 'E50', 'E51', 'E52', 'E53', 'E54', 'E55', 'E56', 'E57', 'E58', 'E59', 'E60', 'E61', 'E62', 'E63', 'E64', 'E65', 'E66', 'E67', 'E68', 'E69', 'E70', 'E71', 'E72', 'E73', 'E74', 'E75', 'E76', 'E77', 'E78', 'E79', 'E80', 'E81', 'E82', 'E83', 'E84', 'E85', 'E86', 'E87', 'E88', 'E89', 'E90', 'E91', 'E92', 'E93', 'E94', 'E95', 'E96', 'E97', 'E98', 'E99', 'E100', 'E101', 'E102', 'E103', 'E104', 'E105', 'E106', 'E107', 'E108', 'E109', 'E110', 'E111', 'E112', 'E113', 'E114', 'E115', 'E116', 'E117', 'E118', 'E119', 'E120', 'E121', 'E122', 'E123', 'E124', 'E125', 'E126', 'E127', 'E128', 'VREF', 'DIN2', 'DIN1', 'STI 014']
2025-03-03 10:28:23,185 - INFO - Baking_EEG._1_preprocess - Raw data info channels: ,132
2025-03-03 10:28:23,185 - INFO - Baking_EEG._1_preprocess - Raw data info highpass: ,0.0
2025-03-03 10:28:23,185 - INFO - Baking_EEG._1_preprocess - Raw data info lowpass: ,250.0
2025-03-03 10:28:23,185 - INFO - Baking_EEG._1_preprocess - Raw data info sfreq: ,500.0
2025-03-03 10:30:54,958 - INFO - Baking_EEG._1_preprocess - Bad channels : ,['E1', 'E8', 'E25', 'E49', 'VREF']
2025-03-03 10:30:57,930 - INFO - Baking_EEG._1_preprocess - Saved stimdict data C:\Users\adminlocal\Desktop\ConnectDoc\EEG_2025_CAP_FPerrin_Vera\Analysis_Baking_EEG_Vera\data_stimdict/MG96_LG_event_id.npy
2025-03-03 10:30:57,930 - INFO - Baking_EEG._1_preprocess - Saved preprocessed data C:\Users\adminlocal\Desktop\ConnectDoc\EEG_2025_CAP_FPerrin_Vera\Analysis_Baking_EEG_Vera\data_preproc/MG96_LG_preproc.fif
2025-03-03 10:31:06,693 - INFO - Baking_EEG._2_cleaning - Nb blink found : ,277
2025-03-03 10:32:29,692 - INFO - Baking_EEG._2_cleaning - components excluded = []
2025-03-03 10:32:51,708 - INFO - Baking_EEG._1_preprocess - Raw data info ch_names: ,['E1', 'E2', 'E3', 'E4', 'E5', 'E6', 'E7', 'E8', 'E9', 'E10', 'E11', 'E12', 'E13', 'E14', 'E15', 'E16', 'E17', 'E18', 'E19', 'E20', 'E21', 'E22', 'E23', 'E24', 'E25', 'E26', 'E27', 'E28', 'E29', 'E30', 'E31', 'E32', 'E33', 'E34', 'E35', 'E36', 'E37', 'E38', 'E39', 'E40', 'E41', 'E42', 'E43', 'E44', 'E45', 'E46', 'E47', 'E48', 'E49', 'E50', 'E51', 'E52', 'E53', 'E54', 'E55', 'E56', 'E57', 'E58', 'E59', 'E60', 'E61', 'E62', 'E63', 'E64', 'E65', 'E66', 'E67', 'E68', 'E69', 'E70', 'E71', 'E72', 'E73', 'E74', 'E75', 'E76', 'E77', 'E78', 'E79', 'E80', 'E81', 'E82', 'E83', 'E84', 'E85', 'E86', 'E87', 'E88', 'E89', 'E90', 'E91', 'E92', 'E93', 'E94', 'E95', 'E96', 'E97', 'E98', 'E99', 'E100', 'E101', 'E102', 'E103', 'E104', 'E105', 'E106', 'E107', 'E108', 'E109', 'E110', 'E111', 'E112', 'E113', 'E114', 'E115', 'E116', 'E117', 'E118', 'E119', 'E120', 'E121', 'E122', 'E123', 'E124', 'E125', 'E126', 'E127', 'E128', 'VREF', 'DI16', 'D154', 'D151', 'D153', 'D156', 'D155', 'D152', 'D150', 'DI12', 'D142', 'D146', 'D143', 'D145', 'D140', 'D141', 'D144', 'DI11', 'D161', 'D166', 'D162', 'D163', 'D160', 'D164', 'D165', 'DI26', 'D195', 'D196', 'D191', 'D194', 'D190', 'D192', 'D193', 'DI24', 'D175', 'D171', 'D174', 'D173', 'D176', 'D172', 'D170', 'DI22', 'D183', 'D180', 'D182', 'D184', 'D185', 'D186', 'D181', 'DI15', 'DI14', 'DI13', 'DI21', 'DI23', 'DI25', 'STI 014']
2025-03-03 10:32:51,708 - INFO - Baking_EEG._1_preprocess - Raw data info channels: ,184
2025-03-03 10:32:51,708 - INFO - Baking_EEG._1_preprocess - Raw data info highpass: ,0.0
2025-03-03 10:32:51,708 - INFO - Baking_EEG._1_preprocess - Raw data info lowpass: ,250.0
2025-03-03 10:32:51,708 - INFO - Baking_EEG._1_preprocess - Raw data info sfreq: ,500.0
2025-03-03 10:35:41,681 - INFO - Baking_EEG._1_preprocess - Bad channels : ,['E25', 'E58', 'E49', 'VREF']
2025-03-03 10:35:43,754 - INFO - Baking_EEG._1_preprocess - Saved stimdict data C:\Users\adminlocal\Desktop\ConnectDoc\EEG_2025_CAP_FPerrin_Vera\Analysis_Baking_EEG_Vera\data_stimdict/MG96_PP_event_id.npy
2025-03-03 10:35:43,754 - INFO - Baking_EEG._1_preprocess - Saved preprocessed data C:\Users\adminlocal\Desktop\ConnectDoc\EEG_2025_CAP_FPerrin_Vera\Analysis_Baking_EEG_Vera\data_preproc/MG96_PP_preproc.fif
2025-03-03 10:35:51,322 - INFO - Baking_EEG._2_cleaning - Nb blink found : ,308
2025-03-03 10:36:36,632 - INFO - Baking_EEG._2_cleaning - components excluded = [9, 7]
2025-03-03 10:37:07,101 - INFO - Baking_EEG._1_preprocess - Raw data info ch_names: ,['E1', 'E2', 'E3', 'E4', 'E5', 'E6', 'E7', 'E8', 'E9', 'E10', 'E11', 'E12', 'E13', 'E14', 'E15', 'E16', 'E17', 'E18', 'E19', 'E20', 'E21', 'E22', 'E23', 'E24', 'E25', 'E26', 'E27', 'E28', 'E29', 'E30', 'E31', 'E32', 'E33', 'E34', 'E35', 'E36', 'E37', 'E38', 'E39', 'E40', 'E41', 'E42', 'E43', 'E44', 'E45', 'E46', 'E47', 'E48', 'E49', 'E50', 'E51', 'E52', 'E53', 'E54', 'E55', 'E56', 'E57', 'E58', 'E59', 'E60', 'E61', 'E62', 'E63', 'E64', 'E65', 'E66', 'E67', 'E68', 'E69', 'E70', 'E71', 'E72', 'E73', 'E74', 'E75', 'E76', 'E77', 'E78', 'E79', 'E80', 'E81', 'E82', 'E83', 'E84', 'E85', 'E86', 'E87', 'E88', 'E89', 'E90', 'E91', 'E92', 'E93', 'E94', 'E95', 'E96', 'E97', 'E98', 'E99', 'E100', 'E101', 'E102', 'E103', 'E104', 'E105', 'E106', 'E107', 'E108', 'E109', 'E110', 'E111', 'E112', 'E113', 'E114', 'E115', 'E116', 'E117', 'E118', 'E119', 'E120', 'E121', 'E122', 'E123', 'E124', 'E125', 'E126', 'E127', 'E128', 'VREF']
2025-03-03 10:37:07,101 - INFO - Baking_EEG._1_preprocess - Raw data info channels: ,129
2025-03-03 10:37:07,101 - INFO - Baking_EEG._1_preprocess - Raw data info highpass: ,0.0
2025-03-03 10:37:07,101 - INFO - Baking_EEG._1_preprocess - Raw data info lowpass: ,250.0
2025-03-03 10:37:07,101 - INFO - Baking_EEG._1_preprocess - Raw data info sfreq: ,500.0
2025-03-03 10:40:16,606 - INFO - Baking_EEG._1_preprocess - Bad channels : ,['E49', 'E70', 'E58', 'E106', 'VREF']
2025-03-03 10:40:17,566 - INFO - Baking_EEG._1_preprocess - Saved preprocessed data C:\Users\adminlocal\Desktop\ConnectDoc\EEG_2025_CAP_FPerrin_Vera\Analysis_Baking_EEG_Vera\data_preproc/MG96_Resting_preproc.fif
2025-03-03 10:40:35,816 - INFO - Baking_EEG._1_preprocess - Raw data info ch_names: ,['E1', 'E2', 'E3', 'E4', 'E5', 'E6', 'E7', 'E8', 'E9', 'E10', 'E11', 'E12', 'E13', 'E14', 'E15', 'E16', 'E17', 'E18', 'E19', 'E20', 'E21', 'E22', 'E23', 'E24', 'E25', 'E26', 'E27', 'E28', 'E29', 'E30', 'E31', 'E32', 'E33', 'E34', 'E35', 'E36', 'E37', 'E38', 'E39', 'E40', 'E41', 'E42', 'E43', 'E44', 'E45', 'E46', 'E47', 'E48', 'E49', 'E50', 'E51', 'E52', 'E53', 'E54', 'E55', 'E56', 'E57', 'E58', 'E59', 'E60', 'E61', 'E62', 'E63', 'E64', 'E65', 'E66', 'E67', 'E68', 'E69', 'E70', 'E71', 'E72', 'E73', 'E74', 'E75', 'E76', 'E77', 'E78', 'E79', 'E80', 'E81', 'E82', 'E83', 'E84', 'E85', 'E86', 'E87', 'E88', 'E89', 'E90', 'E91', 'E92', 'E93', 'E94', 'E95', 'E96', 'E97', 'E98', 'E99', 'E100', 'E101', 'E102', 'E103', 'E104', 'E105', 'E106', 'E107', 'E108', 'E109', 'E110', 'E111', 'E112', 'E113', 'E114', 'E115', 'E116', 'E117', 'E118', 'E119', 'E120', 'E121', 'E122', 'E123', 'E124', 'E125', 'E126', 'E127', 'E128', 'VREF']
2025-03-03 10:40:35,816 - INFO - Baking_EEG._1_preprocess - Raw data info channels: ,129
2025-03-03 10:40:35,816 - INFO - Baking_EEG._1_preprocess - Raw data info highpass: ,0.0
2025-03-03 10:40:35,816 - INFO - Baking_EEG._1_preprocess - Raw data info lowpass: ,250.0
2025-03-03 10:40:35,816 - INFO - Baking_EEG._1_preprocess - Raw data info sfreq: ,500.0
2025-03-03 10:40:53,242 - INFO - Baking_EEG._1_preprocess - Bad channels : ,['E49', 'E70', 'E58', 'E106', 'VREF']
2025-03-03 10:40:54,144 - INFO - Baking_EEG._1_preprocess - Saved preprocessed data C:\Users\adminlocal\Desktop\ConnectDoc\EEG_2025_CAP_FPerrin_Vera\Analysis_Baking_EEG_Vera\data_preproc/MG96_Resting_preproc.fif
2025-03-03 10:42:30,239 - INFO - Baking_EEG._2_cleaning - Nb blink found : ,225
2025-03-03 10:43:17,976 - INFO - Baking_EEG._2_cleaning - components excluded = [7, 2]
2025-03-03 10:44:24,181 - INFO - Baking_EEG._2_cleaning - Nb blink found : ,887
2025-03-03 10:45:27,508 - INFO - Baking_EEG._2_cleaning - Nb blink found : ,859
2025-03-03 10:46:45,195 - INFO - Baking_EEG._2_cleaning - components excluded = [13]
2025-03-03 10:48:52,407 - INFO - Baking_EEG._2_cleaning - Nb blink found : ,704
2025-03-03 10:49:34,974 - INFO - Baking_EEG._2_cleaning - components excluded = [10, 6]
2025-03-03 13:52:30,912 - INFO - Baking_EEG._1_preprocess - Raw data info ch_names: ,['E1', 'E2', 'E3', 'E4', 'E5', 'E6', 'E7', 'E8', 'E9', 'E10', 'E11', 'E12', 'E13', 'E14', 'E15', 'E16', 'E17', 'E18', 'E19', 'E20', 'E21', 'E22', 'E23', 'E24', 'E25', 'E26', 'E27', 'E28', 'E29', 'E30', 'E31', 'E32', 'E33', 'E34', 'E35', 'E36', 'E37', 'E38', 'E39', 'E40', 'E41', 'E42', 'E43', 'E44', 'E45', 'E46', 'E47', 'E48', 'E49', 'E50', 'E51', 'E52', 'E53', 'E54', 'E55', 'E56', 'E57', 'E58', 'E59', 'E60', 'E61', 'E62', 'E63', 'E64', 'E65', 'E66', 'E67', 'E68', 'E69', 'E70', 'E71', 'E72', 'E73', 'E74', 'E75', 'E76', 'E77', 'E78', 'E79', 'E80', 'E81', 'E82', 'E83', 'E84', 'E85', 'E86', 'E87', 'E88', 'E89', 'E90', 'E91', 'E92', 'E93', 'E94', 'E95', 'E96', 'E97', 'E98', 'E99', 'E100', 'E101', 'E102', 'E103', 'E104', 'E105', 'E106', 'E107', 'E108', 'E109', 'E110', 'E111', 'E112', 'E113', 'E114', 'E115', 'E116', 'E117', 'E118', 'E119', 'E120', 'E121', 'E122', 'E123', 'E124', 'E125', 'E126', 'E127', 'E128', 'VREF', 'DIN1', 'DIN2', 'STI 014']
2025-03-03 13:52:30,913 - INFO - Baking_EEG._1_preprocess - Raw data info channels: ,132
2025-03-03 13:52:30,914 - INFO - Baking_EEG._1_preprocess - Raw data info highpass: ,0.0
2025-03-03 13:52:30,915 - INFO - Baking_EEG._1_preprocess - Raw data info lowpass: ,250.0
2025-03-03 13:52:30,916 - INFO - Baking_EEG._1_preprocess - Raw data info sfreq: ,500.0
2025-03-03 13:55:14,720 - INFO - Baking_EEG._1_preprocess - Bad channels : ,['VREF']
2025-03-03 13:55:17,228 - INFO - Baking_EEG._1_preprocess - Saved stimdict data C:\Users\adminlocal\Desktop\ConnectDoc\EEG_2025_CAP_FPerrin_Vera\Analysis_Baking_EEG_Vera\data_stimdict/AG98_LG_event_id.npy
2025-03-03 13:55:17,228 - INFO - Baking_EEG._1_preprocess - Saved preprocessed data C:\Users\adminlocal\Desktop\ConnectDoc\EEG_2025_CAP_FPerrin_Vera\Analysis_Baking_EEG_Vera\data_preproc/AG98_LG_preproc.fif
2025-03-03 13:55:30,704 - INFO - Baking_EEG._2_cleaning - Nb blink found : ,3
2025-03-03 13:56:12,861 - INFO - Baking_EEG._1_preprocess - Raw data info ch_names: ,['E1', 'E2', 'E3', 'E4', 'E5', 'E6', 'E7', 'E8', 'E9', 'E10', 'E11', 'E12', 'E13', 'E14', 'E15', 'E16', 'E17', 'E18', 'E19', 'E20', 'E21', 'E22', 'E23', 'E24', 'E25', 'E26', 'E27', 'E28', 'E29', 'E30', 'E31', 'E32', 'E33', 'E34', 'E35', 'E36', 'E37', 'E38', 'E39', 'E40', 'E41', 'E42', 'E43', 'E44', 'E45', 'E46', 'E47', 'E48', 'E49', 'E50', 'E51', 'E52', 'E53', 'E54', 'E55', 'E56', 'E57', 'E58', 'E59', 'E60', 'E61', 'E62', 'E63', 'E64', 'E65', 'E66', 'E67', 'E68', 'E69', 'E70', 'E71', 'E72', 'E73', 'E74', 'E75', 'E76', 'E77', 'E78', 'E79', 'E80', 'E81', 'E82', 'E83', 'E84', 'E85', 'E86', 'E87', 'E88', 'E89', 'E90', 'E91', 'E92', 'E93', 'E94', 'E95', 'E96', 'E97', 'E98', 'E99', 'E100', 'E101', 'E102', 'E103', 'E104', 'E105', 'E106', 'E107', 'E108', 'E109', 'E110', 'E111', 'E112', 'E113', 'E114', 'E115', 'E116', 'E117', 'E118', 'E119', 'E120', 'E121', 'E122', 'E123', 'E124', 'E125', 'E126', 'E127', 'E128', 'VREF', 'DI23', 'D196', 'D193', 'D190', 'D195', 'D194', 'D191', 'D192', 'DI21', 'D171', 'D173', 'D172', 'D175', 'D174', 'D170', 'D176', 'DI22', 'D181', 'D184', 'D186', 'D182', 'D185', 'D180', 'D183', 'DI24', 'DI25', 'DI26', 'DI14', 'D163', 'D161', 'D162', 'D166', 'D160', 'D165', 'D164', 'DI16', 'D150', 'D154', 'D156', 'D151', 'D153', 'D155', 'D152', 'DI11', 'DI12', 'D141', 'D142', 'D143', 'D140', 'D144', 'D146', 'D145', 'DI15', 'DI13', 'STI 014']
2025-03-03 13:56:12,861 - INFO - Baking_EEG._1_preprocess - Raw data info channels: ,184
2025-03-03 13:56:12,861 - INFO - Baking_EEG._1_preprocess - Raw data info highpass: ,0.0
2025-03-03 13:56:12,862 - INFO - Baking_EEG._1_preprocess - Raw data info lowpass: ,250.0
2025-03-03 13:56:12,862 - INFO - Baking_EEG._1_preprocess - Raw data info sfreq: ,500.0
2025-03-03 13:58:13,488 - INFO - Baking_EEG._1_preprocess - Raw data info ch_names: ,['E1', 'E2', 'E3', 'E4', 'E5', 'E6', 'E7', 'E8', 'E9', 'E10', 'E11', 'E12', 'E13', 'E14', 'E15', 'E16', 'E17', 'E18', 'E19', 'E20', 'E21', 'E22', 'E23', 'E24', 'E25', 'E26', 'E27', 'E28', 'E29', 'E30', 'E31', 'E32', 'E33', 'E34', 'E35', 'E36', 'E37', 'E38', 'E39', 'E40', 'E41', 'E42', 'E43', 'E44', 'E45', 'E46', 'E47', 'E48', 'E49', 'E50', 'E51', 'E52', 'E53', 'E54', 'E55', 'E56', 'E57', 'E58', 'E59', 'E60', 'E61', 'E62', 'E63', 'E64', 'E65', 'E66', 'E67', 'E68', 'E69', 'E70', 'E71', 'E72', 'E73', 'E74', 'E75', 'E76', 'E77', 'E78', 'E79', 'E80', 'E81', 'E82', 'E83', 'E84', 'E85', 'E86', 'E87', 'E88', 'E89', 'E90', 'E91', 'E92', 'E93', 'E94', 'E95', 'E96', 'E97', 'E98', 'E99', 'E100', 'E101', 'E102', 'E103', 'E104', 'E105', 'E106', 'E107', 'E108', 'E109', 'E110', 'E111', 'E112', 'E113', 'E114', 'E115', 'E116', 'E117', 'E118', 'E119', 'E120', 'E121', 'E122', 'E123', 'E124', 'E125', 'E126', 'E127', 'E128', 'VREF', 'DI23', 'D196', 'D193', 'D190', 'D195', 'D194', 'D191', 'D192', 'DI21', 'D171', 'D173', 'D172', 'D175', 'D174', 'D170', 'D176', 'DI22', 'D181', 'D184', 'D186', 'D182', 'D185', 'D180', 'D183', 'DI24', 'DI25', 'DI26', 'DI14', 'D163', 'D161', 'D162', 'D166', 'D160', 'D165', 'D164', 'DI16', 'D150', 'D154', 'D156', 'D151', 'D153', 'D155', 'D152', 'DI11', 'DI12', 'D141', 'D142', 'D143', 'D140', 'D144', 'D146', 'D145', 'DI15', 'DI13', 'STI 014']
2025-03-03 13:58:13,488 - INFO - Baking_EEG._1_preprocess - Raw data info channels: ,184
2025-03-03 13:58:13,488 - INFO - Baking_EEG._1_preprocess - Raw data info highpass: ,0.0
2025-03-03 13:58:13,488 - INFO - Baking_EEG._1_preprocess - Raw data info lowpass: ,250.0
2025-03-03 13:58:13,488 - INFO - Baking_EEG._1_preprocess - Raw data info sfreq: ,500.0
2025-03-03 13:59:25,144 - INFO - Baking_EEG._1_preprocess - Bad channels : ,['E7', 'E125', 'E126', 'VREF']
2025-03-03 13:59:27,289 - INFO - Baking_EEG._1_preprocess - Saved stimdict data C:\Users\adminlocal\Desktop\ConnectDoc\EEG_2025_CAP_FPerrin_Vera\Analysis_Baking_EEG_Vera\data_stimdict/AG98_PP_event_id.npy
2025-03-03 13:59:27,289 - INFO - Baking_EEG._1_preprocess - Saved preprocessed data C:\Users\adminlocal\Desktop\ConnectDoc\EEG_2025_CAP_FPerrin_Vera\Analysis_Baking_EEG_Vera\data_preproc/AG98_PP_preproc.fif
2025-03-03 13:59:46,518 - INFO - Baking_EEG._2_cleaning - Nb blink found : ,5
2025-03-03 14:01:58,902 - INFO - Baking_EEG._1_preprocess - Raw data info ch_names: ,['E1', 'E2', 'E3', 'E4', 'E5', 'E6', 'E7', 'E8', 'E9', 'E10', 'E11', 'E12', 'E13', 'E14', 'E15', 'E16', 'E17', 'E18', 'E19', 'E20', 'E21', 'E22', 'E23', 'E24', 'E25', 'E26', 'E27', 'E28', 'E29', 'E30', 'E31', 'E32', 'E33', 'E34', 'E35', 'E36', 'E37', 'E38', 'E39', 'E40', 'E41', 'E42', 'E43', 'E44', 'E45', 'E46', 'E47', 'E48', 'E49', 'E50', 'E51', 'E52', 'E53', 'E54', 'E55', 'E56', 'E57', 'E58', 'E59', 'E60', 'E61', 'E62', 'E63', 'E64', 'E65', 'E66', 'E67', 'E68', 'E69', 'E70', 'E71', 'E72', 'E73', 'E74', 'E75', 'E76', 'E77', 'E78', 'E79', 'E80', 'E81', 'E82', 'E83', 'E84', 'E85', 'E86', 'E87', 'E88', 'E89', 'E90', 'E91', 'E92', 'E93', 'E94', 'E95', 'E96', 'E97', 'E98', 'E99', 'E100', 'E101', 'E102', 'E103', 'E104', 'E105', 'E106', 'E107', 'E108', 'E109', 'E110', 'E111', 'E112', 'E113', 'E114', 'E115', 'E116', 'E117', 'E118', 'E119', 'E120', 'E121', 'E122', 'E123', 'E124', 'E125', 'E126', 'E127', 'E128', 'VREF']
2025-03-03 14:01:58,903 - INFO - Baking_EEG._1_preprocess - Raw data info channels: ,129
2025-03-03 14:01:58,903 - INFO - Baking_EEG._1_preprocess - Raw data info highpass: ,0.0
2025-03-03 14:01:58,903 - INFO - Baking_EEG._1_preprocess - Raw data info lowpass: ,250.0
2025-03-03 14:01:58,903 - INFO - Baking_EEG._1_preprocess - Raw data info sfreq: ,500.0
2025-03-03 14:03:40,776 - INFO - Baking_EEG._1_preprocess - Raw data info ch_names: ,['E1', 'E2', 'E3', 'E4', 'E5', 'E6', 'E7', 'E8', 'E9', 'E10', 'E11', 'E12', 'E13', 'E14', 'E15', 'E16', 'E17', 'E18', 'E19', 'E20', 'E21', 'E22', 'E23', 'E24', 'E25', 'E26', 'E27', 'E28', 'E29', 'E30', 'E31', 'E32', 'E33', 'E34', 'E35', 'E36', 'E37', 'E38', 'E39', 'E40', 'E41', 'E42', 'E43', 'E44', 'E45', 'E46', 'E47', 'E48', 'E49', 'E50', 'E51', 'E52', 'E53', 'E54', 'E55', 'E56', 'E57', 'E58', 'E59', 'E60', 'E61', 'E62', 'E63', 'E64', 'E65', 'E66', 'E67', 'E68', 'E69', 'E70', 'E71', 'E72', 'E73', 'E74', 'E75', 'E76', 'E77', 'E78', 'E79', 'E80', 'E81', 'E82', 'E83', 'E84', 'E85', 'E86', 'E87', 'E88', 'E89', 'E90', 'E91', 'E92', 'E93', 'E94', 'E95', 'E96', 'E97', 'E98', 'E99', 'E100', 'E101', 'E102', 'E103', 'E104', 'E105', 'E106', 'E107', 'E108', 'E109', 'E110', 'E111', 'E112', 'E113', 'E114', 'E115', 'E116', 'E117', 'E118', 'E119', 'E120', 'E121', 'E122', 'E123', 'E124', 'E125', 'E126', 'E127', 'E128', 'VREF']
2025-03-03 14:03:40,777 - INFO - Baking_EEG._1_preprocess - Raw data info channels: ,129
2025-03-03 14:03:40,777 - INFO - Baking_EEG._1_preprocess - Raw data info highpass: ,0.0
2025-03-03 14:03:40,777 - INFO - Baking_EEG._1_preprocess - Raw data info lowpass: ,250.0
2025-03-03 14:03:40,777 - INFO - Baking_EEG._1_preprocess - Raw data info sfreq: ,500.0
2025-03-03 14:04:54,889 - INFO - Baking_EEG._1_preprocess - Bad channels : ,['E55', 'E106', 'VREF']
2025-03-03 14:04:55,901 - INFO - Baking_EEG._1_preprocess - Saved preprocessed data C:\Users\adminlocal\Desktop\ConnectDoc\EEG_2025_CAP_FPerrin_Vera\Analysis_Baking_EEG_Vera\data_preproc/AG98_Resting_preproc.fif
2025-03-03 14:07:27,157 - INFO - Baking_EEG._2_cleaning - Nb blink found : ,44
2025-03-03 14:08:16,054 - INFO - Baking_EEG._2_cleaning - Nb blink found : ,4
2025-03-03 14:09:01,454 - INFO - Baking_EEG._1_preprocess - Raw data info ch_names: ,['E1', 'E2', 'E3', 'E4', 'E5', 'E6', 'E7', 'E8', 'E9', 'E10', 'E11', 'E12', 'E13', 'E14', 'E15', 'E16', 'E17', 'E18', 'E19', 'E20', 'E21', 'E22', 'E23', 'E24', 'E25', 'E26', 'E27', 'E28', 'E29', 'E30', 'E31', 'E32', 'E33', 'E34', 'E35', 'E36', 'E37', 'E38', 'E39', 'E40', 'E41', 'E42', 'E43', 'E44', 'E45', 'E46', 'E47', 'E48', 'E49', 'E50', 'E51', 'E52', 'E53', 'E54', 'E55', 'E56', 'E57', 'E58', 'E59', 'E60', 'E61', 'E62', 'E63', 'E64', 'E65', 'E66', 'E67', 'E68', 'E69', 'E70', 'E71', 'E72', 'E73', 'E74', 'E75', 'E76', 'E77', 'E78', 'E79', 'E80', 'E81', 'E82', 'E83', 'E84', 'E85', 'E86', 'E87', 'E88', 'E89', 'E90', 'E91', 'E92', 'E93', 'E94', 'E95', 'E96', 'E97', 'E98', 'E99', 'E100', 'E101', 'E102', 'E103', 'E104', 'E105', 'E106', 'E107', 'E108', 'E109', 'E110', 'E111', 'E112', 'E113', 'E114', 'E115', 'E116', 'E117', 'E118', 'E119', 'E120', 'E121', 'E122', 'E123', 'E124', 'E125', 'E126', 'E127', 'E128', 'VREF', 'DIN2', 'DIN1', 'STI 014']
2025-03-03 14:09:01,454 - INFO - Baking_EEG._1_preprocess - Raw data info channels: ,132
2025-03-03 14:09:01,454 - INFO - Baking_EEG._1_preprocess - Raw data info highpass: ,0.0
2025-03-03 14:09:01,454 - INFO - Baking_EEG._1_preprocess - Raw data info lowpass: ,250.0
2025-03-03 14:09:01,454 - INFO - Baking_EEG._1_preprocess - Raw data info sfreq: ,500.0
2025-03-03 14:10:01,313 - INFO - Baking_EEG._1_preprocess - Raw data info ch_names: ,['E1', 'E2', 'E3', 'E4', 'E5', 'E6', 'E7', 'E8', 'E9', 'E10', 'E11', 'E12', 'E13', 'E14', 'E15', 'E16', 'E17', 'E18', 'E19', 'E20', 'E21', 'E22', 'E23', 'E24', 'E25', 'E26', 'E27', 'E28', 'E29', 'E30', 'E31', 'E32', 'E33', 'E34', 'E35', 'E36', 'E37', 'E38', 'E39', 'E40', 'E41', 'E42', 'E43', 'E44', 'E45', 'E46', 'E47', 'E48', 'E49', 'E50', 'E51', 'E52', 'E53', 'E54', 'E55', 'E56', 'E57', 'E58', 'E59', 'E60', 'E61', 'E62', 'E63', 'E64', 'E65', 'E66', 'E67', 'E68', 'E69', 'E70', 'E71', 'E72', 'E73', 'E74', 'E75', 'E76', 'E77', 'E78', 'E79', 'E80', 'E81', 'E82', 'E83', 'E84', 'E85', 'E86', 'E87', 'E88', 'E89', 'E90', 'E91', 'E92', 'E93', 'E94', 'E95', 'E96', 'E97', 'E98', 'E99', 'E100', 'E101', 'E102', 'E103', 'E104', 'E105', 'E106', 'E107', 'E108', 'E109', 'E110', 'E111', 'E112', 'E113', 'E114', 'E115', 'E116', 'E117', 'E118', 'E119', 'E120', 'E121', 'E122', 'E123', 'E124', 'E125', 'E126', 'E127', 'E128', 'VREF', 'DI11', 'D160', 'D161', 'D165', 'D162', 'D166', 'D164', 'D163', 'DI12', 'D145', 'D141', 'D144', 'D140', 'D143', 'D142', 'D146', 'DI15', 'DI14', 'DI13', 'D155', 'D151', 'D156', 'D152', 'D154', 'D150', 'D153', 'DI16', 'DI23', 'D194', 'D190', 'D193', 'D191', 'D192', 'D196', 'D195', 'DI24', 'D170', 'D175', 'D172', 'D176', 'D171', 'D173', 'D174', 'DI25', 'D181', 'D184', 'D183', 'D186', 'D182', 'D185', 'D180', 'DI26', 'DI22', 'DI21', 'STI 014']
2025-03-03 14:10:01,313 - INFO - Baking_EEG._1_preprocess - Raw data info channels: ,184
2025-03-03 14:10:01,313 - INFO - Baking_EEG._1_preprocess - Raw data info highpass: ,0.0
2025-03-03 14:10:01,313 - INFO - Baking_EEG._1_preprocess - Raw data info lowpass: ,250.0
2025-03-03 14:10:01,313 - INFO - Baking_EEG._1_preprocess - Raw data info sfreq: ,500.0
2025-03-03 14:59:04,498 - INFO - Baking_EEG._1_preprocess - Raw data info ch_names: ,['E1', 'E2', 'E3', 'E4', 'E5', 'E6', 'E7', 'E8', 'E9', 'E10', 'E11', 'E12', 'E13', 'E14', 'E15', 'E16', 'E17', 'E18', 'E19', 'E20', 'E21', 'E22', 'E23', 'E24', 'E25', 'E26', 'E27', 'E28', 'E29', 'E30', 'E31', 'E32', 'E33', 'E34', 'E35', 'E36', 'E37', 'E38', 'E39', 'E40', 'E41', 'E42', 'E43', 'E44', 'E45', 'E46', 'E47', 'E48', 'E49', 'E50', 'E51', 'E52', 'E53', 'E54', 'E55', 'E56', 'E57', 'E58', 'E59', 'E60', 'E61', 'E62', 'E63', 'E64', 'E65', 'E66', 'E67', 'E68', 'E69', 'E70', 'E71', 'E72', 'E73', 'E74', 'E75', 'E76', 'E77', 'E78', 'E79', 'E80', 'E81', 'E82', 'E83', 'E84', 'E85', 'E86', 'E87', 'E88', 'E89', 'E90', 'E91', 'E92', 'E93', 'E94', 'E95', 'E96', 'E97', 'E98', 'E99', 'E100', 'E101', 'E102', 'E103', 'E104', 'E105', 'E106', 'E107', 'E108', 'E109', 'E110', 'E111', 'E112', 'E113', 'E114', 'E115', 'E116', 'E117', 'E118', 'E119', 'E120', 'E121', 'E122', 'E123', 'E124', 'E125', 'E126', 'E127', 'E128', 'VREF', 'DIN2', 'DIN1', 'STI 014']
2025-03-03 14:59:04,499 - INFO - Baking_EEG._1_preprocess - Raw data info channels: ,132
2025-03-03 14:59:04,499 - INFO - Baking_EEG._1_preprocess - Raw data info highpass: ,0.0
2025-03-03 14:59:04,499 - INFO - Baking_EEG._1_preprocess - Raw data info lowpass: ,250.0
2025-03-03 14:59:04,499 - INFO - Baking_EEG._1_preprocess - Raw data info sfreq: ,500.0
2025-03-03 15:27:32,142 - INFO - Baking_EEG._3_epoch - Number of events : ,180
2025-03-03 15:27:32,143 - INFO - Baking_EEG._3_epoch - Number of events : ,180
2025-03-03 15:27:32,143 - INFO - Baking_EEG._3_epoch - Number of epochs :,5
2025-03-03 15:30:49,703 - INFO - Baking_EEG._3_epoch - Number of events : ,180
2025-03-03 15:30:49,703 - INFO - Baking_EEG._3_epoch - Number of events : ,180
2025-03-03 15:30:49,703 - INFO - Baking_EEG._3_epoch - Number of epochs :,51
2025-03-03 15:31:02,236 - INFO - Baking_EEG._3_epoch - Number of events : ,180
2025-03-03 15:31:02,237 - INFO - Baking_EEG._3_epoch - Number of events : ,180
2025-03-03 15:31:02,237 - INFO - Baking_EEG._3_epoch - Number of epochs :,39
2025-03-03 15:31:55,261 - INFO - Baking_EEG._3_epoch - Number of events : ,180
2025-03-03 15:31:55,261 - INFO - Baking_EEG._3_epoch - Number of events : ,180
2025-03-03 15:31:55,261 - INFO - Baking_EEG._3_epoch - Number of epochs :,36
2025-03-03 15:32:46,673 - INFO - Baking_EEG._3_epoch - Number of events : ,180
2025-03-03 15:32:46,673 - INFO - Baking_EEG._3_epoch - Number of events : ,180
2025-03-03 15:32:46,673 - INFO - Baking_EEG._3_epoch - Number of epochs :,36
2025-03-03 15:33:00,987 - INFO - Baking_EEG._3_epoch - Number of events : ,180
2025-03-03 15:33:00,987 - INFO - Baking_EEG._3_epoch - Number of events : ,180
2025-03-03 15:33:00,988 - INFO - Baking_EEG._3_epoch - Number of epochs :,19
2025-03-03 15:33:11,680 - INFO - Baking_EEG._3_epoch - Number of events : ,180
2025-03-03 15:33:11,681 - INFO - Baking_EEG._3_epoch - Number of events : ,180
2025-03-03 15:33:11,681 - INFO - Baking_EEG._3_epoch - Number of epochs :,8
2025-03-03 15:33:21,033 - INFO - Baking_EEG._3_epoch - Number of events : ,180
2025-03-03 15:33:21,033 - INFO - Baking_EEG._3_epoch - Number of events : ,180
2025-03-03 15:33:21,034 - INFO - Baking_EEG._3_epoch - Number of epochs :,2
2025-03-03 15:36:21,165 - INFO - Baking_EEG._3_epoch - Number of events : ,180
2025-03-03 15:36:21,166 - INFO - Baking_EEG._3_epoch - Number of events : ,180
2025-03-03 15:36:21,166 - INFO - Baking_EEG._3_epoch - Number of epochs :,58
2025-03-03 15:37:03,383 - INFO - Baking_EEG._3_epoch - Number of events : ,180
2025-03-03 15:37:03,383 - INFO - Baking_EEG._3_epoch - Number of events : ,180
2025-03-03 15:37:03,383 - INFO - Baking_EEG._3_epoch - Number of epochs :,51
2025-03-03 15:37:13,617 - INFO - Baking_EEG._3_epoch - Number of events : ,180
2025-03-03 15:37:13,617 - INFO - Baking_EEG._3_epoch - Number of events : ,180
2025-03-03 15:37:13,618 - INFO - Baking_EEG._3_epoch - Number of epochs :,49
2025-03-03 15:38:36,698 - INFO - Baking_EEG._3_epoch - Number of events : ,180
2025-03-03 15:38:36,698 - INFO - Baking_EEG._3_epoch - Number of events : ,180
2025-03-03 15:38:36,698 - INFO - Baking_EEG._3_epoch - Number of epochs :,20
2025-03-03 15:38:45,489 - INFO - Baking_EEG._3_epoch - Number of events : ,180
2025-03-03 15:38:45,491 - INFO - Baking_EEG._3_epoch - Number of events : ,180
2025-03-03 15:38:45,492 - INFO - Baking_EEG._3_epoch - Number of epochs :,48
2025-03-03 15:38:56,718 - INFO - Baking_EEG._3_epoch - Number of events : ,180
2025-03-03 15:38:56,719 - INFO - Baking_EEG._3_epoch - Number of events : ,180
2025-03-03 15:38:56,719 - INFO - Baking_EEG._3_epoch - Number of epochs :,50
2025-03-03 15:39:18,746 - INFO - Baking_EEG._3_epoch - Number of events : ,180
2025-03-03 15:39:18,747 - INFO - Baking_EEG._3_epoch - Number of events : ,180
2025-03-03 15:39:18,747 - INFO - Baking_EEG._3_epoch - Number of epochs :,13
2025-03-03 15:39:28,060 - INFO - Baking_EEG._3_epoch - Number of events : ,180
2025-03-03 15:39:28,062 - INFO - Baking_EEG._3_epoch - Number of events : ,180
2025-03-03 15:39:28,062 - INFO - Baking_EEG._3_epoch - Number of epochs :,32
