2025-03-17 10:24:26,331 - INFO - __main__ - Configured paths for user tom
2025-03-17 10:24:50,025 - INFO - __main__ - Début du décodage cross-subject pour le groupe del
2025-03-17 10:29:01,773 - INFO - __main__ - Configured paths for user tom
2025-03-17 10:29:08,619 - INFO - __main__ - Début du décodage cross-subject pour le groupe del
2025-03-17 10:38:02,660 - INFO - __main__ - Configured paths for user tom
2025-03-17 10:38:09,354 - INFO - __main__ - Début du décodage cross-subject pour le groupe del
2025-03-17 10:43:06,729 - INFO - __main__ - Temps total: 5.0 min
2025-03-17 10:46:34,757 - INFO - __main__ - Configured paths for user tom
2025-03-17 10:46:43,909 - INFO - __main__ - Début du décodage cross-subject pour le groupe del
2025-03-17 10:55:11,197 - INFO - __main__ - Temps total: 8.5 min
2025-03-17 11:11:13,351 - INFO - __main__ - Configured paths for user tom
2025-03-17 11:11:20,383 - INFO - __main__ - Début du décodage cross-subject pour le groupe del
2025-03-17 11:12:55,901 - ERROR - _4_decoding - Erreur sur TpAB19 : Found input variables with inconsistent numbers of samples: [64, 320]
2025-03-17 11:13:10,342 - INFO - __main__ - Configured paths for user tom
2025-03-17 11:13:25,737 - INFO - __main__ - Début du décodage cross-subject pour le groupe del
2025-03-17 11:14:54,420 - ERROR - _4_decoding - Erreur sur TpAB19 : Found input variables with inconsistent numbers of samples: [64, 320]
2025-03-17 11:45:52,211 - INFO - __main__ - Configured paths for user tom
2025-03-17 11:45:57,844 - INFO - __main__ - Début du décodage cross-subject pour le groupe del
2025-03-17 15:31:28,239 - INFO - __main__ - Configured paths for user tom
2025-03-17 15:31:41,977 - INFO - __main__ - Decoding for subject TpMN42 (group: del, protocol: PP)
2025-03-17 15:31:45,796 - INFO - _4_decoding - Autodetected number of jobs: 4
2025-03-17 15:35:31,651 - INFO - _4_decoding - Fold 1/5 AUC: 0.537
2025-03-17 15:35:31,670 - INFO - _4_decoding - Fold 2/5 AUC: 0.563
2025-03-17 15:35:31,670 - INFO - _4_decoding - Fold 3/5 AUC: 0.477
2025-03-17 15:35:31,671 - INFO - _4_decoding - Fold 4/5 AUC: 0.565
2025-03-17 15:35:31,671 - INFO - _4_decoding - Fold 5/5 AUC: 0.471
2025-03-17 15:35:31,757 - INFO - _4_decoding - Overall decoding metrics:
2025-03-17 15:35:31,757 - INFO - _4_decoding - Accuracy: 0.759
2025-03-17 15:35:31,757 - INFO - _4_decoding - Precision: 0.164
2025-03-17 15:35:31,757 - INFO - _4_decoding - Recall: 0.150
2025-03-17 15:35:31,757 - INFO - _4_decoding - F1 Score: 0.157
2025-03-17 15:35:31,758 - INFO - _4_decoding - Balanced Accuracy: 0.508
2025-03-17 15:35:31,758 - INFO - _4_decoding - ROC AUC: 0.518
2025-03-17 15:35:31,776 - INFO - __main__ - Cross-validation scores: [0.53743961 0.56280193 0.47671569 0.56495098 0.47058824]
2025-03-17 15:35:31,777 - INFO - __main__ - Mean score: 0.522, Std: 0.041
2025-03-17 15:35:31,777 - INFO - __main__ - accuracy: 0.759
2025-03-17 15:35:31,777 - INFO - __main__ - precision: 0.164
2025-03-17 15:35:31,777 - INFO - __main__ - recall: 0.150
2025-03-17 15:35:31,778 - INFO - __main__ - f1: 0.157
2025-03-17 15:35:31,779 - INFO - __main__ - balanced_accuracy: 0.508
2025-03-17 15:35:31,779 - INFO - __main__ - roc_auc: 0.518
2025-03-17 15:35:32,013 - INFO - __main__ - Results saved in /Users/tom/Desktop/ENSC/2A/PII/Tom/Baking_EEG_data/decoding_results/del/TpMN42_PP
2025-03-17 15:39:59,578 - INFO - __main__ - Configured paths for user tom
2025-03-17 15:40:11,679 - INFO - __main__ - Decoding for subject TpMN42 (group: del, protocol: PP)
2025-03-17 15:40:17,010 - INFO - _4_decoding - Autodetected number of jobs: 4
2025-03-17 15:43:20,934 - INFO - _4_decoding - Fold 1/5 AUC: 0.537
2025-03-17 15:43:20,949 - INFO - _4_decoding - Fold 2/5 AUC: 0.563
2025-03-17 15:43:20,949 - INFO - _4_decoding - Fold 3/5 AUC: 0.477
2025-03-17 15:43:20,949 - INFO - _4_decoding - Fold 4/5 AUC: 0.565
2025-03-17 15:43:20,949 - INFO - _4_decoding - Fold 5/5 AUC: 0.471
2025-03-17 15:43:21,018 - INFO - _4_decoding - Overall decoding metrics:
2025-03-17 15:43:21,018 - INFO - _4_decoding - Accuracy: 0.759
2025-03-17 15:43:21,018 - INFO - _4_decoding - Precision: 0.164
2025-03-17 15:43:21,018 - INFO - _4_decoding - Recall: 0.150
2025-03-17 15:43:21,018 - INFO - _4_decoding - F1 Score: 0.157
2025-03-17 15:43:21,018 - INFO - _4_decoding - Balanced Accuracy: 0.508
2025-03-17 15:43:21,018 - INFO - _4_decoding - ROC AUC: 0.519
2025-03-17 15:43:21,042 - INFO - __main__ - Cross-validation scores: [0.53743961 0.56280193 0.47671569 0.56495098 0.47058824]
2025-03-17 15:43:21,042 - INFO - __main__ - Mean score: 0.522, Std: 0.041
2025-03-17 15:43:21,042 - INFO - __main__ - accuracy: 0.759
2025-03-17 15:43:21,043 - INFO - __main__ - precision: 0.164
2025-03-17 15:43:21,043 - INFO - __main__ - recall: 0.150
2025-03-17 15:43:21,043 - INFO - __main__ - f1: 0.157
2025-03-17 15:43:21,044 - INFO - __main__ - balanced_accuracy: 0.508
2025-03-17 15:43:21,045 - INFO - __main__ - roc_auc: 0.519
2025-03-17 15:43:21,278 - INFO - __main__ - Results saved in /Users/tom/Desktop/ENSC/2A/PII/Tom/Baking_EEG_data/decoding_results/del/TpMN42_PP
2025-03-17 15:53:27,755 - INFO - __main__ - Configured paths for user tom
2025-03-17 15:53:36,821 - INFO - __main__ - Decoding for subject TpMN42 (group: del, protocol: PP)
2025-03-17 15:53:41,546 - INFO - _4_decoding - Autodetected number of jobs: 4
2025-03-17 15:57:05,313 - INFO - _4_decoding - Fold 1/5 AUC: 0.536
2025-03-17 15:57:05,328 - INFO - _4_decoding - Fold 2/5 AUC: 0.563
2025-03-17 15:57:05,330 - INFO - _4_decoding - Fold 3/5 AUC: 0.477
2025-03-17 15:57:05,331 - INFO - _4_decoding - Fold 4/5 AUC: 0.565
2025-03-17 15:57:05,333 - INFO - _4_decoding - Fold 5/5 AUC: 0.471
2025-03-17 15:57:05,429 - INFO - _4_decoding - Overall decoding metrics:
2025-03-17 15:57:05,429 - INFO - _4_decoding - Accuracy: 0.759
2025-03-17 15:57:05,429 - INFO - _4_decoding - Precision: 0.164
2025-03-17 15:57:05,429 - INFO - _4_decoding - Recall: 0.150
2025-03-17 15:57:05,429 - INFO - _4_decoding - F1 Score: 0.157
2025-03-17 15:57:05,429 - INFO - _4_decoding - Balanced Accuracy: 0.508
2025-03-17 15:57:05,429 - INFO - _4_decoding - ROC AUC: 0.521
2025-03-17 15:57:05,443 - INFO - __main__ - Cross-validation scores: [0.53623188 0.56280193 0.47671569 0.56495098 0.47058824]
2025-03-17 15:57:05,443 - INFO - __main__ - Mean score: 0.522, Std: 0.041
2025-03-17 15:57:05,444 - INFO - __main__ - accuracy: 0.759
2025-03-17 15:57:05,444 - INFO - __main__ - precision: 0.164
2025-03-17 15:57:05,444 - INFO - __main__ - recall: 0.150
2025-03-17 15:57:05,444 - INFO - __main__ - f1: 0.157
2025-03-17 15:57:05,444 - INFO - __main__ - balanced_accuracy: 0.508
2025-03-17 15:57:05,444 - INFO - __main__ - roc_auc: 0.521
2025-03-17 15:57:05,661 - INFO - __main__ - Results saved in /Users/tom/Desktop/ENSC/2A/PII/Tom/Baking_EEG_data/decoding_results/del/TpMN42_PP
