2025-02-21 08:49:41,253 - INFO - Baking_EEG._1_preprocess - Raw data info ch_names: ,['E1', 'E2', 'E3', 'E4', 'E5', 'E6', 'E7', 'E8', 'E9', 'E10', 'E11', 'E12', 'E13', 'E14', 'E15', 'E16', 'E17', 'E18', 'E19', 'E20', 'E21', 'E22', 'E23', 'E24', 'E25', 'E26', 'E27', 'E28', 'E29', 'E30', 'E31', 'E32', 'E33', 'E34', 'E35', 'E36', 'E37', 'E38', 'E39', 'E40', 'E41', 'E42', 'E43', 'E44', 'E45', 'E46', 'E47', 'E48', 'E49', 'E50', 'E51', 'E52', 'E53', 'E54', 'E55', 'E56', 'E57', 'E58', 'E59', 'E60', 'E61', 'E62', 'E63', 'E64', 'E65', 'E66', 'E67', 'E68', 'E69', 'E70', 'E71', 'E72', 'E73', 'E74', 'E75', 'E76', 'E77', 'E78', 'E79', 'E80', 'E81', 'E82', 'E83', 'E84', 'E85', 'E86', 'E87', 'E88', 'E89', 'E90', 'E91', 'E92', 'E93', 'E94', 'E95', 'E96', 'E97', 'E98', 'E99', 'E100', 'E101', 'E102', 'E103', 'E104', 'E105', 'E106', 'E107', 'E108', 'E109', 'E110', 'E111', 'E112', 'E113', 'E114', 'E115', 'E116', 'E117', 'E118', 'E119', 'E120', 'E121', 'E122', 'E123', 'E124', 'E125', 'E126', 'E127', 'E128', 'VREF']
2025-02-21 08:49:41,253 - INFO - Baking_EEG._1_preprocess - Raw data info channels: ,129
2025-02-21 08:49:41,253 - INFO - Baking_EEG._1_preprocess - Raw data info highpass: ,0.0
2025-02-21 08:49:41,253 - INFO - Baking_EEG._1_preprocess - Raw data info lowpass: ,125.0
2025-02-21 08:49:41,253 - INFO - Baking_EEG._1_preprocess - Raw data info sfreq: ,250.0
2025-02-21 08:51:37,688 - INFO - Baking_EEG._1_preprocess - Bad channels : ,['VREF']
2025-02-21 08:51:38,718 - INFO - Baking_EEG._1_preprocess - Saved preprocessed data C:\Users\adminlocal\Desktop\ConnectDoc\EEG_2025_CAP_FPerrin_Vera\Analysis_Baking_EEG_Vera\data_preproc/TEN1_Resting_preproc.fif
2025-02-21 08:52:25,690 - INFO - Baking_EEG._1_preprocess - Raw data info ch_names: ,['E1', 'E2', 'E3', 'E4', 'E5', 'E6', 'E7', 'E8', 'E9', 'E10', 'E11', 'E12', 'E13', 'E14', 'E15', 'E16', 'E17', 'E18', 'E19', 'E20', 'E21', 'E22', 'E23', 'E24', 'E25', 'E26', 'E27', 'E28', 'E29', 'E30', 'E31', 'E32', 'E33', 'E34', 'E35', 'E36', 'E37', 'E38', 'E39', 'E40', 'E41', 'E42', 'E43', 'E44', 'E45', 'E46', 'E47', 'E48', 'E49', 'E50', 'E51', 'E52', 'E53', 'E54', 'E55', 'E56', 'E57', 'E58', 'E59', 'E60', 'E61', 'E62', 'E63', 'E64', 'E65', 'E66', 'E67', 'E68', 'E69', 'E70', 'E71', 'E72', 'E73', 'E74', 'E75', 'E76', 'E77', 'E78', 'E79', 'E80', 'E81', 'E82', 'E83', 'E84', 'E85', 'E86', 'E87', 'E88', 'E89', 'E90', 'E91', 'E92', 'E93', 'E94', 'E95', 'E96', 'E97', 'E98', 'E99', 'E100', 'E101', 'E102', 'E103', 'E104', 'E105', 'E106', 'E107', 'E108', 'E109', 'E110', 'E111', 'E112', 'E113', 'E114', 'E115', 'E116', 'E117', 'E118', 'E119', 'E120', 'E121', 'E122', 'E123', 'E124', 'E125', 'E126', 'E127', 'E128', 'VREF']
2025-02-21 08:52:25,690 - INFO - Baking_EEG._1_preprocess - Raw data info channels: ,129
2025-02-21 08:52:25,690 - INFO - Baking_EEG._1_preprocess - Raw data info highpass: ,0.0
2025-02-21 08:52:25,690 - INFO - Baking_EEG._1_preprocess - Raw data info lowpass: ,125.0
2025-02-21 08:52:25,690 - INFO - Baking_EEG._1_preprocess - Raw data info sfreq: ,250.0
2025-02-21 08:53:33,148 - INFO - Baking_EEG._1_preprocess - Raw data info ch_names: ,['E1', 'E2', 'E3', 'E4', 'E5', 'E6', 'E7', 'E8', 'E9', 'E10', 'E11', 'E12', 'E13', 'E14', 'E15', 'E16', 'E17', 'E18', 'E19', 'E20', 'E21', 'E22', 'E23', 'E24', 'E25', 'E26', 'E27', 'E28', 'E29', 'E30', 'E31', 'E32', 'E33', 'E34', 'E35', 'E36', 'E37', 'E38', 'E39', 'E40', 'E41', 'E42', 'E43', 'E44', 'E45', 'E46', 'E47', 'E48', 'E49', 'E50', 'E51', 'E52', 'E53', 'E54', 'E55', 'E56', 'E57', 'E58', 'E59', 'E60', 'E61', 'E62', 'E63', 'E64', 'E65', 'E66', 'E67', 'E68', 'E69', 'E70', 'E71', 'E72', 'E73', 'E74', 'E75', 'E76', 'E77', 'E78', 'E79', 'E80', 'E81', 'E82', 'E83', 'E84', 'E85', 'E86', 'E87', 'E88', 'E89', 'E90', 'E91', 'E92', 'E93', 'E94', 'E95', 'E96', 'E97', 'E98', 'E99', 'E100', 'E101', 'E102', 'E103', 'E104', 'E105', 'E106', 'E107', 'E108', 'E109', 'E110', 'E111', 'E112', 'E113', 'E114', 'E115', 'E116', 'E117', 'E118', 'E119', 'E120', 'E121', 'E122', 'E123', 'E124', 'E125', 'E126', 'E127', 'E128', 'VREF']
2025-02-21 08:53:33,150 - INFO - Baking_EEG._1_preprocess - Raw data info channels: ,129
2025-02-21 08:53:33,151 - INFO - Baking_EEG._1_preprocess - Raw data info highpass: ,0.0
2025-02-21 08:53:33,152 - INFO - Baking_EEG._1_preprocess - Raw data info lowpass: ,125.0
2025-02-21 08:53:33,153 - INFO - Baking_EEG._1_preprocess - Raw data info sfreq: ,250.0
2025-02-21 08:53:42,906 - INFO - Baking_EEG._1_preprocess - Bad channels : ,['VREF']
2025-02-21 08:53:43,920 - INFO - Baking_EEG._1_preprocess - Saved preprocessed data C:\Users\adminlocal\Desktop\ConnectDoc\EEG_2025_CAP_FPerrin_Vera\Analysis_Baking_EEG_Vera\data_preproc/TEN1_Resting_preproc.fif
2025-02-21 08:53:49,758 - INFO - Baking_EEG._2_cleaning - Nb blink found : ,123
2025-02-21 08:56:54,280 - INFO - Baking_EEG._1_preprocess - Raw data info ch_names: ,['E1', 'E2', 'E3', 'E4', 'E5', 'E6', 'E7', 'E8', 'E9', 'E10', 'E11', 'E12', 'E13', 'E14', 'E15', 'E16', 'E17', 'E18', 'E19', 'E20', 'E21', 'E22', 'E23', 'E24', 'E25', 'E26', 'E27', 'E28', 'E29', 'E30', 'E31', 'E32', 'E33', 'E34', 'E35', 'E36', 'E37', 'E38', 'E39', 'E40', 'E41', 'E42', 'E43', 'E44', 'E45', 'E46', 'E47', 'E48', 'E49', 'E50', 'E51', 'E52', 'E53', 'E54', 'E55', 'E56', 'E57', 'E58', 'E59', 'E60', 'E61', 'E62', 'E63', 'E64', 'E65', 'E66', 'E67', 'E68', 'E69', 'E70', 'E71', 'E72', 'E73', 'E74', 'E75', 'E76', 'E77', 'E78', 'E79', 'E80', 'E81', 'E82', 'E83', 'E84', 'E85', 'E86', 'E87', 'E88', 'E89', 'E90', 'E91', 'E92', 'E93', 'E94', 'E95', 'E96', 'E97', 'E98', 'E99', 'E100', 'E101', 'E102', 'E103', 'E104', 'E105', 'E106', 'E107', 'E108', 'E109', 'E110', 'E111', 'E112', 'E113', 'E114', 'E115', 'E116', 'E117', 'E118', 'E119', 'E120', 'E121', 'E122', 'E123', 'E124', 'E125', 'E126', 'E127', 'E128', 'VREF']
2025-02-21 08:56:54,280 - INFO - Baking_EEG._1_preprocess - Raw data info channels: ,129
2025-02-21 08:56:54,280 - INFO - Baking_EEG._1_preprocess - Raw data info highpass: ,0.0
2025-02-21 08:56:54,280 - INFO - Baking_EEG._1_preprocess - Raw data info lowpass: ,125.0
2025-02-21 08:56:54,280 - INFO - Baking_EEG._1_preprocess - Raw data info sfreq: ,250.0
2025-02-21 09:12:12,483 - INFO - Baking_EEG._1_preprocess - Bad channels : ,['VREF']
2025-02-21 09:12:14,938 - INFO - Baking_EEG._1_preprocess - Saved preprocessed data C:\Users\adminlocal\Desktop\ConnectDoc\EEG_2025_CAP_FPerrin_Vera\Analysis_Baking_EEG_Vera\data_preproc/TTV2_Resting_preproc.fif
2025-02-21 10:07:12,842 - INFO - Baking_EEG._1_preprocess - Raw data info ch_names: ,['E1', 'E2', 'E3', 'E4', 'E5', 'E6', 'E7', 'E8', 'E9', 'E10', 'E11', 'E12', 'E13', 'E14', 'E15', 'E16', 'E17', 'E18', 'E19', 'E20', 'E21', 'E22', 'E23', 'E24', 'E25', 'E26', 'E27', 'E28', 'E29', 'E30', 'E31', 'E32', 'E33', 'E34', 'E35', 'E36', 'E37', 'E38', 'E39', 'E40', 'E41', 'E42', 'E43', 'E44', 'E45', 'E46', 'E47', 'E48', 'E49', 'E50', 'E51', 'E52', 'E53', 'E54', 'E55', 'E56', 'E57', 'E58', 'E59', 'E60', 'E61', 'E62', 'E63', 'E64', 'E65', 'E66', 'E67', 'E68', 'E69', 'E70', 'E71', 'E72', 'E73', 'E74', 'E75', 'E76', 'E77', 'E78', 'E79', 'E80', 'E81', 'E82', 'E83', 'E84', 'E85', 'E86', 'E87', 'E88', 'E89', 'E90', 'E91', 'E92', 'E93', 'E94', 'E95', 'E96', 'E97', 'E98', 'E99', 'E100', 'E101', 'E102', 'E103', 'E104', 'E105', 'E106', 'E107', 'E108', 'E109', 'E110', 'E111', 'E112', 'E113', 'E114', 'E115', 'E116', 'E117', 'E118', 'E119', 'E120', 'E121', 'E122', 'E123', 'E124', 'E125', 'E126', 'E127', 'E128', 'VREF']
2025-02-21 10:07:12,842 - INFO - Baking_EEG._1_preprocess - Raw data info channels: ,129
2025-02-21 10:07:12,842 - INFO - Baking_EEG._1_preprocess - Raw data info highpass: ,0.0
2025-02-21 10:07:12,842 - INFO - Baking_EEG._1_preprocess - Raw data info lowpass: ,125.0
2025-02-21 10:07:12,842 - INFO - Baking_EEG._1_preprocess - Raw data info sfreq: ,250.0
2025-02-21 10:07:42,409 - INFO - Baking_EEG._1_preprocess - Bad channels : ,['VREF']
2025-02-21 10:07:44,185 - INFO - Baking_EEG._1_preprocess - Saved preprocessed data C:\Users\adminlocal\Desktop\ConnectDoc\EEG_2025_CAP_FPerrin_Vera\Analysis_Baking_EEG_Vera\data_preproc/TTV2_Resting_preproc.fif
2025-02-21 10:07:59,324 - INFO - Baking_EEG._2_cleaning - Nb blink found : ,122
2025-02-21 10:15:43,391 - INFO - Baking_EEG._1_preprocess - Raw data info ch_names: ,['E1', 'E2', 'E3', 'E4', 'E5', 'E6', 'E7', 'E8', 'E9', 'E10', 'E11', 'E12', 'E13', 'E14', 'E15', 'E16', 'E17', 'E18', 'E19', 'E20', 'E21', 'E22', 'E23', 'E24', 'E25', 'E26', 'E27', 'E28', 'E29', 'E30', 'E31', 'E32', 'E33', 'E34', 'E35', 'E36', 'E37', 'E38', 'E39', 'E40', 'E41', 'E42', 'E43', 'E44', 'E45', 'E46', 'E47', 'E48', 'E49', 'E50', 'E51', 'E52', 'E53', 'E54', 'E55', 'E56', 'E57', 'E58', 'E59', 'E60', 'E61', 'E62', 'E63', 'E64', 'E65', 'E66', 'E67', 'E68', 'E69', 'E70', 'E71', 'E72', 'E73', 'E74', 'E75', 'E76', 'E77', 'E78', 'E79', 'E80', 'E81', 'E82', 'E83', 'E84', 'E85', 'E86', 'E87', 'E88', 'E89', 'E90', 'E91', 'E92', 'E93', 'E94', 'E95', 'E96', 'E97', 'E98', 'E99', 'E100', 'E101', 'E102', 'E103', 'E104', 'E105', 'E106', 'E107', 'E108', 'E109', 'E110', 'E111', 'E112', 'E113', 'E114', 'E115', 'E116', 'E117', 'E118', 'E119', 'E120', 'E121', 'E122', 'E123', 'E124', 'E125', 'E126', 'E127', 'E128', 'VREF']
2025-02-21 10:15:43,392 - INFO - Baking_EEG._1_preprocess - Raw data info channels: ,129
2025-02-21 10:15:43,392 - INFO - Baking_EEG._1_preprocess - Raw data info highpass: ,0.0
2025-02-21 10:15:43,393 - INFO - Baking_EEG._1_preprocess - Raw data info lowpass: ,125.0
2025-02-21 10:15:43,393 - INFO - Baking_EEG._1_preprocess - Raw data info sfreq: ,250.0
2025-02-21 10:16:17,300 - INFO - Baking_EEG._1_preprocess - Raw data info ch_names: ,['E1', 'E2', 'E3', 'E4', 'E5', 'E6', 'E7', 'E8', 'E9', 'E10', 'E11', 'E12', 'E13', 'E14', 'E15', 'E16', 'E17', 'E18', 'E19', 'E20', 'E21', 'E22', 'E23', 'E24', 'E25', 'E26', 'E27', 'E28', 'E29', 'E30', 'E31', 'E32', 'E33', 'E34', 'E35', 'E36', 'E37', 'E38', 'E39', 'E40', 'E41', 'E42', 'E43', 'E44', 'E45', 'E46', 'E47', 'E48', 'E49', 'E50', 'E51', 'E52', 'E53', 'E54', 'E55', 'E56', 'E57', 'E58', 'E59', 'E60', 'E61', 'E62', 'E63', 'E64', 'E65', 'E66', 'E67', 'E68', 'E69', 'E70', 'E71', 'E72', 'E73', 'E74', 'E75', 'E76', 'E77', 'E78', 'E79', 'E80', 'E81', 'E82', 'E83', 'E84', 'E85', 'E86', 'E87', 'E88', 'E89', 'E90', 'E91', 'E92', 'E93', 'E94', 'E95', 'E96', 'E97', 'E98', 'E99', 'E100', 'E101', 'E102', 'E103', 'E104', 'E105', 'E106', 'E107', 'E108', 'E109', 'E110', 'E111', 'E112', 'E113', 'E114', 'E115', 'E116', 'E117', 'E118', 'E119', 'E120', 'E121', 'E122', 'E123', 'E124', 'E125', 'E126', 'E127', 'E128', 'VREF']
2025-02-21 10:16:17,300 - INFO - Baking_EEG._1_preprocess - Raw data info channels: ,129
2025-02-21 10:16:17,300 - INFO - Baking_EEG._1_preprocess - Raw data info highpass: ,0.0
2025-02-21 10:16:17,300 - INFO - Baking_EEG._1_preprocess - Raw data info lowpass: ,125.0
2025-02-21 10:16:17,300 - INFO - Baking_EEG._1_preprocess - Raw data info sfreq: ,250.0
2025-02-21 10:17:29,703 - INFO - Baking_EEG._1_preprocess - Raw data info ch_names: ,['E1', 'E2', 'E3', 'E4', 'E5', 'E6', 'E7', 'E8', 'E9', 'E10', 'E11', 'E12', 'E13', 'E14', 'E15', 'E16', 'E17', 'E18', 'E19', 'E20', 'E21', 'E22', 'E23', 'E24', 'E25', 'E26', 'E27', 'E28', 'E29', 'E30', 'E31', 'E32', 'E33', 'E34', 'E35', 'E36', 'E37', 'E38', 'E39', 'E40', 'E41', 'E42', 'E43', 'E44', 'E45', 'E46', 'E47', 'E48', 'E49', 'E50', 'E51', 'E52', 'E53', 'E54', 'E55', 'E56', 'E57', 'E58', 'E59', 'E60', 'E61', 'E62', 'E63', 'E64', 'E65', 'E66', 'E67', 'E68', 'E69', 'E70', 'E71', 'E72', 'E73', 'E74', 'E75', 'E76', 'E77', 'E78', 'E79', 'E80', 'E81', 'E82', 'E83', 'E84', 'E85', 'E86', 'E87', 'E88', 'E89', 'E90', 'E91', 'E92', 'E93', 'E94', 'E95', 'E96', 'E97', 'E98', 'E99', 'E100', 'E101', 'E102', 'E103', 'E104', 'E105', 'E106', 'E107', 'E108', 'E109', 'E110', 'E111', 'E112', 'E113', 'E114', 'E115', 'E116', 'E117', 'E118', 'E119', 'E120', 'E121', 'E122', 'E123', 'E124', 'E125', 'E126', 'E127', 'E128', 'VREF']
2025-02-21 10:17:29,703 - INFO - Baking_EEG._1_preprocess - Raw data info channels: ,129
2025-02-21 10:17:29,703 - INFO - Baking_EEG._1_preprocess - Raw data info highpass: ,0.0
2025-02-21 10:17:29,703 - INFO - Baking_EEG._1_preprocess - Raw data info lowpass: ,125.0
2025-02-21 10:17:29,703 - INFO - Baking_EEG._1_preprocess - Raw data info sfreq: ,250.0
2025-02-21 10:17:45,684 - INFO - Baking_EEG._1_preprocess - Bad channels : ,['VREF']
2025-02-21 10:17:47,516 - INFO - Baking_EEG._1_preprocess - Saved preprocessed data C:\Users\adminlocal\Desktop\ConnectDoc\EEG_2025_CAP_FPerrin_Vera\Analysis_Baking_EEG_Vera\data_preproc/TLB3_Resting_preproc.fif
2025-02-21 10:17:56,614 - INFO - Baking_EEG._2_cleaning - Nb blink found : ,1
2025-02-21 10:18:05,126 - INFO - Baking_EEG._1_preprocess - Raw data info ch_names: ,['E1', 'E2', 'E3', 'E4', 'E5', 'E6', 'E7', 'E8', 'E9', 'E10', 'E11', 'E12', 'E13', 'E14', 'E15', 'E16', 'E17', 'E18', 'E19', 'E20', 'E21', 'E22', 'E23', 'E24', 'E25', 'E26', 'E27', 'E28', 'E29', 'E30', 'E31', 'E32', 'E33', 'E34', 'E35', 'E36', 'E37', 'E38', 'E39', 'E40', 'E41', 'E42', 'E43', 'E44', 'E45', 'E46', 'E47', 'E48', 'E49', 'E50', 'E51', 'E52', 'E53', 'E54', 'E55', 'E56', 'E57', 'E58', 'E59', 'E60', 'E61', 'E62', 'E63', 'E64', 'E65', 'E66', 'E67', 'E68', 'E69', 'E70', 'E71', 'E72', 'E73', 'E74', 'E75', 'E76', 'E77', 'E78', 'E79', 'E80', 'E81', 'E82', 'E83', 'E84', 'E85', 'E86', 'E87', 'E88', 'E89', 'E90', 'E91', 'E92', 'E93', 'E94', 'E95', 'E96', 'E97', 'E98', 'E99', 'E100', 'E101', 'E102', 'E103', 'E104', 'E105', 'E106', 'E107', 'E108', 'E109', 'E110', 'E111', 'E112', 'E113', 'E114', 'E115', 'E116', 'E117', 'E118', 'E119', 'E120', 'E121', 'E122', 'E123', 'E124', 'E125', 'E126', 'E127', 'E128', 'VREF']
2025-02-21 10:18:05,126 - INFO - Baking_EEG._1_preprocess - Raw data info channels: ,129
2025-02-21 10:18:05,126 - INFO - Baking_EEG._1_preprocess - Raw data info highpass: ,0.0
2025-02-21 10:18:05,126 - INFO - Baking_EEG._1_preprocess - Raw data info lowpass: ,125.0
2025-02-21 10:18:05,126 - INFO - Baking_EEG._1_preprocess - Raw data info sfreq: ,250.0
2025-02-21 10:18:32,981 - INFO - Baking_EEG._1_preprocess - Bad channels : ,['E55', 'VREF']
2025-02-21 10:18:34,807 - INFO - Baking_EEG._1_preprocess - Saved preprocessed data C:\Users\adminlocal\Desktop\ConnectDoc\EEG_2025_CAP_FPerrin_Vera\Analysis_Baking_EEG_Vera\data_preproc/TLB3_Resting_preproc.fif
2025-02-21 10:19:06,331 - INFO - Baking_EEG._1_preprocess - Raw data info ch_names: ,['E1', 'E2', 'E3', 'E4', 'E5', 'E6', 'E7', 'E8', 'E9', 'E10', 'E11', 'E12', 'E13', 'E14', 'E15', 'E16', 'E17', 'E18', 'E19', 'E20', 'E21', 'E22', 'E23', 'E24', 'E25', 'E26', 'E27', 'E28', 'E29', 'E30', 'E31', 'E32', 'E33', 'E34', 'E35', 'E36', 'E37', 'E38', 'E39', 'E40', 'E41', 'E42', 'E43', 'E44', 'E45', 'E46', 'E47', 'E48', 'E49', 'E50', 'E51', 'E52', 'E53', 'E54', 'E55', 'E56', 'E57', 'E58', 'E59', 'E60', 'E61', 'E62', 'E63', 'E64', 'E65', 'E66', 'E67', 'E68', 'E69', 'E70', 'E71', 'E72', 'E73', 'E74', 'E75', 'E76', 'E77', 'E78', 'E79', 'E80', 'E81', 'E82', 'E83', 'E84', 'E85', 'E86', 'E87', 'E88', 'E89', 'E90', 'E91', 'E92', 'E93', 'E94', 'E95', 'E96', 'E97', 'E98', 'E99', 'E100', 'E101', 'E102', 'E103', 'E104', 'E105', 'E106', 'E107', 'E108', 'E109', 'E110', 'E111', 'E112', 'E113', 'E114', 'E115', 'E116', 'E117', 'E118', 'E119', 'E120', 'E121', 'E122', 'E123', 'E124', 'E125', 'E126', 'E127', 'E128', 'VREF']
2025-02-21 10:19:06,331 - INFO - Baking_EEG._1_preprocess - Raw data info channels: ,129
2025-02-21 10:19:06,331 - INFO - Baking_EEG._1_preprocess - Raw data info highpass: ,0.0
2025-02-21 10:19:06,331 - INFO - Baking_EEG._1_preprocess - Raw data info lowpass: ,125.0
2025-02-21 10:19:06,331 - INFO - Baking_EEG._1_preprocess - Raw data info sfreq: ,250.0
2025-02-21 10:19:21,073 - INFO - Baking_EEG._1_preprocess - Bad channels : ,['E55', 'VREF']
2025-02-21 10:19:22,936 - INFO - Baking_EEG._1_preprocess - Saved preprocessed data C:\Users\adminlocal\Desktop\ConnectDoc\EEG_2025_CAP_FPerrin_Vera\Analysis_Baking_EEG_Vera\data_preproc/TLB3_Resting_preproc.fif
2025-02-21 10:19:30,293 - INFO - Baking_EEG._2_cleaning - Nb blink found : ,1
2025-02-21 10:19:50,812 - INFO - Baking_EEG._1_preprocess - Raw data info ch_names: ,['E1', 'E2', 'E3', 'E4', 'E5', 'E6', 'E7', 'E8', 'E9', 'E10', 'E11', 'E12', 'E13', 'E14', 'E15', 'E16', 'E17', 'E18', 'E19', 'E20', 'E21', 'E22', 'E23', 'E24', 'E25', 'E26', 'E27', 'E28', 'E29', 'E30', 'E31', 'E32', 'E33', 'E34', 'E35', 'E36', 'E37', 'E38', 'E39', 'E40', 'E41', 'E42', 'E43', 'E44', 'E45', 'E46', 'E47', 'E48', 'E49', 'E50', 'E51', 'E52', 'E53', 'E54', 'E55', 'E56', 'E57', 'E58', 'E59', 'E60', 'E61', 'E62', 'E63', 'E64', 'E65', 'E66', 'E67', 'E68', 'E69', 'E70', 'E71', 'E72', 'E73', 'E74', 'E75', 'E76', 'E77', 'E78', 'E79', 'E80', 'E81', 'E82', 'E83', 'E84', 'E85', 'E86', 'E87', 'E88', 'E89', 'E90', 'E91', 'E92', 'E93', 'E94', 'E95', 'E96', 'E97', 'E98', 'E99', 'E100', 'E101', 'E102', 'E103', 'E104', 'E105', 'E106', 'E107', 'E108', 'E109', 'E110', 'E111', 'E112', 'E113', 'E114', 'E115', 'E116', 'E117', 'E118', 'E119', 'E120', 'E121', 'E122', 'E123', 'E124', 'E125', 'E126', 'E127', 'E128', 'VREF']
2025-02-21 10:19:50,816 - INFO - Baking_EEG._1_preprocess - Raw data info channels: ,129
2025-02-21 10:19:50,816 - INFO - Baking_EEG._1_preprocess - Raw data info highpass: ,0.0
2025-02-21 10:19:50,816 - INFO - Baking_EEG._1_preprocess - Raw data info lowpass: ,125.0
2025-02-21 10:19:50,816 - INFO - Baking_EEG._1_preprocess - Raw data info sfreq: ,250.0
2025-02-21 10:20:49,352 - INFO - Baking_EEG._1_preprocess - Bad channels : ,['E116', 'E117', 'E123', 'E122', 'E110', 'VREF']
2025-02-21 10:20:51,348 - INFO - Baking_EEG._1_preprocess - Saved preprocessed data C:\Users\adminlocal\Desktop\ConnectDoc\EEG_2025_CAP_FPerrin_Vera\Analysis_Baking_EEG_Vera\data_preproc/TSS4_Resting_preproc.fif
2025-02-21 10:21:23,062 - INFO - Baking_EEG._1_preprocess - Raw data info ch_names: ,['E1', 'E2', 'E3', 'E4', 'E5', 'E6', 'E7', 'E8', 'E9', 'E10', 'E11', 'E12', 'E13', 'E14', 'E15', 'E16', 'E17', 'E18', 'E19', 'E20', 'E21', 'E22', 'E23', 'E24', 'E25', 'E26', 'E27', 'E28', 'E29', 'E30', 'E31', 'E32', 'E33', 'E34', 'E35', 'E36', 'E37', 'E38', 'E39', 'E40', 'E41', 'E42', 'E43', 'E44', 'E45', 'E46', 'E47', 'E48', 'E49', 'E50', 'E51', 'E52', 'E53', 'E54', 'E55', 'E56', 'E57', 'E58', 'E59', 'E60', 'E61', 'E62', 'E63', 'E64', 'E65', 'E66', 'E67', 'E68', 'E69', 'E70', 'E71', 'E72', 'E73', 'E74', 'E75', 'E76', 'E77', 'E78', 'E79', 'E80', 'E81', 'E82', 'E83', 'E84', 'E85', 'E86', 'E87', 'E88', 'E89', 'E90', 'E91', 'E92', 'E93', 'E94', 'E95', 'E96', 'E97', 'E98', 'E99', 'E100', 'E101', 'E102', 'E103', 'E104', 'E105', 'E106', 'E107', 'E108', 'E109', 'E110', 'E111', 'E112', 'E113', 'E114', 'E115', 'E116', 'E117', 'E118', 'E119', 'E120', 'E121', 'E122', 'E123', 'E124', 'E125', 'E126', 'E127', 'E128', 'VREF']
2025-02-21 10:21:23,062 - INFO - Baking_EEG._1_preprocess - Raw data info channels: ,129
2025-02-21 10:21:23,062 - INFO - Baking_EEG._1_preprocess - Raw data info highpass: ,0.0
2025-02-21 10:21:23,062 - INFO - Baking_EEG._1_preprocess - Raw data info lowpass: ,125.0
2025-02-21 10:21:23,062 - INFO - Baking_EEG._1_preprocess - Raw data info sfreq: ,250.0
2025-02-21 10:21:47,266 - INFO - Baking_EEG._1_preprocess - Bad channels : ,['E116', 'E117', 'E123', 'E122', 'E110', 'VREF']
2025-02-21 10:21:49,187 - INFO - Baking_EEG._1_preprocess - Saved preprocessed data C:\Users\adminlocal\Desktop\ConnectDoc\EEG_2025_CAP_FPerrin_Vera\Analysis_Baking_EEG_Vera\data_preproc/TSS4_Resting_preproc.fif
2025-02-21 10:22:25,057 - INFO - Baking_EEG._2_cleaning - Nb blink found : ,10
2025-02-21 10:58:57,857 - INFO - Baking_EEG._1_preprocess - Raw data info ch_names: ,['E1', 'E2', 'E3', 'E4', 'E5', 'E6', 'E7', 'E8', 'E9', 'E10', 'E11', 'E12', 'E13', 'E14', 'E15', 'E16', 'E17', 'E18', 'E19', 'E20', 'E21', 'E22', 'E23', 'E24', 'E25', 'E26', 'E27', 'E28', 'E29', 'E30', 'E31', 'E32', 'E33', 'E34', 'E35', 'E36', 'E37', 'E38', 'E39', 'E40', 'E41', 'E42', 'E43', 'E44', 'E45', 'E46', 'E47', 'E48', 'E49', 'E50', 'E51', 'E52', 'E53', 'E54', 'E55', 'E56', 'E57', 'E58', 'E59', 'E60', 'E61', 'E62', 'E63', 'E64', 'E65', 'E66', 'E67', 'E68', 'E69', 'E70', 'E71', 'E72', 'E73', 'E74', 'E75', 'E76', 'E77', 'E78', 'E79', 'E80', 'E81', 'E82', 'E83', 'E84', 'E85', 'E86', 'E87', 'E88', 'E89', 'E90', 'E91', 'E92', 'E93', 'E94', 'E95', 'E96', 'E97', 'E98', 'E99', 'E100', 'E101', 'E102', 'E103', 'E104', 'E105', 'E106', 'E107', 'E108', 'E109', 'E110', 'E111', 'E112', 'E113', 'E114', 'E115', 'E116', 'E117', 'E118', 'E119', 'E120', 'E121', 'E122', 'E123', 'E124', 'E125', 'E126', 'E127', 'E128', 'VREF']
2025-02-21 10:58:57,857 - INFO - Baking_EEG._1_preprocess - Raw data info channels: ,129
2025-02-21 10:58:57,857 - INFO - Baking_EEG._1_preprocess - Raw data info highpass: ,0.0
2025-02-21 10:58:57,857 - INFO - Baking_EEG._1_preprocess - Raw data info lowpass: ,125.0
2025-02-21 10:58:57,858 - INFO - Baking_EEG._1_preprocess - Raw data info sfreq: ,250.0
2025-02-21 11:02:17,681 - INFO - Baking_EEG._1_preprocess - Raw data info ch_names: ,['E1', 'E2', 'E3', 'E4', 'E5', 'E6', 'E7', 'E8', 'E9', 'E10', 'E11', 'E12', 'E13', 'E14', 'E15', 'E16', 'E17', 'E18', 'E19', 'E20', 'E21', 'E22', 'E23', 'E24', 'E25', 'E26', 'E27', 'E28', 'E29', 'E30', 'E31', 'E32', 'E33', 'E34', 'E35', 'E36', 'E37', 'E38', 'E39', 'E40', 'E41', 'E42', 'E43', 'E44', 'E45', 'E46', 'E47', 'E48', 'E49', 'E50', 'E51', 'E52', 'E53', 'E54', 'E55', 'E56', 'E57', 'E58', 'E59', 'E60', 'E61', 'E62', 'E63', 'E64', 'E65', 'E66', 'E67', 'E68', 'E69', 'E70', 'E71', 'E72', 'E73', 'E74', 'E75', 'E76', 'E77', 'E78', 'E79', 'E80', 'E81', 'E82', 'E83', 'E84', 'E85', 'E86', 'E87', 'E88', 'E89', 'E90', 'E91', 'E92', 'E93', 'E94', 'E95', 'E96', 'E97', 'E98', 'E99', 'E100', 'E101', 'E102', 'E103', 'E104', 'E105', 'E106', 'E107', 'E108', 'E109', 'E110', 'E111', 'E112', 'E113', 'E114', 'E115', 'E116', 'E117', 'E118', 'E119', 'E120', 'E121', 'E122', 'E123', 'E124', 'E125', 'E126', 'E127', 'E128', 'VREF']
2025-02-21 11:02:17,681 - INFO - Baking_EEG._1_preprocess - Raw data info channels: ,129
2025-02-21 11:02:17,681 - INFO - Baking_EEG._1_preprocess - Raw data info highpass: ,0.0
2025-02-21 11:02:17,681 - INFO - Baking_EEG._1_preprocess - Raw data info lowpass: ,125.0
2025-02-21 11:02:17,681 - INFO - Baking_EEG._1_preprocess - Raw data info sfreq: ,250.0
2025-02-21 11:02:44,493 - INFO - Baking_EEG._1_preprocess - Bad channels : ,['E55', 'VREF']
2025-02-21 11:02:45,704 - INFO - Baking_EEG._1_preprocess - Saved preprocessed data C:\Users\adminlocal\Desktop\ConnectDoc\EEG_2025_CAP_FPerrin_Vera\Analysis_Baking_EEG_Vera\data_preproc/TLB3_Resting_preproc.fif
2025-02-21 11:03:04,840 - INFO - Baking_EEG._2_cleaning - Nb blink found : ,1
2025-02-21 11:03:19,048 - INFO - Baking_EEG._1_preprocess - Raw data info ch_names: ,['E1', 'E2', 'E3', 'E4', 'E5', 'E6', 'E7', 'E8', 'E9', 'E10', 'E11', 'E12', 'E13', 'E14', 'E15', 'E16', 'E17', 'E18', 'E19', 'E20', 'E21', 'E22', 'E23', 'E24', 'E25', 'E26', 'E27', 'E28', 'E29', 'E30', 'E31', 'E32', 'E33', 'E34', 'E35', 'E36', 'E37', 'E38', 'E39', 'E40', 'E41', 'E42', 'E43', 'E44', 'E45', 'E46', 'E47', 'E48', 'E49', 'E50', 'E51', 'E52', 'E53', 'E54', 'E55', 'E56', 'E57', 'E58', 'E59', 'E60', 'E61', 'E62', 'E63', 'E64', 'E65', 'E66', 'E67', 'E68', 'E69', 'E70', 'E71', 'E72', 'E73', 'E74', 'E75', 'E76', 'E77', 'E78', 'E79', 'E80', 'E81', 'E82', 'E83', 'E84', 'E85', 'E86', 'E87', 'E88', 'E89', 'E90', 'E91', 'E92', 'E93', 'E94', 'E95', 'E96', 'E97', 'E98', 'E99', 'E100', 'E101', 'E102', 'E103', 'E104', 'E105', 'E106', 'E107', 'E108', 'E109', 'E110', 'E111', 'E112', 'E113', 'E114', 'E115', 'E116', 'E117', 'E118', 'E119', 'E120', 'E121', 'E122', 'E123', 'E124', 'E125', 'E126', 'E127', 'E128', 'VREF']
2025-02-21 11:03:19,048 - INFO - Baking_EEG._1_preprocess - Raw data info channels: ,129
2025-02-21 11:03:19,048 - INFO - Baking_EEG._1_preprocess - Raw data info highpass: ,0.0
2025-02-21 11:03:19,048 - INFO - Baking_EEG._1_preprocess - Raw data info lowpass: ,125.0
2025-02-21 11:03:19,048 - INFO - Baking_EEG._1_preprocess - Raw data info sfreq: ,250.0
2025-02-21 11:04:09,196 - INFO - Baking_EEG._1_preprocess - Raw data info ch_names: ,['E1', 'E2', 'E3', 'E4', 'E5', 'E6', 'E7', 'E8', 'E9', 'E10', 'E11', 'E12', 'E13', 'E14', 'E15', 'E16', 'E17', 'E18', 'E19', 'E20', 'E21', 'E22', 'E23', 'E24', 'E25', 'E26', 'E27', 'E28', 'E29', 'E30', 'E31', 'E32', 'E33', 'E34', 'E35', 'E36', 'E37', 'E38', 'E39', 'E40', 'E41', 'E42', 'E43', 'E44', 'E45', 'E46', 'E47', 'E48', 'E49', 'E50', 'E51', 'E52', 'E53', 'E54', 'E55', 'E56', 'E57', 'E58', 'E59', 'E60', 'E61', 'E62', 'E63', 'E64', 'E65', 'E66', 'E67', 'E68', 'E69', 'E70', 'E71', 'E72', 'E73', 'E74', 'E75', 'E76', 'E77', 'E78', 'E79', 'E80', 'E81', 'E82', 'E83', 'E84', 'E85', 'E86', 'E87', 'E88', 'E89', 'E90', 'E91', 'E92', 'E93', 'E94', 'E95', 'E96', 'E97', 'E98', 'E99', 'E100', 'E101', 'E102', 'E103', 'E104', 'E105', 'E106', 'E107', 'E108', 'E109', 'E110', 'E111', 'E112', 'E113', 'E114', 'E115', 'E116', 'E117', 'E118', 'E119', 'E120', 'E121', 'E122', 'E123', 'E124', 'E125', 'E126', 'E127', 'E128', 'VREF']
2025-02-21 11:04:09,197 - INFO - Baking_EEG._1_preprocess - Raw data info channels: ,129
2025-02-21 11:04:09,197 - INFO - Baking_EEG._1_preprocess - Raw data info highpass: ,0.0
2025-02-21 11:04:09,197 - INFO - Baking_EEG._1_preprocess - Raw data info lowpass: ,125.0
2025-02-21 11:04:09,197 - INFO - Baking_EEG._1_preprocess - Raw data info sfreq: ,250.0
2025-02-21 11:05:06,735 - INFO - Baking_EEG._1_preprocess - Bad channels : ,['E55', 'VREF']
2025-02-21 11:05:07,972 - INFO - Baking_EEG._1_preprocess - Saved preprocessed data C:\Users\adminlocal\Desktop\ConnectDoc\EEG_2025_CAP_FPerrin_Vera\Analysis_Baking_EEG_Vera\data_preproc/TLB3_Resting_preproc.fif
2025-02-21 11:06:21,380 - INFO - Baking_EEG._2_cleaning - Nb blink found : ,335
2025-02-21 11:07:05,663 - INFO - Baking_EEG._2_cleaning - components excluded = [2, 0]
2025-02-21 11:07:58,838 - INFO - Baking_EEG._1_preprocess - Raw data info ch_names: ,['E1', 'E2', 'E3', 'E4', 'E5', 'E6', 'E7', 'E8', 'E9', 'E10', 'E11', 'E12', 'E13', 'E14', 'E15', 'E16', 'E17', 'E18', 'E19', 'E20', 'E21', 'E22', 'E23', 'E24', 'E25', 'E26', 'E27', 'E28', 'E29', 'E30', 'E31', 'E32', 'E33', 'E34', 'E35', 'E36', 'E37', 'E38', 'E39', 'E40', 'E41', 'E42', 'E43', 'E44', 'E45', 'E46', 'E47', 'E48', 'E49', 'E50', 'E51', 'E52', 'E53', 'E54', 'E55', 'E56', 'E57', 'E58', 'E59', 'E60', 'E61', 'E62', 'E63', 'E64', 'E65', 'E66', 'E67', 'E68', 'E69', 'E70', 'E71', 'E72', 'E73', 'E74', 'E75', 'E76', 'E77', 'E78', 'E79', 'E80', 'E81', 'E82', 'E83', 'E84', 'E85', 'E86', 'E87', 'E88', 'E89', 'E90', 'E91', 'E92', 'E93', 'E94', 'E95', 'E96', 'E97', 'E98', 'E99', 'E100', 'E101', 'E102', 'E103', 'E104', 'E105', 'E106', 'E107', 'E108', 'E109', 'E110', 'E111', 'E112', 'E113', 'E114', 'E115', 'E116', 'E117', 'E118', 'E119', 'E120', 'E121', 'E122', 'E123', 'E124', 'E125', 'E126', 'E127', 'E128', 'VREF']
2025-02-21 11:07:58,838 - INFO - Baking_EEG._1_preprocess - Raw data info channels: ,129
2025-02-21 11:07:58,838 - INFO - Baking_EEG._1_preprocess - Raw data info highpass: ,0.0
2025-02-21 11:07:58,838 - INFO - Baking_EEG._1_preprocess - Raw data info lowpass: ,125.0
2025-02-21 11:07:58,838 - INFO - Baking_EEG._1_preprocess - Raw data info sfreq: ,250.0
2025-02-21 11:09:19,121 - INFO - Baking_EEG._1_preprocess - Raw data info ch_names: ,['E1', 'E2', 'E3', 'E4', 'E5', 'E6', 'E7', 'E8', 'E9', 'E10', 'E11', 'E12', 'E13', 'E14', 'E15', 'E16', 'E17', 'E18', 'E19', 'E20', 'E21', 'E22', 'E23', 'E24', 'E25', 'E26', 'E27', 'E28', 'E29', 'E30', 'E31', 'E32', 'E33', 'E34', 'E35', 'E36', 'E37', 'E38', 'E39', 'E40', 'E41', 'E42', 'E43', 'E44', 'E45', 'E46', 'E47', 'E48', 'E49', 'E50', 'E51', 'E52', 'E53', 'E54', 'E55', 'E56', 'E57', 'E58', 'E59', 'E60', 'E61', 'E62', 'E63', 'E64', 'E65', 'E66', 'E67', 'E68', 'E69', 'E70', 'E71', 'E72', 'E73', 'E74', 'E75', 'E76', 'E77', 'E78', 'E79', 'E80', 'E81', 'E82', 'E83', 'E84', 'E85', 'E86', 'E87', 'E88', 'E89', 'E90', 'E91', 'E92', 'E93', 'E94', 'E95', 'E96', 'E97', 'E98', 'E99', 'E100', 'E101', 'E102', 'E103', 'E104', 'E105', 'E106', 'E107', 'E108', 'E109', 'E110', 'E111', 'E112', 'E113', 'E114', 'E115', 'E116', 'E117', 'E118', 'E119', 'E120', 'E121', 'E122', 'E123', 'E124', 'E125', 'E126', 'E127', 'E128', 'VREF']
2025-02-21 11:09:19,121 - INFO - Baking_EEG._1_preprocess - Raw data info channels: ,129
2025-02-21 11:09:19,121 - INFO - Baking_EEG._1_preprocess - Raw data info highpass: ,0.0
2025-02-21 11:09:19,121 - INFO - Baking_EEG._1_preprocess - Raw data info lowpass: ,125.0
2025-02-21 11:09:19,121 - INFO - Baking_EEG._1_preprocess - Raw data info sfreq: ,250.0
2025-02-21 11:10:29,768 - INFO - Baking_EEG._1_preprocess - Bad channels : ,['E116', 'E117', 'E123', 'E122', 'E110', 'E7', 'VREF']
2025-02-21 11:10:31,057 - INFO - Baking_EEG._1_preprocess - Saved preprocessed data C:\Users\adminlocal\Desktop\ConnectDoc\EEG_2025_CAP_FPerrin_Vera\Analysis_Baking_EEG_Vera\data_preproc/TSS4_Resting_preproc.fif
2025-02-21 11:10:37,376 - INFO - Baking_EEG._2_cleaning - Nb blink found : ,8
2025-02-21 11:12:14,225 - INFO - Baking_EEG._1_preprocess - Raw data info ch_names: ,['E1', 'E2', 'E3', 'E4', 'E5', 'E6', 'E7', 'E8', 'E9', 'E10', 'E11', 'E12', 'E13', 'E14', 'E15', 'E16', 'E17', 'E18', 'E19', 'E20', 'E21', 'E22', 'E23', 'E24', 'E25', 'E26', 'E27', 'E28', 'E29', 'E30', 'E31', 'E32', 'E33', 'E34', 'E35', 'E36', 'E37', 'E38', 'E39', 'E40', 'E41', 'E42', 'E43', 'E44', 'E45', 'E46', 'E47', 'E48', 'E49', 'E50', 'E51', 'E52', 'E53', 'E54', 'E55', 'E56', 'E57', 'E58', 'E59', 'E60', 'E61', 'E62', 'E63', 'E64', 'E65', 'E66', 'E67', 'E68', 'E69', 'E70', 'E71', 'E72', 'E73', 'E74', 'E75', 'E76', 'E77', 'E78', 'E79', 'E80', 'E81', 'E82', 'E83', 'E84', 'E85', 'E86', 'E87', 'E88', 'E89', 'E90', 'E91', 'E92', 'E93', 'E94', 'E95', 'E96', 'E97', 'E98', 'E99', 'E100', 'E101', 'E102', 'E103', 'E104', 'E105', 'E106', 'E107', 'E108', 'E109', 'E110', 'E111', 'E112', 'E113', 'E114', 'E115', 'E116', 'E117', 'E118', 'E119', 'E120', 'E121', 'E122', 'E123', 'E124', 'E125', 'E126', 'E127', 'E128', 'VREF']
2025-02-21 11:12:14,225 - INFO - Baking_EEG._1_preprocess - Raw data info channels: ,129
2025-02-21 11:12:14,225 - INFO - Baking_EEG._1_preprocess - Raw data info highpass: ,0.0
2025-02-21 11:12:14,225 - INFO - Baking_EEG._1_preprocess - Raw data info lowpass: ,125.0
2025-02-21 11:12:14,225 - INFO - Baking_EEG._1_preprocess - Raw data info sfreq: ,250.0
2025-02-21 11:14:14,015 - INFO - Baking_EEG._1_preprocess - Bad channels : ,['E7', 'VREF']
2025-02-21 11:14:15,137 - INFO - Baking_EEG._1_preprocess - Saved preprocessed data C:\Users\adminlocal\Desktop\ConnectDoc\EEG_2025_CAP_FPerrin_Vera\Analysis_Baking_EEG_Vera\data_preproc/TCG5_Resting_preproc.fif
2025-02-21 11:15:25,905 - INFO - Baking_EEG._1_preprocess - Raw data info ch_names: ,['E1', 'E2', 'E3', 'E4', 'E5', 'E6', 'E7', 'E8', 'E9', 'E10', 'E11', 'E12', 'E13', 'E14', 'E15', 'E16', 'E17', 'E18', 'E19', 'E20', 'E21', 'E22', 'E23', 'E24', 'E25', 'E26', 'E27', 'E28', 'E29', 'E30', 'E31', 'E32', 'E33', 'E34', 'E35', 'E36', 'E37', 'E38', 'E39', 'E40', 'E41', 'E42', 'E43', 'E44', 'E45', 'E46', 'E47', 'E48', 'E49', 'E50', 'E51', 'E52', 'E53', 'E54', 'E55', 'E56', 'E57', 'E58', 'E59', 'E60', 'E61', 'E62', 'E63', 'E64', 'E65', 'E66', 'E67', 'E68', 'E69', 'E70', 'E71', 'E72', 'E73', 'E74', 'E75', 'E76', 'E77', 'E78', 'E79', 'E80', 'E81', 'E82', 'E83', 'E84', 'E85', 'E86', 'E87', 'E88', 'E89', 'E90', 'E91', 'E92', 'E93', 'E94', 'E95', 'E96', 'E97', 'E98', 'E99', 'E100', 'E101', 'E102', 'E103', 'E104', 'E105', 'E106', 'E107', 'E108', 'E109', 'E110', 'E111', 'E112', 'E113', 'E114', 'E115', 'E116', 'E117', 'E118', 'E119', 'E120', 'E121', 'E122', 'E123', 'E124', 'E125', 'E126', 'E127', 'E128', 'VREF']
2025-02-21 11:15:25,905 - INFO - Baking_EEG._1_preprocess - Raw data info channels: ,129
2025-02-21 11:15:25,905 - INFO - Baking_EEG._1_preprocess - Raw data info highpass: ,0.0
2025-02-21 11:15:25,905 - INFO - Baking_EEG._1_preprocess - Raw data info lowpass: ,125.0
2025-02-21 11:15:25,905 - INFO - Baking_EEG._1_preprocess - Raw data info sfreq: ,250.0
2025-02-21 11:15:35,914 - INFO - Baking_EEG._1_preprocess - Bad channels : ,['E7', 'VREF']
2025-02-21 11:15:37,048 - INFO - Baking_EEG._1_preprocess - Saved preprocessed data C:\Users\adminlocal\Desktop\ConnectDoc\EEG_2025_CAP_FPerrin_Vera\Analysis_Baking_EEG_Vera\data_preproc/TCG5_Resting_preproc.fif
2025-02-21 11:15:42,464 - INFO - Baking_EEG._2_cleaning - Nb blink found : ,170
2025-02-21 11:17:38,500 - INFO - Baking_EEG._2_cleaning - components excluded = [0]
2025-02-21 11:18:09,480 - INFO - Baking_EEG._1_preprocess - Raw data info ch_names: ,['E1', 'E2', 'E3', 'E4', 'E5', 'E6', 'E7', 'E8', 'E9', 'E10', 'E11', 'E12', 'E13', 'E14', 'E15', 'E16', 'E17', 'E18', 'E19', 'E20', 'E21', 'E22', 'E23', 'E24', 'E25', 'E26', 'E27', 'E28', 'E29', 'E30', 'E31', 'E32', 'E33', 'E34', 'E35', 'E36', 'E37', 'E38', 'E39', 'E40', 'E41', 'E42', 'E43', 'E44', 'E45', 'E46', 'E47', 'E48', 'E49', 'E50', 'E51', 'E52', 'E53', 'E54', 'E55', 'E56', 'E57', 'E58', 'E59', 'E60', 'E61', 'E62', 'E63', 'E64', 'E65', 'E66', 'E67', 'E68', 'E69', 'E70', 'E71', 'E72', 'E73', 'E74', 'E75', 'E76', 'E77', 'E78', 'E79', 'E80', 'E81', 'E82', 'E83', 'E84', 'E85', 'E86', 'E87', 'E88', 'E89', 'E90', 'E91', 'E92', 'E93', 'E94', 'E95', 'E96', 'E97', 'E98', 'E99', 'E100', 'E101', 'E102', 'E103', 'E104', 'E105', 'E106', 'E107', 'E108', 'E109', 'E110', 'E111', 'E112', 'E113', 'E114', 'E115', 'E116', 'E117', 'E118', 'E119', 'E120', 'E121', 'E122', 'E123', 'E124', 'E125', 'E126', 'E127', 'E128', 'VREF']
2025-02-21 11:18:09,480 - INFO - Baking_EEG._1_preprocess - Raw data info channels: ,129
2025-02-21 11:18:09,480 - INFO - Baking_EEG._1_preprocess - Raw data info highpass: ,0.0
2025-02-21 11:18:09,481 - INFO - Baking_EEG._1_preprocess - Raw data info lowpass: ,125.0
2025-02-21 11:18:09,481 - INFO - Baking_EEG._1_preprocess - Raw data info sfreq: ,250.0
2025-02-21 11:19:39,451 - INFO - Baking_EEG._1_preprocess - Raw data info ch_names: ,['E1', 'E2', 'E3', 'E4', 'E5', 'E6', 'E7', 'E8', 'E9', 'E10', 'E11', 'E12', 'E13', 'E14', 'E15', 'E16', 'E17', 'E18', 'E19', 'E20', 'E21', 'E22', 'E23', 'E24', 'E25', 'E26', 'E27', 'E28', 'E29', 'E30', 'E31', 'E32', 'E33', 'E34', 'E35', 'E36', 'E37', 'E38', 'E39', 'E40', 'E41', 'E42', 'E43', 'E44', 'E45', 'E46', 'E47', 'E48', 'E49', 'E50', 'E51', 'E52', 'E53', 'E54', 'E55', 'E56', 'E57', 'E58', 'E59', 'E60', 'E61', 'E62', 'E63', 'E64', 'E65', 'E66', 'E67', 'E68', 'E69', 'E70', 'E71', 'E72', 'E73', 'E74', 'E75', 'E76', 'E77', 'E78', 'E79', 'E80', 'E81', 'E82', 'E83', 'E84', 'E85', 'E86', 'E87', 'E88', 'E89', 'E90', 'E91', 'E92', 'E93', 'E94', 'E95', 'E96', 'E97', 'E98', 'E99', 'E100', 'E101', 'E102', 'E103', 'E104', 'E105', 'E106', 'E107', 'E108', 'E109', 'E110', 'E111', 'E112', 'E113', 'E114', 'E115', 'E116', 'E117', 'E118', 'E119', 'E120', 'E121', 'E122', 'E123', 'E124', 'E125', 'E126', 'E127', 'E128', 'VREF']
2025-02-21 11:19:39,451 - INFO - Baking_EEG._1_preprocess - Raw data info channels: ,129
2025-02-21 11:19:39,451 - INFO - Baking_EEG._1_preprocess - Raw data info highpass: ,0.0
2025-02-21 11:19:39,451 - INFO - Baking_EEG._1_preprocess - Raw data info lowpass: ,125.0
2025-02-21 11:19:39,451 - INFO - Baking_EEG._1_preprocess - Raw data info sfreq: ,250.0
2025-02-21 11:20:56,253 - INFO - Baking_EEG._1_preprocess - Raw data info ch_names: ,['E1', 'E2', 'E3', 'E4', 'E5', 'E6', 'E7', 'E8', 'E9', 'E10', 'E11', 'E12', 'E13', 'E14', 'E15', 'E16', 'E17', 'E18', 'E19', 'E20', 'E21', 'E22', 'E23', 'E24', 'E25', 'E26', 'E27', 'E28', 'E29', 'E30', 'E31', 'E32', 'E33', 'E34', 'E35', 'E36', 'E37', 'E38', 'E39', 'E40', 'E41', 'E42', 'E43', 'E44', 'E45', 'E46', 'E47', 'E48', 'E49', 'E50', 'E51', 'E52', 'E53', 'E54', 'E55', 'E56', 'E57', 'E58', 'E59', 'E60', 'E61', 'E62', 'E63', 'E64', 'E65', 'E66', 'E67', 'E68', 'E69', 'E70', 'E71', 'E72', 'E73', 'E74', 'E75', 'E76', 'E77', 'E78', 'E79', 'E80', 'E81', 'E82', 'E83', 'E84', 'E85', 'E86', 'E87', 'E88', 'E89', 'E90', 'E91', 'E92', 'E93', 'E94', 'E95', 'E96', 'E97', 'E98', 'E99', 'E100', 'E101', 'E102', 'E103', 'E104', 'E105', 'E106', 'E107', 'E108', 'E109', 'E110', 'E111', 'E112', 'E113', 'E114', 'E115', 'E116', 'E117', 'E118', 'E119', 'E120', 'E121', 'E122', 'E123', 'E124', 'E125', 'E126', 'E127', 'E128', 'VREF']
2025-02-21 11:20:56,253 - INFO - Baking_EEG._1_preprocess - Raw data info channels: ,129
2025-02-21 11:20:56,253 - INFO - Baking_EEG._1_preprocess - Raw data info highpass: ,0.0
2025-02-21 11:20:56,253 - INFO - Baking_EEG._1_preprocess - Raw data info lowpass: ,125.0
2025-02-21 11:20:56,253 - INFO - Baking_EEG._1_preprocess - Raw data info sfreq: ,250.0
2025-02-21 11:21:05,480 - INFO - Baking_EEG._1_preprocess - Bad channels : ,['VREF']
2025-02-21 11:21:06,615 - INFO - Baking_EEG._1_preprocess - Saved preprocessed data C:\Users\adminlocal\Desktop\ConnectDoc\EEG_2025_CAP_FPerrin_Vera\Analysis_Baking_EEG_Vera\data_preproc/TFB6_Resting_preproc.fif
2025-02-21 11:25:50,228 - INFO - Baking_EEG._2_cleaning - Nb blink found : ,152
2025-02-21 11:26:15,322 - INFO - Baking_EEG._2_cleaning - components excluded = []
2025-02-21 11:26:47,695 - INFO - Baking_EEG._1_preprocess - Raw data info ch_names: ,['E1', 'E2', 'E3', 'E4', 'E5', 'E6', 'E7', 'E8', 'E9', 'E10', 'E11', 'E12', 'E13', 'E14', 'E15', 'E16', 'E17', 'E18', 'E19', 'E20', 'E21', 'E22', 'E23', 'E24', 'E25', 'E26', 'E27', 'E28', 'E29', 'E30', 'E31', 'E32', 'E33', 'E34', 'E35', 'E36', 'E37', 'E38', 'E39', 'E40', 'E41', 'E42', 'E43', 'E44', 'E45', 'E46', 'E47', 'E48', 'E49', 'E50', 'E51', 'E52', 'E53', 'E54', 'E55', 'E56', 'E57', 'E58', 'E59', 'E60', 'E61', 'E62', 'E63', 'E64', 'E65', 'E66', 'E67', 'E68', 'E69', 'E70', 'E71', 'E72', 'E73', 'E74', 'E75', 'E76', 'E77', 'E78', 'E79', 'E80', 'E81', 'E82', 'E83', 'E84', 'E85', 'E86', 'E87', 'E88', 'E89', 'E90', 'E91', 'E92', 'E93', 'E94', 'E95', 'E96', 'E97', 'E98', 'E99', 'E100', 'E101', 'E102', 'E103', 'E104', 'E105', 'E106', 'E107', 'E108', 'E109', 'E110', 'E111', 'E112', 'E113', 'E114', 'E115', 'E116', 'E117', 'E118', 'E119', 'E120', 'E121', 'E122', 'E123', 'E124', 'E125', 'E126', 'E127', 'E128', 'VREF']
2025-02-21 11:26:47,695 - INFO - Baking_EEG._1_preprocess - Raw data info channels: ,129
2025-02-21 11:26:47,695 - INFO - Baking_EEG._1_preprocess - Raw data info highpass: ,0.0
2025-02-21 11:26:47,696 - INFO - Baking_EEG._1_preprocess - Raw data info lowpass: ,125.0
2025-02-21 11:26:47,696 - INFO - Baking_EEG._1_preprocess - Raw data info sfreq: ,250.0
2025-02-21 11:27:19,895 - INFO - Baking_EEG._1_preprocess - Raw data info ch_names: ,['E1', 'E2', 'E3', 'E4', 'E5', 'E6', 'E7', 'E8', 'E9', 'E10', 'E11', 'E12', 'E13', 'E14', 'E15', 'E16', 'E17', 'E18', 'E19', 'E20', 'E21', 'E22', 'E23', 'E24', 'E25', 'E26', 'E27', 'E28', 'E29', 'E30', 'E31', 'E32', 'E33', 'E34', 'E35', 'E36', 'E37', 'E38', 'E39', 'E40', 'E41', 'E42', 'E43', 'E44', 'E45', 'E46', 'E47', 'E48', 'E49', 'E50', 'E51', 'E52', 'E53', 'E54', 'E55', 'E56', 'E57', 'E58', 'E59', 'E60', 'E61', 'E62', 'E63', 'E64', 'E65', 'E66', 'E67', 'E68', 'E69', 'E70', 'E71', 'E72', 'E73', 'E74', 'E75', 'E76', 'E77', 'E78', 'E79', 'E80', 'E81', 'E82', 'E83', 'E84', 'E85', 'E86', 'E87', 'E88', 'E89', 'E90', 'E91', 'E92', 'E93', 'E94', 'E95', 'E96', 'E97', 'E98', 'E99', 'E100', 'E101', 'E102', 'E103', 'E104', 'E105', 'E106', 'E107', 'E108', 'E109', 'E110', 'E111', 'E112', 'E113', 'E114', 'E115', 'E116', 'E117', 'E118', 'E119', 'E120', 'E121', 'E122', 'E123', 'E124', 'E125', 'E126', 'E127', 'E128', 'VREF']
2025-02-21 11:27:19,895 - INFO - Baking_EEG._1_preprocess - Raw data info channels: ,129
2025-02-21 11:27:19,895 - INFO - Baking_EEG._1_preprocess - Raw data info highpass: ,0.0
2025-02-21 11:27:19,895 - INFO - Baking_EEG._1_preprocess - Raw data info lowpass: ,125.0
2025-02-21 11:27:19,896 - INFO - Baking_EEG._1_preprocess - Raw data info sfreq: ,250.0
2025-02-21 11:27:53,023 - INFO - Baking_EEG._1_preprocess - Bad channels : ,['VREF']
2025-02-21 11:27:54,263 - INFO - Baking_EEG._1_preprocess - Saved preprocessed data C:\Users\adminlocal\Desktop\ConnectDoc\EEG_2025_CAP_FPerrin_Vera\Analysis_Baking_EEG_Vera\data_preproc/TAK7_Resting_preproc.fif
2025-02-21 11:28:12,137 - INFO - Baking_EEG._2_cleaning - Nb blink found : ,6
2025-02-21 11:28:34,966 - INFO - Baking_EEG._1_preprocess - Raw data info ch_names: ,['E1', 'E2', 'E3', 'E4', 'E5', 'E6', 'E7', 'E8', 'E9', 'E10', 'E11', 'E12', 'E13', 'E14', 'E15', 'E16', 'E17', 'E18', 'E19', 'E20', 'E21', 'E22', 'E23', 'E24', 'E25', 'E26', 'E27', 'E28', 'E29', 'E30', 'E31', 'E32', 'E33', 'E34', 'E35', 'E36', 'E37', 'E38', 'E39', 'E40', 'E41', 'E42', 'E43', 'E44', 'E45', 'E46', 'E47', 'E48', 'E49', 'E50', 'E51', 'E52', 'E53', 'E54', 'E55', 'E56', 'E57', 'E58', 'E59', 'E60', 'E61', 'E62', 'E63', 'E64', 'E65', 'E66', 'E67', 'E68', 'E69', 'E70', 'E71', 'E72', 'E73', 'E74', 'E75', 'E76', 'E77', 'E78', 'E79', 'E80', 'E81', 'E82', 'E83', 'E84', 'E85', 'E86', 'E87', 'E88', 'E89', 'E90', 'E91', 'E92', 'E93', 'E94', 'E95', 'E96', 'E97', 'E98', 'E99', 'E100', 'E101', 'E102', 'E103', 'E104', 'E105', 'E106', 'E107', 'E108', 'E109', 'E110', 'E111', 'E112', 'E113', 'E114', 'E115', 'E116', 'E117', 'E118', 'E119', 'E120', 'E121', 'E122', 'E123', 'E124', 'E125', 'E126', 'E127', 'E128', 'VREF']
2025-02-21 11:28:34,966 - INFO - Baking_EEG._1_preprocess - Raw data info channels: ,129
2025-02-21 11:28:34,966 - INFO - Baking_EEG._1_preprocess - Raw data info highpass: ,0.0
2025-02-21 11:28:34,966 - INFO - Baking_EEG._1_preprocess - Raw data info lowpass: ,125.0
2025-02-21 11:28:34,966 - INFO - Baking_EEG._1_preprocess - Raw data info sfreq: ,250.0
2025-02-21 11:29:01,582 - INFO - Baking_EEG._1_preprocess - Raw data info ch_names: ,['E1', 'E2', 'E3', 'E4', 'E5', 'E6', 'E7', 'E8', 'E9', 'E10', 'E11', 'E12', 'E13', 'E14', 'E15', 'E16', 'E17', 'E18', 'E19', 'E20', 'E21', 'E22', 'E23', 'E24', 'E25', 'E26', 'E27', 'E28', 'E29', 'E30', 'E31', 'E32', 'E33', 'E34', 'E35', 'E36', 'E37', 'E38', 'E39', 'E40', 'E41', 'E42', 'E43', 'E44', 'E45', 'E46', 'E47', 'E48', 'E49', 'E50', 'E51', 'E52', 'E53', 'E54', 'E55', 'E56', 'E57', 'E58', 'E59', 'E60', 'E61', 'E62', 'E63', 'E64', 'E65', 'E66', 'E67', 'E68', 'E69', 'E70', 'E71', 'E72', 'E73', 'E74', 'E75', 'E76', 'E77', 'E78', 'E79', 'E80', 'E81', 'E82', 'E83', 'E84', 'E85', 'E86', 'E87', 'E88', 'E89', 'E90', 'E91', 'E92', 'E93', 'E94', 'E95', 'E96', 'E97', 'E98', 'E99', 'E100', 'E101', 'E102', 'E103', 'E104', 'E105', 'E106', 'E107', 'E108', 'E109', 'E110', 'E111', 'E112', 'E113', 'E114', 'E115', 'E116', 'E117', 'E118', 'E119', 'E120', 'E121', 'E122', 'E123', 'E124', 'E125', 'E126', 'E127', 'E128', 'VREF']
2025-02-21 11:29:01,583 - INFO - Baking_EEG._1_preprocess - Raw data info channels: ,129
2025-02-21 11:29:01,583 - INFO - Baking_EEG._1_preprocess - Raw data info highpass: ,0.0
2025-02-21 11:29:01,583 - INFO - Baking_EEG._1_preprocess - Raw data info lowpass: ,125.0
2025-02-21 11:29:01,583 - INFO - Baking_EEG._1_preprocess - Raw data info sfreq: ,250.0
2025-02-21 11:30:01,366 - INFO - Baking_EEG._1_preprocess - Bad channels : ,['VREF']
2025-02-21 11:30:02,747 - INFO - Baking_EEG._1_preprocess - Saved preprocessed data C:\Users\adminlocal\Desktop\ConnectDoc\EEG_2025_CAP_FPerrin_Vera\Analysis_Baking_EEG_Vera\data_preproc/TGD8_Resting_preproc.fif
2025-02-21 11:30:12,952 - INFO - Baking_EEG._1_preprocess - Raw data info ch_names: ,['E1', 'E2', 'E3', 'E4', 'E5', 'E6', 'E7', 'E8', 'E9', 'E10', 'E11', 'E12', 'E13', 'E14', 'E15', 'E16', 'E17', 'E18', 'E19', 'E20', 'E21', 'E22', 'E23', 'E24', 'E25', 'E26', 'E27', 'E28', 'E29', 'E30', 'E31', 'E32', 'E33', 'E34', 'E35', 'E36', 'E37', 'E38', 'E39', 'E40', 'E41', 'E42', 'E43', 'E44', 'E45', 'E46', 'E47', 'E48', 'E49', 'E50', 'E51', 'E52', 'E53', 'E54', 'E55', 'E56', 'E57', 'E58', 'E59', 'E60', 'E61', 'E62', 'E63', 'E64', 'E65', 'E66', 'E67', 'E68', 'E69', 'E70', 'E71', 'E72', 'E73', 'E74', 'E75', 'E76', 'E77', 'E78', 'E79', 'E80', 'E81', 'E82', 'E83', 'E84', 'E85', 'E86', 'E87', 'E88', 'E89', 'E90', 'E91', 'E92', 'E93', 'E94', 'E95', 'E96', 'E97', 'E98', 'E99', 'E100', 'E101', 'E102', 'E103', 'E104', 'E105', 'E106', 'E107', 'E108', 'E109', 'E110', 'E111', 'E112', 'E113', 'E114', 'E115', 'E116', 'E117', 'E118', 'E119', 'E120', 'E121', 'E122', 'E123', 'E124', 'E125', 'E126', 'E127', 'E128', 'VREF']
2025-02-21 11:30:12,952 - INFO - Baking_EEG._1_preprocess - Raw data info channels: ,129
2025-02-21 11:30:12,952 - INFO - Baking_EEG._1_preprocess - Raw data info highpass: ,0.0
2025-02-21 11:30:12,952 - INFO - Baking_EEG._1_preprocess - Raw data info lowpass: ,125.0
2025-02-21 11:30:12,952 - INFO - Baking_EEG._1_preprocess - Raw data info sfreq: ,250.0
2025-02-21 11:30:54,213 - INFO - Baking_EEG._1_preprocess - Raw data info ch_names: ,['E1', 'E2', 'E3', 'E4', 'E5', 'E6', 'E7', 'E8', 'E9', 'E10', 'E11', 'E12', 'E13', 'E14', 'E15', 'E16', 'E17', 'E18', 'E19', 'E20', 'E21', 'E22', 'E23', 'E24', 'E25', 'E26', 'E27', 'E28', 'E29', 'E30', 'E31', 'E32', 'E33', 'E34', 'E35', 'E36', 'E37', 'E38', 'E39', 'E40', 'E41', 'E42', 'E43', 'E44', 'E45', 'E46', 'E47', 'E48', 'E49', 'E50', 'E51', 'E52', 'E53', 'E54', 'E55', 'E56', 'E57', 'E58', 'E59', 'E60', 'E61', 'E62', 'E63', 'E64', 'E65', 'E66', 'E67', 'E68', 'E69', 'E70', 'E71', 'E72', 'E73', 'E74', 'E75', 'E76', 'E77', 'E78', 'E79', 'E80', 'E81', 'E82', 'E83', 'E84', 'E85', 'E86', 'E87', 'E88', 'E89', 'E90', 'E91', 'E92', 'E93', 'E94', 'E95', 'E96', 'E97', 'E98', 'E99', 'E100', 'E101', 'E102', 'E103', 'E104', 'E105', 'E106', 'E107', 'E108', 'E109', 'E110', 'E111', 'E112', 'E113', 'E114', 'E115', 'E116', 'E117', 'E118', 'E119', 'E120', 'E121', 'E122', 'E123', 'E124', 'E125', 'E126', 'E127', 'E128', 'VREF']
2025-02-21 11:30:54,213 - INFO - Baking_EEG._1_preprocess - Raw data info channels: ,129
2025-02-21 11:30:54,214 - INFO - Baking_EEG._1_preprocess - Raw data info highpass: ,0.0
2025-02-21 11:30:54,214 - INFO - Baking_EEG._1_preprocess - Raw data info lowpass: ,125.0
2025-02-21 11:30:54,214 - INFO - Baking_EEG._1_preprocess - Raw data info sfreq: ,250.0
2025-02-21 11:31:27,392 - INFO - Baking_EEG._1_preprocess - Bad channels : ,['VREF']
2025-02-21 11:31:28,761 - INFO - Baking_EEG._1_preprocess - Saved preprocessed data C:\Users\adminlocal\Desktop\ConnectDoc\EEG_2025_CAP_FPerrin_Vera\Analysis_Baking_EEG_Vera\data_preproc/TGD8_Resting_preproc.fif
2025-02-21 11:31:34,917 - INFO - Baking_EEG._2_cleaning - Nb blink found : ,222
2025-02-21 11:32:12,292 - INFO - Baking_EEG._2_cleaning - components excluded = [0]
2025-02-21 11:32:39,066 - INFO - Baking_EEG._1_preprocess - Raw data info ch_names: ,['E1', 'E2', 'E3', 'E4', 'E5', 'E6', 'E7', 'E8', 'E9', 'E10', 'E11', 'E12', 'E13', 'E14', 'E15', 'E16', 'E17', 'E18', 'E19', 'E20', 'E21', 'E22', 'E23', 'E24', 'E25', 'E26', 'E27', 'E28', 'E29', 'E30', 'E31', 'E32', 'E33', 'E34', 'E35', 'E36', 'E37', 'E38', 'E39', 'E40', 'E41', 'E42', 'E43', 'E44', 'E45', 'E46', 'E47', 'E48', 'E49', 'E50', 'E51', 'E52', 'E53', 'E54', 'E55', 'E56', 'E57', 'E58', 'E59', 'E60', 'E61', 'E62', 'E63', 'E64', 'E65', 'E66', 'E67', 'E68', 'E69', 'E70', 'E71', 'E72', 'E73', 'E74', 'E75', 'E76', 'E77', 'E78', 'E79', 'E80', 'E81', 'E82', 'E83', 'E84', 'E85', 'E86', 'E87', 'E88', 'E89', 'E90', 'E91', 'E92', 'E93', 'E94', 'E95', 'E96', 'E97', 'E98', 'E99', 'E100', 'E101', 'E102', 'E103', 'E104', 'E105', 'E106', 'E107', 'E108', 'E109', 'E110', 'E111', 'E112', 'E113', 'E114', 'E115', 'E116', 'E117', 'E118', 'E119', 'E120', 'E121', 'E122', 'E123', 'E124', 'E125', 'E126', 'E127', 'E128', 'VREF', 'DIN4', 'STI 014']
2025-02-21 11:32:39,066 - INFO - Baking_EEG._1_preprocess - Raw data info channels: ,131
2025-02-21 11:32:39,066 - INFO - Baking_EEG._1_preprocess - Raw data info highpass: ,0.0
2025-02-21 11:32:39,066 - INFO - Baking_EEG._1_preprocess - Raw data info lowpass: ,125.0
2025-02-21 11:32:39,066 - INFO - Baking_EEG._1_preprocess - Raw data info sfreq: ,250.0
2025-02-21 11:33:00,409 - INFO - Baking_EEG._1_preprocess - Raw data info ch_names: ,['E1', 'E2', 'E3', 'E4', 'E5', 'E6', 'E7', 'E8', 'E9', 'E10', 'E11', 'E12', 'E13', 'E14', 'E15', 'E16', 'E17', 'E18', 'E19', 'E20', 'E21', 'E22', 'E23', 'E24', 'E25', 'E26', 'E27', 'E28', 'E29', 'E30', 'E31', 'E32', 'E33', 'E34', 'E35', 'E36', 'E37', 'E38', 'E39', 'E40', 'E41', 'E42', 'E43', 'E44', 'E45', 'E46', 'E47', 'E48', 'E49', 'E50', 'E51', 'E52', 'E53', 'E54', 'E55', 'E56', 'E57', 'E58', 'E59', 'E60', 'E61', 'E62', 'E63', 'E64', 'E65', 'E66', 'E67', 'E68', 'E69', 'E70', 'E71', 'E72', 'E73', 'E74', 'E75', 'E76', 'E77', 'E78', 'E79', 'E80', 'E81', 'E82', 'E83', 'E84', 'E85', 'E86', 'E87', 'E88', 'E89', 'E90', 'E91', 'E92', 'E93', 'E94', 'E95', 'E96', 'E97', 'E98', 'E99', 'E100', 'E101', 'E102', 'E103', 'E104', 'E105', 'E106', 'E107', 'E108', 'E109', 'E110', 'E111', 'E112', 'E113', 'E114', 'E115', 'E116', 'E117', 'E118', 'E119', 'E120', 'E121', 'E122', 'E123', 'E124', 'E125', 'E126', 'E127', 'E128', 'VREF', 'DIN4', 'STI 014']
2025-02-21 11:33:00,409 - INFO - Baking_EEG._1_preprocess - Raw data info channels: ,131
2025-02-21 11:33:00,409 - INFO - Baking_EEG._1_preprocess - Raw data info highpass: ,0.0
2025-02-21 11:33:00,409 - INFO - Baking_EEG._1_preprocess - Raw data info lowpass: ,125.0
2025-02-21 11:33:00,409 - INFO - Baking_EEG._1_preprocess - Raw data info sfreq: ,250.0
2025-02-21 11:33:31,898 - INFO - Baking_EEG._1_preprocess - Bad channels : ,['VREF']
2025-02-21 11:33:34,038 - INFO - Baking_EEG._1_preprocess - Saved preprocessed data C:\Users\adminlocal\Desktop\ConnectDoc\EEG_2025_CAP_FPerrin_Vera\Analysis_Baking_EEG_Vera\data_preproc/TVR9_Resting_preproc.fif
2025-02-21 11:33:40,612 - INFO - Baking_EEG._2_cleaning - Nb blink found : ,1
2025-02-21 11:34:16,807 - INFO - Baking_EEG._1_preprocess - Raw data info ch_names: ,['E1', 'E2', 'E3', 'E4', 'E5', 'E6', 'E7', 'E8', 'E9', 'E10', 'E11', 'E12', 'E13', 'E14', 'E15', 'E16', 'E17', 'E18', 'E19', 'E20', 'E21', 'E22', 'E23', 'E24', 'E25', 'E26', 'E27', 'E28', 'E29', 'E30', 'E31', 'E32', 'E33', 'E34', 'E35', 'E36', 'E37', 'E38', 'E39', 'E40', 'E41', 'E42', 'E43', 'E44', 'E45', 'E46', 'E47', 'E48', 'E49', 'E50', 'E51', 'E52', 'E53', 'E54', 'E55', 'E56', 'E57', 'E58', 'E59', 'E60', 'E61', 'E62', 'E63', 'E64', 'E65', 'E66', 'E67', 'E68', 'E69', 'E70', 'E71', 'E72', 'E73', 'E74', 'E75', 'E76', 'E77', 'E78', 'E79', 'E80', 'E81', 'E82', 'E83', 'E84', 'E85', 'E86', 'E87', 'E88', 'E89', 'E90', 'E91', 'E92', 'E93', 'E94', 'E95', 'E96', 'E97', 'E98', 'E99', 'E100', 'E101', 'E102', 'E103', 'E104', 'E105', 'E106', 'E107', 'E108', 'E109', 'E110', 'E111', 'E112', 'E113', 'E114', 'E115', 'E116', 'E117', 'E118', 'E119', 'E120', 'E121', 'E122', 'E123', 'E124', 'E125', 'E126', 'E127', 'E128', 'VREF']
2025-02-21 11:34:16,807 - INFO - Baking_EEG._1_preprocess - Raw data info channels: ,129
2025-02-21 11:34:16,807 - INFO - Baking_EEG._1_preprocess - Raw data info highpass: ,0.0
2025-02-21 11:34:16,807 - INFO - Baking_EEG._1_preprocess - Raw data info lowpass: ,125.0
2025-02-21 11:34:16,807 - INFO - Baking_EEG._1_preprocess - Raw data info sfreq: ,250.0
2025-02-21 11:34:46,651 - INFO - Baking_EEG._1_preprocess - Raw data info ch_names: ,['E1', 'E2', 'E3', 'E4', 'E5', 'E6', 'E7', 'E8', 'E9', 'E10', 'E11', 'E12', 'E13', 'E14', 'E15', 'E16', 'E17', 'E18', 'E19', 'E20', 'E21', 'E22', 'E23', 'E24', 'E25', 'E26', 'E27', 'E28', 'E29', 'E30', 'E31', 'E32', 'E33', 'E34', 'E35', 'E36', 'E37', 'E38', 'E39', 'E40', 'E41', 'E42', 'E43', 'E44', 'E45', 'E46', 'E47', 'E48', 'E49', 'E50', 'E51', 'E52', 'E53', 'E54', 'E55', 'E56', 'E57', 'E58', 'E59', 'E60', 'E61', 'E62', 'E63', 'E64', 'E65', 'E66', 'E67', 'E68', 'E69', 'E70', 'E71', 'E72', 'E73', 'E74', 'E75', 'E76', 'E77', 'E78', 'E79', 'E80', 'E81', 'E82', 'E83', 'E84', 'E85', 'E86', 'E87', 'E88', 'E89', 'E90', 'E91', 'E92', 'E93', 'E94', 'E95', 'E96', 'E97', 'E98', 'E99', 'E100', 'E101', 'E102', 'E103', 'E104', 'E105', 'E106', 'E107', 'E108', 'E109', 'E110', 'E111', 'E112', 'E113', 'E114', 'E115', 'E116', 'E117', 'E118', 'E119', 'E120', 'E121', 'E122', 'E123', 'E124', 'E125', 'E126', 'E127', 'E128', 'VREF']
2025-02-21 11:34:46,651 - INFO - Baking_EEG._1_preprocess - Raw data info channels: ,129
2025-02-21 11:34:46,652 - INFO - Baking_EEG._1_preprocess - Raw data info highpass: ,0.0
2025-02-21 11:34:46,652 - INFO - Baking_EEG._1_preprocess - Raw data info lowpass: ,125.0
2025-02-21 11:34:46,652 - INFO - Baking_EEG._1_preprocess - Raw data info sfreq: ,250.0
2025-02-21 11:35:17,891 - INFO - Baking_EEG._1_preprocess - Bad channels : ,['VREF']
2025-02-21 11:35:19,165 - INFO - Baking_EEG._1_preprocess - Saved preprocessed data C:\Users\adminlocal\Desktop\ConnectDoc\EEG_2025_CAP_FPerrin_Vera\Analysis_Baking_EEG_Vera\data_preproc/TVM10_Resting_preproc.fif
2025-02-21 11:35:28,523 - INFO - Baking_EEG._2_cleaning - Nb blink found : ,3
2025-02-21 11:35:36,356 - INFO - Baking_EEG._1_preprocess - Raw data info ch_names: ,['E1', 'E2', 'E3', 'E4', 'E5', 'E6', 'E7', 'E8', 'E9', 'E10', 'E11', 'E12', 'E13', 'E14', 'E15', 'E16', 'E17', 'E18', 'E19', 'E20', 'E21', 'E22', 'E23', 'E24', 'E25', 'E26', 'E27', 'E28', 'E29', 'E30', 'E31', 'E32', 'E33', 'E34', 'E35', 'E36', 'E37', 'E38', 'E39', 'E40', 'E41', 'E42', 'E43', 'E44', 'E45', 'E46', 'E47', 'E48', 'E49', 'E50', 'E51', 'E52', 'E53', 'E54', 'E55', 'E56', 'E57', 'E58', 'E59', 'E60', 'E61', 'E62', 'E63', 'E64', 'E65', 'E66', 'E67', 'E68', 'E69', 'E70', 'E71', 'E72', 'E73', 'E74', 'E75', 'E76', 'E77', 'E78', 'E79', 'E80', 'E81', 'E82', 'E83', 'E84', 'E85', 'E86', 'E87', 'E88', 'E89', 'E90', 'E91', 'E92', 'E93', 'E94', 'E95', 'E96', 'E97', 'E98', 'E99', 'E100', 'E101', 'E102', 'E103', 'E104', 'E105', 'E106', 'E107', 'E108', 'E109', 'E110', 'E111', 'E112', 'E113', 'E114', 'E115', 'E116', 'E117', 'E118', 'E119', 'E120', 'E121', 'E122', 'E123', 'E124', 'E125', 'E126', 'E127', 'E128', 'VREF']
2025-02-21 11:35:36,356 - INFO - Baking_EEG._1_preprocess - Raw data info channels: ,129
2025-02-21 11:35:36,356 - INFO - Baking_EEG._1_preprocess - Raw data info highpass: ,0.0
2025-02-21 11:35:36,356 - INFO - Baking_EEG._1_preprocess - Raw data info lowpass: ,125.0
2025-02-21 11:35:36,356 - INFO - Baking_EEG._1_preprocess - Raw data info sfreq: ,250.0
2025-02-21 11:35:50,753 - INFO - Baking_EEG._1_preprocess - Raw data info ch_names: ,['E1', 'E2', 'E3', 'E4', 'E5', 'E6', 'E7', 'E8', 'E9', 'E10', 'E11', 'E12', 'E13', 'E14', 'E15', 'E16', 'E17', 'E18', 'E19', 'E20', 'E21', 'E22', 'E23', 'E24', 'E25', 'E26', 'E27', 'E28', 'E29', 'E30', 'E31', 'E32', 'E33', 'E34', 'E35', 'E36', 'E37', 'E38', 'E39', 'E40', 'E41', 'E42', 'E43', 'E44', 'E45', 'E46', 'E47', 'E48', 'E49', 'E50', 'E51', 'E52', 'E53', 'E54', 'E55', 'E56', 'E57', 'E58', 'E59', 'E60', 'E61', 'E62', 'E63', 'E64', 'E65', 'E66', 'E67', 'E68', 'E69', 'E70', 'E71', 'E72', 'E73', 'E74', 'E75', 'E76', 'E77', 'E78', 'E79', 'E80', 'E81', 'E82', 'E83', 'E84', 'E85', 'E86', 'E87', 'E88', 'E89', 'E90', 'E91', 'E92', 'E93', 'E94', 'E95', 'E96', 'E97', 'E98', 'E99', 'E100', 'E101', 'E102', 'E103', 'E104', 'E105', 'E106', 'E107', 'E108', 'E109', 'E110', 'E111', 'E112', 'E113', 'E114', 'E115', 'E116', 'E117', 'E118', 'E119', 'E120', 'E121', 'E122', 'E123', 'E124', 'E125', 'E126', 'E127', 'E128', 'VREF']
2025-02-21 11:35:50,753 - INFO - Baking_EEG._1_preprocess - Raw data info channels: ,129
2025-02-21 11:35:50,753 - INFO - Baking_EEG._1_preprocess - Raw data info highpass: ,0.0
2025-02-21 11:35:50,753 - INFO - Baking_EEG._1_preprocess - Raw data info lowpass: ,125.0
2025-02-21 11:35:50,753 - INFO - Baking_EEG._1_preprocess - Raw data info sfreq: ,250.0
2025-02-21 11:36:01,263 - INFO - Baking_EEG._1_preprocess - Bad channels : ,['VREF']
2025-02-21 11:36:02,584 - INFO - Baking_EEG._1_preprocess - Saved preprocessed data C:\Users\adminlocal\Desktop\ConnectDoc\EEG_2025_CAP_FPerrin_Vera\Analysis_Baking_EEG_Vera\data_preproc/TVM10_Resting_preproc.fif
2025-02-21 11:36:08,412 - INFO - Baking_EEG._2_cleaning - Nb blink found : ,4
2025-02-21 11:53:54,060 - INFO - Baking_EEG._3_epoch - Number of events : ,180
2025-02-21 11:53:54,076 - INFO - Baking_EEG._3_epoch - Number of events : ,180
2025-02-21 11:53:54,076 - INFO - Baking_EEG._3_epoch - Number of epochs :,60
2025-02-21 11:54:07,991 - INFO - Baking_EEG._3_epoch - Number of events : ,180
2025-02-21 11:54:07,991 - INFO - Baking_EEG._3_epoch - Number of events : ,180
2025-02-21 11:54:07,991 - INFO - Baking_EEG._3_epoch - Number of epochs :,60
2025-02-21 11:54:14,422 - INFO - Baking_EEG._3_epoch - Number of events : ,180
2025-02-21 11:54:14,422 - INFO - Baking_EEG._3_epoch - Number of events : ,180
2025-02-21 11:54:14,422 - INFO - Baking_EEG._3_epoch - Number of epochs :,42
2025-02-21 11:54:20,074 - INFO - Baking_EEG._3_epoch - Number of events : ,180
2025-02-21 11:54:20,075 - INFO - Baking_EEG._3_epoch - Number of events : ,180
2025-02-21 11:54:20,076 - INFO - Baking_EEG._3_epoch - Number of epochs :,39
2025-02-21 11:55:00,717 - INFO - Baking_EEG._3_epoch - Number of events : ,180
2025-02-21 11:55:00,717 - INFO - Baking_EEG._3_epoch - Number of events : ,180
2025-02-21 11:55:00,717 - INFO - Baking_EEG._3_epoch - Number of epochs :,47
2025-02-21 11:55:07,959 - INFO - Baking_EEG._3_epoch - Number of events : ,180
2025-02-21 11:55:07,959 - INFO - Baking_EEG._3_epoch - Number of events : ,180
2025-02-21 11:55:07,960 - INFO - Baking_EEG._3_epoch - Number of epochs :,51
2025-02-21 11:55:20,164 - INFO - Baking_EEG._3_epoch - Number of events : ,180
2025-02-21 11:55:20,164 - INFO - Baking_EEG._3_epoch - Number of events : ,180
2025-02-21 11:55:20,164 - INFO - Baking_EEG._3_epoch - Number of epochs :,59
2025-02-21 12:01:21,859 - INFO - Baking_EEG._3_epoch - Number of events : ,180
2025-02-21 12:01:21,859 - INFO - Baking_EEG._3_epoch - Number of events : ,180
2025-02-21 12:01:21,860 - INFO - Baking_EEG._3_epoch - Number of epochs :,53
2025-02-21 12:01:29,178 - INFO - Baking_EEG._3_epoch - Number of events : ,180
2025-02-21 12:01:29,178 - INFO - Baking_EEG._3_epoch - Number of events : ,180
2025-02-21 12:01:29,178 - INFO - Baking_EEG._3_epoch - Number of epochs :,54
2025-02-21 12:01:34,650 - INFO - Baking_EEG._3_epoch - Number of events : ,180
2025-02-21 12:01:34,650 - INFO - Baking_EEG._3_epoch - Number of events : ,180
2025-02-21 12:01:34,650 - INFO - Baking_EEG._3_epoch - Number of epochs :,58
2025-02-21 12:05:03,322 - INFO - Baking_EEG._3_epoch - Number of events : ,180
2025-02-21 12:05:03,322 - INFO - Baking_EEG._3_epoch - Number of events : ,180
2025-02-21 12:05:03,323 - INFO - Baking_EEG._3_epoch - Number of epochs :,47
2025-02-21 12:05:07,546 - INFO - Baking_EEG._3_epoch - Number of events : ,180
2025-02-21 12:05:07,547 - INFO - Baking_EEG._3_epoch - Number of events : ,180
2025-02-21 12:05:07,547 - INFO - Baking_EEG._3_epoch - Number of epochs :,56
2025-02-21 12:05:13,327 - INFO - Baking_EEG._3_epoch - Number of events : ,180
2025-02-21 12:05:13,327 - INFO - Baking_EEG._3_epoch - Number of events : ,180
2025-02-21 12:05:13,327 - INFO - Baking_EEG._3_epoch - Number of epochs :,53
2025-02-21 12:05:18,842 - INFO - Baking_EEG._3_epoch - Number of events : ,180
2025-02-21 12:05:18,842 - INFO - Baking_EEG._3_epoch - Number of events : ,180
2025-02-21 12:05:18,843 - INFO - Baking_EEG._3_epoch - Number of epochs :,51
2025-02-21 12:05:51,866 - INFO - Baking_EEG._3_epoch - Number of events : ,180
2025-02-21 12:05:51,866 - INFO - Baking_EEG._3_epoch - Number of events : ,180
2025-02-21 12:05:51,866 - INFO - Baking_EEG._3_epoch - Number of epochs :,60
2025-02-21 12:06:05,431 - INFO - Baking_EEG._3_epoch - Number of events : ,180
2025-02-21 12:06:05,432 - INFO - Baking_EEG._3_epoch - Number of events : ,180
2025-02-21 12:06:05,432 - INFO - Baking_EEG._3_epoch - Number of epochs :,58
2025-02-21 12:06:09,440 - INFO - Baking_EEG._3_epoch - Number of events : ,180
2025-02-21 12:06:09,440 - INFO - Baking_EEG._3_epoch - Number of events : ,180
2025-02-21 12:06:09,440 - INFO - Baking_EEG._3_epoch - Number of epochs :,60
2025-02-21 12:06:14,361 - INFO - Baking_EEG._3_epoch - Number of events : ,180
2025-02-21 12:06:14,361 - INFO - Baking_EEG._3_epoch - Number of events : ,180
2025-02-21 12:06:14,361 - INFO - Baking_EEG._3_epoch - Number of epochs :,58
2025-02-21 12:06:19,492 - INFO - Baking_EEG._3_epoch - Number of events : ,180
2025-02-21 12:06:19,492 - INFO - Baking_EEG._3_epoch - Number of events : ,180
2025-02-21 12:06:19,492 - INFO - Baking_EEG._3_epoch - Number of epochs :,59
2025-02-21 12:06:23,908 - INFO - Baking_EEG._3_epoch - Number of events : ,180
2025-02-21 12:06:23,908 - INFO - Baking_EEG._3_epoch - Number of events : ,180
2025-02-21 12:06:23,908 - INFO - Baking_EEG._3_epoch - Number of epochs :,53
