2025-03-19 00:24:48,728 - INFO - __main__ - Configured paths for user tom
2025-03-19 00:28:35,701 - INFO - __main__ - Configured paths for user tom
2025-03-19 00:29:47,597 - INFO - __main__ - Configured paths for user tom
2025-03-19 00:29:52,652 - INFO - __main__ - Début du décodage cross-subject pour le groupe del
2025-03-19 00:37:19,999 - INFO - __main__ - Configured paths for user tom
2025-03-19 00:37:40,250 - INFO - __main__ - Début du décodage cross-subject pour le groupe del
2025-03-19 00:41:59,806 - INFO - __main__ - Configured paths for user tom
2025-03-19 00:42:11,175 - INFO - __main__ - Début du décodage cross-subject pour le groupe del
2025-03-19 00:52:45,387 - ERROR - _4_decoding - Error during cross-subject decoding: Item must be an instance of int-like or None, got <class 'str'> instead.
2025-03-19 00:52:45,435 - ERROR - __main__ - ERREUR fold 1: Item must be an instance of int-like or None, got <class 'str'> instead.
2025-03-19 10:53:58,370 - INFO - __main__ - Configured paths for user tom
2025-03-19 10:54:11,125 - INFO - __main__ - Début du décodage cross-subject pour le groupe del
2025-03-19 10:56:02,496 - ERROR - _4_decoding - Error during cross-subject decoding: Item must be an instance of int-like or None, got <class 'str'> instead.
2025-03-19 10:56:02,503 - ERROR - __main__ - ERREUR fold 1: Item must be an instance of int-like or None, got <class 'str'> instead.
2025-03-19 11:11:22,920 - INFO - __main__ - Configured paths for user tom
2025-03-19 11:11:36,360 - INFO - __main__ - Début du décodage cross-subject pour le groupe del
2025-03-19 11:13:14,312 - ERROR - _4_decoding - Error during cross-subject decoding: Item must be an instance of int-like or None, got <class 'str'> instead.
2025-03-19 11:13:14,321 - ERROR - __main__ - ERREUR fold 1: Item must be an instance of int-like or None, got <class 'str'> instead.
2025-03-19 11:19:18,701 - INFO - __main__ - Configured paths for user tom
2025-03-19 11:19:26,248 - INFO - __main__ - Début du décodage cross-subject pour le groupe del
2025-03-19 11:20:52,268 - ERROR - _4_decoding - Error during cross-subject decoding: Item must be an instance of int-like or None, got <class 'str'> instead.
2025-03-19 11:20:52,272 - ERROR - __main__ - ERREUR fold 1: Item must be an instance of int-like or None, got <class 'str'> instead.
2025-03-19 11:24:30,415 - INFO - __main__ - Configured paths for user tom
2025-03-19 11:24:39,630 - INFO - __main__ - Début du décodage cross-subject pour le groupe del
2025-03-19 11:26:57,769 - ERROR - _4_decoding - Error during cross-subject decoding: Item must be an instance of int-like or None, got <class 'str'> instead.
2025-03-19 11:26:57,796 - ERROR - __main__ - ERREUR fold 1: Item must be an instance of int-like or None, got <class 'str'> instead.
2025-03-19 11:31:23,714 - INFO - __main__ - Configured paths for user tom
2025-03-19 11:31:31,059 - INFO - __main__ - Début du décodage cross-subject pour le groupe del
2025-03-19 11:44:45,760 - INFO - __main__ - Configured paths for user tom
2025-03-19 11:44:57,555 - INFO - __main__ - Début du décodage cross-subject pour le groupe del
2025-03-19 11:45:47,757 - ERROR - _4_decoding - Error during cross-subject decoding: Item must be an instance of int-like or None, got <class 'str'> instead.
2025-03-19 11:45:47,759 - ERROR - __main__ - ERREUR fold 1: Item must be an instance of int-like or None, got <class 'str'> instead.
2025-03-19 11:46:03,734 - ERROR - _4_decoding - Error during cross-subject decoding: Item must be an instance of int-like or None, got <class 'str'> instead.
2025-03-19 11:46:03,734 - ERROR - __main__ - ERREUR fold 2: Item must be an instance of int-like or None, got <class 'str'> instead.
2025-03-19 11:46:45,902 - ERROR - _4_decoding - Error during cross-subject decoding: Item must be an instance of int-like or None, got <class 'str'> instead.
2025-03-19 11:46:45,904 - ERROR - __main__ - ERREUR fold 3: Item must be an instance of int-like or None, got <class 'str'> instead.
2025-03-19 11:46:45,929 - ERROR - __main__ - Aucun résultat valide obtenu !
2025-03-19 11:49:31,619 - INFO - __main__ - Configured paths for user tom
2025-03-19 11:49:40,689 - INFO - __main__ - Début du décodage cross-subject pour le groupe del
2025-03-19 12:00:50,798 - INFO - __main__ - Configured paths for user tom
2025-03-19 12:01:50,881 - INFO - __main__ - Début du décodage cross-subject pour le groupe del
2025-03-19 13:33:07,264 - INFO - __main__ - Configured paths for user tom
2025-03-19 13:33:13,882 - INFO - __main__ - Début du décodage cross-subject pour le groupe del
