2025-03-05 16:02:23,315 - INFO - __main__ - Configured paths for user tom
2025-03-05 16:05:10,286 - INFO - __main__ - Decoding for subject TpAK27 (group: del, protocol: PP)
2025-03-05 16:05:17,205 - ERROR - __main__ - Error decoding subject TpAK27: name 'valid_conditions' is not defined
Traceback (most recent call last):
  File "examples/run_decoding.py", line 136, in run_decoding_on_subject
    epochs = load_epochs_for_decoding(subject_id, group, base_path, verbose)
  File "examples/run_decoding.py", line 124, in load_epochs_for_decoding
    return epochs[valid_conditions]
NameError: name 'valid_conditions' is not defined
2025-03-05 22:05:08,188 - INFO - __main__ - Configured paths for user tom
2025-03-05 22:05:23,342 - INFO - __main__ - Decoding for subject TpAK24 (group: del, protocol: PP)
2025-03-05 22:05:24,231 - ERROR - __main__ - Error decoding subject TpAK24: File does not exist: "/Users/tom/Desktop/ENSC/2A/PII/Tom/Baking_EEG_data/PP_PATIENTS_DEL_0.5/data_epochs/TpAK24_PP_preproc_noICA_PP-epo_ar.fif"
Traceback (most recent call last):
  File "examples/run_decoding.py", line 136, in run_decoding_on_subject
    epochs, XPP, XAP = load_epochs_for_decoding(subject_id, group, base_path, verbose)
  File "examples/run_decoding.py", line 100, in load_epochs_for_decoding
    epochs = mne.read_epochs(fif_fname, proj=False, verbose=verbose, preload=True)
  File "<decorator-gen-208>", line 10, in read_epochs
  File "/Users/tom/Desktop/ENSC/2A/PII/Tom/Baking_EEG/.venv/lib/python3.8/site-packages/mne/epochs.py", line 3870, in read_epochs
    return EpochsFIF(fname, proj, preload, verbose)
  File "<decorator-gen-209>", line 10, in __init__
  File "/Users/tom/Desktop/ENSC/2A/PII/Tom/Baking_EEG/.venv/lib/python3.8/site-packages/mne/epochs.py", line 3921, in __init__
    fname = str(_check_fname(fname=fname, must_exist=True, overwrite="read"))
  File "<decorator-gen-0>", line 12, in _check_fname
  File "/Users/tom/Desktop/ENSC/2A/PII/Tom/Baking_EEG/.venv/lib/python3.8/site-packages/mne/utils/check.py", line 263, in _check_fname
    raise FileNotFoundError(f'{name} does not exist: "{fname}"')
FileNotFoundError: File does not exist: "/Users/tom/Desktop/ENSC/2A/PII/Tom/Baking_EEG_data/PP_PATIENTS_DEL_0.5/data_epochs/TpAK24_PP_preproc_noICA_PP-epo_ar.fif"
2025-03-05 22:10:55,265 - INFO - __main__ - Configured paths for user tom
2025-03-05 22:11:06,898 - INFO - __main__ - Decoding for subject TpAK27 (group: controls, protocol: PP)
2025-03-05 22:11:07,450 - ERROR - __main__ - Error decoding subject TpAK27: File does not exist: "/Users/tom/Desktop/ENSC/2A/PII/Tom/Baking_EEG_data/PP_CONTROLS_0.5/data_epochs/TpAK27_PP_preproc_noICA_PP-epo_ar.fif"
Traceback (most recent call last):
  File "examples/run_decoding.py", line 136, in run_decoding_on_subject
    epochs, XPP, XAP = load_epochs_for_decoding(subject_id, group, base_path, verbose)
  File "examples/run_decoding.py", line 100, in load_epochs_for_decoding
    epochs = mne.read_epochs(fif_fname, proj=False, verbose=verbose, preload=True)
  File "<decorator-gen-208>", line 10, in read_epochs
  File "/Users/tom/Desktop/ENSC/2A/PII/Tom/Baking_EEG/.venv/lib/python3.8/site-packages/mne/epochs.py", line 3870, in read_epochs
    return EpochsFIF(fname, proj, preload, verbose)
  File "<decorator-gen-209>", line 10, in __init__
  File "/Users/tom/Desktop/ENSC/2A/PII/Tom/Baking_EEG/.venv/lib/python3.8/site-packages/mne/epochs.py", line 3921, in __init__
    fname = str(_check_fname(fname=fname, must_exist=True, overwrite="read"))
  File "<decorator-gen-0>", line 12, in _check_fname
  File "/Users/tom/Desktop/ENSC/2A/PII/Tom/Baking_EEG/.venv/lib/python3.8/site-packages/mne/utils/check.py", line 263, in _check_fname
    raise FileNotFoundError(f'{name} does not exist: "{fname}"')
FileNotFoundError: File does not exist: "/Users/tom/Desktop/ENSC/2A/PII/Tom/Baking_EEG_data/PP_CONTROLS_0.5/data_epochs/TpAK27_PP_preproc_noICA_PP-epo_ar.fif"
2025-03-05 22:11:16,695 - INFO - __main__ - Configured paths for user tom
2025-03-05 22:11:24,722 - INFO - __main__ - Decoding for subject TpAK27 (group: del, protocol: PP)
2025-03-05 22:11:27,339 - ERROR - __main__ - Error decoding subject TpAK27: 'Event name "XPP" could not be found. The following events are present in the data: PP/10, PP/20, PP/30, AP/11, AP/12, AP/13, AP/14, AP/15, AP/16, AP/21, AP/22, AP/23, AP/24, AP/25, AP/26, AP/31, AP/32, AP/33, AP/34, AP/35, AP/36'
Traceback (most recent call last):
  File "examples/run_decoding.py", line 136, in run_decoding_on_subject
    epochs, XPP, XAP = load_epochs_for_decoding(subject_id, group, base_path, verbose)
  File "examples/run_decoding.py", line 111, in load_epochs_for_decoding
    XPP = epochs["XPP"].pick(picks="eeg").get_data(copy=False)  # n_epochs, n_channels, n_times
  File "/Users/tom/Desktop/ENSC/2A/PII/Tom/Baking_EEG/.venv/lib/python3.8/site-packages/mne/utils/mixin.py", line 144, in __getitem__
    return self._getitem(item)
  File "/Users/tom/Desktop/ENSC/2A/PII/Tom/Baking_EEG/.venv/lib/python3.8/site-packages/mne/utils/mixin.py", line 206, in _getitem
    select = inst._item_to_select(item)
  File "/Users/tom/Desktop/ENSC/2A/PII/Tom/Baking_EEG/.venv/lib/python3.8/site-packages/mne/utils/mixin.py", line 156, in _item_to_select
    select = self._keys_to_idx(item)
  File "/Users/tom/Desktop/ENSC/2A/PII/Tom/Baking_EEG/.venv/lib/python3.8/site-packages/mne/utils/mixin.py", line 257, in _keys_to_idx
    for k in match_event_names(self.event_id, keys)
  File "/Users/tom/Desktop/ENSC/2A/PII/Tom/Baking_EEG/.venv/lib/python3.8/site-packages/mne/event.py", line 1651, in match_event_names
    _on_missing(
  File "/Users/tom/Desktop/ENSC/2A/PII/Tom/Baking_EEG/.venv/lib/python3.8/site-packages/mne/utils/check.py", line 1166, in _on_missing
    raise error_klass(msg)
KeyError: 'Event name "XPP" could not be found. The following events are present in the data: PP/10, PP/20, PP/30, AP/11, AP/12, AP/13, AP/14, AP/15, AP/16, AP/21, AP/22, AP/23, AP/24, AP/25, AP/26, AP/31, AP/32, AP/33, AP/34, AP/35, AP/36'
2025-03-05 22:13:36,364 - INFO - __main__ - Configured paths for user tom
2025-03-05 22:13:45,948 - INFO - __main__ - Decoding for subject TpAK27 (group: del, protocol: PP)
2025-03-05 22:13:48,727 - ERROR - __main__ - Error decoding subject TpAK27: 'Event name "XPP" could not be found. The following events are present in the data: PP/10, PP/20, PP/30, AP/11, AP/12, AP/13, AP/14, AP/15, AP/16, AP/21, AP/22, AP/23, AP/24, AP/25, AP/26, AP/31, AP/32, AP/33, AP/34, AP/35, AP/36'
Traceback (most recent call last):
  File "examples/run_decoding.py", line 136, in run_decoding_on_subject
    epochs, XPP, XAP = load_epochs_for_decoding(subject_id, group, base_path, verbose)
  File "examples/run_decoding.py", line 117, in load_epochs_for_decoding
    print(epochs["XPP"])
  File "/Users/tom/Desktop/ENSC/2A/PII/Tom/Baking_EEG/.venv/lib/python3.8/site-packages/mne/utils/mixin.py", line 144, in __getitem__
    return self._getitem(item)
  File "/Users/tom/Desktop/ENSC/2A/PII/Tom/Baking_EEG/.venv/lib/python3.8/site-packages/mne/utils/mixin.py", line 206, in _getitem
    select = inst._item_to_select(item)
  File "/Users/tom/Desktop/ENSC/2A/PII/Tom/Baking_EEG/.venv/lib/python3.8/site-packages/mne/utils/mixin.py", line 156, in _item_to_select
    select = self._keys_to_idx(item)
  File "/Users/tom/Desktop/ENSC/2A/PII/Tom/Baking_EEG/.venv/lib/python3.8/site-packages/mne/utils/mixin.py", line 257, in _keys_to_idx
    for k in match_event_names(self.event_id, keys)
  File "/Users/tom/Desktop/ENSC/2A/PII/Tom/Baking_EEG/.venv/lib/python3.8/site-packages/mne/event.py", line 1651, in match_event_names
    _on_missing(
  File "/Users/tom/Desktop/ENSC/2A/PII/Tom/Baking_EEG/.venv/lib/python3.8/site-packages/mne/utils/check.py", line 1166, in _on_missing
    raise error_klass(msg)
KeyError: 'Event name "XPP" could not be found. The following events are present in the data: PP/10, PP/20, PP/30, AP/11, AP/12, AP/13, AP/14, AP/15, AP/16, AP/21, AP/22, AP/23, AP/24, AP/25, AP/26, AP/31, AP/32, AP/33, AP/34, AP/35, AP/36'
2025-03-05 22:15:12,580 - INFO - __main__ - Configured paths for user tom
2025-03-05 22:15:25,927 - INFO - __main__ - Decoding for subject TpAK27 (group: del, protocol: PP)
2025-03-05 22:15:28,901 - ERROR - __main__ - Error decoding subject TpAK27: 'Event name "XPP" could not be found. The following events are present in the data: PP/10, PP/20, PP/30, AP/11, AP/12, AP/13, AP/14, AP/15, AP/16, AP/21, AP/22, AP/23, AP/24, AP/25, AP/26, AP/31, AP/32, AP/33, AP/34, AP/35, AP/36'
Traceback (most recent call last):
  File "examples/run_decoding.py", line 136, in run_decoding_on_subject
    epochs, XPP, XAP = load_epochs_for_decoding(subject_id, group, base_path, verbose)
  File "examples/run_decoding.py", line 117, in load_epochs_for_decoding
    print(epochs["XPP"])
  File "/Users/tom/Desktop/ENSC/2A/PII/Tom/Baking_EEG/.venv/lib/python3.8/site-packages/mne/utils/mixin.py", line 144, in __getitem__
    return self._getitem(item)
  File "/Users/tom/Desktop/ENSC/2A/PII/Tom/Baking_EEG/.venv/lib/python3.8/site-packages/mne/utils/mixin.py", line 206, in _getitem
    select = inst._item_to_select(item)
  File "/Users/tom/Desktop/ENSC/2A/PII/Tom/Baking_EEG/.venv/lib/python3.8/site-packages/mne/utils/mixin.py", line 156, in _item_to_select
    select = self._keys_to_idx(item)
  File "/Users/tom/Desktop/ENSC/2A/PII/Tom/Baking_EEG/.venv/lib/python3.8/site-packages/mne/utils/mixin.py", line 257, in _keys_to_idx
    for k in match_event_names(self.event_id, keys)
  File "/Users/tom/Desktop/ENSC/2A/PII/Tom/Baking_EEG/.venv/lib/python3.8/site-packages/mne/event.py", line 1651, in match_event_names
    _on_missing(
  File "/Users/tom/Desktop/ENSC/2A/PII/Tom/Baking_EEG/.venv/lib/python3.8/site-packages/mne/utils/check.py", line 1166, in _on_missing
    raise error_klass(msg)
KeyError: 'Event name "XPP" could not be found. The following events are present in the data: PP/10, PP/20, PP/30, AP/11, AP/12, AP/13, AP/14, AP/15, AP/16, AP/21, AP/22, AP/23, AP/24, AP/25, AP/26, AP/31, AP/32, AP/33, AP/34, AP/35, AP/36'
2025-03-05 22:17:34,069 - INFO - __main__ - Configured paths for user tom
2025-03-05 22:17:41,016 - INFO - __main__ - Decoding for subject TpAK27 (group: del, protocol: PP)
2025-03-05 22:17:44,312 - INFO - __main__ - Data loaded for subject TpAK27
2025-03-05 22:17:44,312 - ERROR - __main__ - Error decoding subject TpAK27: name 'np' is not defined
Traceback (most recent call last):
  File "examples/run_decoding.py", line 139, in run_decoding_on_subject
    X = np.concatenate([XAP, XPP], axis=0)
NameError: name 'np' is not defined
2025-03-05 22:19:03,174 - INFO - __main__ - Configured paths for user tom
2025-03-05 22:19:11,068 - INFO - __main__ - Decoding for subject TpAK27 (group: del, protocol: PP)
2025-03-05 22:19:14,358 - INFO - __main__ - Data loaded for subject TpAK27
2025-03-05 22:19:14,566 - INFO - _4_decoding - Autodetected number of jobs: 4
2025-03-05 22:21:31,884 - INFO - _4_decoding - Fold 1/5 AUC: 0.630
2025-03-05 22:21:31,903 - INFO - _4_decoding - Fold 2/5 AUC: 0.608
2025-03-05 22:21:31,904 - INFO - _4_decoding - Fold 3/5 AUC: 0.548
2025-03-05 22:21:31,905 - INFO - _4_decoding - Fold 4/5 AUC: 0.605
2025-03-05 22:21:31,905 - INFO - _4_decoding - Fold 5/5 AUC: 0.528
2025-03-05 22:21:31,952 - INFO - _4_decoding - Overall decoding metrics:
2025-03-05 22:21:31,953 - INFO - _4_decoding - Accuracy: 0.785
2025-03-05 22:21:31,953 - INFO - _4_decoding - Precision: 0.865
2025-03-05 22:21:31,953 - INFO - _4_decoding - Recall: 0.889
2025-03-05 22:21:31,953 - INFO - _4_decoding - F1 Score: 0.877
2025-03-05 22:21:31,953 - INFO - _4_decoding - Balanced Accuracy: 0.516
2025-03-05 22:21:31,953 - INFO - _4_decoding - ROC AUC: 0.585
2025-03-05 22:21:31,965 - INFO - __main__ - Cross-validation scores: [0.62987013 0.60797342 0.54817276 0.60465116 0.5282392 ]
2025-03-05 22:21:31,966 - INFO - __main__ - Mean score: 0.584, Std: 0.039
2025-03-05 22:21:31,966 - INFO - __main__ - accuracy: 0.785
2025-03-05 22:21:31,966 - INFO - __main__ - precision: 0.865
2025-03-05 22:21:31,966 - INFO - __main__ - recall: 0.889
2025-03-05 22:21:31,966 - INFO - __main__ - f1: 0.877
2025-03-05 22:21:31,967 - INFO - __main__ - balanced_accuracy: 0.516
2025-03-05 22:21:31,967 - INFO - __main__ - roc_auc: 0.585
2025-03-05 22:21:32,175 - INFO - __main__ - Results saved in /Users/tom/Desktop/ENSC/2A/PII/Tom/Baking_EEG_data/decoding_results/TpAK27_PP
2025-03-05 22:21:34,980 - ERROR - __main__ - Error decoding subject TpAK27: plot_all_metrics() got an unexpected keyword argument 'ax'
Traceback (most recent call last):
  File "examples/run_decoding.py", line 194, in run_decoding_on_subject
    plot_decoding_results_dashboard(
  File "examples/../Baking_EEG/_4_decoding.py", line 457, in plot_decoding_results_dashboard
    plot_all_metrics(y, predictions, probas, ax=axes[:3])
TypeError: plot_all_metrics() got an unexpected keyword argument 'ax'
2025-03-05 22:33:13,518 - INFO - __main__ - Configured paths for user tom
2025-03-05 22:33:19,633 - INFO - __main__ - Decoding for subject TpAK27 (group: del, protocol: PP)
2025-03-05 22:33:23,043 - INFO - __main__ - Data loaded for subject TpAK27
2025-03-05 22:33:23,427 - INFO - _4_decoding - Autodetected number of jobs: 4
2025-03-05 22:35:28,431 - INFO - _4_decoding - Fold 1/5 AUC: 0.630
2025-03-05 22:35:28,433 - INFO - _4_decoding - Fold 2/5 AUC: 0.608
2025-03-05 22:35:28,433 - INFO - _4_decoding - Fold 3/5 AUC: 0.548
2025-03-05 22:35:28,434 - INFO - _4_decoding - Fold 4/5 AUC: 0.605
2025-03-05 22:35:28,434 - INFO - _4_decoding - Fold 5/5 AUC: 0.528
2025-03-05 22:35:28,482 - INFO - _4_decoding - Overall decoding metrics:
2025-03-05 22:35:28,482 - INFO - _4_decoding - Accuracy: 0.785
2025-03-05 22:35:28,482 - INFO - _4_decoding - Precision: 0.865
2025-03-05 22:35:28,483 - INFO - _4_decoding - Recall: 0.889
2025-03-05 22:35:28,483 - INFO - _4_decoding - F1 Score: 0.877
2025-03-05 22:35:28,483 - INFO - _4_decoding - Balanced Accuracy: 0.516
2025-03-05 22:35:28,483 - INFO - _4_decoding - ROC AUC: 0.590
2025-03-05 22:35:28,485 - INFO - __main__ - Cross-validation scores: [0.62987013 0.60797342 0.54817276 0.60465116 0.5282392 ]
2025-03-05 22:35:28,486 - INFO - __main__ - Mean score: 0.584, Std: 0.039
2025-03-05 22:35:28,486 - INFO - __main__ - accuracy: 0.785
2025-03-05 22:35:28,486 - INFO - __main__ - precision: 0.865
2025-03-05 22:35:28,486 - INFO - __main__ - recall: 0.889
2025-03-05 22:35:28,487 - INFO - __main__ - f1: 0.877
2025-03-05 22:35:28,487 - INFO - __main__ - balanced_accuracy: 0.516
2025-03-05 22:35:28,487 - INFO - __main__ - roc_auc: 0.590
2025-03-05 22:35:28,559 - INFO - __main__ - Results saved in /Users/tom/Desktop/ENSC/2A/PII/Tom/Baking_EEG_data/decoding_results/TpAK27_PP
2025-03-05 22:35:30,403 - ERROR - __main__ - Error decoding subject TpAK27: plot_decoding_results() got an unexpected keyword argument 'ax'
Traceback (most recent call last):
  File "examples/run_decoding.py", line 194, in run_decoding_on_subject
    plot_decoding_results_dashboard(
  File "examples/../Baking_EEG/_4_decoding.py", line 440, in plot_decoding_results_dashboard
    plot_decoding_results(epochs.times, scores_time, ax=axes[3])
TypeError: plot_decoding_results() got an unexpected keyword argument 'ax'
2025-03-05 22:38:18,792 - INFO - __main__ - Configured paths for user tom
2025-03-05 22:38:32,744 - INFO - __main__ - Decoding for subject TpAK27 (group: del, protocol: PP)
2025-03-05 22:38:35,598 - INFO - __main__ - Data loaded for subject TpAK27
2025-03-05 22:38:35,963 - INFO - _4_decoding - Autodetected number of jobs: 4
2025-03-05 22:40:20,545 - INFO - _4_decoding - Fold 1/5 AUC: 0.630
2025-03-05 22:40:20,547 - INFO - _4_decoding - Fold 2/5 AUC: 0.608
2025-03-05 22:40:20,548 - INFO - _4_decoding - Fold 3/5 AUC: 0.548
2025-03-05 22:40:20,548 - INFO - _4_decoding - Fold 4/5 AUC: 0.605
2025-03-05 22:40:20,548 - INFO - _4_decoding - Fold 5/5 AUC: 0.528
2025-03-05 22:40:20,607 - INFO - _4_decoding - Overall decoding metrics:
2025-03-05 22:40:20,608 - INFO - _4_decoding - Accuracy: 0.785
2025-03-05 22:40:20,608 - INFO - _4_decoding - Precision: 0.865
2025-03-05 22:40:20,608 - INFO - _4_decoding - Recall: 0.889
2025-03-05 22:40:20,608 - INFO - _4_decoding - F1 Score: 0.877
2025-03-05 22:40:20,608 - INFO - _4_decoding - Balanced Accuracy: 0.516
2025-03-05 22:40:20,609 - INFO - _4_decoding - ROC AUC: 0.590
2025-03-05 22:40:20,632 - INFO - __main__ - Cross-validation scores: [0.62987013 0.60797342 0.54817276 0.60465116 0.5282392 ]
2025-03-05 22:40:20,633 - INFO - __main__ - Mean score: 0.584, Std: 0.039
2025-03-05 22:40:20,633 - INFO - __main__ - accuracy: 0.785
2025-03-05 22:40:20,633 - INFO - __main__ - precision: 0.865
2025-03-05 22:40:20,633 - INFO - __main__ - recall: 0.889
2025-03-05 22:40:20,634 - INFO - __main__ - f1: 0.877
2025-03-05 22:40:20,634 - INFO - __main__ - balanced_accuracy: 0.516
2025-03-05 22:40:20,634 - INFO - __main__ - roc_auc: 0.590
2025-03-05 22:40:20,770 - INFO - __main__ - Results saved in /Users/tom/Desktop/ENSC/2A/PII/Tom/Baking_EEG_data/decoding_results/TpAK27_PP
2025-03-05 22:40:23,787 - ERROR - __main__ - Error decoding subject TpAK27: name 'plot_global_metrics' is not defined
Traceback (most recent call last):
  File "examples/run_decoding.py", line 194, in run_decoding_on_subject
    plot_decoding_results_dashboard(
  File "examples/../Baking_EEG/_4_decoding.py", line 448, in plot_decoding_results_dashboard
    plot_global_metrics(metrics, ax=axes[4])
NameError: name 'plot_global_metrics' is not defined
2025-03-05 22:43:41,831 - INFO - __main__ - Configured paths for user tom
2025-03-05 22:43:48,153 - INFO - __main__ - Decoding for subject TpAK27 (group: del, protocol: PP)
2025-03-05 22:43:51,187 - INFO - __main__ - Data loaded for subject TpAK27
2025-03-05 22:43:51,379 - INFO - _4_decoding - Autodetected number of jobs: 4
2025-03-05 22:45:57,334 - INFO - _4_decoding - Fold 1/5 AUC: 0.630
2025-03-05 22:45:57,337 - INFO - _4_decoding - Fold 2/5 AUC: 0.608
2025-03-05 22:45:57,338 - INFO - _4_decoding - Fold 3/5 AUC: 0.548
2025-03-05 22:45:57,338 - INFO - _4_decoding - Fold 4/5 AUC: 0.605
2025-03-05 22:45:57,338 - INFO - _4_decoding - Fold 5/5 AUC: 0.528
2025-03-05 22:45:57,392 - INFO - _4_decoding - Overall decoding metrics:
2025-03-05 22:45:57,392 - INFO - _4_decoding - Accuracy: 0.785
2025-03-05 22:45:57,393 - INFO - _4_decoding - Precision: 0.865
2025-03-05 22:45:57,393 - INFO - _4_decoding - Recall: 0.889
2025-03-05 22:45:57,393 - INFO - _4_decoding - F1 Score: 0.877
2025-03-05 22:45:57,393 - INFO - _4_decoding - Balanced Accuracy: 0.516
2025-03-05 22:45:57,393 - INFO - _4_decoding - ROC AUC: 0.587
2025-03-05 22:45:57,397 - INFO - __main__ - Cross-validation scores: [0.62987013 0.60797342 0.54817276 0.60465116 0.5282392 ]
2025-03-05 22:45:57,397 - INFO - __main__ - Mean score: 0.584, Std: 0.039
2025-03-05 22:45:57,398 - INFO - __main__ - accuracy: 0.785
2025-03-05 22:45:57,398 - INFO - __main__ - precision: 0.865
2025-03-05 22:45:57,398 - INFO - __main__ - recall: 0.889
2025-03-05 22:45:57,398 - INFO - __main__ - f1: 0.877
2025-03-05 22:45:57,398 - INFO - __main__ - balanced_accuracy: 0.516
2025-03-05 22:45:57,399 - INFO - __main__ - roc_auc: 0.587
2025-03-05 22:45:57,461 - INFO - __main__ - Results saved in /Users/tom/Desktop/ENSC/2A/PII/Tom/Baking_EEG_data/decoding_results/TpAK27_PP
2025-03-05 22:46:00,090 - ERROR - __main__ - Error decoding subject TpAK27: 'str' object has no attribute 'keys'
Traceback (most recent call last):
  File "examples/run_decoding.py", line 194, in run_decoding_on_subject
    plot_decoding_results_dashboard(
  File "examples/../Baking_EEG/_4_decoding.py", line 476, in plot_decoding_results_dashboard
    plot_global_metrics(metrics, ax=axes[4])
  File "examples/../Baking_EEG/_4_decoding.py", line 311, in plot_global_metrics
    keys = list(metrics.keys())
AttributeError: 'str' object has no attribute 'keys'
2025-03-05 22:59:17,927 - INFO - __main__ - Configured paths for user tom
2025-03-05 22:59:41,890 - INFO - __main__ - Decoding for subject TpAK27 (group: del, protocol: PP)
2025-03-05 22:59:44,925 - INFO - __main__ - Data loaded for subject TpAK27
2025-03-05 22:59:45,104 - INFO - _4_decoding - Autodetected number of jobs: 4
2025-03-05 23:01:42,470 - INFO - _4_decoding - Fold 1/5 AUC: 0.630
2025-03-05 23:01:42,476 - INFO - _4_decoding - Fold 2/5 AUC: 0.608
2025-03-05 23:01:42,476 - INFO - _4_decoding - Fold 3/5 AUC: 0.548
2025-03-05 23:01:42,477 - INFO - _4_decoding - Fold 4/5 AUC: 0.605
2025-03-05 23:01:42,478 - INFO - _4_decoding - Fold 5/5 AUC: 0.528
2025-03-05 23:01:42,714 - INFO - _4_decoding - Overall decoding metrics:
2025-03-05 23:01:42,714 - INFO - _4_decoding - Accuracy: 0.785
2025-03-05 23:01:42,714 - INFO - _4_decoding - Precision: 0.865
2025-03-05 23:01:42,715 - INFO - _4_decoding - Recall: 0.889
2025-03-05 23:01:42,715 - INFO - _4_decoding - F1 Score: 0.877
2025-03-05 23:01:42,715 - INFO - _4_decoding - Balanced Accuracy: 0.516
2025-03-05 23:01:42,716 - INFO - _4_decoding - ROC AUC: 0.586
2025-03-05 23:01:42,728 - INFO - __main__ - Cross-validation scores: [0.62987013 0.60797342 0.54817276 0.60465116 0.5282392 ]
2025-03-05 23:01:42,730 - INFO - __main__ - Mean score: 0.584, Std: 0.039
2025-03-05 23:01:42,730 - INFO - __main__ - accuracy: 0.785
2025-03-05 23:01:42,731 - INFO - __main__ - precision: 0.865
2025-03-05 23:01:42,731 - INFO - __main__ - recall: 0.889
2025-03-05 23:01:42,731 - INFO - __main__ - f1: 0.877
2025-03-05 23:01:42,731 - INFO - __main__ - balanced_accuracy: 0.516
2025-03-05 23:01:42,731 - INFO - __main__ - roc_auc: 0.586
2025-03-05 23:01:43,099 - INFO - __main__ - Results saved in /Users/tom/Desktop/ENSC/2A/PII/Tom/Baking_EEG_data/decoding_results/TpAK27_PP
2025-03-05 23:01:43,100 - ERROR - __main__ - Error decoding subject TpAK27: plot_decoding_results_dashboard() takes from 8 to 9 positional arguments but 11 were given
Traceback (most recent call last):
  File "examples/run_decoding.py", line 197, in run_decoding_on_subject
    plot_decoding_results_dashboard(
TypeError: plot_decoding_results_dashboard() takes from 8 to 9 positional arguments but 11 were given
2025-03-05 23:08:38,692 - INFO - __main__ - Configured paths for user tom
2025-03-05 23:08:46,026 - INFO - __main__ - Decoding for subject TpAK27 (group: del, protocol: PP)
2025-03-05 23:08:49,412 - INFO - __main__ - Data loaded for subject TpAK27
2025-03-05 23:08:49,816 - INFO - _4_decoding - Autodetected number of jobs: 4
2025-03-05 23:10:27,488 - INFO - _4_decoding - Fold 1/5 AUC: 0.630
2025-03-05 23:10:27,498 - INFO - _4_decoding - Fold 2/5 AUC: 0.608
2025-03-05 23:10:27,499 - INFO - _4_decoding - Fold 3/5 AUC: 0.548
2025-03-05 23:10:27,499 - INFO - _4_decoding - Fold 4/5 AUC: 0.605
2025-03-05 23:10:27,499 - INFO - _4_decoding - Fold 5/5 AUC: 0.528
2025-03-05 23:10:27,628 - INFO - _4_decoding - Overall decoding metrics:
2025-03-05 23:10:27,628 - INFO - _4_decoding - Accuracy: 0.785
2025-03-05 23:10:27,628 - INFO - _4_decoding - Precision: 0.865
2025-03-05 23:10:27,628 - INFO - _4_decoding - Recall: 0.889
2025-03-05 23:10:27,629 - INFO - _4_decoding - F1 Score: 0.877
2025-03-05 23:10:27,629 - INFO - _4_decoding - Balanced Accuracy: 0.516
2025-03-05 23:10:27,629 - INFO - _4_decoding - ROC AUC: 0.585
2025-03-05 23:10:27,631 - INFO - __main__ - Cross-validation scores: [0.62987013 0.60797342 0.54817276 0.60465116 0.5282392 ]
2025-03-05 23:10:27,632 - INFO - __main__ - Mean score: 0.584, Std: 0.039
2025-03-05 23:10:27,633 - INFO - __main__ - accuracy: 0.785
2025-03-05 23:10:27,633 - INFO - __main__ - precision: 0.865
2025-03-05 23:10:27,633 - INFO - __main__ - recall: 0.889
2025-03-05 23:10:27,633 - INFO - __main__ - f1: 0.877
2025-03-05 23:10:27,633 - INFO - __main__ - balanced_accuracy: 0.516
2025-03-05 23:10:27,633 - INFO - __main__ - roc_auc: 0.585
2025-03-05 23:10:27,700 - INFO - __main__ - Results saved in /Users/tom/Desktop/ENSC/2A/PII/Tom/Baking_EEG_data/decoding_results/TpAK27_PP
2025-03-05 23:37:22,259 - INFO - __main__ - Configured paths for user tom
2025-03-05 23:37:38,907 - INFO - __main__ - Decoding for subject TpAK27 (group: del, protocol: PP)
2025-03-05 23:37:51,822 - INFO - __main__ - Data loaded for subject TpAK27
2025-03-05 23:37:52,442 - INFO - _4_decoding - Autodetected number of jobs: 4
2025-03-05 23:40:13,313 - INFO - _4_decoding - Fold 1/5 AUC: 0.630
2025-03-05 23:40:13,330 - INFO - _4_decoding - Fold 2/5 AUC: 0.608
2025-03-05 23:40:13,330 - INFO - _4_decoding - Fold 3/5 AUC: 0.548
2025-03-05 23:40:13,331 - INFO - _4_decoding - Fold 4/5 AUC: 0.605
2025-03-05 23:40:13,331 - INFO - _4_decoding - Fold 5/5 AUC: 0.528
2025-03-05 23:40:13,459 - INFO - _4_decoding - Overall decoding metrics:
2025-03-05 23:40:13,459 - INFO - _4_decoding - Accuracy: 0.785
2025-03-05 23:40:13,459 - INFO - _4_decoding - Precision: 0.865
2025-03-05 23:40:13,460 - INFO - _4_decoding - Recall: 0.889
2025-03-05 23:40:13,460 - INFO - _4_decoding - F1 Score: 0.877
2025-03-05 23:40:13,460 - INFO - _4_decoding - Balanced Accuracy: 0.516
2025-03-05 23:40:13,460 - INFO - _4_decoding - ROC AUC: 0.587
2025-03-05 23:40:13,481 - INFO - __main__ - Cross-validation scores: [0.62987013 0.60797342 0.54817276 0.60465116 0.5282392 ]
2025-03-05 23:40:13,482 - INFO - __main__ - Mean score: 0.584, Std: 0.039
2025-03-05 23:40:13,482 - INFO - __main__ - accuracy: 0.785
2025-03-05 23:40:13,482 - INFO - __main__ - precision: 0.865
2025-03-05 23:40:13,482 - INFO - __main__ - recall: 0.889
2025-03-05 23:40:13,482 - INFO - __main__ - f1: 0.877
2025-03-05 23:40:13,482 - INFO - __main__ - balanced_accuracy: 0.516
2025-03-05 23:40:13,482 - INFO - __main__ - roc_auc: 0.587
2025-03-05 23:40:13,689 - INFO - __main__ - Results saved in /Users/tom/Desktop/ENSC/2A/PII/Tom/Baking_EEG_data/decoding_results/TpAK27_PP
