2025-02-25 15:42:43,062 - INFO - Baking_EEG._1_preprocess - Raw data info ch_names: ,['E1', 'E2', 'E3', 'E4', 'E5', 'E6', 'E7', 'E8', 'E9', 'E10', 'E11', 'E12', 'E13', 'E14', 'E15', 'E16', 'E17', 'E18', 'E19', 'E20', 'E21', 'E22', 'E23', 'E24', 'E25', 'E26', 'E27', 'E28', 'E29', 'E30', 'E31', 'E32', 'E33', 'E34', 'E35', 'E36', 'E37', 'E38', 'E39', 'E40', 'E41', 'E42', 'E43', 'E44', 'E45', 'E46', 'E47', 'E48', 'E49', 'E50', 'E51', 'E52', 'E53', 'E54', 'E55', 'E56', 'E57', 'E58', 'E59', 'E60', 'E61', 'E62', 'E63', 'E64', 'E65', 'E66', 'E67', 'E68', 'E69', 'E70', 'E71', 'E72', 'E73', 'E74', 'E75', 'E76', 'E77', 'E78', 'E79', 'E80', 'E81', 'E82', 'E83', 'E84', 'E85', 'E86', 'E87', 'E88', 'E89', 'E90', 'E91', 'E92', 'E93', 'E94', 'E95', 'E96', 'E97', 'E98', 'E99', 'E100', 'E101', 'E102', 'E103', 'E104', 'E105', 'E106', 'E107', 'E108', 'E109', 'E110', 'E111', 'E112', 'E113', 'E114', 'E115', 'E116', 'E117', 'E118', 'E119', 'E120', 'E121', 'E122', 'E123', 'E124', 'E125', 'E126', 'E127', 'E128', 'VREF']
2025-02-25 15:42:43,062 - INFO - Baking_EEG._1_preprocess - Raw data info channels: ,129
2025-02-25 15:42:43,062 - INFO - Baking_EEG._1_preprocess - Raw data info highpass: ,0.0
2025-02-25 15:42:43,062 - INFO - Baking_EEG._1_preprocess - Raw data info lowpass: ,250.0
2025-02-25 15:42:43,062 - INFO - Baking_EEG._1_preprocess - Raw data info sfreq: ,500.0
2025-02-25 15:47:53,228 - INFO - Baking_EEG._1_preprocess - Raw data info ch_names: ,['E1', 'E2', 'E3', 'E4', 'E5', 'E6', 'E7', 'E8', 'E9', 'E10', 'E11', 'E12', 'E13', 'E14', 'E15', 'E16', 'E17', 'E18', 'E19', 'E20', 'E21', 'E22', 'E23', 'E24', 'E25', 'E26', 'E27', 'E28', 'E29', 'E30', 'E31', 'E32', 'E33', 'E34', 'E35', 'E36', 'E37', 'E38', 'E39', 'E40', 'E41', 'E42', 'E43', 'E44', 'E45', 'E46', 'E47', 'E48', 'E49', 'E50', 'E51', 'E52', 'E53', 'E54', 'E55', 'E56', 'E57', 'E58', 'E59', 'E60', 'E61', 'E62', 'E63', 'E64', 'E65', 'E66', 'E67', 'E68', 'E69', 'E70', 'E71', 'E72', 'E73', 'E74', 'E75', 'E76', 'E77', 'E78', 'E79', 'E80', 'E81', 'E82', 'E83', 'E84', 'E85', 'E86', 'E87', 'E88', 'E89', 'E90', 'E91', 'E92', 'E93', 'E94', 'E95', 'E96', 'E97', 'E98', 'E99', 'E100', 'E101', 'E102', 'E103', 'E104', 'E105', 'E106', 'E107', 'E108', 'E109', 'E110', 'E111', 'E112', 'E113', 'E114', 'E115', 'E116', 'E117', 'E118', 'E119', 'E120', 'E121', 'E122', 'E123', 'E124', 'E125', 'E126', 'E127', 'E128', 'VREF']
2025-02-25 15:47:53,228 - INFO - Baking_EEG._1_preprocess - Raw data info channels: ,129
2025-02-25 15:47:53,228 - INFO - Baking_EEG._1_preprocess - Raw data info highpass: ,0.0
2025-02-25 15:47:53,228 - INFO - Baking_EEG._1_preprocess - Raw data info lowpass: ,250.0
2025-02-25 15:47:53,229 - INFO - Baking_EEG._1_preprocess - Raw data info sfreq: ,500.0
2025-02-25 16:02:17,781 - INFO - Baking_EEG._1_preprocess - Raw data info ch_names: ,['E1', 'E2', 'E3', 'E4', 'E5', 'E6', 'E7', 'E8', 'E9', 'E10', 'E11', 'E12', 'E13', 'E14', 'E15', 'E16', 'E17', 'E18', 'E19', 'E20', 'E21', 'E22', 'E23', 'E24', 'E25', 'E26', 'E27', 'E28', 'E29', 'E30', 'E31', 'E32', 'E33', 'E34', 'E35', 'E36', 'E37', 'E38', 'E39', 'E40', 'E41', 'E42', 'E43', 'E44', 'E45', 'E46', 'E47', 'E48', 'E49', 'E50', 'E51', 'E52', 'E53', 'E54', 'E55', 'E56', 'E57', 'E58', 'E59', 'E60', 'E61', 'E62', 'E63', 'E64', 'E65', 'E66', 'E67', 'E68', 'E69', 'E70', 'E71', 'E72', 'E73', 'E74', 'E75', 'E76', 'E77', 'E78', 'E79', 'E80', 'E81', 'E82', 'E83', 'E84', 'E85', 'E86', 'E87', 'E88', 'E89', 'E90', 'E91', 'E92', 'E93', 'E94', 'E95', 'E96', 'E97', 'E98', 'E99', 'E100', 'E101', 'E102', 'E103', 'E104', 'E105', 'E106', 'E107', 'E108', 'E109', 'E110', 'E111', 'E112', 'E113', 'E114', 'E115', 'E116', 'E117', 'E118', 'E119', 'E120', 'E121', 'E122', 'E123', 'E124', 'E125', 'E126', 'E127', 'E128', 'VREF']
2025-02-25 16:02:17,781 - INFO - Baking_EEG._1_preprocess - Raw data info channels: ,129
2025-02-25 16:02:17,781 - INFO - Baking_EEG._1_preprocess - Raw data info highpass: ,0.0
2025-02-25 16:02:17,781 - INFO - Baking_EEG._1_preprocess - Raw data info lowpass: ,250.0
2025-02-25 16:02:17,781 - INFO - Baking_EEG._1_preprocess - Raw data info sfreq: ,500.0
2025-02-25 16:08:25,995 - INFO - Baking_EEG._2_cleaning - Nb blink found : ,1
2025-02-25 16:10:32,210 - INFO - Baking_EEG._2_cleaning - Nb blink found : ,51
2025-02-25 16:13:26,788 - INFO - Baking_EEG._2_cleaning - Nb blink found : ,20
2025-02-25 16:16:26,365 - INFO - Baking_EEG._2_cleaning - Nb blink found : ,40
2025-02-25 16:20:41,511 - INFO - Baking_EEG._2_cleaning - Nb blink found : ,123
2025-02-25 16:23:23,729 - INFO - Baking_EEG._2_cleaning - Nb blink found : ,337
2025-02-25 16:23:49,712 - INFO - Baking_EEG._2_cleaning - components excluded = [0]
2025-02-25 16:26:02,980 - INFO - Baking_EEG._2_cleaning - Nb blink found : ,40
2025-02-25 16:31:45,197 - INFO - Baking_EEG._3_epoch - Number of events : ,180
2025-02-25 16:31:45,197 - INFO - Baking_EEG._3_epoch - Number of events : ,180
2025-02-25 16:31:45,197 - INFO - Baking_EEG._3_epoch - Number of epochs :,55
2025-02-25 16:31:50,730 - INFO - Baking_EEG._3_epoch - Number of events : ,180
2025-02-25 16:31:50,730 - INFO - Baking_EEG._3_epoch - Number of events : ,180
2025-02-25 16:31:50,738 - INFO - Baking_EEG._3_epoch - Number of epochs :,27
2025-02-25 16:31:56,018 - INFO - Baking_EEG._3_epoch - Number of events : ,180
2025-02-25 16:31:56,018 - INFO - Baking_EEG._3_epoch - Number of events : ,180
2025-02-25 16:31:56,018 - INFO - Baking_EEG._3_epoch - Number of epochs :,52
2025-02-25 16:32:00,329 - INFO - Baking_EEG._3_epoch - Number of events : ,180
2025-02-25 16:32:00,329 - INFO - Baking_EEG._3_epoch - Number of events : ,180
2025-02-25 16:32:00,329 - INFO - Baking_EEG._3_epoch - Number of epochs :,49
2025-02-25 16:32:04,566 - INFO - Baking_EEG._3_epoch - Number of events : ,180
2025-02-25 16:32:04,566 - INFO - Baking_EEG._3_epoch - Number of events : ,180
2025-02-25 16:32:04,566 - INFO - Baking_EEG._3_epoch - Number of epochs :,57
2025-02-25 16:32:09,042 - INFO - Baking_EEG._3_epoch - Number of events : ,180
2025-02-25 16:32:09,043 - INFO - Baking_EEG._3_epoch - Number of events : ,180
2025-02-25 16:32:09,043 - INFO - Baking_EEG._3_epoch - Number of epochs :,50
2025-02-25 16:34:28,249 - INFO - Baking_EEG._3_epoch - Number of events : ,180
2025-02-25 16:34:28,249 - INFO - Baking_EEG._3_epoch - Number of events : ,180
2025-02-25 16:34:28,249 - INFO - Baking_EEG._3_epoch - Number of epochs :,58
2025-02-25 16:34:55,840 - INFO - Baking_EEG._3_epoch - Number of events : ,180
2025-02-25 16:34:55,840 - INFO - Baking_EEG._3_epoch - Number of events : ,180
2025-02-25 16:34:55,840 - INFO - Baking_EEG._3_epoch - Number of epochs :,32
2025-02-25 16:35:00,672 - INFO - Baking_EEG._3_epoch - Number of events : ,180
2025-02-25 16:35:00,672 - INFO - Baking_EEG._3_epoch - Number of events : ,180
2025-02-25 16:35:00,672 - INFO - Baking_EEG._3_epoch - Number of epochs :,58
2025-02-25 16:35:07,158 - INFO - Baking_EEG._3_epoch - Number of events : ,180
2025-02-25 16:35:07,158 - INFO - Baking_EEG._3_epoch - Number of events : ,180
2025-02-25 16:35:07,158 - INFO - Baking_EEG._3_epoch - Number of epochs :,57
2025-02-25 16:35:11,474 - INFO - Baking_EEG._3_epoch - Number of events : ,180
2025-02-25 16:35:11,474 - INFO - Baking_EEG._3_epoch - Number of events : ,180
2025-02-25 16:35:11,474 - INFO - Baking_EEG._3_epoch - Number of epochs :,59
2025-02-25 16:35:16,015 - INFO - Baking_EEG._3_epoch - Number of events : ,180
2025-02-25 16:35:16,016 - INFO - Baking_EEG._3_epoch - Number of events : ,180
2025-02-25 16:35:16,016 - INFO - Baking_EEG._3_epoch - Number of epochs :,60
2025-02-25 16:35:48,948 - INFO - Baking_EEG._3_epoch - Number of events : ,180
2025-02-25 16:35:48,951 - INFO - Baking_EEG._3_epoch - Number of events : ,180
2025-02-25 16:35:48,951 - INFO - Baking_EEG._3_epoch - Number of epochs :,58
2025-02-25 16:35:53,085 - INFO - Baking_EEG._3_epoch - Number of events : ,180
2025-02-25 16:35:53,085 - INFO - Baking_EEG._3_epoch - Number of events : ,180
2025-02-25 16:35:53,085 - INFO - Baking_EEG._3_epoch - Number of epochs :,51
2025-02-25 16:35:57,139 - INFO - Baking_EEG._3_epoch - Number of events : ,180
2025-02-25 16:35:57,139 - INFO - Baking_EEG._3_epoch - Number of events : ,180
2025-02-25 16:35:57,139 - INFO - Baking_EEG._3_epoch - Number of epochs :,57
2025-02-25 16:36:01,046 - INFO - Baking_EEG._3_epoch - Number of events : ,180
2025-02-25 16:36:01,046 - INFO - Baking_EEG._3_epoch - Number of events : ,180
2025-02-25 16:36:01,046 - INFO - Baking_EEG._3_epoch - Number of epochs :,59
2025-02-25 16:36:04,730 - INFO - Baking_EEG._3_epoch - Number of events : ,180
2025-02-25 16:36:04,730 - INFO - Baking_EEG._3_epoch - Number of events : ,180
2025-02-25 16:36:04,731 - INFO - Baking_EEG._3_epoch - Number of epochs :,56
2025-02-25 16:36:09,367 - INFO - Baking_EEG._3_epoch - Number of events : ,180
2025-02-25 16:36:09,368 - INFO - Baking_EEG._3_epoch - Number of events : ,180
2025-02-25 16:36:09,368 - INFO - Baking_EEG._3_epoch - Number of epochs :,59
2025-02-25 16:40:30,310 - INFO - Baking_EEG._3_epoch - Number of events : ,180
2025-02-25 16:40:30,310 - INFO - Baking_EEG._3_epoch - Number of events : ,180
2025-02-25 16:40:30,310 - INFO - Baking_EEG._3_epoch - Number of epochs :,13
2025-02-25 16:40:36,331 - INFO - Baking_EEG._3_epoch - Number of events : ,180
2025-02-25 16:40:36,331 - INFO - Baking_EEG._3_epoch - Number of events : ,180
2025-02-25 16:40:36,331 - INFO - Baking_EEG._3_epoch - Number of epochs :,60
2025-02-25 16:40:41,707 - INFO - Baking_EEG._3_epoch - Number of events : ,180
2025-02-25 16:40:41,707 - INFO - Baking_EEG._3_epoch - Number of events : ,180
2025-02-25 16:40:41,707 - INFO - Baking_EEG._3_epoch - Number of epochs :,59
2025-02-25 16:40:55,000 - INFO - Baking_EEG._3_epoch - Number of events : ,180
2025-02-25 16:40:55,000 - INFO - Baking_EEG._3_epoch - Number of events : ,180
2025-02-25 16:40:55,015 - INFO - Baking_EEG._3_epoch - Number of epochs :,53
2025-02-25 16:41:05,254 - INFO - Baking_EEG._3_epoch - Number of events : ,180
2025-02-25 16:41:05,254 - INFO - Baking_EEG._3_epoch - Number of events : ,180
2025-02-25 16:41:05,254 - INFO - Baking_EEG._3_epoch - Number of epochs :,44
2025-02-25 16:41:09,651 - INFO - Baking_EEG._3_epoch - Number of events : ,180
2025-02-25 16:41:09,651 - INFO - Baking_EEG._3_epoch - Number of events : ,180
2025-02-25 16:41:09,651 - INFO - Baking_EEG._3_epoch - Number of epochs :,42
2025-02-25 16:41:14,231 - INFO - Baking_EEG._3_epoch - Number of events : ,180
2025-02-25 16:41:14,231 - INFO - Baking_EEG._3_epoch - Number of events : ,180
2025-02-25 16:41:14,231 - INFO - Baking_EEG._3_epoch - Number of epochs :,41
2025-02-25 16:41:20,250 - INFO - Baking_EEG._3_epoch - Number of events : ,180
2025-02-25 16:41:20,250 - INFO - Baking_EEG._3_epoch - Number of events : ,180
2025-02-25 16:41:20,250 - INFO - Baking_EEG._3_epoch - Number of epochs :,59
2025-02-25 16:41:25,298 - INFO - Baking_EEG._3_epoch - Number of events : ,180
2025-02-25 16:41:25,298 - INFO - Baking_EEG._3_epoch - Number of events : ,180
2025-02-25 16:41:25,298 - INFO - Baking_EEG._3_epoch - Number of epochs :,56
2025-02-25 16:42:04,490 - INFO - Baking_EEG._3_epoch - Number of events : ,180
2025-02-25 16:42:04,490 - INFO - Baking_EEG._3_epoch - Number of events : ,180
2025-02-25 16:42:04,490 - INFO - Baking_EEG._3_epoch - Number of epochs :,41
2025-02-25 16:42:10,841 - INFO - Baking_EEG._3_epoch - Number of events : ,180
2025-02-25 16:42:10,841 - INFO - Baking_EEG._3_epoch - Number of events : ,180
2025-02-25 16:42:10,842 - INFO - Baking_EEG._3_epoch - Number of epochs :,59
2025-02-25 16:42:18,731 - INFO - Baking_EEG._3_epoch - Number of events : ,180
2025-02-25 16:42:18,731 - INFO - Baking_EEG._3_epoch - Number of events : ,180
2025-02-25 16:42:18,732 - INFO - Baking_EEG._3_epoch - Number of epochs :,56
2025-02-25 16:42:22,537 - INFO - Baking_EEG._3_epoch - Number of events : ,180
2025-02-25 16:42:22,537 - INFO - Baking_EEG._3_epoch - Number of events : ,180
2025-02-25 16:42:22,537 - INFO - Baking_EEG._3_epoch - Number of epochs :,56
2025-02-25 16:42:26,947 - INFO - Baking_EEG._3_epoch - Number of events : ,180
2025-02-25 16:42:26,947 - INFO - Baking_EEG._3_epoch - Number of events : ,180
2025-02-25 16:42:26,947 - INFO - Baking_EEG._3_epoch - Number of epochs :,58
2025-02-25 16:42:33,033 - INFO - Baking_EEG._3_epoch - Number of events : ,180
2025-02-25 16:42:33,033 - INFO - Baking_EEG._3_epoch - Number of events : ,180
2025-02-25 16:42:33,033 - INFO - Baking_EEG._3_epoch - Number of epochs :,35
2025-02-25 16:43:09,304 - INFO - Baking_EEG._3_epoch - Number of events : ,180
2025-02-25 16:43:09,304 - INFO - Baking_EEG._3_epoch - Number of events : ,180
2025-02-25 16:43:09,304 - INFO - Baking_EEG._3_epoch - Number of epochs :,35
2025-02-25 16:43:16,380 - INFO - Baking_EEG._3_epoch - Number of events : ,180
2025-02-25 16:43:16,380 - INFO - Baking_EEG._3_epoch - Number of events : ,180
2025-02-25 16:43:16,380 - INFO - Baking_EEG._3_epoch - Number of epochs :,53
2025-02-25 16:43:21,803 - INFO - Baking_EEG._3_epoch - Number of events : ,180
2025-02-25 16:43:21,803 - INFO - Baking_EEG._3_epoch - Number of events : ,180
2025-02-25 16:43:21,803 - INFO - Baking_EEG._3_epoch - Number of epochs :,56
2025-02-25 16:43:26,855 - INFO - Baking_EEG._3_epoch - Number of events : ,180
2025-02-25 16:43:26,855 - INFO - Baking_EEG._3_epoch - Number of events : ,180
2025-02-25 16:43:26,855 - INFO - Baking_EEG._3_epoch - Number of epochs :,59
2025-02-25 16:43:35,697 - INFO - Baking_EEG._3_epoch - Number of events : ,180
2025-02-25 16:43:35,697 - INFO - Baking_EEG._3_epoch - Number of events : ,180
2025-02-25 16:43:35,697 - INFO - Baking_EEG._3_epoch - Number of epochs :,59
2025-02-25 16:43:40,939 - INFO - Baking_EEG._3_epoch - Number of events : ,180
2025-02-25 16:43:40,939 - INFO - Baking_EEG._3_epoch - Number of events : ,180
2025-02-25 16:43:40,939 - INFO - Baking_EEG._3_epoch - Number of epochs :,57
2025-02-25 16:43:45,491 - INFO - Baking_EEG._3_epoch - Number of events : ,180
2025-02-25 16:43:45,491 - INFO - Baking_EEG._3_epoch - Number of events : ,180
2025-02-25 16:43:45,491 - INFO - Baking_EEG._3_epoch - Number of epochs :,54
2025-02-25 16:44:35,047 - INFO - Baking_EEG._3_epoch - Number of events : ,180
2025-02-25 16:44:35,047 - INFO - Baking_EEG._3_epoch - Number of events : ,180
2025-02-25 16:44:35,047 - INFO - Baking_EEG._3_epoch - Number of epochs :,59
2025-02-25 16:44:39,819 - INFO - Baking_EEG._3_epoch - Number of events : ,180
2025-02-25 16:44:39,819 - INFO - Baking_EEG._3_epoch - Number of events : ,180
2025-02-25 16:44:39,819 - INFO - Baking_EEG._3_epoch - Number of epochs :,57
2025-02-25 16:44:49,045 - INFO - Baking_EEG._3_epoch - Number of events : ,180
2025-02-25 16:44:49,045 - INFO - Baking_EEG._3_epoch - Number of events : ,180
2025-02-25 16:44:49,045 - INFO - Baking_EEG._3_epoch - Number of epochs :,54
2025-02-25 16:44:53,680 - INFO - Baking_EEG._3_epoch - Number of events : ,180
2025-02-25 16:44:53,680 - INFO - Baking_EEG._3_epoch - Number of events : ,180
2025-02-25 16:44:53,680 - INFO - Baking_EEG._3_epoch - Number of epochs :,57
2025-02-25 16:45:01,738 - INFO - Baking_EEG._3_epoch - Number of events : ,180
2025-02-25 16:45:01,738 - INFO - Baking_EEG._3_epoch - Number of events : ,180
2025-02-25 16:45:01,738 - INFO - Baking_EEG._3_epoch - Number of epochs :,56
2025-02-25 16:45:07,010 - INFO - Baking_EEG._3_epoch - Number of events : ,180
2025-02-25 16:45:07,010 - INFO - Baking_EEG._3_epoch - Number of events : ,180
2025-02-25 16:45:07,010 - INFO - Baking_EEG._3_epoch - Number of epochs :,36
2025-02-25 16:45:41,152 - INFO - Baking_EEG._3_epoch - Number of events : ,180
2025-02-25 16:45:41,152 - INFO - Baking_EEG._3_epoch - Number of events : ,180
2025-02-25 16:45:41,152 - INFO - Baking_EEG._3_epoch - Number of epochs :,36
2025-02-25 16:45:50,623 - INFO - Baking_EEG._3_epoch - Number of events : ,180
2025-02-25 16:45:50,623 - INFO - Baking_EEG._3_epoch - Number of events : ,180
2025-02-25 16:45:50,623 - INFO - Baking_EEG._3_epoch - Number of epochs :,57
2025-02-25 16:45:55,600 - INFO - Baking_EEG._3_epoch - Number of events : ,180
2025-02-25 16:45:55,601 - INFO - Baking_EEG._3_epoch - Number of events : ,180
2025-02-25 16:45:55,601 - INFO - Baking_EEG._3_epoch - Number of epochs :,60
2025-02-25 16:46:01,017 - INFO - Baking_EEG._3_epoch - Number of events : ,180
2025-02-25 16:46:01,017 - INFO - Baking_EEG._3_epoch - Number of events : ,180
2025-02-25 16:46:01,017 - INFO - Baking_EEG._3_epoch - Number of epochs :,35
2025-02-25 16:46:07,260 - INFO - Baking_EEG._3_epoch - Number of events : ,180
2025-02-25 16:46:07,260 - INFO - Baking_EEG._3_epoch - Number of events : ,180
2025-02-25 16:46:07,260 - INFO - Baking_EEG._3_epoch - Number of epochs :,42
2025-02-25 16:46:14,932 - INFO - Baking_EEG._3_epoch - Number of events : ,180
2025-02-25 16:46:14,932 - INFO - Baking_EEG._3_epoch - Number of events : ,180
2025-02-25 16:46:14,932 - INFO - Baking_EEG._3_epoch - Number of epochs :,1
2025-02-25 16:46:21,510 - INFO - Baking_EEG._3_epoch - Number of events : ,180
2025-02-25 16:46:21,510 - INFO - Baking_EEG._3_epoch - Number of events : ,180
2025-02-25 16:46:21,515 - INFO - Baking_EEG._3_epoch - Number of epochs :,57
2025-02-25 16:46:26,307 - INFO - Baking_EEG._3_epoch - Number of events : ,180
2025-02-25 16:46:26,307 - INFO - Baking_EEG._3_epoch - Number of events : ,180
2025-02-25 16:46:26,307 - INFO - Baking_EEG._3_epoch - Number of epochs :,24
2025-02-25 16:46:34,643 - INFO - Baking_EEG._3_epoch - Number of events : ,180
2025-02-25 16:46:34,643 - INFO - Baking_EEG._3_epoch - Number of events : ,180
2025-02-25 16:46:34,643 - INFO - Baking_EEG._3_epoch - Number of epochs :,60
2025-02-25 16:47:30,080 - INFO - Baking_EEG._3_epoch - Number of events : ,180
2025-02-25 16:47:30,080 - INFO - Baking_EEG._3_epoch - Number of events : ,180
2025-02-25 16:47:30,080 - INFO - Baking_EEG._3_epoch - Number of epochs :,60
2025-02-25 16:48:00,072 - INFO - Baking_EEG._3_epoch - Number of events : ,180
2025-02-25 16:48:00,161 - INFO - Baking_EEG._3_epoch - Number of events : ,180
2025-02-25 16:48:00,161 - INFO - Baking_EEG._3_epoch - Number of epochs :,60
2025-02-25 16:48:06,648 - INFO - Baking_EEG._3_epoch - Number of events : ,180
2025-02-25 16:48:06,649 - INFO - Baking_EEG._3_epoch - Number of events : ,180
2025-02-25 16:48:06,649 - INFO - Baking_EEG._3_epoch - Number of epochs :,25
2025-02-25 16:48:10,830 - INFO - Baking_EEG._3_epoch - Number of events : ,180
2025-02-25 16:48:10,830 - INFO - Baking_EEG._3_epoch - Number of events : ,180
2025-02-25 16:48:10,830 - INFO - Baking_EEG._3_epoch - Number of epochs :,60
2025-02-25 16:48:43,118 - INFO - Baking_EEG._3_epoch - Number of events : ,180
2025-02-25 16:48:43,118 - INFO - Baking_EEG._3_epoch - Number of events : ,180
2025-02-25 16:48:43,118 - INFO - Baking_EEG._3_epoch - Number of epochs :,55
2025-02-25 16:49:22,005 - INFO - Baking_EEG._3_epoch - Number of events : ,180
2025-02-25 16:49:22,006 - INFO - Baking_EEG._3_epoch - Number of events : ,180
2025-02-25 16:49:22,006 - INFO - Baking_EEG._3_epoch - Number of epochs :,60
2025-02-25 16:49:27,948 - INFO - Baking_EEG._3_epoch - Number of events : ,180
2025-02-25 16:49:27,948 - INFO - Baking_EEG._3_epoch - Number of events : ,180
2025-02-25 16:49:27,948 - INFO - Baking_EEG._3_epoch - Number of epochs :,55
2025-02-25 16:49:47,029 - INFO - Baking_EEG._3_epoch - Number of events : ,180
2025-02-25 16:49:47,029 - INFO - Baking_EEG._3_epoch - Number of events : ,180
2025-02-25 16:49:47,029 - INFO - Baking_EEG._3_epoch - Number of epochs :,60
2025-02-25 16:50:00,858 - INFO - Baking_EEG._3_epoch - Number of events : ,180
2025-02-25 16:50:00,858 - INFO - Baking_EEG._3_epoch - Number of events : ,180
2025-02-25 16:50:00,858 - INFO - Baking_EEG._3_epoch - Number of epochs :,60
2025-02-25 16:50:05,398 - INFO - Baking_EEG._3_epoch - Number of events : ,180
2025-02-25 16:50:05,400 - INFO - Baking_EEG._3_epoch - Number of events : ,180
2025-02-25 16:50:05,400 - INFO - Baking_EEG._3_epoch - Number of epochs :,55
2025-02-25 16:50:13,135 - INFO - Baking_EEG._3_epoch - Number of events : ,180
2025-02-25 16:50:13,135 - INFO - Baking_EEG._3_epoch - Number of events : ,180
2025-02-25 16:50:13,135 - INFO - Baking_EEG._3_epoch - Number of epochs :,37
