2025-02-19 09:41:53,338 - INFO - Baking_EEG._1_preprocess - Raw data info ch_names: ,['E1', 'E2', 'E3', 'E4', 'E5', 'E6', 'E7', 'E8', 'E9', 'E10', 'E11', 'E12', 'E13', 'E14', 'E15', 'E16', 'E17', 'E18', 'E19', 'E20', 'E21', 'E22', 'E23', 'E24', 'E25', 'E26', 'E27', 'E28', 'E29', 'E30', 'E31', 'E32', 'E33', 'E34', 'E35', 'E36', 'E37', 'E38', 'E39', 'E40', 'E41', 'E42', 'E43', 'E44', 'E45', 'E46', 'E47', 'E48', 'E49', 'E50', 'E51', 'E52', 'E53', 'E54', 'E55', 'E56', 'E57', 'E58', 'E59', 'E60', 'E61', 'E62', 'E63', 'E64', 'E65', 'E66', 'E67', 'E68', 'E69', 'E70', 'E71', 'E72', 'E73', 'E74', 'E75', 'E76', 'E77', 'E78', 'E79', 'E80', 'E81', 'E82', 'E83', 'E84', 'E85', 'E86', 'E87', 'E88', 'E89', 'E90', 'E91', 'E92', 'E93', 'E94', 'E95', 'E96', 'E97', 'E98', 'E99', 'E100', 'E101', 'E102', 'E103', 'E104', 'E105', 'E106', 'E107', 'E108', 'E109', 'E110', 'E111', 'E112', 'E113', 'E114', 'E115', 'E116', 'E117', 'E118', 'E119', 'E120', 'E121', 'E122', 'E123', 'E124', 'E125', 'E126', 'E127', 'E128', 'VREF', 'D200', 'D201', 'D100', 'D144', 'D107', 'D180', 'DIN1', 'DI52', 'DI45', 'DI60', 'DI10', 'DI25', 'DI34', 'D125', 'DI76', 'D152', 'DI21', 'D126', 'D178', 'DI61', 'DI55', 'D163', 'D124', 'DI31', 'D179', 'D148', 'DIN2', 'DI71', 'D134', 'DI78', 'D112', 'D177', 'DIN8', 'DI11', 'DI41', 'D150', 'D165', 'D113', 'DI77', 'DI24', 'D132', 'DI44', 'DI57', 'DIN7', 'D133', 'D146', 'DI51', 'D140', 'D157', 'D155', 'D167', 'DI62', 'D164', 'DI66', 'DI33', 'D145', 'DI63', 'DI18', 'D142', 'DI17', 'DI67', 'D103', 'DI58', 'D176', 'DI30', 'DIN5', 'D122', 'DI14', 'D162', 'D121', 'D102', 'DI42', 'DI81', 'DI53', 'DI50', 'D174', 'D106', 'D114', 'D111', 'D139', 'DI39', 'DI48', 'DI20', 'D143', 'D109', 'D116', 'D104', 'D136', 'DI12', 'DI15', 'DI64', 'D131', 'DI65', 'D175', 'D119', 'D135', 'D168', 'DI70', 'DI80', 'DI19', 'DI22', 'D115', 'DI32', 'D161', 'DI75', 'D105', 'DI38', 'DI46', 'D101', 'DI35', 'DI56', 'DIN4', 'DI36', 'DI26', 'DIN6', 'D128', 'DI74', 'D147', 'D117', 'DI28', 'DI43', 'D171', 'D108', 'DI23', 'D158', 'D129', 'D154', 'DI69', 'D130', 'D156', 'D141', 'D169', 'DI13', 'DI49', 'D170', 'DI40', 'D123', 'D153', 'DI29', 'DI47', 'D149', 'DI68', 'DI27', 'DI37', 'DI54', 'DI73', 'D137', 'D138', 'D151', 'D172', 'D120', 'D127', 'D173', 'D110', 'D159', 'DIN3', 'DI59', 'D118', 'DI16', 'DI79', 'DIN9', 'D160', 'D166', 'DI72', 'D206', 'D205', 'D203', 'D209', 'D210', 'D207', 'D208', 'D204', 'D202', 'net', 'STI 014']
2025-02-19 09:41:53,338 - INFO - Baking_EEG._1_preprocess - Raw data info channels: ,304
2025-02-19 09:41:53,338 - INFO - Baking_EEG._1_preprocess - Raw data info highpass: ,0.0
2025-02-19 09:41:53,338 - INFO - Baking_EEG._1_preprocess - Raw data info lowpass: ,250.0
2025-02-19 09:41:53,338 - INFO - Baking_EEG._1_preprocess - Raw data info sfreq: ,500.0
2025-02-19 09:46:20,082 - INFO - Baking_EEG._3_epoch - Number of events : ,180
2025-02-19 09:46:20,082 - INFO - Baking_EEG._3_epoch - Number of events : ,180
2025-02-19 09:46:20,082 - INFO - Baking_EEG._3_epoch - Number of epochs :,60
2025-02-19 09:46:23,553 - INFO - Baking_EEG._3_epoch - Number of events : ,180
2025-02-19 09:46:23,553 - INFO - Baking_EEG._3_epoch - Number of events : ,180
2025-02-19 09:46:23,553 - INFO - Baking_EEG._3_epoch - Number of epochs :,47
2025-02-19 09:47:02,724 - INFO - Baking_EEG._3_epoch - Number of events : ,180
2025-02-19 09:47:02,724 - INFO - Baking_EEG._3_epoch - Number of events : ,180
2025-02-19 09:47:02,724 - INFO - Baking_EEG._3_epoch - Number of epochs :,60
2025-02-19 09:47:23,181 - INFO - Baking_EEG._3_epoch - Number of events : ,180
2025-02-19 09:47:23,181 - INFO - Baking_EEG._3_epoch - Number of events : ,180
2025-02-19 09:47:23,181 - INFO - Baking_EEG._3_epoch - Number of epochs :,47
2025-02-19 09:47:47,925 - INFO - Baking_EEG._3_epoch - Number of events : ,180
2025-02-19 09:47:47,925 - INFO - Baking_EEG._3_epoch - Number of events : ,180
2025-02-19 09:47:47,925 - INFO - Baking_EEG._3_epoch - Number of epochs :,47
2025-02-19 09:48:44,060 - INFO - Baking_EEG._3_epoch - Number of events : ,180
2025-02-19 09:48:44,060 - INFO - Baking_EEG._3_epoch - Number of events : ,180
2025-02-19 09:48:44,061 - INFO - Baking_EEG._3_epoch - Number of epochs :,59
2025-02-19 09:49:02,996 - INFO - Baking_EEG._3_epoch - Number of events : ,180
2025-02-19 09:49:02,996 - INFO - Baking_EEG._3_epoch - Number of events : ,180
2025-02-19 09:49:02,996 - INFO - Baking_EEG._3_epoch - Number of epochs :,47
2025-02-19 09:49:38,220 - INFO - Baking_EEG._3_epoch - Number of events : ,180
2025-02-19 09:49:38,221 - INFO - Baking_EEG._3_epoch - Number of events : ,180
2025-02-19 09:49:38,221 - INFO - Baking_EEG._3_epoch - Number of epochs :,25
2025-02-19 09:50:00,453 - INFO - Baking_EEG._3_epoch - Number of events : ,180
2025-02-19 09:50:00,453 - INFO - Baking_EEG._3_epoch - Number of events : ,180
2025-02-19 09:50:00,453 - INFO - Baking_EEG._3_epoch - Number of epochs :,55
2025-02-19 11:24:24,765 - INFO - Baking_EEG._3_epoch - Number of events : ,180
2025-02-19 11:24:24,766 - INFO - Baking_EEG._3_epoch - Number of events : ,180
2025-02-19 11:24:24,767 - INFO - Baking_EEG._3_epoch - Number of epochs :,26
2025-02-19 11:24:52,860 - INFO - Baking_EEG._3_epoch - Number of events : ,180
2025-02-19 11:24:52,861 - INFO - Baking_EEG._3_epoch - Number of events : ,180
2025-02-19 11:24:52,861 - INFO - Baking_EEG._3_epoch - Number of epochs :,22
2025-02-19 11:24:57,255 - INFO - Baking_EEG._3_epoch - Number of events : ,180
2025-02-19 11:24:57,255 - INFO - Baking_EEG._3_epoch - Number of events : ,180
2025-02-19 11:24:57,255 - INFO - Baking_EEG._3_epoch - Number of epochs :,60
2025-02-19 11:25:01,295 - INFO - Baking_EEG._3_epoch - Number of events : ,180
2025-02-19 11:25:01,295 - INFO - Baking_EEG._3_epoch - Number of events : ,180
2025-02-19 11:25:01,295 - INFO - Baking_EEG._3_epoch - Number of epochs :,59
2025-02-19 11:25:51,760 - INFO - Baking_EEG._3_epoch - Number of events : ,180
2025-02-19 11:25:51,760 - INFO - Baking_EEG._3_epoch - Number of events : ,180
2025-02-19 11:25:51,761 - INFO - Baking_EEG._3_epoch - Number of epochs :,59
2025-02-19 11:28:24,198 - INFO - Baking_EEG._3_epoch - Number of events : ,180
2025-02-19 11:28:24,198 - INFO - Baking_EEG._3_epoch - Number of events : ,180
2025-02-19 11:28:24,198 - INFO - Baking_EEG._3_epoch - Number of epochs :,59
2025-02-19 11:31:08,147 - INFO - Baking_EEG._3_epoch - Number of events : ,180
2025-02-19 11:31:08,147 - INFO - Baking_EEG._3_epoch - Number of events : ,180
2025-02-19 11:31:08,147 - INFO - Baking_EEG._3_epoch - Number of epochs :,18
2025-02-19 11:31:15,776 - INFO - Baking_EEG._3_epoch - Number of events : ,180
2025-02-19 11:31:15,776 - INFO - Baking_EEG._3_epoch - Number of events : ,180
2025-02-19 11:31:15,776 - INFO - Baking_EEG._3_epoch - Number of epochs :,54
2025-02-19 11:31:23,000 - INFO - Baking_EEG._3_epoch - Number of events : ,180
2025-02-19 11:31:23,001 - INFO - Baking_EEG._3_epoch - Number of events : ,180
2025-02-19 11:31:23,001 - INFO - Baking_EEG._3_epoch - Number of epochs :,58
2025-02-19 11:31:54,525 - INFO - Baking_EEG._3_epoch - Number of events : ,180
2025-02-19 11:31:54,525 - INFO - Baking_EEG._3_epoch - Number of events : ,180
2025-02-19 11:31:54,525 - INFO - Baking_EEG._3_epoch - Number of epochs :,54
2025-02-19 11:31:57,671 - INFO - Baking_EEG._3_epoch - Number of events : ,180
2025-02-19 11:31:57,671 - INFO - Baking_EEG._3_epoch - Number of events : ,180
2025-02-19 11:31:57,672 - INFO - Baking_EEG._3_epoch - Number of epochs :,58
2025-02-19 11:32:06,884 - INFO - Baking_EEG._3_epoch - Number of events : ,180
2025-02-19 11:32:06,884 - INFO - Baking_EEG._3_epoch - Number of events : ,180
2025-02-19 11:32:06,884 - INFO - Baking_EEG._3_epoch - Number of epochs :,49
2025-02-19 11:32:13,056 - INFO - Baking_EEG._3_epoch - Number of events : ,180
2025-02-19 11:32:13,056 - INFO - Baking_EEG._3_epoch - Number of events : ,180
2025-02-19 11:32:13,056 - INFO - Baking_EEG._3_epoch - Number of epochs :,55
2025-02-19 11:32:55,139 - INFO - Baking_EEG._3_epoch - Number of events : ,180
2025-02-19 11:32:55,142 - INFO - Baking_EEG._3_epoch - Number of events : ,180
2025-02-19 11:32:55,142 - INFO - Baking_EEG._3_epoch - Number of epochs :,55
2025-02-19 11:33:01,825 - INFO - Baking_EEG._3_epoch - Number of events : ,180
2025-02-19 11:33:01,825 - INFO - Baking_EEG._3_epoch - Number of events : ,180
2025-02-19 11:33:01,825 - INFO - Baking_EEG._3_epoch - Number of epochs :,47
2025-02-19 11:33:07,952 - INFO - Baking_EEG._3_epoch - Number of events : ,180
2025-02-19 11:33:07,952 - INFO - Baking_EEG._3_epoch - Number of events : ,180
2025-02-19 11:33:07,952 - INFO - Baking_EEG._3_epoch - Number of epochs :,48
2025-02-19 11:33:16,548 - INFO - Baking_EEG._3_epoch - Number of events : ,180
2025-02-19 11:33:16,548 - INFO - Baking_EEG._3_epoch - Number of events : ,180
2025-02-19 11:33:16,548 - INFO - Baking_EEG._3_epoch - Number of epochs :,22
2025-02-19 11:33:25,700 - INFO - Baking_EEG._3_epoch - Number of events : ,180
2025-02-19 11:33:25,700 - INFO - Baking_EEG._3_epoch - Number of events : ,180
2025-02-19 11:33:25,700 - INFO - Baking_EEG._3_epoch - Number of epochs :,45
2025-02-19 11:33:34,170 - INFO - Baking_EEG._3_epoch - Number of events : ,180
2025-02-19 11:33:34,170 - INFO - Baking_EEG._3_epoch - Number of events : ,180
2025-02-19 11:33:34,171 - INFO - Baking_EEG._3_epoch - Number of epochs :,33
2025-02-19 11:33:43,034 - INFO - Baking_EEG._3_epoch - Number of events : ,180
2025-02-19 11:33:43,034 - INFO - Baking_EEG._3_epoch - Number of events : ,180
2025-02-19 11:33:43,034 - INFO - Baking_EEG._3_epoch - Number of epochs :,60
2025-02-19 11:33:49,768 - INFO - Baking_EEG._3_epoch - Number of events : ,180
2025-02-19 11:33:49,768 - INFO - Baking_EEG._3_epoch - Number of events : ,180
2025-02-19 11:33:49,768 - INFO - Baking_EEG._3_epoch - Number of epochs :,60
2025-02-19 11:33:56,853 - INFO - Baking_EEG._3_epoch - Number of events : ,180
2025-02-19 11:33:56,853 - INFO - Baking_EEG._3_epoch - Number of events : ,180
2025-02-19 11:33:56,853 - INFO - Baking_EEG._3_epoch - Number of epochs :,58
2025-02-19 11:34:03,312 - INFO - Baking_EEG._3_epoch - Number of events : ,180
2025-02-19 11:34:03,312 - INFO - Baking_EEG._3_epoch - Number of events : ,180
2025-02-19 11:34:03,312 - INFO - Baking_EEG._3_epoch - Number of epochs :,55
2025-02-19 11:34:09,214 - INFO - Baking_EEG._3_epoch - Number of events : ,180
2025-02-19 11:34:09,214 - INFO - Baking_EEG._3_epoch - Number of events : ,180
2025-02-19 11:34:09,215 - INFO - Baking_EEG._3_epoch - Number of epochs :,45
2025-02-19 11:34:14,951 - INFO - Baking_EEG._3_epoch - Number of events : ,180
2025-02-19 11:34:14,951 - INFO - Baking_EEG._3_epoch - Number of events : ,180
2025-02-19 11:34:14,951 - INFO - Baking_EEG._3_epoch - Number of epochs :,39
2025-02-19 11:34:29,469 - INFO - Baking_EEG._3_epoch - Number of events : ,180
2025-02-19 11:34:29,469 - INFO - Baking_EEG._3_epoch - Number of events : ,180
2025-02-19 11:34:29,469 - INFO - Baking_EEG._3_epoch - Number of epochs :,59
2025-02-19 11:35:12,346 - INFO - Baking_EEG._3_epoch - Number of events : ,180
2025-02-19 11:35:12,346 - INFO - Baking_EEG._3_epoch - Number of events : ,180
2025-02-19 11:35:12,346 - INFO - Baking_EEG._3_epoch - Number of epochs :,59
2025-02-19 11:35:38,515 - INFO - Baking_EEG._3_epoch - Number of events : ,180
2025-02-19 11:35:38,516 - INFO - Baking_EEG._3_epoch - Number of events : ,180
2025-02-19 11:35:38,516 - INFO - Baking_EEG._3_epoch - Number of epochs :,22
2025-02-19 11:35:45,362 - INFO - Baking_EEG._3_epoch - Number of events : ,180
2025-02-19 11:35:45,362 - INFO - Baking_EEG._3_epoch - Number of events : ,180
2025-02-19 11:35:45,362 - INFO - Baking_EEG._3_epoch - Number of epochs :,38
2025-02-19 11:35:50,796 - INFO - Baking_EEG._3_epoch - Number of events : ,180
2025-02-19 11:35:50,796 - INFO - Baking_EEG._3_epoch - Number of events : ,180
2025-02-19 11:35:50,799 - INFO - Baking_EEG._3_epoch - Number of epochs :,47
2025-02-19 11:36:00,322 - INFO - Baking_EEG._3_epoch - Number of events : ,180
2025-02-19 11:36:00,322 - INFO - Baking_EEG._3_epoch - Number of events : ,180
2025-02-19 11:36:00,322 - INFO - Baking_EEG._3_epoch - Number of epochs :,59
2025-02-19 11:36:06,783 - INFO - Baking_EEG._3_epoch - Number of events : ,180
2025-02-19 11:36:06,783 - INFO - Baking_EEG._3_epoch - Number of events : ,180
2025-02-19 11:36:06,784 - INFO - Baking_EEG._3_epoch - Number of epochs :,60
2025-02-19 11:36:13,149 - INFO - Baking_EEG._3_epoch - Number of events : ,180
2025-02-19 11:36:13,149 - INFO - Baking_EEG._3_epoch - Number of events : ,180
2025-02-19 11:36:13,149 - INFO - Baking_EEG._3_epoch - Number of epochs :,23
2025-02-19 11:38:25,573 - INFO - Baking_EEG._3_epoch - Number of events : ,180
2025-02-19 11:38:25,573 - INFO - Baking_EEG._3_epoch - Number of events : ,180
2025-02-19 11:38:25,573 - INFO - Baking_EEG._3_epoch - Number of epochs :,56
2025-02-19 11:38:33,205 - INFO - Baking_EEG._3_epoch - Number of events : ,180
2025-02-19 11:38:33,205 - INFO - Baking_EEG._3_epoch - Number of events : ,180
2025-02-19 11:38:33,205 - INFO - Baking_EEG._3_epoch - Number of epochs :,43
2025-02-19 11:38:39,869 - INFO - Baking_EEG._3_epoch - Number of events : ,180
2025-02-19 11:38:39,869 - INFO - Baking_EEG._3_epoch - Number of events : ,180
2025-02-19 11:38:39,869 - INFO - Baking_EEG._3_epoch - Number of epochs :,48
2025-02-19 11:38:45,864 - INFO - Baking_EEG._3_epoch - Number of events : ,180
2025-02-19 11:38:45,864 - INFO - Baking_EEG._3_epoch - Number of events : ,180
2025-02-19 11:38:45,864 - INFO - Baking_EEG._3_epoch - Number of epochs :,55
2025-02-19 11:38:51,836 - INFO - Baking_EEG._3_epoch - Number of events : ,180
2025-02-19 11:38:51,836 - INFO - Baking_EEG._3_epoch - Number of events : ,180
2025-02-19 11:38:51,836 - INFO - Baking_EEG._3_epoch - Number of epochs :,60
2025-02-19 11:39:01,501 - INFO - Baking_EEG._3_epoch - Number of events : ,180
2025-02-19 11:39:01,501 - INFO - Baking_EEG._3_epoch - Number of events : ,180
2025-02-19 11:39:01,501 - INFO - Baking_EEG._3_epoch - Number of epochs :,59
2025-02-19 11:39:07,353 - INFO - Baking_EEG._3_epoch - Number of events : ,180
2025-02-19 11:39:07,353 - INFO - Baking_EEG._3_epoch - Number of events : ,180
2025-02-19 11:39:07,353 - INFO - Baking_EEG._3_epoch - Number of epochs :,54
2025-02-19 11:40:06,633 - INFO - Baking_EEG._3_epoch - Number of events : ,180
2025-02-19 11:40:06,633 - INFO - Baking_EEG._3_epoch - Number of events : ,180
2025-02-19 11:40:06,633 - INFO - Baking_EEG._3_epoch - Number of epochs :,58
2025-02-19 11:40:14,473 - INFO - Baking_EEG._3_epoch - Number of events : ,180
2025-02-19 11:40:14,473 - INFO - Baking_EEG._3_epoch - Number of events : ,180
2025-02-19 11:40:14,473 - INFO - Baking_EEG._3_epoch - Number of epochs :,57
2025-02-19 11:40:19,235 - INFO - Baking_EEG._3_epoch - Number of events : ,180
2025-02-19 11:40:19,236 - INFO - Baking_EEG._3_epoch - Number of events : ,180
2025-02-19 11:40:19,237 - INFO - Baking_EEG._3_epoch - Number of epochs :,58
2025-02-19 11:40:24,684 - INFO - Baking_EEG._3_epoch - Number of events : ,180
2025-02-19 11:40:24,684 - INFO - Baking_EEG._3_epoch - Number of events : ,180
2025-02-19 11:40:24,686 - INFO - Baking_EEG._3_epoch - Number of epochs :,52
2025-02-19 11:41:14,712 - INFO - Baking_EEG._3_epoch - Number of events : ,180
2025-02-19 11:41:14,712 - INFO - Baking_EEG._3_epoch - Number of events : ,180
2025-02-19 11:41:14,712 - INFO - Baking_EEG._3_epoch - Number of epochs :,52
2025-02-19 11:41:36,133 - INFO - Baking_EEG._3_epoch - Number of events : ,180
2025-02-19 11:41:36,135 - INFO - Baking_EEG._3_epoch - Number of events : ,180
2025-02-19 11:41:36,135 - INFO - Baking_EEG._3_epoch - Number of epochs :,59
2025-02-19 11:42:32,365 - INFO - Baking_EEG._3_epoch - Number of events : ,180
2025-02-19 11:42:32,366 - INFO - Baking_EEG._3_epoch - Number of events : ,180
2025-02-19 11:42:32,366 - INFO - Baking_EEG._3_epoch - Number of epochs :,60
2025-02-19 11:42:38,744 - INFO - Baking_EEG._3_epoch - Number of events : ,180
2025-02-19 11:42:38,744 - INFO - Baking_EEG._3_epoch - Number of events : ,180
2025-02-19 11:42:38,744 - INFO - Baking_EEG._3_epoch - Number of epochs :,55
2025-02-19 11:42:49,057 - INFO - Baking_EEG._3_epoch - Number of events : ,180
2025-02-19 11:42:49,057 - INFO - Baking_EEG._3_epoch - Number of events : ,180
2025-02-19 11:42:49,057 - INFO - Baking_EEG._3_epoch - Number of epochs :,52
2025-02-19 12:52:01,842 - INFO - Baking_EEG._3_epoch - Number of events : ,180
2025-02-19 12:52:01,843 - INFO - Baking_EEG._3_epoch - Number of events : ,180
2025-02-19 12:52:01,843 - INFO - Baking_EEG._3_epoch - Number of epochs :,26
2025-02-19 12:52:08,034 - INFO - Baking_EEG._3_epoch - Number of events : ,180
2025-02-19 12:52:08,034 - INFO - Baking_EEG._3_epoch - Number of events : ,180
2025-02-19 12:52:08,034 - INFO - Baking_EEG._3_epoch - Number of epochs :,22
2025-02-19 12:52:13,936 - INFO - Baking_EEG._3_epoch - Number of events : ,180
2025-02-19 12:52:13,936 - INFO - Baking_EEG._3_epoch - Number of events : ,180
2025-02-19 12:52:13,937 - INFO - Baking_EEG._3_epoch - Number of epochs :,60
2025-02-19 12:52:27,059 - INFO - Baking_EEG._3_epoch - Number of events : ,180
2025-02-19 12:52:27,061 - INFO - Baking_EEG._3_epoch - Number of events : ,180
2025-02-19 12:52:27,061 - INFO - Baking_EEG._3_epoch - Number of epochs :,59
2025-02-19 12:52:35,917 - INFO - Baking_EEG._3_epoch - Number of events : ,180
2025-02-19 12:52:35,917 - INFO - Baking_EEG._3_epoch - Number of events : ,180
2025-02-19 12:52:35,917 - INFO - Baking_EEG._3_epoch - Number of epochs :,25
2025-02-19 12:53:17,161 - INFO - Baking_EEG._3_epoch - Number of events : ,180
2025-02-19 12:53:17,161 - INFO - Baking_EEG._3_epoch - Number of events : ,180
2025-02-19 12:53:17,161 - INFO - Baking_EEG._3_epoch - Number of epochs :,26
2025-02-19 12:53:21,642 - INFO - Baking_EEG._3_epoch - Number of events : ,180
2025-02-19 12:53:21,642 - INFO - Baking_EEG._3_epoch - Number of events : ,180
2025-02-19 12:53:21,643 - INFO - Baking_EEG._3_epoch - Number of epochs :,22
2025-02-19 12:53:28,154 - INFO - Baking_EEG._3_epoch - Number of events : ,180
2025-02-19 12:53:28,154 - INFO - Baking_EEG._3_epoch - Number of events : ,180
2025-02-19 12:53:28,155 - INFO - Baking_EEG._3_epoch - Number of epochs :,60
2025-02-19 12:53:36,782 - INFO - Baking_EEG._3_epoch - Number of events : ,180
2025-02-19 12:53:36,782 - INFO - Baking_EEG._3_epoch - Number of events : ,180
2025-02-19 12:53:36,782 - INFO - Baking_EEG._3_epoch - Number of epochs :,59
2025-02-19 12:53:57,302 - INFO - Baking_EEG._3_epoch - Number of events : ,180
2025-02-19 12:53:57,302 - INFO - Baking_EEG._3_epoch - Number of events : ,180
2025-02-19 12:53:57,303 - INFO - Baking_EEG._3_epoch - Number of epochs :,25
2025-02-19 12:54:02,554 - INFO - Baking_EEG._3_epoch - Number of events : ,180
2025-02-19 12:54:02,556 - INFO - Baking_EEG._3_epoch - Number of events : ,180
2025-02-19 12:54:02,556 - INFO - Baking_EEG._3_epoch - Number of epochs :,18
2025-02-19 12:54:06,926 - INFO - Baking_EEG._3_epoch - Number of events : ,180
2025-02-19 12:54:06,926 - INFO - Baking_EEG._3_epoch - Number of events : ,180
2025-02-19 12:54:06,926 - INFO - Baking_EEG._3_epoch - Number of epochs :,54
2025-02-19 12:54:13,335 - INFO - Baking_EEG._3_epoch - Number of events : ,180
2025-02-19 12:54:13,335 - INFO - Baking_EEG._3_epoch - Number of events : ,180
2025-02-19 12:54:13,335 - INFO - Baking_EEG._3_epoch - Number of epochs :,58
2025-02-19 12:54:18,923 - INFO - Baking_EEG._3_epoch - Number of events : ,180
2025-02-19 12:54:18,923 - INFO - Baking_EEG._3_epoch - Number of events : ,180
2025-02-19 12:54:18,923 - INFO - Baking_EEG._3_epoch - Number of epochs :,49
2025-02-19 12:54:23,822 - INFO - Baking_EEG._3_epoch - Number of events : ,180
2025-02-19 12:54:23,822 - INFO - Baking_EEG._3_epoch - Number of events : ,180
2025-02-19 12:54:23,822 - INFO - Baking_EEG._3_epoch - Number of epochs :,55
2025-02-19 12:54:27,955 - INFO - Baking_EEG._3_epoch - Number of events : ,180
2025-02-19 12:54:27,955 - INFO - Baking_EEG._3_epoch - Number of events : ,180
2025-02-19 12:54:27,955 - INFO - Baking_EEG._3_epoch - Number of epochs :,47
2025-02-19 12:54:32,653 - INFO - Baking_EEG._3_epoch - Number of events : ,180
2025-02-19 12:54:32,653 - INFO - Baking_EEG._3_epoch - Number of events : ,180
2025-02-19 12:54:32,653 - INFO - Baking_EEG._3_epoch - Number of epochs :,48
2025-02-19 12:54:37,057 - INFO - Baking_EEG._3_epoch - Number of events : ,180
2025-02-19 12:54:37,057 - INFO - Baking_EEG._3_epoch - Number of events : ,180
2025-02-19 12:54:37,058 - INFO - Baking_EEG._3_epoch - Number of epochs :,22
2025-02-19 12:55:29,612 - INFO - Baking_EEG._3_epoch - Number of events : ,180
2025-02-19 12:55:29,614 - INFO - Baking_EEG._3_epoch - Number of events : ,180
2025-02-19 12:55:29,614 - INFO - Baking_EEG._3_epoch - Number of epochs :,26
2025-02-19 12:55:32,332 - INFO - Baking_EEG._3_epoch - Number of events : ,180
2025-02-19 12:55:32,332 - INFO - Baking_EEG._3_epoch - Number of events : ,180
2025-02-19 12:55:32,333 - INFO - Baking_EEG._3_epoch - Number of epochs :,22
2025-02-19 12:55:36,368 - INFO - Baking_EEG._3_epoch - Number of events : ,180
2025-02-19 12:55:36,368 - INFO - Baking_EEG._3_epoch - Number of events : ,180
2025-02-19 12:55:36,368 - INFO - Baking_EEG._3_epoch - Number of epochs :,60
2025-02-19 12:55:43,015 - INFO - Baking_EEG._3_epoch - Number of events : ,180
2025-02-19 12:55:43,015 - INFO - Baking_EEG._3_epoch - Number of events : ,180
2025-02-19 12:55:43,015 - INFO - Baking_EEG._3_epoch - Number of epochs :,59
2025-02-19 12:55:45,236 - INFO - Baking_EEG._3_epoch - Number of events : ,180
2025-02-19 12:55:45,236 - INFO - Baking_EEG._3_epoch - Number of events : ,180
2025-02-19 12:55:45,236 - INFO - Baking_EEG._3_epoch - Number of epochs :,25
2025-02-19 12:55:52,346 - INFO - Baking_EEG._3_epoch - Number of events : ,180
2025-02-19 12:55:52,346 - INFO - Baking_EEG._3_epoch - Number of events : ,180
2025-02-19 12:55:52,346 - INFO - Baking_EEG._3_epoch - Number of epochs :,18
2025-02-19 12:55:54,522 - INFO - Baking_EEG._3_epoch - Number of events : ,180
2025-02-19 12:55:54,522 - INFO - Baking_EEG._3_epoch - Number of events : ,180
2025-02-19 12:55:54,522 - INFO - Baking_EEG._3_epoch - Number of epochs :,54
2025-02-19 12:55:58,576 - INFO - Baking_EEG._3_epoch - Number of events : ,180
2025-02-19 12:55:58,576 - INFO - Baking_EEG._3_epoch - Number of events : ,180
2025-02-19 12:55:58,576 - INFO - Baking_EEG._3_epoch - Number of epochs :,58
2025-02-19 12:56:04,071 - INFO - Baking_EEG._3_epoch - Number of events : ,180
2025-02-19 12:56:04,071 - INFO - Baking_EEG._3_epoch - Number of events : ,180
2025-02-19 12:56:04,071 - INFO - Baking_EEG._3_epoch - Number of epochs :,49
2025-02-19 12:56:06,040 - INFO - Baking_EEG._3_epoch - Number of events : ,180
2025-02-19 12:56:06,040 - INFO - Baking_EEG._3_epoch - Number of events : ,180
2025-02-19 12:56:06,040 - INFO - Baking_EEG._3_epoch - Number of epochs :,55
2025-02-19 12:56:08,131 - INFO - Baking_EEG._3_epoch - Number of events : ,180
2025-02-19 12:56:08,131 - INFO - Baking_EEG._3_epoch - Number of events : ,180
2025-02-19 12:56:08,131 - INFO - Baking_EEG._3_epoch - Number of epochs :,47
2025-02-19 13:12:18,900 - INFO - Baking_EEG._3_epoch - Number of events : ,180
2025-02-19 13:12:18,900 - INFO - Baking_EEG._3_epoch - Number of events : ,180
2025-02-19 13:12:18,900 - INFO - Baking_EEG._3_epoch - Number of epochs :,59
2025-02-19 13:12:24,656 - INFO - Baking_EEG._3_epoch - Number of events : ,180
2025-02-19 13:12:24,656 - INFO - Baking_EEG._3_epoch - Number of events : ,180
2025-02-19 13:12:24,656 - INFO - Baking_EEG._3_epoch - Number of epochs :,54
2025-02-19 13:12:37,852 - INFO - Baking_EEG._3_epoch - Number of events : ,180
2025-02-19 13:12:37,852 - INFO - Baking_EEG._3_epoch - Number of events : ,180
2025-02-19 13:12:37,852 - INFO - Baking_EEG._3_epoch - Number of epochs :,59
2025-02-19 13:12:47,369 - INFO - Baking_EEG._3_epoch - Number of events : ,180
2025-02-19 13:12:47,369 - INFO - Baking_EEG._3_epoch - Number of events : ,180
2025-02-19 13:12:47,369 - INFO - Baking_EEG._3_epoch - Number of epochs :,56
2025-02-19 13:13:00,586 - INFO - Baking_EEG._3_epoch - Number of events : ,180
2025-02-19 13:13:00,586 - INFO - Baking_EEG._3_epoch - Number of events : ,180
2025-02-19 13:13:00,586 - INFO - Baking_EEG._3_epoch - Number of epochs :,37
2025-02-19 13:13:05,834 - INFO - Baking_EEG._3_epoch - Number of events : ,180
2025-02-19 13:13:05,834 - INFO - Baking_EEG._3_epoch - Number of events : ,180
2025-02-19 13:13:05,834 - INFO - Baking_EEG._3_epoch - Number of epochs :,35
2025-02-19 13:13:10,580 - INFO - Baking_EEG._3_epoch - Number of events : ,180
2025-02-19 13:13:10,580 - INFO - Baking_EEG._3_epoch - Number of events : ,180
2025-02-19 13:13:10,581 - INFO - Baking_EEG._3_epoch - Number of epochs :,45
2025-02-19 13:13:16,054 - INFO - Baking_EEG._3_epoch - Number of events : ,180
2025-02-19 13:13:16,054 - INFO - Baking_EEG._3_epoch - Number of events : ,180
2025-02-19 13:13:16,054 - INFO - Baking_EEG._3_epoch - Number of epochs :,60
2025-02-19 13:13:20,016 - INFO - Baking_EEG._3_epoch - Number of events : ,180
2025-02-19 13:13:20,016 - INFO - Baking_EEG._3_epoch - Number of events : ,180
2025-02-19 13:13:20,016 - INFO - Baking_EEG._3_epoch - Number of epochs :,24
2025-02-19 13:13:24,097 - INFO - Baking_EEG._3_epoch - Number of events : ,180
2025-02-19 13:13:24,097 - INFO - Baking_EEG._3_epoch - Number of events : ,180
2025-02-19 13:13:24,097 - INFO - Baking_EEG._3_epoch - Number of epochs :,34
2025-02-19 13:13:27,010 - INFO - Baking_EEG._3_epoch - Number of events : ,180
2025-02-19 13:13:27,011 - INFO - Baking_EEG._3_epoch - Number of events : ,180
2025-02-19 13:13:27,011 - INFO - Baking_EEG._3_epoch - Number of epochs :,60
2025-02-19 13:16:13,372 - INFO - Baking_EEG._3_epoch - Number of events : ,180
2025-02-19 13:16:13,372 - INFO - Baking_EEG._3_epoch - Number of events : ,180
2025-02-19 13:16:13,372 - INFO - Baking_EEG._3_epoch - Number of epochs :,45
2025-02-19 13:16:19,953 - INFO - Baking_EEG._3_epoch - Number of events : ,180
2025-02-19 13:16:19,953 - INFO - Baking_EEG._3_epoch - Number of events : ,180
2025-02-19 13:16:19,953 - INFO - Baking_EEG._3_epoch - Number of epochs :,60
2025-02-19 13:16:43,515 - INFO - Baking_EEG._3_epoch - Number of events : ,180
2025-02-19 13:16:43,515 - INFO - Baking_EEG._3_epoch - Number of events : ,180
2025-02-19 13:16:43,515 - INFO - Baking_EEG._3_epoch - Number of epochs :,24
2025-02-19 13:16:47,971 - INFO - Baking_EEG._3_epoch - Number of events : ,180
2025-02-19 13:16:47,971 - INFO - Baking_EEG._3_epoch - Number of events : ,180
2025-02-19 13:16:47,971 - INFO - Baking_EEG._3_epoch - Number of epochs :,34
2025-02-19 13:16:55,511 - INFO - Baking_EEG._3_epoch - Number of events : ,180
2025-02-19 13:16:55,511 - INFO - Baking_EEG._3_epoch - Number of events : ,180
2025-02-19 13:16:55,511 - INFO - Baking_EEG._3_epoch - Number of epochs :,60
2025-02-19 13:17:01,661 - INFO - Baking_EEG._3_epoch - Number of events : ,180
2025-02-19 13:17:01,661 - INFO - Baking_EEG._3_epoch - Number of events : ,180
2025-02-19 13:17:01,661 - INFO - Baking_EEG._3_epoch - Number of epochs :,16
2025-02-19 13:17:06,552 - INFO - Baking_EEG._3_epoch - Number of events : ,180
2025-02-19 13:17:06,552 - INFO - Baking_EEG._3_epoch - Number of events : ,180
2025-02-19 13:17:06,552 - INFO - Baking_EEG._3_epoch - Number of epochs :,49
2025-02-19 13:17:10,818 - INFO - Baking_EEG._3_epoch - Number of events : ,180
2025-02-19 13:17:10,818 - INFO - Baking_EEG._3_epoch - Number of events : ,180
2025-02-19 13:17:10,818 - INFO - Baking_EEG._3_epoch - Number of epochs :,56
2025-02-19 13:17:15,225 - INFO - Baking_EEG._3_epoch - Number of events : ,180
2025-02-19 13:17:15,225 - INFO - Baking_EEG._3_epoch - Number of events : ,180
2025-02-19 13:17:15,225 - INFO - Baking_EEG._3_epoch - Number of epochs :,57
2025-02-19 13:17:20,299 - INFO - Baking_EEG._3_epoch - Number of events : ,180
2025-02-19 13:17:20,299 - INFO - Baking_EEG._3_epoch - Number of events : ,180
2025-02-19 13:17:20,299 - INFO - Baking_EEG._3_epoch - Number of epochs :,52
2025-02-19 13:17:25,633 - INFO - Baking_EEG._3_epoch - Number of events : ,180
2025-02-19 13:17:25,633 - INFO - Baking_EEG._3_epoch - Number of events : ,180
2025-02-19 13:17:25,633 - INFO - Baking_EEG._3_epoch - Number of epochs :,59
2025-02-19 13:17:32,205 - INFO - Baking_EEG._3_epoch - Number of events : ,180
2025-02-19 13:17:32,205 - INFO - Baking_EEG._3_epoch - Number of events : ,180
2025-02-19 13:17:32,205 - INFO - Baking_EEG._3_epoch - Number of epochs :,28
2025-02-19 13:17:37,703 - INFO - Baking_EEG._3_epoch - Number of events : ,180
2025-02-19 13:17:37,703 - INFO - Baking_EEG._3_epoch - Number of events : ,180
2025-02-19 13:17:37,703 - INFO - Baking_EEG._3_epoch - Number of epochs :,1
2025-02-19 13:17:43,331 - INFO - Baking_EEG._3_epoch - Number of events : ,180
2025-02-19 13:17:43,331 - INFO - Baking_EEG._3_epoch - Number of events : ,180
2025-02-19 13:17:43,331 - INFO - Baking_EEG._3_epoch - Number of epochs :,40
2025-02-19 13:17:49,688 - INFO - Baking_EEG._3_epoch - Number of events : ,180
2025-02-19 13:17:49,688 - INFO - Baking_EEG._3_epoch - Number of events : ,180
2025-02-19 13:17:49,688 - INFO - Baking_EEG._3_epoch - Number of epochs :,49
2025-02-19 13:17:54,414 - INFO - Baking_EEG._3_epoch - Number of events : ,180
2025-02-19 13:17:54,414 - INFO - Baking_EEG._3_epoch - Number of events : ,180
2025-02-19 13:17:54,414 - INFO - Baking_EEG._3_epoch - Number of epochs :,57
2025-02-19 13:17:58,763 - INFO - Baking_EEG._3_epoch - Number of events : ,180
2025-02-19 13:17:58,763 - INFO - Baking_EEG._3_epoch - Number of events : ,180
2025-02-19 13:17:58,763 - INFO - Baking_EEG._3_epoch - Number of epochs :,56
2025-02-19 13:18:03,210 - INFO - Baking_EEG._3_epoch - Number of events : ,180
2025-02-19 13:18:03,210 - INFO - Baking_EEG._3_epoch - Number of events : ,180
2025-02-19 13:18:03,210 - INFO - Baking_EEG._3_epoch - Number of epochs :,55
2025-02-19 13:19:43,790 - INFO - Baking_EEG._3_epoch - Number of events : ,180
2025-02-19 13:19:43,790 - INFO - Baking_EEG._3_epoch - Number of events : ,180
2025-02-19 13:19:43,790 - INFO - Baking_EEG._3_epoch - Number of epochs :,49
2025-02-19 13:20:00,596 - INFO - Baking_EEG._3_epoch - Number of events : ,180
2025-02-19 13:20:00,596 - INFO - Baking_EEG._3_epoch - Number of events : ,180
2025-02-19 13:20:00,596 - INFO - Baking_EEG._3_epoch - Number of epochs :,57
2025-02-19 13:20:07,183 - INFO - Baking_EEG._3_epoch - Number of events : ,180
2025-02-19 13:20:07,183 - INFO - Baking_EEG._3_epoch - Number of events : ,180
2025-02-19 13:20:07,183 - INFO - Baking_EEG._3_epoch - Number of epochs :,56
2025-02-19 13:20:14,620 - INFO - Baking_EEG._3_epoch - Number of events : ,180
2025-02-19 13:20:14,620 - INFO - Baking_EEG._3_epoch - Number of events : ,180
2025-02-19 13:20:14,620 - INFO - Baking_EEG._3_epoch - Number of epochs :,55
2025-02-19 13:20:20,075 - INFO - Baking_EEG._3_epoch - Number of events : ,180
2025-02-19 13:20:20,075 - INFO - Baking_EEG._3_epoch - Number of events : ,180
2025-02-19 13:20:20,075 - INFO - Baking_EEG._3_epoch - Number of epochs :,59
2025-02-19 13:20:25,771 - INFO - Baking_EEG._3_epoch - Number of events : ,180
2025-02-19 13:20:25,771 - INFO - Baking_EEG._3_epoch - Number of events : ,180
2025-02-19 13:20:25,771 - INFO - Baking_EEG._3_epoch - Number of epochs :,60
2025-02-19 13:20:34,189 - INFO - Baking_EEG._3_epoch - Number of events : ,180
2025-02-19 13:20:34,189 - INFO - Baking_EEG._3_epoch - Number of events : ,180
2025-02-19 13:20:34,189 - INFO - Baking_EEG._3_epoch - Number of epochs :,32
2025-02-19 13:20:39,122 - INFO - Baking_EEG._3_epoch - Number of events : ,180
2025-02-19 13:20:39,122 - INFO - Baking_EEG._3_epoch - Number of events : ,180
2025-02-19 13:20:39,122 - INFO - Baking_EEG._3_epoch - Number of epochs :,46
2025-02-19 13:20:43,599 - INFO - Baking_EEG._3_epoch - Number of events : ,180
2025-02-19 13:20:43,601 - INFO - Baking_EEG._3_epoch - Number of events : ,180
2025-02-19 13:20:43,602 - INFO - Baking_EEG._3_epoch - Number of epochs :,33
2025-02-19 13:20:48,923 - INFO - Baking_EEG._3_epoch - Number of events : ,180
2025-02-19 13:20:48,923 - INFO - Baking_EEG._3_epoch - Number of events : ,180
2025-02-19 13:20:48,923 - INFO - Baking_EEG._3_epoch - Number of epochs :,57
2025-02-19 13:20:53,950 - INFO - Baking_EEG._3_epoch - Number of events : ,180
2025-02-19 13:20:53,965 - INFO - Baking_EEG._3_epoch - Number of events : ,180
2025-02-19 13:20:53,965 - INFO - Baking_EEG._3_epoch - Number of epochs :,42
2025-02-19 13:20:58,660 - INFO - Baking_EEG._3_epoch - Number of events : ,180
2025-02-19 13:20:58,660 - INFO - Baking_EEG._3_epoch - Number of events : ,180
2025-02-19 13:20:58,660 - INFO - Baking_EEG._3_epoch - Number of epochs :,60
2025-02-19 13:21:03,007 - INFO - Baking_EEG._3_epoch - Number of events : ,180
2025-02-19 13:21:03,007 - INFO - Baking_EEG._3_epoch - Number of events : ,180
2025-02-19 13:21:03,007 - INFO - Baking_EEG._3_epoch - Number of epochs :,56
2025-02-19 13:21:06,867 - INFO - Baking_EEG._3_epoch - Number of events : ,180
2025-02-19 13:21:06,867 - INFO - Baking_EEG._3_epoch - Number of events : ,180
2025-02-19 13:21:06,868 - INFO - Baking_EEG._3_epoch - Number of epochs :,58
2025-02-19 13:21:10,848 - INFO - Baking_EEG._3_epoch - Number of events : ,180
2025-02-19 13:21:10,848 - INFO - Baking_EEG._3_epoch - Number of events : ,180
2025-02-19 13:21:10,848 - INFO - Baking_EEG._3_epoch - Number of epochs :,40
2025-02-19 13:21:16,678 - INFO - Baking_EEG._3_epoch - Number of events : ,180
2025-02-19 13:21:16,678 - INFO - Baking_EEG._3_epoch - Number of events : ,180
2025-02-19 13:21:16,678 - INFO - Baking_EEG._3_epoch - Number of epochs :,56
2025-02-19 13:21:24,366 - INFO - Baking_EEG._3_epoch - Number of events : ,180
2025-02-19 13:21:24,366 - INFO - Baking_EEG._3_epoch - Number of events : ,180
2025-02-19 13:21:24,366 - INFO - Baking_EEG._3_epoch - Number of epochs :,58
2025-02-19 13:21:31,158 - INFO - Baking_EEG._3_epoch - Number of events : ,180
2025-02-19 13:21:31,158 - INFO - Baking_EEG._3_epoch - Number of events : ,180
2025-02-19 13:21:31,158 - INFO - Baking_EEG._3_epoch - Number of epochs :,59
2025-02-19 13:21:40,014 - INFO - Baking_EEG._3_epoch - Number of events : ,180
2025-02-19 13:21:40,014 - INFO - Baking_EEG._3_epoch - Number of events : ,180
2025-02-19 13:21:40,014 - INFO - Baking_EEG._3_epoch - Number of epochs :,57
2025-02-19 13:21:46,324 - INFO - Baking_EEG._3_epoch - Number of events : ,180
2025-02-19 13:21:46,324 - INFO - Baking_EEG._3_epoch - Number of events : ,180
2025-02-19 13:21:46,324 - INFO - Baking_EEG._3_epoch - Number of epochs :,60
2025-02-19 13:21:52,851 - INFO - Baking_EEG._3_epoch - Number of events : ,180
2025-02-19 13:21:52,852 - INFO - Baking_EEG._3_epoch - Number of events : ,180
2025-02-19 13:21:52,852 - INFO - Baking_EEG._3_epoch - Number of epochs :,7
2025-02-19 13:21:57,191 - INFO - Baking_EEG._3_epoch - Number of events : ,180
2025-02-19 13:21:57,191 - INFO - Baking_EEG._3_epoch - Number of events : ,180
2025-02-19 13:21:57,191 - INFO - Baking_EEG._3_epoch - Number of epochs :,55
2025-02-19 13:23:38,910 - INFO - Baking_EEG._3_epoch - Number of events : ,180
2025-02-19 13:23:38,910 - INFO - Baking_EEG._3_epoch - Number of events : ,180
2025-02-19 13:23:38,910 - INFO - Baking_EEG._3_epoch - Number of epochs :,47
