2025-03-13 08:32:51,281 - INFO - __main__ - Configured paths for user tom
2025-03-13 08:33:01,125 - INFO - __main__ - Cross-subject decoding avancé avec LeaveOneGroupOut: 4 sujets
2025-03-13 20:39:25,453 - INFO - __main__ - Configured paths for user tom
2025-03-13 20:39:35,592 - INFO - __main__ - Cross-subject decoding avancé avec LeaveOneGroupOut: 4 sujets
2025-03-13 21:02:01,210 - INFO - __main__ - Configured paths for user tom
2025-03-13 21:02:06,867 - INFO - __main__ - Cross-subject decoding avancé avec LeaveOneGroupOut: 4 sujets
2025-03-13 21:02:06,906 - ERROR - _4_decoding - Error loading data for subject TpAG51: name 'load_epochs_for_decoding' is not defined
Traceback (most recent call last):
  File "examples/../Baking_EEG/_4_decoding.py", line 208, in decode_cross_subject_fold
    epochs, XPP, XAP = load_epochs_for_decoding(subject_id, group_name, base_path, verbose=verbose)
NameError: name 'load_epochs_for_decoding' is not defined
2025-03-13 21:02:06,914 - ERROR - _4_decoding - Error loading data for subject TpAK27: name 'load_epochs_for_decoding' is not defined
Traceback (most recent call last):
  File "examples/../Baking_EEG/_4_decoding.py", line 208, in decode_cross_subject_fold
    epochs, XPP, XAP = load_epochs_for_decoding(subject_id, group_name, base_path, verbose=verbose)
NameError: name 'load_epochs_for_decoding' is not defined
2025-03-13 21:02:06,914 - ERROR - _4_decoding - Error loading data for subject TpCB15: name 'load_epochs_for_decoding' is not defined
Traceback (most recent call last):
  File "examples/../Baking_EEG/_4_decoding.py", line 208, in decode_cross_subject_fold
    epochs, XPP, XAP = load_epochs_for_decoding(subject_id, group_name, base_path, verbose=verbose)
NameError: name 'load_epochs_for_decoding' is not defined
2025-03-13 21:02:06,914 - ERROR - _4_decoding - Error loading data for subject TpAB19: name 'load_epochs_for_decoding' is not defined
Traceback (most recent call last):
  File "examples/../Baking_EEG/_4_decoding.py", line 208, in decode_cross_subject_fold
    epochs, XPP, XAP = load_epochs_for_decoding(subject_id, group_name, base_path, verbose=verbose)
NameError: name 'load_epochs_for_decoding' is not defined
2025-03-13 21:02:06,915 - ERROR - _4_decoding - Error loading data for subject TpAK27: name 'load_epochs_for_decoding' is not defined
Traceback (most recent call last):
  File "examples/../Baking_EEG/_4_decoding.py", line 208, in decode_cross_subject_fold
    epochs, XPP, XAP = load_epochs_for_decoding(subject_id, group_name, base_path, verbose=verbose)
NameError: name 'load_epochs_for_decoding' is not defined
2025-03-13 21:02:06,915 - ERROR - _4_decoding - Error loading data for subject TpCB15: name 'load_epochs_for_decoding' is not defined
Traceback (most recent call last):
  File "examples/../Baking_EEG/_4_decoding.py", line 208, in decode_cross_subject_fold
    epochs, XPP, XAP = load_epochs_for_decoding(subject_id, group_name, base_path, verbose=verbose)
NameError: name 'load_epochs_for_decoding' is not defined
2025-03-13 21:02:06,915 - ERROR - _4_decoding - Error loading data for subject TpAB19: name 'load_epochs_for_decoding' is not defined
Traceback (most recent call last):
  File "examples/../Baking_EEG/_4_decoding.py", line 208, in decode_cross_subject_fold
    epochs, XPP, XAP = load_epochs_for_decoding(subject_id, group_name, base_path, verbose=verbose)
NameError: name 'load_epochs_for_decoding' is not defined
2025-03-13 21:02:06,916 - ERROR - _4_decoding - Error loading data for subject TpAG51: name 'load_epochs_for_decoding' is not defined
Traceback (most recent call last):
  File "examples/../Baking_EEG/_4_decoding.py", line 208, in decode_cross_subject_fold
    epochs, XPP, XAP = load_epochs_for_decoding(subject_id, group_name, base_path, verbose=verbose)
NameError: name 'load_epochs_for_decoding' is not defined
2025-03-13 21:02:06,916 - ERROR - _4_decoding - Error loading data for subject TpCB15: name 'load_epochs_for_decoding' is not defined
Traceback (most recent call last):
  File "examples/../Baking_EEG/_4_decoding.py", line 208, in decode_cross_subject_fold
    epochs, XPP, XAP = load_epochs_for_decoding(subject_id, group_name, base_path, verbose=verbose)
NameError: name 'load_epochs_for_decoding' is not defined
2025-03-13 21:02:06,916 - ERROR - _4_decoding - Error loading data for subject TpAB19: name 'load_epochs_for_decoding' is not defined
Traceback (most recent call last):
  File "examples/../Baking_EEG/_4_decoding.py", line 208, in decode_cross_subject_fold
    epochs, XPP, XAP = load_epochs_for_decoding(subject_id, group_name, base_path, verbose=verbose)
NameError: name 'load_epochs_for_decoding' is not defined
2025-03-13 21:02:06,916 - ERROR - _4_decoding - Error loading data for subject TpAG51: name 'load_epochs_for_decoding' is not defined
Traceback (most recent call last):
  File "examples/../Baking_EEG/_4_decoding.py", line 208, in decode_cross_subject_fold
    epochs, XPP, XAP = load_epochs_for_decoding(subject_id, group_name, base_path, verbose=verbose)
NameError: name 'load_epochs_for_decoding' is not defined
2025-03-13 21:02:06,917 - ERROR - _4_decoding - Error loading data for subject TpAK27: name 'load_epochs_for_decoding' is not defined
Traceback (most recent call last):
  File "examples/../Baking_EEG/_4_decoding.py", line 208, in decode_cross_subject_fold
    epochs, XPP, XAP = load_epochs_for_decoding(subject_id, group_name, base_path, verbose=verbose)
NameError: name 'load_epochs_for_decoding' is not defined
2025-03-13 21:02:06,917 - INFO - __main__ - Score moyen LeaveOneGroupOut cross-subject avancé: nan ± nan
2025-03-13 21:02:06,997 - INFO - __main__ - Cross-subject results saved in /Users/tom/Desktop/ENSC/2A/PII/Tom/Baking_EEG_data/decoding_results/cross_subject_del
2025-03-13 21:35:38,316 - INFO - __main__ - Configured paths for user tom
2025-03-13 21:35:44,484 - INFO - __main__ - Cross-subject decoding avancé avec LeaveOneGroupOut: 4 sujets
2025-03-13 21:44:47,834 - INFO - __main__ - Configured paths for user tom
2025-03-13 21:44:55,981 - INFO - __main__ - Début du décodage cross-subject pour le groupe del
2025-03-13 21:48:24,083 - INFO - __main__ - Configured paths for user tom
2025-03-13 21:48:32,350 - INFO - __main__ - Début du décodage cross-subject pour le groupe del
2025-03-13 21:52:42,042 - INFO - __main__ - Configured paths for user tom
2025-03-13 21:52:46,474 - INFO - __main__ - Début du décodage cross-subject pour le groupe del
2025-03-13 21:54:03,147 - ERROR - _4_decoding - Erreur sur TpAB19 : name 'get_patient_info' is not defined
2025-03-13 21:55:20,242 - ERROR - _4_decoding - Erreur sur TpAG51 : name 'get_patient_info' is not defined
2025-03-13 21:57:21,299 - ERROR - _4_decoding - Erreur sur TpAK27 : name 'get_patient_info' is not defined
2025-03-13 21:58:47,651 - ERROR - _4_decoding - Erreur sur TpCB15 : name 'get_patient_info' is not defined
2025-03-13 21:58:47,865 - ERROR - __main__ - Aucun résultat valide obtenu !
2025-03-13 22:06:00,936 - INFO - __main__ - Configured paths for user tom
2025-03-13 22:06:29,531 - INFO - __main__ - Début du décodage cross-subject pour le groupe del
2025-03-13 22:15:04,142 - INFO - __main__ - Configured paths for user tom
2025-03-13 22:15:34,027 - INFO - __main__ - Configured paths for user tom
2025-03-13 22:15:39,568 - INFO - __main__ - Début du décodage cross-subject pour le groupe del
2025-03-13 22:19:41,344 - INFO - __main__ - Temps total: 4.0 min
