2025-02-26 11:30:35,129 - INFO - Baking_EEG._3_epoch - Number of events : ,180
2025-02-26 11:30:35,130 - INFO - Baking_EEG._3_epoch - Number of events : ,180
2025-02-26 11:30:35,131 - INFO - Baking_EEG._3_epoch - Number of epochs :,35
2025-02-26 11:33:42,900 - INFO - Baking_EEG._2_cleaning - Nb blink found : ,5
2025-02-26 11:35:37,533 - INFO - Baking_EEG._2_cleaning - Nb blink found : ,5
2025-02-26 11:37:09,053 - INFO - Baking_EEG._2_cleaning - Nb blink found : ,232
2025-02-26 11:38:21,826 - INFO - Baking_EEG._2_cleaning - components excluded = [0]
2025-02-26 11:38:48,558 - INFO - Baking_EEG._2_cleaning - Nb blink found : ,343
2025-02-26 11:39:08,772 - INFO - Baking_EEG._2_cleaning - components excluded = [1]
2025-02-26 11:39:26,821 - INFO - Baking_EEG._2_cleaning - Nb blink found : ,343
2025-02-26 11:39:55,174 - INFO - Baking_EEG._2_cleaning - Nb blink found : ,343
2025-02-26 11:40:07,716 - INFO - Baking_EEG._2_cleaning - components excluded = [1]
2025-02-26 11:41:18,429 - INFO - Baking_EEG._2_cleaning - Nb blink found : ,193
2025-02-26 11:42:35,487 - INFO - Baking_EEG._2_cleaning - components excluded = [0, 1]
2025-02-26 11:43:12,987 - INFO - Baking_EEG._2_cleaning - Nb blink found : ,2
2025-02-26 11:43:43,216 - INFO - Baking_EEG._2_cleaning - Nb blink found : ,105
2025-02-26 11:44:26,257 - INFO - Baking_EEG._2_cleaning - Nb blink found : ,263
2025-02-26 11:45:35,548 - INFO - Baking_EEG._2_cleaning - Nb blink found : ,263
2025-02-26 11:46:10,605 - INFO - Baking_EEG._2_cleaning - components excluded = [6]
2025-02-26 11:46:59,921 - INFO - Baking_EEG._2_cleaning - Nb blink found : ,414
2025-02-26 11:47:51,784 - INFO - Baking_EEG._2_cleaning - components excluded = [0]
2025-02-26 11:50:28,534 - INFO - Baking_EEG._2_cleaning - Nb blink found : ,31
2025-02-26 11:51:10,203 - INFO - Baking_EEG._2_cleaning - Nb blink found : ,33
2025-02-26 11:51:56,991 - INFO - Baking_EEG._2_cleaning - Nb blink found : ,149
2025-02-26 11:52:41,784 - INFO - Baking_EEG._2_cleaning - Nb blink found : ,29
2025-02-26 11:53:49,627 - INFO - Baking_EEG._2_cleaning - Nb blink found : ,159
2025-02-26 11:54:08,753 - INFO - Baking_EEG._2_cleaning - components excluded = [0]
2025-02-26 11:54:49,517 - INFO - Baking_EEG._2_cleaning - Nb blink found : ,8
2025-02-26 11:56:20,078 - INFO - Baking_EEG._2_cleaning - Nb blink found : ,33
2025-02-26 11:57:05,354 - INFO - Baking_EEG._2_cleaning - Nb blink found : ,25
2025-02-26 11:57:58,792 - INFO - Baking_EEG._2_cleaning - Nb blink found : ,42
2025-02-26 11:58:51,721 - INFO - Baking_EEG._2_cleaning - Nb blink found : ,154
2025-02-26 11:59:05,036 - INFO - Baking_EEG._2_cleaning - components excluded = [0]
2025-02-26 11:59:39,786 - INFO - Baking_EEG._2_cleaning - Nb blink found : ,340
2025-02-26 11:59:55,232 - INFO - Baking_EEG._2_cleaning - components excluded = [0]
2025-02-26 12:00:50,063 - INFO - Baking_EEG._3_epoch - Number of events : ,180
2025-02-26 12:00:50,063 - INFO - Baking_EEG._3_epoch - Number of events : ,180
2025-02-26 12:00:50,063 - INFO - Baking_EEG._3_epoch - Number of epochs :,34
2025-02-26 15:06:14,334 - INFO - Baking_EEG._3_epoch - Number of events : ,180
2025-02-26 15:06:14,334 - INFO - Baking_EEG._3_epoch - Number of events : ,180
2025-02-26 15:06:14,336 - INFO - Baking_EEG._3_epoch - Number of epochs :,34
2025-02-26 15:06:53,517 - INFO - Baking_EEG._3_epoch - Number of events : ,180
2025-02-26 15:06:53,517 - INFO - Baking_EEG._3_epoch - Number of events : ,180
2025-02-26 15:06:53,518 - INFO - Baking_EEG._3_epoch - Number of epochs :,50
2025-02-26 15:07:53,661 - INFO - Baking_EEG._3_epoch - Number of events : ,180
2025-02-26 15:07:53,661 - INFO - Baking_EEG._3_epoch - Number of events : ,180
2025-02-26 15:07:53,661 - INFO - Baking_EEG._3_epoch - Number of epochs :,21
2025-02-26 15:07:56,875 - INFO - Baking_EEG._3_epoch - Number of events : ,180
2025-02-26 15:07:56,875 - INFO - Baking_EEG._3_epoch - Number of events : ,180
2025-02-26 15:07:56,875 - INFO - Baking_EEG._3_epoch - Number of epochs :,58
2025-02-26 15:11:26,585 - INFO - Baking_EEG._3_epoch - Number of events : ,180
2025-02-26 15:11:26,586 - INFO - Baking_EEG._3_epoch - Number of events : ,180
2025-02-26 15:11:26,586 - INFO - Baking_EEG._3_epoch - Number of epochs :,35
2025-02-26 15:11:32,448 - INFO - Baking_EEG._3_epoch - Number of events : ,180
2025-02-26 15:11:32,449 - INFO - Baking_EEG._3_epoch - Number of events : ,180
2025-02-26 15:11:32,450 - INFO - Baking_EEG._3_epoch - Number of epochs :,10
2025-02-26 15:11:35,819 - INFO - Baking_EEG._3_epoch - Number of events : ,180
2025-02-26 15:11:35,820 - INFO - Baking_EEG._3_epoch - Number of events : ,180
2025-02-26 15:11:35,820 - INFO - Baking_EEG._3_epoch - Number of epochs :,24
2025-02-26 15:11:38,590 - INFO - Baking_EEG._3_epoch - Number of events : ,180
2025-02-26 15:11:38,593 - INFO - Baking_EEG._3_epoch - Number of events : ,180
2025-02-26 15:11:38,593 - INFO - Baking_EEG._3_epoch - Number of epochs :,47
2025-02-26 15:11:40,853 - INFO - Baking_EEG._3_epoch - Number of events : ,180
2025-02-26 15:11:40,853 - INFO - Baking_EEG._3_epoch - Number of events : ,180
2025-02-26 15:11:40,854 - INFO - Baking_EEG._3_epoch - Number of epochs :,55
2025-02-26 15:11:43,942 - INFO - Baking_EEG._3_epoch - Number of events : ,180
2025-02-26 15:11:43,942 - INFO - Baking_EEG._3_epoch - Number of events : ,180
2025-02-26 15:11:43,943 - INFO - Baking_EEG._3_epoch - Number of epochs :,38
2025-02-26 15:11:46,167 - INFO - Baking_EEG._3_epoch - Number of events : ,180
2025-02-26 15:11:46,167 - INFO - Baking_EEG._3_epoch - Number of events : ,180
2025-02-26 15:11:46,168 - INFO - Baking_EEG._3_epoch - Number of epochs :,29
2025-02-26 15:11:49,379 - INFO - Baking_EEG._3_epoch - Number of events : ,180
2025-02-26 15:11:49,382 - INFO - Baking_EEG._3_epoch - Number of events : ,180
2025-02-26 15:11:49,382 - INFO - Baking_EEG._3_epoch - Number of epochs :,60
2025-02-26 15:11:51,718 - INFO - Baking_EEG._3_epoch - Number of events : ,180
2025-02-26 15:11:51,718 - INFO - Baking_EEG._3_epoch - Number of events : ,180
2025-02-26 15:11:51,718 - INFO - Baking_EEG._3_epoch - Number of epochs :,30
2025-02-26 15:11:53,889 - INFO - Baking_EEG._3_epoch - Number of events : ,180
2025-02-26 15:11:53,889 - INFO - Baking_EEG._3_epoch - Number of events : ,180
2025-02-26 15:11:53,890 - INFO - Baking_EEG._3_epoch - Number of epochs :,51
2025-02-26 15:13:16,765 - INFO - Baking_EEG._3_epoch - Number of events : ,180
2025-02-26 15:13:16,766 - INFO - Baking_EEG._3_epoch - Number of events : ,180
2025-02-26 15:13:16,766 - INFO - Baking_EEG._3_epoch - Number of epochs :,24
2025-02-26 15:13:22,381 - INFO - Baking_EEG._3_epoch - Number of events : ,180
2025-02-26 15:13:22,381 - INFO - Baking_EEG._3_epoch - Number of events : ,180
2025-02-26 15:13:22,381 - INFO - Baking_EEG._3_epoch - Number of epochs :,54
2025-02-26 15:13:25,359 - INFO - Baking_EEG._3_epoch - Number of events : ,180
2025-02-26 15:13:25,361 - INFO - Baking_EEG._3_epoch - Number of events : ,180
2025-02-26 15:13:25,361 - INFO - Baking_EEG._3_epoch - Number of epochs :,22
2025-02-26 15:13:28,303 - INFO - Baking_EEG._3_epoch - Number of events : ,180
2025-02-26 15:13:28,304 - INFO - Baking_EEG._3_epoch - Number of events : ,180
2025-02-26 15:13:28,305 - INFO - Baking_EEG._3_epoch - Number of epochs :,35
2025-02-26 15:13:31,352 - INFO - Baking_EEG._3_epoch - Number of events : ,180
2025-02-26 15:13:31,353 - INFO - Baking_EEG._3_epoch - Number of events : ,180
2025-02-26 15:13:31,353 - INFO - Baking_EEG._3_epoch - Number of epochs :,23
2025-02-26 15:13:34,790 - INFO - Baking_EEG._3_epoch - Number of events : ,180
2025-02-26 15:13:34,790 - INFO - Baking_EEG._3_epoch - Number of events : ,180
2025-02-26 15:13:34,790 - INFO - Baking_EEG._3_epoch - Number of epochs :,50
2025-02-26 15:13:38,412 - INFO - Baking_EEG._3_epoch - Number of events : ,180
2025-02-26 15:13:38,412 - INFO - Baking_EEG._3_epoch - Number of events : ,180
2025-02-26 15:13:38,414 - INFO - Baking_EEG._3_epoch - Number of epochs :,42
2025-02-26 15:13:41,586 - INFO - Baking_EEG._3_epoch - Number of events : ,180
2025-02-26 15:13:41,586 - INFO - Baking_EEG._3_epoch - Number of events : ,180
2025-02-26 15:13:41,587 - INFO - Baking_EEG._3_epoch - Number of epochs :,21
2025-02-26 15:13:46,377 - INFO - Baking_EEG._3_epoch - Number of events : ,180
2025-02-26 15:13:46,378 - INFO - Baking_EEG._3_epoch - Number of events : ,180
2025-02-26 15:13:46,378 - INFO - Baking_EEG._3_epoch - Number of epochs :,50
2025-02-26 15:13:49,597 - INFO - Baking_EEG._3_epoch - Number of events : ,180
2025-02-26 15:13:49,597 - INFO - Baking_EEG._3_epoch - Number of events : ,180
2025-02-26 15:13:49,597 - INFO - Baking_EEG._3_epoch - Number of epochs :,57
2025-02-26 15:13:52,462 - INFO - Baking_EEG._3_epoch - Number of events : ,180
2025-02-26 15:13:52,462 - INFO - Baking_EEG._3_epoch - Number of events : ,180
2025-02-26 15:13:52,462 - INFO - Baking_EEG._3_epoch - Number of epochs :,30
2025-02-26 15:14:17,393 - INFO - Baking_EEG._3_epoch - Number of events : ,180
2025-02-26 15:14:17,393 - INFO - Baking_EEG._3_epoch - Number of events : ,180
2025-02-26 15:14:17,393 - INFO - Baking_EEG._3_epoch - Number of epochs :,38
2025-02-26 15:14:19,575 - INFO - Baking_EEG._3_epoch - Number of events : ,180
2025-02-26 15:14:19,575 - INFO - Baking_EEG._3_epoch - Number of events : ,180
2025-02-26 15:14:19,575 - INFO - Baking_EEG._3_epoch - Number of epochs :,34
2025-02-26 15:14:32,862 - INFO - Baking_EEG._3_epoch - Number of events : ,180
2025-02-26 15:14:32,862 - INFO - Baking_EEG._3_epoch - Number of events : ,180
2025-02-26 15:14:32,863 - INFO - Baking_EEG._3_epoch - Number of epochs :,12
2025-02-26 15:14:38,250 - INFO - Baking_EEG._3_epoch - Number of events : ,180
2025-02-26 15:14:38,250 - INFO - Baking_EEG._3_epoch - Number of events : ,180
2025-02-26 15:14:38,251 - INFO - Baking_EEG._3_epoch - Number of epochs :,17
2025-02-26 15:14:40,446 - INFO - Baking_EEG._3_epoch - Number of events : ,180
2025-02-26 15:14:40,446 - INFO - Baking_EEG._3_epoch - Number of events : ,180
2025-02-26 15:14:40,446 - INFO - Baking_EEG._3_epoch - Number of epochs :,54
2025-02-26 15:14:42,849 - INFO - Baking_EEG._3_epoch - Number of events : ,180
2025-02-26 15:14:42,850 - INFO - Baking_EEG._3_epoch - Number of events : ,180
2025-02-26 15:14:42,850 - INFO - Baking_EEG._3_epoch - Number of epochs :,57
2025-02-26 15:14:45,267 - INFO - Baking_EEG._3_epoch - Number of events : ,180
2025-02-26 15:14:45,268 - INFO - Baking_EEG._3_epoch - Number of events : ,180
2025-02-26 15:14:45,268 - INFO - Baking_EEG._3_epoch - Number of epochs :,54
2025-02-26 15:16:02,479 - INFO - Baking_EEG._3_epoch - Number of events : ,180
2025-02-26 15:16:02,480 - INFO - Baking_EEG._3_epoch - Number of events : ,180
2025-02-26 15:16:02,481 - INFO - Baking_EEG._3_epoch - Number of epochs :,57
2025-02-26 15:16:36,148 - INFO - Baking_EEG._3_epoch - Number of events : ,180
2025-02-26 15:16:36,148 - INFO - Baking_EEG._3_epoch - Number of events : ,180
2025-02-26 15:16:36,148 - INFO - Baking_EEG._3_epoch - Number of epochs :,60
2025-02-26 15:16:39,219 - INFO - Baking_EEG._3_epoch - Number of events : ,180
2025-02-26 15:16:39,219 - INFO - Baking_EEG._3_epoch - Number of events : ,180
2025-02-26 15:16:39,219 - INFO - Baking_EEG._3_epoch - Number of epochs :,60
2025-02-26 15:16:41,740 - INFO - Baking_EEG._3_epoch - Number of events : ,180
2025-02-26 15:16:41,740 - INFO - Baking_EEG._3_epoch - Number of events : ,180
2025-02-26 15:16:41,740 - INFO - Baking_EEG._3_epoch - Number of epochs :,47
