submitit INFO (2025-06-30 19:17:49,770) - Starting with JobEnvironment(job_id=352640, hostname=node11, local_rank=0(1), node=0(1), global_rank=0(1))
submitit INFO (2025-06-30 19:17:49,770) - Loading pickle: /home/tom.balay/Baking_EEG/submitit/logs_submitit_jobs_LG/20250630_102701_TpPC21_LG/352640_submitted.pkl
2025-06-30 19:17:53,077 - INFO - examples.run_decoding_one_group_pp - [<module>:39] - Tentative d'import de execute_single_subject_decoding...
2025-06-30 19:17:53,077 - INFO - examples.run_decoding_one_group_pp - [<module>:42] - ✅ Import de execute_single_subject_decoding réussi
2025-06-30 19:17:53,079 - INFO - examples.run_decoding_one_lg - [execute_single_subject_lg_decoding:193] - Starting LG decoding for subject: TpPC21 (Group: DELIRIUM+, Task Set ID: Single_LG_Protocol_Analysis, Classifier: svc, GS: False, CSP: False, ANOVA FS: True, n_jobs: 40)
2025-06-30 19:17:53,080 - INFO - examples.run_decoding_one_lg - [execute_single_subject_lg_decoding:204] - Using LG loading conditions: ['LS_ALL', 'LD_ALL', 'GS_ALL', 'GD_ALL', 'LSGS', 'LSGD', 'LDGS', 'LDGD']
2025-06-30 19:18:00,350 - INFO - examples.run_decoding_one_lg - [execute_single_subject_lg_decoding:213] - Detected protocol 'LG_PATIENTS_DELIRIUMM+' for subject TpPC21
2025-06-30 19:18:00,351 - INFO - examples.run_decoding_one_lg - [execute_single_subject_lg_decoding:254] - --- Starting Main LG Protocol Decoding for TpPC21 ---
2025-06-30 19:18:00,351 - INFO - examples.run_decoding_one_lg - [execute_single_subject_lg_decoding:257] -   --- 1. Main LG Decoding (LS vs LD) for TpPC21 ---
2025-06-30 19:18:00,622 - INFO - Baking_EEG._4_decoding_core - [run_temporal_decoding_analysis:68] - --- Temporal Ddcoding Analysis ---
2025-06-30 19:18:00,622 - INFO - Baking_EEG._4_decoding_core - [run_temporal_decoding_analysis:69] - Clf: svc, GS: False, CSP (temporal): False, ANOVA FS (temporal): True
2025-06-30 19:18:00,628 - INFO - base.base_decoding - [_build_standard_classifier_pipeline:57] - Pipeline à hyperparamètres fixes: type='svc', CSP: False, ANOVA FS: True
2025-06-30 19:18:00,628 - INFO - base.base_decoding - [_build_standard_classifier_pipeline:68] - DEBUG: add_csp_step type=bool, value=False, bool()=False
2025-06-30 19:18:00,628 - INFO - base.base_decoding - [_build_standard_classifier_pipeline:91] -    Étape ANOVA FS 'anova_feature_selection' ajoutée (percentile fixe=15).
2025-06-30 19:18:00,628 - INFO - base.base_decoding - [_build_standard_classifier_pipeline:123] - Structure finale du pipeline: ['scaler', 'anova_feature_selection', 'svc_classifier']
2025-06-30 19:18:00,629 - INFO - base.base_decoding - [_build_standard_classifier_pipeline:57] - Pipeline à hyperparamètres fixes: type='svc', CSP: False, ANOVA FS: False
2025-06-30 19:18:00,629 - INFO - base.base_decoding - [_build_standard_classifier_pipeline:68] - DEBUG: add_csp_step type=bool, value=False, bool()=False
2025-06-30 19:18:00,629 - INFO - base.base_decoding - [_build_standard_classifier_pipeline:123] - Structure finale du pipeline: ['scaler', 'svc_classifier']
2025-06-30 19:18:00,629 - INFO - Baking_EEG._4_decoding_core - [run_temporal_decoding_analysis:246] - CV strategy: StratifiedKFold with 10 splits.
2025-06-30 19:18:00,629 - INFO - Baking_EEG._4_decoding_core - [run_temporal_decoding_analysis:258] - Sample weights: Auto-calculated per fold (recommended for StratifiedKFold).
2025-06-30 19:18:00,649 - INFO - Baking_EEG._4_decoding_core - [run_temporal_decoding_analysis:294] - MNE Estimators: Using fold-specific balancing via class_weight='balanced' (if supported by classifier).
2025-06-30 19:18:00,649 - INFO - Baking_EEG._4_decoding_core - [run_temporal_decoding_analysis:310] - Starting 1D temporal decoding (SlidingEstimator)...
2025-06-30 19:19:42,808 - INFO - Baking_EEG._4_decoding_core - [run_temporal_decoding_analysis:338] - 1D temporal decoding done. Peak mean AUC: 0.643
2025-06-30 19:19:42,810 - INFO - Baking_EEG._4_decoding_core - [run_temporal_decoding_analysis:379] - TGM computation disabled.
2025-06-30 19:19:42,810 - INFO - Baking_EEG._4_decoding_core - [run_temporal_decoding_analysis:382] - Starting global decoding (n_jobs_folds=40)...
2025-06-30 19:24:38,298 - INFO - Baking_EEG._4_decoding_core - [run_temporal_decoding_analysis:439] - Global decoding done. Mean CV AUC: 0.628 +/- 0.064
2025-06-30 19:24:38,342 - INFO - Baking_EEG._4_decoding_core - [run_temporal_decoding_analysis:478] -   Overall global metrics (aggregated): {'roc_auc': '0.622', 'accuracy': '0.596', 'precision': '0.549', 'recall': '0.526', 'f1_score': '0.537', 'balanced_accuracy': '0.589'}
2025-06-30 19:24:38,343 - INFO - utils.stats_utils - [perform_pointwise_fdr_correction_on_scores:439] - Performing pointwise wilcoxon with FDR correction. Data shape for test (obs, features if any): (10, 801)
2025-06-30 19:24:38,343 - INFO - utils.stats_utils - [perform_pointwise_fdr_correction_on_scores:443] -   Parameters: chance=0.5, alpha=0.05, test_type='wilcoxon', FDR_method='indep', alternative='greater'
2025-06-30 19:24:39,220 - INFO - utils.stats_utils - [perform_pointwise_fdr_correction_on_scores:714] - FDR correction completed. 121 point(s) found significant (p_fdr < 0.05).
2025-06-30 19:24:39,221 - INFO - utils.stats_utils - [perform_cluster_permutation_test:195] - Executing cluster-based permutation test. Data shape (obs, features...): (10, 801)
2025-06-30 19:24:39,221 - INFO - utils.stats_utils - [perform_cluster_permutation_test:199] -   Parameters: n_permutations=1024, threshold_config={'start': 0.1, 'step': 0.1}, alternative='greater' (MNE tail=1), n_jobs=-1
2025-06-30 19:24:39,221 - INFO - utils.stats_utils - [perform_cluster_permutation_test:210] -   Using MNE's default stat_fun (ttest_1samp_no_p) for permutation test.
2025-06-30 19:24:39,221 - INFO - utils.stats_utils - [perform_cluster_permutation_test:242] -   Input data is 2D (features). MNE will use default temporal connectivity inference if applicable.
stat_fun(H1): min=-3.928224 max=11.455986
Running initial clustering …
Using 114 thresholds from 0.10 to 11.40 for TFCE computation (h_power=2.00, e_power=0.50)
Found 801 clusters
2025-06-30 19:24:41,925 - INFO - utils.stats_utils - [perform_cluster_permutation_test:314] - Cluster permutation test completed. 801 initial clusters found (after processing slices).
2025-06-30 19:24:41,926 - INFO - utils.stats_utils - [perform_cluster_permutation_test:338] -   Significant Cluster #459: p-value = 0.0459. Mask shape: (801,), Num True points: 1
2025-06-30 19:24:41,926 - INFO - utils.stats_utils - [perform_cluster_permutation_test:338] -   Significant Cluster #460: p-value = 0.0176. Mask shape: (801,), Num True points: 1
2025-06-30 19:24:41,926 - INFO - utils.stats_utils - [perform_cluster_permutation_test:338] -   Significant Cluster #461: p-value = 0.0049. Mask shape: (801,), Num True points: 1
2025-06-30 19:24:41,926 - INFO - utils.stats_utils - [perform_cluster_permutation_test:338] -   Significant Cluster #462: p-value = 0.0029. Mask shape: (801,), Num True points: 1
2025-06-30 19:24:41,926 - INFO - utils.stats_utils - [perform_cluster_permutation_test:338] -   Significant Cluster #463: p-value = 0.0049. Mask shape: (801,), Num True points: 1
2025-06-30 19:24:41,926 - INFO - utils.stats_utils - [perform_cluster_permutation_test:338] -   Significant Cluster #464: p-value = 0.0234. Mask shape: (801,), Num True points: 1
2025-06-30 19:24:41,926 - INFO - utils.stats_utils - [perform_cluster_permutation_test:338] -   Significant Cluster #465: p-value = 0.0049. Mask shape: (801,), Num True points: 1
2025-06-30 19:24:41,927 - INFO - utils.stats_utils - [perform_cluster_permutation_test:338] -   Significant Cluster #466: p-value = 0.0068. Mask shape: (801,), Num True points: 1
2025-06-30 19:24:41,927 - INFO - utils.stats_utils - [perform_cluster_permutation_test:338] -   Significant Cluster #467: p-value = 0.0234. Mask shape: (801,), Num True points: 1
2025-06-30 19:24:41,927 - INFO - utils.stats_utils - [perform_cluster_permutation_test:338] -   Significant Cluster #468: p-value = 0.0459. Mask shape: (801,), Num True points: 1
2025-06-30 19:24:41,927 - INFO - utils.stats_utils - [perform_cluster_permutation_test:338] -   Significant Cluster #469: p-value = 0.0381. Mask shape: (801,), Num True points: 1
2025-06-30 19:24:41,927 - INFO - utils.stats_utils - [perform_cluster_permutation_test:338] -   Significant Cluster #470: p-value = 0.0293. Mask shape: (801,), Num True points: 1
2025-06-30 19:24:41,927 - INFO - utils.stats_utils - [perform_cluster_permutation_test:338] -   Significant Cluster #471: p-value = 0.0459. Mask shape: (801,), Num True points: 1
2025-06-30 19:24:41,927 - INFO - utils.stats_utils - [perform_cluster_permutation_test:338] -   Significant Cluster #472: p-value = 0.0420. Mask shape: (801,), Num True points: 1
2025-06-30 19:24:41,927 - INFO - utils.stats_utils - [perform_cluster_permutation_test:338] -   Significant Cluster #687: p-value = 0.0381. Mask shape: (801,), Num True points: 1
2025-06-30 19:24:41,927 - INFO - utils.stats_utils - [perform_cluster_permutation_test:338] -   Significant Cluster #688: p-value = 0.0039. Mask shape: (801,), Num True points: 1
2025-06-30 19:24:41,928 - INFO - utils.stats_utils - [perform_cluster_permutation_test:338] -   Significant Cluster #689: p-value = 0.0020. Mask shape: (801,), Num True points: 1
2025-06-30 19:24:41,928 - INFO - utils.stats_utils - [perform_cluster_permutation_test:338] -   Significant Cluster #690: p-value = 0.0020. Mask shape: (801,), Num True points: 1
2025-06-30 19:24:41,930 - INFO - examples.run_decoding_one_lg - [execute_single_subject_lg_decoding:344] - Main LG Decoding for TpPC21 DONE. Mean Global AUC: 0.628
2025-06-30 19:24:41,930 - INFO - examples.run_decoding_one_lg - [execute_single_subject_lg_decoding:353] -   --- 2. Specific LG Comparisons (e.g. LS/GS vs LS/GD, LD/GS vs LD/GD) for TpPC21 ---
2025-06-30 19:24:42,086 - INFO - Baking_EEG._4_decoding_core - [run_temporal_decoding_analysis:68] - --- Temporal Ddcoding Analysis ---
2025-06-30 19:24:42,086 - INFO - Baking_EEG._4_decoding_core - [run_temporal_decoding_analysis:69] - Clf: svc, GS: False, CSP (temporal): False, ANOVA FS (temporal): True
2025-06-30 19:24:42,093 - INFO - base.base_decoding - [_build_standard_classifier_pipeline:57] - Pipeline à hyperparamètres fixes: type='svc', CSP: False, ANOVA FS: True
2025-06-30 19:24:42,093 - INFO - base.base_decoding - [_build_standard_classifier_pipeline:68] - DEBUG: add_csp_step type=bool, value=False, bool()=False
2025-06-30 19:24:42,093 - INFO - base.base_decoding - [_build_standard_classifier_pipeline:91] -    Étape ANOVA FS 'anova_feature_selection' ajoutée (percentile fixe=15).
2025-06-30 19:24:42,094 - INFO - base.base_decoding - [_build_standard_classifier_pipeline:123] - Structure finale du pipeline: ['scaler', 'anova_feature_selection', 'svc_classifier']
2025-06-30 19:24:42,094 - INFO - base.base_decoding - [_build_standard_classifier_pipeline:57] - Pipeline à hyperparamètres fixes: type='svc', CSP: False, ANOVA FS: False
2025-06-30 19:24:42,094 - INFO - base.base_decoding - [_build_standard_classifier_pipeline:68] - DEBUG: add_csp_step type=bool, value=False, bool()=False
2025-06-30 19:24:42,094 - INFO - base.base_decoding - [_build_standard_classifier_pipeline:123] - Structure finale du pipeline: ['scaler', 'svc_classifier']
2025-06-30 19:24:42,094 - INFO - Baking_EEG._4_decoding_core - [run_temporal_decoding_analysis:246] - CV strategy: StratifiedKFold with 10 splits.
2025-06-30 19:24:42,094 - INFO - Baking_EEG._4_decoding_core - [run_temporal_decoding_analysis:258] - Sample weights: Auto-calculated per fold (recommended for StratifiedKFold).
2025-06-30 19:24:42,114 - INFO - Baking_EEG._4_decoding_core - [run_temporal_decoding_analysis:294] - MNE Estimators: Using fold-specific balancing via class_weight='balanced' (if supported by classifier).
2025-06-30 19:24:42,114 - INFO - Baking_EEG._4_decoding_core - [run_temporal_decoding_analysis:310] - Starting 1D temporal decoding (SlidingEstimator)...
2025-06-30 19:25:28,692 - INFO - Baking_EEG._4_decoding_core - [run_temporal_decoding_analysis:338] - 1D temporal decoding done. Peak mean AUC: 0.639
2025-06-30 19:25:28,693 - INFO - Baking_EEG._4_decoding_core - [run_temporal_decoding_analysis:346] - Starting TGM computation (GeneralizingEstimator)...
2025-06-30 20:12:42,825 - INFO - Baking_EEG._4_decoding_core - [run_temporal_decoding_analysis:373] - TGM computation done. Peak mean TGM AUC: 0.684
2025-06-30 20:12:42,826 - INFO - Baking_EEG._4_decoding_core - [run_temporal_decoding_analysis:382] - Starting global decoding (n_jobs_folds=40)...
2025-06-30 20:14:14,278 - INFO - Baking_EEG._4_decoding_core - [run_temporal_decoding_analysis:439] - Global decoding done. Mean CV AUC: 0.617 +/- 0.091
2025-06-30 20:14:14,329 - INFO - Baking_EEG._4_decoding_core - [run_temporal_decoding_analysis:478] -   Overall global metrics (aggregated): {'roc_auc': '0.592', 'accuracy': '0.772', 'precision': '0.000', 'recall': '0.000', 'f1_score': '0.000', 'balanced_accuracy': '0.452'}
2025-06-30 20:14:14,329 - INFO - utils.stats_utils - [perform_pointwise_fdr_correction_on_scores:439] - Performing pointwise wilcoxon with FDR correction. Data shape for test (obs, features if any): (10, 801)
2025-06-30 20:14:14,330 - INFO - utils.stats_utils - [perform_pointwise_fdr_correction_on_scores:443] -   Parameters: chance=0.5, alpha=0.05, test_type='wilcoxon', FDR_method='indep', alternative='greater'
2025-06-30 20:14:15,211 - INFO - utils.stats_utils - [perform_pointwise_fdr_correction_on_scores:714] - FDR correction completed. 0 point(s) found significant (p_fdr < 0.05).
2025-06-30 20:14:15,211 - INFO - utils.stats_utils - [perform_cluster_permutation_test:195] - Executing cluster-based permutation test. Data shape (obs, features...): (10, 801)
2025-06-30 20:14:15,211 - INFO - utils.stats_utils - [perform_cluster_permutation_test:199] -   Parameters: n_permutations=1024, threshold_config={'start': 0.1, 'step': 0.1}, alternative='greater' (MNE tail=1), n_jobs=-1
2025-06-30 20:14:15,211 - INFO - utils.stats_utils - [perform_cluster_permutation_test:210] -   Using MNE's default stat_fun (ttest_1samp_no_p) for permutation test.
2025-06-30 20:14:15,212 - INFO - utils.stats_utils - [perform_cluster_permutation_test:242] -   Input data is 2D (features). MNE will use default temporal connectivity inference if applicable.
stat_fun(H1): min=-8.594965 max=4.862714
Running initial clustering …
Using 48 thresholds from 0.10 to 4.80 for TFCE computation (h_power=2.00, e_power=0.50)
Found 801 clusters
2025-06-30 20:14:17,554 - INFO - utils.stats_utils - [perform_cluster_permutation_test:314] - Cluster permutation test completed. 801 initial clusters found (after processing slices).
2025-06-30 20:14:17,555 - INFO - utils.stats_utils - [perform_cluster_permutation_test:344] - No clusters found to be statistically significant (p < 0.05).
2025-06-30 20:14:17,567 - INFO - utils.stats_utils - [perform_pointwise_fdr_correction_on_scores:439] - Performing pointwise wilcoxon with FDR correction. Data shape for test (obs, features if any): (10, 641601)
2025-06-30 20:14:17,567 - INFO - utils.stats_utils - [perform_pointwise_fdr_correction_on_scores:443] -   Parameters: chance=0.5, alpha=0.05, test_type='wilcoxon', FDR_method='indep', alternative='greater'
2025-06-30 20:26:08,442 - INFO - utils.stats_utils - [perform_pointwise_fdr_correction_on_scores:714] - FDR correction completed. 0 point(s) found significant (p_fdr < 0.05).
2025-06-30 20:26:08,445 - INFO - Baking_EEG._4_decoding_core - [run_temporal_decoding_analysis:544] - Intra-fold Cluster Permutation for TGM is SKIPPED.
2025-06-30 20:26:08,447 - INFO - examples.run_decoding_one_lg - [execute_single_subject_lg_decoding:465] -   Specific LG task 'Local Standard: Global Standard vs Global Deviant' for TpPC21: Peak AUC = 0.639
2025-06-30 20:26:08,672 - INFO - Baking_EEG._4_decoding_core - [run_temporal_decoding_analysis:68] - --- Temporal Ddcoding Analysis ---
2025-06-30 20:26:08,672 - INFO - Baking_EEG._4_decoding_core - [run_temporal_decoding_analysis:69] - Clf: svc, GS: False, CSP (temporal): False, ANOVA FS (temporal): True
2025-06-30 20:26:08,674 - INFO - base.base_decoding - [_build_standard_classifier_pipeline:57] - Pipeline à hyperparamètres fixes: type='svc', CSP: False, ANOVA FS: True
2025-06-30 20:26:08,674 - INFO - base.base_decoding - [_build_standard_classifier_pipeline:68] - DEBUG: add_csp_step type=bool, value=False, bool()=False
2025-06-30 20:26:08,674 - INFO - base.base_decoding - [_build_standard_classifier_pipeline:91] -    Étape ANOVA FS 'anova_feature_selection' ajoutée (percentile fixe=15).
2025-06-30 20:26:08,674 - INFO - base.base_decoding - [_build_standard_classifier_pipeline:123] - Structure finale du pipeline: ['scaler', 'anova_feature_selection', 'svc_classifier']
2025-06-30 20:26:08,674 - INFO - base.base_decoding - [_build_standard_classifier_pipeline:57] - Pipeline à hyperparamètres fixes: type='svc', CSP: False, ANOVA FS: False
2025-06-30 20:26:08,675 - INFO - base.base_decoding - [_build_standard_classifier_pipeline:68] - DEBUG: add_csp_step type=bool, value=False, bool()=False
2025-06-30 20:26:08,675 - INFO - base.base_decoding - [_build_standard_classifier_pipeline:123] - Structure finale du pipeline: ['scaler', 'svc_classifier']
2025-06-30 20:26:08,675 - INFO - Baking_EEG._4_decoding_core - [run_temporal_decoding_analysis:246] - CV strategy: StratifiedKFold with 10 splits.
2025-06-30 20:26:08,675 - INFO - Baking_EEG._4_decoding_core - [run_temporal_decoding_analysis:258] - Sample weights: Auto-calculated per fold (recommended for StratifiedKFold).
2025-06-30 20:26:08,699 - INFO - Baking_EEG._4_decoding_core - [run_temporal_decoding_analysis:294] - MNE Estimators: Using fold-specific balancing via class_weight='balanced' (if supported by classifier).
2025-06-30 20:26:08,699 - INFO - Baking_EEG._4_decoding_core - [run_temporal_decoding_analysis:310] - Starting 1D temporal decoding (SlidingEstimator)...
2025-06-30 20:26:45,574 - INFO - Baking_EEG._4_decoding_core - [run_temporal_decoding_analysis:338] - 1D temporal decoding done. Peak mean AUC: 0.708
2025-06-30 20:26:45,574 - INFO - Baking_EEG._4_decoding_core - [run_temporal_decoding_analysis:346] - Starting TGM computation (GeneralizingEstimator)...
2025-06-30 21:13:35,666 - INFO - Baking_EEG._4_decoding_core - [run_temporal_decoding_analysis:373] - TGM computation done. Peak mean TGM AUC: 0.715
2025-06-30 21:13:35,666 - INFO - Baking_EEG._4_decoding_core - [run_temporal_decoding_analysis:382] - Starting global decoding (n_jobs_folds=40)...
2025-06-30 21:14:43,734 - INFO - Baking_EEG._4_decoding_core - [run_temporal_decoding_analysis:439] - Global decoding done. Mean CV AUC: 0.617 +/- 0.093
2025-06-30 21:14:43,780 - INFO - Baking_EEG._4_decoding_core - [run_temporal_decoding_analysis:478] -   Overall global metrics (aggregated): {'roc_auc': '0.619', 'accuracy': '0.675', 'precision': '0.386', 'recall': '0.374', 'f1_score': '0.380', 'balanced_accuracy': '0.579'}
2025-06-30 21:14:43,781 - INFO - utils.stats_utils - [perform_pointwise_fdr_correction_on_scores:439] - Performing pointwise wilcoxon with FDR correction. Data shape for test (obs, features if any): (10, 801)
2025-06-30 21:14:43,781 - INFO - utils.stats_utils - [perform_pointwise_fdr_correction_on_scores:443] -   Parameters: chance=0.5, alpha=0.05, test_type='wilcoxon', FDR_method='indep', alternative='greater'
2025-06-30 21:14:44,697 - INFO - utils.stats_utils - [perform_pointwise_fdr_correction_on_scores:714] - FDR correction completed. 110 point(s) found significant (p_fdr < 0.05).
2025-06-30 21:14:44,697 - INFO - utils.stats_utils - [perform_cluster_permutation_test:195] - Executing cluster-based permutation test. Data shape (obs, features...): (10, 801)
2025-06-30 21:14:44,697 - INFO - utils.stats_utils - [perform_cluster_permutation_test:199] -   Parameters: n_permutations=1024, threshold_config={'start': 0.1, 'step': 0.1}, alternative='greater' (MNE tail=1), n_jobs=-1
2025-06-30 21:14:44,697 - INFO - utils.stats_utils - [perform_cluster_permutation_test:210] -   Using MNE's default stat_fun (ttest_1samp_no_p) for permutation test.
2025-06-30 21:14:44,697 - INFO - utils.stats_utils - [perform_cluster_permutation_test:242] -   Input data is 2D (features). MNE will use default temporal connectivity inference if applicable.
stat_fun(H1): min=-6.844478 max=10.040963
Running initial clustering …
Using 100 thresholds from 0.10 to 10.00 for TFCE computation (h_power=2.00, e_power=0.50)
Found 801 clusters
2025-06-30 21:14:47,056 - INFO - utils.stats_utils - [perform_cluster_permutation_test:314] - Cluster permutation test completed. 801 initial clusters found (after processing slices).
2025-06-30 21:14:47,057 - INFO - utils.stats_utils - [perform_cluster_permutation_test:338] -   Significant Cluster #26: p-value = 0.0088. Mask shape: (801,), Num True points: 1
2025-06-30 21:14:47,057 - INFO - utils.stats_utils - [perform_cluster_permutation_test:338] -   Significant Cluster #27: p-value = 0.0312. Mask shape: (801,), Num True points: 1
2025-06-30 21:14:47,057 - INFO - utils.stats_utils - [perform_cluster_permutation_test:338] -   Significant Cluster #28: p-value = 0.0479. Mask shape: (801,), Num True points: 1
2025-06-30 21:14:47,057 - INFO - utils.stats_utils - [perform_cluster_permutation_test:338] -   Significant Cluster #358: p-value = 0.0234. Mask shape: (801,), Num True points: 1
2025-06-30 21:14:47,058 - INFO - utils.stats_utils - [perform_cluster_permutation_test:338] -   Significant Cluster #359: p-value = 0.0117. Mask shape: (801,), Num True points: 1
2025-06-30 21:14:47,058 - INFO - utils.stats_utils - [perform_cluster_permutation_test:338] -   Significant Cluster #360: p-value = 0.0283. Mask shape: (801,), Num True points: 1
2025-06-30 21:14:47,058 - INFO - utils.stats_utils - [perform_cluster_permutation_test:338] -   Significant Cluster #362: p-value = 0.0117. Mask shape: (801,), Num True points: 1
2025-06-30 21:14:47,058 - INFO - utils.stats_utils - [perform_cluster_permutation_test:338] -   Significant Cluster #363: p-value = 0.0479. Mask shape: (801,), Num True points: 1
2025-06-30 21:14:47,058 - INFO - utils.stats_utils - [perform_cluster_permutation_test:338] -   Significant Cluster #364: p-value = 0.0361. Mask shape: (801,), Num True points: 1
2025-06-30 21:14:47,059 - INFO - utils.stats_utils - [perform_cluster_permutation_test:338] -   Significant Cluster #374: p-value = 0.0312. Mask shape: (801,), Num True points: 1
2025-06-30 21:14:47,059 - INFO - utils.stats_utils - [perform_cluster_permutation_test:338] -   Significant Cluster #379: p-value = 0.0264. Mask shape: (801,), Num True points: 1
2025-06-30 21:14:47,059 - INFO - utils.stats_utils - [perform_cluster_permutation_test:338] -   Significant Cluster #380: p-value = 0.0479. Mask shape: (801,), Num True points: 1
2025-06-30 21:14:47,059 - INFO - utils.stats_utils - [perform_cluster_permutation_test:338] -   Significant Cluster #381: p-value = 0.0078. Mask shape: (801,), Num True points: 1
2025-06-30 21:14:47,059 - INFO - utils.stats_utils - [perform_cluster_permutation_test:338] -   Significant Cluster #382: p-value = 0.0068. Mask shape: (801,), Num True points: 1
2025-06-30 21:14:47,059 - INFO - utils.stats_utils - [perform_cluster_permutation_test:338] -   Significant Cluster #383: p-value = 0.0078. Mask shape: (801,), Num True points: 1
2025-06-30 21:14:47,059 - INFO - utils.stats_utils - [perform_cluster_permutation_test:338] -   Significant Cluster #384: p-value = 0.0312. Mask shape: (801,), Num True points: 1
2025-06-30 21:14:47,060 - INFO - utils.stats_utils - [perform_cluster_permutation_test:338] -   Significant Cluster #473: p-value = 0.0439. Mask shape: (801,), Num True points: 1
2025-06-30 21:14:47,060 - INFO - utils.stats_utils - [perform_cluster_permutation_test:338] -   Significant Cluster #474: p-value = 0.0039. Mask shape: (801,), Num True points: 1
2025-06-30 21:14:47,060 - INFO - utils.stats_utils - [perform_cluster_permutation_test:338] -   Significant Cluster #475: p-value = 0.0117. Mask shape: (801,), Num True points: 1
2025-06-30 21:14:47,060 - INFO - utils.stats_utils - [perform_cluster_permutation_test:338] -   Significant Cluster #476: p-value = 0.0479. Mask shape: (801,), Num True points: 1
2025-06-30 21:14:47,060 - INFO - utils.stats_utils - [perform_cluster_permutation_test:338] -   Significant Cluster #477: p-value = 0.0479. Mask shape: (801,), Num True points: 1
2025-06-30 21:14:47,076 - INFO - utils.stats_utils - [perform_pointwise_fdr_correction_on_scores:439] - Performing pointwise wilcoxon with FDR correction. Data shape for test (obs, features if any): (10, 641601)
2025-06-30 21:14:47,076 - INFO - utils.stats_utils - [perform_pointwise_fdr_correction_on_scores:443] -   Parameters: chance=0.5, alpha=0.05, test_type='wilcoxon', FDR_method='indep', alternative='greater'
2025-06-30 21:26:11,708 - INFO - utils.stats_utils - [perform_pointwise_fdr_correction_on_scores:714] - FDR correction completed. 0 point(s) found significant (p_fdr < 0.05).
2025-06-30 21:26:11,711 - INFO - Baking_EEG._4_decoding_core - [run_temporal_decoding_analysis:544] - Intra-fold Cluster Permutation for TGM is SKIPPED.
2025-06-30 21:26:11,713 - INFO - examples.run_decoding_one_lg - [execute_single_subject_lg_decoding:465] -   Specific LG task 'Local Deviant: Global Standard vs Global Deviant' for TpPC21: Peak AUC = 0.708
2025-06-30 21:26:12,036 - INFO - Baking_EEG._4_decoding_core - [run_temporal_decoding_analysis:68] - --- Temporal Ddcoding Analysis ---
2025-06-30 21:26:12,037 - INFO - Baking_EEG._4_decoding_core - [run_temporal_decoding_analysis:69] - Clf: svc, GS: False, CSP (temporal): False, ANOVA FS (temporal): True
2025-06-30 21:26:12,038 - INFO - base.base_decoding - [_build_standard_classifier_pipeline:57] - Pipeline à hyperparamètres fixes: type='svc', CSP: False, ANOVA FS: True
2025-06-30 21:26:12,038 - INFO - base.base_decoding - [_build_standard_classifier_pipeline:68] - DEBUG: add_csp_step type=bool, value=False, bool()=False
2025-06-30 21:26:12,039 - INFO - base.base_decoding - [_build_standard_classifier_pipeline:91] -    Étape ANOVA FS 'anova_feature_selection' ajoutée (percentile fixe=15).
2025-06-30 21:26:12,039 - INFO - base.base_decoding - [_build_standard_classifier_pipeline:123] - Structure finale du pipeline: ['scaler', 'anova_feature_selection', 'svc_classifier']
2025-06-30 21:26:12,039 - INFO - base.base_decoding - [_build_standard_classifier_pipeline:57] - Pipeline à hyperparamètres fixes: type='svc', CSP: False, ANOVA FS: False
2025-06-30 21:26:12,039 - INFO - base.base_decoding - [_build_standard_classifier_pipeline:68] - DEBUG: add_csp_step type=bool, value=False, bool()=False
2025-06-30 21:26:12,039 - INFO - base.base_decoding - [_build_standard_classifier_pipeline:123] - Structure finale du pipeline: ['scaler', 'svc_classifier']
2025-06-30 21:26:12,039 - INFO - Baking_EEG._4_decoding_core - [run_temporal_decoding_analysis:246] - CV strategy: StratifiedKFold with 10 splits.
2025-06-30 21:26:12,039 - INFO - Baking_EEG._4_decoding_core - [run_temporal_decoding_analysis:258] - Sample weights: Auto-calculated per fold (recommended for StratifiedKFold).
2025-06-30 21:26:12,057 - INFO - Baking_EEG._4_decoding_core - [run_temporal_decoding_analysis:294] - MNE Estimators: Using fold-specific balancing via class_weight='balanced' (if supported by classifier).
2025-06-30 21:26:12,057 - INFO - Baking_EEG._4_decoding_core - [run_temporal_decoding_analysis:310] - Starting 1D temporal decoding (SlidingEstimator)...
2025-06-30 21:27:25,186 - INFO - Baking_EEG._4_decoding_core - [run_temporal_decoding_analysis:338] - 1D temporal decoding done. Peak mean AUC: 0.653
2025-06-30 21:27:25,188 - INFO - Baking_EEG._4_decoding_core - [run_temporal_decoding_analysis:346] - Starting TGM computation (GeneralizingEstimator)...
2025-06-30 22:16:33,290 - INFO - Baking_EEG._4_decoding_core - [run_temporal_decoding_analysis:373] - TGM computation done. Peak mean TGM AUC: 0.655
2025-06-30 22:16:33,291 - INFO - Baking_EEG._4_decoding_core - [run_temporal_decoding_analysis:382] - Starting global decoding (n_jobs_folds=40)...
2025-06-30 22:19:58,091 - INFO - Baking_EEG._4_decoding_core - [run_temporal_decoding_analysis:439] - Global decoding done. Mean CV AUC: 0.650 +/- 0.036
2025-06-30 22:19:58,140 - INFO - Baking_EEG._4_decoding_core - [run_temporal_decoding_analysis:478] -   Overall global metrics (aggregated): {'roc_auc': '0.644', 'accuracy': '0.626', 'precision': '0.548', 'recall': '0.482', 'f1_score': '0.513', 'balanced_accuracy': '0.604'}
2025-06-30 22:19:58,141 - INFO - utils.stats_utils - [perform_pointwise_fdr_correction_on_scores:439] - Performing pointwise wilcoxon with FDR correction. Data shape for test (obs, features if any): (10, 801)
2025-06-30 22:19:58,141 - INFO - utils.stats_utils - [perform_pointwise_fdr_correction_on_scores:443] -   Parameters: chance=0.5, alpha=0.05, test_type='wilcoxon', FDR_method='indep', alternative='greater'
2025-06-30 22:19:59,012 - INFO - utils.stats_utils - [perform_pointwise_fdr_correction_on_scores:714] - FDR correction completed. 52 point(s) found significant (p_fdr < 0.05).
2025-06-30 22:19:59,013 - INFO - utils.stats_utils - [perform_cluster_permutation_test:195] - Executing cluster-based permutation test. Data shape (obs, features...): (10, 801)
2025-06-30 22:19:59,013 - INFO - utils.stats_utils - [perform_cluster_permutation_test:199] -   Parameters: n_permutations=1024, threshold_config={'start': 0.1, 'step': 0.1}, alternative='greater' (MNE tail=1), n_jobs=-1
2025-06-30 22:19:59,013 - INFO - utils.stats_utils - [perform_cluster_permutation_test:210] -   Using MNE's default stat_fun (ttest_1samp_no_p) for permutation test.
2025-06-30 22:19:59,013 - INFO - utils.stats_utils - [perform_cluster_permutation_test:242] -   Input data is 2D (features). MNE will use default temporal connectivity inference if applicable.
stat_fun(H1): min=-6.325214 max=6.979296
Running initial clustering …
Using 69 thresholds from 0.10 to 6.90 for TFCE computation (h_power=2.00, e_power=0.50)
Found 801 clusters
2025-06-30 22:20:01,360 - INFO - utils.stats_utils - [perform_cluster_permutation_test:314] - Cluster permutation test completed. 801 initial clusters found (after processing slices).
2025-06-30 22:20:01,361 - INFO - utils.stats_utils - [perform_cluster_permutation_test:338] -   Significant Cluster #465: p-value = 0.0400. Mask shape: (801,), Num True points: 1
2025-06-30 22:20:01,361 - INFO - utils.stats_utils - [perform_cluster_permutation_test:338] -   Significant Cluster #466: p-value = 0.0215. Mask shape: (801,), Num True points: 1
2025-06-30 22:20:01,361 - INFO - utils.stats_utils - [perform_cluster_permutation_test:338] -   Significant Cluster #469: p-value = 0.0449. Mask shape: (801,), Num True points: 1
2025-06-30 22:20:01,362 - INFO - utils.stats_utils - [perform_cluster_permutation_test:338] -   Significant Cluster #470: p-value = 0.0225. Mask shape: (801,), Num True points: 1
2025-06-30 22:20:01,362 - INFO - utils.stats_utils - [perform_cluster_permutation_test:338] -   Significant Cluster #471: p-value = 0.0283. Mask shape: (801,), Num True points: 1
2025-06-30 22:20:01,362 - INFO - utils.stats_utils - [perform_cluster_permutation_test:338] -   Significant Cluster #472: p-value = 0.0400. Mask shape: (801,), Num True points: 1
2025-06-30 22:20:01,390 - INFO - utils.stats_utils - [perform_pointwise_fdr_correction_on_scores:439] - Performing pointwise wilcoxon with FDR correction. Data shape for test (obs, features if any): (10, 641601)
2025-06-30 22:20:01,390 - INFO - utils.stats_utils - [perform_pointwise_fdr_correction_on_scores:443] -   Parameters: chance=0.5, alpha=0.05, test_type='wilcoxon', FDR_method='indep', alternative='greater'
2025-06-30 22:31:26,279 - INFO - utils.stats_utils - [perform_pointwise_fdr_correction_on_scores:714] - FDR correction completed. 0 point(s) found significant (p_fdr < 0.05).
2025-06-30 22:31:26,282 - INFO - Baking_EEG._4_decoding_core - [run_temporal_decoding_analysis:544] - Intra-fold Cluster Permutation for TGM is SKIPPED.
2025-06-30 22:31:26,286 - INFO - examples.run_decoding_one_lg - [execute_single_subject_lg_decoding:465] -   Specific LG task 'Global Standard: Local Standard vs Local Deviant' for TpPC21: Peak AUC = 0.653
2025-06-30 22:31:26,349 - INFO - Baking_EEG._4_decoding_core - [run_temporal_decoding_analysis:68] - --- Temporal Ddcoding Analysis ---
2025-06-30 22:31:26,349 - INFO - Baking_EEG._4_decoding_core - [run_temporal_decoding_analysis:69] - Clf: svc, GS: False, CSP (temporal): False, ANOVA FS (temporal): True
2025-06-30 22:31:26,354 - INFO - base.base_decoding - [_build_standard_classifier_pipeline:57] - Pipeline à hyperparamètres fixes: type='svc', CSP: False, ANOVA FS: True
2025-06-30 22:31:26,354 - INFO - base.base_decoding - [_build_standard_classifier_pipeline:68] - DEBUG: add_csp_step type=bool, value=False, bool()=False
2025-06-30 22:31:26,354 - INFO - base.base_decoding - [_build_standard_classifier_pipeline:91] -    Étape ANOVA FS 'anova_feature_selection' ajoutée (percentile fixe=15).
2025-06-30 22:31:26,354 - INFO - base.base_decoding - [_build_standard_classifier_pipeline:123] - Structure finale du pipeline: ['scaler', 'anova_feature_selection', 'svc_classifier']
2025-06-30 22:31:26,354 - INFO - base.base_decoding - [_build_standard_classifier_pipeline:57] - Pipeline à hyperparamètres fixes: type='svc', CSP: False, ANOVA FS: False
2025-06-30 22:31:26,355 - INFO - base.base_decoding - [_build_standard_classifier_pipeline:68] - DEBUG: add_csp_step type=bool, value=False, bool()=False
2025-06-30 22:31:26,355 - INFO - base.base_decoding - [_build_standard_classifier_pipeline:123] - Structure finale du pipeline: ['scaler', 'svc_classifier']
2025-06-30 22:31:26,355 - INFO - Baking_EEG._4_decoding_core - [run_temporal_decoding_analysis:246] - CV strategy: StratifiedKFold with 10 splits.
2025-06-30 22:31:26,355 - INFO - Baking_EEG._4_decoding_core - [run_temporal_decoding_analysis:258] - Sample weights: Auto-calculated per fold (recommended for StratifiedKFold).
2025-06-30 22:31:26,373 - INFO - Baking_EEG._4_decoding_core - [run_temporal_decoding_analysis:294] - MNE Estimators: Using fold-specific balancing via class_weight='balanced' (if supported by classifier).
2025-06-30 22:31:26,373 - INFO - Baking_EEG._4_decoding_core - [run_temporal_decoding_analysis:310] - Starting 1D temporal decoding (SlidingEstimator)...
2025-06-30 22:31:45,712 - INFO - Baking_EEG._4_decoding_core - [run_temporal_decoding_analysis:338] - 1D temporal decoding done. Peak mean AUC: 0.698
2025-06-30 22:31:45,713 - INFO - Baking_EEG._4_decoding_core - [run_temporal_decoding_analysis:346] - Starting TGM computation (GeneralizingEstimator)...
2025-06-30 23:17:00,499 - INFO - Baking_EEG._4_decoding_core - [run_temporal_decoding_analysis:373] - TGM computation done. Peak mean TGM AUC: 0.712
2025-06-30 23:17:00,500 - INFO - Baking_EEG._4_decoding_core - [run_temporal_decoding_analysis:382] - Starting global decoding (n_jobs_folds=40)...
2025-06-30 23:17:17,944 - INFO - Baking_EEG._4_decoding_core - [run_temporal_decoding_analysis:439] - Global decoding done. Mean CV AUC: 0.436 +/- 0.188
2025-06-30 23:17:17,987 - INFO - Baking_EEG._4_decoding_core - [run_temporal_decoding_analysis:478] -   Overall global metrics (aggregated): {'roc_auc': '0.404', 'accuracy': '0.510', 'precision': '0.575', 'recall': '0.670', 'f1_score': '0.619', 'balanced_accuracy': '0.472'}
2025-06-30 23:17:17,988 - INFO - utils.stats_utils - [perform_pointwise_fdr_correction_on_scores:439] - Performing pointwise wilcoxon with FDR correction. Data shape for test (obs, features if any): (10, 801)
2025-06-30 23:17:17,988 - INFO - utils.stats_utils - [perform_pointwise_fdr_correction_on_scores:443] -   Parameters: chance=0.5, alpha=0.05, test_type='wilcoxon', FDR_method='indep', alternative='greater'
2025-06-30 23:17:18,888 - INFO - utils.stats_utils - [perform_pointwise_fdr_correction_on_scores:714] - FDR correction completed. 0 point(s) found significant (p_fdr < 0.05).
2025-06-30 23:17:18,889 - INFO - utils.stats_utils - [perform_cluster_permutation_test:195] - Executing cluster-based permutation test. Data shape (obs, features...): (10, 801)
2025-06-30 23:17:18,889 - INFO - utils.stats_utils - [perform_cluster_permutation_test:199] -   Parameters: n_permutations=1024, threshold_config={'start': 0.1, 'step': 0.1}, alternative='greater' (MNE tail=1), n_jobs=-1
2025-06-30 23:17:18,889 - INFO - utils.stats_utils - [perform_cluster_permutation_test:210] -   Using MNE's default stat_fun (ttest_1samp_no_p) for permutation test.
2025-06-30 23:17:18,889 - INFO - utils.stats_utils - [perform_cluster_permutation_test:242] -   Input data is 2D (features). MNE will use default temporal connectivity inference if applicable.
stat_fun(H1): min=-5.360086 max=5.281292
Running initial clustering …
Using 52 thresholds from 0.10 to 5.20 for TFCE computation (h_power=2.00, e_power=0.50)
Found 801 clusters
2025-06-30 23:17:21,230 - INFO - utils.stats_utils - [perform_cluster_permutation_test:314] - Cluster permutation test completed. 801 initial clusters found (after processing slices).
2025-06-30 23:17:21,230 - INFO - utils.stats_utils - [perform_cluster_permutation_test:344] - No clusters found to be statistically significant (p < 0.05).
2025-06-30 23:17:21,241 - INFO - utils.stats_utils - [perform_pointwise_fdr_correction_on_scores:439] - Performing pointwise wilcoxon with FDR correction. Data shape for test (obs, features if any): (10, 641601)
2025-06-30 23:17:21,241 - INFO - utils.stats_utils - [perform_pointwise_fdr_correction_on_scores:443] -   Parameters: chance=0.5, alpha=0.05, test_type='wilcoxon', FDR_method='indep', alternative='greater'
2025-06-30 23:29:05,835 - INFO - utils.stats_utils - [perform_pointwise_fdr_correction_on_scores:714] - FDR correction completed. 0 point(s) found significant (p_fdr < 0.05).
2025-06-30 23:29:05,837 - INFO - Baking_EEG._4_decoding_core - [run_temporal_decoding_analysis:544] - Intra-fold Cluster Permutation for TGM is SKIPPED.
2025-06-30 23:29:05,840 - INFO - examples.run_decoding_one_lg - [execute_single_subject_lg_decoding:465] -   Specific LG task 'Global Deviant: Local Standard vs Local Deviant' for TpPC21: Peak AUC = 0.698
2025-06-30 23:29:05,840 - INFO - examples.run_decoding_one_lg - [execute_single_subject_lg_decoding:480] -   --- Specific LG Comparisons for TpPC21 DONE ---
2025-06-30 23:29:05,840 - INFO - examples.run_decoding_one_lg - [execute_single_subject_lg_decoding:487] -   --- 3. Stats on stack of Specific LG Curves for TpPC21 ---
2025-06-30 23:29:05,842 - INFO - utils.stats_utils - [perform_pointwise_fdr_correction_on_scores:439] - Performing pointwise wilcoxon with FDR correction. Data shape for test (obs, features if any): (4, 801)
2025-06-30 23:29:05,842 - INFO - utils.stats_utils - [perform_pointwise_fdr_correction_on_scores:443] -   Parameters: chance=0.5, alpha=0.05, test_type='wilcoxon', FDR_method='indep', alternative='greater'
2025-06-30 23:29:06,619 - INFO - utils.stats_utils - [perform_pointwise_fdr_correction_on_scores:714] - FDR correction completed. 0 point(s) found significant (p_fdr < 0.05).
2025-06-30 23:29:06,619 - INFO - utils.stats_utils - [perform_cluster_permutation_test:195] - Executing cluster-based permutation test. Data shape (obs, features...): (4, 801)
2025-06-30 23:29:06,619 - INFO - utils.stats_utils - [perform_cluster_permutation_test:199] -   Parameters: n_permutations=1024, threshold_config={'start': 0.1, 'step': 0.1}, alternative='greater' (MNE tail=1), n_jobs=40
2025-06-30 23:29:06,619 - INFO - utils.stats_utils - [perform_cluster_permutation_test:210] -   Using MNE's default stat_fun (ttest_1samp_no_p) for permutation test.
2025-06-30 23:29:06,619 - INFO - utils.stats_utils - [perform_cluster_permutation_test:242] -   Input data is 2D (features). MNE will use default temporal connectivity inference if applicable.
stat_fun(H1): min=-4.918446 max=27.240818
Running initial clustering …
Using 272 thresholds from 0.10 to 27.20 for TFCE computation (h_power=2.00, e_power=0.50)
Found 801 clusters
2025-06-30 23:29:09,490 - INFO - utils.stats_utils - [perform_cluster_permutation_test:314] - Cluster permutation test completed. 801 initial clusters found (after processing slices).
2025-06-30 23:29:09,491 - INFO - utils.stats_utils - [perform_cluster_permutation_test:344] - No clusters found to be statistically significant (p < 0.05).
2025-06-30 23:29:09,492 - INFO - examples.run_decoding_one_lg - [execute_single_subject_lg_decoding:551] -   --- Stats on stack of Specific LG Curves for TpPC21 DONE ---
2025-06-30 23:29:09,497 - INFO - utils.utils - [setup_analysis_results_directory:329] - Created analysis results directory: /home/tom.balay/results/Baking_EEG_results_V12/intra_subject_lg_results/DELIRIUM+_LG_PATIENTS_DELIRIUMM+/TpPC21_Single_LG_Protocol_Analysis_svc/20250630_232909
2025-06-30 23:29:09,497 - INFO - utils.utils - [setup_analysis_results_directory:337] - Organized by Group: DELIRIUM+, Protocol: LG_PATIENTS_DELIRIUMM+
2025-06-30 23:29:09,912 - INFO - examples.run_decoding_one_lg - [execute_single_subject_lg_decoding:619] - LG Results saved for subject TpPC21 in /home/tom.balay/results/Baking_EEG_results_V12/intra_subject_lg_results/DELIRIUM+_LG_PATIENTS_DELIRIUMM+/TpPC21_Single_LG_Protocol_Analysis_svc/20250630_232909
2025-06-30 23:29:09,912 - INFO - utils.vizualization_utils_LG - [create_subject_decoding_dashboard_plots_lg:75] - Creating LG dashboard plots for subject TpPC21
2025-06-30 23:29:09,917 - INFO - utils.stats_utils - [perform_pointwise_fdr_correction_on_scores:439] - Performing pointwise wilcoxon with FDR correction. Data shape for test (obs, features if any): (10, 801)
2025-06-30 23:29:09,917 - INFO - utils.stats_utils - [perform_pointwise_fdr_correction_on_scores:443] -   Parameters: chance=0.5, alpha=0.05, test_type='wilcoxon', FDR_method='indep', alternative='greater'
2025-06-30 23:29:10,786 - INFO - utils.stats_utils - [perform_pointwise_fdr_correction_on_scores:714] - FDR correction completed. 0 point(s) found significant (p_fdr < 0.05).
2025-06-30 23:29:10,786 - INFO - utils.stats_utils - [perform_cluster_permutation_test:188] - Adjusting MNE parallelism from requested n_jobs=1 to effective_n_jobs=4 for resource management.
2025-06-30 23:29:10,786 - INFO - utils.stats_utils - [perform_cluster_permutation_test:195] - Executing cluster-based permutation test. Data shape (obs, features...): (10, 801)
2025-06-30 23:29:10,786 - INFO - utils.stats_utils - [perform_cluster_permutation_test:199] -   Parameters: n_permutations=1024, threshold_config={'start': 0.1, 'step': 0.1}, alternative='greater' (MNE tail=1), n_jobs=4
2025-06-30 23:29:10,787 - INFO - utils.stats_utils - [perform_cluster_permutation_test:210] -   Using MNE's default stat_fun (ttest_1samp_no_p) for permutation test.
2025-06-30 23:29:10,787 - INFO - utils.stats_utils - [perform_cluster_permutation_test:242] -   Input data is 2D (features). MNE will use default temporal connectivity inference if applicable.
stat_fun(H1): min=-8.594965 max=4.862714
Running initial clustering …
Using 48 thresholds from 0.10 to 4.80 for TFCE computation (h_power=2.00, e_power=0.50)
Found 801 clusters
2025-06-30 23:29:17,536 - INFO - utils.stats_utils - [perform_cluster_permutation_test:314] - Cluster permutation test completed. 801 initial clusters found (after processing slices).
2025-06-30 23:29:17,537 - INFO - utils.stats_utils - [perform_cluster_permutation_test:344] - No clusters found to be statistically significant (p < 0.05).
2025-06-30 23:29:17,539 - INFO - utils.stats_utils - [perform_pointwise_fdr_correction_on_scores:439] - Performing pointwise wilcoxon with FDR correction. Data shape for test (obs, features if any): (10, 801)
2025-06-30 23:29:17,539 - INFO - utils.stats_utils - [perform_pointwise_fdr_correction_on_scores:443] -   Parameters: chance=0.5, alpha=0.05, test_type='wilcoxon', FDR_method='indep', alternative='greater'
2025-06-30 23:29:18,403 - INFO - utils.stats_utils - [perform_pointwise_fdr_correction_on_scores:714] - FDR correction completed. 110 point(s) found significant (p_fdr < 0.05).
2025-06-30 23:29:18,403 - INFO - utils.stats_utils - [perform_cluster_permutation_test:188] - Adjusting MNE parallelism from requested n_jobs=1 to effective_n_jobs=4 for resource management.
2025-06-30 23:29:18,404 - INFO - utils.stats_utils - [perform_cluster_permutation_test:195] - Executing cluster-based permutation test. Data shape (obs, features...): (10, 801)
2025-06-30 23:29:18,404 - INFO - utils.stats_utils - [perform_cluster_permutation_test:199] -   Parameters: n_permutations=1024, threshold_config={'start': 0.1, 'step': 0.1}, alternative='greater' (MNE tail=1), n_jobs=4
2025-06-30 23:29:18,404 - INFO - utils.stats_utils - [perform_cluster_permutation_test:210] -   Using MNE's default stat_fun (ttest_1samp_no_p) for permutation test.
2025-06-30 23:29:18,404 - INFO - utils.stats_utils - [perform_cluster_permutation_test:242] -   Input data is 2D (features). MNE will use default temporal connectivity inference if applicable.
stat_fun(H1): min=-6.844478 max=10.040963
Running initial clustering …
Using 100 thresholds from 0.10 to 10.00 for TFCE computation (h_power=2.00, e_power=0.50)
Found 801 clusters
2025-06-30 23:29:23,309 - INFO - utils.stats_utils - [perform_cluster_permutation_test:314] - Cluster permutation test completed. 801 initial clusters found (after processing slices).
2025-06-30 23:29:23,309 - INFO - utils.stats_utils - [perform_cluster_permutation_test:338] -   Significant Cluster #26: p-value = 0.0088. Mask shape: (801,), Num True points: 1
2025-06-30 23:29:23,309 - INFO - utils.stats_utils - [perform_cluster_permutation_test:338] -   Significant Cluster #27: p-value = 0.0312. Mask shape: (801,), Num True points: 1
2025-06-30 23:29:23,310 - INFO - utils.stats_utils - [perform_cluster_permutation_test:338] -   Significant Cluster #28: p-value = 0.0479. Mask shape: (801,), Num True points: 1
2025-06-30 23:29:23,310 - INFO - utils.stats_utils - [perform_cluster_permutation_test:338] -   Significant Cluster #358: p-value = 0.0234. Mask shape: (801,), Num True points: 1
2025-06-30 23:29:23,310 - INFO - utils.stats_utils - [perform_cluster_permutation_test:338] -   Significant Cluster #359: p-value = 0.0117. Mask shape: (801,), Num True points: 1
2025-06-30 23:29:23,311 - INFO - utils.stats_utils - [perform_cluster_permutation_test:338] -   Significant Cluster #360: p-value = 0.0283. Mask shape: (801,), Num True points: 1
2025-06-30 23:29:23,311 - INFO - utils.stats_utils - [perform_cluster_permutation_test:338] -   Significant Cluster #362: p-value = 0.0117. Mask shape: (801,), Num True points: 1
2025-06-30 23:29:23,311 - INFO - utils.stats_utils - [perform_cluster_permutation_test:338] -   Significant Cluster #363: p-value = 0.0479. Mask shape: (801,), Num True points: 1
2025-06-30 23:29:23,311 - INFO - utils.stats_utils - [perform_cluster_permutation_test:338] -   Significant Cluster #364: p-value = 0.0361. Mask shape: (801,), Num True points: 1
2025-06-30 23:29:23,311 - INFO - utils.stats_utils - [perform_cluster_permutation_test:338] -   Significant Cluster #374: p-value = 0.0312. Mask shape: (801,), Num True points: 1
2025-06-30 23:29:23,311 - INFO - utils.stats_utils - [perform_cluster_permutation_test:338] -   Significant Cluster #379: p-value = 0.0264. Mask shape: (801,), Num True points: 1
2025-06-30 23:29:23,312 - INFO - utils.stats_utils - [perform_cluster_permutation_test:338] -   Significant Cluster #380: p-value = 0.0479. Mask shape: (801,), Num True points: 1
2025-06-30 23:29:23,312 - INFO - utils.stats_utils - [perform_cluster_permutation_test:338] -   Significant Cluster #381: p-value = 0.0078. Mask shape: (801,), Num True points: 1
2025-06-30 23:29:23,312 - INFO - utils.stats_utils - [perform_cluster_permutation_test:338] -   Significant Cluster #382: p-value = 0.0068. Mask shape: (801,), Num True points: 1
2025-06-30 23:29:23,312 - INFO - utils.stats_utils - [perform_cluster_permutation_test:338] -   Significant Cluster #383: p-value = 0.0078. Mask shape: (801,), Num True points: 1
2025-06-30 23:29:23,312 - INFO - utils.stats_utils - [perform_cluster_permutation_test:338] -   Significant Cluster #384: p-value = 0.0312. Mask shape: (801,), Num True points: 1
2025-06-30 23:29:23,312 - INFO - utils.stats_utils - [perform_cluster_permutation_test:338] -   Significant Cluster #473: p-value = 0.0439. Mask shape: (801,), Num True points: 1
2025-06-30 23:29:23,313 - INFO - utils.stats_utils - [perform_cluster_permutation_test:338] -   Significant Cluster #474: p-value = 0.0039. Mask shape: (801,), Num True points: 1
2025-06-30 23:29:23,313 - INFO - utils.stats_utils - [perform_cluster_permutation_test:338] -   Significant Cluster #475: p-value = 0.0117. Mask shape: (801,), Num True points: 1
2025-06-30 23:29:23,313 - INFO - utils.stats_utils - [perform_cluster_permutation_test:338] -   Significant Cluster #476: p-value = 0.0479. Mask shape: (801,), Num True points: 1
2025-06-30 23:29:23,313 - INFO - utils.stats_utils - [perform_cluster_permutation_test:338] -   Significant Cluster #477: p-value = 0.0479. Mask shape: (801,), Num True points: 1
2025-06-30 23:29:23,315 - INFO - utils.stats_utils - [perform_pointwise_fdr_correction_on_scores:439] - Performing pointwise wilcoxon with FDR correction. Data shape for test (obs, features if any): (10, 801)
2025-06-30 23:29:23,316 - INFO - utils.stats_utils - [perform_pointwise_fdr_correction_on_scores:443] -   Parameters: chance=0.5, alpha=0.05, test_type='wilcoxon', FDR_method='indep', alternative='greater'
2025-06-30 23:29:24,183 - INFO - utils.stats_utils - [perform_pointwise_fdr_correction_on_scores:714] - FDR correction completed. 52 point(s) found significant (p_fdr < 0.05).
2025-06-30 23:29:24,184 - INFO - utils.stats_utils - [perform_cluster_permutation_test:188] - Adjusting MNE parallelism from requested n_jobs=1 to effective_n_jobs=4 for resource management.
2025-06-30 23:29:24,184 - INFO - utils.stats_utils - [perform_cluster_permutation_test:195] - Executing cluster-based permutation test. Data shape (obs, features...): (10, 801)
2025-06-30 23:29:24,184 - INFO - utils.stats_utils - [perform_cluster_permutation_test:199] -   Parameters: n_permutations=1024, threshold_config={'start': 0.1, 'step': 0.1}, alternative='greater' (MNE tail=1), n_jobs=4
2025-06-30 23:29:24,184 - INFO - utils.stats_utils - [perform_cluster_permutation_test:210] -   Using MNE's default stat_fun (ttest_1samp_no_p) for permutation test.
2025-06-30 23:29:24,184 - INFO - utils.stats_utils - [perform_cluster_permutation_test:242] -   Input data is 2D (features). MNE will use default temporal connectivity inference if applicable.
stat_fun(H1): min=-6.325214 max=6.979296
Running initial clustering …
Using 69 thresholds from 0.10 to 6.90 for TFCE computation (h_power=2.00, e_power=0.50)
Found 801 clusters
2025-06-30 23:29:28,839 - INFO - utils.stats_utils - [perform_cluster_permutation_test:314] - Cluster permutation test completed. 801 initial clusters found (after processing slices).
2025-06-30 23:29:28,840 - INFO - utils.stats_utils - [perform_cluster_permutation_test:338] -   Significant Cluster #465: p-value = 0.0400. Mask shape: (801,), Num True points: 1
2025-06-30 23:29:28,841 - INFO - utils.stats_utils - [perform_cluster_permutation_test:338] -   Significant Cluster #466: p-value = 0.0215. Mask shape: (801,), Num True points: 1
2025-06-30 23:29:28,841 - INFO - utils.stats_utils - [perform_cluster_permutation_test:338] -   Significant Cluster #469: p-value = 0.0449. Mask shape: (801,), Num True points: 1
2025-06-30 23:29:28,841 - INFO - utils.stats_utils - [perform_cluster_permutation_test:338] -   Significant Cluster #470: p-value = 0.0225. Mask shape: (801,), Num True points: 1
2025-06-30 23:29:28,841 - INFO - utils.stats_utils - [perform_cluster_permutation_test:338] -   Significant Cluster #471: p-value = 0.0283. Mask shape: (801,), Num True points: 1
2025-06-30 23:29:28,841 - INFO - utils.stats_utils - [perform_cluster_permutation_test:338] -   Significant Cluster #472: p-value = 0.0400. Mask shape: (801,), Num True points: 1
2025-06-30 23:29:28,844 - INFO - utils.stats_utils - [perform_pointwise_fdr_correction_on_scores:439] - Performing pointwise wilcoxon with FDR correction. Data shape for test (obs, features if any): (10, 801)
2025-06-30 23:29:28,844 - INFO - utils.stats_utils - [perform_pointwise_fdr_correction_on_scores:443] -   Parameters: chance=0.5, alpha=0.05, test_type='wilcoxon', FDR_method='indep', alternative='greater'
2025-06-30 23:29:29,731 - INFO - utils.stats_utils - [perform_pointwise_fdr_correction_on_scores:714] - FDR correction completed. 0 point(s) found significant (p_fdr < 0.05).
2025-06-30 23:29:29,731 - INFO - utils.stats_utils - [perform_cluster_permutation_test:188] - Adjusting MNE parallelism from requested n_jobs=1 to effective_n_jobs=4 for resource management.
2025-06-30 23:29:29,731 - INFO - utils.stats_utils - [perform_cluster_permutation_test:195] - Executing cluster-based permutation test. Data shape (obs, features...): (10, 801)
2025-06-30 23:29:29,731 - INFO - utils.stats_utils - [perform_cluster_permutation_test:199] -   Parameters: n_permutations=1024, threshold_config={'start': 0.1, 'step': 0.1}, alternative='greater' (MNE tail=1), n_jobs=4
2025-06-30 23:29:29,731 - INFO - utils.stats_utils - [perform_cluster_permutation_test:210] -   Using MNE's default stat_fun (ttest_1samp_no_p) for permutation test.
2025-06-30 23:29:29,731 - INFO - utils.stats_utils - [perform_cluster_permutation_test:242] -   Input data is 2D (features). MNE will use default temporal connectivity inference if applicable.
stat_fun(H1): min=-5.360086 max=5.281292
Running initial clustering …
Using 52 thresholds from 0.10 to 5.20 for TFCE computation (h_power=2.00, e_power=0.50)
Found 801 clusters
2025-06-30 23:29:35,124 - INFO - utils.stats_utils - [perform_cluster_permutation_test:314] - Cluster permutation test completed. 801 initial clusters found (after processing slices).
2025-06-30 23:29:35,125 - INFO - utils.stats_utils - [perform_cluster_permutation_test:344] - No clusters found to be statistically significant (p < 0.05).
2025-06-30 23:29:36,988 - INFO - utils.vizualization_utils_LG - [_create_lg_comparison_page:247] - LG comparison plot saved to: /home/tom.balay/results/Baking_EEG_results_V12/intra_subject_lg_results/DELIRIUM+_LG_PATIENTS_DELIRIUMM+/TpPC21_Single_LG_Protocol_Analysis_svc/20250630_232909/lg_LD_ALL_vs_LS_ALL_TpPC21_DELIRIUM+_svc.png
2025-06-30 23:29:38,505 - INFO - utils.vizualization_utils_LG - [_create_lg_comparison_page:247] - LG comparison plot saved to: /home/tom.balay/results/Baking_EEG_results_V12/intra_subject_lg_results/DELIRIUM+_LG_PATIENTS_DELIRIUMM+/TpPC21_Single_LG_Protocol_Analysis_svc/20250630_232909/lg_GD_ALL_vs_GS_ALL_TpPC21_DELIRIUM+_svc.png
2025-06-30 23:29:39,872 - INFO - utils.vizualization_utils_LG - [_create_lg_comparison_page:247] - LG comparison plot saved to: /home/tom.balay/results/Baking_EEG_results_V12/intra_subject_lg_results/DELIRIUM+_LG_PATIENTS_DELIRIUMM+/TpPC21_Single_LG_Protocol_Analysis_svc/20250630_232909/lg_LSGS_vs_LSGD_TpPC21_DELIRIUM+_svc.png
2025-06-30 23:29:41,181 - INFO - utils.vizualization_utils_LG - [_create_lg_comparison_page:247] - LG comparison plot saved to: /home/tom.balay/results/Baking_EEG_results_V12/intra_subject_lg_results/DELIRIUM+_LG_PATIENTS_DELIRIUMM+/TpPC21_Single_LG_Protocol_Analysis_svc/20250630_232909/lg_LDGS_vs_LDGD_TpPC21_DELIRIUM+_svc.png
2025-06-30 23:29:42,533 - INFO - utils.vizualization_utils_LG - [_create_lg_comparison_page:247] - LG comparison plot saved to: /home/tom.balay/results/Baking_EEG_results_V12/intra_subject_lg_results/DELIRIUM+_LG_PATIENTS_DELIRIUMM+/TpPC21_Single_LG_Protocol_Analysis_svc/20250630_232909/lg_LSGS_vs_LDGS_TpPC21_DELIRIUM+_svc.png
2025-06-30 23:29:44,112 - INFO - utils.vizualization_utils_LG - [_create_lg_comparison_page:247] - LG comparison plot saved to: /home/tom.balay/results/Baking_EEG_results_V12/intra_subject_lg_results/DELIRIUM+_LG_PATIENTS_DELIRIUMM+/TpPC21_Single_LG_Protocol_Analysis_svc/20250630_232909/lg_LSGD_vs_LDGD_TpPC21_DELIRIUM+_svc.png
2025-06-30 23:29:44,112 - INFO - utils.vizualization_utils_LG - [create_subject_decoding_dashboard_plots_lg:167] - LG dashboard plots creation completed for subject TpPC21
2025-06-30 23:29:44,112 - INFO - examples.run_decoding_one_lg - [execute_single_subject_lg_decoding:684] - LG Dashboard plots generated for subject TpPC21 in /home/tom.balay/results/Baking_EEG_results_V12/intra_subject_lg_results/DELIRIUM+_LG_PATIENTS_DELIRIUMM+/TpPC21_Single_LG_Protocol_Analysis_svc/20250630_232909
2025-06-30 23:29:44,113 - INFO - examples.run_decoding_one_lg - [execute_single_subject_lg_decoding:723] - Finished processing LG for subject TpPC21 (Task Set ID: Single_LG_Protocol_Analysis). Total time: 15111.03s
submitit INFO (2025-06-30 23:29:44,125) - Job completed successfully
2025-06-30 23:29:44,125 - INFO - submitit - [process_job:56] - Job completed successfully
submitit INFO (2025-06-30 23:29:44,262) - Exiting after successful completion
2025-06-30 23:29:44,262 - INFO - submitit - [process_job:61] - Exiting after successful completion
