submitit INFO (2025-06-30 14:29:00,720) - Starting with JobEnvironment(job_id=352497, hostname=node6, local_rank=0(1), node=0(1), global_rank=0(1))
submitit INFO (2025-06-30 14:29:00,720) - Loading pickle: /home/tom.balay/Baking_EEG/submitit/logs_submitit_jobs_LG/20250630_102658_TJL3_LG/352497_submitted.pkl
2025-06-30 14:29:03,973 - INFO - examples.run_decoding_one_group_pp - [<module>:39] - Tentative d'import de execute_single_subject_decoding...
2025-06-30 14:29:03,973 - INFO - examples.run_decoding_one_group_pp - [<module>:42] - ✅ Import de execute_single_subject_decoding réussi
2025-06-30 14:29:03,975 - INFO - examples.run_decoding_one_lg - [execute_single_subject_lg_decoding:193] - Starting LG decoding for subject: TJL3 (Group: CONTROLS_COMA, Task Set ID: Single_LG_Protocol_Analysis, Classifier: svc, GS: False, CSP: False, ANOVA FS: True, n_jobs: 40)
2025-06-30 14:29:03,975 - INFO - examples.run_decoding_one_lg - [execute_single_subject_lg_decoding:204] - Using LG loading conditions: ['LS_ALL', 'LD_ALL', 'GS_ALL', 'GD_ALL', 'LSGS', 'LSGD', 'LDGS', 'LDGD']
2025-06-30 14:29:03,976 - WARNING - utils.loading_LG_utils - [load_epochs_data_for_lg_decoding:96] - Original group path for 'CONTROLS_COMA' not found for subject 'TJL3'. Subject found in group 'CONTROLS_DELIRIUM'. Using its path convention.
2025-06-30 14:29:09,444 - INFO - examples.run_decoding_one_lg - [execute_single_subject_lg_decoding:213] - Detected protocol 'LG_CONTROLS' for subject TJL3
2025-06-30 14:29:09,445 - INFO - examples.run_decoding_one_lg - [execute_single_subject_lg_decoding:254] - --- Starting Main LG Protocol Decoding for TJL3 ---
2025-06-30 14:29:09,446 - INFO - examples.run_decoding_one_lg - [execute_single_subject_lg_decoding:257] -   --- 1. Main LG Decoding (LS vs LD) for TJL3 ---
2025-06-30 14:29:09,675 - INFO - Baking_EEG._4_decoding_core - [run_temporal_decoding_analysis:68] - --- Temporal Ddcoding Analysis ---
2025-06-30 14:29:09,676 - INFO - Baking_EEG._4_decoding_core - [run_temporal_decoding_analysis:69] - Clf: svc, GS: False, CSP (temporal): False, ANOVA FS (temporal): True
2025-06-30 14:29:09,681 - INFO - base.base_decoding - [_build_standard_classifier_pipeline:57] - Pipeline à hyperparamètres fixes: type='svc', CSP: False, ANOVA FS: True
2025-06-30 14:29:09,681 - INFO - base.base_decoding - [_build_standard_classifier_pipeline:68] - DEBUG: add_csp_step type=bool, value=False, bool()=False
2025-06-30 14:29:09,682 - INFO - base.base_decoding - [_build_standard_classifier_pipeline:91] -    Étape ANOVA FS 'anova_feature_selection' ajoutée (percentile fixe=15).
2025-06-30 14:29:09,682 - INFO - base.base_decoding - [_build_standard_classifier_pipeline:123] - Structure finale du pipeline: ['scaler', 'anova_feature_selection', 'svc_classifier']
2025-06-30 14:29:09,682 - INFO - base.base_decoding - [_build_standard_classifier_pipeline:57] - Pipeline à hyperparamètres fixes: type='svc', CSP: False, ANOVA FS: False
2025-06-30 14:29:09,682 - INFO - base.base_decoding - [_build_standard_classifier_pipeline:68] - DEBUG: add_csp_step type=bool, value=False, bool()=False
2025-06-30 14:29:09,682 - INFO - base.base_decoding - [_build_standard_classifier_pipeline:123] - Structure finale du pipeline: ['scaler', 'svc_classifier']
2025-06-30 14:29:09,682 - INFO - Baking_EEG._4_decoding_core - [run_temporal_decoding_analysis:246] - CV strategy: StratifiedKFold with 10 splits.
2025-06-30 14:29:09,682 - INFO - Baking_EEG._4_decoding_core - [run_temporal_decoding_analysis:258] - Sample weights: Auto-calculated per fold (recommended for StratifiedKFold).
2025-06-30 14:29:09,702 - INFO - Baking_EEG._4_decoding_core - [run_temporal_decoding_analysis:294] - MNE Estimators: Using fold-specific balancing via class_weight='balanced' (if supported by classifier).
2025-06-30 14:29:09,702 - INFO - Baking_EEG._4_decoding_core - [run_temporal_decoding_analysis:310] - Starting 1D temporal decoding (SlidingEstimator)...
2025-06-30 14:30:32,452 - INFO - Baking_EEG._4_decoding_core - [run_temporal_decoding_analysis:338] - 1D temporal decoding done. Peak mean AUC: 0.650
2025-06-30 14:30:32,452 - INFO - Baking_EEG._4_decoding_core - [run_temporal_decoding_analysis:379] - TGM computation disabled.
2025-06-30 14:30:32,452 - INFO - Baking_EEG._4_decoding_core - [run_temporal_decoding_analysis:382] - Starting global decoding (n_jobs_folds=40)...
2025-06-30 14:34:09,653 - INFO - Baking_EEG._4_decoding_core - [run_temporal_decoding_analysis:439] - Global decoding done. Mean CV AUC: 0.694 +/- 0.056
2025-06-30 14:34:09,670 - INFO - Baking_EEG._4_decoding_core - [run_temporal_decoding_analysis:478] -   Overall global metrics (aggregated): {'roc_auc': '0.690', 'accuracy': '0.637', 'precision': '0.639', 'recall': '0.640', 'f1_score': '0.640', 'balanced_accuracy': '0.637'}
2025-06-30 14:34:09,671 - INFO - utils.stats_utils - [perform_pointwise_fdr_correction_on_scores:439] - Performing pointwise wilcoxon with FDR correction. Data shape for test (obs, features if any): (10, 801)
2025-06-30 14:34:09,671 - INFO - utils.stats_utils - [perform_pointwise_fdr_correction_on_scores:443] -   Parameters: chance=0.5, alpha=0.05, test_type='wilcoxon', FDR_method='indep', alternative='greater'
2025-06-30 14:34:10,534 - INFO - utils.stats_utils - [perform_pointwise_fdr_correction_on_scores:714] - FDR correction completed. 94 point(s) found significant (p_fdr < 0.05).
2025-06-30 14:34:10,534 - INFO - utils.stats_utils - [perform_cluster_permutation_test:195] - Executing cluster-based permutation test. Data shape (obs, features...): (10, 801)
2025-06-30 14:34:10,534 - INFO - utils.stats_utils - [perform_cluster_permutation_test:199] -   Parameters: n_permutations=1024, threshold_config={'start': 0.1, 'step': 0.1}, alternative='greater' (MNE tail=1), n_jobs=-1
2025-06-30 14:34:10,534 - INFO - utils.stats_utils - [perform_cluster_permutation_test:210] -   Using MNE's default stat_fun (ttest_1samp_no_p) for permutation test.
2025-06-30 14:34:10,534 - INFO - utils.stats_utils - [perform_cluster_permutation_test:242] -   Input data is 2D (features). MNE will use default temporal connectivity inference if applicable.
stat_fun(H1): min=-6.383897 max=7.891162
Running initial clustering …
Using 78 thresholds from 0.10 to 7.80 for TFCE computation (h_power=2.00, e_power=0.50)
Found 801 clusters
2025-06-30 14:34:13,553 - INFO - utils.stats_utils - [perform_cluster_permutation_test:314] - Cluster permutation test completed. 801 initial clusters found (after processing slices).
2025-06-30 14:34:13,553 - INFO - utils.stats_utils - [perform_cluster_permutation_test:338] -   Significant Cluster #453: p-value = 0.0312. Mask shape: (801,), Num True points: 1
2025-06-30 14:34:13,553 - INFO - utils.stats_utils - [perform_cluster_permutation_test:338] -   Significant Cluster #454: p-value = 0.0264. Mask shape: (801,), Num True points: 1
2025-06-30 14:34:13,554 - INFO - utils.stats_utils - [perform_cluster_permutation_test:338] -   Significant Cluster #504: p-value = 0.0146. Mask shape: (801,), Num True points: 1
2025-06-30 14:34:13,554 - INFO - utils.stats_utils - [perform_cluster_permutation_test:338] -   Significant Cluster #505: p-value = 0.0234. Mask shape: (801,), Num True points: 1
2025-06-30 14:34:13,554 - INFO - utils.stats_utils - [perform_cluster_permutation_test:338] -   Significant Cluster #506: p-value = 0.0176. Mask shape: (801,), Num True points: 1
2025-06-30 14:34:13,554 - INFO - utils.stats_utils - [perform_cluster_permutation_test:338] -   Significant Cluster #507: p-value = 0.0391. Mask shape: (801,), Num True points: 1
2025-06-30 14:34:13,554 - INFO - utils.stats_utils - [perform_cluster_permutation_test:338] -   Significant Cluster #508: p-value = 0.0244. Mask shape: (801,), Num True points: 1
2025-06-30 14:34:13,554 - INFO - utils.stats_utils - [perform_cluster_permutation_test:338] -   Significant Cluster #511: p-value = 0.0234. Mask shape: (801,), Num True points: 1
2025-06-30 14:34:13,554 - INFO - utils.stats_utils - [perform_cluster_permutation_test:338] -   Significant Cluster #512: p-value = 0.0391. Mask shape: (801,), Num True points: 1
2025-06-30 14:34:13,554 - INFO - utils.stats_utils - [perform_cluster_permutation_test:338] -   Significant Cluster #513: p-value = 0.0146. Mask shape: (801,), Num True points: 1
2025-06-30 14:34:13,554 - INFO - utils.stats_utils - [perform_cluster_permutation_test:338] -   Significant Cluster #514: p-value = 0.0117. Mask shape: (801,), Num True points: 1
2025-06-30 14:34:13,554 - INFO - utils.stats_utils - [perform_cluster_permutation_test:338] -   Significant Cluster #515: p-value = 0.0225. Mask shape: (801,), Num True points: 1
2025-06-30 14:34:13,555 - INFO - utils.stats_utils - [perform_cluster_permutation_test:338] -   Significant Cluster #516: p-value = 0.0117. Mask shape: (801,), Num True points: 1
2025-06-30 14:34:13,555 - INFO - utils.stats_utils - [perform_cluster_permutation_test:338] -   Significant Cluster #517: p-value = 0.0146. Mask shape: (801,), Num True points: 1
2025-06-30 14:34:13,555 - INFO - utils.stats_utils - [perform_cluster_permutation_test:338] -   Significant Cluster #525: p-value = 0.0264. Mask shape: (801,), Num True points: 1
2025-06-30 14:34:13,558 - INFO - examples.run_decoding_one_lg - [execute_single_subject_lg_decoding:344] - Main LG Decoding for TJL3 DONE. Mean Global AUC: 0.694
2025-06-30 14:34:13,558 - INFO - examples.run_decoding_one_lg - [execute_single_subject_lg_decoding:353] -   --- 2. Specific LG Comparisons (e.g. LS/GS vs LS/GD, LD/GS vs LD/GD) for TJL3 ---
2025-06-30 14:34:13,677 - INFO - Baking_EEG._4_decoding_core - [run_temporal_decoding_analysis:68] - --- Temporal Ddcoding Analysis ---
2025-06-30 14:34:13,677 - INFO - Baking_EEG._4_decoding_core - [run_temporal_decoding_analysis:69] - Clf: svc, GS: False, CSP (temporal): False, ANOVA FS (temporal): True
2025-06-30 14:34:13,682 - INFO - base.base_decoding - [_build_standard_classifier_pipeline:57] - Pipeline à hyperparamètres fixes: type='svc', CSP: False, ANOVA FS: True
2025-06-30 14:34:13,682 - INFO - base.base_decoding - [_build_standard_classifier_pipeline:68] - DEBUG: add_csp_step type=bool, value=False, bool()=False
2025-06-30 14:34:13,682 - INFO - base.base_decoding - [_build_standard_classifier_pipeline:91] -    Étape ANOVA FS 'anova_feature_selection' ajoutée (percentile fixe=15).
2025-06-30 14:34:13,682 - INFO - base.base_decoding - [_build_standard_classifier_pipeline:123] - Structure finale du pipeline: ['scaler', 'anova_feature_selection', 'svc_classifier']
2025-06-30 14:34:13,683 - INFO - base.base_decoding - [_build_standard_classifier_pipeline:57] - Pipeline à hyperparamètres fixes: type='svc', CSP: False, ANOVA FS: False
2025-06-30 14:34:13,683 - INFO - base.base_decoding - [_build_standard_classifier_pipeline:68] - DEBUG: add_csp_step type=bool, value=False, bool()=False
2025-06-30 14:34:13,683 - INFO - base.base_decoding - [_build_standard_classifier_pipeline:123] - Structure finale du pipeline: ['scaler', 'svc_classifier']
2025-06-30 14:34:13,683 - INFO - Baking_EEG._4_decoding_core - [run_temporal_decoding_analysis:246] - CV strategy: StratifiedKFold with 10 splits.
2025-06-30 14:34:13,683 - INFO - Baking_EEG._4_decoding_core - [run_temporal_decoding_analysis:258] - Sample weights: Auto-calculated per fold (recommended for StratifiedKFold).
2025-06-30 14:34:13,704 - INFO - Baking_EEG._4_decoding_core - [run_temporal_decoding_analysis:294] - MNE Estimators: Using fold-specific balancing via class_weight='balanced' (if supported by classifier).
2025-06-30 14:34:13,704 - INFO - Baking_EEG._4_decoding_core - [run_temporal_decoding_analysis:310] - Starting 1D temporal decoding (SlidingEstimator)...
2025-06-30 14:34:45,810 - INFO - Baking_EEG._4_decoding_core - [run_temporal_decoding_analysis:338] - 1D temporal decoding done. Peak mean AUC: 0.614
2025-06-30 14:34:45,810 - INFO - Baking_EEG._4_decoding_core - [run_temporal_decoding_analysis:346] - Starting TGM computation (GeneralizingEstimator)...
2025-06-30 15:28:02,448 - INFO - Baking_EEG._4_decoding_core - [run_temporal_decoding_analysis:373] - TGM computation done. Peak mean TGM AUC: 0.665
2025-06-30 15:28:02,450 - INFO - Baking_EEG._4_decoding_core - [run_temporal_decoding_analysis:382] - Starting global decoding (n_jobs_folds=40)...
2025-06-30 15:29:03,137 - INFO - Baking_EEG._4_decoding_core - [run_temporal_decoding_analysis:439] - Global decoding done. Mean CV AUC: 0.515 +/- 0.174
2025-06-30 15:29:03,158 - INFO - Baking_EEG._4_decoding_core - [run_temporal_decoding_analysis:478] -   Overall global metrics (aggregated): {'roc_auc': '0.544', 'accuracy': '0.743', 'precision': '0.348', 'recall': '0.229', 'f1_score': '0.276', 'balanced_accuracy': '0.556'}
2025-06-30 15:29:03,159 - INFO - utils.stats_utils - [perform_pointwise_fdr_correction_on_scores:439] - Performing pointwise wilcoxon with FDR correction. Data shape for test (obs, features if any): (10, 801)
2025-06-30 15:29:03,159 - INFO - utils.stats_utils - [perform_pointwise_fdr_correction_on_scores:443] -   Parameters: chance=0.5, alpha=0.05, test_type='wilcoxon', FDR_method='indep', alternative='greater'
2025-06-30 15:29:04,071 - INFO - utils.stats_utils - [perform_pointwise_fdr_correction_on_scores:714] - FDR correction completed. 0 point(s) found significant (p_fdr < 0.05).
2025-06-30 15:29:04,071 - INFO - utils.stats_utils - [perform_cluster_permutation_test:195] - Executing cluster-based permutation test. Data shape (obs, features...): (10, 801)
2025-06-30 15:29:04,071 - INFO - utils.stats_utils - [perform_cluster_permutation_test:199] -   Parameters: n_permutations=1024, threshold_config={'start': 0.1, 'step': 0.1}, alternative='greater' (MNE tail=1), n_jobs=-1
2025-06-30 15:29:04,071 - INFO - utils.stats_utils - [perform_cluster_permutation_test:210] -   Using MNE's default stat_fun (ttest_1samp_no_p) for permutation test.
2025-06-30 15:29:04,071 - INFO - utils.stats_utils - [perform_cluster_permutation_test:242] -   Input data is 2D (features). MNE will use default temporal connectivity inference if applicable.
stat_fun(H1): min=-8.599782 max=4.532014
Running initial clustering …
Using 45 thresholds from 0.10 to 4.50 for TFCE computation (h_power=2.00, e_power=0.50)
Found 801 clusters
2025-06-30 15:29:06,677 - INFO - utils.stats_utils - [perform_cluster_permutation_test:314] - Cluster permutation test completed. 801 initial clusters found (after processing slices).
2025-06-30 15:29:06,678 - INFO - utils.stats_utils - [perform_cluster_permutation_test:344] - No clusters found to be statistically significant (p < 0.05).
2025-06-30 15:29:06,693 - INFO - utils.stats_utils - [perform_pointwise_fdr_correction_on_scores:439] - Performing pointwise wilcoxon with FDR correction. Data shape for test (obs, features if any): (10, 641601)
2025-06-30 15:29:06,693 - INFO - utils.stats_utils - [perform_pointwise_fdr_correction_on_scores:443] -   Parameters: chance=0.5, alpha=0.05, test_type='wilcoxon', FDR_method='indep', alternative='greater'
2025-06-30 15:41:00,614 - INFO - utils.stats_utils - [perform_pointwise_fdr_correction_on_scores:714] - FDR correction completed. 0 point(s) found significant (p_fdr < 0.05).
2025-06-30 15:41:00,618 - INFO - Baking_EEG._4_decoding_core - [run_temporal_decoding_analysis:544] - Intra-fold Cluster Permutation for TGM is SKIPPED.
2025-06-30 15:41:00,621 - INFO - examples.run_decoding_one_lg - [execute_single_subject_lg_decoding:465] -   Specific LG task 'Local Standard: Global Standard vs Global Deviant' for TJL3: Peak AUC = 0.614
2025-06-30 15:41:00,834 - INFO - Baking_EEG._4_decoding_core - [run_temporal_decoding_analysis:68] - --- Temporal Ddcoding Analysis ---
2025-06-30 15:41:00,834 - INFO - Baking_EEG._4_decoding_core - [run_temporal_decoding_analysis:69] - Clf: svc, GS: False, CSP (temporal): False, ANOVA FS (temporal): True
2025-06-30 15:41:00,838 - INFO - base.base_decoding - [_build_standard_classifier_pipeline:57] - Pipeline à hyperparamètres fixes: type='svc', CSP: False, ANOVA FS: True
2025-06-30 15:41:00,839 - INFO - base.base_decoding - [_build_standard_classifier_pipeline:68] - DEBUG: add_csp_step type=bool, value=False, bool()=False
2025-06-30 15:41:00,839 - INFO - base.base_decoding - [_build_standard_classifier_pipeline:91] -    Étape ANOVA FS 'anova_feature_selection' ajoutée (percentile fixe=15).
2025-06-30 15:41:00,839 - INFO - base.base_decoding - [_build_standard_classifier_pipeline:123] - Structure finale du pipeline: ['scaler', 'anova_feature_selection', 'svc_classifier']
2025-06-30 15:41:00,839 - INFO - base.base_decoding - [_build_standard_classifier_pipeline:57] - Pipeline à hyperparamètres fixes: type='svc', CSP: False, ANOVA FS: False
2025-06-30 15:41:00,839 - INFO - base.base_decoding - [_build_standard_classifier_pipeline:68] - DEBUG: add_csp_step type=bool, value=False, bool()=False
2025-06-30 15:41:00,839 - INFO - base.base_decoding - [_build_standard_classifier_pipeline:123] - Structure finale du pipeline: ['scaler', 'svc_classifier']
2025-06-30 15:41:00,839 - INFO - Baking_EEG._4_decoding_core - [run_temporal_decoding_analysis:246] - CV strategy: StratifiedKFold with 10 splits.
2025-06-30 15:41:00,840 - INFO - Baking_EEG._4_decoding_core - [run_temporal_decoding_analysis:258] - Sample weights: Auto-calculated per fold (recommended for StratifiedKFold).
2025-06-30 15:41:00,860 - INFO - Baking_EEG._4_decoding_core - [run_temporal_decoding_analysis:294] - MNE Estimators: Using fold-specific balancing via class_weight='balanced' (if supported by classifier).
2025-06-30 15:41:00,860 - INFO - Baking_EEG._4_decoding_core - [run_temporal_decoding_analysis:310] - Starting 1D temporal decoding (SlidingEstimator)...
2025-06-30 15:41:35,727 - INFO - Baking_EEG._4_decoding_core - [run_temporal_decoding_analysis:338] - 1D temporal decoding done. Peak mean AUC: 0.743
2025-06-30 15:41:35,728 - INFO - Baking_EEG._4_decoding_core - [run_temporal_decoding_analysis:346] - Starting TGM computation (GeneralizingEstimator)...
2025-06-30 16:34:41,988 - INFO - Baking_EEG._4_decoding_core - [run_temporal_decoding_analysis:373] - TGM computation done. Peak mean TGM AUC: 0.752
2025-06-30 16:34:41,989 - INFO - Baking_EEG._4_decoding_core - [run_temporal_decoding_analysis:382] - Starting global decoding (n_jobs_folds=40)...
2025-06-30 16:35:41,532 - INFO - Baking_EEG._4_decoding_core - [run_temporal_decoding_analysis:439] - Global decoding done. Mean CV AUC: 0.638 +/- 0.126
2025-06-30 16:35:41,552 - INFO - Baking_EEG._4_decoding_core - [run_temporal_decoding_analysis:478] -   Overall global metrics (aggregated): {'roc_auc': '0.627', 'accuracy': '0.749', 'precision': '0.365', 'recall': '0.275', 'f1_score': '0.314', 'balanced_accuracy': '0.575'}
2025-06-30 16:35:41,552 - INFO - utils.stats_utils - [perform_pointwise_fdr_correction_on_scores:439] - Performing pointwise wilcoxon with FDR correction. Data shape for test (obs, features if any): (10, 801)
2025-06-30 16:35:41,552 - INFO - utils.stats_utils - [perform_pointwise_fdr_correction_on_scores:443] -   Parameters: chance=0.5, alpha=0.05, test_type='wilcoxon', FDR_method='indep', alternative='greater'
2025-06-30 16:35:42,419 - INFO - utils.stats_utils - [perform_pointwise_fdr_correction_on_scores:714] - FDR correction completed. 20 point(s) found significant (p_fdr < 0.05).
2025-06-30 16:35:42,421 - INFO - utils.stats_utils - [perform_cluster_permutation_test:195] - Executing cluster-based permutation test. Data shape (obs, features...): (10, 801)
2025-06-30 16:35:42,421 - INFO - utils.stats_utils - [perform_cluster_permutation_test:199] -   Parameters: n_permutations=1024, threshold_config={'start': 0.1, 'step': 0.1}, alternative='greater' (MNE tail=1), n_jobs=-1
2025-06-30 16:35:42,421 - INFO - utils.stats_utils - [perform_cluster_permutation_test:210] -   Using MNE's default stat_fun (ttest_1samp_no_p) for permutation test.
2025-06-30 16:35:42,421 - INFO - utils.stats_utils - [perform_cluster_permutation_test:242] -   Input data is 2D (features). MNE will use default temporal connectivity inference if applicable.
stat_fun(H1): min=-3.756584 max=8.900402
Running initial clustering …
Using 89 thresholds from 0.10 to 8.90 for TFCE computation (h_power=2.00, e_power=0.50)
Found 801 clusters
2025-06-30 16:35:45,008 - INFO - utils.stats_utils - [perform_cluster_permutation_test:314] - Cluster permutation test completed. 801 initial clusters found (after processing slices).
2025-06-30 16:35:45,008 - INFO - utils.stats_utils - [perform_cluster_permutation_test:338] -   Significant Cluster #469: p-value = 0.0410. Mask shape: (801,), Num True points: 1
2025-06-30 16:35:45,008 - INFO - utils.stats_utils - [perform_cluster_permutation_test:338] -   Significant Cluster #470: p-value = 0.0059. Mask shape: (801,), Num True points: 1
2025-06-30 16:35:45,008 - INFO - utils.stats_utils - [perform_cluster_permutation_test:338] -   Significant Cluster #471: p-value = 0.0215. Mask shape: (801,), Num True points: 1
2025-06-30 16:35:45,008 - INFO - utils.stats_utils - [perform_cluster_permutation_test:338] -   Significant Cluster #472: p-value = 0.0449. Mask shape: (801,), Num True points: 1
2025-06-30 16:35:45,009 - INFO - utils.stats_utils - [perform_cluster_permutation_test:338] -   Significant Cluster #579: p-value = 0.0029. Mask shape: (801,), Num True points: 1
2025-06-30 16:35:45,009 - INFO - utils.stats_utils - [perform_cluster_permutation_test:338] -   Significant Cluster #580: p-value = 0.0029. Mask shape: (801,), Num True points: 1
2025-06-30 16:35:45,020 - INFO - utils.stats_utils - [perform_pointwise_fdr_correction_on_scores:439] - Performing pointwise wilcoxon with FDR correction. Data shape for test (obs, features if any): (10, 641601)
2025-06-30 16:35:45,020 - INFO - utils.stats_utils - [perform_pointwise_fdr_correction_on_scores:443] -   Parameters: chance=0.5, alpha=0.05, test_type='wilcoxon', FDR_method='indep', alternative='greater'
2025-06-30 16:47:14,261 - INFO - utils.stats_utils - [perform_pointwise_fdr_correction_on_scores:714] - FDR correction completed. 0 point(s) found significant (p_fdr < 0.05).
2025-06-30 16:47:14,264 - INFO - Baking_EEG._4_decoding_core - [run_temporal_decoding_analysis:544] - Intra-fold Cluster Permutation for TGM is SKIPPED.
2025-06-30 16:47:14,267 - INFO - examples.run_decoding_one_lg - [execute_single_subject_lg_decoding:465] -   Specific LG task 'Local Deviant: Global Standard vs Global Deviant' for TJL3: Peak AUC = 0.743
2025-06-30 16:47:14,523 - INFO - Baking_EEG._4_decoding_core - [run_temporal_decoding_analysis:68] - --- Temporal Ddcoding Analysis ---
2025-06-30 16:47:14,523 - INFO - Baking_EEG._4_decoding_core - [run_temporal_decoding_analysis:69] - Clf: svc, GS: False, CSP (temporal): False, ANOVA FS (temporal): True
2025-06-30 16:47:14,528 - INFO - base.base_decoding - [_build_standard_classifier_pipeline:57] - Pipeline à hyperparamètres fixes: type='svc', CSP: False, ANOVA FS: True
2025-06-30 16:47:14,528 - INFO - base.base_decoding - [_build_standard_classifier_pipeline:68] - DEBUG: add_csp_step type=bool, value=False, bool()=False
2025-06-30 16:47:14,528 - INFO - base.base_decoding - [_build_standard_classifier_pipeline:91] -    Étape ANOVA FS 'anova_feature_selection' ajoutée (percentile fixe=15).
2025-06-30 16:47:14,528 - INFO - base.base_decoding - [_build_standard_classifier_pipeline:123] - Structure finale du pipeline: ['scaler', 'anova_feature_selection', 'svc_classifier']
2025-06-30 16:47:14,528 - INFO - base.base_decoding - [_build_standard_classifier_pipeline:57] - Pipeline à hyperparamètres fixes: type='svc', CSP: False, ANOVA FS: False
2025-06-30 16:47:14,528 - INFO - base.base_decoding - [_build_standard_classifier_pipeline:68] - DEBUG: add_csp_step type=bool, value=False, bool()=False
2025-06-30 16:47:14,529 - INFO - base.base_decoding - [_build_standard_classifier_pipeline:123] - Structure finale du pipeline: ['scaler', 'svc_classifier']
2025-06-30 16:47:14,529 - INFO - Baking_EEG._4_decoding_core - [run_temporal_decoding_analysis:246] - CV strategy: StratifiedKFold with 10 splits.
2025-06-30 16:47:14,529 - INFO - Baking_EEG._4_decoding_core - [run_temporal_decoding_analysis:258] - Sample weights: Auto-calculated per fold (recommended for StratifiedKFold).
2025-06-30 16:47:14,547 - INFO - Baking_EEG._4_decoding_core - [run_temporal_decoding_analysis:294] - MNE Estimators: Using fold-specific balancing via class_weight='balanced' (if supported by classifier).
2025-06-30 16:47:14,547 - INFO - Baking_EEG._4_decoding_core - [run_temporal_decoding_analysis:310] - Starting 1D temporal decoding (SlidingEstimator)...
2025-06-30 16:48:13,866 - INFO - Baking_EEG._4_decoding_core - [run_temporal_decoding_analysis:338] - 1D temporal decoding done. Peak mean AUC: 0.662
2025-06-30 16:48:13,866 - INFO - Baking_EEG._4_decoding_core - [run_temporal_decoding_analysis:346] - Starting TGM computation (GeneralizingEstimator)...
2025-06-30 17:42:21,849 - INFO - Baking_EEG._4_decoding_core - [run_temporal_decoding_analysis:373] - TGM computation done. Peak mean TGM AUC: 0.665
2025-06-30 17:42:21,850 - INFO - Baking_EEG._4_decoding_core - [run_temporal_decoding_analysis:382] - Starting global decoding (n_jobs_folds=40)...
2025-06-30 17:44:49,646 - INFO - Baking_EEG._4_decoding_core - [run_temporal_decoding_analysis:439] - Global decoding done. Mean CV AUC: 0.644 +/- 0.056
2025-06-30 17:44:49,664 - INFO - Baking_EEG._4_decoding_core - [run_temporal_decoding_analysis:478] -   Overall global metrics (aggregated): {'roc_auc': '0.635', 'accuracy': '0.613', 'precision': '0.609', 'recall': '0.649', 'f1_score': '0.628', 'balanced_accuracy': '0.612'}
2025-06-30 17:44:49,664 - INFO - utils.stats_utils - [perform_pointwise_fdr_correction_on_scores:439] - Performing pointwise wilcoxon with FDR correction. Data shape for test (obs, features if any): (10, 801)
2025-06-30 17:44:49,664 - INFO - utils.stats_utils - [perform_pointwise_fdr_correction_on_scores:443] -   Parameters: chance=0.5, alpha=0.05, test_type='wilcoxon', FDR_method='indep', alternative='greater'
2025-06-30 17:44:50,519 - INFO - utils.stats_utils - [perform_pointwise_fdr_correction_on_scores:714] - FDR correction completed. 84 point(s) found significant (p_fdr < 0.05).
2025-06-30 17:44:50,519 - INFO - utils.stats_utils - [perform_cluster_permutation_test:195] - Executing cluster-based permutation test. Data shape (obs, features...): (10, 801)
2025-06-30 17:44:50,519 - INFO - utils.stats_utils - [perform_cluster_permutation_test:199] -   Parameters: n_permutations=1024, threshold_config={'start': 0.1, 'step': 0.1}, alternative='greater' (MNE tail=1), n_jobs=-1
2025-06-30 17:44:50,520 - INFO - utils.stats_utils - [perform_cluster_permutation_test:210] -   Using MNE's default stat_fun (ttest_1samp_no_p) for permutation test.
2025-06-30 17:44:50,520 - INFO - utils.stats_utils - [perform_cluster_permutation_test:242] -   Input data is 2D (features). MNE will use default temporal connectivity inference if applicable.
stat_fun(H1): min=-6.116127 max=8.910175
Running initial clustering …
Using 89 thresholds from 0.10 to 8.90 for TFCE computation (h_power=2.00, e_power=0.50)
Found 801 clusters
2025-06-30 17:44:53,063 - INFO - utils.stats_utils - [perform_cluster_permutation_test:314] - Cluster permutation test completed. 801 initial clusters found (after processing slices).
2025-06-30 17:44:53,064 - INFO - utils.stats_utils - [perform_cluster_permutation_test:338] -   Significant Cluster #452: p-value = 0.0469. Mask shape: (801,), Num True points: 1
2025-06-30 17:44:53,064 - INFO - utils.stats_utils - [perform_cluster_permutation_test:338] -   Significant Cluster #453: p-value = 0.0283. Mask shape: (801,), Num True points: 1
2025-06-30 17:44:53,064 - INFO - utils.stats_utils - [perform_cluster_permutation_test:338] -   Significant Cluster #454: p-value = 0.0127. Mask shape: (801,), Num True points: 1
2025-06-30 17:44:53,064 - INFO - utils.stats_utils - [perform_cluster_permutation_test:338] -   Significant Cluster #455: p-value = 0.0244. Mask shape: (801,), Num True points: 1
2025-06-30 17:44:53,064 - INFO - utils.stats_utils - [perform_cluster_permutation_test:338] -   Significant Cluster #456: p-value = 0.0264. Mask shape: (801,), Num True points: 1
2025-06-30 17:44:53,064 - INFO - utils.stats_utils - [perform_cluster_permutation_test:338] -   Significant Cluster #457: p-value = 0.0381. Mask shape: (801,), Num True points: 1
2025-06-30 17:44:53,064 - INFO - utils.stats_utils - [perform_cluster_permutation_test:338] -   Significant Cluster #474: p-value = 0.0283. Mask shape: (801,), Num True points: 1
2025-06-30 17:44:53,064 - INFO - utils.stats_utils - [perform_cluster_permutation_test:338] -   Significant Cluster #475: p-value = 0.0410. Mask shape: (801,), Num True points: 1
2025-06-30 17:44:53,065 - INFO - utils.stats_utils - [perform_cluster_permutation_test:338] -   Significant Cluster #490: p-value = 0.0381. Mask shape: (801,), Num True points: 1
2025-06-30 17:44:53,065 - INFO - utils.stats_utils - [perform_cluster_permutation_test:338] -   Significant Cluster #492: p-value = 0.0264. Mask shape: (801,), Num True points: 1
2025-06-30 17:44:53,065 - INFO - utils.stats_utils - [perform_cluster_permutation_test:338] -   Significant Cluster #493: p-value = 0.0059. Mask shape: (801,), Num True points: 1
2025-06-30 17:44:53,065 - INFO - utils.stats_utils - [perform_cluster_permutation_test:338] -   Significant Cluster #494: p-value = 0.0225. Mask shape: (801,), Num True points: 1
2025-06-30 17:44:53,065 - INFO - utils.stats_utils - [perform_cluster_permutation_test:338] -   Significant Cluster #495: p-value = 0.0225. Mask shape: (801,), Num True points: 1
2025-06-30 17:44:53,072 - INFO - utils.stats_utils - [perform_pointwise_fdr_correction_on_scores:439] - Performing pointwise wilcoxon with FDR correction. Data shape for test (obs, features if any): (10, 641601)
2025-06-30 17:44:53,072 - INFO - utils.stats_utils - [perform_pointwise_fdr_correction_on_scores:443] -   Parameters: chance=0.5, alpha=0.05, test_type='wilcoxon', FDR_method='indep', alternative='greater'
2025-06-30 17:56:15,448 - INFO - utils.stats_utils - [perform_pointwise_fdr_correction_on_scores:714] - FDR correction completed. 0 point(s) found significant (p_fdr < 0.05).
2025-06-30 17:56:15,451 - INFO - Baking_EEG._4_decoding_core - [run_temporal_decoding_analysis:544] - Intra-fold Cluster Permutation for TGM is SKIPPED.
2025-06-30 17:56:15,454 - INFO - examples.run_decoding_one_lg - [execute_single_subject_lg_decoding:465] -   Specific LG task 'Global Standard: Local Standard vs Local Deviant' for TJL3: Peak AUC = 0.662
2025-06-30 17:56:15,528 - INFO - Baking_EEG._4_decoding_core - [run_temporal_decoding_analysis:68] - --- Temporal Ddcoding Analysis ---
2025-06-30 17:56:15,528 - INFO - Baking_EEG._4_decoding_core - [run_temporal_decoding_analysis:69] - Clf: svc, GS: False, CSP (temporal): False, ANOVA FS (temporal): True
2025-06-30 17:56:15,530 - INFO - base.base_decoding - [_build_standard_classifier_pipeline:57] - Pipeline à hyperparamètres fixes: type='svc', CSP: False, ANOVA FS: True
2025-06-30 17:56:15,530 - INFO - base.base_decoding - [_build_standard_classifier_pipeline:68] - DEBUG: add_csp_step type=bool, value=False, bool()=False
2025-06-30 17:56:15,530 - INFO - base.base_decoding - [_build_standard_classifier_pipeline:91] -    Étape ANOVA FS 'anova_feature_selection' ajoutée (percentile fixe=15).
2025-06-30 17:56:15,531 - INFO - base.base_decoding - [_build_standard_classifier_pipeline:123] - Structure finale du pipeline: ['scaler', 'anova_feature_selection', 'svc_classifier']
2025-06-30 17:56:15,531 - INFO - base.base_decoding - [_build_standard_classifier_pipeline:57] - Pipeline à hyperparamètres fixes: type='svc', CSP: False, ANOVA FS: False
2025-06-30 17:56:15,531 - INFO - base.base_decoding - [_build_standard_classifier_pipeline:68] - DEBUG: add_csp_step type=bool, value=False, bool()=False
2025-06-30 17:56:15,531 - INFO - base.base_decoding - [_build_standard_classifier_pipeline:123] - Structure finale du pipeline: ['scaler', 'svc_classifier']
2025-06-30 17:56:15,531 - INFO - Baking_EEG._4_decoding_core - [run_temporal_decoding_analysis:246] - CV strategy: StratifiedKFold with 10 splits.
2025-06-30 17:56:15,531 - INFO - Baking_EEG._4_decoding_core - [run_temporal_decoding_analysis:258] - Sample weights: Auto-calculated per fold (recommended for StratifiedKFold).
2025-06-30 17:56:15,550 - INFO - Baking_EEG._4_decoding_core - [run_temporal_decoding_analysis:294] - MNE Estimators: Using fold-specific balancing via class_weight='balanced' (if supported by classifier).
2025-06-30 17:56:15,550 - INFO - Baking_EEG._4_decoding_core - [run_temporal_decoding_analysis:310] - Starting 1D temporal decoding (SlidingEstimator)...
2025-06-30 17:56:33,430 - INFO - Baking_EEG._4_decoding_core - [run_temporal_decoding_analysis:338] - 1D temporal decoding done. Peak mean AUC: 0.710
2025-06-30 17:56:33,430 - INFO - Baking_EEG._4_decoding_core - [run_temporal_decoding_analysis:346] - Starting TGM computation (GeneralizingEstimator)...
2025-06-30 18:48:13,885 - INFO - Baking_EEG._4_decoding_core - [run_temporal_decoding_analysis:373] - TGM computation done. Peak mean TGM AUC: 0.722
2025-06-30 18:48:13,887 - INFO - Baking_EEG._4_decoding_core - [run_temporal_decoding_analysis:382] - Starting global decoding (n_jobs_folds=40)...
2025-06-30 18:48:28,280 - INFO - Baking_EEG._4_decoding_core - [run_temporal_decoding_analysis:439] - Global decoding done. Mean CV AUC: 0.762 +/- 0.106
2025-06-30 18:48:28,297 - INFO - Baking_EEG._4_decoding_core - [run_temporal_decoding_analysis:478] -   Overall global metrics (aggregated): {'roc_auc': '0.756', 'accuracy': '0.698', 'precision': '0.708', 'recall': '0.667', 'f1_score': '0.687', 'balanced_accuracy': '0.698'}
2025-06-30 18:48:28,297 - INFO - utils.stats_utils - [perform_pointwise_fdr_correction_on_scores:439] - Performing pointwise wilcoxon with FDR correction. Data shape for test (obs, features if any): (10, 801)
2025-06-30 18:48:28,298 - INFO - utils.stats_utils - [perform_pointwise_fdr_correction_on_scores:443] -   Parameters: chance=0.5, alpha=0.05, test_type='wilcoxon', FDR_method='indep', alternative='greater'
2025-06-30 18:48:29,154 - INFO - utils.stats_utils - [perform_pointwise_fdr_correction_on_scores:714] - FDR correction completed. 0 point(s) found significant (p_fdr < 0.05).
2025-06-30 18:48:29,155 - INFO - utils.stats_utils - [perform_cluster_permutation_test:195] - Executing cluster-based permutation test. Data shape (obs, features...): (10, 801)
2025-06-30 18:48:29,155 - INFO - utils.stats_utils - [perform_cluster_permutation_test:199] -   Parameters: n_permutations=1024, threshold_config={'start': 0.1, 'step': 0.1}, alternative='greater' (MNE tail=1), n_jobs=-1
2025-06-30 18:48:29,155 - INFO - utils.stats_utils - [perform_cluster_permutation_test:210] -   Using MNE's default stat_fun (ttest_1samp_no_p) for permutation test.
2025-06-30 18:48:29,155 - INFO - utils.stats_utils - [perform_cluster_permutation_test:242] -   Input data is 2D (features). MNE will use default temporal connectivity inference if applicable.
stat_fun(H1): min=-7.008897 max=5.738828
Running initial clustering …
Using 57 thresholds from 0.10 to 5.70 for TFCE computation (h_power=2.00, e_power=0.50)
Found 801 clusters
2025-06-30 18:48:31,757 - INFO - utils.stats_utils - [perform_cluster_permutation_test:314] - Cluster permutation test completed. 801 initial clusters found (after processing slices).
2025-06-30 18:48:31,758 - INFO - utils.stats_utils - [perform_cluster_permutation_test:344] - No clusters found to be statistically significant (p < 0.05).
2025-06-30 18:48:31,767 - INFO - utils.stats_utils - [perform_pointwise_fdr_correction_on_scores:439] - Performing pointwise wilcoxon with FDR correction. Data shape for test (obs, features if any): (10, 641601)
2025-06-30 18:48:31,767 - INFO - utils.stats_utils - [perform_pointwise_fdr_correction_on_scores:443] -   Parameters: chance=0.5, alpha=0.05, test_type='wilcoxon', FDR_method='indep', alternative='greater'
2025-06-30 18:59:57,336 - INFO - utils.stats_utils - [perform_pointwise_fdr_correction_on_scores:714] - FDR correction completed. 0 point(s) found significant (p_fdr < 0.05).
2025-06-30 18:59:57,339 - INFO - Baking_EEG._4_decoding_core - [run_temporal_decoding_analysis:544] - Intra-fold Cluster Permutation for TGM is SKIPPED.
2025-06-30 18:59:57,342 - INFO - examples.run_decoding_one_lg - [execute_single_subject_lg_decoding:465] -   Specific LG task 'Global Deviant: Local Standard vs Local Deviant' for TJL3: Peak AUC = 0.710
2025-06-30 18:59:57,342 - INFO - examples.run_decoding_one_lg - [execute_single_subject_lg_decoding:480] -   --- Specific LG Comparisons for TJL3 DONE ---
2025-06-30 18:59:57,342 - INFO - examples.run_decoding_one_lg - [execute_single_subject_lg_decoding:487] -   --- 3. Stats on stack of Specific LG Curves for TJL3 ---
2025-06-30 18:59:57,344 - INFO - utils.stats_utils - [perform_pointwise_fdr_correction_on_scores:439] - Performing pointwise wilcoxon with FDR correction. Data shape for test (obs, features if any): (4, 801)
2025-06-30 18:59:57,344 - INFO - utils.stats_utils - [perform_pointwise_fdr_correction_on_scores:443] -   Parameters: chance=0.5, alpha=0.05, test_type='wilcoxon', FDR_method='indep', alternative='greater'
2025-06-30 18:59:58,121 - INFO - utils.stats_utils - [perform_pointwise_fdr_correction_on_scores:714] - FDR correction completed. 0 point(s) found significant (p_fdr < 0.05).
2025-06-30 18:59:58,122 - INFO - utils.stats_utils - [perform_cluster_permutation_test:195] - Executing cluster-based permutation test. Data shape (obs, features...): (4, 801)
2025-06-30 18:59:58,122 - INFO - utils.stats_utils - [perform_cluster_permutation_test:199] -   Parameters: n_permutations=1024, threshold_config={'start': 0.1, 'step': 0.1}, alternative='greater' (MNE tail=1), n_jobs=40
2025-06-30 18:59:58,122 - INFO - utils.stats_utils - [perform_cluster_permutation_test:210] -   Using MNE's default stat_fun (ttest_1samp_no_p) for permutation test.
2025-06-30 18:59:58,122 - INFO - utils.stats_utils - [perform_cluster_permutation_test:242] -   Input data is 2D (features). MNE will use default temporal connectivity inference if applicable.
stat_fun(H1): min=-9.736594 max=35.646774
Running initial clustering …
Using 356 thresholds from 0.10 to 35.60 for TFCE computation (h_power=2.00, e_power=0.50)
Found 801 clusters
2025-06-30 19:00:01,300 - INFO - utils.stats_utils - [perform_cluster_permutation_test:314] - Cluster permutation test completed. 801 initial clusters found (after processing slices).
2025-06-30 19:00:01,301 - INFO - utils.stats_utils - [perform_cluster_permutation_test:344] - No clusters found to be statistically significant (p < 0.05).
2025-06-30 19:00:01,302 - INFO - examples.run_decoding_one_lg - [execute_single_subject_lg_decoding:551] -   --- Stats on stack of Specific LG Curves for TJL3 DONE ---
2025-06-30 19:00:01,307 - INFO - utils.utils - [setup_analysis_results_directory:329] - Created analysis results directory: /home/tom.balay/results/Baking_EEG_results_V12/intra_subject_lg_results/CONTROLS_COMA_LG_CONTROLS/TJL3_Single_LG_Protocol_Analysis_svc/20250630_190001
2025-06-30 19:00:01,308 - INFO - utils.utils - [setup_analysis_results_directory:337] - Organized by Group: CONTROLS, Protocol: COMA_LG_CONTROLS
2025-06-30 19:00:01,773 - INFO - examples.run_decoding_one_lg - [execute_single_subject_lg_decoding:619] - LG Results saved for subject TJL3 in /home/tom.balay/results/Baking_EEG_results_V12/intra_subject_lg_results/CONTROLS_COMA_LG_CONTROLS/TJL3_Single_LG_Protocol_Analysis_svc/20250630_190001
2025-06-30 19:00:01,773 - INFO - utils.vizualization_utils_LG - [create_subject_decoding_dashboard_plots_lg:75] - Creating LG dashboard plots for subject TJL3
2025-06-30 19:00:01,777 - INFO - utils.stats_utils - [perform_pointwise_fdr_correction_on_scores:439] - Performing pointwise wilcoxon with FDR correction. Data shape for test (obs, features if any): (10, 801)
2025-06-30 19:00:01,777 - INFO - utils.stats_utils - [perform_pointwise_fdr_correction_on_scores:443] -   Parameters: chance=0.5, alpha=0.05, test_type='wilcoxon', FDR_method='indep', alternative='greater'
2025-06-30 19:00:02,638 - INFO - utils.stats_utils - [perform_pointwise_fdr_correction_on_scores:714] - FDR correction completed. 0 point(s) found significant (p_fdr < 0.05).
2025-06-30 19:00:02,639 - INFO - utils.stats_utils - [perform_cluster_permutation_test:188] - Adjusting MNE parallelism from requested n_jobs=1 to effective_n_jobs=4 for resource management.
2025-06-30 19:00:02,639 - INFO - utils.stats_utils - [perform_cluster_permutation_test:195] - Executing cluster-based permutation test. Data shape (obs, features...): (10, 801)
2025-06-30 19:00:02,639 - INFO - utils.stats_utils - [perform_cluster_permutation_test:199] -   Parameters: n_permutations=1024, threshold_config={'start': 0.1, 'step': 0.1}, alternative='greater' (MNE tail=1), n_jobs=4
2025-06-30 19:00:02,639 - INFO - utils.stats_utils - [perform_cluster_permutation_test:210] -   Using MNE's default stat_fun (ttest_1samp_no_p) for permutation test.
2025-06-30 19:00:02,639 - INFO - utils.stats_utils - [perform_cluster_permutation_test:242] -   Input data is 2D (features). MNE will use default temporal connectivity inference if applicable.
stat_fun(H1): min=-8.599782 max=4.532014
Running initial clustering …
Using 45 thresholds from 0.10 to 4.50 for TFCE computation (h_power=2.00, e_power=0.50)
Found 801 clusters
2025-06-30 19:00:10,255 - INFO - utils.stats_utils - [perform_cluster_permutation_test:314] - Cluster permutation test completed. 801 initial clusters found (after processing slices).
2025-06-30 19:00:10,256 - INFO - utils.stats_utils - [perform_cluster_permutation_test:344] - No clusters found to be statistically significant (p < 0.05).
2025-06-30 19:00:10,257 - INFO - utils.stats_utils - [perform_pointwise_fdr_correction_on_scores:439] - Performing pointwise wilcoxon with FDR correction. Data shape for test (obs, features if any): (10, 801)
2025-06-30 19:00:10,257 - INFO - utils.stats_utils - [perform_pointwise_fdr_correction_on_scores:443] -   Parameters: chance=0.5, alpha=0.05, test_type='wilcoxon', FDR_method='indep', alternative='greater'
2025-06-30 19:00:11,121 - INFO - utils.stats_utils - [perform_pointwise_fdr_correction_on_scores:714] - FDR correction completed. 20 point(s) found significant (p_fdr < 0.05).
2025-06-30 19:00:11,122 - INFO - utils.stats_utils - [perform_cluster_permutation_test:188] - Adjusting MNE parallelism from requested n_jobs=1 to effective_n_jobs=4 for resource management.
2025-06-30 19:00:11,122 - INFO - utils.stats_utils - [perform_cluster_permutation_test:195] - Executing cluster-based permutation test. Data shape (obs, features...): (10, 801)
2025-06-30 19:00:11,122 - INFO - utils.stats_utils - [perform_cluster_permutation_test:199] -   Parameters: n_permutations=1024, threshold_config={'start': 0.1, 'step': 0.1}, alternative='greater' (MNE tail=1), n_jobs=4
2025-06-30 19:00:11,122 - INFO - utils.stats_utils - [perform_cluster_permutation_test:210] -   Using MNE's default stat_fun (ttest_1samp_no_p) for permutation test.
2025-06-30 19:00:11,122 - INFO - utils.stats_utils - [perform_cluster_permutation_test:242] -   Input data is 2D (features). MNE will use default temporal connectivity inference if applicable.
stat_fun(H1): min=-3.756584 max=8.900402
Running initial clustering …
Using 89 thresholds from 0.10 to 8.90 for TFCE computation (h_power=2.00, e_power=0.50)
Found 801 clusters
2025-06-30 19:00:16,635 - INFO - utils.stats_utils - [perform_cluster_permutation_test:314] - Cluster permutation test completed. 801 initial clusters found (after processing slices).
2025-06-30 19:00:16,635 - INFO - utils.stats_utils - [perform_cluster_permutation_test:338] -   Significant Cluster #469: p-value = 0.0410. Mask shape: (801,), Num True points: 1
2025-06-30 19:00:16,636 - INFO - utils.stats_utils - [perform_cluster_permutation_test:338] -   Significant Cluster #470: p-value = 0.0059. Mask shape: (801,), Num True points: 1
2025-06-30 19:00:16,636 - INFO - utils.stats_utils - [perform_cluster_permutation_test:338] -   Significant Cluster #471: p-value = 0.0215. Mask shape: (801,), Num True points: 1
2025-06-30 19:00:16,636 - INFO - utils.stats_utils - [perform_cluster_permutation_test:338] -   Significant Cluster #472: p-value = 0.0449. Mask shape: (801,), Num True points: 1
2025-06-30 19:00:16,636 - INFO - utils.stats_utils - [perform_cluster_permutation_test:338] -   Significant Cluster #579: p-value = 0.0029. Mask shape: (801,), Num True points: 1
2025-06-30 19:00:16,636 - INFO - utils.stats_utils - [perform_cluster_permutation_test:338] -   Significant Cluster #580: p-value = 0.0029. Mask shape: (801,), Num True points: 1
2025-06-30 19:00:16,637 - INFO - utils.stats_utils - [perform_pointwise_fdr_correction_on_scores:439] - Performing pointwise wilcoxon with FDR correction. Data shape for test (obs, features if any): (10, 801)
2025-06-30 19:00:16,638 - INFO - utils.stats_utils - [perform_pointwise_fdr_correction_on_scores:443] -   Parameters: chance=0.5, alpha=0.05, test_type='wilcoxon', FDR_method='indep', alternative='greater'
2025-06-30 19:00:17,492 - INFO - utils.stats_utils - [perform_pointwise_fdr_correction_on_scores:714] - FDR correction completed. 84 point(s) found significant (p_fdr < 0.05).
2025-06-30 19:00:17,492 - INFO - utils.stats_utils - [perform_cluster_permutation_test:188] - Adjusting MNE parallelism from requested n_jobs=1 to effective_n_jobs=4 for resource management.
2025-06-30 19:00:17,492 - INFO - utils.stats_utils - [perform_cluster_permutation_test:195] - Executing cluster-based permutation test. Data shape (obs, features...): (10, 801)
2025-06-30 19:00:17,492 - INFO - utils.stats_utils - [perform_cluster_permutation_test:199] -   Parameters: n_permutations=1024, threshold_config={'start': 0.1, 'step': 0.1}, alternative='greater' (MNE tail=1), n_jobs=4
2025-06-30 19:00:17,492 - INFO - utils.stats_utils - [perform_cluster_permutation_test:210] -   Using MNE's default stat_fun (ttest_1samp_no_p) for permutation test.
2025-06-30 19:00:17,492 - INFO - utils.stats_utils - [perform_cluster_permutation_test:242] -   Input data is 2D (features). MNE will use default temporal connectivity inference if applicable.
stat_fun(H1): min=-6.116127 max=8.910175
Running initial clustering …
Using 89 thresholds from 0.10 to 8.90 for TFCE computation (h_power=2.00, e_power=0.50)
Found 801 clusters
2025-06-30 19:00:22,898 - INFO - utils.stats_utils - [perform_cluster_permutation_test:314] - Cluster permutation test completed. 801 initial clusters found (after processing slices).
2025-06-30 19:00:22,898 - INFO - utils.stats_utils - [perform_cluster_permutation_test:338] -   Significant Cluster #452: p-value = 0.0469. Mask shape: (801,), Num True points: 1
2025-06-30 19:00:22,899 - INFO - utils.stats_utils - [perform_cluster_permutation_test:338] -   Significant Cluster #453: p-value = 0.0283. Mask shape: (801,), Num True points: 1
2025-06-30 19:00:22,899 - INFO - utils.stats_utils - [perform_cluster_permutation_test:338] -   Significant Cluster #454: p-value = 0.0127. Mask shape: (801,), Num True points: 1
2025-06-30 19:00:22,899 - INFO - utils.stats_utils - [perform_cluster_permutation_test:338] -   Significant Cluster #455: p-value = 0.0244. Mask shape: (801,), Num True points: 1
2025-06-30 19:00:22,899 - INFO - utils.stats_utils - [perform_cluster_permutation_test:338] -   Significant Cluster #456: p-value = 0.0264. Mask shape: (801,), Num True points: 1
2025-06-30 19:00:22,899 - INFO - utils.stats_utils - [perform_cluster_permutation_test:338] -   Significant Cluster #457: p-value = 0.0381. Mask shape: (801,), Num True points: 1
2025-06-30 19:00:22,899 - INFO - utils.stats_utils - [perform_cluster_permutation_test:338] -   Significant Cluster #474: p-value = 0.0283. Mask shape: (801,), Num True points: 1
2025-06-30 19:00:22,899 - INFO - utils.stats_utils - [perform_cluster_permutation_test:338] -   Significant Cluster #475: p-value = 0.0410. Mask shape: (801,), Num True points: 1
2025-06-30 19:00:22,899 - INFO - utils.stats_utils - [perform_cluster_permutation_test:338] -   Significant Cluster #490: p-value = 0.0381. Mask shape: (801,), Num True points: 1
2025-06-30 19:00:22,899 - INFO - utils.stats_utils - [perform_cluster_permutation_test:338] -   Significant Cluster #492: p-value = 0.0264. Mask shape: (801,), Num True points: 1
2025-06-30 19:00:22,900 - INFO - utils.stats_utils - [perform_cluster_permutation_test:338] -   Significant Cluster #493: p-value = 0.0059. Mask shape: (801,), Num True points: 1
2025-06-30 19:00:22,900 - INFO - utils.stats_utils - [perform_cluster_permutation_test:338] -   Significant Cluster #494: p-value = 0.0225. Mask shape: (801,), Num True points: 1
2025-06-30 19:00:22,900 - INFO - utils.stats_utils - [perform_cluster_permutation_test:338] -   Significant Cluster #495: p-value = 0.0225. Mask shape: (801,), Num True points: 1
2025-06-30 19:00:22,901 - INFO - utils.stats_utils - [perform_pointwise_fdr_correction_on_scores:439] - Performing pointwise wilcoxon with FDR correction. Data shape for test (obs, features if any): (10, 801)
2025-06-30 19:00:22,901 - INFO - utils.stats_utils - [perform_pointwise_fdr_correction_on_scores:443] -   Parameters: chance=0.5, alpha=0.05, test_type='wilcoxon', FDR_method='indep', alternative='greater'
2025-06-30 19:00:23,757 - INFO - utils.stats_utils - [perform_pointwise_fdr_correction_on_scores:714] - FDR correction completed. 0 point(s) found significant (p_fdr < 0.05).
2025-06-30 19:00:23,758 - INFO - utils.stats_utils - [perform_cluster_permutation_test:188] - Adjusting MNE parallelism from requested n_jobs=1 to effective_n_jobs=4 for resource management.
2025-06-30 19:00:23,758 - INFO - utils.stats_utils - [perform_cluster_permutation_test:195] - Executing cluster-based permutation test. Data shape (obs, features...): (10, 801)
2025-06-30 19:00:23,758 - INFO - utils.stats_utils - [perform_cluster_permutation_test:199] -   Parameters: n_permutations=1024, threshold_config={'start': 0.1, 'step': 0.1}, alternative='greater' (MNE tail=1), n_jobs=4
2025-06-30 19:00:23,758 - INFO - utils.stats_utils - [perform_cluster_permutation_test:210] -   Using MNE's default stat_fun (ttest_1samp_no_p) for permutation test.
2025-06-30 19:00:23,758 - INFO - utils.stats_utils - [perform_cluster_permutation_test:242] -   Input data is 2D (features). MNE will use default temporal connectivity inference if applicable.
stat_fun(H1): min=-7.008897 max=5.738828
Running initial clustering …
Using 57 thresholds from 0.10 to 5.70 for TFCE computation (h_power=2.00, e_power=0.50)
Found 801 clusters
2025-06-30 19:00:29,528 - INFO - utils.stats_utils - [perform_cluster_permutation_test:314] - Cluster permutation test completed. 801 initial clusters found (after processing slices).
2025-06-30 19:00:29,529 - INFO - utils.stats_utils - [perform_cluster_permutation_test:344] - No clusters found to be statistically significant (p < 0.05).
2025-06-30 19:00:31,436 - INFO - utils.vizualization_utils_LG - [_create_lg_comparison_page:247] - LG comparison plot saved to: /home/tom.balay/results/Baking_EEG_results_V12/intra_subject_lg_results/CONTROLS_COMA_LG_CONTROLS/TJL3_Single_LG_Protocol_Analysis_svc/20250630_190001/lg_LD_ALL_vs_LS_ALL_TJL3_CONTROLS_COMA_svc.png
2025-06-30 19:00:33,020 - INFO - utils.vizualization_utils_LG - [_create_lg_comparison_page:247] - LG comparison plot saved to: /home/tom.balay/results/Baking_EEG_results_V12/intra_subject_lg_results/CONTROLS_COMA_LG_CONTROLS/TJL3_Single_LG_Protocol_Analysis_svc/20250630_190001/lg_GD_ALL_vs_GS_ALL_TJL3_CONTROLS_COMA_svc.png
2025-06-30 19:00:34,445 - INFO - utils.vizualization_utils_LG - [_create_lg_comparison_page:247] - LG comparison plot saved to: /home/tom.balay/results/Baking_EEG_results_V12/intra_subject_lg_results/CONTROLS_COMA_LG_CONTROLS/TJL3_Single_LG_Protocol_Analysis_svc/20250630_190001/lg_LSGS_vs_LSGD_TJL3_CONTROLS_COMA_svc.png
2025-06-30 19:00:35,863 - INFO - utils.vizualization_utils_LG - [_create_lg_comparison_page:247] - LG comparison plot saved to: /home/tom.balay/results/Baking_EEG_results_V12/intra_subject_lg_results/CONTROLS_COMA_LG_CONTROLS/TJL3_Single_LG_Protocol_Analysis_svc/20250630_190001/lg_LDGS_vs_LDGD_TJL3_CONTROLS_COMA_svc.png
2025-06-30 19:00:37,269 - INFO - utils.vizualization_utils_LG - [_create_lg_comparison_page:247] - LG comparison plot saved to: /home/tom.balay/results/Baking_EEG_results_V12/intra_subject_lg_results/CONTROLS_COMA_LG_CONTROLS/TJL3_Single_LG_Protocol_Analysis_svc/20250630_190001/lg_LSGS_vs_LDGS_TJL3_CONTROLS_COMA_svc.png
2025-06-30 19:00:38,936 - INFO - utils.vizualization_utils_LG - [_create_lg_comparison_page:247] - LG comparison plot saved to: /home/tom.balay/results/Baking_EEG_results_V12/intra_subject_lg_results/CONTROLS_COMA_LG_CONTROLS/TJL3_Single_LG_Protocol_Analysis_svc/20250630_190001/lg_LSGD_vs_LDGD_TJL3_CONTROLS_COMA_svc.png
2025-06-30 19:00:38,936 - INFO - utils.vizualization_utils_LG - [create_subject_decoding_dashboard_plots_lg:167] - LG dashboard plots creation completed for subject TJL3
2025-06-30 19:00:38,936 - INFO - examples.run_decoding_one_lg - [execute_single_subject_lg_decoding:684] - LG Dashboard plots generated for subject TJL3 in /home/tom.balay/results/Baking_EEG_results_V12/intra_subject_lg_results/CONTROLS_COMA_LG_CONTROLS/TJL3_Single_LG_Protocol_Analysis_svc/20250630_190001
2025-06-30 19:00:38,936 - INFO - examples.run_decoding_one_lg - [execute_single_subject_lg_decoding:723] - Finished processing LG for subject TJL3 (Task Set ID: Single_LG_Protocol_Analysis). Total time: 16294.96s
submitit INFO (2025-06-30 19:00:38,947) - Job completed successfully
2025-06-30 19:00:38,947 - INFO - submitit - [process_job:56] - Job completed successfully
submitit INFO (2025-06-30 19:00:39,084) - Exiting after successful completion
2025-06-30 19:00:39,084 - INFO - submitit - [process_job:61] - Exiting after successful completion
