submitit INFO (2025-07-08 15:56:53,274) - Starting with JobEnvironment(job_id=363552, hostname=node11, local_rank=0(1), node=0(1), global_rank=0(1))
submitit INFO (2025-07-08 15:56:53,275) - Loading pickle: /home/tom.balay/Baking_EEG/submitit/logs_submitit_groups_LG/20250708_152320_DELIRIUM-_LG_GROUP/363552_submitted.pkl
2025-07-08 15:56:57,438 - INFO - examples.run_decoding_one_group_pp - [<module>:39] - Tentative d'import de execute_single_subject_decoding...
2025-07-08 15:56:57,438 - INFO - examples.run_decoding_one_group_pp - [<module>:42] - ✅ Import de execute_single_subject_decoding réussi
2025-07-08 15:56:57,442 - INFO - examples.run_decoding_one_group_lg - [execute_group_intra_subject_lg_decoding_analysis:96] - Starting intra-subject LG decoding analysis for GROUP: DELIRIUM-. GS: False, CSP: False, ANOVA FS: True. n_jobs_subj: 40.
2025-07-08 15:56:57,442 - INFO - examples.run_decoding_one_group_lg - [execute_group_intra_subject_lg_decoding_analysis:105] - 
--- LG Group 'DELIRIUM-': Processing Subject 1/24: TpAC23 ---
2025-07-08 15:56:57,442 - INFO - examples.run_decoding_one_lg - [execute_single_subject_lg_decoding:222] - Starting LG decoding for subject: TpAC23 (Group: DELIRIUM-, Task Set ID: Group_LG_Intra_DELIRIUM-_Subj_TpAC23, Classifier: svc, GS: False, CSP: False, ANOVA FS: True, n_jobs: 40)
2025-07-08 15:56:57,442 - INFO - examples.run_decoding_one_lg - [execute_single_subject_lg_decoding:233] - Using LG loading conditions: ['LS_ALL', 'LD_ALL', 'GS_ALL', 'GD_ALL', 'LSGS', 'LSGD', 'LDGS', 'LDGD']
2025-07-08 15:56:57,443 - INFO - utils.loading_LG_utils - [load_epochs_data_for_lg_decoding:172] - Loading LG epoch data for subject 'TpAC23' from: /mnt/data/tom.balay/data/Baking_EEG_data/LG_PATIENTS_DELIRIUM-_0.5/TpAC23_LG_preproc_noICA_LG-epo_ar.fif
2025-07-08 15:57:03,626 - INFO - utils.loading_LG_utils - [load_epochs_data_for_lg_decoding:183] - LG Event IDs available for TpAC23:
2025-07-08 15:57:03,626 - INFO - utils.loading_LG_utils - [load_epochs_data_for_lg_decoding:187] -   - 'LS/GS': 11
2025-07-08 15:57:03,626 - INFO - utils.loading_LG_utils - [load_epochs_data_for_lg_decoding:187] -   - 'LS/GD': 12
2025-07-08 15:57:03,626 - INFO - utils.loading_LG_utils - [load_epochs_data_for_lg_decoding:187] -   - 'LD/GS': 21
2025-07-08 15:57:03,626 - INFO - utils.loading_LG_utils - [load_epochs_data_for_lg_decoding:187] -   - 'LD/GD': 22
2025-07-08 15:57:04,308 - INFO - utils.loading_LG_utils - [load_epochs_data_for_lg_decoding:207] - Processing LG conditions: ['LS_ALL', 'LD_ALL', 'GS_ALL', 'GD_ALL', 'LSGS', 'LSGD', 'LDGS', 'LDGD']
2025-07-08 15:57:06,325 - INFO - utils.loading_LG_utils - [load_epochs_data_for_lg_decoding:304] -   LG Data shapes for 'TpAC23': LS_ALL=(519, 124, 801), LD_ALL=(507, 124, 801), GS_ALL=(822, 124, 801), GD_ALL=(204, 124, 801), LSGS=(419, 124, 801), LSGD=(100, 124, 801), LDGS=(403, 124, 801), LDGD=(104, 124, 801). Loaded in 8.88s
2025-07-08 15:57:06,325 - INFO - examples.run_decoding_one_lg - [execute_single_subject_lg_decoding:242] - Detected protocol 'LG_PATIENTS_DELIRIUM-' for subject TpAC23
2025-07-08 15:57:06,325 - INFO - examples.run_decoding_one_lg - [execute_single_subject_lg_decoding:283] - --- Starting Main LG Protocol Decoding for TpAC23 ---
2025-07-08 15:57:06,325 - INFO - examples.run_decoding_one_lg - [execute_single_subject_lg_decoding:286] -   --- 1. Main LG Decoding (LS vs LD) for TpAC23 ---
2025-07-08 15:57:06,689 - INFO - Baking_EEG._4_decoding_core - [run_temporal_decoding_analysis:68] - --- Temporal Ddcoding Analysis ---
2025-07-08 15:57:06,689 - INFO - Baking_EEG._4_decoding_core - [run_temporal_decoding_analysis:69] - Clf: svc, GS: False, CSP (temporal): False, ANOVA FS (temporal): True
2025-07-08 15:57:06,696 - INFO - base.base_decoding - [_build_standard_classifier_pipeline:57] - Pipeline à hyperparamètres fixes: type='svc', CSP: False, ANOVA FS: True
2025-07-08 15:57:06,696 - INFO - base.base_decoding - [_build_standard_classifier_pipeline:68] - DEBUG: add_csp_step type=bool, value=False, bool()=False
2025-07-08 15:57:06,696 - INFO - base.base_decoding - [_build_standard_classifier_pipeline:91] -    Étape ANOVA FS 'anova_feature_selection' ajoutée (percentile fixe=15).
2025-07-08 15:57:06,696 - INFO - base.base_decoding - [_build_standard_classifier_pipeline:123] - Structure finale du pipeline: ['scaler', 'anova_feature_selection', 'svc_classifier']
2025-07-08 15:57:06,696 - INFO - base.base_decoding - [_build_standard_classifier_pipeline:57] - Pipeline à hyperparamètres fixes: type='svc', CSP: False, ANOVA FS: False
2025-07-08 15:57:06,696 - INFO - base.base_decoding - [_build_standard_classifier_pipeline:68] - DEBUG: add_csp_step type=bool, value=False, bool()=False
2025-07-08 15:57:06,696 - INFO - base.base_decoding - [_build_standard_classifier_pipeline:123] - Structure finale du pipeline: ['scaler', 'svc_classifier']
2025-07-08 15:57:06,697 - INFO - Baking_EEG._4_decoding_core - [run_temporal_decoding_analysis:246] - CV strategy: StratifiedKFold with 10 splits.
2025-07-08 15:57:06,697 - INFO - Baking_EEG._4_decoding_core - [run_temporal_decoding_analysis:258] - Sample weights: Auto-calculated per fold (recommended for StratifiedKFold).
2025-07-08 15:57:06,717 - INFO - Baking_EEG._4_decoding_core - [run_temporal_decoding_analysis:294] - MNE Estimators: Using fold-specific balancing via class_weight='balanced' (if supported by classifier).
2025-07-08 15:57:06,717 - INFO - Baking_EEG._4_decoding_core - [run_temporal_decoding_analysis:310] - Starting 1D temporal decoding (SlidingEstimator)...
2025-07-08 15:59:40,924 - INFO - Baking_EEG._4_decoding_core - [run_temporal_decoding_analysis:338] - 1D temporal decoding done. Peak mean AUC: 0.682
2025-07-08 15:59:40,925 - INFO - Baking_EEG._4_decoding_core - [run_temporal_decoding_analysis:379] - TGM computation disabled.
2025-07-08 15:59:40,926 - INFO - Baking_EEG._4_decoding_core - [run_temporal_decoding_analysis:382] - Starting global decoding (n_jobs_folds=40)...
2025-07-08 16:08:04,210 - INFO - Baking_EEG._4_decoding_core - [run_temporal_decoding_analysis:439] - Global decoding done. Mean CV AUC: 0.729 +/- 0.053
2025-07-08 16:08:04,256 - INFO - Baking_EEG._4_decoding_core - [run_temporal_decoding_analysis:478] -   Overall global metrics (aggregated): {'roc_auc': '0.731', 'accuracy': '0.672', 'precision': '0.676', 'recall': '0.643', 'f1_score': '0.659', 'balanced_accuracy': '0.671'}
2025-07-08 16:08:04,257 - INFO - utils.stats_utils - [perform_pointwise_fdr_correction_on_scores:439] - Performing pointwise wilcoxon with FDR correction. Data shape for test (obs, features if any): (10, 801)
2025-07-08 16:08:04,257 - INFO - utils.stats_utils - [perform_pointwise_fdr_correction_on_scores:443] -   Parameters: chance=0.5, alpha=0.05, test_type='wilcoxon', FDR_method='indep', alternative='greater'
2025-07-08 16:08:05,116 - INFO - utils.stats_utils - [perform_pointwise_fdr_correction_on_scores:714] - FDR correction completed. 360 point(s) found significant (p_fdr < 0.05).
2025-07-08 16:08:05,116 - INFO - utils.stats_utils - [perform_cluster_permutation_test:195] - Executing cluster-based permutation test. Data shape (obs, features...): (10, 801)
2025-07-08 16:08:05,116 - INFO - utils.stats_utils - [perform_cluster_permutation_test:199] -   Parameters: n_permutations=1024, threshold_config={'start': 0.1, 'step': 0.1}, alternative='greater' (MNE tail=1), n_jobs=-1
2025-07-08 16:08:05,116 - INFO - utils.stats_utils - [perform_cluster_permutation_test:210] -   Using MNE's default stat_fun (ttest_1samp_no_p) for permutation test.
2025-07-08 16:08:05,116 - INFO - utils.stats_utils - [perform_cluster_permutation_test:242] -   Input data is 2D (features). MNE will use default temporal connectivity inference if applicable.
stat_fun(H1): min=-3.346341 max=12.792948
Running initial clustering …
Using 127 thresholds from 0.10 to 12.70 for TFCE computation (h_power=2.00, e_power=0.50)
Found 801 clusters
2025-07-08 16:08:08,241 - INFO - utils.stats_utils - [perform_cluster_permutation_test:314] - Cluster permutation test completed. 801 initial clusters found (after processing slices).
2025-07-08 16:08:08,242 - INFO - utils.stats_utils - [perform_cluster_permutation_test:338] -   Significant Cluster #453: p-value = 0.0498. Mask shape: (801,), Num True points: 1
2025-07-08 16:08:08,242 - INFO - utils.stats_utils - [perform_cluster_permutation_test:338] -   Significant Cluster #454: p-value = 0.0332. Mask shape: (801,), Num True points: 1
2025-07-08 16:08:08,242 - INFO - utils.stats_utils - [perform_cluster_permutation_test:338] -   Significant Cluster #455: p-value = 0.0254. Mask shape: (801,), Num True points: 1
2025-07-08 16:08:08,242 - INFO - utils.stats_utils - [perform_cluster_permutation_test:338] -   Significant Cluster #456: p-value = 0.0254. Mask shape: (801,), Num True points: 1
2025-07-08 16:08:08,243 - INFO - utils.stats_utils - [perform_cluster_permutation_test:338] -   Significant Cluster #457: p-value = 0.0176. Mask shape: (801,), Num True points: 1
2025-07-08 16:08:08,243 - INFO - utils.stats_utils - [perform_cluster_permutation_test:338] -   Significant Cluster #458: p-value = 0.0068. Mask shape: (801,), Num True points: 1
2025-07-08 16:08:08,243 - INFO - utils.stats_utils - [perform_cluster_permutation_test:338] -   Significant Cluster #459: p-value = 0.0068. Mask shape: (801,), Num True points: 1
2025-07-08 16:08:08,243 - INFO - utils.stats_utils - [perform_cluster_permutation_test:338] -   Significant Cluster #460: p-value = 0.0068. Mask shape: (801,), Num True points: 1
2025-07-08 16:08:08,243 - INFO - utils.stats_utils - [perform_cluster_permutation_test:338] -   Significant Cluster #461: p-value = 0.0049. Mask shape: (801,), Num True points: 1
2025-07-08 16:08:08,243 - INFO - utils.stats_utils - [perform_cluster_permutation_test:338] -   Significant Cluster #462: p-value = 0.0039. Mask shape: (801,), Num True points: 1
2025-07-08 16:08:08,243 - INFO - utils.stats_utils - [perform_cluster_permutation_test:338] -   Significant Cluster #463: p-value = 0.0020. Mask shape: (801,), Num True points: 1
2025-07-08 16:08:08,243 - INFO - utils.stats_utils - [perform_cluster_permutation_test:338] -   Significant Cluster #464: p-value = 0.0020. Mask shape: (801,), Num True points: 1
2025-07-08 16:08:08,243 - INFO - utils.stats_utils - [perform_cluster_permutation_test:338] -   Significant Cluster #465: p-value = 0.0020. Mask shape: (801,), Num True points: 1
2025-07-08 16:08:08,243 - INFO - utils.stats_utils - [perform_cluster_permutation_test:338] -   Significant Cluster #466: p-value = 0.0049. Mask shape: (801,), Num True points: 1
2025-07-08 16:08:08,244 - INFO - utils.stats_utils - [perform_cluster_permutation_test:338] -   Significant Cluster #467: p-value = 0.0020. Mask shape: (801,), Num True points: 1
2025-07-08 16:08:08,244 - INFO - utils.stats_utils - [perform_cluster_permutation_test:338] -   Significant Cluster #468: p-value = 0.0020. Mask shape: (801,), Num True points: 1
2025-07-08 16:08:08,244 - INFO - utils.stats_utils - [perform_cluster_permutation_test:338] -   Significant Cluster #469: p-value = 0.0020. Mask shape: (801,), Num True points: 1
2025-07-08 16:08:08,244 - INFO - utils.stats_utils - [perform_cluster_permutation_test:338] -   Significant Cluster #470: p-value = 0.0020. Mask shape: (801,), Num True points: 1
2025-07-08 16:08:08,244 - INFO - utils.stats_utils - [perform_cluster_permutation_test:338] -   Significant Cluster #471: p-value = 0.0020. Mask shape: (801,), Num True points: 1
2025-07-08 16:08:08,244 - INFO - utils.stats_utils - [perform_cluster_permutation_test:338] -   Significant Cluster #472: p-value = 0.0020. Mask shape: (801,), Num True points: 1
2025-07-08 16:08:08,244 - INFO - utils.stats_utils - [perform_cluster_permutation_test:338] -   Significant Cluster #473: p-value = 0.0020. Mask shape: (801,), Num True points: 1
2025-07-08 16:08:08,244 - INFO - utils.stats_utils - [perform_cluster_permutation_test:338] -   Significant Cluster #474: p-value = 0.0020. Mask shape: (801,), Num True points: 1
2025-07-08 16:08:08,244 - INFO - utils.stats_utils - [perform_cluster_permutation_test:338] -   Significant Cluster #475: p-value = 0.0020. Mask shape: (801,), Num True points: 1
2025-07-08 16:08:08,244 - INFO - utils.stats_utils - [perform_cluster_permutation_test:338] -   Significant Cluster #476: p-value = 0.0020. Mask shape: (801,), Num True points: 1
2025-07-08 16:08:08,244 - INFO - utils.stats_utils - [perform_cluster_permutation_test:338] -   Significant Cluster #477: p-value = 0.0020. Mask shape: (801,), Num True points: 1
2025-07-08 16:08:08,245 - INFO - utils.stats_utils - [perform_cluster_permutation_test:338] -   Significant Cluster #478: p-value = 0.0020. Mask shape: (801,), Num True points: 1
2025-07-08 16:08:08,245 - INFO - utils.stats_utils - [perform_cluster_permutation_test:338] -   Significant Cluster #479: p-value = 0.0020. Mask shape: (801,), Num True points: 1
2025-07-08 16:08:08,245 - INFO - utils.stats_utils - [perform_cluster_permutation_test:338] -   Significant Cluster #480: p-value = 0.0020. Mask shape: (801,), Num True points: 1
2025-07-08 16:08:08,245 - INFO - utils.stats_utils - [perform_cluster_permutation_test:338] -   Significant Cluster #481: p-value = 0.0020. Mask shape: (801,), Num True points: 1
2025-07-08 16:08:08,245 - INFO - utils.stats_utils - [perform_cluster_permutation_test:338] -   Significant Cluster #482: p-value = 0.0020. Mask shape: (801,), Num True points: 1
2025-07-08 16:08:08,245 - INFO - utils.stats_utils - [perform_cluster_permutation_test:338] -   Significant Cluster #483: p-value = 0.0020. Mask shape: (801,), Num True points: 1
2025-07-08 16:08:08,245 - INFO - utils.stats_utils - [perform_cluster_permutation_test:338] -   Significant Cluster #484: p-value = 0.0020. Mask shape: (801,), Num True points: 1
2025-07-08 16:08:08,245 - INFO - utils.stats_utils - [perform_cluster_permutation_test:338] -   Significant Cluster #485: p-value = 0.0020. Mask shape: (801,), Num True points: 1
2025-07-08 16:08:08,245 - INFO - utils.stats_utils - [perform_cluster_permutation_test:338] -   Significant Cluster #486: p-value = 0.0020. Mask shape: (801,), Num True points: 1
2025-07-08 16:08:08,245 - INFO - utils.stats_utils - [perform_cluster_permutation_test:338] -   Significant Cluster #487: p-value = 0.0068. Mask shape: (801,), Num True points: 1
2025-07-08 16:08:08,246 - INFO - utils.stats_utils - [perform_cluster_permutation_test:338] -   Significant Cluster #488: p-value = 0.0264. Mask shape: (801,), Num True points: 1
2025-07-08 16:08:08,246 - INFO - utils.stats_utils - [perform_cluster_permutation_test:338] -   Significant Cluster #489: p-value = 0.0498. Mask shape: (801,), Num True points: 1
2025-07-08 16:08:08,246 - INFO - utils.stats_utils - [perform_cluster_permutation_test:338] -   Significant Cluster #541: p-value = 0.0400. Mask shape: (801,), Num True points: 1
2025-07-08 16:08:08,246 - INFO - utils.stats_utils - [perform_cluster_permutation_test:338] -   Significant Cluster #542: p-value = 0.0195. Mask shape: (801,), Num True points: 1
2025-07-08 16:08:08,246 - INFO - utils.stats_utils - [perform_cluster_permutation_test:338] -   Significant Cluster #543: p-value = 0.0195. Mask shape: (801,), Num True points: 1
2025-07-08 16:08:08,246 - INFO - utils.stats_utils - [perform_cluster_permutation_test:338] -   Significant Cluster #544: p-value = 0.0215. Mask shape: (801,), Num True points: 1
2025-07-08 16:08:08,246 - INFO - utils.stats_utils - [perform_cluster_permutation_test:338] -   Significant Cluster #548: p-value = 0.0068. Mask shape: (801,), Num True points: 1
2025-07-08 16:08:08,246 - INFO - utils.stats_utils - [perform_cluster_permutation_test:338] -   Significant Cluster #584: p-value = 0.0303. Mask shape: (801,), Num True points: 1
2025-07-08 16:08:08,246 - INFO - utils.stats_utils - [perform_cluster_permutation_test:338] -   Significant Cluster #585: p-value = 0.0264. Mask shape: (801,), Num True points: 1
2025-07-08 16:08:08,246 - INFO - utils.stats_utils - [perform_cluster_permutation_test:338] -   Significant Cluster #586: p-value = 0.0137. Mask shape: (801,), Num True points: 1
2025-07-08 16:08:08,247 - INFO - utils.stats_utils - [perform_cluster_permutation_test:338] -   Significant Cluster #587: p-value = 0.0107. Mask shape: (801,), Num True points: 1
2025-07-08 16:08:08,247 - INFO - utils.stats_utils - [perform_cluster_permutation_test:338] -   Significant Cluster #588: p-value = 0.0303. Mask shape: (801,), Num True points: 1
2025-07-08 16:08:08,247 - INFO - utils.stats_utils - [perform_cluster_permutation_test:338] -   Significant Cluster #589: p-value = 0.0186. Mask shape: (801,), Num True points: 1
2025-07-08 16:08:08,247 - INFO - utils.stats_utils - [perform_cluster_permutation_test:338] -   Significant Cluster #592: p-value = 0.0371. Mask shape: (801,), Num True points: 1
2025-07-08 16:08:08,247 - INFO - utils.stats_utils - [perform_cluster_permutation_test:338] -   Significant Cluster #593: p-value = 0.0371. Mask shape: (801,), Num True points: 1
2025-07-08 16:08:08,247 - INFO - utils.stats_utils - [perform_cluster_permutation_test:338] -   Significant Cluster #594: p-value = 0.0215. Mask shape: (801,), Num True points: 1
2025-07-08 16:08:08,247 - INFO - utils.stats_utils - [perform_cluster_permutation_test:338] -   Significant Cluster #595: p-value = 0.0303. Mask shape: (801,), Num True points: 1
2025-07-08 16:08:08,247 - INFO - utils.stats_utils - [perform_cluster_permutation_test:338] -   Significant Cluster #596: p-value = 0.0195. Mask shape: (801,), Num True points: 1
2025-07-08 16:08:08,247 - INFO - utils.stats_utils - [perform_cluster_permutation_test:338] -   Significant Cluster #597: p-value = 0.0498. Mask shape: (801,), Num True points: 1
2025-07-08 16:08:08,247 - INFO - utils.stats_utils - [perform_cluster_permutation_test:338] -   Significant Cluster #598: p-value = 0.0498. Mask shape: (801,), Num True points: 1
2025-07-08 16:08:08,247 - INFO - utils.stats_utils - [perform_cluster_permutation_test:338] -   Significant Cluster #599: p-value = 0.0371. Mask shape: (801,), Num True points: 1
2025-07-08 16:08:08,248 - INFO - utils.stats_utils - [perform_cluster_permutation_test:338] -   Significant Cluster #600: p-value = 0.0303. Mask shape: (801,), Num True points: 1
2025-07-08 16:08:08,248 - INFO - utils.stats_utils - [perform_cluster_permutation_test:338] -   Significant Cluster #601: p-value = 0.0303. Mask shape: (801,), Num True points: 1
2025-07-08 16:08:08,248 - INFO - utils.stats_utils - [perform_cluster_permutation_test:338] -   Significant Cluster #602: p-value = 0.0371. Mask shape: (801,), Num True points: 1
2025-07-08 16:08:08,248 - INFO - utils.stats_utils - [perform_cluster_permutation_test:338] -   Significant Cluster #603: p-value = 0.0430. Mask shape: (801,), Num True points: 1
2025-07-08 16:08:08,248 - INFO - utils.stats_utils - [perform_cluster_permutation_test:338] -   Significant Cluster #604: p-value = 0.0254. Mask shape: (801,), Num True points: 1
2025-07-08 16:08:08,248 - INFO - utils.stats_utils - [perform_cluster_permutation_test:338] -   Significant Cluster #605: p-value = 0.0195. Mask shape: (801,), Num True points: 1
2025-07-08 16:08:08,248 - INFO - utils.stats_utils - [perform_cluster_permutation_test:338] -   Significant Cluster #606: p-value = 0.0107. Mask shape: (801,), Num True points: 1
2025-07-08 16:08:08,248 - INFO - utils.stats_utils - [perform_cluster_permutation_test:338] -   Significant Cluster #607: p-value = 0.0068. Mask shape: (801,), Num True points: 1
2025-07-08 16:08:08,248 - INFO - utils.stats_utils - [perform_cluster_permutation_test:338] -   Significant Cluster #622: p-value = 0.0332. Mask shape: (801,), Num True points: 1
2025-07-08 16:08:08,248 - INFO - utils.stats_utils - [perform_cluster_permutation_test:338] -   Significant Cluster #623: p-value = 0.0400. Mask shape: (801,), Num True points: 1
2025-07-08 16:08:08,249 - INFO - utils.stats_utils - [perform_cluster_permutation_test:338] -   Significant Cluster #627: p-value = 0.0303. Mask shape: (801,), Num True points: 1
2025-07-08 16:08:08,249 - INFO - utils.stats_utils - [perform_cluster_permutation_test:338] -   Significant Cluster #630: p-value = 0.0430. Mask shape: (801,), Num True points: 1
2025-07-08 16:08:08,249 - INFO - utils.stats_utils - [perform_cluster_permutation_test:338] -   Significant Cluster #633: p-value = 0.0137. Mask shape: (801,), Num True points: 1
2025-07-08 16:08:08,249 - INFO - utils.stats_utils - [perform_cluster_permutation_test:338] -   Significant Cluster #634: p-value = 0.0107. Mask shape: (801,), Num True points: 1
2025-07-08 16:08:08,249 - INFO - utils.stats_utils - [perform_cluster_permutation_test:338] -   Significant Cluster #635: p-value = 0.0186. Mask shape: (801,), Num True points: 1
2025-07-08 16:08:08,249 - INFO - utils.stats_utils - [perform_cluster_permutation_test:338] -   Significant Cluster #636: p-value = 0.0137. Mask shape: (801,), Num True points: 1
2025-07-08 16:08:08,249 - INFO - utils.stats_utils - [perform_cluster_permutation_test:338] -   Significant Cluster #637: p-value = 0.0176. Mask shape: (801,), Num True points: 1
2025-07-08 16:08:08,249 - INFO - utils.stats_utils - [perform_cluster_permutation_test:338] -   Significant Cluster #639: p-value = 0.0137. Mask shape: (801,), Num True points: 1
2025-07-08 16:08:08,249 - INFO - utils.stats_utils - [perform_cluster_permutation_test:338] -   Significant Cluster #640: p-value = 0.0303. Mask shape: (801,), Num True points: 1
2025-07-08 16:08:08,249 - INFO - utils.stats_utils - [perform_cluster_permutation_test:338] -   Significant Cluster #641: p-value = 0.0137. Mask shape: (801,), Num True points: 1
2025-07-08 16:08:08,249 - INFO - utils.stats_utils - [perform_cluster_permutation_test:338] -   Significant Cluster #643: p-value = 0.0371. Mask shape: (801,), Num True points: 1
2025-07-08 16:08:08,250 - INFO - utils.stats_utils - [perform_cluster_permutation_test:338] -   Significant Cluster #644: p-value = 0.0195. Mask shape: (801,), Num True points: 1
2025-07-08 16:08:08,250 - INFO - utils.stats_utils - [perform_cluster_permutation_test:338] -   Significant Cluster #645: p-value = 0.0303. Mask shape: (801,), Num True points: 1
2025-07-08 16:08:08,250 - INFO - utils.stats_utils - [perform_cluster_permutation_test:338] -   Significant Cluster #648: p-value = 0.0215. Mask shape: (801,), Num True points: 1
2025-07-08 16:08:08,250 - INFO - utils.stats_utils - [perform_cluster_permutation_test:338] -   Significant Cluster #649: p-value = 0.0137. Mask shape: (801,), Num True points: 1
2025-07-08 16:08:08,250 - INFO - utils.stats_utils - [perform_cluster_permutation_test:338] -   Significant Cluster #650: p-value = 0.0254. Mask shape: (801,), Num True points: 1
2025-07-08 16:08:08,250 - INFO - utils.stats_utils - [perform_cluster_permutation_test:338] -   Significant Cluster #651: p-value = 0.0254. Mask shape: (801,), Num True points: 1
2025-07-08 16:08:08,250 - INFO - utils.stats_utils - [perform_cluster_permutation_test:338] -   Significant Cluster #652: p-value = 0.0400. Mask shape: (801,), Num True points: 1
2025-07-08 16:08:08,250 - INFO - utils.stats_utils - [perform_cluster_permutation_test:338] -   Significant Cluster #653: p-value = 0.0400. Mask shape: (801,), Num True points: 1
2025-07-08 16:08:08,250 - INFO - utils.stats_utils - [perform_cluster_permutation_test:338] -   Significant Cluster #654: p-value = 0.0254. Mask shape: (801,), Num True points: 1
2025-07-08 16:08:08,250 - INFO - utils.stats_utils - [perform_cluster_permutation_test:338] -   Significant Cluster #655: p-value = 0.0254. Mask shape: (801,), Num True points: 1
2025-07-08 16:08:08,251 - INFO - utils.stats_utils - [perform_cluster_permutation_test:338] -   Significant Cluster #656: p-value = 0.0215. Mask shape: (801,), Num True points: 1
2025-07-08 16:08:08,251 - INFO - utils.stats_utils - [perform_cluster_permutation_test:338] -   Significant Cluster #657: p-value = 0.0137. Mask shape: (801,), Num True points: 1
2025-07-08 16:08:08,251 - INFO - utils.stats_utils - [perform_cluster_permutation_test:338] -   Significant Cluster #658: p-value = 0.0107. Mask shape: (801,), Num True points: 1
2025-07-08 16:08:08,251 - INFO - utils.stats_utils - [perform_cluster_permutation_test:338] -   Significant Cluster #659: p-value = 0.0020. Mask shape: (801,), Num True points: 1
2025-07-08 16:08:08,251 - INFO - utils.stats_utils - [perform_cluster_permutation_test:338] -   Significant Cluster #660: p-value = 0.0068. Mask shape: (801,), Num True points: 1
2025-07-08 16:08:08,251 - INFO - utils.stats_utils - [perform_cluster_permutation_test:338] -   Significant Cluster #661: p-value = 0.0195. Mask shape: (801,), Num True points: 1
2025-07-08 16:08:08,251 - INFO - utils.stats_utils - [perform_cluster_permutation_test:338] -   Significant Cluster #729: p-value = 0.0127. Mask shape: (801,), Num True points: 1
2025-07-08 16:08:08,251 - INFO - utils.stats_utils - [perform_cluster_permutation_test:338] -   Significant Cluster #730: p-value = 0.0186. Mask shape: (801,), Num True points: 1
2025-07-08 16:08:08,251 - INFO - utils.stats_utils - [perform_cluster_permutation_test:338] -   Significant Cluster #731: p-value = 0.0049. Mask shape: (801,), Num True points: 1
2025-07-08 16:08:08,251 - INFO - utils.stats_utils - [perform_cluster_permutation_test:338] -   Significant Cluster #732: p-value = 0.0029. Mask shape: (801,), Num True points: 1
2025-07-08 16:08:08,252 - INFO - utils.stats_utils - [perform_cluster_permutation_test:338] -   Significant Cluster #733: p-value = 0.0039. Mask shape: (801,), Num True points: 1
2025-07-08 16:08:08,252 - INFO - utils.stats_utils - [perform_cluster_permutation_test:338] -   Significant Cluster #734: p-value = 0.0264. Mask shape: (801,), Num True points: 1
2025-07-08 16:08:08,254 - INFO - examples.run_decoding_one_lg - [execute_single_subject_lg_decoding:373] - Main LG Decoding for TpAC23 DONE. Mean Global AUC: 0.729
2025-07-08 16:08:08,254 - INFO - examples.run_decoding_one_lg - [execute_single_subject_lg_decoding:383] -   --- 1.2. GS vs GD Decoding for TpAC23 ---
2025-07-08 16:08:08,620 - INFO - Baking_EEG._4_decoding_core - [run_temporal_decoding_analysis:68] - --- Temporal Ddcoding Analysis ---
2025-07-08 16:08:08,620 - INFO - Baking_EEG._4_decoding_core - [run_temporal_decoding_analysis:69] - Clf: svc, GS: False, CSP (temporal): False, ANOVA FS (temporal): True
2025-07-08 16:08:08,627 - INFO - base.base_decoding - [_build_standard_classifier_pipeline:57] - Pipeline à hyperparamètres fixes: type='svc', CSP: False, ANOVA FS: True
2025-07-08 16:08:08,627 - INFO - base.base_decoding - [_build_standard_classifier_pipeline:68] - DEBUG: add_csp_step type=bool, value=False, bool()=False
2025-07-08 16:08:08,628 - INFO - base.base_decoding - [_build_standard_classifier_pipeline:91] -    Étape ANOVA FS 'anova_feature_selection' ajoutée (percentile fixe=15).
2025-07-08 16:08:08,628 - INFO - base.base_decoding - [_build_standard_classifier_pipeline:123] - Structure finale du pipeline: ['scaler', 'anova_feature_selection', 'svc_classifier']
2025-07-08 16:08:08,628 - INFO - base.base_decoding - [_build_standard_classifier_pipeline:57] - Pipeline à hyperparamètres fixes: type='svc', CSP: False, ANOVA FS: False
2025-07-08 16:08:08,628 - INFO - base.base_decoding - [_build_standard_classifier_pipeline:68] - DEBUG: add_csp_step type=bool, value=False, bool()=False
2025-07-08 16:08:08,628 - INFO - base.base_decoding - [_build_standard_classifier_pipeline:123] - Structure finale du pipeline: ['scaler', 'svc_classifier']
2025-07-08 16:08:08,628 - INFO - Baking_EEG._4_decoding_core - [run_temporal_decoding_analysis:246] - CV strategy: StratifiedKFold with 10 splits.
2025-07-08 16:08:08,628 - INFO - Baking_EEG._4_decoding_core - [run_temporal_decoding_analysis:258] - Sample weights: Auto-calculated per fold (recommended for StratifiedKFold).
2025-07-08 16:08:08,649 - INFO - Baking_EEG._4_decoding_core - [run_temporal_decoding_analysis:294] - MNE Estimators: Using fold-specific balancing via class_weight='balanced' (if supported by classifier).
2025-07-08 16:08:08,649 - INFO - Baking_EEG._4_decoding_core - [run_temporal_decoding_analysis:310] - Starting 1D temporal decoding (SlidingEstimator)...
2025-07-08 16:10:42,304 - INFO - Baking_EEG._4_decoding_core - [run_temporal_decoding_analysis:338] - 1D temporal decoding done. Peak mean AUC: 0.578
2025-07-08 16:10:42,306 - INFO - Baking_EEG._4_decoding_core - [run_temporal_decoding_analysis:379] - TGM computation disabled.
2025-07-08 16:10:42,306 - INFO - Baking_EEG._4_decoding_core - [run_temporal_decoding_analysis:382] - Starting global decoding (n_jobs_folds=40)...
2025-07-08 16:18:41,180 - INFO - Baking_EEG._4_decoding_core - [run_temporal_decoding_analysis:439] - Global decoding done. Mean CV AUC: 0.534 +/- 0.066
2025-07-08 16:18:41,224 - INFO - Baking_EEG._4_decoding_core - [run_temporal_decoding_analysis:478] -   Overall global metrics (aggregated): {'roc_auc': '0.528', 'accuracy': '0.716', 'precision': '0.257', 'recall': '0.225', 'f1_score': '0.240', 'balanced_accuracy': '0.532'}
2025-07-08 16:18:41,225 - INFO - utils.stats_utils - [perform_pointwise_fdr_correction_on_scores:439] - Performing pointwise wilcoxon with FDR correction. Data shape for test (obs, features if any): (10, 801)
2025-07-08 16:18:41,225 - INFO - utils.stats_utils - [perform_pointwise_fdr_correction_on_scores:443] -   Parameters: chance=0.5, alpha=0.05, test_type='wilcoxon', FDR_method='indep', alternative='greater'
2025-07-08 16:18:42,082 - INFO - utils.stats_utils - [perform_pointwise_fdr_correction_on_scores:714] - FDR correction completed. 0 point(s) found significant (p_fdr < 0.05).
2025-07-08 16:18:42,082 - INFO - utils.stats_utils - [perform_cluster_permutation_test:195] - Executing cluster-based permutation test. Data shape (obs, features...): (10, 801)
2025-07-08 16:18:42,082 - INFO - utils.stats_utils - [perform_cluster_permutation_test:199] -   Parameters: n_permutations=1024, threshold_config={'start': 0.1, 'step': 0.1}, alternative='greater' (MNE tail=1), n_jobs=-1
2025-07-08 16:18:42,082 - INFO - utils.stats_utils - [perform_cluster_permutation_test:210] -   Using MNE's default stat_fun (ttest_1samp_no_p) for permutation test.
2025-07-08 16:18:42,082 - INFO - utils.stats_utils - [perform_cluster_permutation_test:242] -   Input data is 2D (features). MNE will use default temporal connectivity inference if applicable.
stat_fun(H1): min=-5.398684 max=3.788010
Running initial clustering …
Using 37 thresholds from 0.10 to 3.70 for TFCE computation (h_power=2.00, e_power=0.50)
Found 801 clusters
2025-07-08 16:18:44,796 - INFO - utils.stats_utils - [perform_cluster_permutation_test:314] - Cluster permutation test completed. 801 initial clusters found (after processing slices).
2025-07-08 16:18:44,797 - INFO - utils.stats_utils - [perform_cluster_permutation_test:344] - No clusters found to be statistically significant (p < 0.05).
2025-07-08 16:18:44,798 - INFO - examples.run_decoding_one_lg - [execute_single_subject_lg_decoding:468] - GS vs GD Decoding for TpAC23 DONE. Mean Global AUC: 0.534
2025-07-08 16:18:44,799 - INFO - examples.run_decoding_one_lg - [execute_single_subject_lg_decoding:477] -   --- 2. Specific LG Comparisons (e.g. LS/GS vs LS/GD, LD/GS vs LD/GD) for TpAC23 ---
2025-07-08 16:18:44,988 - INFO - Baking_EEG._4_decoding_core - [run_temporal_decoding_analysis:68] - --- Temporal Ddcoding Analysis ---
2025-07-08 16:18:44,988 - INFO - Baking_EEG._4_decoding_core - [run_temporal_decoding_analysis:69] - Clf: svc, GS: False, CSP (temporal): False, ANOVA FS (temporal): True
2025-07-08 16:18:44,995 - INFO - base.base_decoding - [_build_standard_classifier_pipeline:57] - Pipeline à hyperparamètres fixes: type='svc', CSP: False, ANOVA FS: True
2025-07-08 16:18:44,995 - INFO - base.base_decoding - [_build_standard_classifier_pipeline:68] - DEBUG: add_csp_step type=bool, value=False, bool()=False
2025-07-08 16:18:44,995 - INFO - base.base_decoding - [_build_standard_classifier_pipeline:91] -    Étape ANOVA FS 'anova_feature_selection' ajoutée (percentile fixe=15).
2025-07-08 16:18:44,995 - INFO - base.base_decoding - [_build_standard_classifier_pipeline:123] - Structure finale du pipeline: ['scaler', 'anova_feature_selection', 'svc_classifier']
2025-07-08 16:18:44,995 - INFO - base.base_decoding - [_build_standard_classifier_pipeline:57] - Pipeline à hyperparamètres fixes: type='svc', CSP: False, ANOVA FS: False
2025-07-08 16:18:44,995 - INFO - base.base_decoding - [_build_standard_classifier_pipeline:68] - DEBUG: add_csp_step type=bool, value=False, bool()=False
2025-07-08 16:18:44,996 - INFO - base.base_decoding - [_build_standard_classifier_pipeline:123] - Structure finale du pipeline: ['scaler', 'svc_classifier']
2025-07-08 16:18:44,996 - INFO - Baking_EEG._4_decoding_core - [run_temporal_decoding_analysis:246] - CV strategy: StratifiedKFold with 10 splits.
2025-07-08 16:18:44,996 - INFO - Baking_EEG._4_decoding_core - [run_temporal_decoding_analysis:258] - Sample weights: Auto-calculated per fold (recommended for StratifiedKFold).
2025-07-08 16:18:45,015 - INFO - Baking_EEG._4_decoding_core - [run_temporal_decoding_analysis:294] - MNE Estimators: Using fold-specific balancing via class_weight='balanced' (if supported by classifier).
2025-07-08 16:18:45,015 - INFO - Baking_EEG._4_decoding_core - [run_temporal_decoding_analysis:310] - Starting 1D temporal decoding (SlidingEstimator)...
2025-07-08 16:19:43,933 - INFO - Baking_EEG._4_decoding_core - [run_temporal_decoding_analysis:338] - 1D temporal decoding done. Peak mean AUC: 0.666
2025-07-08 16:19:43,934 - INFO - Baking_EEG._4_decoding_core - [run_temporal_decoding_analysis:346] - Starting TGM computation (GeneralizingEstimator)...
2025-07-08 17:08:08,298 - INFO - Baking_EEG._4_decoding_core - [run_temporal_decoding_analysis:373] - TGM computation done. Peak mean TGM AUC: 0.703
2025-07-08 17:08:08,300 - INFO - Baking_EEG._4_decoding_core - [run_temporal_decoding_analysis:382] - Starting global decoding (n_jobs_folds=40)...
2025-07-08 17:10:27,473 - INFO - Baking_EEG._4_decoding_core - [run_temporal_decoding_analysis:439] - Global decoding done. Mean CV AUC: 0.592 +/- 0.080
2025-07-08 17:10:27,519 - INFO - Baking_EEG._4_decoding_core - [run_temporal_decoding_analysis:478] -   Overall global metrics (aggregated): {'roc_auc': '0.587', 'accuracy': '0.755', 'precision': '0.299', 'recall': '0.200', 'f1_score': '0.240', 'balanced_accuracy': '0.544'}
2025-07-08 17:10:27,519 - INFO - utils.stats_utils - [perform_pointwise_fdr_correction_on_scores:439] - Performing pointwise wilcoxon with FDR correction. Data shape for test (obs, features if any): (10, 801)
2025-07-08 17:10:27,519 - INFO - utils.stats_utils - [perform_pointwise_fdr_correction_on_scores:443] -   Parameters: chance=0.5, alpha=0.05, test_type='wilcoxon', FDR_method='indep', alternative='greater'
2025-07-08 17:10:28,389 - INFO - utils.stats_utils - [perform_pointwise_fdr_correction_on_scores:714] - FDR correction completed. 245 point(s) found significant (p_fdr < 0.05).
2025-07-08 17:10:28,389 - INFO - utils.stats_utils - [perform_cluster_permutation_test:195] - Executing cluster-based permutation test. Data shape (obs, features...): (10, 801)
2025-07-08 17:10:28,389 - INFO - utils.stats_utils - [perform_cluster_permutation_test:199] -   Parameters: n_permutations=1024, threshold_config={'start': 0.1, 'step': 0.1}, alternative='greater' (MNE tail=1), n_jobs=-1
2025-07-08 17:10:28,390 - INFO - utils.stats_utils - [perform_cluster_permutation_test:210] -   Using MNE's default stat_fun (ttest_1samp_no_p) for permutation test.
2025-07-08 17:10:28,390 - INFO - utils.stats_utils - [perform_cluster_permutation_test:242] -   Input data is 2D (features). MNE will use default temporal connectivity inference if applicable.
stat_fun(H1): min=-4.287342 max=8.622525
Running initial clustering …
Using 86 thresholds from 0.10 to 8.60 for TFCE computation (h_power=2.00, e_power=0.50)
Found 801 clusters
2025-07-08 17:10:30,663 - INFO - utils.stats_utils - [perform_cluster_permutation_test:314] - Cluster permutation test completed. 801 initial clusters found (after processing slices).
2025-07-08 17:10:30,664 - INFO - utils.stats_utils - [perform_cluster_permutation_test:338] -   Significant Cluster #500: p-value = 0.0410. Mask shape: (801,), Num True points: 1
2025-07-08 17:10:30,664 - INFO - utils.stats_utils - [perform_cluster_permutation_test:338] -   Significant Cluster #522: p-value = 0.0469. Mask shape: (801,), Num True points: 1
2025-07-08 17:10:30,664 - INFO - utils.stats_utils - [perform_cluster_permutation_test:338] -   Significant Cluster #523: p-value = 0.0156. Mask shape: (801,), Num True points: 1
2025-07-08 17:10:30,664 - INFO - utils.stats_utils - [perform_cluster_permutation_test:338] -   Significant Cluster #524: p-value = 0.0420. Mask shape: (801,), Num True points: 1
2025-07-08 17:10:30,664 - INFO - utils.stats_utils - [perform_cluster_permutation_test:338] -   Significant Cluster #631: p-value = 0.0410. Mask shape: (801,), Num True points: 1
2025-07-08 17:10:30,665 - INFO - utils.stats_utils - [perform_cluster_permutation_test:338] -   Significant Cluster #670: p-value = 0.0156. Mask shape: (801,), Num True points: 1
2025-07-08 17:10:30,665 - INFO - utils.stats_utils - [perform_cluster_permutation_test:338] -   Significant Cluster #671: p-value = 0.0088. Mask shape: (801,), Num True points: 1
2025-07-08 17:10:30,665 - INFO - utils.stats_utils - [perform_cluster_permutation_test:338] -   Significant Cluster #672: p-value = 0.0244. Mask shape: (801,), Num True points: 1
2025-07-08 17:10:30,665 - INFO - utils.stats_utils - [perform_cluster_permutation_test:338] -   Significant Cluster #673: p-value = 0.0078. Mask shape: (801,), Num True points: 1
2025-07-08 17:10:30,665 - INFO - utils.stats_utils - [perform_cluster_permutation_test:338] -   Significant Cluster #674: p-value = 0.0146. Mask shape: (801,), Num True points: 1
2025-07-08 17:10:30,665 - INFO - utils.stats_utils - [perform_cluster_permutation_test:338] -   Significant Cluster #675: p-value = 0.0303. Mask shape: (801,), Num True points: 1
2025-07-08 17:10:30,665 - INFO - utils.stats_utils - [perform_cluster_permutation_test:338] -   Significant Cluster #703: p-value = 0.0371. Mask shape: (801,), Num True points: 1
2025-07-08 17:10:30,665 - INFO - utils.stats_utils - [perform_cluster_permutation_test:338] -   Significant Cluster #705: p-value = 0.0469. Mask shape: (801,), Num True points: 1
2025-07-08 17:10:30,665 - INFO - utils.stats_utils - [perform_cluster_permutation_test:338] -   Significant Cluster #706: p-value = 0.0371. Mask shape: (801,), Num True points: 1
2025-07-08 17:10:30,665 - INFO - utils.stats_utils - [perform_cluster_permutation_test:338] -   Significant Cluster #707: p-value = 0.0312. Mask shape: (801,), Num True points: 1
2025-07-08 17:10:30,665 - INFO - utils.stats_utils - [perform_cluster_permutation_test:338] -   Significant Cluster #708: p-value = 0.0371. Mask shape: (801,), Num True points: 1
2025-07-08 17:10:30,666 - INFO - utils.stats_utils - [perform_cluster_permutation_test:338] -   Significant Cluster #709: p-value = 0.0410. Mask shape: (801,), Num True points: 1
2025-07-08 17:10:30,666 - INFO - utils.stats_utils - [perform_cluster_permutation_test:338] -   Significant Cluster #715: p-value = 0.0127. Mask shape: (801,), Num True points: 1
2025-07-08 17:10:30,666 - INFO - utils.stats_utils - [perform_cluster_permutation_test:338] -   Significant Cluster #716: p-value = 0.0244. Mask shape: (801,), Num True points: 1
2025-07-08 17:10:30,666 - INFO - utils.stats_utils - [perform_cluster_permutation_test:338] -   Significant Cluster #718: p-value = 0.0371. Mask shape: (801,), Num True points: 1
2025-07-08 17:10:30,666 - INFO - utils.stats_utils - [perform_cluster_permutation_test:338] -   Significant Cluster #720: p-value = 0.0195. Mask shape: (801,), Num True points: 1
2025-07-08 17:10:30,666 - INFO - utils.stats_utils - [perform_cluster_permutation_test:338] -   Significant Cluster #721: p-value = 0.0156. Mask shape: (801,), Num True points: 1
2025-07-08 17:10:30,666 - INFO - utils.stats_utils - [perform_cluster_permutation_test:338] -   Significant Cluster #722: p-value = 0.0176. Mask shape: (801,), Num True points: 1
2025-07-08 17:10:30,666 - INFO - utils.stats_utils - [perform_cluster_permutation_test:338] -   Significant Cluster #723: p-value = 0.0244. Mask shape: (801,), Num True points: 1
2025-07-08 17:10:30,666 - INFO - utils.stats_utils - [perform_cluster_permutation_test:338] -   Significant Cluster #724: p-value = 0.0176. Mask shape: (801,), Num True points: 1
2025-07-08 17:10:30,666 - INFO - utils.stats_utils - [perform_cluster_permutation_test:338] -   Significant Cluster #725: p-value = 0.0156. Mask shape: (801,), Num True points: 1
2025-07-08 17:10:30,667 - INFO - utils.stats_utils - [perform_cluster_permutation_test:338] -   Significant Cluster #768: p-value = 0.0410. Mask shape: (801,), Num True points: 1
2025-07-08 17:10:30,667 - INFO - utils.stats_utils - [perform_cluster_permutation_test:338] -   Significant Cluster #779: p-value = 0.0312. Mask shape: (801,), Num True points: 1
2025-07-08 17:10:30,667 - INFO - utils.stats_utils - [perform_cluster_permutation_test:338] -   Significant Cluster #780: p-value = 0.0371. Mask shape: (801,), Num True points: 1
2025-07-08 17:10:30,667 - INFO - utils.stats_utils - [perform_cluster_permutation_test:338] -   Significant Cluster #783: p-value = 0.0420. Mask shape: (801,), Num True points: 1
2025-07-08 17:10:30,667 - INFO - utils.stats_utils - [perform_cluster_permutation_test:338] -   Significant Cluster #800: p-value = 0.0420. Mask shape: (801,), Num True points: 1
2025-07-08 17:10:30,667 - INFO - utils.stats_utils - [perform_cluster_permutation_test:338] -   Significant Cluster #801: p-value = 0.0371. Mask shape: (801,), Num True points: 1
2025-07-08 17:10:30,677 - INFO - utils.stats_utils - [perform_pointwise_fdr_correction_on_scores:439] - Performing pointwise wilcoxon with FDR correction. Data shape for test (obs, features if any): (10, 641601)
2025-07-08 17:10:30,677 - INFO - utils.stats_utils - [perform_pointwise_fdr_correction_on_scores:443] -   Parameters: chance=0.5, alpha=0.05, test_type='wilcoxon', FDR_method='indep', alternative='greater'
2025-07-08 17:21:53,843 - INFO - utils.stats_utils - [perform_pointwise_fdr_correction_on_scores:714] - FDR correction completed. 14104 point(s) found significant (p_fdr < 0.05).
2025-07-08 17:21:53,846 - INFO - Baking_EEG._4_decoding_core - [run_temporal_decoding_analysis:544] - Intra-fold Cluster Permutation for TGM is SKIPPED.
2025-07-08 17:21:53,847 - INFO - examples.run_decoding_one_lg - [execute_single_subject_lg_decoding:598] -   Specific LG task 'Local Standard: Global Standard vs Global Deviant' for TpAC23: Peak AUC = 0.666
2025-07-08 17:21:54,032 - INFO - Baking_EEG._4_decoding_core - [run_temporal_decoding_analysis:68] - --- Temporal Ddcoding Analysis ---
2025-07-08 17:21:54,032 - INFO - Baking_EEG._4_decoding_core - [run_temporal_decoding_analysis:69] - Clf: svc, GS: False, CSP (temporal): False, ANOVA FS (temporal): True
2025-07-08 17:21:54,036 - INFO - base.base_decoding - [_build_standard_classifier_pipeline:57] - Pipeline à hyperparamètres fixes: type='svc', CSP: False, ANOVA FS: True
2025-07-08 17:21:54,037 - INFO - base.base_decoding - [_build_standard_classifier_pipeline:68] - DEBUG: add_csp_step type=bool, value=False, bool()=False
2025-07-08 17:21:54,037 - INFO - base.base_decoding - [_build_standard_classifier_pipeline:91] -    Étape ANOVA FS 'anova_feature_selection' ajoutée (percentile fixe=15).
2025-07-08 17:21:54,037 - INFO - base.base_decoding - [_build_standard_classifier_pipeline:123] - Structure finale du pipeline: ['scaler', 'anova_feature_selection', 'svc_classifier']
2025-07-08 17:21:54,037 - INFO - base.base_decoding - [_build_standard_classifier_pipeline:57] - Pipeline à hyperparamètres fixes: type='svc', CSP: False, ANOVA FS: False
2025-07-08 17:21:54,037 - INFO - base.base_decoding - [_build_standard_classifier_pipeline:68] - DEBUG: add_csp_step type=bool, value=False, bool()=False
2025-07-08 17:21:54,037 - INFO - base.base_decoding - [_build_standard_classifier_pipeline:123] - Structure finale du pipeline: ['scaler', 'svc_classifier']
2025-07-08 17:21:54,037 - INFO - Baking_EEG._4_decoding_core - [run_temporal_decoding_analysis:246] - CV strategy: StratifiedKFold with 10 splits.
2025-07-08 17:21:54,038 - INFO - Baking_EEG._4_decoding_core - [run_temporal_decoding_analysis:258] - Sample weights: Auto-calculated per fold (recommended for StratifiedKFold).
2025-07-08 17:21:54,059 - INFO - Baking_EEG._4_decoding_core - [run_temporal_decoding_analysis:294] - MNE Estimators: Using fold-specific balancing via class_weight='balanced' (if supported by classifier).
2025-07-08 17:21:54,059 - INFO - Baking_EEG._4_decoding_core - [run_temporal_decoding_analysis:310] - Starting 1D temporal decoding (SlidingEstimator)...
2025-07-08 17:22:50,967 - INFO - Baking_EEG._4_decoding_core - [run_temporal_decoding_analysis:338] - 1D temporal decoding done. Peak mean AUC: 0.650
2025-07-08 17:22:50,968 - INFO - Baking_EEG._4_decoding_core - [run_temporal_decoding_analysis:346] - Starting TGM computation (GeneralizingEstimator)...
2025-07-08 18:11:21,255 - INFO - Baking_EEG._4_decoding_core - [run_temporal_decoding_analysis:373] - TGM computation done. Peak mean TGM AUC: 0.660
2025-07-08 18:11:21,256 - INFO - Baking_EEG._4_decoding_core - [run_temporal_decoding_analysis:382] - Starting global decoding (n_jobs_folds=40)...
2025-07-08 18:13:35,142 - INFO - Baking_EEG._4_decoding_core - [run_temporal_decoding_analysis:439] - Global decoding done. Mean CV AUC: 0.611 +/- 0.086
2025-07-08 18:13:35,187 - INFO - Baking_EEG._4_decoding_core - [run_temporal_decoding_analysis:478] -   Overall global metrics (aggregated): {'roc_auc': '0.596', 'accuracy': '0.736', 'precision': '0.326', 'recall': '0.269', 'f1_score': '0.295', 'balanced_accuracy': '0.563'}
2025-07-08 18:13:35,188 - INFO - utils.stats_utils - [perform_pointwise_fdr_correction_on_scores:439] - Performing pointwise wilcoxon with FDR correction. Data shape for test (obs, features if any): (10, 801)
2025-07-08 18:13:35,188 - INFO - utils.stats_utils - [perform_pointwise_fdr_correction_on_scores:443] -   Parameters: chance=0.5, alpha=0.05, test_type='wilcoxon', FDR_method='indep', alternative='greater'
2025-07-08 18:13:36,052 - INFO - utils.stats_utils - [perform_pointwise_fdr_correction_on_scores:714] - FDR correction completed. 229 point(s) found significant (p_fdr < 0.05).
2025-07-08 18:13:36,053 - INFO - utils.stats_utils - [perform_cluster_permutation_test:195] - Executing cluster-based permutation test. Data shape (obs, features...): (10, 801)
2025-07-08 18:13:36,053 - INFO - utils.stats_utils - [perform_cluster_permutation_test:199] -   Parameters: n_permutations=1024, threshold_config={'start': 0.1, 'step': 0.1}, alternative='greater' (MNE tail=1), n_jobs=-1
2025-07-08 18:13:36,053 - INFO - utils.stats_utils - [perform_cluster_permutation_test:210] -   Using MNE's default stat_fun (ttest_1samp_no_p) for permutation test.
2025-07-08 18:13:36,053 - INFO - utils.stats_utils - [perform_cluster_permutation_test:242] -   Input data is 2D (features). MNE will use default temporal connectivity inference if applicable.
stat_fun(H1): min=-3.082539 max=7.309308
Running initial clustering …
Using 73 thresholds from 0.10 to 7.30 for TFCE computation (h_power=2.00, e_power=0.50)
Found 801 clusters
2025-07-08 18:13:38,432 - INFO - utils.stats_utils - [perform_cluster_permutation_test:314] - Cluster permutation test completed. 801 initial clusters found (after processing slices).
2025-07-08 18:13:38,434 - INFO - utils.stats_utils - [perform_cluster_permutation_test:338] -   Significant Cluster #677: p-value = 0.0371. Mask shape: (801,), Num True points: 1
2025-07-08 18:13:38,434 - INFO - utils.stats_utils - [perform_cluster_permutation_test:338] -   Significant Cluster #691: p-value = 0.0498. Mask shape: (801,), Num True points: 1
2025-07-08 18:13:38,434 - INFO - utils.stats_utils - [perform_cluster_permutation_test:338] -   Significant Cluster #755: p-value = 0.0273. Mask shape: (801,), Num True points: 1
2025-07-08 18:13:38,435 - INFO - utils.stats_utils - [perform_cluster_permutation_test:338] -   Significant Cluster #763: p-value = 0.0498. Mask shape: (801,), Num True points: 1
2025-07-08 18:13:38,435 - INFO - utils.stats_utils - [perform_cluster_permutation_test:338] -   Significant Cluster #764: p-value = 0.0176. Mask shape: (801,), Num True points: 1
2025-07-08 18:13:38,435 - INFO - utils.stats_utils - [perform_cluster_permutation_test:338] -   Significant Cluster #765: p-value = 0.0234. Mask shape: (801,), Num True points: 1
2025-07-08 18:13:38,449 - INFO - utils.stats_utils - [perform_pointwise_fdr_correction_on_scores:439] - Performing pointwise wilcoxon with FDR correction. Data shape for test (obs, features if any): (10, 641601)
2025-07-08 18:13:38,450 - INFO - utils.stats_utils - [perform_pointwise_fdr_correction_on_scores:443] -   Parameters: chance=0.5, alpha=0.05, test_type='wilcoxon', FDR_method='indep', alternative='greater'
2025-07-08 18:24:55,901 - INFO - utils.stats_utils - [perform_pointwise_fdr_correction_on_scores:714] - FDR correction completed. 0 point(s) found significant (p_fdr < 0.05).
2025-07-08 18:24:55,903 - INFO - Baking_EEG._4_decoding_core - [run_temporal_decoding_analysis:544] - Intra-fold Cluster Permutation for TGM is SKIPPED.
2025-07-08 18:24:55,905 - INFO - examples.run_decoding_one_lg - [execute_single_subject_lg_decoding:598] -   Specific LG task 'Local Deviant: Global Standard vs Global Deviant' for TpAC23: Peak AUC = 0.650
2025-07-08 18:24:56,205 - INFO - Baking_EEG._4_decoding_core - [run_temporal_decoding_analysis:68] - --- Temporal Ddcoding Analysis ---
2025-07-08 18:24:56,205 - INFO - Baking_EEG._4_decoding_core - [run_temporal_decoding_analysis:69] - Clf: svc, GS: False, CSP (temporal): False, ANOVA FS (temporal): True
2025-07-08 18:24:56,209 - INFO - base.base_decoding - [_build_standard_classifier_pipeline:57] - Pipeline à hyperparamètres fixes: type='svc', CSP: False, ANOVA FS: True
2025-07-08 18:24:56,209 - INFO - base.base_decoding - [_build_standard_classifier_pipeline:68] - DEBUG: add_csp_step type=bool, value=False, bool()=False
2025-07-08 18:24:56,209 - INFO - base.base_decoding - [_build_standard_classifier_pipeline:91] -    Étape ANOVA FS 'anova_feature_selection' ajoutée (percentile fixe=15).
2025-07-08 18:24:56,209 - INFO - base.base_decoding - [_build_standard_classifier_pipeline:123] - Structure finale du pipeline: ['scaler', 'anova_feature_selection', 'svc_classifier']
2025-07-08 18:24:56,210 - INFO - base.base_decoding - [_build_standard_classifier_pipeline:57] - Pipeline à hyperparamètres fixes: type='svc', CSP: False, ANOVA FS: False
2025-07-08 18:24:56,210 - INFO - base.base_decoding - [_build_standard_classifier_pipeline:68] - DEBUG: add_csp_step type=bool, value=False, bool()=False
2025-07-08 18:24:56,210 - INFO - base.base_decoding - [_build_standard_classifier_pipeline:123] - Structure finale du pipeline: ['scaler', 'svc_classifier']
2025-07-08 18:24:56,211 - INFO - Baking_EEG._4_decoding_core - [run_temporal_decoding_analysis:246] - CV strategy: StratifiedKFold with 10 splits.
2025-07-08 18:24:56,211 - INFO - Baking_EEG._4_decoding_core - [run_temporal_decoding_analysis:258] - Sample weights: Auto-calculated per fold (recommended for StratifiedKFold).
2025-07-08 18:24:56,228 - INFO - Baking_EEG._4_decoding_core - [run_temporal_decoding_analysis:294] - MNE Estimators: Using fold-specific balancing via class_weight='balanced' (if supported by classifier).
2025-07-08 18:24:56,228 - INFO - Baking_EEG._4_decoding_core - [run_temporal_decoding_analysis:310] - Starting 1D temporal decoding (SlidingEstimator)...
2025-07-08 18:26:48,619 - INFO - Baking_EEG._4_decoding_core - [run_temporal_decoding_analysis:338] - 1D temporal decoding done. Peak mean AUC: 0.694
2025-07-08 18:26:48,620 - INFO - Baking_EEG._4_decoding_core - [run_temporal_decoding_analysis:346] - Starting TGM computation (GeneralizingEstimator)...
