submitit INFO (2025-07-03 13:20:52,099) - Starting with JobEnvironment(job_id=357398_4, hostname=node8, local_rank=0(1), node=0(1), global_rank=0(1))
submitit INFO (2025-07-03 13:20:52,099) - Loading pickle: /home/tom.balay/Baking_EEG/submitit/logs_submitit_master/slurm_jobs_ALL_8_GROUPS_INTRA_20250703_132048/357398_4_submitted.pkl
DEBUG Worker - project_root: /home/tom.balay/Baking_EEG
DEBUG Worker - parent_dir: /home/tom.balay
DEBUG Worker - sys.path: ['/home/tom.balay', '/home/tom.balay/Baking_EEG', '/home/tom.balay/Baking_EEG/submitit']...
2025-07-03 13:21:02,455 - INFO - examples.run_decoding_one_group_pp - [<module>:39] - Tentative d'import de execute_single_subject_decoding...
2025-07-03 13:21:02,455 - INFO - examples.run_decoding_one_group_pp - [<module>:42] - ✅ Import de execute_single_subject_decoding réussi
2025-07-03 13:21:02,460 - INFO - examples.run_decoding_one_group_pp - [execute_group_intra_subject_decoding_analysis:120] - Starting intra-subject decoding loop for GROUP: MCS-. GS: False, CSP: False, ANOVA FS: True. n_jobs_subj: 40.
2025-07-03 13:21:02,461 - INFO - examples.run_decoding_one_group_pp - [execute_group_intra_subject_decoding_analysis:130] - 
--- Group 'MCS-': Processing Subject 1/6: BT25 ---
2025-07-03 13:21:02,461 - INFO - examples.run_decoding_one_pp - [execute_single_subject_decoding:258] - Starting decoding for subject: BT25 (Group: MCS-, Task Set ID: Group_Intra_MCS-_Subj_BT25, Classifier: svc, GS: False, CSP (temp): False, ANOVA FS (temp): True, n_jobs: 40)
2025-07-03 13:21:02,463 - ERROR - utils.loading_PP_utils - [load_epochs_data_for_decoding_delirium:256] - Data directory for subject 'BT25' (group: 'MCS-') not found. Attempted path: 'None'. Base input: '/mnt/data/tom.balay/data1/Baking_EEG_data/'.
2025-07-03 13:21:02,463 - INFO - utils.loading_PP_utils - [load_epochs_data_auto_protocol:873] - Auto-detected protocol 'unknown' for subject 'BT25' (file hint: None)
2025-07-03 13:21:02,464 - ERROR - utils.loading_PP_utils - [load_epochs_data_for_decoding_delirium:256] - Data directory for subject 'BT25' (group: 'MCS-') not found. Attempted path: 'None'. Base input: '/mnt/data/tom.balay/data1/Baking_EEG_data/'.
2025-07-03 13:21:02,464 - INFO - examples.run_decoding_one_pp - [execute_single_subject_decoding:274] - Detected protocol 'unknown' for subject BT25
2025-07-03 13:21:02,464 - ERROR - utils.loading_PP_utils - [load_epochs_data_for_decoding_delirium:256] - Data directory for subject 'BT25' (group: 'MCS-') not found. Attempted path: 'None'. Base input: '/mnt/data/tom.balay/data1/Baking_EEG_data/'.
2025-07-03 13:21:02,465 - INFO - utils.loading_PP_utils - [load_epochs_data_auto_protocol:873] - Auto-detected protocol 'unknown' for subject 'BT25' (file hint: None)
2025-07-03 13:21:02,465 - ERROR - utils.loading_PP_utils - [load_epochs_data_for_decoding_delirium:256] - Data directory for subject 'BT25' (group: 'MCS-') not found. Attempted path: 'None'. Base input: '/mnt/data/tom.balay/data1/Baking_EEG_data/'.
2025-07-03 13:21:02,465 - INFO - examples.run_decoding_one_pp - [execute_single_subject_decoding:291] - Using protocol-specific loading configuration for unknown: ['XPP_ALL', 'XAP_ALL', 'PP_FOR_SPECIFIC_COMPARISON', 'AP_FAMILY_1', 'AP_FAMILY_2', 'AP_FAMILY_3', 'AP_FAMILY_4', 'AP_FAMILY_5', 'AP_FAMILY_6']
2025-07-03 13:21:02,465 - INFO - examples.run_decoding_one_pp - [execute_single_subject_decoding:296] - Using loading conditions: ['XPP_ALL', 'XAP_ALL', 'PP_FOR_SPECIFIC_COMPARISON', 'AP_FAMILY_1', 'AP_FAMILY_2', 'AP_FAMILY_3', 'AP_FAMILY_4', 'AP_FAMILY_5', 'AP_FAMILY_6']
2025-07-03 13:21:02,466 - ERROR - examples.run_decoding_one_pp - [execute_single_subject_decoding:300] - Epochs object loading failed for BT25. Aborting subject.
2025-07-03 13:21:02,466 - WARNING - examples.run_decoding_one_group_pp - [execute_group_intra_subject_decoding_analysis:164] - Subject BT25 completed with errors or no valid AUC
2025-07-03 13:21:02,467 - INFO - examples.run_decoding_one_group_pp - [execute_group_intra_subject_decoding_analysis:130] - 
--- Group 'MCS-': Processing Subject 2/6: CB34 ---
2025-07-03 13:21:02,467 - INFO - examples.run_decoding_one_pp - [execute_single_subject_decoding:258] - Starting decoding for subject: CB34 (Group: MCS-, Task Set ID: Group_Intra_MCS-_Subj_CB34, Classifier: svc, GS: False, CSP (temp): False, ANOVA FS (temp): True, n_jobs: 40)
2025-07-03 13:21:02,467 - ERROR - utils.loading_PP_utils - [load_epochs_data_for_decoding_delirium:256] - Data directory for subject 'CB34' (group: 'MCS-') not found. Attempted path: 'None'. Base input: '/mnt/data/tom.balay/data1/Baking_EEG_data/'.
2025-07-03 13:21:02,468 - INFO - utils.loading_PP_utils - [load_epochs_data_auto_protocol:873] - Auto-detected protocol 'unknown' for subject 'CB34' (file hint: None)
2025-07-03 13:21:02,468 - ERROR - utils.loading_PP_utils - [load_epochs_data_for_decoding_delirium:256] - Data directory for subject 'CB34' (group: 'MCS-') not found. Attempted path: 'None'. Base input: '/mnt/data/tom.balay/data1/Baking_EEG_data/'.
2025-07-03 13:21:02,468 - INFO - examples.run_decoding_one_pp - [execute_single_subject_decoding:274] - Detected protocol 'unknown' for subject CB34
2025-07-03 13:21:02,468 - ERROR - utils.loading_PP_utils - [load_epochs_data_for_decoding_delirium:256] - Data directory for subject 'CB34' (group: 'MCS-') not found. Attempted path: 'None'. Base input: '/mnt/data/tom.balay/data1/Baking_EEG_data/'.
2025-07-03 13:21:02,469 - INFO - utils.loading_PP_utils - [load_epochs_data_auto_protocol:873] - Auto-detected protocol 'unknown' for subject 'CB34' (file hint: None)
2025-07-03 13:21:02,469 - ERROR - utils.loading_PP_utils - [load_epochs_data_for_decoding_delirium:256] - Data directory for subject 'CB34' (group: 'MCS-') not found. Attempted path: 'None'. Base input: '/mnt/data/tom.balay/data1/Baking_EEG_data/'.
2025-07-03 13:21:02,469 - INFO - examples.run_decoding_one_pp - [execute_single_subject_decoding:291] - Using protocol-specific loading configuration for unknown: ['XPP_ALL', 'XAP_ALL', 'PP_FOR_SPECIFIC_COMPARISON', 'AP_FAMILY_1', 'AP_FAMILY_2', 'AP_FAMILY_3', 'AP_FAMILY_4', 'AP_FAMILY_5', 'AP_FAMILY_6']
2025-07-03 13:21:02,470 - INFO - examples.run_decoding_one_pp - [execute_single_subject_decoding:296] - Using loading conditions: ['XPP_ALL', 'XAP_ALL', 'PP_FOR_SPECIFIC_COMPARISON', 'AP_FAMILY_1', 'AP_FAMILY_2', 'AP_FAMILY_3', 'AP_FAMILY_4', 'AP_FAMILY_5', 'AP_FAMILY_6']
2025-07-03 13:21:02,470 - ERROR - examples.run_decoding_one_pp - [execute_single_subject_decoding:300] - Epochs object loading failed for CB34. Aborting subject.
2025-07-03 13:21:02,470 - WARNING - examples.run_decoding_one_group_pp - [execute_group_intra_subject_decoding_analysis:164] - Subject CB34 completed with errors or no valid AUC
2025-07-03 13:21:02,470 - INFO - examples.run_decoding_one_group_pp - [execute_group_intra_subject_decoding_analysis:130] - 
--- Group 'MCS-': Processing Subject 3/6: CG29 ---
2025-07-03 13:21:02,470 - INFO - examples.run_decoding_one_pp - [execute_single_subject_decoding:258] - Starting decoding for subject: CG29 (Group: MCS-, Task Set ID: Group_Intra_MCS-_Subj_CG29, Classifier: svc, GS: False, CSP (temp): False, ANOVA FS (temp): True, n_jobs: 40)
2025-07-03 13:21:02,471 - ERROR - utils.loading_PP_utils - [load_epochs_data_for_decoding_delirium:256] - Data directory for subject 'CG29' (group: 'MCS-') not found. Attempted path: 'None'. Base input: '/mnt/data/tom.balay/data1/Baking_EEG_data/'.
2025-07-03 13:21:02,471 - INFO - utils.loading_PP_utils - [load_epochs_data_auto_protocol:873] - Auto-detected protocol 'unknown' for subject 'CG29' (file hint: None)
2025-07-03 13:21:02,471 - ERROR - utils.loading_PP_utils - [load_epochs_data_for_decoding_delirium:256] - Data directory for subject 'CG29' (group: 'MCS-') not found. Attempted path: 'None'. Base input: '/mnt/data/tom.balay/data1/Baking_EEG_data/'.
2025-07-03 13:21:02,472 - INFO - examples.run_decoding_one_pp - [execute_single_subject_decoding:274] - Detected protocol 'unknown' for subject CG29
2025-07-03 13:21:02,472 - ERROR - utils.loading_PP_utils - [load_epochs_data_for_decoding_delirium:256] - Data directory for subject 'CG29' (group: 'MCS-') not found. Attempted path: 'None'. Base input: '/mnt/data/tom.balay/data1/Baking_EEG_data/'.
2025-07-03 13:21:02,472 - INFO - utils.loading_PP_utils - [load_epochs_data_auto_protocol:873] - Auto-detected protocol 'unknown' for subject 'CG29' (file hint: None)
2025-07-03 13:21:02,473 - ERROR - utils.loading_PP_utils - [load_epochs_data_for_decoding_delirium:256] - Data directory for subject 'CG29' (group: 'MCS-') not found. Attempted path: 'None'. Base input: '/mnt/data/tom.balay/data1/Baking_EEG_data/'.
2025-07-03 13:21:02,473 - INFO - examples.run_decoding_one_pp - [execute_single_subject_decoding:291] - Using protocol-specific loading configuration for unknown: ['XPP_ALL', 'XAP_ALL', 'PP_FOR_SPECIFIC_COMPARISON', 'AP_FAMILY_1', 'AP_FAMILY_2', 'AP_FAMILY_3', 'AP_FAMILY_4', 'AP_FAMILY_5', 'AP_FAMILY_6']
2025-07-03 13:21:02,473 - INFO - examples.run_decoding_one_pp - [execute_single_subject_decoding:296] - Using loading conditions: ['XPP_ALL', 'XAP_ALL', 'PP_FOR_SPECIFIC_COMPARISON', 'AP_FAMILY_1', 'AP_FAMILY_2', 'AP_FAMILY_3', 'AP_FAMILY_4', 'AP_FAMILY_5', 'AP_FAMILY_6']
2025-07-03 13:21:02,473 - ERROR - examples.run_decoding_one_pp - [execute_single_subject_decoding:300] - Epochs object loading failed for CG29. Aborting subject.
2025-07-03 13:21:02,473 - WARNING - examples.run_decoding_one_group_pp - [execute_group_intra_subject_decoding_analysis:164] - Subject CG29 completed with errors or no valid AUC
2025-07-03 13:21:02,474 - INFO - examples.run_decoding_one_group_pp - [execute_group_intra_subject_decoding_analysis:130] - 
--- Group 'MCS-': Processing Subject 4/6: CR26 ---
2025-07-03 13:21:02,474 - INFO - examples.run_decoding_one_pp - [execute_single_subject_decoding:258] - Starting decoding for subject: CR26 (Group: MCS-, Task Set ID: Group_Intra_MCS-_Subj_CR26, Classifier: svc, GS: False, CSP (temp): False, ANOVA FS (temp): True, n_jobs: 40)
2025-07-03 13:21:02,474 - ERROR - utils.loading_PP_utils - [load_epochs_data_for_decoding_delirium:256] - Data directory for subject 'CR26' (group: 'MCS-') not found. Attempted path: 'None'. Base input: '/mnt/data/tom.balay/data1/Baking_EEG_data/'.
2025-07-03 13:21:02,474 - INFO - utils.loading_PP_utils - [load_epochs_data_auto_protocol:873] - Auto-detected protocol 'unknown' for subject 'CR26' (file hint: None)
2025-07-03 13:21:02,475 - ERROR - utils.loading_PP_utils - [load_epochs_data_for_decoding_delirium:256] - Data directory for subject 'CR26' (group: 'MCS-') not found. Attempted path: 'None'. Base input: '/mnt/data/tom.balay/data1/Baking_EEG_data/'.
2025-07-03 13:21:02,475 - INFO - examples.run_decoding_one_pp - [execute_single_subject_decoding:274] - Detected protocol 'unknown' for subject CR26
2025-07-03 13:21:02,475 - ERROR - utils.loading_PP_utils - [load_epochs_data_for_decoding_delirium:256] - Data directory for subject 'CR26' (group: 'MCS-') not found. Attempted path: 'None'. Base input: '/mnt/data/tom.balay/data1/Baking_EEG_data/'.
2025-07-03 13:21:02,476 - INFO - utils.loading_PP_utils - [load_epochs_data_auto_protocol:873] - Auto-detected protocol 'unknown' for subject 'CR26' (file hint: None)
2025-07-03 13:21:02,476 - ERROR - utils.loading_PP_utils - [load_epochs_data_for_decoding_delirium:256] - Data directory for subject 'CR26' (group: 'MCS-') not found. Attempted path: 'None'. Base input: '/mnt/data/tom.balay/data1/Baking_EEG_data/'.
2025-07-03 13:21:02,476 - INFO - examples.run_decoding_one_pp - [execute_single_subject_decoding:291] - Using protocol-specific loading configuration for unknown: ['XPP_ALL', 'XAP_ALL', 'PP_FOR_SPECIFIC_COMPARISON', 'AP_FAMILY_1', 'AP_FAMILY_2', 'AP_FAMILY_3', 'AP_FAMILY_4', 'AP_FAMILY_5', 'AP_FAMILY_6']
2025-07-03 13:21:02,476 - INFO - examples.run_decoding_one_pp - [execute_single_subject_decoding:296] - Using loading conditions: ['XPP_ALL', 'XAP_ALL', 'PP_FOR_SPECIFIC_COMPARISON', 'AP_FAMILY_1', 'AP_FAMILY_2', 'AP_FAMILY_3', 'AP_FAMILY_4', 'AP_FAMILY_5', 'AP_FAMILY_6']
2025-07-03 13:21:02,477 - ERROR - examples.run_decoding_one_pp - [execute_single_subject_decoding:300] - Epochs object loading failed for CR26. Aborting subject.
2025-07-03 13:21:02,477 - WARNING - examples.run_decoding_one_group_pp - [execute_group_intra_subject_decoding_analysis:164] - Subject CR26 completed with errors or no valid AUC
2025-07-03 13:21:02,477 - INFO - examples.run_decoding_one_group_pp - [execute_group_intra_subject_decoding_analysis:130] - 
--- Group 'MCS-': Processing Subject 5/6: MC40 ---
2025-07-03 13:21:02,477 - INFO - examples.run_decoding_one_pp - [execute_single_subject_decoding:258] - Starting decoding for subject: MC40 (Group: MCS-, Task Set ID: Group_Intra_MCS-_Subj_MC40, Classifier: svc, GS: False, CSP (temp): False, ANOVA FS (temp): True, n_jobs: 40)
2025-07-03 13:21:02,478 - ERROR - utils.loading_PP_utils - [load_epochs_data_for_decoding_delirium:256] - Data directory for subject 'MC40' (group: 'MCS-') not found. Attempted path: 'None'. Base input: '/mnt/data/tom.balay/data1/Baking_EEG_data/'.
2025-07-03 13:21:02,478 - INFO - utils.loading_PP_utils - [load_epochs_data_auto_protocol:873] - Auto-detected protocol 'unknown' for subject 'MC40' (file hint: None)
2025-07-03 13:21:02,478 - ERROR - utils.loading_PP_utils - [load_epochs_data_for_decoding_delirium:256] - Data directory for subject 'MC40' (group: 'MCS-') not found. Attempted path: 'None'. Base input: '/mnt/data/tom.balay/data1/Baking_EEG_data/'.
2025-07-03 13:21:02,478 - INFO - examples.run_decoding_one_pp - [execute_single_subject_decoding:274] - Detected protocol 'unknown' for subject MC40
2025-07-03 13:21:02,479 - ERROR - utils.loading_PP_utils - [load_epochs_data_for_decoding_delirium:256] - Data directory for subject 'MC40' (group: 'MCS-') not found. Attempted path: 'None'. Base input: '/mnt/data/tom.balay/data1/Baking_EEG_data/'.
2025-07-03 13:21:02,479 - INFO - utils.loading_PP_utils - [load_epochs_data_auto_protocol:873] - Auto-detected protocol 'unknown' for subject 'MC40' (file hint: None)
2025-07-03 13:21:02,479 - ERROR - utils.loading_PP_utils - [load_epochs_data_for_decoding_delirium:256] - Data directory for subject 'MC40' (group: 'MCS-') not found. Attempted path: 'None'. Base input: '/mnt/data/tom.balay/data1/Baking_EEG_data/'.
2025-07-03 13:21:02,480 - INFO - examples.run_decoding_one_pp - [execute_single_subject_decoding:291] - Using protocol-specific loading configuration for unknown: ['XPP_ALL', 'XAP_ALL', 'PP_FOR_SPECIFIC_COMPARISON', 'AP_FAMILY_1', 'AP_FAMILY_2', 'AP_FAMILY_3', 'AP_FAMILY_4', 'AP_FAMILY_5', 'AP_FAMILY_6']
2025-07-03 13:21:02,480 - INFO - examples.run_decoding_one_pp - [execute_single_subject_decoding:296] - Using loading conditions: ['XPP_ALL', 'XAP_ALL', 'PP_FOR_SPECIFIC_COMPARISON', 'AP_FAMILY_1', 'AP_FAMILY_2', 'AP_FAMILY_3', 'AP_FAMILY_4', 'AP_FAMILY_5', 'AP_FAMILY_6']
2025-07-03 13:21:02,480 - ERROR - examples.run_decoding_one_pp - [execute_single_subject_decoding:300] - Epochs object loading failed for MC40. Aborting subject.
2025-07-03 13:21:02,480 - WARNING - examples.run_decoding_one_group_pp - [execute_group_intra_subject_decoding_analysis:164] - Subject MC40 completed with errors or no valid AUC
2025-07-03 13:21:02,480 - INFO - examples.run_decoding_one_group_pp - [execute_group_intra_subject_decoding_analysis:130] - 
--- Group 'MCS-': Processing Subject 6/6: ML33 ---
2025-07-03 13:21:02,481 - INFO - examples.run_decoding_one_pp - [execute_single_subject_decoding:258] - Starting decoding for subject: ML33 (Group: MCS-, Task Set ID: Group_Intra_MCS-_Subj_ML33, Classifier: svc, GS: False, CSP (temp): False, ANOVA FS (temp): True, n_jobs: 40)
2025-07-03 13:21:02,481 - ERROR - utils.loading_PP_utils - [load_epochs_data_for_decoding_delirium:256] - Data directory for subject 'ML33' (group: 'MCS-') not found. Attempted path: 'None'. Base input: '/mnt/data/tom.balay/data1/Baking_EEG_data/'.
2025-07-03 13:21:02,481 - INFO - utils.loading_PP_utils - [load_epochs_data_auto_protocol:873] - Auto-detected protocol 'unknown' for subject 'ML33' (file hint: None)
2025-07-03 13:21:02,482 - ERROR - utils.loading_PP_utils - [load_epochs_data_for_decoding_delirium:256] - Data directory for subject 'ML33' (group: 'MCS-') not found. Attempted path: 'None'. Base input: '/mnt/data/tom.balay/data1/Baking_EEG_data/'.
2025-07-03 13:21:02,482 - INFO - examples.run_decoding_one_pp - [execute_single_subject_decoding:274] - Detected protocol 'unknown' for subject ML33
2025-07-03 13:21:02,482 - ERROR - utils.loading_PP_utils - [load_epochs_data_for_decoding_delirium:256] - Data directory for subject 'ML33' (group: 'MCS-') not found. Attempted path: 'None'. Base input: '/mnt/data/tom.balay/data1/Baking_EEG_data/'.
2025-07-03 13:21:02,482 - INFO - utils.loading_PP_utils - [load_epochs_data_auto_protocol:873] - Auto-detected protocol 'unknown' for subject 'ML33' (file hint: None)
2025-07-03 13:21:02,483 - ERROR - utils.loading_PP_utils - [load_epochs_data_for_decoding_delirium:256] - Data directory for subject 'ML33' (group: 'MCS-') not found. Attempted path: 'None'. Base input: '/mnt/data/tom.balay/data1/Baking_EEG_data/'.
2025-07-03 13:21:02,483 - INFO - examples.run_decoding_one_pp - [execute_single_subject_decoding:291] - Using protocol-specific loading configuration for unknown: ['XPP_ALL', 'XAP_ALL', 'PP_FOR_SPECIFIC_COMPARISON', 'AP_FAMILY_1', 'AP_FAMILY_2', 'AP_FAMILY_3', 'AP_FAMILY_4', 'AP_FAMILY_5', 'AP_FAMILY_6']
2025-07-03 13:21:02,483 - INFO - examples.run_decoding_one_pp - [execute_single_subject_decoding:296] - Using loading conditions: ['XPP_ALL', 'XAP_ALL', 'PP_FOR_SPECIFIC_COMPARISON', 'AP_FAMILY_1', 'AP_FAMILY_2', 'AP_FAMILY_3', 'AP_FAMILY_4', 'AP_FAMILY_5', 'AP_FAMILY_6']
2025-07-03 13:21:02,483 - ERROR - examples.run_decoding_one_pp - [execute_single_subject_decoding:300] - Epochs object loading failed for ML33. Aborting subject.
2025-07-03 13:21:02,484 - WARNING - examples.run_decoding_one_group_pp - [execute_group_intra_subject_decoding_analysis:164] - Subject ML33 completed with errors or no valid AUC
2025-07-03 13:21:02,484 - INFO - examples.run_decoding_one_group_pp - [execute_group_intra_subject_decoding_analysis:168] - Successfully processed 0/6 subjects for group 'MCS-'
2025-07-03 13:21:02,484 - INFO - examples.run_decoding_one_group_pp - [execute_group_intra_subject_decoding_analysis:171] - Finished subject loop. Total analysis time: 0.0 min
submitit INFO (2025-07-03 13:21:02,484) - Job completed successfully
2025-07-03 13:21:02,484 - INFO - submitit - [process_job:56] - Job completed successfully
submitit INFO (2025-07-03 13:21:02,486) - Exiting after successful completion
2025-07-03 13:21:02,486 - INFO - submitit - [process_job:61] - Exiting after successful completion
