submitit INFO (2025-07-03 13:20:50,693) - Starting with JobEnvironment(job_id=357398_7, hostname=node11, local_rank=0(1), node=0(1), global_rank=0(1))
submitit INFO (2025-07-03 13:20:50,694) - Loading pickle: /home/tom.balay/Baking_EEG/submitit/logs_submitit_master/slurm_jobs_ALL_8_GROUPS_INTRA_20250703_132048/357398_7_submitted.pkl
DEBUG Worker - project_root: /home/tom.balay/Baking_EEG
DEBUG Worker - parent_dir: /home/tom.balay
DEBUG Worker - sys.path: ['/home/tom.balay', '/home/tom.balay/Baking_EEG', '/home/tom.balay/Baking_EEG/submitit']...
2025-07-03 13:20:56,656 - INFO - examples.run_decoding_one_group_pp - [<module>:39] - Tentative d'import de execute_single_subject_decoding...
2025-07-03 13:20:56,656 - INFO - examples.run_decoding_one_group_pp - [<module>:42] - ✅ Import de execute_single_subject_decoding réussi
2025-07-03 13:20:56,659 - INFO - examples.run_decoding_one_group_pp - [execute_group_intra_subject_decoding_analysis:120] - Starting intra-subject decoding loop for GROUP: DELIRIUM-. GS: False, CSP: False, ANOVA FS: True. n_jobs_subj: 40.
2025-07-03 13:20:56,660 - INFO - examples.run_decoding_one_group_pp - [execute_group_intra_subject_decoding_analysis:130] - 
--- Group 'DELIRIUM-': Processing Subject 1/24: TpAC23 ---
2025-07-03 13:20:56,660 - INFO - examples.run_decoding_one_pp - [execute_single_subject_decoding:258] - Starting decoding for subject: TpAC23 (Group: DELIRIUM-, Task Set ID: Group_Intra_DELIRIUM-_Subj_TpAC23, Classifier: svc, GS: False, CSP (temp): False, ANOVA FS (temp): True, n_jobs: 40)
2025-07-03 13:20:56,661 - ERROR - utils.loading_PP_utils - [load_epochs_data_for_decoding_delirium:256] - Data directory for subject 'TpAC23' (group: 'DELIRIUM-') not found. Attempted path: 'None'. Base input: '/mnt/data/tom.balay/data1/Baking_EEG_data/'.
2025-07-03 13:20:56,661 - INFO - utils.loading_PP_utils - [load_epochs_data_auto_protocol:873] - Auto-detected protocol 'unknown' for subject 'TpAC23' (file hint: None)
2025-07-03 13:20:56,661 - ERROR - utils.loading_PP_utils - [load_epochs_data_for_decoding_delirium:256] - Data directory for subject 'TpAC23' (group: 'DELIRIUM-') not found. Attempted path: 'None'. Base input: '/mnt/data/tom.balay/data1/Baking_EEG_data/'.
2025-07-03 13:20:56,661 - INFO - examples.run_decoding_one_pp - [execute_single_subject_decoding:274] - Detected protocol 'unknown' for subject TpAC23
2025-07-03 13:20:56,661 - ERROR - utils.loading_PP_utils - [load_epochs_data_for_decoding_delirium:256] - Data directory for subject 'TpAC23' (group: 'DELIRIUM-') not found. Attempted path: 'None'. Base input: '/mnt/data/tom.balay/data1/Baking_EEG_data/'.
2025-07-03 13:20:56,661 - INFO - utils.loading_PP_utils - [load_epochs_data_auto_protocol:873] - Auto-detected protocol 'unknown' for subject 'TpAC23' (file hint: None)
2025-07-03 13:20:56,661 - ERROR - utils.loading_PP_utils - [load_epochs_data_for_decoding_delirium:256] - Data directory for subject 'TpAC23' (group: 'DELIRIUM-') not found. Attempted path: 'None'. Base input: '/mnt/data/tom.balay/data1/Baking_EEG_data/'.
2025-07-03 13:20:56,661 - INFO - examples.run_decoding_one_pp - [execute_single_subject_decoding:291] - Using protocol-specific loading configuration for unknown: ['XPP_ALL', 'XAP_ALL', 'PP_FOR_SPECIFIC_COMPARISON', 'AP_FAMILY_1', 'AP_FAMILY_2', 'AP_FAMILY_3', 'AP_FAMILY_4', 'AP_FAMILY_5', 'AP_FAMILY_6']
2025-07-03 13:20:56,661 - INFO - examples.run_decoding_one_pp - [execute_single_subject_decoding:296] - Using loading conditions: ['XPP_ALL', 'XAP_ALL', 'PP_FOR_SPECIFIC_COMPARISON', 'AP_FAMILY_1', 'AP_FAMILY_2', 'AP_FAMILY_3', 'AP_FAMILY_4', 'AP_FAMILY_5', 'AP_FAMILY_6']
2025-07-03 13:20:56,662 - ERROR - examples.run_decoding_one_pp - [execute_single_subject_decoding:300] - Epochs object loading failed for TpAC23. Aborting subject.
2025-07-03 13:20:56,662 - WARNING - examples.run_decoding_one_group_pp - [execute_group_intra_subject_decoding_analysis:164] - Subject TpAC23 completed with errors or no valid AUC
2025-07-03 13:20:56,662 - INFO - examples.run_decoding_one_group_pp - [execute_group_intra_subject_decoding_analysis:130] - 
--- Group 'DELIRIUM-': Processing Subject 2/24: TpAG51 ---
2025-07-03 13:20:56,662 - INFO - examples.run_decoding_one_pp - [execute_single_subject_decoding:258] - Starting decoding for subject: TpAG51 (Group: DELIRIUM-, Task Set ID: Group_Intra_DELIRIUM-_Subj_TpAG51, Classifier: svc, GS: False, CSP (temp): False, ANOVA FS (temp): True, n_jobs: 40)
2025-07-03 13:20:56,662 - ERROR - utils.loading_PP_utils - [load_epochs_data_for_decoding_delirium:256] - Data directory for subject 'TpAG51' (group: 'DELIRIUM-') not found. Attempted path: 'None'. Base input: '/mnt/data/tom.balay/data1/Baking_EEG_data/'.
2025-07-03 13:20:56,662 - INFO - utils.loading_PP_utils - [load_epochs_data_auto_protocol:873] - Auto-detected protocol 'unknown' for subject 'TpAG51' (file hint: None)
2025-07-03 13:20:56,662 - ERROR - utils.loading_PP_utils - [load_epochs_data_for_decoding_delirium:256] - Data directory for subject 'TpAG51' (group: 'DELIRIUM-') not found. Attempted path: 'None'. Base input: '/mnt/data/tom.balay/data1/Baking_EEG_data/'.
2025-07-03 13:20:56,662 - INFO - examples.run_decoding_one_pp - [execute_single_subject_decoding:274] - Detected protocol 'unknown' for subject TpAG51
2025-07-03 13:20:56,662 - ERROR - utils.loading_PP_utils - [load_epochs_data_for_decoding_delirium:256] - Data directory for subject 'TpAG51' (group: 'DELIRIUM-') not found. Attempted path: 'None'. Base input: '/mnt/data/tom.balay/data1/Baking_EEG_data/'.
2025-07-03 13:20:56,663 - INFO - utils.loading_PP_utils - [load_epochs_data_auto_protocol:873] - Auto-detected protocol 'unknown' for subject 'TpAG51' (file hint: None)
2025-07-03 13:20:56,663 - ERROR - utils.loading_PP_utils - [load_epochs_data_for_decoding_delirium:256] - Data directory for subject 'TpAG51' (group: 'DELIRIUM-') not found. Attempted path: 'None'. Base input: '/mnt/data/tom.balay/data1/Baking_EEG_data/'.
2025-07-03 13:20:56,663 - INFO - examples.run_decoding_one_pp - [execute_single_subject_decoding:291] - Using protocol-specific loading configuration for unknown: ['XPP_ALL', 'XAP_ALL', 'PP_FOR_SPECIFIC_COMPARISON', 'AP_FAMILY_1', 'AP_FAMILY_2', 'AP_FAMILY_3', 'AP_FAMILY_4', 'AP_FAMILY_5', 'AP_FAMILY_6']
2025-07-03 13:20:56,663 - INFO - examples.run_decoding_one_pp - [execute_single_subject_decoding:296] - Using loading conditions: ['XPP_ALL', 'XAP_ALL', 'PP_FOR_SPECIFIC_COMPARISON', 'AP_FAMILY_1', 'AP_FAMILY_2', 'AP_FAMILY_3', 'AP_FAMILY_4', 'AP_FAMILY_5', 'AP_FAMILY_6']
2025-07-03 13:20:56,663 - ERROR - examples.run_decoding_one_pp - [execute_single_subject_decoding:300] - Epochs object loading failed for TpAG51. Aborting subject.
2025-07-03 13:20:56,663 - WARNING - examples.run_decoding_one_group_pp - [execute_group_intra_subject_decoding_analysis:164] - Subject TpAG51 completed with errors or no valid AUC
2025-07-03 13:20:56,663 - INFO - examples.run_decoding_one_group_pp - [execute_group_intra_subject_decoding_analysis:130] - 
--- Group 'DELIRIUM-': Processing Subject 3/24: TpAM43 ---
2025-07-03 13:20:56,663 - INFO - examples.run_decoding_one_pp - [execute_single_subject_decoding:258] - Starting decoding for subject: TpAM43 (Group: DELIRIUM-, Task Set ID: Group_Intra_DELIRIUM-_Subj_TpAM43, Classifier: svc, GS: False, CSP (temp): False, ANOVA FS (temp): True, n_jobs: 40)
2025-07-03 13:20:56,663 - ERROR - utils.loading_PP_utils - [load_epochs_data_for_decoding_delirium:256] - Data directory for subject 'TpAM43' (group: 'DELIRIUM-') not found. Attempted path: 'None'. Base input: '/mnt/data/tom.balay/data1/Baking_EEG_data/'.
2025-07-03 13:20:56,663 - INFO - utils.loading_PP_utils - [load_epochs_data_auto_protocol:873] - Auto-detected protocol 'unknown' for subject 'TpAM43' (file hint: None)
2025-07-03 13:20:56,663 - ERROR - utils.loading_PP_utils - [load_epochs_data_for_decoding_delirium:256] - Data directory for subject 'TpAM43' (group: 'DELIRIUM-') not found. Attempted path: 'None'. Base input: '/mnt/data/tom.balay/data1/Baking_EEG_data/'.
2025-07-03 13:20:56,663 - INFO - examples.run_decoding_one_pp - [execute_single_subject_decoding:274] - Detected protocol 'unknown' for subject TpAM43
2025-07-03 13:20:56,664 - ERROR - utils.loading_PP_utils - [load_epochs_data_for_decoding_delirium:256] - Data directory for subject 'TpAM43' (group: 'DELIRIUM-') not found. Attempted path: 'None'. Base input: '/mnt/data/tom.balay/data1/Baking_EEG_data/'.
2025-07-03 13:20:56,664 - INFO - utils.loading_PP_utils - [load_epochs_data_auto_protocol:873] - Auto-detected protocol 'unknown' for subject 'TpAM43' (file hint: None)
2025-07-03 13:20:56,664 - ERROR - utils.loading_PP_utils - [load_epochs_data_for_decoding_delirium:256] - Data directory for subject 'TpAM43' (group: 'DELIRIUM-') not found. Attempted path: 'None'. Base input: '/mnt/data/tom.balay/data1/Baking_EEG_data/'.
2025-07-03 13:20:56,664 - INFO - examples.run_decoding_one_pp - [execute_single_subject_decoding:291] - Using protocol-specific loading configuration for unknown: ['XPP_ALL', 'XAP_ALL', 'PP_FOR_SPECIFIC_COMPARISON', 'AP_FAMILY_1', 'AP_FAMILY_2', 'AP_FAMILY_3', 'AP_FAMILY_4', 'AP_FAMILY_5', 'AP_FAMILY_6']
2025-07-03 13:20:56,664 - INFO - examples.run_decoding_one_pp - [execute_single_subject_decoding:296] - Using loading conditions: ['XPP_ALL', 'XAP_ALL', 'PP_FOR_SPECIFIC_COMPARISON', 'AP_FAMILY_1', 'AP_FAMILY_2', 'AP_FAMILY_3', 'AP_FAMILY_4', 'AP_FAMILY_5', 'AP_FAMILY_6']
2025-07-03 13:20:56,664 - ERROR - examples.run_decoding_one_pp - [execute_single_subject_decoding:300] - Epochs object loading failed for TpAM43. Aborting subject.
2025-07-03 13:20:56,664 - WARNING - examples.run_decoding_one_group_pp - [execute_group_intra_subject_decoding_analysis:164] - Subject TpAM43 completed with errors or no valid AUC
2025-07-03 13:20:56,664 - INFO - examples.run_decoding_one_group_pp - [execute_group_intra_subject_decoding_analysis:130] - 
--- Group 'DELIRIUM-': Processing Subject 4/24: TpBD16 ---
2025-07-03 13:20:56,664 - INFO - examples.run_decoding_one_pp - [execute_single_subject_decoding:258] - Starting decoding for subject: TpBD16 (Group: DELIRIUM-, Task Set ID: Group_Intra_DELIRIUM-_Subj_TpBD16, Classifier: svc, GS: False, CSP (temp): False, ANOVA FS (temp): True, n_jobs: 40)
2025-07-03 13:20:56,664 - ERROR - utils.loading_PP_utils - [load_epochs_data_for_decoding_delirium:256] - Data directory for subject 'TpBD16' (group: 'DELIRIUM-') not found. Attempted path: 'None'. Base input: '/mnt/data/tom.balay/data1/Baking_EEG_data/'.
2025-07-03 13:20:56,664 - INFO - utils.loading_PP_utils - [load_epochs_data_auto_protocol:873] - Auto-detected protocol 'unknown' for subject 'TpBD16' (file hint: None)
2025-07-03 13:20:56,664 - ERROR - utils.loading_PP_utils - [load_epochs_data_for_decoding_delirium:256] - Data directory for subject 'TpBD16' (group: 'DELIRIUM-') not found. Attempted path: 'None'. Base input: '/mnt/data/tom.balay/data1/Baking_EEG_data/'.
2025-07-03 13:20:56,665 - INFO - examples.run_decoding_one_pp - [execute_single_subject_decoding:274] - Detected protocol 'unknown' for subject TpBD16
2025-07-03 13:20:56,665 - ERROR - utils.loading_PP_utils - [load_epochs_data_for_decoding_delirium:256] - Data directory for subject 'TpBD16' (group: 'DELIRIUM-') not found. Attempted path: 'None'. Base input: '/mnt/data/tom.balay/data1/Baking_EEG_data/'.
2025-07-03 13:20:56,665 - INFO - utils.loading_PP_utils - [load_epochs_data_auto_protocol:873] - Auto-detected protocol 'unknown' for subject 'TpBD16' (file hint: None)
2025-07-03 13:20:56,665 - ERROR - utils.loading_PP_utils - [load_epochs_data_for_decoding_delirium:256] - Data directory for subject 'TpBD16' (group: 'DELIRIUM-') not found. Attempted path: 'None'. Base input: '/mnt/data/tom.balay/data1/Baking_EEG_data/'.
2025-07-03 13:20:56,665 - INFO - examples.run_decoding_one_pp - [execute_single_subject_decoding:291] - Using protocol-specific loading configuration for unknown: ['XPP_ALL', 'XAP_ALL', 'PP_FOR_SPECIFIC_COMPARISON', 'AP_FAMILY_1', 'AP_FAMILY_2', 'AP_FAMILY_3', 'AP_FAMILY_4', 'AP_FAMILY_5', 'AP_FAMILY_6']
2025-07-03 13:20:56,665 - INFO - examples.run_decoding_one_pp - [execute_single_subject_decoding:296] - Using loading conditions: ['XPP_ALL', 'XAP_ALL', 'PP_FOR_SPECIFIC_COMPARISON', 'AP_FAMILY_1', 'AP_FAMILY_2', 'AP_FAMILY_3', 'AP_FAMILY_4', 'AP_FAMILY_5', 'AP_FAMILY_6']
2025-07-03 13:20:56,665 - ERROR - examples.run_decoding_one_pp - [execute_single_subject_decoding:300] - Epochs object loading failed for TpBD16. Aborting subject.
2025-07-03 13:20:56,665 - WARNING - examples.run_decoding_one_group_pp - [execute_group_intra_subject_decoding_analysis:164] - Subject TpBD16 completed with errors or no valid AUC
2025-07-03 13:20:56,665 - INFO - examples.run_decoding_one_group_pp - [execute_group_intra_subject_decoding_analysis:130] - 
--- Group 'DELIRIUM-': Processing Subject 5/24: TpDD2 ---
2025-07-03 13:20:56,665 - INFO - examples.run_decoding_one_pp - [execute_single_subject_decoding:258] - Starting decoding for subject: TpDD2 (Group: DELIRIUM-, Task Set ID: Group_Intra_DELIRIUM-_Subj_TpDD2, Classifier: svc, GS: False, CSP (temp): False, ANOVA FS (temp): True, n_jobs: 40)
2025-07-03 13:20:56,665 - ERROR - utils.loading_PP_utils - [load_epochs_data_for_decoding_delirium:256] - Data directory for subject 'TpDD2' (group: 'DELIRIUM-') not found. Attempted path: 'None'. Base input: '/mnt/data/tom.balay/data1/Baking_EEG_data/'.
2025-07-03 13:20:56,665 - INFO - utils.loading_PP_utils - [load_epochs_data_auto_protocol:873] - Auto-detected protocol 'unknown' for subject 'TpDD2' (file hint: None)
2025-07-03 13:20:56,666 - ERROR - utils.loading_PP_utils - [load_epochs_data_for_decoding_delirium:256] - Data directory for subject 'TpDD2' (group: 'DELIRIUM-') not found. Attempted path: 'None'. Base input: '/mnt/data/tom.balay/data1/Baking_EEG_data/'.
2025-07-03 13:20:56,666 - INFO - examples.run_decoding_one_pp - [execute_single_subject_decoding:274] - Detected protocol 'unknown' for subject TpDD2
2025-07-03 13:20:56,666 - ERROR - utils.loading_PP_utils - [load_epochs_data_for_decoding_delirium:256] - Data directory for subject 'TpDD2' (group: 'DELIRIUM-') not found. Attempted path: 'None'. Base input: '/mnt/data/tom.balay/data1/Baking_EEG_data/'.
2025-07-03 13:20:56,666 - INFO - utils.loading_PP_utils - [load_epochs_data_auto_protocol:873] - Auto-detected protocol 'unknown' for subject 'TpDD2' (file hint: None)
2025-07-03 13:20:56,666 - ERROR - utils.loading_PP_utils - [load_epochs_data_for_decoding_delirium:256] - Data directory for subject 'TpDD2' (group: 'DELIRIUM-') not found. Attempted path: 'None'. Base input: '/mnt/data/tom.balay/data1/Baking_EEG_data/'.
2025-07-03 13:20:56,666 - INFO - examples.run_decoding_one_pp - [execute_single_subject_decoding:291] - Using protocol-specific loading configuration for unknown: ['XPP_ALL', 'XAP_ALL', 'PP_FOR_SPECIFIC_COMPARISON', 'AP_FAMILY_1', 'AP_FAMILY_2', 'AP_FAMILY_3', 'AP_FAMILY_4', 'AP_FAMILY_5', 'AP_FAMILY_6']
2025-07-03 13:20:56,666 - INFO - examples.run_decoding_one_pp - [execute_single_subject_decoding:296] - Using loading conditions: ['XPP_ALL', 'XAP_ALL', 'PP_FOR_SPECIFIC_COMPARISON', 'AP_FAMILY_1', 'AP_FAMILY_2', 'AP_FAMILY_3', 'AP_FAMILY_4', 'AP_FAMILY_5', 'AP_FAMILY_6']
2025-07-03 13:20:56,666 - ERROR - examples.run_decoding_one_pp - [execute_single_subject_decoding:300] - Epochs object loading failed for TpDD2. Aborting subject.
2025-07-03 13:20:56,666 - WARNING - examples.run_decoding_one_group_pp - [execute_group_intra_subject_decoding_analysis:164] - Subject TpDD2 completed with errors or no valid AUC
2025-07-03 13:20:56,666 - INFO - examples.run_decoding_one_group_pp - [execute_group_intra_subject_decoding_analysis:130] - 
--- Group 'DELIRIUM-': Processing Subject 6/24: TpFB18 ---
2025-07-03 13:20:56,666 - INFO - examples.run_decoding_one_pp - [execute_single_subject_decoding:258] - Starting decoding for subject: TpFB18 (Group: DELIRIUM-, Task Set ID: Group_Intra_DELIRIUM-_Subj_TpFB18, Classifier: svc, GS: False, CSP (temp): False, ANOVA FS (temp): True, n_jobs: 40)
2025-07-03 13:20:56,666 - ERROR - utils.loading_PP_utils - [load_epochs_data_for_decoding_delirium:256] - Data directory for subject 'TpFB18' (group: 'DELIRIUM-') not found. Attempted path: 'None'. Base input: '/mnt/data/tom.balay/data1/Baking_EEG_data/'.
2025-07-03 13:20:56,667 - INFO - utils.loading_PP_utils - [load_epochs_data_auto_protocol:873] - Auto-detected protocol 'unknown' for subject 'TpFB18' (file hint: None)
2025-07-03 13:20:56,667 - ERROR - utils.loading_PP_utils - [load_epochs_data_for_decoding_delirium:256] - Data directory for subject 'TpFB18' (group: 'DELIRIUM-') not found. Attempted path: 'None'. Base input: '/mnt/data/tom.balay/data1/Baking_EEG_data/'.
2025-07-03 13:20:56,667 - INFO - examples.run_decoding_one_pp - [execute_single_subject_decoding:274] - Detected protocol 'unknown' for subject TpFB18
2025-07-03 13:20:56,667 - ERROR - utils.loading_PP_utils - [load_epochs_data_for_decoding_delirium:256] - Data directory for subject 'TpFB18' (group: 'DELIRIUM-') not found. Attempted path: 'None'. Base input: '/mnt/data/tom.balay/data1/Baking_EEG_data/'.
2025-07-03 13:20:56,667 - INFO - utils.loading_PP_utils - [load_epochs_data_auto_protocol:873] - Auto-detected protocol 'unknown' for subject 'TpFB18' (file hint: None)
2025-07-03 13:20:56,667 - ERROR - utils.loading_PP_utils - [load_epochs_data_for_decoding_delirium:256] - Data directory for subject 'TpFB18' (group: 'DELIRIUM-') not found. Attempted path: 'None'. Base input: '/mnt/data/tom.balay/data1/Baking_EEG_data/'.
2025-07-03 13:20:56,667 - INFO - examples.run_decoding_one_pp - [execute_single_subject_decoding:291] - Using protocol-specific loading configuration for unknown: ['XPP_ALL', 'XAP_ALL', 'PP_FOR_SPECIFIC_COMPARISON', 'AP_FAMILY_1', 'AP_FAMILY_2', 'AP_FAMILY_3', 'AP_FAMILY_4', 'AP_FAMILY_5', 'AP_FAMILY_6']
2025-07-03 13:20:56,667 - INFO - examples.run_decoding_one_pp - [execute_single_subject_decoding:296] - Using loading conditions: ['XPP_ALL', 'XAP_ALL', 'PP_FOR_SPECIFIC_COMPARISON', 'AP_FAMILY_1', 'AP_FAMILY_2', 'AP_FAMILY_3', 'AP_FAMILY_4', 'AP_FAMILY_5', 'AP_FAMILY_6']
2025-07-03 13:20:56,667 - ERROR - examples.run_decoding_one_pp - [execute_single_subject_decoding:300] - Epochs object loading failed for TpFB18. Aborting subject.
2025-07-03 13:20:56,667 - WARNING - examples.run_decoding_one_group_pp - [execute_group_intra_subject_decoding_analysis:164] - Subject TpFB18 completed with errors or no valid AUC
2025-07-03 13:20:56,667 - INFO - examples.run_decoding_one_group_pp - [execute_group_intra_subject_decoding_analysis:130] - 
--- Group 'DELIRIUM-': Processing Subject 7/24: TpFL53 ---
2025-07-03 13:20:56,667 - INFO - examples.run_decoding_one_pp - [execute_single_subject_decoding:258] - Starting decoding for subject: TpFL53 (Group: DELIRIUM-, Task Set ID: Group_Intra_DELIRIUM-_Subj_TpFL53, Classifier: svc, GS: False, CSP (temp): False, ANOVA FS (temp): True, n_jobs: 40)
2025-07-03 13:20:56,667 - ERROR - utils.loading_PP_utils - [load_epochs_data_for_decoding_delirium:256] - Data directory for subject 'TpFL53' (group: 'DELIRIUM-') not found. Attempted path: 'None'. Base input: '/mnt/data/tom.balay/data1/Baking_EEG_data/'.
2025-07-03 13:20:56,668 - INFO - utils.loading_PP_utils - [load_epochs_data_auto_protocol:873] - Auto-detected protocol 'unknown' for subject 'TpFL53' (file hint: None)
2025-07-03 13:20:56,668 - ERROR - utils.loading_PP_utils - [load_epochs_data_for_decoding_delirium:256] - Data directory for subject 'TpFL53' (group: 'DELIRIUM-') not found. Attempted path: 'None'. Base input: '/mnt/data/tom.balay/data1/Baking_EEG_data/'.
2025-07-03 13:20:56,668 - INFO - examples.run_decoding_one_pp - [execute_single_subject_decoding:274] - Detected protocol 'unknown' for subject TpFL53
2025-07-03 13:20:56,668 - ERROR - utils.loading_PP_utils - [load_epochs_data_for_decoding_delirium:256] - Data directory for subject 'TpFL53' (group: 'DELIRIUM-') not found. Attempted path: 'None'. Base input: '/mnt/data/tom.balay/data1/Baking_EEG_data/'.
2025-07-03 13:20:56,668 - INFO - utils.loading_PP_utils - [load_epochs_data_auto_protocol:873] - Auto-detected protocol 'unknown' for subject 'TpFL53' (file hint: None)
2025-07-03 13:20:56,668 - ERROR - utils.loading_PP_utils - [load_epochs_data_for_decoding_delirium:256] - Data directory for subject 'TpFL53' (group: 'DELIRIUM-') not found. Attempted path: 'None'. Base input: '/mnt/data/tom.balay/data1/Baking_EEG_data/'.
2025-07-03 13:20:56,668 - INFO - examples.run_decoding_one_pp - [execute_single_subject_decoding:291] - Using protocol-specific loading configuration for unknown: ['XPP_ALL', 'XAP_ALL', 'PP_FOR_SPECIFIC_COMPARISON', 'AP_FAMILY_1', 'AP_FAMILY_2', 'AP_FAMILY_3', 'AP_FAMILY_4', 'AP_FAMILY_5', 'AP_FAMILY_6']
2025-07-03 13:20:56,668 - INFO - examples.run_decoding_one_pp - [execute_single_subject_decoding:296] - Using loading conditions: ['XPP_ALL', 'XAP_ALL', 'PP_FOR_SPECIFIC_COMPARISON', 'AP_FAMILY_1', 'AP_FAMILY_2', 'AP_FAMILY_3', 'AP_FAMILY_4', 'AP_FAMILY_5', 'AP_FAMILY_6']
2025-07-03 13:20:56,668 - ERROR - examples.run_decoding_one_pp - [execute_single_subject_decoding:300] - Epochs object loading failed for TpFL53. Aborting subject.
2025-07-03 13:20:56,668 - WARNING - examples.run_decoding_one_group_pp - [execute_group_intra_subject_decoding_analysis:164] - Subject TpFL53 completed with errors or no valid AUC
2025-07-03 13:20:56,668 - INFO - examples.run_decoding_one_group_pp - [execute_group_intra_subject_decoding_analysis:130] - 
--- Group 'DELIRIUM-': Processing Subject 8/24: TpGB8 ---
2025-07-03 13:20:56,669 - INFO - examples.run_decoding_one_pp - [execute_single_subject_decoding:258] - Starting decoding for subject: TpGB8 (Group: DELIRIUM-, Task Set ID: Group_Intra_DELIRIUM-_Subj_TpGB8, Classifier: svc, GS: False, CSP (temp): False, ANOVA FS (temp): True, n_jobs: 40)
2025-07-03 13:20:56,669 - ERROR - utils.loading_PP_utils - [load_epochs_data_for_decoding_delirium:256] - Data directory for subject 'TpGB8' (group: 'DELIRIUM-') not found. Attempted path: 'None'. Base input: '/mnt/data/tom.balay/data1/Baking_EEG_data/'.
2025-07-03 13:20:56,669 - INFO - utils.loading_PP_utils - [load_epochs_data_auto_protocol:873] - Auto-detected protocol 'unknown' for subject 'TpGB8' (file hint: None)
2025-07-03 13:20:56,669 - ERROR - utils.loading_PP_utils - [load_epochs_data_for_decoding_delirium:256] - Data directory for subject 'TpGB8' (group: 'DELIRIUM-') not found. Attempted path: 'None'. Base input: '/mnt/data/tom.balay/data1/Baking_EEG_data/'.
2025-07-03 13:20:56,669 - INFO - examples.run_decoding_one_pp - [execute_single_subject_decoding:274] - Detected protocol 'unknown' for subject TpGB8
2025-07-03 13:20:56,669 - ERROR - utils.loading_PP_utils - [load_epochs_data_for_decoding_delirium:256] - Data directory for subject 'TpGB8' (group: 'DELIRIUM-') not found. Attempted path: 'None'. Base input: '/mnt/data/tom.balay/data1/Baking_EEG_data/'.
2025-07-03 13:20:56,669 - INFO - utils.loading_PP_utils - [load_epochs_data_auto_protocol:873] - Auto-detected protocol 'unknown' for subject 'TpGB8' (file hint: None)
2025-07-03 13:20:56,669 - ERROR - utils.loading_PP_utils - [load_epochs_data_for_decoding_delirium:256] - Data directory for subject 'TpGB8' (group: 'DELIRIUM-') not found. Attempted path: 'None'. Base input: '/mnt/data/tom.balay/data1/Baking_EEG_data/'.
2025-07-03 13:20:56,669 - INFO - examples.run_decoding_one_pp - [execute_single_subject_decoding:291] - Using protocol-specific loading configuration for unknown: ['XPP_ALL', 'XAP_ALL', 'PP_FOR_SPECIFIC_COMPARISON', 'AP_FAMILY_1', 'AP_FAMILY_2', 'AP_FAMILY_3', 'AP_FAMILY_4', 'AP_FAMILY_5', 'AP_FAMILY_6']
2025-07-03 13:20:56,669 - INFO - examples.run_decoding_one_pp - [execute_single_subject_decoding:296] - Using loading conditions: ['XPP_ALL', 'XAP_ALL', 'PP_FOR_SPECIFIC_COMPARISON', 'AP_FAMILY_1', 'AP_FAMILY_2', 'AP_FAMILY_3', 'AP_FAMILY_4', 'AP_FAMILY_5', 'AP_FAMILY_6']
2025-07-03 13:20:56,669 - ERROR - examples.run_decoding_one_pp - [execute_single_subject_decoding:300] - Epochs object loading failed for TpGB8. Aborting subject.
2025-07-03 13:20:56,669 - WARNING - examples.run_decoding_one_group_pp - [execute_group_intra_subject_decoding_analysis:164] - Subject TpGB8 completed with errors or no valid AUC
2025-07-03 13:20:56,669 - INFO - examples.run_decoding_one_group_pp - [execute_group_intra_subject_decoding_analysis:130] - 
--- Group 'DELIRIUM-': Processing Subject 9/24: TpGT32 ---
2025-07-03 13:20:56,670 - INFO - examples.run_decoding_one_pp - [execute_single_subject_decoding:258] - Starting decoding for subject: TpGT32 (Group: DELIRIUM-, Task Set ID: Group_Intra_DELIRIUM-_Subj_TpGT32, Classifier: svc, GS: False, CSP (temp): False, ANOVA FS (temp): True, n_jobs: 40)
2025-07-03 13:20:56,670 - ERROR - utils.loading_PP_utils - [load_epochs_data_for_decoding_delirium:256] - Data directory for subject 'TpGT32' (group: 'DELIRIUM-') not found. Attempted path: 'None'. Base input: '/mnt/data/tom.balay/data1/Baking_EEG_data/'.
2025-07-03 13:20:56,670 - INFO - utils.loading_PP_utils - [load_epochs_data_auto_protocol:873] - Auto-detected protocol 'unknown' for subject 'TpGT32' (file hint: None)
2025-07-03 13:20:56,670 - ERROR - utils.loading_PP_utils - [load_epochs_data_for_decoding_delirium:256] - Data directory for subject 'TpGT32' (group: 'DELIRIUM-') not found. Attempted path: 'None'. Base input: '/mnt/data/tom.balay/data1/Baking_EEG_data/'.
2025-07-03 13:20:56,670 - INFO - examples.run_decoding_one_pp - [execute_single_subject_decoding:274] - Detected protocol 'unknown' for subject TpGT32
2025-07-03 13:20:56,670 - ERROR - utils.loading_PP_utils - [load_epochs_data_for_decoding_delirium:256] - Data directory for subject 'TpGT32' (group: 'DELIRIUM-') not found. Attempted path: 'None'. Base input: '/mnt/data/tom.balay/data1/Baking_EEG_data/'.
2025-07-03 13:20:56,670 - INFO - utils.loading_PP_utils - [load_epochs_data_auto_protocol:873] - Auto-detected protocol 'unknown' for subject 'TpGT32' (file hint: None)
2025-07-03 13:20:56,670 - ERROR - utils.loading_PP_utils - [load_epochs_data_for_decoding_delirium:256] - Data directory for subject 'TpGT32' (group: 'DELIRIUM-') not found. Attempted path: 'None'. Base input: '/mnt/data/tom.balay/data1/Baking_EEG_data/'.
2025-07-03 13:20:56,670 - INFO - examples.run_decoding_one_pp - [execute_single_subject_decoding:291] - Using protocol-specific loading configuration for unknown: ['XPP_ALL', 'XAP_ALL', 'PP_FOR_SPECIFIC_COMPARISON', 'AP_FAMILY_1', 'AP_FAMILY_2', 'AP_FAMILY_3', 'AP_FAMILY_4', 'AP_FAMILY_5', 'AP_FAMILY_6']
2025-07-03 13:20:56,670 - INFO - examples.run_decoding_one_pp - [execute_single_subject_decoding:296] - Using loading conditions: ['XPP_ALL', 'XAP_ALL', 'PP_FOR_SPECIFIC_COMPARISON', 'AP_FAMILY_1', 'AP_FAMILY_2', 'AP_FAMILY_3', 'AP_FAMILY_4', 'AP_FAMILY_5', 'AP_FAMILY_6']
2025-07-03 13:20:56,670 - ERROR - examples.run_decoding_one_pp - [execute_single_subject_decoding:300] - Epochs object loading failed for TpGT32. Aborting subject.
2025-07-03 13:20:56,670 - WARNING - examples.run_decoding_one_group_pp - [execute_group_intra_subject_decoding_analysis:164] - Subject TpGT32 completed with errors or no valid AUC
2025-07-03 13:20:56,671 - INFO - examples.run_decoding_one_group_pp - [execute_group_intra_subject_decoding_analysis:130] - 
--- Group 'DELIRIUM-': Processing Subject 10/24: TpJPG7 ---
2025-07-03 13:20:56,671 - INFO - examples.run_decoding_one_pp - [execute_single_subject_decoding:258] - Starting decoding for subject: TpJPG7 (Group: DELIRIUM-, Task Set ID: Group_Intra_DELIRIUM-_Subj_TpJPG7, Classifier: svc, GS: False, CSP (temp): False, ANOVA FS (temp): True, n_jobs: 40)
2025-07-03 13:20:56,671 - ERROR - utils.loading_PP_utils - [load_epochs_data_for_decoding_delirium:256] - Data directory for subject 'TpJPG7' (group: 'DELIRIUM-') not found. Attempted path: 'None'. Base input: '/mnt/data/tom.balay/data1/Baking_EEG_data/'.
2025-07-03 13:20:56,671 - INFO - utils.loading_PP_utils - [load_epochs_data_auto_protocol:873] - Auto-detected protocol 'unknown' for subject 'TpJPG7' (file hint: None)
2025-07-03 13:20:56,671 - ERROR - utils.loading_PP_utils - [load_epochs_data_for_decoding_delirium:256] - Data directory for subject 'TpJPG7' (group: 'DELIRIUM-') not found. Attempted path: 'None'. Base input: '/mnt/data/tom.balay/data1/Baking_EEG_data/'.
2025-07-03 13:20:56,671 - INFO - examples.run_decoding_one_pp - [execute_single_subject_decoding:274] - Detected protocol 'unknown' for subject TpJPG7
2025-07-03 13:20:56,671 - ERROR - utils.loading_PP_utils - [load_epochs_data_for_decoding_delirium:256] - Data directory for subject 'TpJPG7' (group: 'DELIRIUM-') not found. Attempted path: 'None'. Base input: '/mnt/data/tom.balay/data1/Baking_EEG_data/'.
2025-07-03 13:20:56,671 - INFO - utils.loading_PP_utils - [load_epochs_data_auto_protocol:873] - Auto-detected protocol 'unknown' for subject 'TpJPG7' (file hint: None)
2025-07-03 13:20:56,671 - ERROR - utils.loading_PP_utils - [load_epochs_data_for_decoding_delirium:256] - Data directory for subject 'TpJPG7' (group: 'DELIRIUM-') not found. Attempted path: 'None'. Base input: '/mnt/data/tom.balay/data1/Baking_EEG_data/'.
2025-07-03 13:20:56,671 - INFO - examples.run_decoding_one_pp - [execute_single_subject_decoding:291] - Using protocol-specific loading configuration for unknown: ['XPP_ALL', 'XAP_ALL', 'PP_FOR_SPECIFIC_COMPARISON', 'AP_FAMILY_1', 'AP_FAMILY_2', 'AP_FAMILY_3', 'AP_FAMILY_4', 'AP_FAMILY_5', 'AP_FAMILY_6']
2025-07-03 13:20:56,671 - INFO - examples.run_decoding_one_pp - [execute_single_subject_decoding:296] - Using loading conditions: ['XPP_ALL', 'XAP_ALL', 'PP_FOR_SPECIFIC_COMPARISON', 'AP_FAMILY_1', 'AP_FAMILY_2', 'AP_FAMILY_3', 'AP_FAMILY_4', 'AP_FAMILY_5', 'AP_FAMILY_6']
2025-07-03 13:20:56,671 - ERROR - examples.run_decoding_one_pp - [execute_single_subject_decoding:300] - Epochs object loading failed for TpJPG7. Aborting subject.
2025-07-03 13:20:56,672 - WARNING - examples.run_decoding_one_group_pp - [execute_group_intra_subject_decoding_analysis:164] - Subject TpJPG7 completed with errors or no valid AUC
2025-07-03 13:20:56,672 - INFO - examples.run_decoding_one_group_pp - [execute_group_intra_subject_decoding_analysis:130] - 
--- Group 'DELIRIUM-': Processing Subject 11/24: TpJPL10 ---
2025-07-03 13:20:56,672 - INFO - examples.run_decoding_one_pp - [execute_single_subject_decoding:258] - Starting decoding for subject: TpJPL10 (Group: DELIRIUM-, Task Set ID: Group_Intra_DELIRIUM-_Subj_TpJPL10, Classifier: svc, GS: False, CSP (temp): False, ANOVA FS (temp): True, n_jobs: 40)
2025-07-03 13:20:56,672 - ERROR - utils.loading_PP_utils - [load_epochs_data_for_decoding_delirium:256] - Data directory for subject 'TpJPL10' (group: 'DELIRIUM-') not found. Attempted path: 'None'. Base input: '/mnt/data/tom.balay/data1/Baking_EEG_data/'.
2025-07-03 13:20:56,672 - INFO - utils.loading_PP_utils - [load_epochs_data_auto_protocol:873] - Auto-detected protocol 'unknown' for subject 'TpJPL10' (file hint: None)
2025-07-03 13:20:56,672 - ERROR - utils.loading_PP_utils - [load_epochs_data_for_decoding_delirium:256] - Data directory for subject 'TpJPL10' (group: 'DELIRIUM-') not found. Attempted path: 'None'. Base input: '/mnt/data/tom.balay/data1/Baking_EEG_data/'.
2025-07-03 13:20:56,672 - INFO - examples.run_decoding_one_pp - [execute_single_subject_decoding:274] - Detected protocol 'unknown' for subject TpJPL10
2025-07-03 13:20:56,672 - ERROR - utils.loading_PP_utils - [load_epochs_data_for_decoding_delirium:256] - Data directory for subject 'TpJPL10' (group: 'DELIRIUM-') not found. Attempted path: 'None'. Base input: '/mnt/data/tom.balay/data1/Baking_EEG_data/'.
2025-07-03 13:20:56,672 - INFO - utils.loading_PP_utils - [load_epochs_data_auto_protocol:873] - Auto-detected protocol 'unknown' for subject 'TpJPL10' (file hint: None)
2025-07-03 13:20:56,672 - ERROR - utils.loading_PP_utils - [load_epochs_data_for_decoding_delirium:256] - Data directory for subject 'TpJPL10' (group: 'DELIRIUM-') not found. Attempted path: 'None'. Base input: '/mnt/data/tom.balay/data1/Baking_EEG_data/'.
2025-07-03 13:20:56,672 - INFO - examples.run_decoding_one_pp - [execute_single_subject_decoding:291] - Using protocol-specific loading configuration for unknown: ['XPP_ALL', 'XAP_ALL', 'PP_FOR_SPECIFIC_COMPARISON', 'AP_FAMILY_1', 'AP_FAMILY_2', 'AP_FAMILY_3', 'AP_FAMILY_4', 'AP_FAMILY_5', 'AP_FAMILY_6']
2025-07-03 13:20:56,672 - INFO - examples.run_decoding_one_pp - [execute_single_subject_decoding:296] - Using loading conditions: ['XPP_ALL', 'XAP_ALL', 'PP_FOR_SPECIFIC_COMPARISON', 'AP_FAMILY_1', 'AP_FAMILY_2', 'AP_FAMILY_3', 'AP_FAMILY_4', 'AP_FAMILY_5', 'AP_FAMILY_6']
2025-07-03 13:20:56,673 - ERROR - examples.run_decoding_one_pp - [execute_single_subject_decoding:300] - Epochs object loading failed for TpJPL10. Aborting subject.
2025-07-03 13:20:56,673 - WARNING - examples.run_decoding_one_group_pp - [execute_group_intra_subject_decoding_analysis:164] - Subject TpJPL10 completed with errors or no valid AUC
2025-07-03 13:20:56,673 - INFO - examples.run_decoding_one_group_pp - [execute_group_intra_subject_decoding_analysis:130] - 
--- Group 'DELIRIUM-': Processing Subject 12/24: TpKS6 ---
2025-07-03 13:20:56,673 - INFO - examples.run_decoding_one_pp - [execute_single_subject_decoding:258] - Starting decoding for subject: TpKS6 (Group: DELIRIUM-, Task Set ID: Group_Intra_DELIRIUM-_Subj_TpKS6, Classifier: svc, GS: False, CSP (temp): False, ANOVA FS (temp): True, n_jobs: 40)
2025-07-03 13:20:56,673 - ERROR - utils.loading_PP_utils - [load_epochs_data_for_decoding_delirium:256] - Data directory for subject 'TpKS6' (group: 'DELIRIUM-') not found. Attempted path: 'None'. Base input: '/mnt/data/tom.balay/data1/Baking_EEG_data/'.
2025-07-03 13:20:56,673 - INFO - utils.loading_PP_utils - [load_epochs_data_auto_protocol:873] - Auto-detected protocol 'unknown' for subject 'TpKS6' (file hint: None)
2025-07-03 13:20:56,673 - ERROR - utils.loading_PP_utils - [load_epochs_data_for_decoding_delirium:256] - Data directory for subject 'TpKS6' (group: 'DELIRIUM-') not found. Attempted path: 'None'. Base input: '/mnt/data/tom.balay/data1/Baking_EEG_data/'.
2025-07-03 13:20:56,673 - INFO - examples.run_decoding_one_pp - [execute_single_subject_decoding:274] - Detected protocol 'unknown' for subject TpKS6
2025-07-03 13:20:56,673 - ERROR - utils.loading_PP_utils - [load_epochs_data_for_decoding_delirium:256] - Data directory for subject 'TpKS6' (group: 'DELIRIUM-') not found. Attempted path: 'None'. Base input: '/mnt/data/tom.balay/data1/Baking_EEG_data/'.
2025-07-03 13:20:56,673 - INFO - utils.loading_PP_utils - [load_epochs_data_auto_protocol:873] - Auto-detected protocol 'unknown' for subject 'TpKS6' (file hint: None)
2025-07-03 13:20:56,673 - ERROR - utils.loading_PP_utils - [load_epochs_data_for_decoding_delirium:256] - Data directory for subject 'TpKS6' (group: 'DELIRIUM-') not found. Attempted path: 'None'. Base input: '/mnt/data/tom.balay/data1/Baking_EEG_data/'.
2025-07-03 13:20:56,673 - INFO - examples.run_decoding_one_pp - [execute_single_subject_decoding:291] - Using protocol-specific loading configuration for unknown: ['XPP_ALL', 'XAP_ALL', 'PP_FOR_SPECIFIC_COMPARISON', 'AP_FAMILY_1', 'AP_FAMILY_2', 'AP_FAMILY_3', 'AP_FAMILY_4', 'AP_FAMILY_5', 'AP_FAMILY_6']
2025-07-03 13:20:56,673 - INFO - examples.run_decoding_one_pp - [execute_single_subject_decoding:296] - Using loading conditions: ['XPP_ALL', 'XAP_ALL', 'PP_FOR_SPECIFIC_COMPARISON', 'AP_FAMILY_1', 'AP_FAMILY_2', 'AP_FAMILY_3', 'AP_FAMILY_4', 'AP_FAMILY_5', 'AP_FAMILY_6']
2025-07-03 13:20:56,674 - ERROR - examples.run_decoding_one_pp - [execute_single_subject_decoding:300] - Epochs object loading failed for TpKS6. Aborting subject.
2025-07-03 13:20:56,674 - WARNING - examples.run_decoding_one_group_pp - [execute_group_intra_subject_decoding_analysis:164] - Subject TpKS6 completed with errors or no valid AUC
2025-07-03 13:20:56,674 - INFO - examples.run_decoding_one_group_pp - [execute_group_intra_subject_decoding_analysis:130] - 
--- Group 'DELIRIUM-': Processing Subject 13/24: TpLP11 ---
2025-07-03 13:20:56,674 - INFO - examples.run_decoding_one_pp - [execute_single_subject_decoding:258] - Starting decoding for subject: TpLP11 (Group: DELIRIUM-, Task Set ID: Group_Intra_DELIRIUM-_Subj_TpLP11, Classifier: svc, GS: False, CSP (temp): False, ANOVA FS (temp): True, n_jobs: 40)
2025-07-03 13:20:56,674 - ERROR - utils.loading_PP_utils - [load_epochs_data_for_decoding_delirium:256] - Data directory for subject 'TpLP11' (group: 'DELIRIUM-') not found. Attempted path: 'None'. Base input: '/mnt/data/tom.balay/data1/Baking_EEG_data/'.
2025-07-03 13:20:56,674 - INFO - utils.loading_PP_utils - [load_epochs_data_auto_protocol:873] - Auto-detected protocol 'unknown' for subject 'TpLP11' (file hint: None)
2025-07-03 13:20:56,674 - ERROR - utils.loading_PP_utils - [load_epochs_data_for_decoding_delirium:256] - Data directory for subject 'TpLP11' (group: 'DELIRIUM-') not found. Attempted path: 'None'. Base input: '/mnt/data/tom.balay/data1/Baking_EEG_data/'.
2025-07-03 13:20:56,674 - INFO - examples.run_decoding_one_pp - [execute_single_subject_decoding:274] - Detected protocol 'unknown' for subject TpLP11
2025-07-03 13:20:56,674 - ERROR - utils.loading_PP_utils - [load_epochs_data_for_decoding_delirium:256] - Data directory for subject 'TpLP11' (group: 'DELIRIUM-') not found. Attempted path: 'None'. Base input: '/mnt/data/tom.balay/data1/Baking_EEG_data/'.
2025-07-03 13:20:56,674 - INFO - utils.loading_PP_utils - [load_epochs_data_auto_protocol:873] - Auto-detected protocol 'unknown' for subject 'TpLP11' (file hint: None)
2025-07-03 13:20:56,674 - ERROR - utils.loading_PP_utils - [load_epochs_data_for_decoding_delirium:256] - Data directory for subject 'TpLP11' (group: 'DELIRIUM-') not found. Attempted path: 'None'. Base input: '/mnt/data/tom.balay/data1/Baking_EEG_data/'.
2025-07-03 13:20:56,674 - INFO - examples.run_decoding_one_pp - [execute_single_subject_decoding:291] - Using protocol-specific loading configuration for unknown: ['XPP_ALL', 'XAP_ALL', 'PP_FOR_SPECIFIC_COMPARISON', 'AP_FAMILY_1', 'AP_FAMILY_2', 'AP_FAMILY_3', 'AP_FAMILY_4', 'AP_FAMILY_5', 'AP_FAMILY_6']
2025-07-03 13:20:56,675 - INFO - examples.run_decoding_one_pp - [execute_single_subject_decoding:296] - Using loading conditions: ['XPP_ALL', 'XAP_ALL', 'PP_FOR_SPECIFIC_COMPARISON', 'AP_FAMILY_1', 'AP_FAMILY_2', 'AP_FAMILY_3', 'AP_FAMILY_4', 'AP_FAMILY_5', 'AP_FAMILY_6']
2025-07-03 13:20:56,675 - ERROR - examples.run_decoding_one_pp - [execute_single_subject_decoding:300] - Epochs object loading failed for TpLP11. Aborting subject.
2025-07-03 13:20:56,675 - WARNING - examples.run_decoding_one_group_pp - [execute_group_intra_subject_decoding_analysis:164] - Subject TpLP11 completed with errors or no valid AUC
2025-07-03 13:20:56,675 - INFO - examples.run_decoding_one_group_pp - [execute_group_intra_subject_decoding_analysis:130] - 
--- Group 'DELIRIUM-': Processing Subject 14/24: TpMA9 ---
2025-07-03 13:20:56,675 - INFO - examples.run_decoding_one_pp - [execute_single_subject_decoding:258] - Starting decoding for subject: TpMA9 (Group: DELIRIUM-, Task Set ID: Group_Intra_DELIRIUM-_Subj_TpMA9, Classifier: svc, GS: False, CSP (temp): False, ANOVA FS (temp): True, n_jobs: 40)
2025-07-03 13:20:56,675 - ERROR - utils.loading_PP_utils - [load_epochs_data_for_decoding_delirium:256] - Data directory for subject 'TpMA9' (group: 'DELIRIUM-') not found. Attempted path: 'None'. Base input: '/mnt/data/tom.balay/data1/Baking_EEG_data/'.
2025-07-03 13:20:56,675 - INFO - utils.loading_PP_utils - [load_epochs_data_auto_protocol:873] - Auto-detected protocol 'unknown' for subject 'TpMA9' (file hint: None)
2025-07-03 13:20:56,675 - ERROR - utils.loading_PP_utils - [load_epochs_data_for_decoding_delirium:256] - Data directory for subject 'TpMA9' (group: 'DELIRIUM-') not found. Attempted path: 'None'. Base input: '/mnt/data/tom.balay/data1/Baking_EEG_data/'.
2025-07-03 13:20:56,675 - INFO - examples.run_decoding_one_pp - [execute_single_subject_decoding:274] - Detected protocol 'unknown' for subject TpMA9
2025-07-03 13:20:56,675 - ERROR - utils.loading_PP_utils - [load_epochs_data_for_decoding_delirium:256] - Data directory for subject 'TpMA9' (group: 'DELIRIUM-') not found. Attempted path: 'None'. Base input: '/mnt/data/tom.balay/data1/Baking_EEG_data/'.
2025-07-03 13:20:56,675 - INFO - utils.loading_PP_utils - [load_epochs_data_auto_protocol:873] - Auto-detected protocol 'unknown' for subject 'TpMA9' (file hint: None)
2025-07-03 13:20:56,675 - ERROR - utils.loading_PP_utils - [load_epochs_data_for_decoding_delirium:256] - Data directory for subject 'TpMA9' (group: 'DELIRIUM-') not found. Attempted path: 'None'. Base input: '/mnt/data/tom.balay/data1/Baking_EEG_data/'.
2025-07-03 13:20:56,676 - INFO - examples.run_decoding_one_pp - [execute_single_subject_decoding:291] - Using protocol-specific loading configuration for unknown: ['XPP_ALL', 'XAP_ALL', 'PP_FOR_SPECIFIC_COMPARISON', 'AP_FAMILY_1', 'AP_FAMILY_2', 'AP_FAMILY_3', 'AP_FAMILY_4', 'AP_FAMILY_5', 'AP_FAMILY_6']
2025-07-03 13:20:56,676 - INFO - examples.run_decoding_one_pp - [execute_single_subject_decoding:296] - Using loading conditions: ['XPP_ALL', 'XAP_ALL', 'PP_FOR_SPECIFIC_COMPARISON', 'AP_FAMILY_1', 'AP_FAMILY_2', 'AP_FAMILY_3', 'AP_FAMILY_4', 'AP_FAMILY_5', 'AP_FAMILY_6']
2025-07-03 13:20:56,676 - ERROR - examples.run_decoding_one_pp - [execute_single_subject_decoding:300] - Epochs object loading failed for TpMA9. Aborting subject.
2025-07-03 13:20:56,676 - WARNING - examples.run_decoding_one_group_pp - [execute_group_intra_subject_decoding_analysis:164] - Subject TpMA9 completed with errors or no valid AUC
2025-07-03 13:20:56,676 - INFO - examples.run_decoding_one_group_pp - [execute_group_intra_subject_decoding_analysis:130] - 
--- Group 'DELIRIUM-': Processing Subject 15/24: TpMD13 ---
2025-07-03 13:20:56,676 - INFO - examples.run_decoding_one_pp - [execute_single_subject_decoding:258] - Starting decoding for subject: TpMD13 (Group: DELIRIUM-, Task Set ID: Group_Intra_DELIRIUM-_Subj_TpMD13, Classifier: svc, GS: False, CSP (temp): False, ANOVA FS (temp): True, n_jobs: 40)
2025-07-03 13:20:56,676 - ERROR - utils.loading_PP_utils - [load_epochs_data_for_decoding_delirium:256] - Data directory for subject 'TpMD13' (group: 'DELIRIUM-') not found. Attempted path: 'None'. Base input: '/mnt/data/tom.balay/data1/Baking_EEG_data/'.
2025-07-03 13:20:56,676 - INFO - utils.loading_PP_utils - [load_epochs_data_auto_protocol:873] - Auto-detected protocol 'unknown' for subject 'TpMD13' (file hint: None)
2025-07-03 13:20:56,676 - ERROR - utils.loading_PP_utils - [load_epochs_data_for_decoding_delirium:256] - Data directory for subject 'TpMD13' (group: 'DELIRIUM-') not found. Attempted path: 'None'. Base input: '/mnt/data/tom.balay/data1/Baking_EEG_data/'.
2025-07-03 13:20:56,676 - INFO - examples.run_decoding_one_pp - [execute_single_subject_decoding:274] - Detected protocol 'unknown' for subject TpMD13
2025-07-03 13:20:56,676 - ERROR - utils.loading_PP_utils - [load_epochs_data_for_decoding_delirium:256] - Data directory for subject 'TpMD13' (group: 'DELIRIUM-') not found. Attempted path: 'None'. Base input: '/mnt/data/tom.balay/data1/Baking_EEG_data/'.
2025-07-03 13:20:56,676 - INFO - utils.loading_PP_utils - [load_epochs_data_auto_protocol:873] - Auto-detected protocol 'unknown' for subject 'TpMD13' (file hint: None)
2025-07-03 13:20:56,676 - ERROR - utils.loading_PP_utils - [load_epochs_data_for_decoding_delirium:256] - Data directory for subject 'TpMD13' (group: 'DELIRIUM-') not found. Attempted path: 'None'. Base input: '/mnt/data/tom.balay/data1/Baking_EEG_data/'.
2025-07-03 13:20:56,677 - INFO - examples.run_decoding_one_pp - [execute_single_subject_decoding:291] - Using protocol-specific loading configuration for unknown: ['XPP_ALL', 'XAP_ALL', 'PP_FOR_SPECIFIC_COMPARISON', 'AP_FAMILY_1', 'AP_FAMILY_2', 'AP_FAMILY_3', 'AP_FAMILY_4', 'AP_FAMILY_5', 'AP_FAMILY_6']
2025-07-03 13:20:56,677 - INFO - examples.run_decoding_one_pp - [execute_single_subject_decoding:296] - Using loading conditions: ['XPP_ALL', 'XAP_ALL', 'PP_FOR_SPECIFIC_COMPARISON', 'AP_FAMILY_1', 'AP_FAMILY_2', 'AP_FAMILY_3', 'AP_FAMILY_4', 'AP_FAMILY_5', 'AP_FAMILY_6']
2025-07-03 13:20:56,677 - ERROR - examples.run_decoding_one_pp - [execute_single_subject_decoding:300] - Epochs object loading failed for TpMD13. Aborting subject.
2025-07-03 13:20:56,677 - WARNING - examples.run_decoding_one_group_pp - [execute_group_intra_subject_decoding_analysis:164] - Subject TpMD13 completed with errors or no valid AUC
2025-07-03 13:20:56,677 - INFO - examples.run_decoding_one_group_pp - [execute_group_intra_subject_decoding_analysis:130] - 
--- Group 'DELIRIUM-': Processing Subject 16/24: TpMD52 ---
2025-07-03 13:20:56,677 - INFO - examples.run_decoding_one_pp - [execute_single_subject_decoding:258] - Starting decoding for subject: TpMD52 (Group: DELIRIUM-, Task Set ID: Group_Intra_DELIRIUM-_Subj_TpMD52, Classifier: svc, GS: False, CSP (temp): False, ANOVA FS (temp): True, n_jobs: 40)
2025-07-03 13:20:56,677 - ERROR - utils.loading_PP_utils - [load_epochs_data_for_decoding_delirium:256] - Data directory for subject 'TpMD52' (group: 'DELIRIUM-') not found. Attempted path: 'None'. Base input: '/mnt/data/tom.balay/data1/Baking_EEG_data/'.
2025-07-03 13:20:56,677 - INFO - utils.loading_PP_utils - [load_epochs_data_auto_protocol:873] - Auto-detected protocol 'unknown' for subject 'TpMD52' (file hint: None)
2025-07-03 13:20:56,677 - ERROR - utils.loading_PP_utils - [load_epochs_data_for_decoding_delirium:256] - Data directory for subject 'TpMD52' (group: 'DELIRIUM-') not found. Attempted path: 'None'. Base input: '/mnt/data/tom.balay/data1/Baking_EEG_data/'.
2025-07-03 13:20:56,677 - INFO - examples.run_decoding_one_pp - [execute_single_subject_decoding:274] - Detected protocol 'unknown' for subject TpMD52
2025-07-03 13:20:56,677 - ERROR - utils.loading_PP_utils - [load_epochs_data_for_decoding_delirium:256] - Data directory for subject 'TpMD52' (group: 'DELIRIUM-') not found. Attempted path: 'None'. Base input: '/mnt/data/tom.balay/data1/Baking_EEG_data/'.
2025-07-03 13:20:56,677 - INFO - utils.loading_PP_utils - [load_epochs_data_auto_protocol:873] - Auto-detected protocol 'unknown' for subject 'TpMD52' (file hint: None)
2025-07-03 13:20:56,678 - ERROR - utils.loading_PP_utils - [load_epochs_data_for_decoding_delirium:256] - Data directory for subject 'TpMD52' (group: 'DELIRIUM-') not found. Attempted path: 'None'. Base input: '/mnt/data/tom.balay/data1/Baking_EEG_data/'.
2025-07-03 13:20:56,678 - INFO - examples.run_decoding_one_pp - [execute_single_subject_decoding:291] - Using protocol-specific loading configuration for unknown: ['XPP_ALL', 'XAP_ALL', 'PP_FOR_SPECIFIC_COMPARISON', 'AP_FAMILY_1', 'AP_FAMILY_2', 'AP_FAMILY_3', 'AP_FAMILY_4', 'AP_FAMILY_5', 'AP_FAMILY_6']
2025-07-03 13:20:56,678 - INFO - examples.run_decoding_one_pp - [execute_single_subject_decoding:296] - Using loading conditions: ['XPP_ALL', 'XAP_ALL', 'PP_FOR_SPECIFIC_COMPARISON', 'AP_FAMILY_1', 'AP_FAMILY_2', 'AP_FAMILY_3', 'AP_FAMILY_4', 'AP_FAMILY_5', 'AP_FAMILY_6']
2025-07-03 13:20:56,678 - ERROR - examples.run_decoding_one_pp - [execute_single_subject_decoding:300] - Epochs object loading failed for TpMD52. Aborting subject.
2025-07-03 13:20:56,678 - WARNING - examples.run_decoding_one_group_pp - [execute_group_intra_subject_decoding_analysis:164] - Subject TpMD52 completed with errors or no valid AUC
2025-07-03 13:20:56,678 - INFO - examples.run_decoding_one_group_pp - [execute_group_intra_subject_decoding_analysis:130] - 
--- Group 'DELIRIUM-': Processing Subject 17/24: TpME22 ---
2025-07-03 13:20:56,678 - INFO - examples.run_decoding_one_pp - [execute_single_subject_decoding:258] - Starting decoding for subject: TpME22 (Group: DELIRIUM-, Task Set ID: Group_Intra_DELIRIUM-_Subj_TpME22, Classifier: svc, GS: False, CSP (temp): False, ANOVA FS (temp): True, n_jobs: 40)
2025-07-03 13:20:56,678 - ERROR - utils.loading_PP_utils - [load_epochs_data_for_decoding_delirium:256] - Data directory for subject 'TpME22' (group: 'DELIRIUM-') not found. Attempted path: 'None'. Base input: '/mnt/data/tom.balay/data1/Baking_EEG_data/'.
2025-07-03 13:20:56,678 - INFO - utils.loading_PP_utils - [load_epochs_data_auto_protocol:873] - Auto-detected protocol 'unknown' for subject 'TpME22' (file hint: None)
2025-07-03 13:20:56,678 - ERROR - utils.loading_PP_utils - [load_epochs_data_for_decoding_delirium:256] - Data directory for subject 'TpME22' (group: 'DELIRIUM-') not found. Attempted path: 'None'. Base input: '/mnt/data/tom.balay/data1/Baking_EEG_data/'.
2025-07-03 13:20:56,678 - INFO - examples.run_decoding_one_pp - [execute_single_subject_decoding:274] - Detected protocol 'unknown' for subject TpME22
2025-07-03 13:20:56,678 - ERROR - utils.loading_PP_utils - [load_epochs_data_for_decoding_delirium:256] - Data directory for subject 'TpME22' (group: 'DELIRIUM-') not found. Attempted path: 'None'. Base input: '/mnt/data/tom.balay/data1/Baking_EEG_data/'.
2025-07-03 13:20:56,678 - INFO - utils.loading_PP_utils - [load_epochs_data_auto_protocol:873] - Auto-detected protocol 'unknown' for subject 'TpME22' (file hint: None)
2025-07-03 13:20:56,679 - ERROR - utils.loading_PP_utils - [load_epochs_data_for_decoding_delirium:256] - Data directory for subject 'TpME22' (group: 'DELIRIUM-') not found. Attempted path: 'None'. Base input: '/mnt/data/tom.balay/data1/Baking_EEG_data/'.
2025-07-03 13:20:56,679 - INFO - examples.run_decoding_one_pp - [execute_single_subject_decoding:291] - Using protocol-specific loading configuration for unknown: ['XPP_ALL', 'XAP_ALL', 'PP_FOR_SPECIFIC_COMPARISON', 'AP_FAMILY_1', 'AP_FAMILY_2', 'AP_FAMILY_3', 'AP_FAMILY_4', 'AP_FAMILY_5', 'AP_FAMILY_6']
2025-07-03 13:20:56,679 - INFO - examples.run_decoding_one_pp - [execute_single_subject_decoding:296] - Using loading conditions: ['XPP_ALL', 'XAP_ALL', 'PP_FOR_SPECIFIC_COMPARISON', 'AP_FAMILY_1', 'AP_FAMILY_2', 'AP_FAMILY_3', 'AP_FAMILY_4', 'AP_FAMILY_5', 'AP_FAMILY_6']
2025-07-03 13:20:56,679 - ERROR - examples.run_decoding_one_pp - [execute_single_subject_decoding:300] - Epochs object loading failed for TpME22. Aborting subject.
2025-07-03 13:20:56,679 - WARNING - examples.run_decoding_one_group_pp - [execute_group_intra_subject_decoding_analysis:164] - Subject TpME22 completed with errors or no valid AUC
2025-07-03 13:20:56,679 - INFO - examples.run_decoding_one_group_pp - [execute_group_intra_subject_decoding_analysis:130] - 
--- Group 'DELIRIUM-': Processing Subject 18/24: TpPA35 ---
2025-07-03 13:20:56,679 - INFO - examples.run_decoding_one_pp - [execute_single_subject_decoding:258] - Starting decoding for subject: TpPA35 (Group: DELIRIUM-, Task Set ID: Group_Intra_DELIRIUM-_Subj_TpPA35, Classifier: svc, GS: False, CSP (temp): False, ANOVA FS (temp): True, n_jobs: 40)
2025-07-03 13:20:56,679 - ERROR - utils.loading_PP_utils - [load_epochs_data_for_decoding_delirium:256] - Data directory for subject 'TpPA35' (group: 'DELIRIUM-') not found. Attempted path: 'None'. Base input: '/mnt/data/tom.balay/data1/Baking_EEG_data/'.
2025-07-03 13:20:56,679 - INFO - utils.loading_PP_utils - [load_epochs_data_auto_protocol:873] - Auto-detected protocol 'unknown' for subject 'TpPA35' (file hint: None)
2025-07-03 13:20:56,679 - ERROR - utils.loading_PP_utils - [load_epochs_data_for_decoding_delirium:256] - Data directory for subject 'TpPA35' (group: 'DELIRIUM-') not found. Attempted path: 'None'. Base input: '/mnt/data/tom.balay/data1/Baking_EEG_data/'.
2025-07-03 13:20:56,679 - INFO - examples.run_decoding_one_pp - [execute_single_subject_decoding:274] - Detected protocol 'unknown' for subject TpPA35
2025-07-03 13:20:56,679 - ERROR - utils.loading_PP_utils - [load_epochs_data_for_decoding_delirium:256] - Data directory for subject 'TpPA35' (group: 'DELIRIUM-') not found. Attempted path: 'None'. Base input: '/mnt/data/tom.balay/data1/Baking_EEG_data/'.
2025-07-03 13:20:56,680 - INFO - utils.loading_PP_utils - [load_epochs_data_auto_protocol:873] - Auto-detected protocol 'unknown' for subject 'TpPA35' (file hint: None)
2025-07-03 13:20:56,680 - ERROR - utils.loading_PP_utils - [load_epochs_data_for_decoding_delirium:256] - Data directory for subject 'TpPA35' (group: 'DELIRIUM-') not found. Attempted path: 'None'. Base input: '/mnt/data/tom.balay/data1/Baking_EEG_data/'.
2025-07-03 13:20:56,680 - INFO - examples.run_decoding_one_pp - [execute_single_subject_decoding:291] - Using protocol-specific loading configuration for unknown: ['XPP_ALL', 'XAP_ALL', 'PP_FOR_SPECIFIC_COMPARISON', 'AP_FAMILY_1', 'AP_FAMILY_2', 'AP_FAMILY_3', 'AP_FAMILY_4', 'AP_FAMILY_5', 'AP_FAMILY_6']
2025-07-03 13:20:56,680 - INFO - examples.run_decoding_one_pp - [execute_single_subject_decoding:296] - Using loading conditions: ['XPP_ALL', 'XAP_ALL', 'PP_FOR_SPECIFIC_COMPARISON', 'AP_FAMILY_1', 'AP_FAMILY_2', 'AP_FAMILY_3', 'AP_FAMILY_4', 'AP_FAMILY_5', 'AP_FAMILY_6']
2025-07-03 13:20:56,680 - ERROR - examples.run_decoding_one_pp - [execute_single_subject_decoding:300] - Epochs object loading failed for TpPA35. Aborting subject.
2025-07-03 13:20:56,680 - WARNING - examples.run_decoding_one_group_pp - [execute_group_intra_subject_decoding_analysis:164] - Subject TpPA35 completed with errors or no valid AUC
2025-07-03 13:20:56,680 - INFO - examples.run_decoding_one_group_pp - [execute_group_intra_subject_decoding_analysis:130] - 
--- Group 'DELIRIUM-': Processing Subject 19/24: TpPI46 ---
2025-07-03 13:20:56,680 - INFO - examples.run_decoding_one_pp - [execute_single_subject_decoding:258] - Starting decoding for subject: TpPI46 (Group: DELIRIUM-, Task Set ID: Group_Intra_DELIRIUM-_Subj_TpPI46, Classifier: svc, GS: False, CSP (temp): False, ANOVA FS (temp): True, n_jobs: 40)
2025-07-03 13:20:56,680 - ERROR - utils.loading_PP_utils - [load_epochs_data_for_decoding_delirium:256] - Data directory for subject 'TpPI46' (group: 'DELIRIUM-') not found. Attempted path: 'None'. Base input: '/mnt/data/tom.balay/data1/Baking_EEG_data/'.
2025-07-03 13:20:56,680 - INFO - utils.loading_PP_utils - [load_epochs_data_auto_protocol:873] - Auto-detected protocol 'unknown' for subject 'TpPI46' (file hint: None)
2025-07-03 13:20:56,680 - ERROR - utils.loading_PP_utils - [load_epochs_data_for_decoding_delirium:256] - Data directory for subject 'TpPI46' (group: 'DELIRIUM-') not found. Attempted path: 'None'. Base input: '/mnt/data/tom.balay/data1/Baking_EEG_data/'.
2025-07-03 13:20:56,680 - INFO - examples.run_decoding_one_pp - [execute_single_subject_decoding:274] - Detected protocol 'unknown' for subject TpPI46
2025-07-03 13:20:56,680 - ERROR - utils.loading_PP_utils - [load_epochs_data_for_decoding_delirium:256] - Data directory for subject 'TpPI46' (group: 'DELIRIUM-') not found. Attempted path: 'None'. Base input: '/mnt/data/tom.balay/data1/Baking_EEG_data/'.
2025-07-03 13:20:56,681 - INFO - utils.loading_PP_utils - [load_epochs_data_auto_protocol:873] - Auto-detected protocol 'unknown' for subject 'TpPI46' (file hint: None)
2025-07-03 13:20:56,681 - ERROR - utils.loading_PP_utils - [load_epochs_data_for_decoding_delirium:256] - Data directory for subject 'TpPI46' (group: 'DELIRIUM-') not found. Attempted path: 'None'. Base input: '/mnt/data/tom.balay/data1/Baking_EEG_data/'.
2025-07-03 13:20:56,681 - INFO - examples.run_decoding_one_pp - [execute_single_subject_decoding:291] - Using protocol-specific loading configuration for unknown: ['XPP_ALL', 'XAP_ALL', 'PP_FOR_SPECIFIC_COMPARISON', 'AP_FAMILY_1', 'AP_FAMILY_2', 'AP_FAMILY_3', 'AP_FAMILY_4', 'AP_FAMILY_5', 'AP_FAMILY_6']
2025-07-03 13:20:56,681 - INFO - examples.run_decoding_one_pp - [execute_single_subject_decoding:296] - Using loading conditions: ['XPP_ALL', 'XAP_ALL', 'PP_FOR_SPECIFIC_COMPARISON', 'AP_FAMILY_1', 'AP_FAMILY_2', 'AP_FAMILY_3', 'AP_FAMILY_4', 'AP_FAMILY_5', 'AP_FAMILY_6']
2025-07-03 13:20:56,681 - ERROR - examples.run_decoding_one_pp - [execute_single_subject_decoding:300] - Epochs object loading failed for TpPI46. Aborting subject.
2025-07-03 13:20:56,681 - WARNING - examples.run_decoding_one_group_pp - [execute_group_intra_subject_decoding_analysis:164] - Subject TpPI46 completed with errors or no valid AUC
2025-07-03 13:20:56,681 - INFO - examples.run_decoding_one_group_pp - [execute_group_intra_subject_decoding_analysis:130] - 
--- Group 'DELIRIUM-': Processing Subject 20/24: TpPL48 ---
2025-07-03 13:20:56,681 - INFO - examples.run_decoding_one_pp - [execute_single_subject_decoding:258] - Starting decoding for subject: TpPL48 (Group: DELIRIUM-, Task Set ID: Group_Intra_DELIRIUM-_Subj_TpPL48, Classifier: svc, GS: False, CSP (temp): False, ANOVA FS (temp): True, n_jobs: 40)
2025-07-03 13:20:56,681 - ERROR - utils.loading_PP_utils - [load_epochs_data_for_decoding_delirium:256] - Data directory for subject 'TpPL48' (group: 'DELIRIUM-') not found. Attempted path: 'None'. Base input: '/mnt/data/tom.balay/data1/Baking_EEG_data/'.
2025-07-03 13:20:56,681 - INFO - utils.loading_PP_utils - [load_epochs_data_auto_protocol:873] - Auto-detected protocol 'unknown' for subject 'TpPL48' (file hint: None)
2025-07-03 13:20:56,681 - ERROR - utils.loading_PP_utils - [load_epochs_data_for_decoding_delirium:256] - Data directory for subject 'TpPL48' (group: 'DELIRIUM-') not found. Attempted path: 'None'. Base input: '/mnt/data/tom.balay/data1/Baking_EEG_data/'.
2025-07-03 13:20:56,681 - INFO - examples.run_decoding_one_pp - [execute_single_subject_decoding:274] - Detected protocol 'unknown' for subject TpPL48
2025-07-03 13:20:56,682 - ERROR - utils.loading_PP_utils - [load_epochs_data_for_decoding_delirium:256] - Data directory for subject 'TpPL48' (group: 'DELIRIUM-') not found. Attempted path: 'None'. Base input: '/mnt/data/tom.balay/data1/Baking_EEG_data/'.
2025-07-03 13:20:56,682 - INFO - utils.loading_PP_utils - [load_epochs_data_auto_protocol:873] - Auto-detected protocol 'unknown' for subject 'TpPL48' (file hint: None)
2025-07-03 13:20:56,682 - ERROR - utils.loading_PP_utils - [load_epochs_data_for_decoding_delirium:256] - Data directory for subject 'TpPL48' (group: 'DELIRIUM-') not found. Attempted path: 'None'. Base input: '/mnt/data/tom.balay/data1/Baking_EEG_data/'.
2025-07-03 13:20:56,682 - INFO - examples.run_decoding_one_pp - [execute_single_subject_decoding:291] - Using protocol-specific loading configuration for unknown: ['XPP_ALL', 'XAP_ALL', 'PP_FOR_SPECIFIC_COMPARISON', 'AP_FAMILY_1', 'AP_FAMILY_2', 'AP_FAMILY_3', 'AP_FAMILY_4', 'AP_FAMILY_5', 'AP_FAMILY_6']
2025-07-03 13:20:56,682 - INFO - examples.run_decoding_one_pp - [execute_single_subject_decoding:296] - Using loading conditions: ['XPP_ALL', 'XAP_ALL', 'PP_FOR_SPECIFIC_COMPARISON', 'AP_FAMILY_1', 'AP_FAMILY_2', 'AP_FAMILY_3', 'AP_FAMILY_4', 'AP_FAMILY_5', 'AP_FAMILY_6']
2025-07-03 13:20:56,682 - ERROR - examples.run_decoding_one_pp - [execute_single_subject_decoding:300] - Epochs object loading failed for TpPL48. Aborting subject.
2025-07-03 13:20:56,682 - WARNING - examples.run_decoding_one_group_pp - [execute_group_intra_subject_decoding_analysis:164] - Subject TpPL48 completed with errors or no valid AUC
2025-07-03 13:20:56,682 - INFO - examples.run_decoding_one_group_pp - [execute_group_intra_subject_decoding_analysis:130] - 
--- Group 'DELIRIUM-': Processing Subject 21/24: TpRB50 ---
2025-07-03 13:20:56,682 - INFO - examples.run_decoding_one_pp - [execute_single_subject_decoding:258] - Starting decoding for subject: TpRB50 (Group: DELIRIUM-, Task Set ID: Group_Intra_DELIRIUM-_Subj_TpRB50, Classifier: svc, GS: False, CSP (temp): False, ANOVA FS (temp): True, n_jobs: 40)
2025-07-03 13:20:56,682 - ERROR - utils.loading_PP_utils - [load_epochs_data_for_decoding_delirium:256] - Data directory for subject 'TpRB50' (group: 'DELIRIUM-') not found. Attempted path: 'None'. Base input: '/mnt/data/tom.balay/data1/Baking_EEG_data/'.
2025-07-03 13:20:56,682 - INFO - utils.loading_PP_utils - [load_epochs_data_auto_protocol:873] - Auto-detected protocol 'unknown' for subject 'TpRB50' (file hint: None)
2025-07-03 13:20:56,682 - ERROR - utils.loading_PP_utils - [load_epochs_data_for_decoding_delirium:256] - Data directory for subject 'TpRB50' (group: 'DELIRIUM-') not found. Attempted path: 'None'. Base input: '/mnt/data/tom.balay/data1/Baking_EEG_data/'.
2025-07-03 13:20:56,683 - INFO - examples.run_decoding_one_pp - [execute_single_subject_decoding:274] - Detected protocol 'unknown' for subject TpRB50
2025-07-03 13:20:56,683 - ERROR - utils.loading_PP_utils - [load_epochs_data_for_decoding_delirium:256] - Data directory for subject 'TpRB50' (group: 'DELIRIUM-') not found. Attempted path: 'None'. Base input: '/mnt/data/tom.balay/data1/Baking_EEG_data/'.
2025-07-03 13:20:56,683 - INFO - utils.loading_PP_utils - [load_epochs_data_auto_protocol:873] - Auto-detected protocol 'unknown' for subject 'TpRB50' (file hint: None)
2025-07-03 13:20:56,683 - ERROR - utils.loading_PP_utils - [load_epochs_data_for_decoding_delirium:256] - Data directory for subject 'TpRB50' (group: 'DELIRIUM-') not found. Attempted path: 'None'. Base input: '/mnt/data/tom.balay/data1/Baking_EEG_data/'.
2025-07-03 13:20:56,683 - INFO - examples.run_decoding_one_pp - [execute_single_subject_decoding:291] - Using protocol-specific loading configuration for unknown: ['XPP_ALL', 'XAP_ALL', 'PP_FOR_SPECIFIC_COMPARISON', 'AP_FAMILY_1', 'AP_FAMILY_2', 'AP_FAMILY_3', 'AP_FAMILY_4', 'AP_FAMILY_5', 'AP_FAMILY_6']
2025-07-03 13:20:56,683 - INFO - examples.run_decoding_one_pp - [execute_single_subject_decoding:296] - Using loading conditions: ['XPP_ALL', 'XAP_ALL', 'PP_FOR_SPECIFIC_COMPARISON', 'AP_FAMILY_1', 'AP_FAMILY_2', 'AP_FAMILY_3', 'AP_FAMILY_4', 'AP_FAMILY_5', 'AP_FAMILY_6']
2025-07-03 13:20:56,683 - ERROR - examples.run_decoding_one_pp - [execute_single_subject_decoding:300] - Epochs object loading failed for TpRB50. Aborting subject.
2025-07-03 13:20:56,683 - WARNING - examples.run_decoding_one_group_pp - [execute_group_intra_subject_decoding_analysis:164] - Subject TpRB50 completed with errors or no valid AUC
2025-07-03 13:20:56,683 - INFO - examples.run_decoding_one_group_pp - [execute_group_intra_subject_decoding_analysis:130] - 
--- Group 'DELIRIUM-': Processing Subject 22/24: TpRK39 ---
2025-07-03 13:20:56,683 - INFO - examples.run_decoding_one_pp - [execute_single_subject_decoding:258] - Starting decoding for subject: TpRK39 (Group: DELIRIUM-, Task Set ID: Group_Intra_DELIRIUM-_Subj_TpRK39, Classifier: svc, GS: False, CSP (temp): False, ANOVA FS (temp): True, n_jobs: 40)
2025-07-03 13:20:56,683 - ERROR - utils.loading_PP_utils - [load_epochs_data_for_decoding_delirium:256] - Data directory for subject 'TpRK39' (group: 'DELIRIUM-') not found. Attempted path: 'None'. Base input: '/mnt/data/tom.balay/data1/Baking_EEG_data/'.
2025-07-03 13:20:56,683 - INFO - utils.loading_PP_utils - [load_epochs_data_auto_protocol:873] - Auto-detected protocol 'unknown' for subject 'TpRK39' (file hint: None)
2025-07-03 13:20:56,684 - ERROR - utils.loading_PP_utils - [load_epochs_data_for_decoding_delirium:256] - Data directory for subject 'TpRK39' (group: 'DELIRIUM-') not found. Attempted path: 'None'. Base input: '/mnt/data/tom.balay/data1/Baking_EEG_data/'.
2025-07-03 13:20:56,684 - INFO - examples.run_decoding_one_pp - [execute_single_subject_decoding:274] - Detected protocol 'unknown' for subject TpRK39
2025-07-03 13:20:56,684 - ERROR - utils.loading_PP_utils - [load_epochs_data_for_decoding_delirium:256] - Data directory for subject 'TpRK39' (group: 'DELIRIUM-') not found. Attempted path: 'None'. Base input: '/mnt/data/tom.balay/data1/Baking_EEG_data/'.
2025-07-03 13:20:56,684 - INFO - utils.loading_PP_utils - [load_epochs_data_auto_protocol:873] - Auto-detected protocol 'unknown' for subject 'TpRK39' (file hint: None)
2025-07-03 13:20:56,684 - ERROR - utils.loading_PP_utils - [load_epochs_data_for_decoding_delirium:256] - Data directory for subject 'TpRK39' (group: 'DELIRIUM-') not found. Attempted path: 'None'. Base input: '/mnt/data/tom.balay/data1/Baking_EEG_data/'.
2025-07-03 13:20:56,684 - INFO - examples.run_decoding_one_pp - [execute_single_subject_decoding:291] - Using protocol-specific loading configuration for unknown: ['XPP_ALL', 'XAP_ALL', 'PP_FOR_SPECIFIC_COMPARISON', 'AP_FAMILY_1', 'AP_FAMILY_2', 'AP_FAMILY_3', 'AP_FAMILY_4', 'AP_FAMILY_5', 'AP_FAMILY_6']
2025-07-03 13:20:56,684 - INFO - examples.run_decoding_one_pp - [execute_single_subject_decoding:296] - Using loading conditions: ['XPP_ALL', 'XAP_ALL', 'PP_FOR_SPECIFIC_COMPARISON', 'AP_FAMILY_1', 'AP_FAMILY_2', 'AP_FAMILY_3', 'AP_FAMILY_4', 'AP_FAMILY_5', 'AP_FAMILY_6']
2025-07-03 13:20:56,684 - ERROR - examples.run_decoding_one_pp - [execute_single_subject_decoding:300] - Epochs object loading failed for TpRK39. Aborting subject.
2025-07-03 13:20:56,684 - WARNING - examples.run_decoding_one_group_pp - [execute_group_intra_subject_decoding_analysis:164] - Subject TpRK39 completed with errors or no valid AUC
2025-07-03 13:20:56,684 - INFO - examples.run_decoding_one_group_pp - [execute_group_intra_subject_decoding_analysis:130] - 
--- Group 'DELIRIUM-': Processing Subject 23/24: TpSD30 ---
2025-07-03 13:20:56,684 - INFO - examples.run_decoding_one_pp - [execute_single_subject_decoding:258] - Starting decoding for subject: TpSD30 (Group: DELIRIUM-, Task Set ID: Group_Intra_DELIRIUM-_Subj_TpSD30, Classifier: svc, GS: False, CSP (temp): False, ANOVA FS (temp): True, n_jobs: 40)
2025-07-03 13:20:56,684 - ERROR - utils.loading_PP_utils - [load_epochs_data_for_decoding_delirium:256] - Data directory for subject 'TpSD30' (group: 'DELIRIUM-') not found. Attempted path: 'None'. Base input: '/mnt/data/tom.balay/data1/Baking_EEG_data/'.
2025-07-03 13:20:56,684 - INFO - utils.loading_PP_utils - [load_epochs_data_auto_protocol:873] - Auto-detected protocol 'unknown' for subject 'TpSD30' (file hint: None)
2025-07-03 13:20:56,685 - ERROR - utils.loading_PP_utils - [load_epochs_data_for_decoding_delirium:256] - Data directory for subject 'TpSD30' (group: 'DELIRIUM-') not found. Attempted path: 'None'. Base input: '/mnt/data/tom.balay/data1/Baking_EEG_data/'.
2025-07-03 13:20:56,685 - INFO - examples.run_decoding_one_pp - [execute_single_subject_decoding:274] - Detected protocol 'unknown' for subject TpSD30
2025-07-03 13:20:56,685 - ERROR - utils.loading_PP_utils - [load_epochs_data_for_decoding_delirium:256] - Data directory for subject 'TpSD30' (group: 'DELIRIUM-') not found. Attempted path: 'None'. Base input: '/mnt/data/tom.balay/data1/Baking_EEG_data/'.
2025-07-03 13:20:56,685 - INFO - utils.loading_PP_utils - [load_epochs_data_auto_protocol:873] - Auto-detected protocol 'unknown' for subject 'TpSD30' (file hint: None)
2025-07-03 13:20:56,685 - ERROR - utils.loading_PP_utils - [load_epochs_data_for_decoding_delirium:256] - Data directory for subject 'TpSD30' (group: 'DELIRIUM-') not found. Attempted path: 'None'. Base input: '/mnt/data/tom.balay/data1/Baking_EEG_data/'.
2025-07-03 13:20:56,685 - INFO - examples.run_decoding_one_pp - [execute_single_subject_decoding:291] - Using protocol-specific loading configuration for unknown: ['XPP_ALL', 'XAP_ALL', 'PP_FOR_SPECIFIC_COMPARISON', 'AP_FAMILY_1', 'AP_FAMILY_2', 'AP_FAMILY_3', 'AP_FAMILY_4', 'AP_FAMILY_5', 'AP_FAMILY_6']
2025-07-03 13:20:56,685 - INFO - examples.run_decoding_one_pp - [execute_single_subject_decoding:296] - Using loading conditions: ['XPP_ALL', 'XAP_ALL', 'PP_FOR_SPECIFIC_COMPARISON', 'AP_FAMILY_1', 'AP_FAMILY_2', 'AP_FAMILY_3', 'AP_FAMILY_4', 'AP_FAMILY_5', 'AP_FAMILY_6']
2025-07-03 13:20:56,685 - ERROR - examples.run_decoding_one_pp - [execute_single_subject_decoding:300] - Epochs object loading failed for TpSD30. Aborting subject.
2025-07-03 13:20:56,685 - WARNING - examples.run_decoding_one_group_pp - [execute_group_intra_subject_decoding_analysis:164] - Subject TpSD30 completed with errors or no valid AUC
2025-07-03 13:20:56,685 - INFO - examples.run_decoding_one_group_pp - [execute_group_intra_subject_decoding_analysis:130] - 
--- Group 'DELIRIUM-': Processing Subject 24/24: TpYB41 ---
2025-07-03 13:20:56,685 - INFO - examples.run_decoding_one_pp - [execute_single_subject_decoding:258] - Starting decoding for subject: TpYB41 (Group: DELIRIUM-, Task Set ID: Group_Intra_DELIRIUM-_Subj_TpYB41, Classifier: svc, GS: False, CSP (temp): False, ANOVA FS (temp): True, n_jobs: 40)
2025-07-03 13:20:56,685 - ERROR - utils.loading_PP_utils - [load_epochs_data_for_decoding_delirium:256] - Data directory for subject 'TpYB41' (group: 'DELIRIUM-') not found. Attempted path: 'None'. Base input: '/mnt/data/tom.balay/data1/Baking_EEG_data/'.
2025-07-03 13:20:56,686 - INFO - utils.loading_PP_utils - [load_epochs_data_auto_protocol:873] - Auto-detected protocol 'unknown' for subject 'TpYB41' (file hint: None)
2025-07-03 13:20:56,686 - ERROR - utils.loading_PP_utils - [load_epochs_data_for_decoding_delirium:256] - Data directory for subject 'TpYB41' (group: 'DELIRIUM-') not found. Attempted path: 'None'. Base input: '/mnt/data/tom.balay/data1/Baking_EEG_data/'.
2025-07-03 13:20:56,686 - INFO - examples.run_decoding_one_pp - [execute_single_subject_decoding:274] - Detected protocol 'unknown' for subject TpYB41
2025-07-03 13:20:56,686 - ERROR - utils.loading_PP_utils - [load_epochs_data_for_decoding_delirium:256] - Data directory for subject 'TpYB41' (group: 'DELIRIUM-') not found. Attempted path: 'None'. Base input: '/mnt/data/tom.balay/data1/Baking_EEG_data/'.
2025-07-03 13:20:56,686 - INFO - utils.loading_PP_utils - [load_epochs_data_auto_protocol:873] - Auto-detected protocol 'unknown' for subject 'TpYB41' (file hint: None)
2025-07-03 13:20:56,686 - ERROR - utils.loading_PP_utils - [load_epochs_data_for_decoding_delirium:256] - Data directory for subject 'TpYB41' (group: 'DELIRIUM-') not found. Attempted path: 'None'. Base input: '/mnt/data/tom.balay/data1/Baking_EEG_data/'.
2025-07-03 13:20:56,686 - INFO - examples.run_decoding_one_pp - [execute_single_subject_decoding:291] - Using protocol-specific loading configuration for unknown: ['XPP_ALL', 'XAP_ALL', 'PP_FOR_SPECIFIC_COMPARISON', 'AP_FAMILY_1', 'AP_FAMILY_2', 'AP_FAMILY_3', 'AP_FAMILY_4', 'AP_FAMILY_5', 'AP_FAMILY_6']
2025-07-03 13:20:56,686 - INFO - examples.run_decoding_one_pp - [execute_single_subject_decoding:296] - Using loading conditions: ['XPP_ALL', 'XAP_ALL', 'PP_FOR_SPECIFIC_COMPARISON', 'AP_FAMILY_1', 'AP_FAMILY_2', 'AP_FAMILY_3', 'AP_FAMILY_4', 'AP_FAMILY_5', 'AP_FAMILY_6']
2025-07-03 13:20:56,686 - ERROR - examples.run_decoding_one_pp - [execute_single_subject_decoding:300] - Epochs object loading failed for TpYB41. Aborting subject.
2025-07-03 13:20:56,686 - WARNING - examples.run_decoding_one_group_pp - [execute_group_intra_subject_decoding_analysis:164] - Subject TpYB41 completed with errors or no valid AUC
2025-07-03 13:20:56,686 - INFO - examples.run_decoding_one_group_pp - [execute_group_intra_subject_decoding_analysis:168] - Successfully processed 0/24 subjects for group 'DELIRIUM-'
2025-07-03 13:20:56,686 - INFO - examples.run_decoding_one_group_pp - [execute_group_intra_subject_decoding_analysis:171] - Finished subject loop. Total analysis time: 0.0 min
submitit INFO (2025-07-03 13:20:56,687) - Job completed successfully
2025-07-03 13:20:56,687 - INFO - submitit - [process_job:56] - Job completed successfully
submitit INFO (2025-07-03 13:20:56,687) - Exiting after successful completion
2025-07-03 13:20:56,687 - INFO - submitit - [process_job:61] - Exiting after successful completion
