submitit INFO (2025-06-27 17:56:13,699) - Starting with JobEnvironment(job_id=351629, hostname=node4, local_rank=0(1), node=0(1), global_rank=0(1))
submitit INFO (2025-06-27 17:56:13,699) - Loading pickle: /home/tom.balay/Baking_EEG/submitit/submitit_logs/TpAB19_PP/351629_submitted.pkl
DEBUG Worker - project_root: /home/tom.balay/Baking_EEG
DEBUG Worker - sys.path: ['/home/tom.balay/Baking_EEG', '/home/tom.balay/Baking_EEG/submitit', '/usr/lib/python311.zip']...
DEBUG Worker - Processing subject TpAB19 from group DELIRIUM+
DEBUG Worker - Using PP protocol
2025-06-27 17:56:16,031 - INFO - examples.run_decoding_one_group_pp - [<module>:39] - Tentative d'import de execute_single_subject_decoding...
2025-06-27 17:56:16,031 - INFO - examples.run_decoding_one_group_pp - [<module>:42] - ✅ Import de execute_single_subject_decoding réussi
2025-06-27 17:56:16,032 - INFO - examples.run_decoding_one_pp - [execute_single_subject_decoding:258] - Starting decoding for subject: TpAB19 (Group: DELIRIUM+, Task Set ID: Analysis_PP_Individual, Classifier: svc, GS: False, CSP (temp): False, ANOVA FS (temp): True, n_jobs: 40)
2025-06-27 17:56:17,402 - ERROR - utils.loading_PP_utils - [load_epochs_data_for_decoding_delirium:438] - CRITICAL: No data loaded for ANY specified conditions for subject TpAB19.
2025-06-27 17:56:17,403 - WARNING - utils.loading_PP_utils - [load_epochs_data_for_decoding_delirium:445] - Empty data array for condition 'temp' (specifier: 'AP') for subject TpAB19.
2025-06-27 17:56:17,404 - INFO - utils.loading_PP_utils - [detect_protocol_type:724] - Detected Delirium/Legacy protocol: simple AP/PP structure, 320 total events
2025-06-27 17:56:17,404 - INFO - utils.loading_PP_utils - [load_epochs_data_auto_protocol:856] - Auto-detected protocol 'delirium' for subject 'TpAB19' (file hint: legacy)
2025-06-27 17:56:17,404 - INFO - utils.loading_PP_utils - [find_epochs_file_with_protocol_detection:101] - Found epochs file: /mnt/data/tom.balay/data/Baking_EEG_data/PP_PATIENTS_DELIRIUM+_0.5/TpAB19_PP_preproc_noICA_PP-epo_ar.fif (protocol: legacy)
2025-06-27 17:56:17,404 - INFO - utils.loading_PP_utils - [load_epochs_data_for_decoding_delirium:301] - Loading epoch data for subject 'TpAB19' from: /mnt/data/tom.balay/data/Baking_EEG_data/PP_PATIENTS_DELIRIUM+_0.5/TpAB19_PP_preproc_noICA_PP-epo_ar.fif (file protocol: legacy)
2025-06-27 17:56:17,695 - INFO - utils.loading_PP_utils - [load_epochs_data_for_decoding_delirium:312] - Event IDs available for TpAB19:
2025-06-27 17:56:17,695 - INFO - utils.loading_PP_utils - [load_epochs_data_for_decoding_delirium:316] -   - 'PP/10': 110
2025-06-27 17:56:17,695 - INFO - utils.loading_PP_utils - [load_epochs_data_for_decoding_delirium:316] -   - 'PP/20': 120
2025-06-27 17:56:17,695 - INFO - utils.loading_PP_utils - [load_epochs_data_for_decoding_delirium:316] -   - 'PP/30': 130
2025-06-27 17:56:17,695 - INFO - utils.loading_PP_utils - [load_epochs_data_for_decoding_delirium:316] -   - 'AP/11': 111
2025-06-27 17:56:17,695 - INFO - utils.loading_PP_utils - [load_epochs_data_for_decoding_delirium:316] -   - 'AP/12': 112
2025-06-27 17:56:17,695 - INFO - utils.loading_PP_utils - [load_epochs_data_for_decoding_delirium:316] -   - 'AP/13': 113
2025-06-27 17:56:17,695 - INFO - utils.loading_PP_utils - [load_epochs_data_for_decoding_delirium:316] -   - 'AP/14': 114
2025-06-27 17:56:17,695 - INFO - utils.loading_PP_utils - [load_epochs_data_for_decoding_delirium:316] -   - 'AP/15': 115
2025-06-27 17:56:17,695 - INFO - utils.loading_PP_utils - [load_epochs_data_for_decoding_delirium:316] -   - 'AP/16': 116
2025-06-27 17:56:17,695 - INFO - utils.loading_PP_utils - [load_epochs_data_for_decoding_delirium:316] -   - 'AP/21': 121
2025-06-27 17:56:17,695 - INFO - utils.loading_PP_utils - [load_epochs_data_for_decoding_delirium:316] -   - 'AP/22': 122
2025-06-27 17:56:17,695 - INFO - utils.loading_PP_utils - [load_epochs_data_for_decoding_delirium:316] -   - 'AP/23': 123
2025-06-27 17:56:17,695 - INFO - utils.loading_PP_utils - [load_epochs_data_for_decoding_delirium:316] -   - 'AP/24': 124
2025-06-27 17:56:17,695 - INFO - utils.loading_PP_utils - [load_epochs_data_for_decoding_delirium:316] -   - 'AP/25': 125
2025-06-27 17:56:17,695 - INFO - utils.loading_PP_utils - [load_epochs_data_for_decoding_delirium:316] -   - 'AP/26': 126
2025-06-27 17:56:17,695 - INFO - utils.loading_PP_utils - [load_epochs_data_for_decoding_delirium:316] -   - 'AP/31': 131
2025-06-27 17:56:17,695 - INFO - utils.loading_PP_utils - [load_epochs_data_for_decoding_delirium:316] -   - 'AP/32': 132
2025-06-27 17:56:17,695 - INFO - utils.loading_PP_utils - [load_epochs_data_for_decoding_delirium:316] -   - 'AP/33': 133
2025-06-27 17:56:17,695 - INFO - utils.loading_PP_utils - [load_epochs_data_for_decoding_delirium:316] -   - 'AP/34': 134
2025-06-27 17:56:17,696 - INFO - utils.loading_PP_utils - [load_epochs_data_for_decoding_delirium:316] -   - 'AP/35': 135
2025-06-27 17:56:17,696 - INFO - utils.loading_PP_utils - [load_epochs_data_for_decoding_delirium:316] -   - 'AP/36': 136
2025-06-27 17:56:17,717 - INFO - utils.loading_PP_utils - [inspect_epochs_events:908] - === EVENT INSPECTION FOR TpAB19 ===
2025-06-27 17:56:17,717 - INFO - utils.loading_PP_utils - [inspect_epochs_events:911] - File: /mnt/data/tom.balay/data/Baking_EEG_data/PP_PATIENTS_DELIRIUM+_0.5/TpAB19_PP_preproc_noICA_PP-epo_ar.fif
2025-06-27 17:56:17,717 - INFO - utils.loading_PP_utils - [inspect_epochs_events:912] - Total events: 320
2025-06-27 17:56:17,717 - INFO - utils.loading_PP_utils - [inspect_epochs_events:913] - Event types and counts:
2025-06-27 17:56:17,717 - INFO - utils.loading_PP_utils - [inspect_epochs_events:915] -   - 'PP/10' (code 110): 13 epochs
2025-06-27 17:56:17,717 - INFO - utils.loading_PP_utils - [inspect_epochs_events:915] -   - 'PP/20' (code 120): 17 epochs
2025-06-27 17:56:17,717 - INFO - utils.loading_PP_utils - [inspect_epochs_events:915] -   - 'PP/30' (code 130): 14 epochs
2025-06-27 17:56:17,717 - INFO - utils.loading_PP_utils - [inspect_epochs_events:915] -   - 'AP/11' (code 111): 16 epochs
2025-06-27 17:56:17,717 - INFO - utils.loading_PP_utils - [inspect_epochs_events:915] -   - 'AP/12' (code 112): 14 epochs
2025-06-27 17:56:17,717 - INFO - utils.loading_PP_utils - [inspect_epochs_events:915] -   - 'AP/13' (code 113): 16 epochs
2025-06-27 17:56:17,717 - INFO - utils.loading_PP_utils - [inspect_epochs_events:915] -   - 'AP/14' (code 114): 16 epochs
2025-06-27 17:56:17,717 - INFO - utils.loading_PP_utils - [inspect_epochs_events:915] -   - 'AP/15' (code 115): 16 epochs
2025-06-27 17:56:17,717 - INFO - utils.loading_PP_utils - [inspect_epochs_events:915] -   - 'AP/16' (code 116): 16 epochs
2025-06-27 17:56:17,717 - INFO - utils.loading_PP_utils - [inspect_epochs_events:915] -   - 'AP/21' (code 121): 14 epochs
2025-06-27 17:56:17,717 - INFO - utils.loading_PP_utils - [inspect_epochs_events:915] -   - 'AP/22' (code 122): 15 epochs
2025-06-27 17:56:17,717 - INFO - utils.loading_PP_utils - [inspect_epochs_events:915] -   - 'AP/23' (code 123): 15 epochs
2025-06-27 17:56:17,717 - INFO - utils.loading_PP_utils - [inspect_epochs_events:915] -   - 'AP/24' (code 124): 12 epochs
2025-06-27 17:56:17,718 - INFO - utils.loading_PP_utils - [inspect_epochs_events:915] -   - 'AP/25' (code 125): 14 epochs
2025-06-27 17:56:17,718 - INFO - utils.loading_PP_utils - [inspect_epochs_events:915] -   - 'AP/26' (code 126): 13 epochs
2025-06-27 17:56:17,718 - INFO - utils.loading_PP_utils - [inspect_epochs_events:915] -   - 'AP/31' (code 131): 10 epochs
2025-06-27 17:56:17,718 - INFO - utils.loading_PP_utils - [inspect_epochs_events:915] -   - 'AP/32' (code 132): 17 epochs
2025-06-27 17:56:17,718 - INFO - utils.loading_PP_utils - [inspect_epochs_events:915] -   - 'AP/33' (code 133): 15 epochs
2025-06-27 17:56:17,718 - INFO - utils.loading_PP_utils - [inspect_epochs_events:915] -   - 'AP/34' (code 134): 20 epochs
2025-06-27 17:56:17,718 - INFO - utils.loading_PP_utils - [inspect_epochs_events:915] -   - 'AP/35' (code 135): 17 epochs
2025-06-27 17:56:17,718 - INFO - utils.loading_PP_utils - [inspect_epochs_events:915] -   - 'AP/36' (code 136): 20 epochs
2025-06-27 17:56:17,876 - INFO - utils.loading_PP_utils - [load_epochs_data_for_decoding_delirium:342] - Processing conditions: ['XPP_ALL', 'XAP_ALL']
2025-06-27 17:56:18,035 - INFO - utils.loading_PP_utils - [load_epochs_data_for_decoding_delirium:455] -   Data shapes for 'TpAB19': XPP_ALL=(44, 124, 601), XAP_ALL=(276, 124, 601). Loaded in 0.63s
2025-06-27 17:56:18,035 - INFO - examples.run_decoding_one_pp - [execute_single_subject_decoding:274] - Detected protocol 'delirium' for subject TpAB19
2025-06-27 17:56:18,478 - ERROR - utils.loading_PP_utils - [load_epochs_data_for_decoding_delirium:438] - CRITICAL: No data loaded for ANY specified conditions for subject TpAB19.
2025-06-27 17:56:18,478 - WARNING - utils.loading_PP_utils - [load_epochs_data_for_decoding_delirium:445] - Empty data array for condition 'temp' (specifier: 'AP') for subject TpAB19.
2025-06-27 17:56:18,479 - INFO - utils.loading_PP_utils - [detect_protocol_type:724] - Detected Delirium/Legacy protocol: simple AP/PP structure, 320 total events
2025-06-27 17:56:18,479 - INFO - utils.loading_PP_utils - [load_epochs_data_auto_protocol:856] - Auto-detected protocol 'delirium' for subject 'TpAB19' (file hint: legacy)
2025-06-27 17:56:18,479 - INFO - utils.loading_PP_utils - [find_epochs_file_with_protocol_detection:101] - Found epochs file: /mnt/data/tom.balay/data/Baking_EEG_data/PP_PATIENTS_DELIRIUM+_0.5/TpAB19_PP_preproc_noICA_PP-epo_ar.fif (protocol: legacy)
2025-06-27 17:56:18,479 - INFO - utils.loading_PP_utils - [load_epochs_data_for_decoding_delirium:301] - Loading epoch data for subject 'TpAB19' from: /mnt/data/tom.balay/data/Baking_EEG_data/PP_PATIENTS_DELIRIUM+_0.5/TpAB19_PP_preproc_noICA_PP-epo_ar.fif (file protocol: legacy)
2025-06-27 17:56:18,762 - INFO - utils.loading_PP_utils - [load_epochs_data_for_decoding_delirium:312] - Event IDs available for TpAB19:
2025-06-27 17:56:18,762 - INFO - utils.loading_PP_utils - [load_epochs_data_for_decoding_delirium:316] -   - 'PP/10': 110
2025-06-27 17:56:18,762 - INFO - utils.loading_PP_utils - [load_epochs_data_for_decoding_delirium:316] -   - 'PP/20': 120
2025-06-27 17:56:18,762 - INFO - utils.loading_PP_utils - [load_epochs_data_for_decoding_delirium:316] -   - 'PP/30': 130
2025-06-27 17:56:18,762 - INFO - utils.loading_PP_utils - [load_epochs_data_for_decoding_delirium:316] -   - 'AP/11': 111
2025-06-27 17:56:18,762 - INFO - utils.loading_PP_utils - [load_epochs_data_for_decoding_delirium:316] -   - 'AP/12': 112
2025-06-27 17:56:18,762 - INFO - utils.loading_PP_utils - [load_epochs_data_for_decoding_delirium:316] -   - 'AP/13': 113
2025-06-27 17:56:18,762 - INFO - utils.loading_PP_utils - [load_epochs_data_for_decoding_delirium:316] -   - 'AP/14': 114
2025-06-27 17:56:18,762 - INFO - utils.loading_PP_utils - [load_epochs_data_for_decoding_delirium:316] -   - 'AP/15': 115
2025-06-27 17:56:18,762 - INFO - utils.loading_PP_utils - [load_epochs_data_for_decoding_delirium:316] -   - 'AP/16': 116
2025-06-27 17:56:18,762 - INFO - utils.loading_PP_utils - [load_epochs_data_for_decoding_delirium:316] -   - 'AP/21': 121
2025-06-27 17:56:18,762 - INFO - utils.loading_PP_utils - [load_epochs_data_for_decoding_delirium:316] -   - 'AP/22': 122
2025-06-27 17:56:18,762 - INFO - utils.loading_PP_utils - [load_epochs_data_for_decoding_delirium:316] -   - 'AP/23': 123
2025-06-27 17:56:18,762 - INFO - utils.loading_PP_utils - [load_epochs_data_for_decoding_delirium:316] -   - 'AP/24': 124
2025-06-27 17:56:18,762 - INFO - utils.loading_PP_utils - [load_epochs_data_for_decoding_delirium:316] -   - 'AP/25': 125
2025-06-27 17:56:18,762 - INFO - utils.loading_PP_utils - [load_epochs_data_for_decoding_delirium:316] -   - 'AP/26': 126
2025-06-27 17:56:18,762 - INFO - utils.loading_PP_utils - [load_epochs_data_for_decoding_delirium:316] -   - 'AP/31': 131
2025-06-27 17:56:18,762 - INFO - utils.loading_PP_utils - [load_epochs_data_for_decoding_delirium:316] -   - 'AP/32': 132
2025-06-27 17:56:18,762 - INFO - utils.loading_PP_utils - [load_epochs_data_for_decoding_delirium:316] -   - 'AP/33': 133
2025-06-27 17:56:18,762 - INFO - utils.loading_PP_utils - [load_epochs_data_for_decoding_delirium:316] -   - 'AP/34': 134
2025-06-27 17:56:18,762 - INFO - utils.loading_PP_utils - [load_epochs_data_for_decoding_delirium:316] -   - 'AP/35': 135
2025-06-27 17:56:18,763 - INFO - utils.loading_PP_utils - [load_epochs_data_for_decoding_delirium:316] -   - 'AP/36': 136
2025-06-27 17:56:18,784 - INFO - utils.loading_PP_utils - [inspect_epochs_events:908] - === EVENT INSPECTION FOR TpAB19 ===
2025-06-27 17:56:18,784 - INFO - utils.loading_PP_utils - [inspect_epochs_events:911] - File: /mnt/data/tom.balay/data/Baking_EEG_data/PP_PATIENTS_DELIRIUM+_0.5/TpAB19_PP_preproc_noICA_PP-epo_ar.fif
2025-06-27 17:56:18,784 - INFO - utils.loading_PP_utils - [inspect_epochs_events:912] - Total events: 320
2025-06-27 17:56:18,784 - INFO - utils.loading_PP_utils - [inspect_epochs_events:913] - Event types and counts:
2025-06-27 17:56:18,784 - INFO - utils.loading_PP_utils - [inspect_epochs_events:915] -   - 'PP/10' (code 110): 13 epochs
2025-06-27 17:56:18,784 - INFO - utils.loading_PP_utils - [inspect_epochs_events:915] -   - 'PP/20' (code 120): 17 epochs
2025-06-27 17:56:18,784 - INFO - utils.loading_PP_utils - [inspect_epochs_events:915] -   - 'PP/30' (code 130): 14 epochs
2025-06-27 17:56:18,785 - INFO - utils.loading_PP_utils - [inspect_epochs_events:915] -   - 'AP/11' (code 111): 16 epochs
2025-06-27 17:56:18,785 - INFO - utils.loading_PP_utils - [inspect_epochs_events:915] -   - 'AP/12' (code 112): 14 epochs
2025-06-27 17:56:18,785 - INFO - utils.loading_PP_utils - [inspect_epochs_events:915] -   - 'AP/13' (code 113): 16 epochs
2025-06-27 17:56:18,785 - INFO - utils.loading_PP_utils - [inspect_epochs_events:915] -   - 'AP/14' (code 114): 16 epochs
2025-06-27 17:56:18,785 - INFO - utils.loading_PP_utils - [inspect_epochs_events:915] -   - 'AP/15' (code 115): 16 epochs
2025-06-27 17:56:18,785 - INFO - utils.loading_PP_utils - [inspect_epochs_events:915] -   - 'AP/16' (code 116): 16 epochs
2025-06-27 17:56:18,785 - INFO - utils.loading_PP_utils - [inspect_epochs_events:915] -   - 'AP/21' (code 121): 14 epochs
2025-06-27 17:56:18,785 - INFO - utils.loading_PP_utils - [inspect_epochs_events:915] -   - 'AP/22' (code 122): 15 epochs
2025-06-27 17:56:18,785 - INFO - utils.loading_PP_utils - [inspect_epochs_events:915] -   - 'AP/23' (code 123): 15 epochs
2025-06-27 17:56:18,785 - INFO - utils.loading_PP_utils - [inspect_epochs_events:915] -   - 'AP/24' (code 124): 12 epochs
2025-06-27 17:56:18,785 - INFO - utils.loading_PP_utils - [inspect_epochs_events:915] -   - 'AP/25' (code 125): 14 epochs
2025-06-27 17:56:18,785 - INFO - utils.loading_PP_utils - [inspect_epochs_events:915] -   - 'AP/26' (code 126): 13 epochs
2025-06-27 17:56:18,785 - INFO - utils.loading_PP_utils - [inspect_epochs_events:915] -   - 'AP/31' (code 131): 10 epochs
2025-06-27 17:56:18,785 - INFO - utils.loading_PP_utils - [inspect_epochs_events:915] -   - 'AP/32' (code 132): 17 epochs
2025-06-27 17:56:18,785 - INFO - utils.loading_PP_utils - [inspect_epochs_events:915] -   - 'AP/33' (code 133): 15 epochs
2025-06-27 17:56:18,785 - INFO - utils.loading_PP_utils - [inspect_epochs_events:915] -   - 'AP/34' (code 134): 20 epochs
2025-06-27 17:56:18,785 - INFO - utils.loading_PP_utils - [inspect_epochs_events:915] -   - 'AP/35' (code 135): 17 epochs
2025-06-27 17:56:18,785 - INFO - utils.loading_PP_utils - [inspect_epochs_events:915] -   - 'AP/36' (code 136): 20 epochs
2025-06-27 17:56:18,943 - INFO - utils.loading_PP_utils - [load_epochs_data_for_decoding_delirium:342] - Processing conditions: ['XPP_ALL', 'XAP_ALL', 'PP_FOR_SPECIFIC_COMPARISON', 'AP_FAMILY_1', 'AP_FAMILY_2', 'AP_FAMILY_3', 'AP_FAMILY_4', 'AP_FAMILY_5', 'AP_FAMILY_6']
2025-06-27 17:56:19,293 - INFO - utils.loading_PP_utils - [load_epochs_data_for_decoding_delirium:455] -   Data shapes for 'TpAB19': XPP_ALL=(44, 124, 601), XAP_ALL=(276, 124, 601), PP_FOR_SPECIFIC_COMPARISON=(44, 124, 601), AP_FAMILY_1=(40, 124, 601), AP_FAMILY_2=(46, 124, 601), AP_FAMILY_3=(46, 124, 601), AP_FAMILY_4=(48, 124, 601), AP_FAMILY_5=(47, 124, 601), AP_FAMILY_6=(49, 124, 601). Loaded in 0.81s
2025-06-27 17:56:19,295 - INFO - examples.run_decoding_one_pp - [execute_single_subject_decoding:291] - Using protocol-specific loading configuration for delirium: ['XPP_ALL', 'XAP_ALL', 'PP_FOR_SPECIFIC_COMPARISON', 'AP_FAMILY_1', 'AP_FAMILY_2', 'AP_FAMILY_3', 'AP_FAMILY_4', 'AP_FAMILY_5', 'AP_FAMILY_6']
2025-06-27 17:56:19,295 - INFO - examples.run_decoding_one_pp - [execute_single_subject_decoding:296] - Using loading conditions: ['XPP_ALL', 'XAP_ALL', 'PP_FOR_SPECIFIC_COMPARISON', 'AP_FAMILY_1', 'AP_FAMILY_2', 'AP_FAMILY_3', 'AP_FAMILY_4', 'AP_FAMILY_5', 'AP_FAMILY_6']
2025-06-27 17:56:19,295 - INFO - examples.run_decoding_one_pp - [execute_single_subject_decoding:324] - Successfully loaded 640 total epochs across all conditions for TpAB19
2025-06-27 17:56:19,295 - INFO - examples.run_decoding_one_pp - [execute_single_subject_decoding:338] - Protocol-specific settings for delirium: CV folds=10, AP families=6, PP events=['PP/10', 'PP/20', 'PP/30']
2025-06-27 17:56:19,295 - INFO - examples.run_decoding_one_pp - [execute_single_subject_decoding:363] - --- Starting Main Protocol Decoding for TpAB19 ---
2025-06-27 17:56:19,295 - INFO - examples.run_decoding_one_pp - [execute_single_subject_decoding:366] -   --- 1. Main Decoding (e.g., PP/all vs AP/all) for TpAB19 ---
2025-06-27 17:56:19,376 - INFO - Baking_EEG._4_decoding_core - [run_temporal_decoding_analysis:68] - --- Temporal Ddcoding Analysis ---
2025-06-27 17:56:19,376 - INFO - Baking_EEG._4_decoding_core - [run_temporal_decoding_analysis:69] - Clf: svc, GS: False, CSP (temporal): False, ANOVA FS (temporal): True
2025-06-27 17:56:19,377 - INFO - base.base_decoding - [_build_standard_classifier_pipeline:57] - Pipeline à hyperparamètres fixes: type='svc', CSP: False, ANOVA FS: True
2025-06-27 17:56:19,377 - INFO - base.base_decoding - [_build_standard_classifier_pipeline:68] - DEBUG: add_csp_step type=bool, value=False, bool()=False
2025-06-27 17:56:19,377 - INFO - base.base_decoding - [_build_standard_classifier_pipeline:91] -    Étape ANOVA FS 'anova_feature_selection' ajoutée (percentile fixe=15).
2025-06-27 17:56:19,377 - INFO - base.base_decoding - [_build_standard_classifier_pipeline:123] - Structure finale du pipeline: ['scaler', 'anova_feature_selection', 'svc_classifier']
2025-06-27 17:56:19,377 - INFO - base.base_decoding - [_build_standard_classifier_pipeline:57] - Pipeline à hyperparamètres fixes: type='svc', CSP: False, ANOVA FS: False
2025-06-27 17:56:19,377 - INFO - base.base_decoding - [_build_standard_classifier_pipeline:68] - DEBUG: add_csp_step type=bool, value=False, bool()=False
2025-06-27 17:56:19,377 - INFO - base.base_decoding - [_build_standard_classifier_pipeline:123] - Structure finale du pipeline: ['scaler', 'svc_classifier']
2025-06-27 17:56:19,377 - INFO - Baking_EEG._4_decoding_core - [run_temporal_decoding_analysis:246] - CV strategy: StratifiedKFold with 10 splits.
2025-06-27 17:56:19,377 - INFO - Baking_EEG._4_decoding_core - [run_temporal_decoding_analysis:258] - Sample weights: Auto-calculated per fold (recommended for StratifiedKFold).
2025-06-27 17:56:19,387 - INFO - Baking_EEG._4_decoding_core - [run_temporal_decoding_analysis:294] - MNE Estimators: Using fold-specific balancing via class_weight='balanced' (if supported by classifier).
2025-06-27 17:56:19,387 - INFO - Baking_EEG._4_decoding_core - [run_temporal_decoding_analysis:310] - Starting 1D temporal decoding (SlidingEstimator)...
2025-06-27 17:56:40,197 - INFO - Baking_EEG._4_decoding_core - [run_temporal_decoding_analysis:338] - 1D temporal decoding done. Peak mean AUC: 0.735
2025-06-27 17:56:40,198 - INFO - Baking_EEG._4_decoding_core - [run_temporal_decoding_analysis:379] - TGM computation disabled.
2025-06-27 17:56:40,198 - INFO - Baking_EEG._4_decoding_core - [run_temporal_decoding_analysis:382] - Starting global decoding (n_jobs_folds=40)...
2025-06-27 17:57:15,219 - INFO - Baking_EEG._4_decoding_core - [run_temporal_decoding_analysis:439] - Global decoding done. Mean CV AUC: 0.679 +/- 0.135
2025-06-27 17:57:15,230 - INFO - Baking_EEG._4_decoding_core - [run_temporal_decoding_analysis:478] -   Overall global metrics (aggregated): {'roc_auc': '0.684', 'accuracy': '0.841', 'precision': '0.370', 'recall': '0.227', 'f1_score': '0.282', 'balanced_accuracy': '0.583'}
2025-06-27 17:57:15,230 - INFO - utils.stats_utils - [perform_pointwise_fdr_correction_on_scores:439] - Performing pointwise wilcoxon with FDR correction. Data shape for test (obs, features if any): (10, 601)
2025-06-27 17:57:15,230 - INFO - utils.stats_utils - [perform_pointwise_fdr_correction_on_scores:443] -   Parameters: chance=0.5, alpha=0.05, test_type='wilcoxon', FDR_method='indep', alternative='greater'
2025-06-27 17:57:15,558 - INFO - utils.stats_utils - [perform_pointwise_fdr_correction_on_scores:714] - FDR correction completed. 0 point(s) found significant (p_fdr < 0.05).
2025-06-27 17:57:15,558 - INFO - utils.stats_utils - [perform_cluster_permutation_test:195] - Executing cluster-based permutation test. Data shape (obs, features...): (10, 601)
2025-06-27 17:57:15,558 - INFO - utils.stats_utils - [perform_cluster_permutation_test:199] -   Parameters: n_permutations=1024, threshold_config={'start': 0.1, 'step': 0.1}, alternative='greater' (MNE tail=1), n_jobs=-1
2025-06-27 17:57:15,558 - INFO - utils.stats_utils - [perform_cluster_permutation_test:210] -   Using MNE's default stat_fun (ttest_1samp_no_p) for permutation test.
2025-06-27 17:57:15,558 - INFO - utils.stats_utils - [perform_cluster_permutation_test:242] -   Input data is 2D (features). MNE will use default temporal connectivity inference if applicable.
stat_fun(H1): min=-4.330906 max=9.399969
Running initial clustering …
Using 93 thresholds from 0.10 to 9.30 for TFCE computation (h_power=2.00, e_power=0.50)
Found 601 clusters
2025-06-27 17:57:17,220 - INFO - utils.stats_utils - [perform_cluster_permutation_test:314] - Cluster permutation test completed. 601 initial clusters found (after processing slices).
2025-06-27 17:57:17,220 - INFO - utils.stats_utils - [perform_cluster_permutation_test:338] -   Significant Cluster #187: p-value = 0.0186. Mask shape: (601,), Num True points: 1
2025-06-27 17:57:17,220 - INFO - utils.stats_utils - [perform_cluster_permutation_test:338] -   Significant Cluster #188: p-value = 0.0039. Mask shape: (601,), Num True points: 1
2025-06-27 17:57:17,220 - INFO - utils.stats_utils - [perform_cluster_permutation_test:338] -   Significant Cluster #189: p-value = 0.0029. Mask shape: (601,), Num True points: 1
2025-06-27 17:57:17,220 - INFO - utils.stats_utils - [perform_cluster_permutation_test:338] -   Significant Cluster #190: p-value = 0.0264. Mask shape: (601,), Num True points: 1
2025-06-27 17:57:17,221 - INFO - examples.run_decoding_one_pp - [execute_single_subject_decoding:426] - Main Decoding for TpAB19 DONE. Mean Global AUC: 0.679
2025-06-27 17:57:17,221 - INFO - examples.run_decoding_one_pp - [execute_single_subject_decoding:432] -   --- 2. Specific Task Comparisons (e.g. PP_spec vs AP_family_X) for TpAB19 ---
2025-06-27 17:57:17,246 - INFO - Baking_EEG._4_decoding_core - [run_temporal_decoding_analysis:68] - --- Temporal Ddcoding Analysis ---
2025-06-27 17:57:17,246 - INFO - Baking_EEG._4_decoding_core - [run_temporal_decoding_analysis:69] - Clf: svc, GS: False, CSP (temporal): False, ANOVA FS (temporal): True
2025-06-27 17:57:17,248 - INFO - base.base_decoding - [_build_standard_classifier_pipeline:57] - Pipeline à hyperparamètres fixes: type='svc', CSP: False, ANOVA FS: True
2025-06-27 17:57:17,248 - INFO - base.base_decoding - [_build_standard_classifier_pipeline:68] - DEBUG: add_csp_step type=bool, value=False, bool()=False
2025-06-27 17:57:17,248 - INFO - base.base_decoding - [_build_standard_classifier_pipeline:91] -    Étape ANOVA FS 'anova_feature_selection' ajoutée (percentile fixe=15).
2025-06-27 17:57:17,249 - INFO - base.base_decoding - [_build_standard_classifier_pipeline:123] - Structure finale du pipeline: ['scaler', 'anova_feature_selection', 'svc_classifier']
2025-06-27 17:57:17,249 - INFO - base.base_decoding - [_build_standard_classifier_pipeline:57] - Pipeline à hyperparamètres fixes: type='svc', CSP: False, ANOVA FS: False
2025-06-27 17:57:17,249 - INFO - base.base_decoding - [_build_standard_classifier_pipeline:68] - DEBUG: add_csp_step type=bool, value=False, bool()=False
2025-06-27 17:57:17,249 - INFO - base.base_decoding - [_build_standard_classifier_pipeline:123] - Structure finale du pipeline: ['scaler', 'svc_classifier']
2025-06-27 17:57:17,249 - INFO - Baking_EEG._4_decoding_core - [run_temporal_decoding_analysis:246] - CV strategy: StratifiedKFold with 10 splits.
2025-06-27 17:57:17,249 - INFO - Baking_EEG._4_decoding_core - [run_temporal_decoding_analysis:258] - Sample weights: Auto-calculated per fold (recommended for StratifiedKFold).
2025-06-27 17:57:17,259 - INFO - Baking_EEG._4_decoding_core - [run_temporal_decoding_analysis:294] - MNE Estimators: Using fold-specific balancing via class_weight='balanced' (if supported by classifier).
2025-06-27 17:57:17,259 - INFO - Baking_EEG._4_decoding_core - [run_temporal_decoding_analysis:310] - Starting 1D temporal decoding (SlidingEstimator)...
