submitit INFO (2025-07-03 13:24:21,030) - Starting with JobEnvironment(job_id=357420_6, hostname=node10, local_rank=0(1), node=0(1), global_rank=0(1))
submitit INFO (2025-07-03 13:24:21,030) - Loading pickle: /home/tom.balay/Baking_EEG/submitit/logs_submitit_master/slurm_jobs_ALL_8_GROUPS_INTRA_20250703_132419/357420_6_submitted.pkl
DEBUG Worker - project_root: /home/tom.balay/Baking_EEG
DEBUG Worker - parent_dir: /home/tom.balay
DEBUG Worker - sys.path: ['/home/tom.balay', '/home/tom.balay/Baking_EEG', '/home/tom.balay/Baking_EEG/submitit']...
2025-07-03 13:24:24,391 - INFO - examples.run_decoding_one_group_pp - [<module>:39] - Tentative d'import de execute_single_subject_decoding...
2025-07-03 13:24:24,391 - INFO - examples.run_decoding_one_group_pp - [<module>:42] - ✅ Import de execute_single_subject_decoding réussi
2025-07-03 13:24:24,393 - INFO - examples.run_decoding_one_group_pp - [execute_group_intra_subject_decoding_analysis:120] - Starting intra-subject decoding loop for GROUP: DELIRIUM+. GS: False, CSP: False, ANOVA FS: True. n_jobs_subj: 40.
2025-07-03 13:24:24,393 - INFO - examples.run_decoding_one_group_pp - [execute_group_intra_subject_decoding_analysis:130] - 
--- Group 'DELIRIUM+': Processing Subject 1/24: TpAB19 ---
2025-07-03 13:24:24,393 - INFO - examples.run_decoding_one_pp - [execute_single_subject_decoding:258] - Starting decoding for subject: TpAB19 (Group: DELIRIUM+, Task Set ID: Group_Intra_DELIRIUM+_Subj_TpAB19, Classifier: svc, GS: False, CSP (temp): False, ANOVA FS (temp): True, n_jobs: 40)
2025-07-03 13:24:24,394 - ERROR - utils.loading_PP_utils - [load_epochs_data_for_decoding_delirium:256] - Data directory for subject 'TpAB19' (group: 'DELIRIUM+') not found. Attempted path: 'None'. Base input: '/mnt/data/tom.balay/data1/Baking_EEG_data/Baking_EEG_data'.
2025-07-03 13:24:24,394 - INFO - utils.loading_PP_utils - [load_epochs_data_auto_protocol:873] - Auto-detected protocol 'unknown' for subject 'TpAB19' (file hint: None)
2025-07-03 13:24:24,394 - ERROR - utils.loading_PP_utils - [load_epochs_data_for_decoding_delirium:256] - Data directory for subject 'TpAB19' (group: 'DELIRIUM+') not found. Attempted path: 'None'. Base input: '/mnt/data/tom.balay/data1/Baking_EEG_data/Baking_EEG_data'.
2025-07-03 13:24:24,394 - INFO - examples.run_decoding_one_pp - [execute_single_subject_decoding:274] - Detected protocol 'unknown' for subject TpAB19
2025-07-03 13:24:24,394 - ERROR - utils.loading_PP_utils - [load_epochs_data_for_decoding_delirium:256] - Data directory for subject 'TpAB19' (group: 'DELIRIUM+') not found. Attempted path: 'None'. Base input: '/mnt/data/tom.balay/data1/Baking_EEG_data/Baking_EEG_data'.
2025-07-03 13:24:24,394 - INFO - utils.loading_PP_utils - [load_epochs_data_auto_protocol:873] - Auto-detected protocol 'unknown' for subject 'TpAB19' (file hint: None)
2025-07-03 13:24:24,394 - ERROR - utils.loading_PP_utils - [load_epochs_data_for_decoding_delirium:256] - Data directory for subject 'TpAB19' (group: 'DELIRIUM+') not found. Attempted path: 'None'. Base input: '/mnt/data/tom.balay/data1/Baking_EEG_data/Baking_EEG_data'.
2025-07-03 13:24:24,394 - INFO - examples.run_decoding_one_pp - [execute_single_subject_decoding:291] - Using protocol-specific loading configuration for unknown: ['XPP_ALL', 'XAP_ALL', 'PP_FOR_SPECIFIC_COMPARISON', 'AP_FAMILY_1', 'AP_FAMILY_2', 'AP_FAMILY_3', 'AP_FAMILY_4', 'AP_FAMILY_5', 'AP_FAMILY_6']
2025-07-03 13:24:24,394 - INFO - examples.run_decoding_one_pp - [execute_single_subject_decoding:296] - Using loading conditions: ['XPP_ALL', 'XAP_ALL', 'PP_FOR_SPECIFIC_COMPARISON', 'AP_FAMILY_1', 'AP_FAMILY_2', 'AP_FAMILY_3', 'AP_FAMILY_4', 'AP_FAMILY_5', 'AP_FAMILY_6']
2025-07-03 13:24:24,395 - ERROR - examples.run_decoding_one_pp - [execute_single_subject_decoding:300] - Epochs object loading failed for TpAB19. Aborting subject.
2025-07-03 13:24:24,395 - WARNING - examples.run_decoding_one_group_pp - [execute_group_intra_subject_decoding_analysis:164] - Subject TpAB19 completed with errors or no valid AUC
2025-07-03 13:24:24,395 - INFO - examples.run_decoding_one_group_pp - [execute_group_intra_subject_decoding_analysis:130] - 
--- Group 'DELIRIUM+': Processing Subject 2/24: TpAK24 ---
2025-07-03 13:24:24,395 - INFO - examples.run_decoding_one_pp - [execute_single_subject_decoding:258] - Starting decoding for subject: TpAK24 (Group: DELIRIUM+, Task Set ID: Group_Intra_DELIRIUM+_Subj_TpAK24, Classifier: svc, GS: False, CSP (temp): False, ANOVA FS (temp): True, n_jobs: 40)
2025-07-03 13:24:24,395 - ERROR - utils.loading_PP_utils - [load_epochs_data_for_decoding_delirium:256] - Data directory for subject 'TpAK24' (group: 'DELIRIUM+') not found. Attempted path: 'None'. Base input: '/mnt/data/tom.balay/data1/Baking_EEG_data/Baking_EEG_data'.
2025-07-03 13:24:24,395 - INFO - utils.loading_PP_utils - [load_epochs_data_auto_protocol:873] - Auto-detected protocol 'unknown' for subject 'TpAK24' (file hint: None)
2025-07-03 13:24:24,395 - ERROR - utils.loading_PP_utils - [load_epochs_data_for_decoding_delirium:256] - Data directory for subject 'TpAK24' (group: 'DELIRIUM+') not found. Attempted path: 'None'. Base input: '/mnt/data/tom.balay/data1/Baking_EEG_data/Baking_EEG_data'.
2025-07-03 13:24:24,395 - INFO - examples.run_decoding_one_pp - [execute_single_subject_decoding:274] - Detected protocol 'unknown' for subject TpAK24
2025-07-03 13:24:24,395 - ERROR - utils.loading_PP_utils - [load_epochs_data_for_decoding_delirium:256] - Data directory for subject 'TpAK24' (group: 'DELIRIUM+') not found. Attempted path: 'None'. Base input: '/mnt/data/tom.balay/data1/Baking_EEG_data/Baking_EEG_data'.
2025-07-03 13:24:24,395 - INFO - utils.loading_PP_utils - [load_epochs_data_auto_protocol:873] - Auto-detected protocol 'unknown' for subject 'TpAK24' (file hint: None)
2025-07-03 13:24:24,396 - ERROR - utils.loading_PP_utils - [load_epochs_data_for_decoding_delirium:256] - Data directory for subject 'TpAK24' (group: 'DELIRIUM+') not found. Attempted path: 'None'. Base input: '/mnt/data/tom.balay/data1/Baking_EEG_data/Baking_EEG_data'.
2025-07-03 13:24:24,396 - INFO - examples.run_decoding_one_pp - [execute_single_subject_decoding:291] - Using protocol-specific loading configuration for unknown: ['XPP_ALL', 'XAP_ALL', 'PP_FOR_SPECIFIC_COMPARISON', 'AP_FAMILY_1', 'AP_FAMILY_2', 'AP_FAMILY_3', 'AP_FAMILY_4', 'AP_FAMILY_5', 'AP_FAMILY_6']
2025-07-03 13:24:24,396 - INFO - examples.run_decoding_one_pp - [execute_single_subject_decoding:296] - Using loading conditions: ['XPP_ALL', 'XAP_ALL', 'PP_FOR_SPECIFIC_COMPARISON', 'AP_FAMILY_1', 'AP_FAMILY_2', 'AP_FAMILY_3', 'AP_FAMILY_4', 'AP_FAMILY_5', 'AP_FAMILY_6']
2025-07-03 13:24:24,396 - ERROR - examples.run_decoding_one_pp - [execute_single_subject_decoding:300] - Epochs object loading failed for TpAK24. Aborting subject.
2025-07-03 13:24:24,396 - WARNING - examples.run_decoding_one_group_pp - [execute_group_intra_subject_decoding_analysis:164] - Subject TpAK24 completed with errors or no valid AUC
2025-07-03 13:24:24,396 - INFO - examples.run_decoding_one_group_pp - [execute_group_intra_subject_decoding_analysis:130] - 
--- Group 'DELIRIUM+': Processing Subject 3/24: TpAK27 ---
2025-07-03 13:24:24,396 - INFO - examples.run_decoding_one_pp - [execute_single_subject_decoding:258] - Starting decoding for subject: TpAK27 (Group: DELIRIUM+, Task Set ID: Group_Intra_DELIRIUM+_Subj_TpAK27, Classifier: svc, GS: False, CSP (temp): False, ANOVA FS (temp): True, n_jobs: 40)
2025-07-03 13:24:24,396 - ERROR - utils.loading_PP_utils - [load_epochs_data_for_decoding_delirium:256] - Data directory for subject 'TpAK27' (group: 'DELIRIUM+') not found. Attempted path: 'None'. Base input: '/mnt/data/tom.balay/data1/Baking_EEG_data/Baking_EEG_data'.
2025-07-03 13:24:24,396 - INFO - utils.loading_PP_utils - [load_epochs_data_auto_protocol:873] - Auto-detected protocol 'unknown' for subject 'TpAK27' (file hint: None)
2025-07-03 13:24:24,396 - ERROR - utils.loading_PP_utils - [load_epochs_data_for_decoding_delirium:256] - Data directory for subject 'TpAK27' (group: 'DELIRIUM+') not found. Attempted path: 'None'. Base input: '/mnt/data/tom.balay/data1/Baking_EEG_data/Baking_EEG_data'.
2025-07-03 13:24:24,396 - INFO - examples.run_decoding_one_pp - [execute_single_subject_decoding:274] - Detected protocol 'unknown' for subject TpAK27
2025-07-03 13:24:24,396 - ERROR - utils.loading_PP_utils - [load_epochs_data_for_decoding_delirium:256] - Data directory for subject 'TpAK27' (group: 'DELIRIUM+') not found. Attempted path: 'None'. Base input: '/mnt/data/tom.balay/data1/Baking_EEG_data/Baking_EEG_data'.
2025-07-03 13:24:24,397 - INFO - utils.loading_PP_utils - [load_epochs_data_auto_protocol:873] - Auto-detected protocol 'unknown' for subject 'TpAK27' (file hint: None)
2025-07-03 13:24:24,397 - ERROR - utils.loading_PP_utils - [load_epochs_data_for_decoding_delirium:256] - Data directory for subject 'TpAK27' (group: 'DELIRIUM+') not found. Attempted path: 'None'. Base input: '/mnt/data/tom.balay/data1/Baking_EEG_data/Baking_EEG_data'.
2025-07-03 13:24:24,397 - INFO - examples.run_decoding_one_pp - [execute_single_subject_decoding:291] - Using protocol-specific loading configuration for unknown: ['XPP_ALL', 'XAP_ALL', 'PP_FOR_SPECIFIC_COMPARISON', 'AP_FAMILY_1', 'AP_FAMILY_2', 'AP_FAMILY_3', 'AP_FAMILY_4', 'AP_FAMILY_5', 'AP_FAMILY_6']
2025-07-03 13:24:24,397 - INFO - examples.run_decoding_one_pp - [execute_single_subject_decoding:296] - Using loading conditions: ['XPP_ALL', 'XAP_ALL', 'PP_FOR_SPECIFIC_COMPARISON', 'AP_FAMILY_1', 'AP_FAMILY_2', 'AP_FAMILY_3', 'AP_FAMILY_4', 'AP_FAMILY_5', 'AP_FAMILY_6']
2025-07-03 13:24:24,397 - ERROR - examples.run_decoding_one_pp - [execute_single_subject_decoding:300] - Epochs object loading failed for TpAK27. Aborting subject.
2025-07-03 13:24:24,397 - WARNING - examples.run_decoding_one_group_pp - [execute_group_intra_subject_decoding_analysis:164] - Subject TpAK27 completed with errors or no valid AUC
2025-07-03 13:24:24,397 - INFO - examples.run_decoding_one_group_pp - [execute_group_intra_subject_decoding_analysis:130] - 
--- Group 'DELIRIUM+': Processing Subject 4/24: TpBL47 ---
2025-07-03 13:24:24,397 - INFO - examples.run_decoding_one_pp - [execute_single_subject_decoding:258] - Starting decoding for subject: TpBL47 (Group: DELIRIUM+, Task Set ID: Group_Intra_DELIRIUM+_Subj_TpBL47, Classifier: svc, GS: False, CSP (temp): False, ANOVA FS (temp): True, n_jobs: 40)
2025-07-03 13:24:24,397 - ERROR - utils.loading_PP_utils - [load_epochs_data_for_decoding_delirium:256] - Data directory for subject 'TpBL47' (group: 'DELIRIUM+') not found. Attempted path: 'None'. Base input: '/mnt/data/tom.balay/data1/Baking_EEG_data/Baking_EEG_data'.
2025-07-03 13:24:24,397 - INFO - utils.loading_PP_utils - [load_epochs_data_auto_protocol:873] - Auto-detected protocol 'unknown' for subject 'TpBL47' (file hint: None)
2025-07-03 13:24:24,397 - ERROR - utils.loading_PP_utils - [load_epochs_data_for_decoding_delirium:256] - Data directory for subject 'TpBL47' (group: 'DELIRIUM+') not found. Attempted path: 'None'. Base input: '/mnt/data/tom.balay/data1/Baking_EEG_data/Baking_EEG_data'.
2025-07-03 13:24:24,397 - INFO - examples.run_decoding_one_pp - [execute_single_subject_decoding:274] - Detected protocol 'unknown' for subject TpBL47
2025-07-03 13:24:24,398 - ERROR - utils.loading_PP_utils - [load_epochs_data_for_decoding_delirium:256] - Data directory for subject 'TpBL47' (group: 'DELIRIUM+') not found. Attempted path: 'None'. Base input: '/mnt/data/tom.balay/data1/Baking_EEG_data/Baking_EEG_data'.
2025-07-03 13:24:24,398 - INFO - utils.loading_PP_utils - [load_epochs_data_auto_protocol:873] - Auto-detected protocol 'unknown' for subject 'TpBL47' (file hint: None)
2025-07-03 13:24:24,398 - ERROR - utils.loading_PP_utils - [load_epochs_data_for_decoding_delirium:256] - Data directory for subject 'TpBL47' (group: 'DELIRIUM+') not found. Attempted path: 'None'. Base input: '/mnt/data/tom.balay/data1/Baking_EEG_data/Baking_EEG_data'.
2025-07-03 13:24:24,398 - INFO - examples.run_decoding_one_pp - [execute_single_subject_decoding:291] - Using protocol-specific loading configuration for unknown: ['XPP_ALL', 'XAP_ALL', 'PP_FOR_SPECIFIC_COMPARISON', 'AP_FAMILY_1', 'AP_FAMILY_2', 'AP_FAMILY_3', 'AP_FAMILY_4', 'AP_FAMILY_5', 'AP_FAMILY_6']
2025-07-03 13:24:24,398 - INFO - examples.run_decoding_one_pp - [execute_single_subject_decoding:296] - Using loading conditions: ['XPP_ALL', 'XAP_ALL', 'PP_FOR_SPECIFIC_COMPARISON', 'AP_FAMILY_1', 'AP_FAMILY_2', 'AP_FAMILY_3', 'AP_FAMILY_4', 'AP_FAMILY_5', 'AP_FAMILY_6']
2025-07-03 13:24:24,398 - ERROR - examples.run_decoding_one_pp - [execute_single_subject_decoding:300] - Epochs object loading failed for TpBL47. Aborting subject.
2025-07-03 13:24:24,398 - WARNING - examples.run_decoding_one_group_pp - [execute_group_intra_subject_decoding_analysis:164] - Subject TpBL47 completed with errors or no valid AUC
2025-07-03 13:24:24,398 - INFO - examples.run_decoding_one_group_pp - [execute_group_intra_subject_decoding_analysis:130] - 
--- Group 'DELIRIUM+': Processing Subject 5/24: TpCB15 ---
2025-07-03 13:24:24,398 - INFO - examples.run_decoding_one_pp - [execute_single_subject_decoding:258] - Starting decoding for subject: TpCB15 (Group: DELIRIUM+, Task Set ID: Group_Intra_DELIRIUM+_Subj_TpCB15, Classifier: svc, GS: False, CSP (temp): False, ANOVA FS (temp): True, n_jobs: 40)
2025-07-03 13:24:24,398 - ERROR - utils.loading_PP_utils - [load_epochs_data_for_decoding_delirium:256] - Data directory for subject 'TpCB15' (group: 'DELIRIUM+') not found. Attempted path: 'None'. Base input: '/mnt/data/tom.balay/data1/Baking_EEG_data/Baking_EEG_data'.
2025-07-03 13:24:24,398 - INFO - utils.loading_PP_utils - [load_epochs_data_auto_protocol:873] - Auto-detected protocol 'unknown' for subject 'TpCB15' (file hint: None)
2025-07-03 13:24:24,398 - ERROR - utils.loading_PP_utils - [load_epochs_data_for_decoding_delirium:256] - Data directory for subject 'TpCB15' (group: 'DELIRIUM+') not found. Attempted path: 'None'. Base input: '/mnt/data/tom.balay/data1/Baking_EEG_data/Baking_EEG_data'.
2025-07-03 13:24:24,398 - INFO - examples.run_decoding_one_pp - [execute_single_subject_decoding:274] - Detected protocol 'unknown' for subject TpCB15
2025-07-03 13:24:24,399 - ERROR - utils.loading_PP_utils - [load_epochs_data_for_decoding_delirium:256] - Data directory for subject 'TpCB15' (group: 'DELIRIUM+') not found. Attempted path: 'None'. Base input: '/mnt/data/tom.balay/data1/Baking_EEG_data/Baking_EEG_data'.
2025-07-03 13:24:24,399 - INFO - utils.loading_PP_utils - [load_epochs_data_auto_protocol:873] - Auto-detected protocol 'unknown' for subject 'TpCB15' (file hint: None)
2025-07-03 13:24:24,399 - ERROR - utils.loading_PP_utils - [load_epochs_data_for_decoding_delirium:256] - Data directory for subject 'TpCB15' (group: 'DELIRIUM+') not found. Attempted path: 'None'. Base input: '/mnt/data/tom.balay/data1/Baking_EEG_data/Baking_EEG_data'.
2025-07-03 13:24:24,399 - INFO - examples.run_decoding_one_pp - [execute_single_subject_decoding:291] - Using protocol-specific loading configuration for unknown: ['XPP_ALL', 'XAP_ALL', 'PP_FOR_SPECIFIC_COMPARISON', 'AP_FAMILY_1', 'AP_FAMILY_2', 'AP_FAMILY_3', 'AP_FAMILY_4', 'AP_FAMILY_5', 'AP_FAMILY_6']
2025-07-03 13:24:24,399 - INFO - examples.run_decoding_one_pp - [execute_single_subject_decoding:296] - Using loading conditions: ['XPP_ALL', 'XAP_ALL', 'PP_FOR_SPECIFIC_COMPARISON', 'AP_FAMILY_1', 'AP_FAMILY_2', 'AP_FAMILY_3', 'AP_FAMILY_4', 'AP_FAMILY_5', 'AP_FAMILY_6']
2025-07-03 13:24:24,399 - ERROR - examples.run_decoding_one_pp - [execute_single_subject_decoding:300] - Epochs object loading failed for TpCB15. Aborting subject.
2025-07-03 13:24:24,399 - WARNING - examples.run_decoding_one_group_pp - [execute_group_intra_subject_decoding_analysis:164] - Subject TpCB15 completed with errors or no valid AUC
2025-07-03 13:24:24,399 - INFO - examples.run_decoding_one_group_pp - [execute_group_intra_subject_decoding_analysis:130] - 
--- Group 'DELIRIUM+': Processing Subject 6/24: TpCF1 ---
2025-07-03 13:24:24,399 - INFO - examples.run_decoding_one_pp - [execute_single_subject_decoding:258] - Starting decoding for subject: TpCF1 (Group: DELIRIUM+, Task Set ID: Group_Intra_DELIRIUM+_Subj_TpCF1, Classifier: svc, GS: False, CSP (temp): False, ANOVA FS (temp): True, n_jobs: 40)
2025-07-03 13:24:24,399 - ERROR - utils.loading_PP_utils - [load_epochs_data_for_decoding_delirium:256] - Data directory for subject 'TpCF1' (group: 'DELIRIUM+') not found. Attempted path: 'None'. Base input: '/mnt/data/tom.balay/data1/Baking_EEG_data/Baking_EEG_data'.
2025-07-03 13:24:24,399 - INFO - utils.loading_PP_utils - [load_epochs_data_auto_protocol:873] - Auto-detected protocol 'unknown' for subject 'TpCF1' (file hint: None)
2025-07-03 13:24:24,399 - ERROR - utils.loading_PP_utils - [load_epochs_data_for_decoding_delirium:256] - Data directory for subject 'TpCF1' (group: 'DELIRIUM+') not found. Attempted path: 'None'. Base input: '/mnt/data/tom.balay/data1/Baking_EEG_data/Baking_EEG_data'.
2025-07-03 13:24:24,400 - INFO - examples.run_decoding_one_pp - [execute_single_subject_decoding:274] - Detected protocol 'unknown' for subject TpCF1
2025-07-03 13:24:24,400 - ERROR - utils.loading_PP_utils - [load_epochs_data_for_decoding_delirium:256] - Data directory for subject 'TpCF1' (group: 'DELIRIUM+') not found. Attempted path: 'None'. Base input: '/mnt/data/tom.balay/data1/Baking_EEG_data/Baking_EEG_data'.
2025-07-03 13:24:24,400 - INFO - utils.loading_PP_utils - [load_epochs_data_auto_protocol:873] - Auto-detected protocol 'unknown' for subject 'TpCF1' (file hint: None)
2025-07-03 13:24:24,400 - ERROR - utils.loading_PP_utils - [load_epochs_data_for_decoding_delirium:256] - Data directory for subject 'TpCF1' (group: 'DELIRIUM+') not found. Attempted path: 'None'. Base input: '/mnt/data/tom.balay/data1/Baking_EEG_data/Baking_EEG_data'.
2025-07-03 13:24:24,400 - INFO - examples.run_decoding_one_pp - [execute_single_subject_decoding:291] - Using protocol-specific loading configuration for unknown: ['XPP_ALL', 'XAP_ALL', 'PP_FOR_SPECIFIC_COMPARISON', 'AP_FAMILY_1', 'AP_FAMILY_2', 'AP_FAMILY_3', 'AP_FAMILY_4', 'AP_FAMILY_5', 'AP_FAMILY_6']
2025-07-03 13:24:24,400 - INFO - examples.run_decoding_one_pp - [execute_single_subject_decoding:296] - Using loading conditions: ['XPP_ALL', 'XAP_ALL', 'PP_FOR_SPECIFIC_COMPARISON', 'AP_FAMILY_1', 'AP_FAMILY_2', 'AP_FAMILY_3', 'AP_FAMILY_4', 'AP_FAMILY_5', 'AP_FAMILY_6']
2025-07-03 13:24:24,400 - ERROR - examples.run_decoding_one_pp - [execute_single_subject_decoding:300] - Epochs object loading failed for TpCF1. Aborting subject.
2025-07-03 13:24:24,400 - WARNING - examples.run_decoding_one_group_pp - [execute_group_intra_subject_decoding_analysis:164] - Subject TpCF1 completed with errors or no valid AUC
2025-07-03 13:24:24,400 - INFO - examples.run_decoding_one_group_pp - [execute_group_intra_subject_decoding_analysis:130] - 
--- Group 'DELIRIUM+': Processing Subject 7/24: TpDRL3 ---
2025-07-03 13:24:24,400 - INFO - examples.run_decoding_one_pp - [execute_single_subject_decoding:258] - Starting decoding for subject: TpDRL3 (Group: DELIRIUM+, Task Set ID: Group_Intra_DELIRIUM+_Subj_TpDRL3, Classifier: svc, GS: False, CSP (temp): False, ANOVA FS (temp): True, n_jobs: 40)
2025-07-03 13:24:24,400 - ERROR - utils.loading_PP_utils - [load_epochs_data_for_decoding_delirium:256] - Data directory for subject 'TpDRL3' (group: 'DELIRIUM+') not found. Attempted path: 'None'. Base input: '/mnt/data/tom.balay/data1/Baking_EEG_data/Baking_EEG_data'.
2025-07-03 13:24:24,400 - INFO - utils.loading_PP_utils - [load_epochs_data_auto_protocol:873] - Auto-detected protocol 'unknown' for subject 'TpDRL3' (file hint: None)
2025-07-03 13:24:24,401 - ERROR - utils.loading_PP_utils - [load_epochs_data_for_decoding_delirium:256] - Data directory for subject 'TpDRL3' (group: 'DELIRIUM+') not found. Attempted path: 'None'. Base input: '/mnt/data/tom.balay/data1/Baking_EEG_data/Baking_EEG_data'.
2025-07-03 13:24:24,401 - INFO - examples.run_decoding_one_pp - [execute_single_subject_decoding:274] - Detected protocol 'unknown' for subject TpDRL3
2025-07-03 13:24:24,401 - ERROR - utils.loading_PP_utils - [load_epochs_data_for_decoding_delirium:256] - Data directory for subject 'TpDRL3' (group: 'DELIRIUM+') not found. Attempted path: 'None'. Base input: '/mnt/data/tom.balay/data1/Baking_EEG_data/Baking_EEG_data'.
2025-07-03 13:24:24,401 - INFO - utils.loading_PP_utils - [load_epochs_data_auto_protocol:873] - Auto-detected protocol 'unknown' for subject 'TpDRL3' (file hint: None)
2025-07-03 13:24:24,401 - ERROR - utils.loading_PP_utils - [load_epochs_data_for_decoding_delirium:256] - Data directory for subject 'TpDRL3' (group: 'DELIRIUM+') not found. Attempted path: 'None'. Base input: '/mnt/data/tom.balay/data1/Baking_EEG_data/Baking_EEG_data'.
2025-07-03 13:24:24,401 - INFO - examples.run_decoding_one_pp - [execute_single_subject_decoding:291] - Using protocol-specific loading configuration for unknown: ['XPP_ALL', 'XAP_ALL', 'PP_FOR_SPECIFIC_COMPARISON', 'AP_FAMILY_1', 'AP_FAMILY_2', 'AP_FAMILY_3', 'AP_FAMILY_4', 'AP_FAMILY_5', 'AP_FAMILY_6']
2025-07-03 13:24:24,401 - INFO - examples.run_decoding_one_pp - [execute_single_subject_decoding:296] - Using loading conditions: ['XPP_ALL', 'XAP_ALL', 'PP_FOR_SPECIFIC_COMPARISON', 'AP_FAMILY_1', 'AP_FAMILY_2', 'AP_FAMILY_3', 'AP_FAMILY_4', 'AP_FAMILY_5', 'AP_FAMILY_6']
2025-07-03 13:24:24,401 - ERROR - examples.run_decoding_one_pp - [execute_single_subject_decoding:300] - Epochs object loading failed for TpDRL3. Aborting subject.
2025-07-03 13:24:24,401 - WARNING - examples.run_decoding_one_group_pp - [execute_group_intra_subject_decoding_analysis:164] - Subject TpDRL3 completed with errors or no valid AUC
2025-07-03 13:24:24,401 - INFO - examples.run_decoding_one_group_pp - [execute_group_intra_subject_decoding_analysis:130] - 
--- Group 'DELIRIUM+': Processing Subject 8/24: TpFF34 ---
2025-07-03 13:24:24,401 - INFO - examples.run_decoding_one_pp - [execute_single_subject_decoding:258] - Starting decoding for subject: TpFF34 (Group: DELIRIUM+, Task Set ID: Group_Intra_DELIRIUM+_Subj_TpFF34, Classifier: svc, GS: False, CSP (temp): False, ANOVA FS (temp): True, n_jobs: 40)
2025-07-03 13:24:24,401 - ERROR - utils.loading_PP_utils - [load_epochs_data_for_decoding_delirium:256] - Data directory for subject 'TpFF34' (group: 'DELIRIUM+') not found. Attempted path: 'None'. Base input: '/mnt/data/tom.balay/data1/Baking_EEG_data/Baking_EEG_data'.
2025-07-03 13:24:24,402 - INFO - utils.loading_PP_utils - [load_epochs_data_auto_protocol:873] - Auto-detected protocol 'unknown' for subject 'TpFF34' (file hint: None)
2025-07-03 13:24:24,402 - ERROR - utils.loading_PP_utils - [load_epochs_data_for_decoding_delirium:256] - Data directory for subject 'TpFF34' (group: 'DELIRIUM+') not found. Attempted path: 'None'. Base input: '/mnt/data/tom.balay/data1/Baking_EEG_data/Baking_EEG_data'.
2025-07-03 13:24:24,402 - INFO - examples.run_decoding_one_pp - [execute_single_subject_decoding:274] - Detected protocol 'unknown' for subject TpFF34
2025-07-03 13:24:24,402 - ERROR - utils.loading_PP_utils - [load_epochs_data_for_decoding_delirium:256] - Data directory for subject 'TpFF34' (group: 'DELIRIUM+') not found. Attempted path: 'None'. Base input: '/mnt/data/tom.balay/data1/Baking_EEG_data/Baking_EEG_data'.
2025-07-03 13:24:24,402 - INFO - utils.loading_PP_utils - [load_epochs_data_auto_protocol:873] - Auto-detected protocol 'unknown' for subject 'TpFF34' (file hint: None)
2025-07-03 13:24:24,402 - ERROR - utils.loading_PP_utils - [load_epochs_data_for_decoding_delirium:256] - Data directory for subject 'TpFF34' (group: 'DELIRIUM+') not found. Attempted path: 'None'. Base input: '/mnt/data/tom.balay/data1/Baking_EEG_data/Baking_EEG_data'.
2025-07-03 13:24:24,402 - INFO - examples.run_decoding_one_pp - [execute_single_subject_decoding:291] - Using protocol-specific loading configuration for unknown: ['XPP_ALL', 'XAP_ALL', 'PP_FOR_SPECIFIC_COMPARISON', 'AP_FAMILY_1', 'AP_FAMILY_2', 'AP_FAMILY_3', 'AP_FAMILY_4', 'AP_FAMILY_5', 'AP_FAMILY_6']
2025-07-03 13:24:24,402 - INFO - examples.run_decoding_one_pp - [execute_single_subject_decoding:296] - Using loading conditions: ['XPP_ALL', 'XAP_ALL', 'PP_FOR_SPECIFIC_COMPARISON', 'AP_FAMILY_1', 'AP_FAMILY_2', 'AP_FAMILY_3', 'AP_FAMILY_4', 'AP_FAMILY_5', 'AP_FAMILY_6']
2025-07-03 13:24:24,402 - ERROR - examples.run_decoding_one_pp - [execute_single_subject_decoding:300] - Epochs object loading failed for TpFF34. Aborting subject.
2025-07-03 13:24:24,402 - WARNING - examples.run_decoding_one_group_pp - [execute_group_intra_subject_decoding_analysis:164] - Subject TpFF34 completed with errors or no valid AUC
2025-07-03 13:24:24,402 - INFO - examples.run_decoding_one_group_pp - [execute_group_intra_subject_decoding_analysis:130] - 
--- Group 'DELIRIUM+': Processing Subject 9/24: TpFY57 ---
2025-07-03 13:24:24,402 - INFO - examples.run_decoding_one_pp - [execute_single_subject_decoding:258] - Starting decoding for subject: TpFY57 (Group: DELIRIUM+, Task Set ID: Group_Intra_DELIRIUM+_Subj_TpFY57, Classifier: svc, GS: False, CSP (temp): False, ANOVA FS (temp): True, n_jobs: 40)
2025-07-03 13:24:24,403 - ERROR - utils.loading_PP_utils - [load_epochs_data_for_decoding_delirium:256] - Data directory for subject 'TpFY57' (group: 'DELIRIUM+') not found. Attempted path: 'None'. Base input: '/mnt/data/tom.balay/data1/Baking_EEG_data/Baking_EEG_data'.
2025-07-03 13:24:24,403 - INFO - utils.loading_PP_utils - [load_epochs_data_auto_protocol:873] - Auto-detected protocol 'unknown' for subject 'TpFY57' (file hint: None)
2025-07-03 13:24:24,403 - ERROR - utils.loading_PP_utils - [load_epochs_data_for_decoding_delirium:256] - Data directory for subject 'TpFY57' (group: 'DELIRIUM+') not found. Attempted path: 'None'. Base input: '/mnt/data/tom.balay/data1/Baking_EEG_data/Baking_EEG_data'.
2025-07-03 13:24:24,403 - INFO - examples.run_decoding_one_pp - [execute_single_subject_decoding:274] - Detected protocol 'unknown' for subject TpFY57
2025-07-03 13:24:24,403 - ERROR - utils.loading_PP_utils - [load_epochs_data_for_decoding_delirium:256] - Data directory for subject 'TpFY57' (group: 'DELIRIUM+') not found. Attempted path: 'None'. Base input: '/mnt/data/tom.balay/data1/Baking_EEG_data/Baking_EEG_data'.
2025-07-03 13:24:24,403 - INFO - utils.loading_PP_utils - [load_epochs_data_auto_protocol:873] - Auto-detected protocol 'unknown' for subject 'TpFY57' (file hint: None)
2025-07-03 13:24:24,403 - ERROR - utils.loading_PP_utils - [load_epochs_data_for_decoding_delirium:256] - Data directory for subject 'TpFY57' (group: 'DELIRIUM+') not found. Attempted path: 'None'. Base input: '/mnt/data/tom.balay/data1/Baking_EEG_data/Baking_EEG_data'.
2025-07-03 13:24:24,403 - INFO - examples.run_decoding_one_pp - [execute_single_subject_decoding:291] - Using protocol-specific loading configuration for unknown: ['XPP_ALL', 'XAP_ALL', 'PP_FOR_SPECIFIC_COMPARISON', 'AP_FAMILY_1', 'AP_FAMILY_2', 'AP_FAMILY_3', 'AP_FAMILY_4', 'AP_FAMILY_5', 'AP_FAMILY_6']
2025-07-03 13:24:24,403 - INFO - examples.run_decoding_one_pp - [execute_single_subject_decoding:296] - Using loading conditions: ['XPP_ALL', 'XAP_ALL', 'PP_FOR_SPECIFIC_COMPARISON', 'AP_FAMILY_1', 'AP_FAMILY_2', 'AP_FAMILY_3', 'AP_FAMILY_4', 'AP_FAMILY_5', 'AP_FAMILY_6']
2025-07-03 13:24:24,403 - ERROR - examples.run_decoding_one_pp - [execute_single_subject_decoding:300] - Epochs object loading failed for TpFY57. Aborting subject.
2025-07-03 13:24:24,403 - WARNING - examples.run_decoding_one_group_pp - [execute_group_intra_subject_decoding_analysis:164] - Subject TpFY57 completed with errors or no valid AUC
2025-07-03 13:24:24,403 - INFO - examples.run_decoding_one_group_pp - [execute_group_intra_subject_decoding_analysis:130] - 
--- Group 'DELIRIUM+': Processing Subject 10/24: TpJA20 ---
2025-07-03 13:24:24,403 - INFO - examples.run_decoding_one_pp - [execute_single_subject_decoding:258] - Starting decoding for subject: TpJA20 (Group: DELIRIUM+, Task Set ID: Group_Intra_DELIRIUM+_Subj_TpJA20, Classifier: svc, GS: False, CSP (temp): False, ANOVA FS (temp): True, n_jobs: 40)
2025-07-03 13:24:24,404 - ERROR - utils.loading_PP_utils - [load_epochs_data_for_decoding_delirium:256] - Data directory for subject 'TpJA20' (group: 'DELIRIUM+') not found. Attempted path: 'None'. Base input: '/mnt/data/tom.balay/data1/Baking_EEG_data/Baking_EEG_data'.
2025-07-03 13:24:24,404 - INFO - utils.loading_PP_utils - [load_epochs_data_auto_protocol:873] - Auto-detected protocol 'unknown' for subject 'TpJA20' (file hint: None)
2025-07-03 13:24:24,404 - ERROR - utils.loading_PP_utils - [load_epochs_data_for_decoding_delirium:256] - Data directory for subject 'TpJA20' (group: 'DELIRIUM+') not found. Attempted path: 'None'. Base input: '/mnt/data/tom.balay/data1/Baking_EEG_data/Baking_EEG_data'.
2025-07-03 13:24:24,404 - INFO - examples.run_decoding_one_pp - [execute_single_subject_decoding:274] - Detected protocol 'unknown' for subject TpJA20
2025-07-03 13:24:24,404 - ERROR - utils.loading_PP_utils - [load_epochs_data_for_decoding_delirium:256] - Data directory for subject 'TpJA20' (group: 'DELIRIUM+') not found. Attempted path: 'None'. Base input: '/mnt/data/tom.balay/data1/Baking_EEG_data/Baking_EEG_data'.
2025-07-03 13:24:24,404 - INFO - utils.loading_PP_utils - [load_epochs_data_auto_protocol:873] - Auto-detected protocol 'unknown' for subject 'TpJA20' (file hint: None)
2025-07-03 13:24:24,404 - ERROR - utils.loading_PP_utils - [load_epochs_data_for_decoding_delirium:256] - Data directory for subject 'TpJA20' (group: 'DELIRIUM+') not found. Attempted path: 'None'. Base input: '/mnt/data/tom.balay/data1/Baking_EEG_data/Baking_EEG_data'.
2025-07-03 13:24:24,404 - INFO - examples.run_decoding_one_pp - [execute_single_subject_decoding:291] - Using protocol-specific loading configuration for unknown: ['XPP_ALL', 'XAP_ALL', 'PP_FOR_SPECIFIC_COMPARISON', 'AP_FAMILY_1', 'AP_FAMILY_2', 'AP_FAMILY_3', 'AP_FAMILY_4', 'AP_FAMILY_5', 'AP_FAMILY_6']
2025-07-03 13:24:24,404 - INFO - examples.run_decoding_one_pp - [execute_single_subject_decoding:296] - Using loading conditions: ['XPP_ALL', 'XAP_ALL', 'PP_FOR_SPECIFIC_COMPARISON', 'AP_FAMILY_1', 'AP_FAMILY_2', 'AP_FAMILY_3', 'AP_FAMILY_4', 'AP_FAMILY_5', 'AP_FAMILY_6']
2025-07-03 13:24:24,404 - ERROR - examples.run_decoding_one_pp - [execute_single_subject_decoding:300] - Epochs object loading failed for TpJA20. Aborting subject.
2025-07-03 13:24:24,404 - WARNING - examples.run_decoding_one_group_pp - [execute_group_intra_subject_decoding_analysis:164] - Subject TpJA20 completed with errors or no valid AUC
2025-07-03 13:24:24,404 - INFO - examples.run_decoding_one_group_pp - [execute_group_intra_subject_decoding_analysis:130] - 
--- Group 'DELIRIUM+': Processing Subject 11/24: TpJB25 ---
2025-07-03 13:24:24,405 - INFO - examples.run_decoding_one_pp - [execute_single_subject_decoding:258] - Starting decoding for subject: TpJB25 (Group: DELIRIUM+, Task Set ID: Group_Intra_DELIRIUM+_Subj_TpJB25, Classifier: svc, GS: False, CSP (temp): False, ANOVA FS (temp): True, n_jobs: 40)
2025-07-03 13:24:24,405 - ERROR - utils.loading_PP_utils - [load_epochs_data_for_decoding_delirium:256] - Data directory for subject 'TpJB25' (group: 'DELIRIUM+') not found. Attempted path: 'None'. Base input: '/mnt/data/tom.balay/data1/Baking_EEG_data/Baking_EEG_data'.
2025-07-03 13:24:24,405 - INFO - utils.loading_PP_utils - [load_epochs_data_auto_protocol:873] - Auto-detected protocol 'unknown' for subject 'TpJB25' (file hint: None)
2025-07-03 13:24:24,405 - ERROR - utils.loading_PP_utils - [load_epochs_data_for_decoding_delirium:256] - Data directory for subject 'TpJB25' (group: 'DELIRIUM+') not found. Attempted path: 'None'. Base input: '/mnt/data/tom.balay/data1/Baking_EEG_data/Baking_EEG_data'.
2025-07-03 13:24:24,405 - INFO - examples.run_decoding_one_pp - [execute_single_subject_decoding:274] - Detected protocol 'unknown' for subject TpJB25
2025-07-03 13:24:24,405 - ERROR - utils.loading_PP_utils - [load_epochs_data_for_decoding_delirium:256] - Data directory for subject 'TpJB25' (group: 'DELIRIUM+') not found. Attempted path: 'None'. Base input: '/mnt/data/tom.balay/data1/Baking_EEG_data/Baking_EEG_data'.
2025-07-03 13:24:24,405 - INFO - utils.loading_PP_utils - [load_epochs_data_auto_protocol:873] - Auto-detected protocol 'unknown' for subject 'TpJB25' (file hint: None)
2025-07-03 13:24:24,405 - ERROR - utils.loading_PP_utils - [load_epochs_data_for_decoding_delirium:256] - Data directory for subject 'TpJB25' (group: 'DELIRIUM+') not found. Attempted path: 'None'. Base input: '/mnt/data/tom.balay/data1/Baking_EEG_data/Baking_EEG_data'.
2025-07-03 13:24:24,405 - INFO - examples.run_decoding_one_pp - [execute_single_subject_decoding:291] - Using protocol-specific loading configuration for unknown: ['XPP_ALL', 'XAP_ALL', 'PP_FOR_SPECIFIC_COMPARISON', 'AP_FAMILY_1', 'AP_FAMILY_2', 'AP_FAMILY_3', 'AP_FAMILY_4', 'AP_FAMILY_5', 'AP_FAMILY_6']
2025-07-03 13:24:24,405 - INFO - examples.run_decoding_one_pp - [execute_single_subject_decoding:296] - Using loading conditions: ['XPP_ALL', 'XAP_ALL', 'PP_FOR_SPECIFIC_COMPARISON', 'AP_FAMILY_1', 'AP_FAMILY_2', 'AP_FAMILY_3', 'AP_FAMILY_4', 'AP_FAMILY_5', 'AP_FAMILY_6']
2025-07-03 13:24:24,405 - ERROR - examples.run_decoding_one_pp - [execute_single_subject_decoding:300] - Epochs object loading failed for TpJB25. Aborting subject.
2025-07-03 13:24:24,405 - WARNING - examples.run_decoding_one_group_pp - [execute_group_intra_subject_decoding_analysis:164] - Subject TpJB25 completed with errors or no valid AUC
2025-07-03 13:24:24,406 - INFO - examples.run_decoding_one_group_pp - [execute_group_intra_subject_decoding_analysis:130] - 
--- Group 'DELIRIUM+': Processing Subject 12/24: TpJB26 ---
2025-07-03 13:24:24,406 - INFO - examples.run_decoding_one_pp - [execute_single_subject_decoding:258] - Starting decoding for subject: TpJB26 (Group: DELIRIUM+, Task Set ID: Group_Intra_DELIRIUM+_Subj_TpJB26, Classifier: svc, GS: False, CSP (temp): False, ANOVA FS (temp): True, n_jobs: 40)
2025-07-03 13:24:24,406 - ERROR - utils.loading_PP_utils - [load_epochs_data_for_decoding_delirium:256] - Data directory for subject 'TpJB26' (group: 'DELIRIUM+') not found. Attempted path: 'None'. Base input: '/mnt/data/tom.balay/data1/Baking_EEG_data/Baking_EEG_data'.
2025-07-03 13:24:24,406 - INFO - utils.loading_PP_utils - [load_epochs_data_auto_protocol:873] - Auto-detected protocol 'unknown' for subject 'TpJB26' (file hint: None)
2025-07-03 13:24:24,406 - ERROR - utils.loading_PP_utils - [load_epochs_data_for_decoding_delirium:256] - Data directory for subject 'TpJB26' (group: 'DELIRIUM+') not found. Attempted path: 'None'. Base input: '/mnt/data/tom.balay/data1/Baking_EEG_data/Baking_EEG_data'.
2025-07-03 13:24:24,406 - INFO - examples.run_decoding_one_pp - [execute_single_subject_decoding:274] - Detected protocol 'unknown' for subject TpJB26
2025-07-03 13:24:24,406 - ERROR - utils.loading_PP_utils - [load_epochs_data_for_decoding_delirium:256] - Data directory for subject 'TpJB26' (group: 'DELIRIUM+') not found. Attempted path: 'None'. Base input: '/mnt/data/tom.balay/data1/Baking_EEG_data/Baking_EEG_data'.
2025-07-03 13:24:24,406 - INFO - utils.loading_PP_utils - [load_epochs_data_auto_protocol:873] - Auto-detected protocol 'unknown' for subject 'TpJB26' (file hint: None)
2025-07-03 13:24:24,406 - ERROR - utils.loading_PP_utils - [load_epochs_data_for_decoding_delirium:256] - Data directory for subject 'TpJB26' (group: 'DELIRIUM+') not found. Attempted path: 'None'. Base input: '/mnt/data/tom.balay/data1/Baking_EEG_data/Baking_EEG_data'.
2025-07-03 13:24:24,406 - INFO - examples.run_decoding_one_pp - [execute_single_subject_decoding:291] - Using protocol-specific loading configuration for unknown: ['XPP_ALL', 'XAP_ALL', 'PP_FOR_SPECIFIC_COMPARISON', 'AP_FAMILY_1', 'AP_FAMILY_2', 'AP_FAMILY_3', 'AP_FAMILY_4', 'AP_FAMILY_5', 'AP_FAMILY_6']
2025-07-03 13:24:24,406 - INFO - examples.run_decoding_one_pp - [execute_single_subject_decoding:296] - Using loading conditions: ['XPP_ALL', 'XAP_ALL', 'PP_FOR_SPECIFIC_COMPARISON', 'AP_FAMILY_1', 'AP_FAMILY_2', 'AP_FAMILY_3', 'AP_FAMILY_4', 'AP_FAMILY_5', 'AP_FAMILY_6']
2025-07-03 13:24:24,406 - ERROR - examples.run_decoding_one_pp - [execute_single_subject_decoding:300] - Epochs object loading failed for TpJB26. Aborting subject.
2025-07-03 13:24:24,407 - WARNING - examples.run_decoding_one_group_pp - [execute_group_intra_subject_decoding_analysis:164] - Subject TpJB26 completed with errors or no valid AUC
2025-07-03 13:24:24,407 - INFO - examples.run_decoding_one_group_pp - [execute_group_intra_subject_decoding_analysis:130] - 
--- Group 'DELIRIUM+': Processing Subject 13/24: TpJCD29 ---
2025-07-03 13:24:24,407 - INFO - examples.run_decoding_one_pp - [execute_single_subject_decoding:258] - Starting decoding for subject: TpJCD29 (Group: DELIRIUM+, Task Set ID: Group_Intra_DELIRIUM+_Subj_TpJCD29, Classifier: svc, GS: False, CSP (temp): False, ANOVA FS (temp): True, n_jobs: 40)
2025-07-03 13:24:24,407 - ERROR - utils.loading_PP_utils - [load_epochs_data_for_decoding_delirium:256] - Data directory for subject 'TpJCD29' (group: 'DELIRIUM+') not found. Attempted path: 'None'. Base input: '/mnt/data/tom.balay/data1/Baking_EEG_data/Baking_EEG_data'.
2025-07-03 13:24:24,407 - INFO - utils.loading_PP_utils - [load_epochs_data_auto_protocol:873] - Auto-detected protocol 'unknown' for subject 'TpJCD29' (file hint: None)
2025-07-03 13:24:24,407 - ERROR - utils.loading_PP_utils - [load_epochs_data_for_decoding_delirium:256] - Data directory for subject 'TpJCD29' (group: 'DELIRIUM+') not found. Attempted path: 'None'. Base input: '/mnt/data/tom.balay/data1/Baking_EEG_data/Baking_EEG_data'.
2025-07-03 13:24:24,407 - INFO - examples.run_decoding_one_pp - [execute_single_subject_decoding:274] - Detected protocol 'unknown' for subject TpJCD29
2025-07-03 13:24:24,407 - ERROR - utils.loading_PP_utils - [load_epochs_data_for_decoding_delirium:256] - Data directory for subject 'TpJCD29' (group: 'DELIRIUM+') not found. Attempted path: 'None'. Base input: '/mnt/data/tom.balay/data1/Baking_EEG_data/Baking_EEG_data'.
2025-07-03 13:24:24,407 - INFO - utils.loading_PP_utils - [load_epochs_data_auto_protocol:873] - Auto-detected protocol 'unknown' for subject 'TpJCD29' (file hint: None)
2025-07-03 13:24:24,407 - ERROR - utils.loading_PP_utils - [load_epochs_data_for_decoding_delirium:256] - Data directory for subject 'TpJCD29' (group: 'DELIRIUM+') not found. Attempted path: 'None'. Base input: '/mnt/data/tom.balay/data1/Baking_EEG_data/Baking_EEG_data'.
2025-07-03 13:24:24,407 - INFO - examples.run_decoding_one_pp - [execute_single_subject_decoding:291] - Using protocol-specific loading configuration for unknown: ['XPP_ALL', 'XAP_ALL', 'PP_FOR_SPECIFIC_COMPARISON', 'AP_FAMILY_1', 'AP_FAMILY_2', 'AP_FAMILY_3', 'AP_FAMILY_4', 'AP_FAMILY_5', 'AP_FAMILY_6']
2025-07-03 13:24:24,407 - INFO - examples.run_decoding_one_pp - [execute_single_subject_decoding:296] - Using loading conditions: ['XPP_ALL', 'XAP_ALL', 'PP_FOR_SPECIFIC_COMPARISON', 'AP_FAMILY_1', 'AP_FAMILY_2', 'AP_FAMILY_3', 'AP_FAMILY_4', 'AP_FAMILY_5', 'AP_FAMILY_6']
2025-07-03 13:24:24,407 - ERROR - examples.run_decoding_one_pp - [execute_single_subject_decoding:300] - Epochs object loading failed for TpJCD29. Aborting subject.
2025-07-03 13:24:24,408 - WARNING - examples.run_decoding_one_group_pp - [execute_group_intra_subject_decoding_analysis:164] - Subject TpJCD29 completed with errors or no valid AUC
2025-07-03 13:24:24,408 - INFO - examples.run_decoding_one_group_pp - [execute_group_intra_subject_decoding_analysis:130] - 
--- Group 'DELIRIUM+': Processing Subject 14/24: TpJLR17 ---
2025-07-03 13:24:24,408 - INFO - examples.run_decoding_one_pp - [execute_single_subject_decoding:258] - Starting decoding for subject: TpJLR17 (Group: DELIRIUM+, Task Set ID: Group_Intra_DELIRIUM+_Subj_TpJLR17, Classifier: svc, GS: False, CSP (temp): False, ANOVA FS (temp): True, n_jobs: 40)
2025-07-03 13:24:24,408 - ERROR - utils.loading_PP_utils - [load_epochs_data_for_decoding_delirium:256] - Data directory for subject 'TpJLR17' (group: 'DELIRIUM+') not found. Attempted path: 'None'. Base input: '/mnt/data/tom.balay/data1/Baking_EEG_data/Baking_EEG_data'.
2025-07-03 13:24:24,408 - INFO - utils.loading_PP_utils - [load_epochs_data_auto_protocol:873] - Auto-detected protocol 'unknown' for subject 'TpJLR17' (file hint: None)
2025-07-03 13:24:24,408 - ERROR - utils.loading_PP_utils - [load_epochs_data_for_decoding_delirium:256] - Data directory for subject 'TpJLR17' (group: 'DELIRIUM+') not found. Attempted path: 'None'. Base input: '/mnt/data/tom.balay/data1/Baking_EEG_data/Baking_EEG_data'.
2025-07-03 13:24:24,408 - INFO - examples.run_decoding_one_pp - [execute_single_subject_decoding:274] - Detected protocol 'unknown' for subject TpJLR17
2025-07-03 13:24:24,408 - ERROR - utils.loading_PP_utils - [load_epochs_data_for_decoding_delirium:256] - Data directory for subject 'TpJLR17' (group: 'DELIRIUM+') not found. Attempted path: 'None'. Base input: '/mnt/data/tom.balay/data1/Baking_EEG_data/Baking_EEG_data'.
2025-07-03 13:24:24,408 - INFO - utils.loading_PP_utils - [load_epochs_data_auto_protocol:873] - Auto-detected protocol 'unknown' for subject 'TpJLR17' (file hint: None)
2025-07-03 13:24:24,408 - ERROR - utils.loading_PP_utils - [load_epochs_data_for_decoding_delirium:256] - Data directory for subject 'TpJLR17' (group: 'DELIRIUM+') not found. Attempted path: 'None'. Base input: '/mnt/data/tom.balay/data1/Baking_EEG_data/Baking_EEG_data'.
2025-07-03 13:24:24,408 - INFO - examples.run_decoding_one_pp - [execute_single_subject_decoding:291] - Using protocol-specific loading configuration for unknown: ['XPP_ALL', 'XAP_ALL', 'PP_FOR_SPECIFIC_COMPARISON', 'AP_FAMILY_1', 'AP_FAMILY_2', 'AP_FAMILY_3', 'AP_FAMILY_4', 'AP_FAMILY_5', 'AP_FAMILY_6']
2025-07-03 13:24:24,408 - INFO - examples.run_decoding_one_pp - [execute_single_subject_decoding:296] - Using loading conditions: ['XPP_ALL', 'XAP_ALL', 'PP_FOR_SPECIFIC_COMPARISON', 'AP_FAMILY_1', 'AP_FAMILY_2', 'AP_FAMILY_3', 'AP_FAMILY_4', 'AP_FAMILY_5', 'AP_FAMILY_6']
2025-07-03 13:24:24,409 - ERROR - examples.run_decoding_one_pp - [execute_single_subject_decoding:300] - Epochs object loading failed for TpJLR17. Aborting subject.
2025-07-03 13:24:24,409 - WARNING - examples.run_decoding_one_group_pp - [execute_group_intra_subject_decoding_analysis:164] - Subject TpJLR17 completed with errors or no valid AUC
2025-07-03 13:24:24,409 - INFO - examples.run_decoding_one_group_pp - [execute_group_intra_subject_decoding_analysis:130] - 
--- Group 'DELIRIUM+': Processing Subject 15/24: TpJPS55 ---
2025-07-03 13:24:24,409 - INFO - examples.run_decoding_one_pp - [execute_single_subject_decoding:258] - Starting decoding for subject: TpJPS55 (Group: DELIRIUM+, Task Set ID: Group_Intra_DELIRIUM+_Subj_TpJPS55, Classifier: svc, GS: False, CSP (temp): False, ANOVA FS (temp): True, n_jobs: 40)
2025-07-03 13:24:24,409 - ERROR - utils.loading_PP_utils - [load_epochs_data_for_decoding_delirium:256] - Data directory for subject 'TpJPS55' (group: 'DELIRIUM+') not found. Attempted path: 'None'. Base input: '/mnt/data/tom.balay/data1/Baking_EEG_data/Baking_EEG_data'.
2025-07-03 13:24:24,409 - INFO - utils.loading_PP_utils - [load_epochs_data_auto_protocol:873] - Auto-detected protocol 'unknown' for subject 'TpJPS55' (file hint: None)
2025-07-03 13:24:24,409 - ERROR - utils.loading_PP_utils - [load_epochs_data_for_decoding_delirium:256] - Data directory for subject 'TpJPS55' (group: 'DELIRIUM+') not found. Attempted path: 'None'. Base input: '/mnt/data/tom.balay/data1/Baking_EEG_data/Baking_EEG_data'.
2025-07-03 13:24:24,409 - INFO - examples.run_decoding_one_pp - [execute_single_subject_decoding:274] - Detected protocol 'unknown' for subject TpJPS55
2025-07-03 13:24:24,409 - ERROR - utils.loading_PP_utils - [load_epochs_data_for_decoding_delirium:256] - Data directory for subject 'TpJPS55' (group: 'DELIRIUM+') not found. Attempted path: 'None'. Base input: '/mnt/data/tom.balay/data1/Baking_EEG_data/Baking_EEG_data'.
2025-07-03 13:24:24,409 - INFO - utils.loading_PP_utils - [load_epochs_data_auto_protocol:873] - Auto-detected protocol 'unknown' for subject 'TpJPS55' (file hint: None)
2025-07-03 13:24:24,409 - ERROR - utils.loading_PP_utils - [load_epochs_data_for_decoding_delirium:256] - Data directory for subject 'TpJPS55' (group: 'DELIRIUM+') not found. Attempted path: 'None'. Base input: '/mnt/data/tom.balay/data1/Baking_EEG_data/Baking_EEG_data'.
2025-07-03 13:24:24,409 - INFO - examples.run_decoding_one_pp - [execute_single_subject_decoding:291] - Using protocol-specific loading configuration for unknown: ['XPP_ALL', 'XAP_ALL', 'PP_FOR_SPECIFIC_COMPARISON', 'AP_FAMILY_1', 'AP_FAMILY_2', 'AP_FAMILY_3', 'AP_FAMILY_4', 'AP_FAMILY_5', 'AP_FAMILY_6']
2025-07-03 13:24:24,410 - INFO - examples.run_decoding_one_pp - [execute_single_subject_decoding:296] - Using loading conditions: ['XPP_ALL', 'XAP_ALL', 'PP_FOR_SPECIFIC_COMPARISON', 'AP_FAMILY_1', 'AP_FAMILY_2', 'AP_FAMILY_3', 'AP_FAMILY_4', 'AP_FAMILY_5', 'AP_FAMILY_6']
2025-07-03 13:24:24,410 - ERROR - examples.run_decoding_one_pp - [execute_single_subject_decoding:300] - Epochs object loading failed for TpJPS55. Aborting subject.
2025-07-03 13:24:24,410 - WARNING - examples.run_decoding_one_group_pp - [execute_group_intra_subject_decoding_analysis:164] - Subject TpJPS55 completed with errors or no valid AUC
2025-07-03 13:24:24,410 - INFO - examples.run_decoding_one_group_pp - [execute_group_intra_subject_decoding_analysis:130] - 
--- Group 'DELIRIUM+': Processing Subject 16/24: TpLA28 ---
2025-07-03 13:24:24,410 - INFO - examples.run_decoding_one_pp - [execute_single_subject_decoding:258] - Starting decoding for subject: TpLA28 (Group: DELIRIUM+, Task Set ID: Group_Intra_DELIRIUM+_Subj_TpLA28, Classifier: svc, GS: False, CSP (temp): False, ANOVA FS (temp): True, n_jobs: 40)
2025-07-03 13:24:24,410 - ERROR - utils.loading_PP_utils - [load_epochs_data_for_decoding_delirium:256] - Data directory for subject 'TpLA28' (group: 'DELIRIUM+') not found. Attempted path: 'None'. Base input: '/mnt/data/tom.balay/data1/Baking_EEG_data/Baking_EEG_data'.
2025-07-03 13:24:24,410 - INFO - utils.loading_PP_utils - [load_epochs_data_auto_protocol:873] - Auto-detected protocol 'unknown' for subject 'TpLA28' (file hint: None)
2025-07-03 13:24:24,410 - ERROR - utils.loading_PP_utils - [load_epochs_data_for_decoding_delirium:256] - Data directory for subject 'TpLA28' (group: 'DELIRIUM+') not found. Attempted path: 'None'. Base input: '/mnt/data/tom.balay/data1/Baking_EEG_data/Baking_EEG_data'.
2025-07-03 13:24:24,410 - INFO - examples.run_decoding_one_pp - [execute_single_subject_decoding:274] - Detected protocol 'unknown' for subject TpLA28
2025-07-03 13:24:24,410 - ERROR - utils.loading_PP_utils - [load_epochs_data_for_decoding_delirium:256] - Data directory for subject 'TpLA28' (group: 'DELIRIUM+') not found. Attempted path: 'None'. Base input: '/mnt/data/tom.balay/data1/Baking_EEG_data/Baking_EEG_data'.
2025-07-03 13:24:24,410 - INFO - utils.loading_PP_utils - [load_epochs_data_auto_protocol:873] - Auto-detected protocol 'unknown' for subject 'TpLA28' (file hint: None)
2025-07-03 13:24:24,410 - ERROR - utils.loading_PP_utils - [load_epochs_data_for_decoding_delirium:256] - Data directory for subject 'TpLA28' (group: 'DELIRIUM+') not found. Attempted path: 'None'. Base input: '/mnt/data/tom.balay/data1/Baking_EEG_data/Baking_EEG_data'.
2025-07-03 13:24:24,410 - INFO - examples.run_decoding_one_pp - [execute_single_subject_decoding:291] - Using protocol-specific loading configuration for unknown: ['XPP_ALL', 'XAP_ALL', 'PP_FOR_SPECIFIC_COMPARISON', 'AP_FAMILY_1', 'AP_FAMILY_2', 'AP_FAMILY_3', 'AP_FAMILY_4', 'AP_FAMILY_5', 'AP_FAMILY_6']
2025-07-03 13:24:24,411 - INFO - examples.run_decoding_one_pp - [execute_single_subject_decoding:296] - Using loading conditions: ['XPP_ALL', 'XAP_ALL', 'PP_FOR_SPECIFIC_COMPARISON', 'AP_FAMILY_1', 'AP_FAMILY_2', 'AP_FAMILY_3', 'AP_FAMILY_4', 'AP_FAMILY_5', 'AP_FAMILY_6']
2025-07-03 13:24:24,411 - ERROR - examples.run_decoding_one_pp - [execute_single_subject_decoding:300] - Epochs object loading failed for TpLA28. Aborting subject.
2025-07-03 13:24:24,411 - WARNING - examples.run_decoding_one_group_pp - [execute_group_intra_subject_decoding_analysis:164] - Subject TpLA28 completed with errors or no valid AUC
2025-07-03 13:24:24,411 - INFO - examples.run_decoding_one_group_pp - [execute_group_intra_subject_decoding_analysis:130] - 
--- Group 'DELIRIUM+': Processing Subject 17/24: TpMB45 ---
2025-07-03 13:24:24,411 - INFO - examples.run_decoding_one_pp - [execute_single_subject_decoding:258] - Starting decoding for subject: TpMB45 (Group: DELIRIUM+, Task Set ID: Group_Intra_DELIRIUM+_Subj_TpMB45, Classifier: svc, GS: False, CSP (temp): False, ANOVA FS (temp): True, n_jobs: 40)
2025-07-03 13:24:24,411 - ERROR - utils.loading_PP_utils - [load_epochs_data_for_decoding_delirium:256] - Data directory for subject 'TpMB45' (group: 'DELIRIUM+') not found. Attempted path: 'None'. Base input: '/mnt/data/tom.balay/data1/Baking_EEG_data/Baking_EEG_data'.
2025-07-03 13:24:24,411 - INFO - utils.loading_PP_utils - [load_epochs_data_auto_protocol:873] - Auto-detected protocol 'unknown' for subject 'TpMB45' (file hint: None)
2025-07-03 13:24:24,411 - ERROR - utils.loading_PP_utils - [load_epochs_data_for_decoding_delirium:256] - Data directory for subject 'TpMB45' (group: 'DELIRIUM+') not found. Attempted path: 'None'. Base input: '/mnt/data/tom.balay/data1/Baking_EEG_data/Baking_EEG_data'.
2025-07-03 13:24:24,411 - INFO - examples.run_decoding_one_pp - [execute_single_subject_decoding:274] - Detected protocol 'unknown' for subject TpMB45
2025-07-03 13:24:24,411 - ERROR - utils.loading_PP_utils - [load_epochs_data_for_decoding_delirium:256] - Data directory for subject 'TpMB45' (group: 'DELIRIUM+') not found. Attempted path: 'None'. Base input: '/mnt/data/tom.balay/data1/Baking_EEG_data/Baking_EEG_data'.
2025-07-03 13:24:24,411 - INFO - utils.loading_PP_utils - [load_epochs_data_auto_protocol:873] - Auto-detected protocol 'unknown' for subject 'TpMB45' (file hint: None)
2025-07-03 13:24:24,411 - ERROR - utils.loading_PP_utils - [load_epochs_data_for_decoding_delirium:256] - Data directory for subject 'TpMB45' (group: 'DELIRIUM+') not found. Attempted path: 'None'. Base input: '/mnt/data/tom.balay/data1/Baking_EEG_data/Baking_EEG_data'.
2025-07-03 13:24:24,412 - INFO - examples.run_decoding_one_pp - [execute_single_subject_decoding:291] - Using protocol-specific loading configuration for unknown: ['XPP_ALL', 'XAP_ALL', 'PP_FOR_SPECIFIC_COMPARISON', 'AP_FAMILY_1', 'AP_FAMILY_2', 'AP_FAMILY_3', 'AP_FAMILY_4', 'AP_FAMILY_5', 'AP_FAMILY_6']
2025-07-03 13:24:24,412 - INFO - examples.run_decoding_one_pp - [execute_single_subject_decoding:296] - Using loading conditions: ['XPP_ALL', 'XAP_ALL', 'PP_FOR_SPECIFIC_COMPARISON', 'AP_FAMILY_1', 'AP_FAMILY_2', 'AP_FAMILY_3', 'AP_FAMILY_4', 'AP_FAMILY_5', 'AP_FAMILY_6']
2025-07-03 13:24:24,412 - ERROR - examples.run_decoding_one_pp - [execute_single_subject_decoding:300] - Epochs object loading failed for TpMB45. Aborting subject.
2025-07-03 13:24:24,412 - WARNING - examples.run_decoding_one_group_pp - [execute_group_intra_subject_decoding_analysis:164] - Subject TpMB45 completed with errors or no valid AUC
2025-07-03 13:24:24,412 - INFO - examples.run_decoding_one_group_pp - [execute_group_intra_subject_decoding_analysis:130] - 
--- Group 'DELIRIUM+': Processing Subject 18/24: TpMM4 ---
2025-07-03 13:24:24,412 - INFO - examples.run_decoding_one_pp - [execute_single_subject_decoding:258] - Starting decoding for subject: TpMM4 (Group: DELIRIUM+, Task Set ID: Group_Intra_DELIRIUM+_Subj_TpMM4, Classifier: svc, GS: False, CSP (temp): False, ANOVA FS (temp): True, n_jobs: 40)
2025-07-03 13:24:24,412 - ERROR - utils.loading_PP_utils - [load_epochs_data_for_decoding_delirium:256] - Data directory for subject 'TpMM4' (group: 'DELIRIUM+') not found. Attempted path: 'None'. Base input: '/mnt/data/tom.balay/data1/Baking_EEG_data/Baking_EEG_data'.
2025-07-03 13:24:24,412 - INFO - utils.loading_PP_utils - [load_epochs_data_auto_protocol:873] - Auto-detected protocol 'unknown' for subject 'TpMM4' (file hint: None)
2025-07-03 13:24:24,412 - ERROR - utils.loading_PP_utils - [load_epochs_data_for_decoding_delirium:256] - Data directory for subject 'TpMM4' (group: 'DELIRIUM+') not found. Attempted path: 'None'. Base input: '/mnt/data/tom.balay/data1/Baking_EEG_data/Baking_EEG_data'.
2025-07-03 13:24:24,412 - INFO - examples.run_decoding_one_pp - [execute_single_subject_decoding:274] - Detected protocol 'unknown' for subject TpMM4
2025-07-03 13:24:24,412 - ERROR - utils.loading_PP_utils - [load_epochs_data_for_decoding_delirium:256] - Data directory for subject 'TpMM4' (group: 'DELIRIUM+') not found. Attempted path: 'None'. Base input: '/mnt/data/tom.balay/data1/Baking_EEG_data/Baking_EEG_data'.
2025-07-03 13:24:24,412 - INFO - utils.loading_PP_utils - [load_epochs_data_auto_protocol:873] - Auto-detected protocol 'unknown' for subject 'TpMM4' (file hint: None)
2025-07-03 13:24:24,413 - ERROR - utils.loading_PP_utils - [load_epochs_data_for_decoding_delirium:256] - Data directory for subject 'TpMM4' (group: 'DELIRIUM+') not found. Attempted path: 'None'. Base input: '/mnt/data/tom.balay/data1/Baking_EEG_data/Baking_EEG_data'.
2025-07-03 13:24:24,413 - INFO - examples.run_decoding_one_pp - [execute_single_subject_decoding:291] - Using protocol-specific loading configuration for unknown: ['XPP_ALL', 'XAP_ALL', 'PP_FOR_SPECIFIC_COMPARISON', 'AP_FAMILY_1', 'AP_FAMILY_2', 'AP_FAMILY_3', 'AP_FAMILY_4', 'AP_FAMILY_5', 'AP_FAMILY_6']
2025-07-03 13:24:24,413 - INFO - examples.run_decoding_one_pp - [execute_single_subject_decoding:296] - Using loading conditions: ['XPP_ALL', 'XAP_ALL', 'PP_FOR_SPECIFIC_COMPARISON', 'AP_FAMILY_1', 'AP_FAMILY_2', 'AP_FAMILY_3', 'AP_FAMILY_4', 'AP_FAMILY_5', 'AP_FAMILY_6']
2025-07-03 13:24:24,413 - ERROR - examples.run_decoding_one_pp - [execute_single_subject_decoding:300] - Epochs object loading failed for TpMM4. Aborting subject.
2025-07-03 13:24:24,413 - WARNING - examples.run_decoding_one_group_pp - [execute_group_intra_subject_decoding_analysis:164] - Subject TpMM4 completed with errors or no valid AUC
2025-07-03 13:24:24,413 - INFO - examples.run_decoding_one_group_pp - [execute_group_intra_subject_decoding_analysis:130] - 
--- Group 'DELIRIUM+': Processing Subject 19/24: TpMN42 ---
2025-07-03 13:24:24,413 - INFO - examples.run_decoding_one_pp - [execute_single_subject_decoding:258] - Starting decoding for subject: TpMN42 (Group: DELIRIUM+, Task Set ID: Group_Intra_DELIRIUM+_Subj_TpMN42, Classifier: svc, GS: False, CSP (temp): False, ANOVA FS (temp): True, n_jobs: 40)
2025-07-03 13:24:24,413 - ERROR - utils.loading_PP_utils - [load_epochs_data_for_decoding_delirium:256] - Data directory for subject 'TpMN42' (group: 'DELIRIUM+') not found. Attempted path: 'None'. Base input: '/mnt/data/tom.balay/data1/Baking_EEG_data/Baking_EEG_data'.
2025-07-03 13:24:24,413 - INFO - utils.loading_PP_utils - [load_epochs_data_auto_protocol:873] - Auto-detected protocol 'unknown' for subject 'TpMN42' (file hint: None)
2025-07-03 13:24:24,413 - ERROR - utils.loading_PP_utils - [load_epochs_data_for_decoding_delirium:256] - Data directory for subject 'TpMN42' (group: 'DELIRIUM+') not found. Attempted path: 'None'. Base input: '/mnt/data/tom.balay/data1/Baking_EEG_data/Baking_EEG_data'.
2025-07-03 13:24:24,413 - INFO - examples.run_decoding_one_pp - [execute_single_subject_decoding:274] - Detected protocol 'unknown' for subject TpMN42
2025-07-03 13:24:24,413 - ERROR - utils.loading_PP_utils - [load_epochs_data_for_decoding_delirium:256] - Data directory for subject 'TpMN42' (group: 'DELIRIUM+') not found. Attempted path: 'None'. Base input: '/mnt/data/tom.balay/data1/Baking_EEG_data/Baking_EEG_data'.
2025-07-03 13:24:24,413 - INFO - utils.loading_PP_utils - [load_epochs_data_auto_protocol:873] - Auto-detected protocol 'unknown' for subject 'TpMN42' (file hint: None)
2025-07-03 13:24:24,414 - ERROR - utils.loading_PP_utils - [load_epochs_data_for_decoding_delirium:256] - Data directory for subject 'TpMN42' (group: 'DELIRIUM+') not found. Attempted path: 'None'. Base input: '/mnt/data/tom.balay/data1/Baking_EEG_data/Baking_EEG_data'.
2025-07-03 13:24:24,414 - INFO - examples.run_decoding_one_pp - [execute_single_subject_decoding:291] - Using protocol-specific loading configuration for unknown: ['XPP_ALL', 'XAP_ALL', 'PP_FOR_SPECIFIC_COMPARISON', 'AP_FAMILY_1', 'AP_FAMILY_2', 'AP_FAMILY_3', 'AP_FAMILY_4', 'AP_FAMILY_5', 'AP_FAMILY_6']
2025-07-03 13:24:24,414 - INFO - examples.run_decoding_one_pp - [execute_single_subject_decoding:296] - Using loading conditions: ['XPP_ALL', 'XAP_ALL', 'PP_FOR_SPECIFIC_COMPARISON', 'AP_FAMILY_1', 'AP_FAMILY_2', 'AP_FAMILY_3', 'AP_FAMILY_4', 'AP_FAMILY_5', 'AP_FAMILY_6']
2025-07-03 13:24:24,414 - ERROR - examples.run_decoding_one_pp - [execute_single_subject_decoding:300] - Epochs object loading failed for TpMN42. Aborting subject.
2025-07-03 13:24:24,414 - WARNING - examples.run_decoding_one_group_pp - [execute_group_intra_subject_decoding_analysis:164] - Subject TpMN42 completed with errors or no valid AUC
2025-07-03 13:24:24,414 - INFO - examples.run_decoding_one_group_pp - [execute_group_intra_subject_decoding_analysis:130] - 
--- Group 'DELIRIUM+': Processing Subject 20/24: TpPC21 ---
2025-07-03 13:24:24,414 - INFO - examples.run_decoding_one_pp - [execute_single_subject_decoding:258] - Starting decoding for subject: TpPC21 (Group: DELIRIUM+, Task Set ID: Group_Intra_DELIRIUM+_Subj_TpPC21, Classifier: svc, GS: False, CSP (temp): False, ANOVA FS (temp): True, n_jobs: 40)
2025-07-03 13:24:24,414 - ERROR - utils.loading_PP_utils - [load_epochs_data_for_decoding_delirium:256] - Data directory for subject 'TpPC21' (group: 'DELIRIUM+') not found. Attempted path: 'None'. Base input: '/mnt/data/tom.balay/data1/Baking_EEG_data/Baking_EEG_data'.
2025-07-03 13:24:24,414 - INFO - utils.loading_PP_utils - [load_epochs_data_auto_protocol:873] - Auto-detected protocol 'unknown' for subject 'TpPC21' (file hint: None)
2025-07-03 13:24:24,414 - ERROR - utils.loading_PP_utils - [load_epochs_data_for_decoding_delirium:256] - Data directory for subject 'TpPC21' (group: 'DELIRIUM+') not found. Attempted path: 'None'. Base input: '/mnt/data/tom.balay/data1/Baking_EEG_data/Baking_EEG_data'.
2025-07-03 13:24:24,414 - INFO - examples.run_decoding_one_pp - [execute_single_subject_decoding:274] - Detected protocol 'unknown' for subject TpPC21
2025-07-03 13:24:24,414 - ERROR - utils.loading_PP_utils - [load_epochs_data_for_decoding_delirium:256] - Data directory for subject 'TpPC21' (group: 'DELIRIUM+') not found. Attempted path: 'None'. Base input: '/mnt/data/tom.balay/data1/Baking_EEG_data/Baking_EEG_data'.
2025-07-03 13:24:24,415 - INFO - utils.loading_PP_utils - [load_epochs_data_auto_protocol:873] - Auto-detected protocol 'unknown' for subject 'TpPC21' (file hint: None)
2025-07-03 13:24:24,415 - ERROR - utils.loading_PP_utils - [load_epochs_data_for_decoding_delirium:256] - Data directory for subject 'TpPC21' (group: 'DELIRIUM+') not found. Attempted path: 'None'. Base input: '/mnt/data/tom.balay/data1/Baking_EEG_data/Baking_EEG_data'.
2025-07-03 13:24:24,415 - INFO - examples.run_decoding_one_pp - [execute_single_subject_decoding:291] - Using protocol-specific loading configuration for unknown: ['XPP_ALL', 'XAP_ALL', 'PP_FOR_SPECIFIC_COMPARISON', 'AP_FAMILY_1', 'AP_FAMILY_2', 'AP_FAMILY_3', 'AP_FAMILY_4', 'AP_FAMILY_5', 'AP_FAMILY_6']
2025-07-03 13:24:24,415 - INFO - examples.run_decoding_one_pp - [execute_single_subject_decoding:296] - Using loading conditions: ['XPP_ALL', 'XAP_ALL', 'PP_FOR_SPECIFIC_COMPARISON', 'AP_FAMILY_1', 'AP_FAMILY_2', 'AP_FAMILY_3', 'AP_FAMILY_4', 'AP_FAMILY_5', 'AP_FAMILY_6']
2025-07-03 13:24:24,415 - ERROR - examples.run_decoding_one_pp - [execute_single_subject_decoding:300] - Epochs object loading failed for TpPC21. Aborting subject.
2025-07-03 13:24:24,415 - WARNING - examples.run_decoding_one_group_pp - [execute_group_intra_subject_decoding_analysis:164] - Subject TpPC21 completed with errors or no valid AUC
2025-07-03 13:24:24,415 - INFO - examples.run_decoding_one_group_pp - [execute_group_intra_subject_decoding_analysis:130] - 
--- Group 'DELIRIUM+': Processing Subject 21/24: TpPM14 ---
2025-07-03 13:24:24,415 - INFO - examples.run_decoding_one_pp - [execute_single_subject_decoding:258] - Starting decoding for subject: TpPM14 (Group: DELIRIUM+, Task Set ID: Group_Intra_DELIRIUM+_Subj_TpPM14, Classifier: svc, GS: False, CSP (temp): False, ANOVA FS (temp): True, n_jobs: 40)
2025-07-03 13:24:24,415 - ERROR - utils.loading_PP_utils - [load_epochs_data_for_decoding_delirium:256] - Data directory for subject 'TpPM14' (group: 'DELIRIUM+') not found. Attempted path: 'None'. Base input: '/mnt/data/tom.balay/data1/Baking_EEG_data/Baking_EEG_data'.
2025-07-03 13:24:24,415 - INFO - utils.loading_PP_utils - [load_epochs_data_auto_protocol:873] - Auto-detected protocol 'unknown' for subject 'TpPM14' (file hint: None)
2025-07-03 13:24:24,415 - ERROR - utils.loading_PP_utils - [load_epochs_data_for_decoding_delirium:256] - Data directory for subject 'TpPM14' (group: 'DELIRIUM+') not found. Attempted path: 'None'. Base input: '/mnt/data/tom.balay/data1/Baking_EEG_data/Baking_EEG_data'.
2025-07-03 13:24:24,415 - INFO - examples.run_decoding_one_pp - [execute_single_subject_decoding:274] - Detected protocol 'unknown' for subject TpPM14
2025-07-03 13:24:24,416 - ERROR - utils.loading_PP_utils - [load_epochs_data_for_decoding_delirium:256] - Data directory for subject 'TpPM14' (group: 'DELIRIUM+') not found. Attempted path: 'None'. Base input: '/mnt/data/tom.balay/data1/Baking_EEG_data/Baking_EEG_data'.
2025-07-03 13:24:24,416 - INFO - utils.loading_PP_utils - [load_epochs_data_auto_protocol:873] - Auto-detected protocol 'unknown' for subject 'TpPM14' (file hint: None)
2025-07-03 13:24:24,416 - ERROR - utils.loading_PP_utils - [load_epochs_data_for_decoding_delirium:256] - Data directory for subject 'TpPM14' (group: 'DELIRIUM+') not found. Attempted path: 'None'. Base input: '/mnt/data/tom.balay/data1/Baking_EEG_data/Baking_EEG_data'.
2025-07-03 13:24:24,416 - INFO - examples.run_decoding_one_pp - [execute_single_subject_decoding:291] - Using protocol-specific loading configuration for unknown: ['XPP_ALL', 'XAP_ALL', 'PP_FOR_SPECIFIC_COMPARISON', 'AP_FAMILY_1', 'AP_FAMILY_2', 'AP_FAMILY_3', 'AP_FAMILY_4', 'AP_FAMILY_5', 'AP_FAMILY_6']
2025-07-03 13:24:24,416 - INFO - examples.run_decoding_one_pp - [execute_single_subject_decoding:296] - Using loading conditions: ['XPP_ALL', 'XAP_ALL', 'PP_FOR_SPECIFIC_COMPARISON', 'AP_FAMILY_1', 'AP_FAMILY_2', 'AP_FAMILY_3', 'AP_FAMILY_4', 'AP_FAMILY_5', 'AP_FAMILY_6']
2025-07-03 13:24:24,416 - ERROR - examples.run_decoding_one_pp - [execute_single_subject_decoding:300] - Epochs object loading failed for TpPM14. Aborting subject.
2025-07-03 13:24:24,416 - WARNING - examples.run_decoding_one_group_pp - [execute_group_intra_subject_decoding_analysis:164] - Subject TpPM14 completed with errors or no valid AUC
2025-07-03 13:24:24,416 - INFO - examples.run_decoding_one_group_pp - [execute_group_intra_subject_decoding_analysis:130] - 
--- Group 'DELIRIUM+': Processing Subject 22/24: TpPM31 ---
2025-07-03 13:24:24,416 - INFO - examples.run_decoding_one_pp - [execute_single_subject_decoding:258] - Starting decoding for subject: TpPM31 (Group: DELIRIUM+, Task Set ID: Group_Intra_DELIRIUM+_Subj_TpPM31, Classifier: svc, GS: False, CSP (temp): False, ANOVA FS (temp): True, n_jobs: 40)
2025-07-03 13:24:24,416 - ERROR - utils.loading_PP_utils - [load_epochs_data_for_decoding_delirium:256] - Data directory for subject 'TpPM31' (group: 'DELIRIUM+') not found. Attempted path: 'None'. Base input: '/mnt/data/tom.balay/data1/Baking_EEG_data/Baking_EEG_data'.
2025-07-03 13:24:24,416 - INFO - utils.loading_PP_utils - [load_epochs_data_auto_protocol:873] - Auto-detected protocol 'unknown' for subject 'TpPM31' (file hint: None)
2025-07-03 13:24:24,416 - ERROR - utils.loading_PP_utils - [load_epochs_data_for_decoding_delirium:256] - Data directory for subject 'TpPM31' (group: 'DELIRIUM+') not found. Attempted path: 'None'. Base input: '/mnt/data/tom.balay/data1/Baking_EEG_data/Baking_EEG_data'.
2025-07-03 13:24:24,416 - INFO - examples.run_decoding_one_pp - [execute_single_subject_decoding:274] - Detected protocol 'unknown' for subject TpPM31
2025-07-03 13:24:24,417 - ERROR - utils.loading_PP_utils - [load_epochs_data_for_decoding_delirium:256] - Data directory for subject 'TpPM31' (group: 'DELIRIUM+') not found. Attempted path: 'None'. Base input: '/mnt/data/tom.balay/data1/Baking_EEG_data/Baking_EEG_data'.
2025-07-03 13:24:24,417 - INFO - utils.loading_PP_utils - [load_epochs_data_auto_protocol:873] - Auto-detected protocol 'unknown' for subject 'TpPM31' (file hint: None)
2025-07-03 13:24:24,417 - ERROR - utils.loading_PP_utils - [load_epochs_data_for_decoding_delirium:256] - Data directory for subject 'TpPM31' (group: 'DELIRIUM+') not found. Attempted path: 'None'. Base input: '/mnt/data/tom.balay/data1/Baking_EEG_data/Baking_EEG_data'.
2025-07-03 13:24:24,417 - INFO - examples.run_decoding_one_pp - [execute_single_subject_decoding:291] - Using protocol-specific loading configuration for unknown: ['XPP_ALL', 'XAP_ALL', 'PP_FOR_SPECIFIC_COMPARISON', 'AP_FAMILY_1', 'AP_FAMILY_2', 'AP_FAMILY_3', 'AP_FAMILY_4', 'AP_FAMILY_5', 'AP_FAMILY_6']
2025-07-03 13:24:24,417 - INFO - examples.run_decoding_one_pp - [execute_single_subject_decoding:296] - Using loading conditions: ['XPP_ALL', 'XAP_ALL', 'PP_FOR_SPECIFIC_COMPARISON', 'AP_FAMILY_1', 'AP_FAMILY_2', 'AP_FAMILY_3', 'AP_FAMILY_4', 'AP_FAMILY_5', 'AP_FAMILY_6']
2025-07-03 13:24:24,417 - ERROR - examples.run_decoding_one_pp - [execute_single_subject_decoding:300] - Epochs object loading failed for TpPM31. Aborting subject.
2025-07-03 13:24:24,417 - WARNING - examples.run_decoding_one_group_pp - [execute_group_intra_subject_decoding_analysis:164] - Subject TpPM31 completed with errors or no valid AUC
2025-07-03 13:24:24,417 - INFO - examples.run_decoding_one_group_pp - [execute_group_intra_subject_decoding_analysis:130] - 
--- Group 'DELIRIUM+': Processing Subject 23/24: TpRD38 ---
2025-07-03 13:24:24,417 - INFO - examples.run_decoding_one_pp - [execute_single_subject_decoding:258] - Starting decoding for subject: TpRD38 (Group: DELIRIUM+, Task Set ID: Group_Intra_DELIRIUM+_Subj_TpRD38, Classifier: svc, GS: False, CSP (temp): False, ANOVA FS (temp): True, n_jobs: 40)
2025-07-03 13:24:24,417 - ERROR - utils.loading_PP_utils - [load_epochs_data_for_decoding_delirium:256] - Data directory for subject 'TpRD38' (group: 'DELIRIUM+') not found. Attempted path: 'None'. Base input: '/mnt/data/tom.balay/data1/Baking_EEG_data/Baking_EEG_data'.
2025-07-03 13:24:24,417 - INFO - utils.loading_PP_utils - [load_epochs_data_auto_protocol:873] - Auto-detected protocol 'unknown' for subject 'TpRD38' (file hint: None)
2025-07-03 13:24:24,417 - ERROR - utils.loading_PP_utils - [load_epochs_data_for_decoding_delirium:256] - Data directory for subject 'TpRD38' (group: 'DELIRIUM+') not found. Attempted path: 'None'. Base input: '/mnt/data/tom.balay/data1/Baking_EEG_data/Baking_EEG_data'.
2025-07-03 13:24:24,418 - INFO - examples.run_decoding_one_pp - [execute_single_subject_decoding:274] - Detected protocol 'unknown' for subject TpRD38
2025-07-03 13:24:24,418 - ERROR - utils.loading_PP_utils - [load_epochs_data_for_decoding_delirium:256] - Data directory for subject 'TpRD38' (group: 'DELIRIUM+') not found. Attempted path: 'None'. Base input: '/mnt/data/tom.balay/data1/Baking_EEG_data/Baking_EEG_data'.
2025-07-03 13:24:24,418 - INFO - utils.loading_PP_utils - [load_epochs_data_auto_protocol:873] - Auto-detected protocol 'unknown' for subject 'TpRD38' (file hint: None)
2025-07-03 13:24:24,418 - ERROR - utils.loading_PP_utils - [load_epochs_data_for_decoding_delirium:256] - Data directory for subject 'TpRD38' (group: 'DELIRIUM+') not found. Attempted path: 'None'. Base input: '/mnt/data/tom.balay/data1/Baking_EEG_data/Baking_EEG_data'.
2025-07-03 13:24:24,418 - INFO - examples.run_decoding_one_pp - [execute_single_subject_decoding:291] - Using protocol-specific loading configuration for unknown: ['XPP_ALL', 'XAP_ALL', 'PP_FOR_SPECIFIC_COMPARISON', 'AP_FAMILY_1', 'AP_FAMILY_2', 'AP_FAMILY_3', 'AP_FAMILY_4', 'AP_FAMILY_5', 'AP_FAMILY_6']
2025-07-03 13:24:24,418 - INFO - examples.run_decoding_one_pp - [execute_single_subject_decoding:296] - Using loading conditions: ['XPP_ALL', 'XAP_ALL', 'PP_FOR_SPECIFIC_COMPARISON', 'AP_FAMILY_1', 'AP_FAMILY_2', 'AP_FAMILY_3', 'AP_FAMILY_4', 'AP_FAMILY_5', 'AP_FAMILY_6']
2025-07-03 13:24:24,418 - ERROR - examples.run_decoding_one_pp - [execute_single_subject_decoding:300] - Epochs object loading failed for TpRD38. Aborting subject.
2025-07-03 13:24:24,418 - WARNING - examples.run_decoding_one_group_pp - [execute_group_intra_subject_decoding_analysis:164] - Subject TpRD38 completed with errors or no valid AUC
2025-07-03 13:24:24,418 - INFO - examples.run_decoding_one_group_pp - [execute_group_intra_subject_decoding_analysis:130] - 
--- Group 'DELIRIUM+': Processing Subject 24/24: TpSM49 ---
2025-07-03 13:24:24,418 - INFO - examples.run_decoding_one_pp - [execute_single_subject_decoding:258] - Starting decoding for subject: TpSM49 (Group: DELIRIUM+, Task Set ID: Group_Intra_DELIRIUM+_Subj_TpSM49, Classifier: svc, GS: False, CSP (temp): False, ANOVA FS (temp): True, n_jobs: 40)
2025-07-03 13:24:24,418 - ERROR - utils.loading_PP_utils - [load_epochs_data_for_decoding_delirium:256] - Data directory for subject 'TpSM49' (group: 'DELIRIUM+') not found. Attempted path: 'None'. Base input: '/mnt/data/tom.balay/data1/Baking_EEG_data/Baking_EEG_data'.
2025-07-03 13:24:24,418 - INFO - utils.loading_PP_utils - [load_epochs_data_auto_protocol:873] - Auto-detected protocol 'unknown' for subject 'TpSM49' (file hint: None)
2025-07-03 13:24:24,419 - ERROR - utils.loading_PP_utils - [load_epochs_data_for_decoding_delirium:256] - Data directory for subject 'TpSM49' (group: 'DELIRIUM+') not found. Attempted path: 'None'. Base input: '/mnt/data/tom.balay/data1/Baking_EEG_data/Baking_EEG_data'.
2025-07-03 13:24:24,419 - INFO - examples.run_decoding_one_pp - [execute_single_subject_decoding:274] - Detected protocol 'unknown' for subject TpSM49
2025-07-03 13:24:24,419 - ERROR - utils.loading_PP_utils - [load_epochs_data_for_decoding_delirium:256] - Data directory for subject 'TpSM49' (group: 'DELIRIUM+') not found. Attempted path: 'None'. Base input: '/mnt/data/tom.balay/data1/Baking_EEG_data/Baking_EEG_data'.
2025-07-03 13:24:24,419 - INFO - utils.loading_PP_utils - [load_epochs_data_auto_protocol:873] - Auto-detected protocol 'unknown' for subject 'TpSM49' (file hint: None)
2025-07-03 13:24:24,419 - ERROR - utils.loading_PP_utils - [load_epochs_data_for_decoding_delirium:256] - Data directory for subject 'TpSM49' (group: 'DELIRIUM+') not found. Attempted path: 'None'. Base input: '/mnt/data/tom.balay/data1/Baking_EEG_data/Baking_EEG_data'.
2025-07-03 13:24:24,419 - INFO - examples.run_decoding_one_pp - [execute_single_subject_decoding:291] - Using protocol-specific loading configuration for unknown: ['XPP_ALL', 'XAP_ALL', 'PP_FOR_SPECIFIC_COMPARISON', 'AP_FAMILY_1', 'AP_FAMILY_2', 'AP_FAMILY_3', 'AP_FAMILY_4', 'AP_FAMILY_5', 'AP_FAMILY_6']
2025-07-03 13:24:24,419 - INFO - examples.run_decoding_one_pp - [execute_single_subject_decoding:296] - Using loading conditions: ['XPP_ALL', 'XAP_ALL', 'PP_FOR_SPECIFIC_COMPARISON', 'AP_FAMILY_1', 'AP_FAMILY_2', 'AP_FAMILY_3', 'AP_FAMILY_4', 'AP_FAMILY_5', 'AP_FAMILY_6']
2025-07-03 13:24:24,419 - ERROR - examples.run_decoding_one_pp - [execute_single_subject_decoding:300] - Epochs object loading failed for TpSM49. Aborting subject.
2025-07-03 13:24:24,419 - WARNING - examples.run_decoding_one_group_pp - [execute_group_intra_subject_decoding_analysis:164] - Subject TpSM49 completed with errors or no valid AUC
2025-07-03 13:24:24,419 - INFO - examples.run_decoding_one_group_pp - [execute_group_intra_subject_decoding_analysis:168] - Successfully processed 0/24 subjects for group 'DELIRIUM+'
2025-07-03 13:24:24,419 - INFO - examples.run_decoding_one_group_pp - [execute_group_intra_subject_decoding_analysis:171] - Finished subject loop. Total analysis time: 0.0 min
submitit INFO (2025-07-03 13:24:24,419) - Job completed successfully
2025-07-03 13:24:24,419 - INFO - submitit - [process_job:56] - Job completed successfully
submitit INFO (2025-07-03 13:24:24,420) - Exiting after successful completion
2025-07-03 13:24:24,420 - INFO - submitit - [process_job:61] - Exiting after successful completion
