submitit INFO (2025-06-30 16:30:24,733) - Starting with JobEnvironment(job_id=352634, hostname=node13, local_rank=0(1), node=0(1), global_rank=0(1))
submitit INFO (2025-06-30 16:30:24,733) - Loading pickle: /home/tom.balay/Baking_EEG/submitit/logs_submitit_jobs_LG/20250630_102700_TpJLR17_LG/352634_submitted.pkl
2025-06-30 16:30:27,061 - INFO - examples.run_decoding_one_group_pp - [<module>:39] - Tentative d'import de execute_single_subject_decoding...
2025-06-30 16:30:27,061 - INFO - examples.run_decoding_one_group_pp - [<module>:42] - ✅ Import de execute_single_subject_decoding réussi
2025-06-30 16:30:27,063 - INFO - examples.run_decoding_one_lg - [execute_single_subject_lg_decoding:193] - Starting LG decoding for subject: TpJLR17 (Group: DELIRIUM+, Task Set ID: Single_LG_Protocol_Analysis, Classifier: svc, GS: False, CSP: False, ANOVA FS: True, n_jobs: 40)
2025-06-30 16:30:27,063 - INFO - examples.run_decoding_one_lg - [execute_single_subject_lg_decoding:204] - Using LG loading conditions: ['LS_ALL', 'LD_ALL', 'GS_ALL', 'GD_ALL', 'LSGS', 'LSGD', 'LDGS', 'LDGD']
2025-06-30 16:30:36,267 - INFO - examples.run_decoding_one_lg - [execute_single_subject_lg_decoding:213] - Detected protocol 'LG_PATIENTS_DELIRIUMM+' for subject TpJLR17
2025-06-30 16:30:36,268 - INFO - examples.run_decoding_one_lg - [execute_single_subject_lg_decoding:254] - --- Starting Main LG Protocol Decoding for TpJLR17 ---
2025-06-30 16:30:36,268 - INFO - examples.run_decoding_one_lg - [execute_single_subject_lg_decoding:257] -   --- 1. Main LG Decoding (LS vs LD) for TpJLR17 ---
2025-06-30 16:30:36,384 - INFO - Baking_EEG._4_decoding_core - [run_temporal_decoding_analysis:68] - --- Temporal Ddcoding Analysis ---
2025-06-30 16:30:36,384 - INFO - Baking_EEG._4_decoding_core - [run_temporal_decoding_analysis:69] - Clf: svc, GS: False, CSP (temporal): False, ANOVA FS (temporal): True
2025-06-30 16:30:36,387 - INFO - base.base_decoding - [_build_standard_classifier_pipeline:57] - Pipeline à hyperparamètres fixes: type='svc', CSP: False, ANOVA FS: True
2025-06-30 16:30:36,387 - INFO - base.base_decoding - [_build_standard_classifier_pipeline:68] - DEBUG: add_csp_step type=bool, value=False, bool()=False
2025-06-30 16:30:36,387 - INFO - base.base_decoding - [_build_standard_classifier_pipeline:91] -    Étape ANOVA FS 'anova_feature_selection' ajoutée (percentile fixe=15).
2025-06-30 16:30:36,387 - INFO - base.base_decoding - [_build_standard_classifier_pipeline:123] - Structure finale du pipeline: ['scaler', 'anova_feature_selection', 'svc_classifier']
2025-06-30 16:30:36,387 - INFO - base.base_decoding - [_build_standard_classifier_pipeline:57] - Pipeline à hyperparamètres fixes: type='svc', CSP: False, ANOVA FS: False
2025-06-30 16:30:36,387 - INFO - base.base_decoding - [_build_standard_classifier_pipeline:68] - DEBUG: add_csp_step type=bool, value=False, bool()=False
2025-06-30 16:30:36,387 - INFO - base.base_decoding - [_build_standard_classifier_pipeline:123] - Structure finale du pipeline: ['scaler', 'svc_classifier']
2025-06-30 16:30:36,387 - INFO - Baking_EEG._4_decoding_core - [run_temporal_decoding_analysis:246] - CV strategy: StratifiedKFold with 10 splits.
2025-06-30 16:30:36,387 - INFO - Baking_EEG._4_decoding_core - [run_temporal_decoding_analysis:258] - Sample weights: Auto-calculated per fold (recommended for StratifiedKFold).
2025-06-30 16:30:36,396 - INFO - Baking_EEG._4_decoding_core - [run_temporal_decoding_analysis:294] - MNE Estimators: Using fold-specific balancing via class_weight='balanced' (if supported by classifier).
2025-06-30 16:30:36,396 - INFO - Baking_EEG._4_decoding_core - [run_temporal_decoding_analysis:310] - Starting 1D temporal decoding (SlidingEstimator)...
2025-06-30 16:32:02,099 - INFO - Baking_EEG._4_decoding_core - [run_temporal_decoding_analysis:338] - 1D temporal decoding done. Peak mean AUC: 0.661
2025-06-30 16:32:02,100 - INFO - Baking_EEG._4_decoding_core - [run_temporal_decoding_analysis:379] - TGM computation disabled.
2025-06-30 16:32:02,100 - INFO - Baking_EEG._4_decoding_core - [run_temporal_decoding_analysis:382] - Starting global decoding (n_jobs_folds=40)...
2025-06-30 16:36:53,345 - INFO - Baking_EEG._4_decoding_core - [run_temporal_decoding_analysis:439] - Global decoding done. Mean CV AUC: 0.760 +/- 0.032
2025-06-30 16:36:53,368 - INFO - Baking_EEG._4_decoding_core - [run_temporal_decoding_analysis:478] -   Overall global metrics (aggregated): {'roc_auc': '0.755', 'accuracy': '0.692', 'precision': '0.704', 'recall': '0.670', 'f1_score': '0.687', 'balanced_accuracy': '0.692'}
2025-06-30 16:36:53,368 - INFO - utils.stats_utils - [perform_pointwise_fdr_correction_on_scores:439] - Performing pointwise wilcoxon with FDR correction. Data shape for test (obs, features if any): (10, 801)
2025-06-30 16:36:53,369 - INFO - utils.stats_utils - [perform_pointwise_fdr_correction_on_scores:443] -   Parameters: chance=0.5, alpha=0.05, test_type='wilcoxon', FDR_method='indep', alternative='greater'
2025-06-30 16:36:53,982 - INFO - utils.stats_utils - [perform_pointwise_fdr_correction_on_scores:714] - FDR correction completed. 353 point(s) found significant (p_fdr < 0.05).
2025-06-30 16:36:53,983 - INFO - utils.stats_utils - [perform_cluster_permutation_test:195] - Executing cluster-based permutation test. Data shape (obs, features...): (10, 801)
2025-06-30 16:36:53,983 - INFO - utils.stats_utils - [perform_cluster_permutation_test:199] -   Parameters: n_permutations=1024, threshold_config={'start': 0.1, 'step': 0.1}, alternative='greater' (MNE tail=1), n_jobs=-1
2025-06-30 16:36:53,983 - INFO - utils.stats_utils - [perform_cluster_permutation_test:210] -   Using MNE's default stat_fun (ttest_1samp_no_p) for permutation test.
2025-06-30 16:36:53,983 - INFO - utils.stats_utils - [perform_cluster_permutation_test:242] -   Input data is 2D (features). MNE will use default temporal connectivity inference if applicable.
stat_fun(H1): min=-6.150092 max=15.126916
Running initial clustering …
Using 151 thresholds from 0.10 to 15.10 for TFCE computation (h_power=2.00, e_power=0.50)
Found 801 clusters
2025-06-30 16:36:56,862 - INFO - utils.stats_utils - [perform_cluster_permutation_test:314] - Cluster permutation test completed. 801 initial clusters found (after processing slices).
2025-06-30 16:36:56,863 - INFO - utils.stats_utils - [perform_cluster_permutation_test:338] -   Significant Cluster #420: p-value = 0.0410. Mask shape: (801,), Num True points: 1
2025-06-30 16:36:56,863 - INFO - utils.stats_utils - [perform_cluster_permutation_test:338] -   Significant Cluster #421: p-value = 0.0469. Mask shape: (801,), Num True points: 1
2025-06-30 16:36:56,863 - INFO - utils.stats_utils - [perform_cluster_permutation_test:338] -   Significant Cluster #439: p-value = 0.0254. Mask shape: (801,), Num True points: 1
2025-06-30 16:36:56,863 - INFO - utils.stats_utils - [perform_cluster_permutation_test:338] -   Significant Cluster #441: p-value = 0.0195. Mask shape: (801,), Num True points: 1
2025-06-30 16:36:56,863 - INFO - utils.stats_utils - [perform_cluster_permutation_test:338] -   Significant Cluster #442: p-value = 0.0254. Mask shape: (801,), Num True points: 1
2025-06-30 16:36:56,863 - INFO - utils.stats_utils - [perform_cluster_permutation_test:338] -   Significant Cluster #443: p-value = 0.0059. Mask shape: (801,), Num True points: 1
2025-06-30 16:36:56,863 - INFO - utils.stats_utils - [perform_cluster_permutation_test:338] -   Significant Cluster #444: p-value = 0.0088. Mask shape: (801,), Num True points: 1
2025-06-30 16:36:56,864 - INFO - utils.stats_utils - [perform_cluster_permutation_test:338] -   Significant Cluster #445: p-value = 0.0195. Mask shape: (801,), Num True points: 1
2025-06-30 16:36:56,864 - INFO - utils.stats_utils - [perform_cluster_permutation_test:338] -   Significant Cluster #446: p-value = 0.0088. Mask shape: (801,), Num True points: 1
2025-06-30 16:36:56,864 - INFO - utils.stats_utils - [perform_cluster_permutation_test:338] -   Significant Cluster #447: p-value = 0.0049. Mask shape: (801,), Num True points: 1
2025-06-30 16:36:56,864 - INFO - utils.stats_utils - [perform_cluster_permutation_test:338] -   Significant Cluster #448: p-value = 0.0020. Mask shape: (801,), Num True points: 1
2025-06-30 16:36:56,864 - INFO - utils.stats_utils - [perform_cluster_permutation_test:338] -   Significant Cluster #449: p-value = 0.0020. Mask shape: (801,), Num True points: 1
2025-06-30 16:36:56,864 - INFO - utils.stats_utils - [perform_cluster_permutation_test:338] -   Significant Cluster #450: p-value = 0.0020. Mask shape: (801,), Num True points: 1
2025-06-30 16:36:56,864 - INFO - utils.stats_utils - [perform_cluster_permutation_test:338] -   Significant Cluster #451: p-value = 0.0020. Mask shape: (801,), Num True points: 1
2025-06-30 16:36:56,864 - INFO - utils.stats_utils - [perform_cluster_permutation_test:338] -   Significant Cluster #452: p-value = 0.0039. Mask shape: (801,), Num True points: 1
2025-06-30 16:36:56,864 - INFO - utils.stats_utils - [perform_cluster_permutation_test:338] -   Significant Cluster #453: p-value = 0.0039. Mask shape: (801,), Num True points: 1
2025-06-30 16:36:56,864 - INFO - utils.stats_utils - [perform_cluster_permutation_test:338] -   Significant Cluster #454: p-value = 0.0078. Mask shape: (801,), Num True points: 1
2025-06-30 16:36:56,864 - INFO - utils.stats_utils - [perform_cluster_permutation_test:338] -   Significant Cluster #455: p-value = 0.0068. Mask shape: (801,), Num True points: 1
2025-06-30 16:36:56,864 - INFO - utils.stats_utils - [perform_cluster_permutation_test:338] -   Significant Cluster #456: p-value = 0.0146. Mask shape: (801,), Num True points: 1
2025-06-30 16:36:56,865 - INFO - utils.stats_utils - [perform_cluster_permutation_test:338] -   Significant Cluster #457: p-value = 0.0215. Mask shape: (801,), Num True points: 1
2025-06-30 16:36:56,865 - INFO - utils.stats_utils - [perform_cluster_permutation_test:338] -   Significant Cluster #458: p-value = 0.0195. Mask shape: (801,), Num True points: 1
2025-06-30 16:36:56,865 - INFO - utils.stats_utils - [perform_cluster_permutation_test:338] -   Significant Cluster #459: p-value = 0.0273. Mask shape: (801,), Num True points: 1
2025-06-30 16:36:56,865 - INFO - utils.stats_utils - [perform_cluster_permutation_test:338] -   Significant Cluster #460: p-value = 0.0303. Mask shape: (801,), Num True points: 1
2025-06-30 16:36:56,865 - INFO - utils.stats_utils - [perform_cluster_permutation_test:338] -   Significant Cluster #461: p-value = 0.0332. Mask shape: (801,), Num True points: 1
2025-06-30 16:36:56,865 - INFO - utils.stats_utils - [perform_cluster_permutation_test:338] -   Significant Cluster #462: p-value = 0.0273. Mask shape: (801,), Num True points: 1
2025-06-30 16:36:56,865 - INFO - utils.stats_utils - [perform_cluster_permutation_test:338] -   Significant Cluster #463: p-value = 0.0332. Mask shape: (801,), Num True points: 1
2025-06-30 16:36:56,865 - INFO - utils.stats_utils - [perform_cluster_permutation_test:338] -   Significant Cluster #464: p-value = 0.0469. Mask shape: (801,), Num True points: 1
2025-06-30 16:36:56,865 - INFO - utils.stats_utils - [perform_cluster_permutation_test:338] -   Significant Cluster #478: p-value = 0.0234. Mask shape: (801,), Num True points: 1
2025-06-30 16:36:56,865 - INFO - utils.stats_utils - [perform_cluster_permutation_test:338] -   Significant Cluster #479: p-value = 0.0176. Mask shape: (801,), Num True points: 1
2025-06-30 16:36:56,865 - INFO - utils.stats_utils - [perform_cluster_permutation_test:338] -   Significant Cluster #480: p-value = 0.0049. Mask shape: (801,), Num True points: 1
2025-06-30 16:36:56,865 - INFO - utils.stats_utils - [perform_cluster_permutation_test:338] -   Significant Cluster #482: p-value = 0.0273. Mask shape: (801,), Num True points: 1
2025-06-30 16:36:56,866 - INFO - utils.stats_utils - [perform_cluster_permutation_test:338] -   Significant Cluster #485: p-value = 0.0264. Mask shape: (801,), Num True points: 1
2025-06-30 16:36:56,866 - INFO - utils.stats_utils - [perform_cluster_permutation_test:338] -   Significant Cluster #486: p-value = 0.0234. Mask shape: (801,), Num True points: 1
2025-06-30 16:36:56,866 - INFO - utils.stats_utils - [perform_cluster_permutation_test:338] -   Significant Cluster #487: p-value = 0.0273. Mask shape: (801,), Num True points: 1
2025-06-30 16:36:56,866 - INFO - utils.stats_utils - [perform_cluster_permutation_test:338] -   Significant Cluster #488: p-value = 0.0459. Mask shape: (801,), Num True points: 1
2025-06-30 16:36:56,866 - INFO - utils.stats_utils - [perform_cluster_permutation_test:338] -   Significant Cluster #535: p-value = 0.0254. Mask shape: (801,), Num True points: 1
2025-06-30 16:36:56,866 - INFO - utils.stats_utils - [perform_cluster_permutation_test:338] -   Significant Cluster #536: p-value = 0.0068. Mask shape: (801,), Num True points: 1
2025-06-30 16:36:56,866 - INFO - utils.stats_utils - [perform_cluster_permutation_test:338] -   Significant Cluster #537: p-value = 0.0059. Mask shape: (801,), Num True points: 1
2025-06-30 16:36:56,866 - INFO - utils.stats_utils - [perform_cluster_permutation_test:338] -   Significant Cluster #538: p-value = 0.0195. Mask shape: (801,), Num True points: 1
2025-06-30 16:36:56,866 - INFO - utils.stats_utils - [perform_cluster_permutation_test:338] -   Significant Cluster #544: p-value = 0.0234. Mask shape: (801,), Num True points: 1
2025-06-30 16:36:56,866 - INFO - utils.stats_utils - [perform_cluster_permutation_test:338] -   Significant Cluster #575: p-value = 0.0332. Mask shape: (801,), Num True points: 1
2025-06-30 16:36:56,866 - INFO - utils.stats_utils - [perform_cluster_permutation_test:338] -   Significant Cluster #576: p-value = 0.0195. Mask shape: (801,), Num True points: 1
2025-06-30 16:36:56,867 - INFO - utils.stats_utils - [perform_cluster_permutation_test:338] -   Significant Cluster #577: p-value = 0.0166. Mask shape: (801,), Num True points: 1
2025-06-30 16:36:56,867 - INFO - utils.stats_utils - [perform_cluster_permutation_test:338] -   Significant Cluster #578: p-value = 0.0146. Mask shape: (801,), Num True points: 1
2025-06-30 16:36:56,867 - INFO - utils.stats_utils - [perform_cluster_permutation_test:338] -   Significant Cluster #579: p-value = 0.0107. Mask shape: (801,), Num True points: 1
2025-06-30 16:36:56,867 - INFO - utils.stats_utils - [perform_cluster_permutation_test:338] -   Significant Cluster #580: p-value = 0.0195. Mask shape: (801,), Num True points: 1
2025-06-30 16:36:56,867 - INFO - utils.stats_utils - [perform_cluster_permutation_test:338] -   Significant Cluster #581: p-value = 0.0195. Mask shape: (801,), Num True points: 1
2025-06-30 16:36:56,867 - INFO - utils.stats_utils - [perform_cluster_permutation_test:338] -   Significant Cluster #582: p-value = 0.0195. Mask shape: (801,), Num True points: 1
2025-06-30 16:36:56,867 - INFO - utils.stats_utils - [perform_cluster_permutation_test:338] -   Significant Cluster #583: p-value = 0.0088. Mask shape: (801,), Num True points: 1
2025-06-30 16:36:56,867 - INFO - utils.stats_utils - [perform_cluster_permutation_test:338] -   Significant Cluster #584: p-value = 0.0195. Mask shape: (801,), Num True points: 1
2025-06-30 16:36:56,867 - INFO - utils.stats_utils - [perform_cluster_permutation_test:338] -   Significant Cluster #585: p-value = 0.0195. Mask shape: (801,), Num True points: 1
2025-06-30 16:36:56,867 - INFO - utils.stats_utils - [perform_cluster_permutation_test:338] -   Significant Cluster #586: p-value = 0.0195. Mask shape: (801,), Num True points: 1
2025-06-30 16:36:56,867 - INFO - utils.stats_utils - [perform_cluster_permutation_test:338] -   Significant Cluster #587: p-value = 0.0254. Mask shape: (801,), Num True points: 1
2025-06-30 16:36:56,867 - INFO - utils.stats_utils - [perform_cluster_permutation_test:338] -   Significant Cluster #588: p-value = 0.0264. Mask shape: (801,), Num True points: 1
2025-06-30 16:36:56,868 - INFO - utils.stats_utils - [perform_cluster_permutation_test:338] -   Significant Cluster #589: p-value = 0.0332. Mask shape: (801,), Num True points: 1
2025-06-30 16:36:56,868 - INFO - utils.stats_utils - [perform_cluster_permutation_test:338] -   Significant Cluster #592: p-value = 0.0459. Mask shape: (801,), Num True points: 1
2025-06-30 16:36:56,868 - INFO - utils.stats_utils - [perform_cluster_permutation_test:338] -   Significant Cluster #594: p-value = 0.0146. Mask shape: (801,), Num True points: 1
2025-06-30 16:36:56,868 - INFO - utils.stats_utils - [perform_cluster_permutation_test:338] -   Significant Cluster #595: p-value = 0.0195. Mask shape: (801,), Num True points: 1
2025-06-30 16:36:56,868 - INFO - utils.stats_utils - [perform_cluster_permutation_test:338] -   Significant Cluster #596: p-value = 0.0166. Mask shape: (801,), Num True points: 1
2025-06-30 16:36:56,868 - INFO - utils.stats_utils - [perform_cluster_permutation_test:338] -   Significant Cluster #597: p-value = 0.0107. Mask shape: (801,), Num True points: 1
2025-06-30 16:36:56,868 - INFO - utils.stats_utils - [perform_cluster_permutation_test:338] -   Significant Cluster #598: p-value = 0.0059. Mask shape: (801,), Num True points: 1
2025-06-30 16:36:56,868 - INFO - utils.stats_utils - [perform_cluster_permutation_test:338] -   Significant Cluster #599: p-value = 0.0049. Mask shape: (801,), Num True points: 1
2025-06-30 16:36:56,868 - INFO - utils.stats_utils - [perform_cluster_permutation_test:338] -   Significant Cluster #600: p-value = 0.0049. Mask shape: (801,), Num True points: 1
2025-06-30 16:36:56,868 - INFO - utils.stats_utils - [perform_cluster_permutation_test:338] -   Significant Cluster #601: p-value = 0.0039. Mask shape: (801,), Num True points: 1
2025-06-30 16:36:56,868 - INFO - utils.stats_utils - [perform_cluster_permutation_test:338] -   Significant Cluster #602: p-value = 0.0049. Mask shape: (801,), Num True points: 1
2025-06-30 16:36:56,868 - INFO - utils.stats_utils - [perform_cluster_permutation_test:338] -   Significant Cluster #603: p-value = 0.0068. Mask shape: (801,), Num True points: 1
2025-06-30 16:36:56,869 - INFO - utils.stats_utils - [perform_cluster_permutation_test:338] -   Significant Cluster #604: p-value = 0.0078. Mask shape: (801,), Num True points: 1
2025-06-30 16:36:56,869 - INFO - utils.stats_utils - [perform_cluster_permutation_test:338] -   Significant Cluster #605: p-value = 0.0078. Mask shape: (801,), Num True points: 1
2025-06-30 16:36:56,869 - INFO - utils.stats_utils - [perform_cluster_permutation_test:338] -   Significant Cluster #606: p-value = 0.0068. Mask shape: (801,), Num True points: 1
2025-06-30 16:36:56,869 - INFO - utils.stats_utils - [perform_cluster_permutation_test:338] -   Significant Cluster #607: p-value = 0.0098. Mask shape: (801,), Num True points: 1
2025-06-30 16:36:56,869 - INFO - utils.stats_utils - [perform_cluster_permutation_test:338] -   Significant Cluster #608: p-value = 0.0039. Mask shape: (801,), Num True points: 1
2025-06-30 16:36:56,869 - INFO - utils.stats_utils - [perform_cluster_permutation_test:338] -   Significant Cluster #609: p-value = 0.0059. Mask shape: (801,), Num True points: 1
2025-06-30 16:36:56,869 - INFO - utils.stats_utils - [perform_cluster_permutation_test:338] -   Significant Cluster #610: p-value = 0.0088. Mask shape: (801,), Num True points: 1
2025-06-30 16:36:56,869 - INFO - utils.stats_utils - [perform_cluster_permutation_test:338] -   Significant Cluster #611: p-value = 0.0195. Mask shape: (801,), Num True points: 1
2025-06-30 16:36:56,869 - INFO - utils.stats_utils - [perform_cluster_permutation_test:338] -   Significant Cluster #612: p-value = 0.0234. Mask shape: (801,), Num True points: 1
2025-06-30 16:36:56,869 - INFO - utils.stats_utils - [perform_cluster_permutation_test:338] -   Significant Cluster #613: p-value = 0.0469. Mask shape: (801,), Num True points: 1
2025-06-30 16:36:56,869 - INFO - utils.stats_utils - [perform_cluster_permutation_test:338] -   Significant Cluster #637: p-value = 0.0361. Mask shape: (801,), Num True points: 1
2025-06-30 16:36:56,869 - INFO - utils.stats_utils - [perform_cluster_permutation_test:338] -   Significant Cluster #638: p-value = 0.0195. Mask shape: (801,), Num True points: 1
2025-06-30 16:36:56,869 - INFO - utils.stats_utils - [perform_cluster_permutation_test:338] -   Significant Cluster #639: p-value = 0.0146. Mask shape: (801,), Num True points: 1
2025-06-30 16:36:56,869 - INFO - utils.stats_utils - [perform_cluster_permutation_test:338] -   Significant Cluster #640: p-value = 0.0195. Mask shape: (801,), Num True points: 1
2025-06-30 16:36:56,870 - INFO - utils.stats_utils - [perform_cluster_permutation_test:338] -   Significant Cluster #641: p-value = 0.0254. Mask shape: (801,), Num True points: 1
2025-06-30 16:36:56,870 - INFO - utils.stats_utils - [perform_cluster_permutation_test:338] -   Significant Cluster #642: p-value = 0.0264. Mask shape: (801,), Num True points: 1
2025-06-30 16:36:56,870 - INFO - utils.stats_utils - [perform_cluster_permutation_test:338] -   Significant Cluster #643: p-value = 0.0273. Mask shape: (801,), Num True points: 1
2025-06-30 16:36:56,870 - INFO - utils.stats_utils - [perform_cluster_permutation_test:338] -   Significant Cluster #650: p-value = 0.0459. Mask shape: (801,), Num True points: 1
2025-06-30 16:36:56,870 - INFO - utils.stats_utils - [perform_cluster_permutation_test:338] -   Significant Cluster #651: p-value = 0.0410. Mask shape: (801,), Num True points: 1
2025-06-30 16:36:56,870 - INFO - utils.stats_utils - [perform_cluster_permutation_test:338] -   Significant Cluster #652: p-value = 0.0234. Mask shape: (801,), Num True points: 1
2025-06-30 16:36:56,870 - INFO - utils.stats_utils - [perform_cluster_permutation_test:338] -   Significant Cluster #653: p-value = 0.0195. Mask shape: (801,), Num True points: 1
2025-06-30 16:36:56,870 - INFO - utils.stats_utils - [perform_cluster_permutation_test:338] -   Significant Cluster #654: p-value = 0.0078. Mask shape: (801,), Num True points: 1
2025-06-30 16:36:56,870 - INFO - utils.stats_utils - [perform_cluster_permutation_test:338] -   Significant Cluster #655: p-value = 0.0039. Mask shape: (801,), Num True points: 1
2025-06-30 16:36:56,870 - INFO - utils.stats_utils - [perform_cluster_permutation_test:338] -   Significant Cluster #656: p-value = 0.0039. Mask shape: (801,), Num True points: 1
2025-06-30 16:36:56,870 - INFO - utils.stats_utils - [perform_cluster_permutation_test:338] -   Significant Cluster #657: p-value = 0.0020. Mask shape: (801,), Num True points: 1
2025-06-30 16:36:56,870 - INFO - utils.stats_utils - [perform_cluster_permutation_test:338] -   Significant Cluster #658: p-value = 0.0039. Mask shape: (801,), Num True points: 1
2025-06-30 16:36:56,871 - INFO - utils.stats_utils - [perform_cluster_permutation_test:338] -   Significant Cluster #659: p-value = 0.0049. Mask shape: (801,), Num True points: 1
2025-06-30 16:36:56,871 - INFO - utils.stats_utils - [perform_cluster_permutation_test:338] -   Significant Cluster #660: p-value = 0.0039. Mask shape: (801,), Num True points: 1
2025-06-30 16:36:56,871 - INFO - utils.stats_utils - [perform_cluster_permutation_test:338] -   Significant Cluster #661: p-value = 0.0068. Mask shape: (801,), Num True points: 1
2025-06-30 16:36:56,871 - INFO - utils.stats_utils - [perform_cluster_permutation_test:338] -   Significant Cluster #662: p-value = 0.0020. Mask shape: (801,), Num True points: 1
2025-06-30 16:36:56,871 - INFO - utils.stats_utils - [perform_cluster_permutation_test:338] -   Significant Cluster #663: p-value = 0.0068. Mask shape: (801,), Num True points: 1
2025-06-30 16:36:56,871 - INFO - utils.stats_utils - [perform_cluster_permutation_test:338] -   Significant Cluster #664: p-value = 0.0049. Mask shape: (801,), Num True points: 1
2025-06-30 16:36:56,871 - INFO - utils.stats_utils - [perform_cluster_permutation_test:338] -   Significant Cluster #665: p-value = 0.0049. Mask shape: (801,), Num True points: 1
2025-06-30 16:36:56,871 - INFO - utils.stats_utils - [perform_cluster_permutation_test:338] -   Significant Cluster #666: p-value = 0.0303. Mask shape: (801,), Num True points: 1
2025-06-30 16:36:56,876 - INFO - examples.run_decoding_one_lg - [execute_single_subject_lg_decoding:344] - Main LG Decoding for TpJLR17 DONE. Mean Global AUC: 0.760
2025-06-30 16:36:56,876 - INFO - examples.run_decoding_one_lg - [execute_single_subject_lg_decoding:353] -   --- 2. Specific LG Comparisons (e.g. LS/GS vs LS/GD, LD/GS vs LD/GD) for TpJLR17 ---
2025-06-30 16:36:56,959 - INFO - Baking_EEG._4_decoding_core - [run_temporal_decoding_analysis:68] - --- Temporal Ddcoding Analysis ---
2025-06-30 16:36:56,959 - INFO - Baking_EEG._4_decoding_core - [run_temporal_decoding_analysis:69] - Clf: svc, GS: False, CSP (temporal): False, ANOVA FS (temporal): True
2025-06-30 16:36:56,965 - INFO - base.base_decoding - [_build_standard_classifier_pipeline:57] - Pipeline à hyperparamètres fixes: type='svc', CSP: False, ANOVA FS: True
2025-06-30 16:36:56,966 - INFO - base.base_decoding - [_build_standard_classifier_pipeline:68] - DEBUG: add_csp_step type=bool, value=False, bool()=False
2025-06-30 16:36:56,966 - INFO - base.base_decoding - [_build_standard_classifier_pipeline:91] -    Étape ANOVA FS 'anova_feature_selection' ajoutée (percentile fixe=15).
2025-06-30 16:36:56,966 - INFO - base.base_decoding - [_build_standard_classifier_pipeline:123] - Structure finale du pipeline: ['scaler', 'anova_feature_selection', 'svc_classifier']
2025-06-30 16:36:56,966 - INFO - base.base_decoding - [_build_standard_classifier_pipeline:57] - Pipeline à hyperparamètres fixes: type='svc', CSP: False, ANOVA FS: False
2025-06-30 16:36:56,966 - INFO - base.base_decoding - [_build_standard_classifier_pipeline:68] - DEBUG: add_csp_step type=bool, value=False, bool()=False
2025-06-30 16:36:56,966 - INFO - base.base_decoding - [_build_standard_classifier_pipeline:123] - Structure finale du pipeline: ['scaler', 'svc_classifier']
2025-06-30 16:36:56,966 - INFO - Baking_EEG._4_decoding_core - [run_temporal_decoding_analysis:246] - CV strategy: StratifiedKFold with 10 splits.
2025-06-30 16:36:56,966 - INFO - Baking_EEG._4_decoding_core - [run_temporal_decoding_analysis:258] - Sample weights: Auto-calculated per fold (recommended for StratifiedKFold).
2025-06-30 16:36:56,980 - INFO - Baking_EEG._4_decoding_core - [run_temporal_decoding_analysis:294] - MNE Estimators: Using fold-specific balancing via class_weight='balanced' (if supported by classifier).
2025-06-30 16:36:56,980 - INFO - Baking_EEG._4_decoding_core - [run_temporal_decoding_analysis:310] - Starting 1D temporal decoding (SlidingEstimator)...
2025-06-30 16:37:27,838 - INFO - Baking_EEG._4_decoding_core - [run_temporal_decoding_analysis:338] - 1D temporal decoding done. Peak mean AUC: 0.624
2025-06-30 16:37:27,838 - INFO - Baking_EEG._4_decoding_core - [run_temporal_decoding_analysis:346] - Starting TGM computation (GeneralizingEstimator)...
2025-06-30 17:24:37,598 - INFO - Baking_EEG._4_decoding_core - [run_temporal_decoding_analysis:373] - TGM computation done. Peak mean TGM AUC: 0.646
2025-06-30 17:24:37,600 - INFO - Baking_EEG._4_decoding_core - [run_temporal_decoding_analysis:382] - Starting global decoding (n_jobs_folds=40)...
2025-06-30 17:25:54,885 - INFO - Baking_EEG._4_decoding_core - [run_temporal_decoding_analysis:439] - Global decoding done. Mean CV AUC: 0.515 +/- 0.129
2025-06-30 17:25:54,901 - INFO - Baking_EEG._4_decoding_core - [run_temporal_decoding_analysis:478] -   Overall global metrics (aggregated): {'roc_auc': '0.513', 'accuracy': '0.665', 'precision': '0.129', 'recall': '0.109', 'f1_score': '0.118', 'balanced_accuracy': '0.459'}
2025-06-30 17:25:54,901 - INFO - utils.stats_utils - [perform_pointwise_fdr_correction_on_scores:439] - Performing pointwise wilcoxon with FDR correction. Data shape for test (obs, features if any): (10, 801)
2025-06-30 17:25:54,902 - INFO - utils.stats_utils - [perform_pointwise_fdr_correction_on_scores:443] -   Parameters: chance=0.5, alpha=0.05, test_type='wilcoxon', FDR_method='indep', alternative='greater'
2025-06-30 17:25:55,518 - INFO - utils.stats_utils - [perform_pointwise_fdr_correction_on_scores:714] - FDR correction completed. 0 point(s) found significant (p_fdr < 0.05).
2025-06-30 17:25:55,518 - INFO - utils.stats_utils - [perform_cluster_permutation_test:195] - Executing cluster-based permutation test. Data shape (obs, features...): (10, 801)
2025-06-30 17:25:55,518 - INFO - utils.stats_utils - [perform_cluster_permutation_test:199] -   Parameters: n_permutations=1024, threshold_config={'start': 0.1, 'step': 0.1}, alternative='greater' (MNE tail=1), n_jobs=-1
2025-06-30 17:25:55,518 - INFO - utils.stats_utils - [perform_cluster_permutation_test:210] -   Using MNE's default stat_fun (ttest_1samp_no_p) for permutation test.
2025-06-30 17:25:55,518 - INFO - utils.stats_utils - [perform_cluster_permutation_test:242] -   Input data is 2D (features). MNE will use default temporal connectivity inference if applicable.
stat_fun(H1): min=-3.349066 max=4.623604
Running initial clustering …
Using 46 thresholds from 0.10 to 4.60 for TFCE computation (h_power=2.00, e_power=0.50)
Found 801 clusters
2025-06-30 17:25:57,831 - INFO - utils.stats_utils - [perform_cluster_permutation_test:314] - Cluster permutation test completed. 801 initial clusters found (after processing slices).
2025-06-30 17:25:57,832 - INFO - utils.stats_utils - [perform_cluster_permutation_test:344] - No clusters found to be statistically significant (p < 0.05).
2025-06-30 17:25:57,842 - INFO - utils.stats_utils - [perform_pointwise_fdr_correction_on_scores:439] - Performing pointwise wilcoxon with FDR correction. Data shape for test (obs, features if any): (10, 641601)
2025-06-30 17:25:57,842 - INFO - utils.stats_utils - [perform_pointwise_fdr_correction_on_scores:443] -   Parameters: chance=0.5, alpha=0.05, test_type='wilcoxon', FDR_method='indep', alternative='greater'
2025-06-30 17:30:31,240 - INFO - utils.stats_utils - [perform_pointwise_fdr_correction_on_scores:714] - FDR correction completed. 0 point(s) found significant (p_fdr < 0.05).
2025-06-30 17:30:31,244 - INFO - Baking_EEG._4_decoding_core - [run_temporal_decoding_analysis:544] - Intra-fold Cluster Permutation for TGM is SKIPPED.
2025-06-30 17:30:31,248 - INFO - examples.run_decoding_one_lg - [execute_single_subject_lg_decoding:465] -   Specific LG task 'Local Standard: Global Standard vs Global Deviant' for TpJLR17: Peak AUC = 0.624
2025-06-30 17:30:31,312 - INFO - Baking_EEG._4_decoding_core - [run_temporal_decoding_analysis:68] - --- Temporal Ddcoding Analysis ---
2025-06-30 17:30:31,312 - INFO - Baking_EEG._4_decoding_core - [run_temporal_decoding_analysis:69] - Clf: svc, GS: False, CSP (temporal): False, ANOVA FS (temporal): True
2025-06-30 17:30:31,313 - INFO - base.base_decoding - [_build_standard_classifier_pipeline:57] - Pipeline à hyperparamètres fixes: type='svc', CSP: False, ANOVA FS: True
2025-06-30 17:30:31,314 - INFO - base.base_decoding - [_build_standard_classifier_pipeline:68] - DEBUG: add_csp_step type=bool, value=False, bool()=False
2025-06-30 17:30:31,314 - INFO - base.base_decoding - [_build_standard_classifier_pipeline:91] -    Étape ANOVA FS 'anova_feature_selection' ajoutée (percentile fixe=15).
2025-06-30 17:30:31,314 - INFO - base.base_decoding - [_build_standard_classifier_pipeline:123] - Structure finale du pipeline: ['scaler', 'anova_feature_selection', 'svc_classifier']
2025-06-30 17:30:31,314 - INFO - base.base_decoding - [_build_standard_classifier_pipeline:57] - Pipeline à hyperparamètres fixes: type='svc', CSP: False, ANOVA FS: False
2025-06-30 17:30:31,314 - INFO - base.base_decoding - [_build_standard_classifier_pipeline:68] - DEBUG: add_csp_step type=bool, value=False, bool()=False
2025-06-30 17:30:31,314 - INFO - base.base_decoding - [_build_standard_classifier_pipeline:123] - Structure finale du pipeline: ['scaler', 'svc_classifier']
2025-06-30 17:30:31,314 - INFO - Baking_EEG._4_decoding_core - [run_temporal_decoding_analysis:246] - CV strategy: StratifiedKFold with 10 splits.
2025-06-30 17:30:31,314 - INFO - Baking_EEG._4_decoding_core - [run_temporal_decoding_analysis:258] - Sample weights: Auto-calculated per fold (recommended for StratifiedKFold).
2025-06-30 17:30:31,324 - INFO - Baking_EEG._4_decoding_core - [run_temporal_decoding_analysis:294] - MNE Estimators: Using fold-specific balancing via class_weight='balanced' (if supported by classifier).
2025-06-30 17:30:31,324 - INFO - Baking_EEG._4_decoding_core - [run_temporal_decoding_analysis:310] - Starting 1D temporal decoding (SlidingEstimator)...
2025-06-30 17:31:03,333 - INFO - Baking_EEG._4_decoding_core - [run_temporal_decoding_analysis:338] - 1D temporal decoding done. Peak mean AUC: 0.640
2025-06-30 17:31:03,334 - INFO - Baking_EEG._4_decoding_core - [run_temporal_decoding_analysis:346] - Starting TGM computation (GeneralizingEstimator)...
2025-06-30 18:17:31,703 - INFO - Baking_EEG._4_decoding_core - [run_temporal_decoding_analysis:373] - TGM computation done. Peak mean TGM AUC: 0.650
2025-06-30 18:17:31,705 - INFO - Baking_EEG._4_decoding_core - [run_temporal_decoding_analysis:382] - Starting global decoding (n_jobs_folds=40)...
2025-06-30 18:19:04,491 - INFO - Baking_EEG._4_decoding_core - [run_temporal_decoding_analysis:439] - Global decoding done. Mean CV AUC: 0.526 +/- 0.089
2025-06-30 18:19:04,508 - INFO - Baking_EEG._4_decoding_core - [run_temporal_decoding_analysis:478] -   Overall global metrics (aggregated): {'roc_auc': '0.497', 'accuracy': '0.696', 'precision': '0.215', 'recall': '0.204', 'f1_score': '0.209', 'balanced_accuracy': '0.511'}
2025-06-30 18:19:04,508 - INFO - utils.stats_utils - [perform_pointwise_fdr_correction_on_scores:439] - Performing pointwise wilcoxon with FDR correction. Data shape for test (obs, features if any): (10, 801)
2025-06-30 18:19:04,508 - INFO - utils.stats_utils - [perform_pointwise_fdr_correction_on_scores:443] -   Parameters: chance=0.5, alpha=0.05, test_type='wilcoxon', FDR_method='indep', alternative='greater'
2025-06-30 18:19:05,126 - INFO - utils.stats_utils - [perform_pointwise_fdr_correction_on_scores:714] - FDR correction completed. 0 point(s) found significant (p_fdr < 0.05).
2025-06-30 18:19:05,126 - INFO - utils.stats_utils - [perform_cluster_permutation_test:195] - Executing cluster-based permutation test. Data shape (obs, features...): (10, 801)
2025-06-30 18:19:05,126 - INFO - utils.stats_utils - [perform_cluster_permutation_test:199] -   Parameters: n_permutations=1024, threshold_config={'start': 0.1, 'step': 0.1}, alternative='greater' (MNE tail=1), n_jobs=-1
2025-06-30 18:19:05,127 - INFO - utils.stats_utils - [perform_cluster_permutation_test:210] -   Using MNE's default stat_fun (ttest_1samp_no_p) for permutation test.
2025-06-30 18:19:05,127 - INFO - utils.stats_utils - [perform_cluster_permutation_test:242] -   Input data is 2D (features). MNE will use default temporal connectivity inference if applicable.
stat_fun(H1): min=-7.179342 max=5.558583
Running initial clustering …
Using 55 thresholds from 0.10 to 5.50 for TFCE computation (h_power=2.00, e_power=0.50)
Found 801 clusters
2025-06-30 18:19:07,434 - INFO - utils.stats_utils - [perform_cluster_permutation_test:314] - Cluster permutation test completed. 801 initial clusters found (after processing slices).
2025-06-30 18:19:07,434 - INFO - utils.stats_utils - [perform_cluster_permutation_test:344] - No clusters found to be statistically significant (p < 0.05).
2025-06-30 18:19:07,448 - INFO - utils.stats_utils - [perform_pointwise_fdr_correction_on_scores:439] - Performing pointwise wilcoxon with FDR correction. Data shape for test (obs, features if any): (10, 641601)
2025-06-30 18:19:07,449 - INFO - utils.stats_utils - [perform_pointwise_fdr_correction_on_scores:443] -   Parameters: chance=0.5, alpha=0.05, test_type='wilcoxon', FDR_method='indep', alternative='greater'
2025-06-30 18:23:38,996 - INFO - utils.stats_utils - [perform_pointwise_fdr_correction_on_scores:714] - FDR correction completed. 0 point(s) found significant (p_fdr < 0.05).
2025-06-30 18:23:39,000 - INFO - Baking_EEG._4_decoding_core - [run_temporal_decoding_analysis:544] - Intra-fold Cluster Permutation for TGM is SKIPPED.
2025-06-30 18:23:39,004 - INFO - examples.run_decoding_one_lg - [execute_single_subject_lg_decoding:465] -   Specific LG task 'Local Deviant: Global Standard vs Global Deviant' for TpJLR17: Peak AUC = 0.640
2025-06-30 18:23:39,103 - INFO - Baking_EEG._4_decoding_core - [run_temporal_decoding_analysis:68] - --- Temporal Ddcoding Analysis ---
2025-06-30 18:23:39,103 - INFO - Baking_EEG._4_decoding_core - [run_temporal_decoding_analysis:69] - Clf: svc, GS: False, CSP (temporal): False, ANOVA FS (temporal): True
2025-06-30 18:23:39,104 - INFO - base.base_decoding - [_build_standard_classifier_pipeline:57] - Pipeline à hyperparamètres fixes: type='svc', CSP: False, ANOVA FS: True
2025-06-30 18:23:39,104 - INFO - base.base_decoding - [_build_standard_classifier_pipeline:68] - DEBUG: add_csp_step type=bool, value=False, bool()=False
2025-06-30 18:23:39,105 - INFO - base.base_decoding - [_build_standard_classifier_pipeline:91] -    Étape ANOVA FS 'anova_feature_selection' ajoutée (percentile fixe=15).
2025-06-30 18:23:39,105 - INFO - base.base_decoding - [_build_standard_classifier_pipeline:123] - Structure finale du pipeline: ['scaler', 'anova_feature_selection', 'svc_classifier']
2025-06-30 18:23:39,105 - INFO - base.base_decoding - [_build_standard_classifier_pipeline:57] - Pipeline à hyperparamètres fixes: type='svc', CSP: False, ANOVA FS: False
2025-06-30 18:23:39,105 - INFO - base.base_decoding - [_build_standard_classifier_pipeline:68] - DEBUG: add_csp_step type=bool, value=False, bool()=False
2025-06-30 18:23:39,105 - INFO - base.base_decoding - [_build_standard_classifier_pipeline:123] - Structure finale du pipeline: ['scaler', 'svc_classifier']
2025-06-30 18:23:39,105 - INFO - Baking_EEG._4_decoding_core - [run_temporal_decoding_analysis:246] - CV strategy: StratifiedKFold with 10 splits.
2025-06-30 18:23:39,105 - INFO - Baking_EEG._4_decoding_core - [run_temporal_decoding_analysis:258] - Sample weights: Auto-calculated per fold (recommended for StratifiedKFold).
2025-06-30 18:23:39,114 - INFO - Baking_EEG._4_decoding_core - [run_temporal_decoding_analysis:294] - MNE Estimators: Using fold-specific balancing via class_weight='balanced' (if supported by classifier).
2025-06-30 18:23:39,114 - INFO - Baking_EEG._4_decoding_core - [run_temporal_decoding_analysis:310] - Starting 1D temporal decoding (SlidingEstimator)...
2025-06-30 18:24:38,053 - INFO - Baking_EEG._4_decoding_core - [run_temporal_decoding_analysis:338] - 1D temporal decoding done. Peak mean AUC: 0.663
2025-06-30 18:24:38,053 - INFO - Baking_EEG._4_decoding_core - [run_temporal_decoding_analysis:346] - Starting TGM computation (GeneralizingEstimator)...
2025-06-30 18:55:58,820 - INFO - Baking_EEG._4_decoding_core - [run_temporal_decoding_analysis:373] - TGM computation done. Peak mean TGM AUC: 0.669
2025-06-30 18:55:58,822 - INFO - Baking_EEG._4_decoding_core - [run_temporal_decoding_analysis:382] - Starting global decoding (n_jobs_folds=40)...
2025-06-30 18:59:15,633 - INFO - Baking_EEG._4_decoding_core - [run_temporal_decoding_analysis:439] - Global decoding done. Mean CV AUC: 0.719 +/- 0.048
2025-06-30 18:59:15,650 - INFO - Baking_EEG._4_decoding_core - [run_temporal_decoding_analysis:478] -   Overall global metrics (aggregated): {'roc_auc': '0.717', 'accuracy': '0.661', 'precision': '0.672', 'recall': '0.647', 'f1_score': '0.659', 'balanced_accuracy': '0.661'}
2025-06-30 18:59:15,650 - INFO - utils.stats_utils - [perform_pointwise_fdr_correction_on_scores:439] - Performing pointwise wilcoxon with FDR correction. Data shape for test (obs, features if any): (10, 801)
2025-06-30 18:59:15,650 - INFO - utils.stats_utils - [perform_pointwise_fdr_correction_on_scores:443] -   Parameters: chance=0.5, alpha=0.05, test_type='wilcoxon', FDR_method='indep', alternative='greater'
2025-06-30 18:59:16,270 - INFO - utils.stats_utils - [perform_pointwise_fdr_correction_on_scores:714] - FDR correction completed. 260 point(s) found significant (p_fdr < 0.05).
2025-06-30 18:59:16,270 - INFO - utils.stats_utils - [perform_cluster_permutation_test:195] - Executing cluster-based permutation test. Data shape (obs, features...): (10, 801)
2025-06-30 18:59:16,270 - INFO - utils.stats_utils - [perform_cluster_permutation_test:199] -   Parameters: n_permutations=1024, threshold_config={'start': 0.1, 'step': 0.1}, alternative='greater' (MNE tail=1), n_jobs=-1
2025-06-30 18:59:16,270 - INFO - utils.stats_utils - [perform_cluster_permutation_test:210] -   Using MNE's default stat_fun (ttest_1samp_no_p) for permutation test.
2025-06-30 18:59:16,270 - INFO - utils.stats_utils - [perform_cluster_permutation_test:242] -   Input data is 2D (features). MNE will use default temporal connectivity inference if applicable.
stat_fun(H1): min=-5.311938 max=12.594859
Running initial clustering …
Using 125 thresholds from 0.10 to 12.50 for TFCE computation (h_power=2.00, e_power=0.50)
Found 801 clusters
2025-06-30 18:59:18,401 - INFO - utils.stats_utils - [perform_cluster_permutation_test:314] - Cluster permutation test completed. 801 initial clusters found (after processing slices).
2025-06-30 18:59:18,401 - INFO - utils.stats_utils - [perform_cluster_permutation_test:338] -   Significant Cluster #447: p-value = 0.0400. Mask shape: (801,), Num True points: 1
2025-06-30 18:59:18,401 - INFO - utils.stats_utils - [perform_cluster_permutation_test:338] -   Significant Cluster #448: p-value = 0.0293. Mask shape: (801,), Num True points: 1
2025-06-30 18:59:18,401 - INFO - utils.stats_utils - [perform_cluster_permutation_test:338] -   Significant Cluster #449: p-value = 0.0205. Mask shape: (801,), Num True points: 1
2025-06-30 18:59:18,402 - INFO - utils.stats_utils - [perform_cluster_permutation_test:338] -   Significant Cluster #450: p-value = 0.0205. Mask shape: (801,), Num True points: 1
2025-06-30 18:59:18,402 - INFO - utils.stats_utils - [perform_cluster_permutation_test:338] -   Significant Cluster #451: p-value = 0.0449. Mask shape: (801,), Num True points: 1
2025-06-30 18:59:18,402 - INFO - utils.stats_utils - [perform_cluster_permutation_test:338] -   Significant Cluster #452: p-value = 0.0449. Mask shape: (801,), Num True points: 1
2025-06-30 18:59:18,402 - INFO - utils.stats_utils - [perform_cluster_permutation_test:338] -   Significant Cluster #556: p-value = 0.0430. Mask shape: (801,), Num True points: 1
2025-06-30 18:59:18,402 - INFO - utils.stats_utils - [perform_cluster_permutation_test:338] -   Significant Cluster #557: p-value = 0.0449. Mask shape: (801,), Num True points: 1
2025-06-30 18:59:18,402 - INFO - utils.stats_utils - [perform_cluster_permutation_test:338] -   Significant Cluster #558: p-value = 0.0078. Mask shape: (801,), Num True points: 1
2025-06-30 18:59:18,402 - INFO - utils.stats_utils - [perform_cluster_permutation_test:338] -   Significant Cluster #559: p-value = 0.0078. Mask shape: (801,), Num True points: 1
2025-06-30 18:59:18,402 - INFO - utils.stats_utils - [perform_cluster_permutation_test:338] -   Significant Cluster #560: p-value = 0.0029. Mask shape: (801,), Num True points: 1
2025-06-30 18:59:18,402 - INFO - utils.stats_utils - [perform_cluster_permutation_test:338] -   Significant Cluster #561: p-value = 0.0127. Mask shape: (801,), Num True points: 1
2025-06-30 18:59:18,402 - INFO - utils.stats_utils - [perform_cluster_permutation_test:338] -   Significant Cluster #562: p-value = 0.0029. Mask shape: (801,), Num True points: 1
2025-06-30 18:59:18,402 - INFO - utils.stats_utils - [perform_cluster_permutation_test:338] -   Significant Cluster #563: p-value = 0.0020. Mask shape: (801,), Num True points: 1
2025-06-30 18:59:18,402 - INFO - utils.stats_utils - [perform_cluster_permutation_test:338] -   Significant Cluster #564: p-value = 0.0020. Mask shape: (801,), Num True points: 1
2025-06-30 18:59:18,403 - INFO - utils.stats_utils - [perform_cluster_permutation_test:338] -   Significant Cluster #565: p-value = 0.0049. Mask shape: (801,), Num True points: 1
2025-06-30 18:59:18,403 - INFO - utils.stats_utils - [perform_cluster_permutation_test:338] -   Significant Cluster #566: p-value = 0.0029. Mask shape: (801,), Num True points: 1
2025-06-30 18:59:18,403 - INFO - utils.stats_utils - [perform_cluster_permutation_test:338] -   Significant Cluster #567: p-value = 0.0029. Mask shape: (801,), Num True points: 1
2025-06-30 18:59:18,403 - INFO - utils.stats_utils - [perform_cluster_permutation_test:338] -   Significant Cluster #568: p-value = 0.0029. Mask shape: (801,), Num True points: 1
2025-06-30 18:59:18,403 - INFO - utils.stats_utils - [perform_cluster_permutation_test:338] -   Significant Cluster #569: p-value = 0.0029. Mask shape: (801,), Num True points: 1
2025-06-30 18:59:18,403 - INFO - utils.stats_utils - [perform_cluster_permutation_test:338] -   Significant Cluster #570: p-value = 0.0029. Mask shape: (801,), Num True points: 1
2025-06-30 18:59:18,403 - INFO - utils.stats_utils - [perform_cluster_permutation_test:338] -   Significant Cluster #571: p-value = 0.0029. Mask shape: (801,), Num True points: 1
2025-06-30 18:59:18,403 - INFO - utils.stats_utils - [perform_cluster_permutation_test:338] -   Significant Cluster #572: p-value = 0.0098. Mask shape: (801,), Num True points: 1
2025-06-30 18:59:18,403 - INFO - utils.stats_utils - [perform_cluster_permutation_test:338] -   Significant Cluster #573: p-value = 0.0029. Mask shape: (801,), Num True points: 1
2025-06-30 18:59:18,403 - INFO - utils.stats_utils - [perform_cluster_permutation_test:338] -   Significant Cluster #574: p-value = 0.0098. Mask shape: (801,), Num True points: 1
2025-06-30 18:59:18,403 - INFO - utils.stats_utils - [perform_cluster_permutation_test:338] -   Significant Cluster #575: p-value = 0.0098. Mask shape: (801,), Num True points: 1
2025-06-30 18:59:18,403 - INFO - utils.stats_utils - [perform_cluster_permutation_test:338] -   Significant Cluster #576: p-value = 0.0098. Mask shape: (801,), Num True points: 1
2025-06-30 18:59:18,404 - INFO - utils.stats_utils - [perform_cluster_permutation_test:338] -   Significant Cluster #577: p-value = 0.0068. Mask shape: (801,), Num True points: 1
2025-06-30 18:59:18,404 - INFO - utils.stats_utils - [perform_cluster_permutation_test:338] -   Significant Cluster #578: p-value = 0.0029. Mask shape: (801,), Num True points: 1
2025-06-30 18:59:18,404 - INFO - utils.stats_utils - [perform_cluster_permutation_test:338] -   Significant Cluster #579: p-value = 0.0068. Mask shape: (801,), Num True points: 1
2025-06-30 18:59:18,404 - INFO - utils.stats_utils - [perform_cluster_permutation_test:338] -   Significant Cluster #580: p-value = 0.0098. Mask shape: (801,), Num True points: 1
2025-06-30 18:59:18,404 - INFO - utils.stats_utils - [perform_cluster_permutation_test:338] -   Significant Cluster #581: p-value = 0.0098. Mask shape: (801,), Num True points: 1
2025-06-30 18:59:18,404 - INFO - utils.stats_utils - [perform_cluster_permutation_test:338] -   Significant Cluster #582: p-value = 0.0127. Mask shape: (801,), Num True points: 1
2025-06-30 18:59:18,404 - INFO - utils.stats_utils - [perform_cluster_permutation_test:338] -   Significant Cluster #583: p-value = 0.0098. Mask shape: (801,), Num True points: 1
2025-06-30 18:59:18,404 - INFO - utils.stats_utils - [perform_cluster_permutation_test:338] -   Significant Cluster #584: p-value = 0.0127. Mask shape: (801,), Num True points: 1
2025-06-30 18:59:18,404 - INFO - utils.stats_utils - [perform_cluster_permutation_test:338] -   Significant Cluster #585: p-value = 0.0146. Mask shape: (801,), Num True points: 1
2025-06-30 18:59:18,404 - INFO - utils.stats_utils - [perform_cluster_permutation_test:338] -   Significant Cluster #586: p-value = 0.0146. Mask shape: (801,), Num True points: 1
2025-06-30 18:59:18,404 - INFO - utils.stats_utils - [perform_cluster_permutation_test:338] -   Significant Cluster #587: p-value = 0.0146. Mask shape: (801,), Num True points: 1
2025-06-30 18:59:18,404 - INFO - utils.stats_utils - [perform_cluster_permutation_test:338] -   Significant Cluster #588: p-value = 0.0098. Mask shape: (801,), Num True points: 1
2025-06-30 18:59:18,404 - INFO - utils.stats_utils - [perform_cluster_permutation_test:338] -   Significant Cluster #589: p-value = 0.0029. Mask shape: (801,), Num True points: 1
2025-06-30 18:59:18,405 - INFO - utils.stats_utils - [perform_cluster_permutation_test:338] -   Significant Cluster #590: p-value = 0.0049. Mask shape: (801,), Num True points: 1
2025-06-30 18:59:18,405 - INFO - utils.stats_utils - [perform_cluster_permutation_test:338] -   Significant Cluster #591: p-value = 0.0146. Mask shape: (801,), Num True points: 1
2025-06-30 18:59:18,405 - INFO - utils.stats_utils - [perform_cluster_permutation_test:338] -   Significant Cluster #592: p-value = 0.0293. Mask shape: (801,), Num True points: 1
2025-06-30 18:59:18,405 - INFO - utils.stats_utils - [perform_cluster_permutation_test:338] -   Significant Cluster #601: p-value = 0.0186. Mask shape: (801,), Num True points: 1
2025-06-30 18:59:18,405 - INFO - utils.stats_utils - [perform_cluster_permutation_test:338] -   Significant Cluster #606: p-value = 0.0176. Mask shape: (801,), Num True points: 1
2025-06-30 18:59:18,405 - INFO - utils.stats_utils - [perform_cluster_permutation_test:338] -   Significant Cluster #607: p-value = 0.0117. Mask shape: (801,), Num True points: 1
2025-06-30 18:59:18,405 - INFO - utils.stats_utils - [perform_cluster_permutation_test:338] -   Significant Cluster #608: p-value = 0.0146. Mask shape: (801,), Num True points: 1
2025-06-30 18:59:18,405 - INFO - utils.stats_utils - [perform_cluster_permutation_test:338] -   Significant Cluster #609: p-value = 0.0029. Mask shape: (801,), Num True points: 1
2025-06-30 18:59:18,405 - INFO - utils.stats_utils - [perform_cluster_permutation_test:338] -   Significant Cluster #610: p-value = 0.0020. Mask shape: (801,), Num True points: 1
2025-06-30 18:59:18,405 - INFO - utils.stats_utils - [perform_cluster_permutation_test:338] -   Significant Cluster #611: p-value = 0.0371. Mask shape: (801,), Num True points: 1
2025-06-30 18:59:18,405 - INFO - utils.stats_utils - [perform_cluster_permutation_test:338] -   Significant Cluster #613: p-value = 0.0107. Mask shape: (801,), Num True points: 1
2025-06-30 18:59:18,405 - INFO - utils.stats_utils - [perform_cluster_permutation_test:338] -   Significant Cluster #614: p-value = 0.0186. Mask shape: (801,), Num True points: 1
2025-06-30 18:59:18,405 - INFO - utils.stats_utils - [perform_cluster_permutation_test:338] -   Significant Cluster #615: p-value = 0.0498. Mask shape: (801,), Num True points: 1
2025-06-30 18:59:18,405 - INFO - utils.stats_utils - [perform_cluster_permutation_test:338] -   Significant Cluster #619: p-value = 0.0107. Mask shape: (801,), Num True points: 1
2025-06-30 18:59:18,406 - INFO - utils.stats_utils - [perform_cluster_permutation_test:338] -   Significant Cluster #620: p-value = 0.0107. Mask shape: (801,), Num True points: 1
2025-06-30 18:59:18,406 - INFO - utils.stats_utils - [perform_cluster_permutation_test:338] -   Significant Cluster #621: p-value = 0.0137. Mask shape: (801,), Num True points: 1
2025-06-30 18:59:18,406 - INFO - utils.stats_utils - [perform_cluster_permutation_test:338] -   Significant Cluster #622: p-value = 0.0430. Mask shape: (801,), Num True points: 1
2025-06-30 18:59:18,406 - INFO - utils.stats_utils - [perform_cluster_permutation_test:338] -   Significant Cluster #623: p-value = 0.0400. Mask shape: (801,), Num True points: 1
2025-06-30 18:59:18,406 - INFO - utils.stats_utils - [perform_cluster_permutation_test:338] -   Significant Cluster #624: p-value = 0.0449. Mask shape: (801,), Num True points: 1
2025-06-30 18:59:18,406 - INFO - utils.stats_utils - [perform_cluster_permutation_test:338] -   Significant Cluster #626: p-value = 0.0449. Mask shape: (801,), Num True points: 1
2025-06-30 18:59:18,406 - INFO - utils.stats_utils - [perform_cluster_permutation_test:338] -   Significant Cluster #627: p-value = 0.0186. Mask shape: (801,), Num True points: 1
2025-06-30 18:59:18,406 - INFO - utils.stats_utils - [perform_cluster_permutation_test:338] -   Significant Cluster #628: p-value = 0.0117. Mask shape: (801,), Num True points: 1
2025-06-30 18:59:18,406 - INFO - utils.stats_utils - [perform_cluster_permutation_test:338] -   Significant Cluster #629: p-value = 0.0176. Mask shape: (801,), Num True points: 1
2025-06-30 18:59:18,406 - INFO - utils.stats_utils - [perform_cluster_permutation_test:338] -   Significant Cluster #630: p-value = 0.0029. Mask shape: (801,), Num True points: 1
2025-06-30 18:59:18,406 - INFO - utils.stats_utils - [perform_cluster_permutation_test:338] -   Significant Cluster #631: p-value = 0.0098. Mask shape: (801,), Num True points: 1
2025-06-30 18:59:18,406 - INFO - utils.stats_utils - [perform_cluster_permutation_test:338] -   Significant Cluster #632: p-value = 0.0098. Mask shape: (801,), Num True points: 1
2025-06-30 18:59:18,406 - INFO - utils.stats_utils - [perform_cluster_permutation_test:338] -   Significant Cluster #633: p-value = 0.0049. Mask shape: (801,), Num True points: 1
2025-06-30 18:59:18,407 - INFO - utils.stats_utils - [perform_cluster_permutation_test:338] -   Significant Cluster #634: p-value = 0.0449. Mask shape: (801,), Num True points: 1
2025-06-30 18:59:18,407 - INFO - utils.stats_utils - [perform_cluster_permutation_test:338] -   Significant Cluster #635: p-value = 0.0186. Mask shape: (801,), Num True points: 1
2025-06-30 18:59:18,407 - INFO - utils.stats_utils - [perform_cluster_permutation_test:338] -   Significant Cluster #639: p-value = 0.0449. Mask shape: (801,), Num True points: 1
2025-06-30 18:59:18,407 - INFO - utils.stats_utils - [perform_cluster_permutation_test:338] -   Significant Cluster #641: p-value = 0.0449. Mask shape: (801,), Num True points: 1
2025-06-30 18:59:18,407 - INFO - utils.stats_utils - [perform_cluster_permutation_test:338] -   Significant Cluster #645: p-value = 0.0312. Mask shape: (801,), Num True points: 1
2025-06-30 18:59:18,407 - INFO - utils.stats_utils - [perform_cluster_permutation_test:338] -   Significant Cluster #654: p-value = 0.0430. Mask shape: (801,), Num True points: 1
2025-06-30 18:59:18,407 - INFO - utils.stats_utils - [perform_cluster_permutation_test:338] -   Significant Cluster #655: p-value = 0.0498. Mask shape: (801,), Num True points: 1
2025-06-30 18:59:18,417 - INFO - utils.stats_utils - [perform_pointwise_fdr_correction_on_scores:439] - Performing pointwise wilcoxon with FDR correction. Data shape for test (obs, features if any): (10, 641601)
2025-06-30 18:59:18,417 - INFO - utils.stats_utils - [perform_pointwise_fdr_correction_on_scores:443] -   Parameters: chance=0.5, alpha=0.05, test_type='wilcoxon', FDR_method='indep', alternative='greater'
2025-06-30 19:03:39,573 - INFO - utils.stats_utils - [perform_pointwise_fdr_correction_on_scores:714] - FDR correction completed. 15117 point(s) found significant (p_fdr < 0.05).
2025-06-30 19:03:39,576 - INFO - Baking_EEG._4_decoding_core - [run_temporal_decoding_analysis:544] - Intra-fold Cluster Permutation for TGM is SKIPPED.
2025-06-30 19:03:39,578 - INFO - examples.run_decoding_one_lg - [execute_single_subject_lg_decoding:465] -   Specific LG task 'Global Standard: Local Standard vs Local Deviant' for TpJLR17: Peak AUC = 0.663
2025-06-30 19:03:39,608 - INFO - Baking_EEG._4_decoding_core - [run_temporal_decoding_analysis:68] - --- Temporal Ddcoding Analysis ---
2025-06-30 19:03:39,608 - INFO - Baking_EEG._4_decoding_core - [run_temporal_decoding_analysis:69] - Clf: svc, GS: False, CSP (temporal): False, ANOVA FS (temporal): True
2025-06-30 19:03:39,610 - INFO - base.base_decoding - [_build_standard_classifier_pipeline:57] - Pipeline à hyperparamètres fixes: type='svc', CSP: False, ANOVA FS: True
2025-06-30 19:03:39,610 - INFO - base.base_decoding - [_build_standard_classifier_pipeline:68] - DEBUG: add_csp_step type=bool, value=False, bool()=False
2025-06-30 19:03:39,610 - INFO - base.base_decoding - [_build_standard_classifier_pipeline:91] -    Étape ANOVA FS 'anova_feature_selection' ajoutée (percentile fixe=15).
2025-06-30 19:03:39,611 - INFO - base.base_decoding - [_build_standard_classifier_pipeline:123] - Structure finale du pipeline: ['scaler', 'anova_feature_selection', 'svc_classifier']
2025-06-30 19:03:39,611 - INFO - base.base_decoding - [_build_standard_classifier_pipeline:57] - Pipeline à hyperparamètres fixes: type='svc', CSP: False, ANOVA FS: False
2025-06-30 19:03:39,611 - INFO - base.base_decoding - [_build_standard_classifier_pipeline:68] - DEBUG: add_csp_step type=bool, value=False, bool()=False
2025-06-30 19:03:39,611 - INFO - base.base_decoding - [_build_standard_classifier_pipeline:123] - Structure finale du pipeline: ['scaler', 'svc_classifier']
2025-06-30 19:03:39,611 - INFO - Baking_EEG._4_decoding_core - [run_temporal_decoding_analysis:246] - CV strategy: StratifiedKFold with 10 splits.
2025-06-30 19:03:39,611 - INFO - Baking_EEG._4_decoding_core - [run_temporal_decoding_analysis:258] - Sample weights: Auto-calculated per fold (recommended for StratifiedKFold).
2025-06-30 19:03:39,619 - INFO - Baking_EEG._4_decoding_core - [run_temporal_decoding_analysis:294] - MNE Estimators: Using fold-specific balancing via class_weight='balanced' (if supported by classifier).
2025-06-30 19:03:39,619 - INFO - Baking_EEG._4_decoding_core - [run_temporal_decoding_analysis:310] - Starting 1D temporal decoding (SlidingEstimator)...
2025-06-30 19:03:54,511 - INFO - Baking_EEG._4_decoding_core - [run_temporal_decoding_analysis:338] - 1D temporal decoding done. Peak mean AUC: 0.700
2025-06-30 19:03:54,512 - INFO - Baking_EEG._4_decoding_core - [run_temporal_decoding_analysis:346] - Starting TGM computation (GeneralizingEstimator)...
2025-06-30 19:47:25,642 - INFO - Baking_EEG._4_decoding_core - [run_temporal_decoding_analysis:373] - TGM computation done. Peak mean TGM AUC: 0.743
2025-06-30 19:47:25,643 - INFO - Baking_EEG._4_decoding_core - [run_temporal_decoding_analysis:382] - Starting global decoding (n_jobs_folds=40)...
2025-06-30 19:47:44,921 - INFO - Baking_EEG._4_decoding_core - [run_temporal_decoding_analysis:439] - Global decoding done. Mean CV AUC: 0.744 +/- 0.111
2025-06-30 19:47:44,938 - INFO - Baking_EEG._4_decoding_core - [run_temporal_decoding_analysis:478] -   Overall global metrics (aggregated): {'roc_auc': '0.736', 'accuracy': '0.658', 'precision': '0.650', 'recall': '0.663', 'f1_score': '0.657', 'balanced_accuracy': '0.658'}
2025-06-30 19:47:44,938 - INFO - utils.stats_utils - [perform_pointwise_fdr_correction_on_scores:439] - Performing pointwise wilcoxon with FDR correction. Data shape for test (obs, features if any): (10, 801)
2025-06-30 19:47:44,938 - INFO - utils.stats_utils - [perform_pointwise_fdr_correction_on_scores:443] -   Parameters: chance=0.5, alpha=0.05, test_type='wilcoxon', FDR_method='indep', alternative='greater'
2025-06-30 19:47:45,561 - INFO - utils.stats_utils - [perform_pointwise_fdr_correction_on_scores:714] - FDR correction completed. 123 point(s) found significant (p_fdr < 0.05).
2025-06-30 19:47:45,562 - INFO - utils.stats_utils - [perform_cluster_permutation_test:195] - Executing cluster-based permutation test. Data shape (obs, features...): (10, 801)
2025-06-30 19:47:45,562 - INFO - utils.stats_utils - [perform_cluster_permutation_test:199] -   Parameters: n_permutations=1024, threshold_config={'start': 0.1, 'step': 0.1}, alternative='greater' (MNE tail=1), n_jobs=-1
2025-06-30 19:47:45,562 - INFO - utils.stats_utils - [perform_cluster_permutation_test:210] -   Using MNE's default stat_fun (ttest_1samp_no_p) for permutation test.
2025-06-30 19:47:45,562 - INFO - utils.stats_utils - [perform_cluster_permutation_test:242] -   Input data is 2D (features). MNE will use default temporal connectivity inference if applicable.
stat_fun(H1): min=-3.779216 max=5.997134
Running initial clustering …
Using 59 thresholds from 0.10 to 5.90 for TFCE computation (h_power=2.00, e_power=0.50)
Found 801 clusters
2025-06-30 19:47:47,885 - INFO - utils.stats_utils - [perform_cluster_permutation_test:314] - Cluster permutation test completed. 801 initial clusters found (after processing slices).
2025-06-30 19:47:47,885 - INFO - utils.stats_utils - [perform_cluster_permutation_test:344] - No clusters found to be statistically significant (p < 0.05).
2025-06-30 19:47:47,893 - INFO - utils.stats_utils - [perform_pointwise_fdr_correction_on_scores:439] - Performing pointwise wilcoxon with FDR correction. Data shape for test (obs, features if any): (10, 641601)
2025-06-30 19:47:47,893 - INFO - utils.stats_utils - [perform_pointwise_fdr_correction_on_scores:443] -   Parameters: chance=0.5, alpha=0.05, test_type='wilcoxon', FDR_method='indep', alternative='greater'
2025-06-30 19:52:20,817 - INFO - utils.stats_utils - [perform_pointwise_fdr_correction_on_scores:714] - FDR correction completed. 0 point(s) found significant (p_fdr < 0.05).
2025-06-30 19:52:20,820 - INFO - Baking_EEG._4_decoding_core - [run_temporal_decoding_analysis:544] - Intra-fold Cluster Permutation for TGM is SKIPPED.
2025-06-30 19:52:20,823 - INFO - examples.run_decoding_one_lg - [execute_single_subject_lg_decoding:465] -   Specific LG task 'Global Deviant: Local Standard vs Local Deviant' for TpJLR17: Peak AUC = 0.700
2025-06-30 19:52:20,824 - INFO - examples.run_decoding_one_lg - [execute_single_subject_lg_decoding:480] -   --- Specific LG Comparisons for TpJLR17 DONE ---
2025-06-30 19:52:20,824 - INFO - examples.run_decoding_one_lg - [execute_single_subject_lg_decoding:487] -   --- 3. Stats on stack of Specific LG Curves for TpJLR17 ---
2025-06-30 19:52:20,825 - INFO - utils.stats_utils - [perform_pointwise_fdr_correction_on_scores:439] - Performing pointwise wilcoxon with FDR correction. Data shape for test (obs, features if any): (4, 801)
2025-06-30 19:52:20,825 - INFO - utils.stats_utils - [perform_pointwise_fdr_correction_on_scores:443] -   Parameters: chance=0.5, alpha=0.05, test_type='wilcoxon', FDR_method='indep', alternative='greater'
2025-06-30 19:52:21,133 - INFO - utils.stats_utils - [perform_pointwise_fdr_correction_on_scores:714] - FDR correction completed. 0 point(s) found significant (p_fdr < 0.05).
2025-06-30 19:52:21,133 - INFO - utils.stats_utils - [perform_cluster_permutation_test:195] - Executing cluster-based permutation test. Data shape (obs, features...): (4, 801)
2025-06-30 19:52:21,133 - INFO - utils.stats_utils - [perform_cluster_permutation_test:199] -   Parameters: n_permutations=1024, threshold_config={'start': 0.1, 'step': 0.1}, alternative='greater' (MNE tail=1), n_jobs=40
2025-06-30 19:52:21,133 - INFO - utils.stats_utils - [perform_cluster_permutation_test:210] -   Using MNE's default stat_fun (ttest_1samp_no_p) for permutation test.
2025-06-30 19:52:21,133 - INFO - utils.stats_utils - [perform_cluster_permutation_test:242] -   Input data is 2D (features). MNE will use default temporal connectivity inference if applicable.
stat_fun(H1): min=-3.046546 max=12.119346
Running initial clustering …
Using 121 thresholds from 0.10 to 12.10 for TFCE computation (h_power=2.00, e_power=0.50)
Found 801 clusters
2025-06-30 19:52:21,536 - INFO - utils.stats_utils - [perform_cluster_permutation_test:314] - Cluster permutation test completed. 801 initial clusters found (after processing slices).
2025-06-30 19:52:21,536 - INFO - utils.stats_utils - [perform_cluster_permutation_test:344] - No clusters found to be statistically significant (p < 0.05).
2025-06-30 19:52:21,536 - INFO - examples.run_decoding_one_lg - [execute_single_subject_lg_decoding:551] -   --- Stats on stack of Specific LG Curves for TpJLR17 DONE ---
2025-06-30 19:52:21,541 - INFO - utils.utils - [setup_analysis_results_directory:329] - Created analysis results directory: /home/tom.balay/results/Baking_EEG_results_V12/intra_subject_lg_results/DELIRIUM+_LG_PATIENTS_DELIRIUMM+/TpJLR17_Single_LG_Protocol_Analysis_svc/20250630_195221
2025-06-30 19:52:21,542 - INFO - utils.utils - [setup_analysis_results_directory:337] - Organized by Group: DELIRIUM+, Protocol: LG_PATIENTS_DELIRIUMM+
2025-06-30 19:52:21,914 - INFO - examples.run_decoding_one_lg - [execute_single_subject_lg_decoding:619] - LG Results saved for subject TpJLR17 in /home/tom.balay/results/Baking_EEG_results_V12/intra_subject_lg_results/DELIRIUM+_LG_PATIENTS_DELIRIUMM+/TpJLR17_Single_LG_Protocol_Analysis_svc/20250630_195221
2025-06-30 19:52:21,914 - INFO - utils.vizualization_utils_LG - [create_subject_decoding_dashboard_plots_lg:75] - Creating LG dashboard plots for subject TpJLR17
2025-06-30 19:52:21,917 - INFO - utils.stats_utils - [perform_pointwise_fdr_correction_on_scores:439] - Performing pointwise wilcoxon with FDR correction. Data shape for test (obs, features if any): (10, 801)
2025-06-30 19:52:21,917 - INFO - utils.stats_utils - [perform_pointwise_fdr_correction_on_scores:443] -   Parameters: chance=0.5, alpha=0.05, test_type='wilcoxon', FDR_method='indep', alternative='greater'
2025-06-30 19:52:22,331 - INFO - utils.stats_utils - [perform_pointwise_fdr_correction_on_scores:714] - FDR correction completed. 0 point(s) found significant (p_fdr < 0.05).
2025-06-30 19:52:22,331 - INFO - utils.stats_utils - [perform_cluster_permutation_test:188] - Adjusting MNE parallelism from requested n_jobs=1 to effective_n_jobs=4 for resource management.
2025-06-30 19:52:22,331 - INFO - utils.stats_utils - [perform_cluster_permutation_test:195] - Executing cluster-based permutation test. Data shape (obs, features...): (10, 801)
2025-06-30 19:52:22,331 - INFO - utils.stats_utils - [perform_cluster_permutation_test:199] -   Parameters: n_permutations=1024, threshold_config={'start': 0.1, 'step': 0.1}, alternative='greater' (MNE tail=1), n_jobs=4
2025-06-30 19:52:22,331 - INFO - utils.stats_utils - [perform_cluster_permutation_test:210] -   Using MNE's default stat_fun (ttest_1samp_no_p) for permutation test.
2025-06-30 19:52:22,331 - INFO - utils.stats_utils - [perform_cluster_permutation_test:242] -   Input data is 2D (features). MNE will use default temporal connectivity inference if applicable.
stat_fun(H1): min=-3.349066 max=4.623604
Running initial clustering …
Using 46 thresholds from 0.10 to 4.60 for TFCE computation (h_power=2.00, e_power=0.50)
Found 801 clusters
2025-06-30 19:52:27,257 - INFO - utils.stats_utils - [perform_cluster_permutation_test:314] - Cluster permutation test completed. 801 initial clusters found (after processing slices).
2025-06-30 19:52:27,258 - INFO - utils.stats_utils - [perform_cluster_permutation_test:344] - No clusters found to be statistically significant (p < 0.05).
2025-06-30 19:52:27,258 - INFO - utils.stats_utils - [perform_pointwise_fdr_correction_on_scores:439] - Performing pointwise wilcoxon with FDR correction. Data shape for test (obs, features if any): (10, 801)
2025-06-30 19:52:27,258 - INFO - utils.stats_utils - [perform_pointwise_fdr_correction_on_scores:443] -   Parameters: chance=0.5, alpha=0.05, test_type='wilcoxon', FDR_method='indep', alternative='greater'
2025-06-30 19:52:27,883 - INFO - utils.stats_utils - [perform_pointwise_fdr_correction_on_scores:714] - FDR correction completed. 0 point(s) found significant (p_fdr < 0.05).
2025-06-30 19:52:27,883 - INFO - utils.stats_utils - [perform_cluster_permutation_test:188] - Adjusting MNE parallelism from requested n_jobs=1 to effective_n_jobs=4 for resource management.
2025-06-30 19:52:27,884 - INFO - utils.stats_utils - [perform_cluster_permutation_test:195] - Executing cluster-based permutation test. Data shape (obs, features...): (10, 801)
2025-06-30 19:52:27,884 - INFO - utils.stats_utils - [perform_cluster_permutation_test:199] -   Parameters: n_permutations=1024, threshold_config={'start': 0.1, 'step': 0.1}, alternative='greater' (MNE tail=1), n_jobs=4
2025-06-30 19:52:27,884 - INFO - utils.stats_utils - [perform_cluster_permutation_test:210] -   Using MNE's default stat_fun (ttest_1samp_no_p) for permutation test.
2025-06-30 19:52:27,884 - INFO - utils.stats_utils - [perform_cluster_permutation_test:242] -   Input data is 2D (features). MNE will use default temporal connectivity inference if applicable.
stat_fun(H1): min=-7.179342 max=5.558583
Running initial clustering …
Using 55 thresholds from 0.10 to 5.50 for TFCE computation (h_power=2.00, e_power=0.50)
Found 801 clusters
2025-06-30 19:52:30,886 - INFO - utils.stats_utils - [perform_cluster_permutation_test:314] - Cluster permutation test completed. 801 initial clusters found (after processing slices).
2025-06-30 19:52:30,887 - INFO - utils.stats_utils - [perform_cluster_permutation_test:344] - No clusters found to be statistically significant (p < 0.05).
2025-06-30 19:52:30,887 - INFO - utils.stats_utils - [perform_pointwise_fdr_correction_on_scores:439] - Performing pointwise wilcoxon with FDR correction. Data shape for test (obs, features if any): (10, 801)
2025-06-30 19:52:30,887 - INFO - utils.stats_utils - [perform_pointwise_fdr_correction_on_scores:443] -   Parameters: chance=0.5, alpha=0.05, test_type='wilcoxon', FDR_method='indep', alternative='greater'
2025-06-30 19:52:31,508 - INFO - utils.stats_utils - [perform_pointwise_fdr_correction_on_scores:714] - FDR correction completed. 260 point(s) found significant (p_fdr < 0.05).
2025-06-30 19:52:31,508 - INFO - utils.stats_utils - [perform_cluster_permutation_test:188] - Adjusting MNE parallelism from requested n_jobs=1 to effective_n_jobs=4 for resource management.
2025-06-30 19:52:31,508 - INFO - utils.stats_utils - [perform_cluster_permutation_test:195] - Executing cluster-based permutation test. Data shape (obs, features...): (10, 801)
2025-06-30 19:52:31,508 - INFO - utils.stats_utils - [perform_cluster_permutation_test:199] -   Parameters: n_permutations=1024, threshold_config={'start': 0.1, 'step': 0.1}, alternative='greater' (MNE tail=1), n_jobs=4
2025-06-30 19:52:31,508 - INFO - utils.stats_utils - [perform_cluster_permutation_test:210] -   Using MNE's default stat_fun (ttest_1samp_no_p) for permutation test.
2025-06-30 19:52:31,508 - INFO - utils.stats_utils - [perform_cluster_permutation_test:242] -   Input data is 2D (features). MNE will use default temporal connectivity inference if applicable.
stat_fun(H1): min=-5.311938 max=12.594859
Running initial clustering …
Using 125 thresholds from 0.10 to 12.50 for TFCE computation (h_power=2.00, e_power=0.50)
Found 801 clusters
2025-06-30 19:52:34,058 - INFO - utils.stats_utils - [perform_cluster_permutation_test:314] - Cluster permutation test completed. 801 initial clusters found (after processing slices).
2025-06-30 19:52:34,058 - INFO - utils.stats_utils - [perform_cluster_permutation_test:338] -   Significant Cluster #447: p-value = 0.0400. Mask shape: (801,), Num True points: 1
2025-06-30 19:52:34,059 - INFO - utils.stats_utils - [perform_cluster_permutation_test:338] -   Significant Cluster #448: p-value = 0.0293. Mask shape: (801,), Num True points: 1
2025-06-30 19:52:34,059 - INFO - utils.stats_utils - [perform_cluster_permutation_test:338] -   Significant Cluster #449: p-value = 0.0205. Mask shape: (801,), Num True points: 1
2025-06-30 19:52:34,059 - INFO - utils.stats_utils - [perform_cluster_permutation_test:338] -   Significant Cluster #450: p-value = 0.0205. Mask shape: (801,), Num True points: 1
2025-06-30 19:52:34,059 - INFO - utils.stats_utils - [perform_cluster_permutation_test:338] -   Significant Cluster #451: p-value = 0.0449. Mask shape: (801,), Num True points: 1
2025-06-30 19:52:34,059 - INFO - utils.stats_utils - [perform_cluster_permutation_test:338] -   Significant Cluster #452: p-value = 0.0449. Mask shape: (801,), Num True points: 1
2025-06-30 19:52:34,059 - INFO - utils.stats_utils - [perform_cluster_permutation_test:338] -   Significant Cluster #556: p-value = 0.0430. Mask shape: (801,), Num True points: 1
2025-06-30 19:52:34,059 - INFO - utils.stats_utils - [perform_cluster_permutation_test:338] -   Significant Cluster #557: p-value = 0.0449. Mask shape: (801,), Num True points: 1
2025-06-30 19:52:34,059 - INFO - utils.stats_utils - [perform_cluster_permutation_test:338] -   Significant Cluster #558: p-value = 0.0078. Mask shape: (801,), Num True points: 1
2025-06-30 19:52:34,059 - INFO - utils.stats_utils - [perform_cluster_permutation_test:338] -   Significant Cluster #559: p-value = 0.0078. Mask shape: (801,), Num True points: 1
2025-06-30 19:52:34,059 - INFO - utils.stats_utils - [perform_cluster_permutation_test:338] -   Significant Cluster #560: p-value = 0.0029. Mask shape: (801,), Num True points: 1
2025-06-30 19:52:34,059 - INFO - utils.stats_utils - [perform_cluster_permutation_test:338] -   Significant Cluster #561: p-value = 0.0127. Mask shape: (801,), Num True points: 1
2025-06-30 19:52:34,059 - INFO - utils.stats_utils - [perform_cluster_permutation_test:338] -   Significant Cluster #562: p-value = 0.0029. Mask shape: (801,), Num True points: 1
2025-06-30 19:52:34,060 - INFO - utils.stats_utils - [perform_cluster_permutation_test:338] -   Significant Cluster #563: p-value = 0.0020. Mask shape: (801,), Num True points: 1
2025-06-30 19:52:34,060 - INFO - utils.stats_utils - [perform_cluster_permutation_test:338] -   Significant Cluster #564: p-value = 0.0020. Mask shape: (801,), Num True points: 1
2025-06-30 19:52:34,060 - INFO - utils.stats_utils - [perform_cluster_permutation_test:338] -   Significant Cluster #565: p-value = 0.0049. Mask shape: (801,), Num True points: 1
2025-06-30 19:52:34,060 - INFO - utils.stats_utils - [perform_cluster_permutation_test:338] -   Significant Cluster #566: p-value = 0.0029. Mask shape: (801,), Num True points: 1
2025-06-30 19:52:34,060 - INFO - utils.stats_utils - [perform_cluster_permutation_test:338] -   Significant Cluster #567: p-value = 0.0029. Mask shape: (801,), Num True points: 1
2025-06-30 19:52:34,060 - INFO - utils.stats_utils - [perform_cluster_permutation_test:338] -   Significant Cluster #568: p-value = 0.0029. Mask shape: (801,), Num True points: 1
2025-06-30 19:52:34,060 - INFO - utils.stats_utils - [perform_cluster_permutation_test:338] -   Significant Cluster #569: p-value = 0.0029. Mask shape: (801,), Num True points: 1
2025-06-30 19:52:34,060 - INFO - utils.stats_utils - [perform_cluster_permutation_test:338] -   Significant Cluster #570: p-value = 0.0029. Mask shape: (801,), Num True points: 1
2025-06-30 19:52:34,060 - INFO - utils.stats_utils - [perform_cluster_permutation_test:338] -   Significant Cluster #571: p-value = 0.0029. Mask shape: (801,), Num True points: 1
2025-06-30 19:52:34,060 - INFO - utils.stats_utils - [perform_cluster_permutation_test:338] -   Significant Cluster #572: p-value = 0.0098. Mask shape: (801,), Num True points: 1
2025-06-30 19:52:34,060 - INFO - utils.stats_utils - [perform_cluster_permutation_test:338] -   Significant Cluster #573: p-value = 0.0029. Mask shape: (801,), Num True points: 1
2025-06-30 19:52:34,060 - INFO - utils.stats_utils - [perform_cluster_permutation_test:338] -   Significant Cluster #574: p-value = 0.0098. Mask shape: (801,), Num True points: 1
2025-06-30 19:52:34,060 - INFO - utils.stats_utils - [perform_cluster_permutation_test:338] -   Significant Cluster #575: p-value = 0.0098. Mask shape: (801,), Num True points: 1
2025-06-30 19:52:34,061 - INFO - utils.stats_utils - [perform_cluster_permutation_test:338] -   Significant Cluster #576: p-value = 0.0098. Mask shape: (801,), Num True points: 1
2025-06-30 19:52:34,061 - INFO - utils.stats_utils - [perform_cluster_permutation_test:338] -   Significant Cluster #577: p-value = 0.0068. Mask shape: (801,), Num True points: 1
2025-06-30 19:52:34,061 - INFO - utils.stats_utils - [perform_cluster_permutation_test:338] -   Significant Cluster #578: p-value = 0.0029. Mask shape: (801,), Num True points: 1
2025-06-30 19:52:34,061 - INFO - utils.stats_utils - [perform_cluster_permutation_test:338] -   Significant Cluster #579: p-value = 0.0068. Mask shape: (801,), Num True points: 1
2025-06-30 19:52:34,061 - INFO - utils.stats_utils - [perform_cluster_permutation_test:338] -   Significant Cluster #580: p-value = 0.0098. Mask shape: (801,), Num True points: 1
2025-06-30 19:52:34,061 - INFO - utils.stats_utils - [perform_cluster_permutation_test:338] -   Significant Cluster #581: p-value = 0.0098. Mask shape: (801,), Num True points: 1
2025-06-30 19:52:34,061 - INFO - utils.stats_utils - [perform_cluster_permutation_test:338] -   Significant Cluster #582: p-value = 0.0127. Mask shape: (801,), Num True points: 1
2025-06-30 19:52:34,061 - INFO - utils.stats_utils - [perform_cluster_permutation_test:338] -   Significant Cluster #583: p-value = 0.0098. Mask shape: (801,), Num True points: 1
2025-06-30 19:52:34,061 - INFO - utils.stats_utils - [perform_cluster_permutation_test:338] -   Significant Cluster #584: p-value = 0.0127. Mask shape: (801,), Num True points: 1
2025-06-30 19:52:34,061 - INFO - utils.stats_utils - [perform_cluster_permutation_test:338] -   Significant Cluster #585: p-value = 0.0146. Mask shape: (801,), Num True points: 1
2025-06-30 19:52:34,061 - INFO - utils.stats_utils - [perform_cluster_permutation_test:338] -   Significant Cluster #586: p-value = 0.0146. Mask shape: (801,), Num True points: 1
2025-06-30 19:52:34,061 - INFO - utils.stats_utils - [perform_cluster_permutation_test:338] -   Significant Cluster #587: p-value = 0.0146. Mask shape: (801,), Num True points: 1
2025-06-30 19:52:34,061 - INFO - utils.stats_utils - [perform_cluster_permutation_test:338] -   Significant Cluster #588: p-value = 0.0098. Mask shape: (801,), Num True points: 1
2025-06-30 19:52:34,062 - INFO - utils.stats_utils - [perform_cluster_permutation_test:338] -   Significant Cluster #589: p-value = 0.0029. Mask shape: (801,), Num True points: 1
2025-06-30 19:52:34,062 - INFO - utils.stats_utils - [perform_cluster_permutation_test:338] -   Significant Cluster #590: p-value = 0.0049. Mask shape: (801,), Num True points: 1
2025-06-30 19:52:34,062 - INFO - utils.stats_utils - [perform_cluster_permutation_test:338] -   Significant Cluster #591: p-value = 0.0146. Mask shape: (801,), Num True points: 1
2025-06-30 19:52:34,062 - INFO - utils.stats_utils - [perform_cluster_permutation_test:338] -   Significant Cluster #592: p-value = 0.0293. Mask shape: (801,), Num True points: 1
2025-06-30 19:52:34,062 - INFO - utils.stats_utils - [perform_cluster_permutation_test:338] -   Significant Cluster #601: p-value = 0.0186. Mask shape: (801,), Num True points: 1
2025-06-30 19:52:34,062 - INFO - utils.stats_utils - [perform_cluster_permutation_test:338] -   Significant Cluster #606: p-value = 0.0176. Mask shape: (801,), Num True points: 1
2025-06-30 19:52:34,062 - INFO - utils.stats_utils - [perform_cluster_permutation_test:338] -   Significant Cluster #607: p-value = 0.0117. Mask shape: (801,), Num True points: 1
2025-06-30 19:52:34,062 - INFO - utils.stats_utils - [perform_cluster_permutation_test:338] -   Significant Cluster #608: p-value = 0.0146. Mask shape: (801,), Num True points: 1
2025-06-30 19:52:34,062 - INFO - utils.stats_utils - [perform_cluster_permutation_test:338] -   Significant Cluster #609: p-value = 0.0029. Mask shape: (801,), Num True points: 1
2025-06-30 19:52:34,062 - INFO - utils.stats_utils - [perform_cluster_permutation_test:338] -   Significant Cluster #610: p-value = 0.0020. Mask shape: (801,), Num True points: 1
2025-06-30 19:52:34,062 - INFO - utils.stats_utils - [perform_cluster_permutation_test:338] -   Significant Cluster #611: p-value = 0.0371. Mask shape: (801,), Num True points: 1
2025-06-30 19:52:34,062 - INFO - utils.stats_utils - [perform_cluster_permutation_test:338] -   Significant Cluster #613: p-value = 0.0107. Mask shape: (801,), Num True points: 1
2025-06-30 19:52:34,062 - INFO - utils.stats_utils - [perform_cluster_permutation_test:338] -   Significant Cluster #614: p-value = 0.0186. Mask shape: (801,), Num True points: 1
2025-06-30 19:52:34,063 - INFO - utils.stats_utils - [perform_cluster_permutation_test:338] -   Significant Cluster #615: p-value = 0.0498. Mask shape: (801,), Num True points: 1
2025-06-30 19:52:34,063 - INFO - utils.stats_utils - [perform_cluster_permutation_test:338] -   Significant Cluster #619: p-value = 0.0107. Mask shape: (801,), Num True points: 1
2025-06-30 19:52:34,063 - INFO - utils.stats_utils - [perform_cluster_permutation_test:338] -   Significant Cluster #620: p-value = 0.0107. Mask shape: (801,), Num True points: 1
2025-06-30 19:52:34,063 - INFO - utils.stats_utils - [perform_cluster_permutation_test:338] -   Significant Cluster #621: p-value = 0.0137. Mask shape: (801,), Num True points: 1
2025-06-30 19:52:34,063 - INFO - utils.stats_utils - [perform_cluster_permutation_test:338] -   Significant Cluster #622: p-value = 0.0430. Mask shape: (801,), Num True points: 1
2025-06-30 19:52:34,063 - INFO - utils.stats_utils - [perform_cluster_permutation_test:338] -   Significant Cluster #623: p-value = 0.0400. Mask shape: (801,), Num True points: 1
2025-06-30 19:52:34,063 - INFO - utils.stats_utils - [perform_cluster_permutation_test:338] -   Significant Cluster #624: p-value = 0.0449. Mask shape: (801,), Num True points: 1
2025-06-30 19:52:34,063 - INFO - utils.stats_utils - [perform_cluster_permutation_test:338] -   Significant Cluster #626: p-value = 0.0449. Mask shape: (801,), Num True points: 1
2025-06-30 19:52:34,063 - INFO - utils.stats_utils - [perform_cluster_permutation_test:338] -   Significant Cluster #627: p-value = 0.0186. Mask shape: (801,), Num True points: 1
2025-06-30 19:52:34,063 - INFO - utils.stats_utils - [perform_cluster_permutation_test:338] -   Significant Cluster #628: p-value = 0.0117. Mask shape: (801,), Num True points: 1
2025-06-30 19:52:34,063 - INFO - utils.stats_utils - [perform_cluster_permutation_test:338] -   Significant Cluster #629: p-value = 0.0176. Mask shape: (801,), Num True points: 1
2025-06-30 19:52:34,063 - INFO - utils.stats_utils - [perform_cluster_permutation_test:338] -   Significant Cluster #630: p-value = 0.0029. Mask shape: (801,), Num True points: 1
2025-06-30 19:52:34,064 - INFO - utils.stats_utils - [perform_cluster_permutation_test:338] -   Significant Cluster #631: p-value = 0.0098. Mask shape: (801,), Num True points: 1
2025-06-30 19:52:34,064 - INFO - utils.stats_utils - [perform_cluster_permutation_test:338] -   Significant Cluster #632: p-value = 0.0098. Mask shape: (801,), Num True points: 1
2025-06-30 19:52:34,064 - INFO - utils.stats_utils - [perform_cluster_permutation_test:338] -   Significant Cluster #633: p-value = 0.0049. Mask shape: (801,), Num True points: 1
2025-06-30 19:52:34,064 - INFO - utils.stats_utils - [perform_cluster_permutation_test:338] -   Significant Cluster #634: p-value = 0.0449. Mask shape: (801,), Num True points: 1
2025-06-30 19:52:34,064 - INFO - utils.stats_utils - [perform_cluster_permutation_test:338] -   Significant Cluster #635: p-value = 0.0186. Mask shape: (801,), Num True points: 1
2025-06-30 19:52:34,064 - INFO - utils.stats_utils - [perform_cluster_permutation_test:338] -   Significant Cluster #639: p-value = 0.0449. Mask shape: (801,), Num True points: 1
2025-06-30 19:52:34,064 - INFO - utils.stats_utils - [perform_cluster_permutation_test:338] -   Significant Cluster #641: p-value = 0.0449. Mask shape: (801,), Num True points: 1
2025-06-30 19:52:34,064 - INFO - utils.stats_utils - [perform_cluster_permutation_test:338] -   Significant Cluster #645: p-value = 0.0312. Mask shape: (801,), Num True points: 1
2025-06-30 19:52:34,064 - INFO - utils.stats_utils - [perform_cluster_permutation_test:338] -   Significant Cluster #654: p-value = 0.0430. Mask shape: (801,), Num True points: 1
2025-06-30 19:52:34,064 - INFO - utils.stats_utils - [perform_cluster_permutation_test:338] -   Significant Cluster #655: p-value = 0.0498. Mask shape: (801,), Num True points: 1
2025-06-30 19:52:34,065 - INFO - utils.stats_utils - [perform_pointwise_fdr_correction_on_scores:439] - Performing pointwise wilcoxon with FDR correction. Data shape for test (obs, features if any): (10, 801)
2025-06-30 19:52:34,065 - INFO - utils.stats_utils - [perform_pointwise_fdr_correction_on_scores:443] -   Parameters: chance=0.5, alpha=0.05, test_type='wilcoxon', FDR_method='indep', alternative='greater'
2025-06-30 19:52:34,704 - INFO - utils.stats_utils - [perform_pointwise_fdr_correction_on_scores:714] - FDR correction completed. 123 point(s) found significant (p_fdr < 0.05).
2025-06-30 19:52:34,704 - INFO - utils.stats_utils - [perform_cluster_permutation_test:188] - Adjusting MNE parallelism from requested n_jobs=1 to effective_n_jobs=4 for resource management.
2025-06-30 19:52:34,705 - INFO - utils.stats_utils - [perform_cluster_permutation_test:195] - Executing cluster-based permutation test. Data shape (obs, features...): (10, 801)
2025-06-30 19:52:34,705 - INFO - utils.stats_utils - [perform_cluster_permutation_test:199] -   Parameters: n_permutations=1024, threshold_config={'start': 0.1, 'step': 0.1}, alternative='greater' (MNE tail=1), n_jobs=4
2025-06-30 19:52:34,705 - INFO - utils.stats_utils - [perform_cluster_permutation_test:210] -   Using MNE's default stat_fun (ttest_1samp_no_p) for permutation test.
2025-06-30 19:52:34,705 - INFO - utils.stats_utils - [perform_cluster_permutation_test:242] -   Input data is 2D (features). MNE will use default temporal connectivity inference if applicable.
stat_fun(H1): min=-3.779216 max=5.997134
Running initial clustering …
Using 59 thresholds from 0.10 to 5.90 for TFCE computation (h_power=2.00, e_power=0.50)
Found 801 clusters
2025-06-30 19:52:37,713 - INFO - utils.stats_utils - [perform_cluster_permutation_test:314] - Cluster permutation test completed. 801 initial clusters found (after processing slices).
2025-06-30 19:52:37,713 - INFO - utils.stats_utils - [perform_cluster_permutation_test:344] - No clusters found to be statistically significant (p < 0.05).
2025-06-30 19:52:39,378 - INFO - utils.vizualization_utils_LG - [_create_lg_comparison_page:247] - LG comparison plot saved to: /home/tom.balay/results/Baking_EEG_results_V12/intra_subject_lg_results/DELIRIUM+_LG_PATIENTS_DELIRIUMM+/TpJLR17_Single_LG_Protocol_Analysis_svc/20250630_195221/lg_LD_ALL_vs_LS_ALL_TpJLR17_DELIRIUM+_svc.png
2025-06-30 19:52:40,394 - INFO - utils.vizualization_utils_LG - [_create_lg_comparison_page:247] - LG comparison plot saved to: /home/tom.balay/results/Baking_EEG_results_V12/intra_subject_lg_results/DELIRIUM+_LG_PATIENTS_DELIRIUMM+/TpJLR17_Single_LG_Protocol_Analysis_svc/20250630_195221/lg_GD_ALL_vs_GS_ALL_TpJLR17_DELIRIUM+_svc.png
2025-06-30 19:52:41,197 - INFO - utils.vizualization_utils_LG - [_create_lg_comparison_page:247] - LG comparison plot saved to: /home/tom.balay/results/Baking_EEG_results_V12/intra_subject_lg_results/DELIRIUM+_LG_PATIENTS_DELIRIUMM+/TpJLR17_Single_LG_Protocol_Analysis_svc/20250630_195221/lg_LSGS_vs_LSGD_TpJLR17_DELIRIUM+_svc.png
2025-06-30 19:52:41,991 - INFO - utils.vizualization_utils_LG - [_create_lg_comparison_page:247] - LG comparison plot saved to: /home/tom.balay/results/Baking_EEG_results_V12/intra_subject_lg_results/DELIRIUM+_LG_PATIENTS_DELIRIUMM+/TpJLR17_Single_LG_Protocol_Analysis_svc/20250630_195221/lg_LDGS_vs_LDGD_TpJLR17_DELIRIUM+_svc.png
2025-06-30 19:52:42,732 - INFO - utils.vizualization_utils_LG - [_create_lg_comparison_page:247] - LG comparison plot saved to: /home/tom.balay/results/Baking_EEG_results_V12/intra_subject_lg_results/DELIRIUM+_LG_PATIENTS_DELIRIUMM+/TpJLR17_Single_LG_Protocol_Analysis_svc/20250630_195221/lg_LSGS_vs_LDGS_TpJLR17_DELIRIUM+_svc.png
2025-06-30 19:52:43,689 - INFO - utils.vizualization_utils_LG - [_create_lg_comparison_page:247] - LG comparison plot saved to: /home/tom.balay/results/Baking_EEG_results_V12/intra_subject_lg_results/DELIRIUM+_LG_PATIENTS_DELIRIUMM+/TpJLR17_Single_LG_Protocol_Analysis_svc/20250630_195221/lg_LSGD_vs_LDGD_TpJLR17_DELIRIUM+_svc.png
2025-06-30 19:52:43,689 - INFO - utils.vizualization_utils_LG - [create_subject_decoding_dashboard_plots_lg:167] - LG dashboard plots creation completed for subject TpJLR17
2025-06-30 19:52:43,689 - INFO - examples.run_decoding_one_lg - [execute_single_subject_lg_decoding:684] - LG Dashboard plots generated for subject TpJLR17 in /home/tom.balay/results/Baking_EEG_results_V12/intra_subject_lg_results/DELIRIUM+_LG_PATIENTS_DELIRIUMM+/TpJLR17_Single_LG_Protocol_Analysis_svc/20250630_195221
2025-06-30 19:52:43,689 - INFO - examples.run_decoding_one_lg - [execute_single_subject_lg_decoding:723] - Finished processing LG for subject TpJLR17 (Task Set ID: Single_LG_Protocol_Analysis). Total time: 12136.63s
submitit INFO (2025-06-30 19:52:43,702) - Job completed successfully
2025-06-30 19:52:43,702 - INFO - submitit - [process_job:56] - Job completed successfully
submitit INFO (2025-06-30 19:52:43,836) - Exiting after successful completion
2025-06-30 19:52:43,836 - INFO - submitit - [process_job:61] - Exiting after successful completion
