submitit INFO (2025-06-30 09:58:38,120) - Starting with JobEnvironment(job_id=352461, hostname=node6, local_rank=0(1), node=0(1), global_rank=0(1))
submitit INFO (2025-06-30 09:58:38,120) - Loading pickle: /home/tom.balay/Baking_EEG/submitit/logs_submitit_enhanced/20250630_095836_TJR7_LG/352461_submitted.pkl
2025-06-30 09:58:42,553 - INFO - examples.run_decoding_one_group_pp - [<module>:39] - Tentative d'import de execute_single_subject_decoding...
2025-06-30 09:58:42,553 - INFO - examples.run_decoding_one_group_pp - [<module>:42] - ✅ Import de execute_single_subject_decoding réussi
2025-06-30 09:58:42,555 - INFO - slurm_worker - [enhanced_decoding_task_wrapper:316] - ✓ execute_single_subject_lg_decoding importé avec succès
2025-06-30 09:58:42,555 - INFO - slurm_worker - [enhanced_decoding_task_wrapper:322] - Paramètres principaux - Sujet: TJR7, Groupe: CONTROLS_DELIRIUM
2025-06-30 09:58:42,556 - INFO - slurm_worker - [enhanced_decoding_task_wrapper:331] - === DÉBUT EXÉCUTION ===
2025-06-30 09:58:42,556 - INFO - slurm_worker - [enhanced_decoding_task_wrapper:333] - Heure de début: 2025-06-30 09:58:42.556139
2025-06-30 09:58:42,556 - INFO - examples.run_decoding_one_lg - [execute_single_subject_lg_decoding:193] - Starting LG decoding for subject: TJR7 (Group: CONTROLS_DELIRIUM, Task Set ID: Single_LG_Protocol_Analysis, Classifier: svc, GS: False, CSP: False, ANOVA FS: True, n_jobs: 40)
2025-06-30 09:58:42,556 - INFO - examples.run_decoding_one_lg - [execute_single_subject_lg_decoding:204] - Using LG loading conditions: ['LS_ALL', 'LD_ALL', 'GS_ALL', 'GD_ALL', 'LSGS', 'LSGD', 'LDGS', 'LDGD']
2025-06-30 09:58:42,556 - WARNING - utils.loading_LG_utils - [load_epochs_data_for_lg_decoding:96] - Original group path for 'CONTROLS_DELIRIUM' not found for subject 'TJR7'. Subject found in group 'CONTROLS_DELIRIUM'. Using its path convention.
2025-06-30 09:58:47,691 - INFO - examples.run_decoding_one_lg - [execute_single_subject_lg_decoding:213] - Detected protocol 'LG_CONTROLS' for subject TJR7
2025-06-30 09:58:47,692 - INFO - examples.run_decoding_one_lg - [execute_single_subject_lg_decoding:254] - --- Starting Main LG Protocol Decoding for TJR7 ---
2025-06-30 09:58:47,692 - INFO - examples.run_decoding_one_lg - [execute_single_subject_lg_decoding:257] -   --- 1. Main LG Decoding (LS vs LD) for TJR7 ---
2025-06-30 09:58:47,907 - INFO - Baking_EEG._4_decoding_core - [run_temporal_decoding_analysis:68] - --- Temporal Ddcoding Analysis ---
2025-06-30 09:58:47,907 - INFO - Baking_EEG._4_decoding_core - [run_temporal_decoding_analysis:69] - Clf: svc, GS: False, CSP (temporal): False, ANOVA FS (temporal): True
2025-06-30 09:58:47,912 - INFO - base.base_decoding - [_build_standard_classifier_pipeline:57] - Pipeline à hyperparamètres fixes: type='svc', CSP: False, ANOVA FS: True
2025-06-30 09:58:47,913 - INFO - base.base_decoding - [_build_standard_classifier_pipeline:68] - DEBUG: add_csp_step type=bool, value=False, bool()=False
2025-06-30 09:58:47,913 - INFO - base.base_decoding - [_build_standard_classifier_pipeline:91] -    Étape ANOVA FS 'anova_feature_selection' ajoutée (percentile fixe=15).
2025-06-30 09:58:47,913 - INFO - base.base_decoding - [_build_standard_classifier_pipeline:123] - Structure finale du pipeline: ['scaler', 'anova_feature_selection', 'svc_classifier']
2025-06-30 09:58:47,913 - INFO - base.base_decoding - [_build_standard_classifier_pipeline:57] - Pipeline à hyperparamètres fixes: type='svc', CSP: False, ANOVA FS: False
2025-06-30 09:58:47,913 - INFO - base.base_decoding - [_build_standard_classifier_pipeline:68] - DEBUG: add_csp_step type=bool, value=False, bool()=False
2025-06-30 09:58:47,913 - INFO - base.base_decoding - [_build_standard_classifier_pipeline:123] - Structure finale du pipeline: ['scaler', 'svc_classifier']
2025-06-30 09:58:47,913 - INFO - Baking_EEG._4_decoding_core - [run_temporal_decoding_analysis:246] - CV strategy: StratifiedKFold with 10 splits.
2025-06-30 09:58:47,913 - INFO - Baking_EEG._4_decoding_core - [run_temporal_decoding_analysis:258] - Sample weights: Auto-calculated per fold (recommended for StratifiedKFold).
2025-06-30 09:58:47,933 - INFO - Baking_EEG._4_decoding_core - [run_temporal_decoding_analysis:294] - MNE Estimators: Using fold-specific balancing via class_weight='balanced' (if supported by classifier).
2025-06-30 09:58:47,934 - INFO - Baking_EEG._4_decoding_core - [run_temporal_decoding_analysis:310] - Starting 1D temporal decoding (SlidingEstimator)...
2025-06-30 09:59:59,380 - INFO - Baking_EEG._4_decoding_core - [run_temporal_decoding_analysis:338] - 1D temporal decoding done. Peak mean AUC: 0.745
2025-06-30 09:59:59,381 - INFO - Baking_EEG._4_decoding_core - [run_temporal_decoding_analysis:379] - TGM computation disabled.
2025-06-30 09:59:59,381 - INFO - Baking_EEG._4_decoding_core - [run_temporal_decoding_analysis:382] - Starting global decoding (n_jobs_folds=40)...
2025-06-30 10:03:04,377 - INFO - Baking_EEG._4_decoding_core - [run_temporal_decoding_analysis:439] - Global decoding done. Mean CV AUC: 0.772 +/- 0.050
2025-06-30 10:03:04,398 - INFO - Baking_EEG._4_decoding_core - [run_temporal_decoding_analysis:478] -   Overall global metrics (aggregated): {'roc_auc': '0.774', 'accuracy': '0.719', 'precision': '0.737', 'recall': '0.755', 'f1_score': '0.746', 'balanced_accuracy': '0.715'}
2025-06-30 10:03:04,398 - INFO - utils.stats_utils - [perform_pointwise_fdr_correction_on_scores:439] - Performing pointwise wilcoxon with FDR correction. Data shape for test (obs, features if any): (10, 801)
2025-06-30 10:03:04,398 - INFO - utils.stats_utils - [perform_pointwise_fdr_correction_on_scores:443] -   Parameters: chance=0.5, alpha=0.05, test_type='wilcoxon', FDR_method='indep', alternative='greater'
2025-06-30 10:03:05,277 - INFO - utils.stats_utils - [perform_pointwise_fdr_correction_on_scores:714] - FDR correction completed. 133 point(s) found significant (p_fdr < 0.05).
2025-06-30 10:03:05,278 - INFO - utils.stats_utils - [perform_cluster_permutation_test:195] - Executing cluster-based permutation test. Data shape (obs, features...): (10, 801)
2025-06-30 10:03:05,278 - INFO - utils.stats_utils - [perform_cluster_permutation_test:199] -   Parameters: n_permutations=1024, threshold_config={'start': 0.1, 'step': 0.1}, alternative='greater' (MNE tail=1), n_jobs=-1
2025-06-30 10:03:05,278 - INFO - utils.stats_utils - [perform_cluster_permutation_test:210] -   Using MNE's default stat_fun (ttest_1samp_no_p) for permutation test.
2025-06-30 10:03:05,278 - INFO - utils.stats_utils - [perform_cluster_permutation_test:242] -   Input data is 2D (features). MNE will use default temporal connectivity inference if applicable.
stat_fun(H1): min=-4.972157 max=26.837164
Running initial clustering …
Using 268 thresholds from 0.10 to 26.80 for TFCE computation (h_power=2.00, e_power=0.50)
Found 801 clusters
2025-06-30 10:03:07,717 - INFO - utils.stats_utils - [perform_cluster_permutation_test:314] - Cluster permutation test completed. 801 initial clusters found (after processing slices).
2025-06-30 10:03:07,717 - INFO - utils.stats_utils - [perform_cluster_permutation_test:338] -   Significant Cluster #439: p-value = 0.0381. Mask shape: (801,), Num True points: 1
2025-06-30 10:03:07,718 - INFO - utils.stats_utils - [perform_cluster_permutation_test:338] -   Significant Cluster #440: p-value = 0.0049. Mask shape: (801,), Num True points: 1
2025-06-30 10:03:07,718 - INFO - utils.stats_utils - [perform_cluster_permutation_test:338] -   Significant Cluster #441: p-value = 0.0020. Mask shape: (801,), Num True points: 1
2025-06-30 10:03:07,718 - INFO - utils.stats_utils - [perform_cluster_permutation_test:338] -   Significant Cluster #442: p-value = 0.0020. Mask shape: (801,), Num True points: 1
2025-06-30 10:03:07,718 - INFO - utils.stats_utils - [perform_cluster_permutation_test:338] -   Significant Cluster #443: p-value = 0.0020. Mask shape: (801,), Num True points: 1
2025-06-30 10:03:07,718 - INFO - utils.stats_utils - [perform_cluster_permutation_test:338] -   Significant Cluster #444: p-value = 0.0020. Mask shape: (801,), Num True points: 1
2025-06-30 10:03:07,718 - INFO - utils.stats_utils - [perform_cluster_permutation_test:338] -   Significant Cluster #445: p-value = 0.0020. Mask shape: (801,), Num True points: 1
2025-06-30 10:03:07,718 - INFO - utils.stats_utils - [perform_cluster_permutation_test:338] -   Significant Cluster #446: p-value = 0.0020. Mask shape: (801,), Num True points: 1
2025-06-30 10:03:07,718 - INFO - utils.stats_utils - [perform_cluster_permutation_test:338] -   Significant Cluster #447: p-value = 0.0020. Mask shape: (801,), Num True points: 1
2025-06-30 10:03:07,718 - INFO - utils.stats_utils - [perform_cluster_permutation_test:338] -   Significant Cluster #448: p-value = 0.0020. Mask shape: (801,), Num True points: 1
2025-06-30 10:03:07,718 - INFO - utils.stats_utils - [perform_cluster_permutation_test:338] -   Significant Cluster #449: p-value = 0.0020. Mask shape: (801,), Num True points: 1
2025-06-30 10:03:07,719 - INFO - utils.stats_utils - [perform_cluster_permutation_test:338] -   Significant Cluster #450: p-value = 0.0020. Mask shape: (801,), Num True points: 1
2025-06-30 10:03:07,719 - INFO - utils.stats_utils - [perform_cluster_permutation_test:338] -   Significant Cluster #451: p-value = 0.0020. Mask shape: (801,), Num True points: 1
2025-06-30 10:03:07,719 - INFO - utils.stats_utils - [perform_cluster_permutation_test:338] -   Significant Cluster #452: p-value = 0.0020. Mask shape: (801,), Num True points: 1
2025-06-30 10:03:07,719 - INFO - utils.stats_utils - [perform_cluster_permutation_test:338] -   Significant Cluster #453: p-value = 0.0020. Mask shape: (801,), Num True points: 1
2025-06-30 10:03:07,719 - INFO - utils.stats_utils - [perform_cluster_permutation_test:338] -   Significant Cluster #454: p-value = 0.0020. Mask shape: (801,), Num True points: 1
2025-06-30 10:03:07,719 - INFO - utils.stats_utils - [perform_cluster_permutation_test:338] -   Significant Cluster #455: p-value = 0.0020. Mask shape: (801,), Num True points: 1
2025-06-30 10:03:07,719 - INFO - utils.stats_utils - [perform_cluster_permutation_test:338] -   Significant Cluster #456: p-value = 0.0020. Mask shape: (801,), Num True points: 1
2025-06-30 10:03:07,719 - INFO - utils.stats_utils - [perform_cluster_permutation_test:338] -   Significant Cluster #457: p-value = 0.0029. Mask shape: (801,), Num True points: 1
2025-06-30 10:03:07,719 - INFO - utils.stats_utils - [perform_cluster_permutation_test:338] -   Significant Cluster #458: p-value = 0.0068. Mask shape: (801,), Num True points: 1
2025-06-30 10:03:07,719 - INFO - utils.stats_utils - [perform_cluster_permutation_test:338] -   Significant Cluster #459: p-value = 0.0195. Mask shape: (801,), Num True points: 1
2025-06-30 10:03:07,720 - INFO - utils.stats_utils - [perform_cluster_permutation_test:338] -   Significant Cluster #486: p-value = 0.0186. Mask shape: (801,), Num True points: 1
2025-06-30 10:03:07,720 - INFO - utils.stats_utils - [perform_cluster_permutation_test:338] -   Significant Cluster #487: p-value = 0.0195. Mask shape: (801,), Num True points: 1
2025-06-30 10:03:07,720 - INFO - utils.stats_utils - [perform_cluster_permutation_test:338] -   Significant Cluster #488: p-value = 0.0068. Mask shape: (801,), Num True points: 1
2025-06-30 10:03:07,720 - INFO - utils.stats_utils - [perform_cluster_permutation_test:338] -   Significant Cluster #489: p-value = 0.0186. Mask shape: (801,), Num True points: 1
2025-06-30 10:03:07,720 - INFO - utils.stats_utils - [perform_cluster_permutation_test:338] -   Significant Cluster #490: p-value = 0.0078. Mask shape: (801,), Num True points: 1
2025-06-30 10:03:07,720 - INFO - utils.stats_utils - [perform_cluster_permutation_test:338] -   Significant Cluster #491: p-value = 0.0068. Mask shape: (801,), Num True points: 1
2025-06-30 10:03:07,720 - INFO - utils.stats_utils - [perform_cluster_permutation_test:338] -   Significant Cluster #492: p-value = 0.0039. Mask shape: (801,), Num True points: 1
2025-06-30 10:03:07,720 - INFO - utils.stats_utils - [perform_cluster_permutation_test:338] -   Significant Cluster #493: p-value = 0.0068. Mask shape: (801,), Num True points: 1
2025-06-30 10:03:07,720 - INFO - utils.stats_utils - [perform_cluster_permutation_test:338] -   Significant Cluster #494: p-value = 0.0039. Mask shape: (801,), Num True points: 1
2025-06-30 10:03:07,720 - INFO - utils.stats_utils - [perform_cluster_permutation_test:338] -   Significant Cluster #495: p-value = 0.0020. Mask shape: (801,), Num True points: 1
2025-06-30 10:03:07,720 - INFO - utils.stats_utils - [perform_cluster_permutation_test:338] -   Significant Cluster #496: p-value = 0.0029. Mask shape: (801,), Num True points: 1
2025-06-30 10:03:07,721 - INFO - utils.stats_utils - [perform_cluster_permutation_test:338] -   Significant Cluster #497: p-value = 0.0029. Mask shape: (801,), Num True points: 1
2025-06-30 10:03:07,721 - INFO - utils.stats_utils - [perform_cluster_permutation_test:338] -   Significant Cluster #498: p-value = 0.0020. Mask shape: (801,), Num True points: 1
2025-06-30 10:03:07,721 - INFO - utils.stats_utils - [perform_cluster_permutation_test:338] -   Significant Cluster #499: p-value = 0.0029. Mask shape: (801,), Num True points: 1
2025-06-30 10:03:07,721 - INFO - utils.stats_utils - [perform_cluster_permutation_test:338] -   Significant Cluster #500: p-value = 0.0020. Mask shape: (801,), Num True points: 1
2025-06-30 10:03:07,721 - INFO - utils.stats_utils - [perform_cluster_permutation_test:338] -   Significant Cluster #501: p-value = 0.0029. Mask shape: (801,), Num True points: 1
2025-06-30 10:03:07,721 - INFO - utils.stats_utils - [perform_cluster_permutation_test:338] -   Significant Cluster #502: p-value = 0.0020. Mask shape: (801,), Num True points: 1
2025-06-30 10:03:07,721 - INFO - utils.stats_utils - [perform_cluster_permutation_test:338] -   Significant Cluster #503: p-value = 0.0029. Mask shape: (801,), Num True points: 1
2025-06-30 10:03:07,721 - INFO - utils.stats_utils - [perform_cluster_permutation_test:338] -   Significant Cluster #504: p-value = 0.0039. Mask shape: (801,), Num True points: 1
2025-06-30 10:03:07,721 - INFO - utils.stats_utils - [perform_cluster_permutation_test:338] -   Significant Cluster #505: p-value = 0.0020. Mask shape: (801,), Num True points: 1
2025-06-30 10:03:07,721 - INFO - utils.stats_utils - [perform_cluster_permutation_test:338] -   Significant Cluster #506: p-value = 0.0020. Mask shape: (801,), Num True points: 1
2025-06-30 10:03:07,722 - INFO - utils.stats_utils - [perform_cluster_permutation_test:338] -   Significant Cluster #507: p-value = 0.0029. Mask shape: (801,), Num True points: 1
2025-06-30 10:03:07,722 - INFO - utils.stats_utils - [perform_cluster_permutation_test:338] -   Significant Cluster #508: p-value = 0.0039. Mask shape: (801,), Num True points: 1
2025-06-30 10:03:07,722 - INFO - utils.stats_utils - [perform_cluster_permutation_test:338] -   Significant Cluster #509: p-value = 0.0039. Mask shape: (801,), Num True points: 1
2025-06-30 10:03:07,722 - INFO - utils.stats_utils - [perform_cluster_permutation_test:338] -   Significant Cluster #510: p-value = 0.0137. Mask shape: (801,), Num True points: 1
2025-06-30 10:03:07,722 - INFO - utils.stats_utils - [perform_cluster_permutation_test:338] -   Significant Cluster #511: p-value = 0.0068. Mask shape: (801,), Num True points: 1
2025-06-30 10:03:07,722 - INFO - utils.stats_utils - [perform_cluster_permutation_test:338] -   Significant Cluster #512: p-value = 0.0068. Mask shape: (801,), Num True points: 1
2025-06-30 10:03:07,722 - INFO - utils.stats_utils - [perform_cluster_permutation_test:338] -   Significant Cluster #523: p-value = 0.0254. Mask shape: (801,), Num True points: 1
2025-06-30 10:03:07,722 - INFO - utils.stats_utils - [perform_cluster_permutation_test:338] -   Significant Cluster #524: p-value = 0.0068. Mask shape: (801,), Num True points: 1
2025-06-30 10:03:07,722 - INFO - utils.stats_utils - [perform_cluster_permutation_test:338] -   Significant Cluster #525: p-value = 0.0068. Mask shape: (801,), Num True points: 1
2025-06-30 10:03:07,722 - INFO - utils.stats_utils - [perform_cluster_permutation_test:338] -   Significant Cluster #526: p-value = 0.0195. Mask shape: (801,), Num True points: 1
2025-06-30 10:03:07,722 - INFO - utils.stats_utils - [perform_cluster_permutation_test:338] -   Significant Cluster #527: p-value = 0.0264. Mask shape: (801,), Num True points: 1
2025-06-30 10:03:07,723 - INFO - utils.stats_utils - [perform_cluster_permutation_test:338] -   Significant Cluster #528: p-value = 0.0430. Mask shape: (801,), Num True points: 1
2025-06-30 10:03:07,723 - INFO - utils.stats_utils - [perform_cluster_permutation_test:338] -   Significant Cluster #530: p-value = 0.0381. Mask shape: (801,), Num True points: 1
2025-06-30 10:03:07,723 - INFO - utils.stats_utils - [perform_cluster_permutation_test:338] -   Significant Cluster #531: p-value = 0.0430. Mask shape: (801,), Num True points: 1
2025-06-30 10:03:07,723 - INFO - utils.stats_utils - [perform_cluster_permutation_test:338] -   Significant Cluster #532: p-value = 0.0381. Mask shape: (801,), Num True points: 1
2025-06-30 10:03:07,723 - INFO - utils.stats_utils - [perform_cluster_permutation_test:338] -   Significant Cluster #533: p-value = 0.0322. Mask shape: (801,), Num True points: 1
2025-06-30 10:03:07,723 - INFO - utils.stats_utils - [perform_cluster_permutation_test:338] -   Significant Cluster #534: p-value = 0.0176. Mask shape: (801,), Num True points: 1
2025-06-30 10:03:07,723 - INFO - utils.stats_utils - [perform_cluster_permutation_test:338] -   Significant Cluster #535: p-value = 0.0195. Mask shape: (801,), Num True points: 1
2025-06-30 10:03:07,723 - INFO - utils.stats_utils - [perform_cluster_permutation_test:338] -   Significant Cluster #536: p-value = 0.0186. Mask shape: (801,), Num True points: 1
2025-06-30 10:03:07,723 - INFO - utils.stats_utils - [perform_cluster_permutation_test:338] -   Significant Cluster #537: p-value = 0.0186. Mask shape: (801,), Num True points: 1
2025-06-30 10:03:07,723 - INFO - utils.stats_utils - [perform_cluster_permutation_test:338] -   Significant Cluster #538: p-value = 0.0205. Mask shape: (801,), Num True points: 1
2025-06-30 10:03:07,723 - INFO - utils.stats_utils - [perform_cluster_permutation_test:338] -   Significant Cluster #539: p-value = 0.0186. Mask shape: (801,), Num True points: 1
2025-06-30 10:03:07,724 - INFO - utils.stats_utils - [perform_cluster_permutation_test:338] -   Significant Cluster #540: p-value = 0.0430. Mask shape: (801,), Num True points: 1
2025-06-30 10:03:07,726 - INFO - examples.run_decoding_one_lg - [execute_single_subject_lg_decoding:344] - Main LG Decoding for TJR7 DONE. Mean Global AUC: 0.772
2025-06-30 10:03:07,726 - INFO - examples.run_decoding_one_lg - [execute_single_subject_lg_decoding:353] -   --- 2. Specific LG Comparisons (e.g. LS/GS vs LS/GD, LD/GS vs LD/GD) for TJR7 ---
2025-06-30 10:03:07,825 - INFO - Baking_EEG._4_decoding_core - [run_temporal_decoding_analysis:68] - --- Temporal Ddcoding Analysis ---
2025-06-30 10:03:07,826 - INFO - Baking_EEG._4_decoding_core - [run_temporal_decoding_analysis:69] - Clf: svc, GS: False, CSP (temporal): False, ANOVA FS (temporal): True
2025-06-30 10:03:07,832 - INFO - base.base_decoding - [_build_standard_classifier_pipeline:57] - Pipeline à hyperparamètres fixes: type='svc', CSP: False, ANOVA FS: True
2025-06-30 10:03:07,833 - INFO - base.base_decoding - [_build_standard_classifier_pipeline:68] - DEBUG: add_csp_step type=bool, value=False, bool()=False
2025-06-30 10:03:07,833 - INFO - base.base_decoding - [_build_standard_classifier_pipeline:91] -    Étape ANOVA FS 'anova_feature_selection' ajoutée (percentile fixe=15).
2025-06-30 10:03:07,833 - INFO - base.base_decoding - [_build_standard_classifier_pipeline:123] - Structure finale du pipeline: ['scaler', 'anova_feature_selection', 'svc_classifier']
2025-06-30 10:03:07,833 - INFO - base.base_decoding - [_build_standard_classifier_pipeline:57] - Pipeline à hyperparamètres fixes: type='svc', CSP: False, ANOVA FS: False
2025-06-30 10:03:07,833 - INFO - base.base_decoding - [_build_standard_classifier_pipeline:68] - DEBUG: add_csp_step type=bool, value=False, bool()=False
2025-06-30 10:03:07,833 - INFO - base.base_decoding - [_build_standard_classifier_pipeline:123] - Structure finale du pipeline: ['scaler', 'svc_classifier']
2025-06-30 10:03:07,833 - INFO - Baking_EEG._4_decoding_core - [run_temporal_decoding_analysis:246] - CV strategy: StratifiedKFold with 10 splits.
2025-06-30 10:03:07,834 - INFO - Baking_EEG._4_decoding_core - [run_temporal_decoding_analysis:258] - Sample weights: Auto-calculated per fold (recommended for StratifiedKFold).
2025-06-30 10:03:07,852 - INFO - Baking_EEG._4_decoding_core - [run_temporal_decoding_analysis:294] - MNE Estimators: Using fold-specific balancing via class_weight='balanced' (if supported by classifier).
2025-06-30 10:03:07,852 - INFO - Baking_EEG._4_decoding_core - [run_temporal_decoding_analysis:310] - Starting 1D temporal decoding (SlidingEstimator)...
2025-06-30 10:03:34,497 - INFO - Baking_EEG._4_decoding_core - [run_temporal_decoding_analysis:338] - 1D temporal decoding done. Peak mean AUC: 0.736
2025-06-30 10:03:34,498 - INFO - Baking_EEG._4_decoding_core - [run_temporal_decoding_analysis:346] - Starting TGM computation (GeneralizingEstimator)...
2025-06-30 10:56:14,060 - INFO - Baking_EEG._4_decoding_core - [run_temporal_decoding_analysis:373] - TGM computation done. Peak mean TGM AUC: 0.744
2025-06-30 10:56:14,061 - INFO - Baking_EEG._4_decoding_core - [run_temporal_decoding_analysis:382] - Starting global decoding (n_jobs_folds=40)...
2025-06-30 10:56:57,181 - INFO - Baking_EEG._4_decoding_core - [run_temporal_decoding_analysis:439] - Global decoding done. Mean CV AUC: 0.686 +/- 0.093
2025-06-30 10:56:57,198 - INFO - Baking_EEG._4_decoding_core - [run_temporal_decoding_analysis:478] -   Overall global metrics (aggregated): {'roc_auc': '0.682', 'accuracy': '0.734', 'precision': '0.483', 'recall': '0.394', 'f1_score': '0.434', 'balanced_accuracy': '0.623'}
2025-06-30 10:56:57,199 - INFO - utils.stats_utils - [perform_pointwise_fdr_correction_on_scores:439] - Performing pointwise wilcoxon with FDR correction. Data shape for test (obs, features if any): (10, 801)
2025-06-30 10:56:57,199 - INFO - utils.stats_utils - [perform_pointwise_fdr_correction_on_scores:443] -   Parameters: chance=0.5, alpha=0.05, test_type='wilcoxon', FDR_method='indep', alternative='greater'
2025-06-30 10:56:58,069 - INFO - utils.stats_utils - [perform_pointwise_fdr_correction_on_scores:714] - FDR correction completed. 311 point(s) found significant (p_fdr < 0.05).
2025-06-30 10:56:58,070 - INFO - utils.stats_utils - [perform_cluster_permutation_test:195] - Executing cluster-based permutation test. Data shape (obs, features...): (10, 801)
2025-06-30 10:56:58,070 - INFO - utils.stats_utils - [perform_cluster_permutation_test:199] -   Parameters: n_permutations=1024, threshold_config={'start': 0.1, 'step': 0.1}, alternative='greater' (MNE tail=1), n_jobs=-1
2025-06-30 10:56:58,070 - INFO - utils.stats_utils - [perform_cluster_permutation_test:210] -   Using MNE's default stat_fun (ttest_1samp_no_p) for permutation test.
2025-06-30 10:56:58,070 - INFO - utils.stats_utils - [perform_cluster_permutation_test:242] -   Input data is 2D (features). MNE will use default temporal connectivity inference if applicable.
stat_fun(H1): min=-5.272350 max=9.009702
Running initial clustering …
Using 90 thresholds from 0.10 to 9.00 for TFCE computation (h_power=2.00, e_power=0.50)
Found 801 clusters
2025-06-30 10:57:00,666 - INFO - utils.stats_utils - [perform_cluster_permutation_test:314] - Cluster permutation test completed. 801 initial clusters found (after processing slices).
2025-06-30 10:57:00,667 - INFO - utils.stats_utils - [perform_cluster_permutation_test:338] -   Significant Cluster #501: p-value = 0.0488. Mask shape: (801,), Num True points: 1
2025-06-30 10:57:00,667 - INFO - utils.stats_utils - [perform_cluster_permutation_test:338] -   Significant Cluster #502: p-value = 0.0303. Mask shape: (801,), Num True points: 1
2025-06-30 10:57:00,667 - INFO - utils.stats_utils - [perform_cluster_permutation_test:338] -   Significant Cluster #503: p-value = 0.0078. Mask shape: (801,), Num True points: 1
2025-06-30 10:57:00,667 - INFO - utils.stats_utils - [perform_cluster_permutation_test:338] -   Significant Cluster #504: p-value = 0.0137. Mask shape: (801,), Num True points: 1
2025-06-30 10:57:00,667 - INFO - utils.stats_utils - [perform_cluster_permutation_test:338] -   Significant Cluster #505: p-value = 0.0117. Mask shape: (801,), Num True points: 1
2025-06-30 10:57:00,667 - INFO - utils.stats_utils - [perform_cluster_permutation_test:338] -   Significant Cluster #506: p-value = 0.0303. Mask shape: (801,), Num True points: 1
2025-06-30 10:57:00,667 - INFO - utils.stats_utils - [perform_cluster_permutation_test:338] -   Significant Cluster #509: p-value = 0.0449. Mask shape: (801,), Num True points: 1
2025-06-30 10:57:00,667 - INFO - utils.stats_utils - [perform_cluster_permutation_test:338] -   Significant Cluster #510: p-value = 0.0146. Mask shape: (801,), Num True points: 1
2025-06-30 10:57:00,668 - INFO - utils.stats_utils - [perform_cluster_permutation_test:338] -   Significant Cluster #511: p-value = 0.0273. Mask shape: (801,), Num True points: 1
2025-06-30 10:57:00,668 - INFO - utils.stats_utils - [perform_cluster_permutation_test:338] -   Significant Cluster #535: p-value = 0.0283. Mask shape: (801,), Num True points: 1
2025-06-30 10:57:00,668 - INFO - utils.stats_utils - [perform_cluster_permutation_test:338] -   Significant Cluster #536: p-value = 0.0400. Mask shape: (801,), Num True points: 1
2025-06-30 10:57:00,668 - INFO - utils.stats_utils - [perform_cluster_permutation_test:338] -   Significant Cluster #558: p-value = 0.0400. Mask shape: (801,), Num True points: 1
2025-06-30 10:57:00,668 - INFO - utils.stats_utils - [perform_cluster_permutation_test:338] -   Significant Cluster #559: p-value = 0.0332. Mask shape: (801,), Num True points: 1
2025-06-30 10:57:00,668 - INFO - utils.stats_utils - [perform_cluster_permutation_test:338] -   Significant Cluster #560: p-value = 0.0254. Mask shape: (801,), Num True points: 1
2025-06-30 10:57:00,668 - INFO - utils.stats_utils - [perform_cluster_permutation_test:338] -   Significant Cluster #561: p-value = 0.0146. Mask shape: (801,), Num True points: 1
2025-06-30 10:57:00,668 - INFO - utils.stats_utils - [perform_cluster_permutation_test:338] -   Significant Cluster #565: p-value = 0.0303. Mask shape: (801,), Num True points: 1
2025-06-30 10:57:00,668 - INFO - utils.stats_utils - [perform_cluster_permutation_test:338] -   Significant Cluster #567: p-value = 0.0488. Mask shape: (801,), Num True points: 1
2025-06-30 10:57:00,668 - INFO - utils.stats_utils - [perform_cluster_permutation_test:338] -   Significant Cluster #608: p-value = 0.0400. Mask shape: (801,), Num True points: 1
2025-06-30 10:57:00,669 - INFO - utils.stats_utils - [perform_cluster_permutation_test:338] -   Significant Cluster #609: p-value = 0.0449. Mask shape: (801,), Num True points: 1
2025-06-30 10:57:00,669 - INFO - utils.stats_utils - [perform_cluster_permutation_test:338] -   Significant Cluster #610: p-value = 0.0146. Mask shape: (801,), Num True points: 1
2025-06-30 10:57:00,669 - INFO - utils.stats_utils - [perform_cluster_permutation_test:338] -   Significant Cluster #611: p-value = 0.0283. Mask shape: (801,), Num True points: 1
2025-06-30 10:57:00,669 - INFO - utils.stats_utils - [perform_cluster_permutation_test:338] -   Significant Cluster #613: p-value = 0.0156. Mask shape: (801,), Num True points: 1
2025-06-30 10:57:00,669 - INFO - utils.stats_utils - [perform_cluster_permutation_test:338] -   Significant Cluster #614: p-value = 0.0371. Mask shape: (801,), Num True points: 1
2025-06-30 10:57:00,669 - INFO - utils.stats_utils - [perform_cluster_permutation_test:338] -   Significant Cluster #615: p-value = 0.0371. Mask shape: (801,), Num True points: 1
2025-06-30 10:57:00,669 - INFO - utils.stats_utils - [perform_cluster_permutation_test:338] -   Significant Cluster #664: p-value = 0.0254. Mask shape: (801,), Num True points: 1
2025-06-30 10:57:00,669 - INFO - utils.stats_utils - [perform_cluster_permutation_test:338] -   Significant Cluster #665: p-value = 0.0078. Mask shape: (801,), Num True points: 1
2025-06-30 10:57:00,669 - INFO - utils.stats_utils - [perform_cluster_permutation_test:338] -   Significant Cluster #666: p-value = 0.0049. Mask shape: (801,), Num True points: 1
2025-06-30 10:57:00,669 - INFO - utils.stats_utils - [perform_cluster_permutation_test:338] -   Significant Cluster #698: p-value = 0.0254. Mask shape: (801,), Num True points: 1
2025-06-30 10:57:00,679 - INFO - utils.stats_utils - [perform_pointwise_fdr_correction_on_scores:439] - Performing pointwise wilcoxon with FDR correction. Data shape for test (obs, features if any): (10, 641601)
2025-06-30 10:57:00,679 - INFO - utils.stats_utils - [perform_pointwise_fdr_correction_on_scores:443] -   Parameters: chance=0.5, alpha=0.05, test_type='wilcoxon', FDR_method='indep', alternative='greater'
2025-06-30 11:08:29,670 - INFO - utils.stats_utils - [perform_pointwise_fdr_correction_on_scores:714] - FDR correction completed. 0 point(s) found significant (p_fdr < 0.05).
2025-06-30 11:08:29,673 - INFO - Baking_EEG._4_decoding_core - [run_temporal_decoding_analysis:544] - Intra-fold Cluster Permutation for TGM is SKIPPED.
2025-06-30 11:08:29,675 - INFO - examples.run_decoding_one_lg - [execute_single_subject_lg_decoding:465] -   Specific LG task 'Local Standard: Global Standard vs Global Deviant' for TJR7: Peak AUC = 0.736
2025-06-30 11:08:29,797 - INFO - Baking_EEG._4_decoding_core - [run_temporal_decoding_analysis:68] - --- Temporal Ddcoding Analysis ---
2025-06-30 11:08:29,797 - INFO - Baking_EEG._4_decoding_core - [run_temporal_decoding_analysis:69] - Clf: svc, GS: False, CSP (temporal): False, ANOVA FS (temporal): True
2025-06-30 11:08:29,800 - INFO - base.base_decoding - [_build_standard_classifier_pipeline:57] - Pipeline à hyperparamètres fixes: type='svc', CSP: False, ANOVA FS: True
2025-06-30 11:08:29,800 - INFO - base.base_decoding - [_build_standard_classifier_pipeline:68] - DEBUG: add_csp_step type=bool, value=False, bool()=False
2025-06-30 11:08:29,800 - INFO - base.base_decoding - [_build_standard_classifier_pipeline:91] -    Étape ANOVA FS 'anova_feature_selection' ajoutée (percentile fixe=15).
2025-06-30 11:08:29,800 - INFO - base.base_decoding - [_build_standard_classifier_pipeline:123] - Structure finale du pipeline: ['scaler', 'anova_feature_selection', 'svc_classifier']
2025-06-30 11:08:29,801 - INFO - base.base_decoding - [_build_standard_classifier_pipeline:57] - Pipeline à hyperparamètres fixes: type='svc', CSP: False, ANOVA FS: False
2025-06-30 11:08:29,801 - INFO - base.base_decoding - [_build_standard_classifier_pipeline:68] - DEBUG: add_csp_step type=bool, value=False, bool()=False
2025-06-30 11:08:29,801 - INFO - base.base_decoding - [_build_standard_classifier_pipeline:123] - Structure finale du pipeline: ['scaler', 'svc_classifier']
2025-06-30 11:08:29,801 - INFO - Baking_EEG._4_decoding_core - [run_temporal_decoding_analysis:246] - CV strategy: StratifiedKFold with 10 splits.
2025-06-30 11:08:29,801 - INFO - Baking_EEG._4_decoding_core - [run_temporal_decoding_analysis:258] - Sample weights: Auto-calculated per fold (recommended for StratifiedKFold).
2025-06-30 11:08:29,822 - INFO - Baking_EEG._4_decoding_core - [run_temporal_decoding_analysis:294] - MNE Estimators: Using fold-specific balancing via class_weight='balanced' (if supported by classifier).
2025-06-30 11:08:29,822 - INFO - Baking_EEG._4_decoding_core - [run_temporal_decoding_analysis:310] - Starting 1D temporal decoding (SlidingEstimator)...
2025-06-30 11:09:03,007 - INFO - Baking_EEG._4_decoding_core - [run_temporal_decoding_analysis:338] - 1D temporal decoding done. Peak mean AUC: 0.733
2025-06-30 11:09:03,007 - INFO - Baking_EEG._4_decoding_core - [run_temporal_decoding_analysis:346] - Starting TGM computation (GeneralizingEstimator)...
2025-06-30 12:02:24,262 - INFO - Baking_EEG._4_decoding_core - [run_temporal_decoding_analysis:373] - TGM computation done. Peak mean TGM AUC: 0.735
2025-06-30 12:02:24,263 - INFO - Baking_EEG._4_decoding_core - [run_temporal_decoding_analysis:382] - Starting global decoding (n_jobs_folds=40)...
2025-06-30 12:03:19,943 - INFO - Baking_EEG._4_decoding_core - [run_temporal_decoding_analysis:439] - Global decoding done. Mean CV AUC: 0.740 +/- 0.124
2025-06-30 12:03:19,960 - INFO - Baking_EEG._4_decoding_core - [run_temporal_decoding_analysis:478] -   Overall global metrics (aggregated): {'roc_auc': '0.727', 'accuracy': '0.848', 'precision': '0.435', 'recall': '0.213', 'f1_score': '0.286', 'balanced_accuracy': '0.583'}
2025-06-30 12:03:19,961 - INFO - utils.stats_utils - [perform_pointwise_fdr_correction_on_scores:439] - Performing pointwise wilcoxon with FDR correction. Data shape for test (obs, features if any): (10, 801)
2025-06-30 12:03:19,961 - INFO - utils.stats_utils - [perform_pointwise_fdr_correction_on_scores:443] -   Parameters: chance=0.5, alpha=0.05, test_type='wilcoxon', FDR_method='indep', alternative='greater'
2025-06-30 12:03:20,831 - INFO - utils.stats_utils - [perform_pointwise_fdr_correction_on_scores:714] - FDR correction completed. 0 point(s) found significant (p_fdr < 0.05).
2025-06-30 12:03:20,831 - INFO - utils.stats_utils - [perform_cluster_permutation_test:195] - Executing cluster-based permutation test. Data shape (obs, features...): (10, 801)
2025-06-30 12:03:20,831 - INFO - utils.stats_utils - [perform_cluster_permutation_test:199] -   Parameters: n_permutations=1024, threshold_config={'start': 0.1, 'step': 0.1}, alternative='greater' (MNE tail=1), n_jobs=-1
2025-06-30 12:03:20,831 - INFO - utils.stats_utils - [perform_cluster_permutation_test:210] -   Using MNE's default stat_fun (ttest_1samp_no_p) for permutation test.
2025-06-30 12:03:20,832 - INFO - utils.stats_utils - [perform_cluster_permutation_test:242] -   Input data is 2D (features). MNE will use default temporal connectivity inference if applicable.
stat_fun(H1): min=-3.723620 max=7.632748
Running initial clustering …
Using 76 thresholds from 0.10 to 7.60 for TFCE computation (h_power=2.00, e_power=0.50)
Found 801 clusters
2025-06-30 12:03:23,449 - INFO - utils.stats_utils - [perform_cluster_permutation_test:314] - Cluster permutation test completed. 801 initial clusters found (after processing slices).
2025-06-30 12:03:23,449 - INFO - utils.stats_utils - [perform_cluster_permutation_test:338] -   Significant Cluster #63: p-value = 0.0088. Mask shape: (801,), Num True points: 1
2025-06-30 12:03:23,462 - INFO - utils.stats_utils - [perform_pointwise_fdr_correction_on_scores:439] - Performing pointwise wilcoxon with FDR correction. Data shape for test (obs, features if any): (10, 641601)
2025-06-30 12:03:23,462 - INFO - utils.stats_utils - [perform_pointwise_fdr_correction_on_scores:443] -   Parameters: chance=0.5, alpha=0.05, test_type='wilcoxon', FDR_method='indep', alternative='greater'
2025-06-30 12:14:55,619 - INFO - utils.stats_utils - [perform_pointwise_fdr_correction_on_scores:714] - FDR correction completed. 0 point(s) found significant (p_fdr < 0.05).
2025-06-30 12:14:55,622 - INFO - Baking_EEG._4_decoding_core - [run_temporal_decoding_analysis:544] - Intra-fold Cluster Permutation for TGM is SKIPPED.
2025-06-30 12:14:55,624 - INFO - examples.run_decoding_one_lg - [execute_single_subject_lg_decoding:465] -   Specific LG task 'Local Deviant: Global Standard vs Global Deviant' for TJR7: Peak AUC = 0.733
2025-06-30 12:14:55,798 - INFO - Baking_EEG._4_decoding_core - [run_temporal_decoding_analysis:68] - --- Temporal Ddcoding Analysis ---
2025-06-30 12:14:55,798 - INFO - Baking_EEG._4_decoding_core - [run_temporal_decoding_analysis:69] - Clf: svc, GS: False, CSP (temporal): False, ANOVA FS (temporal): True
2025-06-30 12:14:55,801 - INFO - base.base_decoding - [_build_standard_classifier_pipeline:57] - Pipeline à hyperparamètres fixes: type='svc', CSP: False, ANOVA FS: True
2025-06-30 12:14:55,801 - INFO - base.base_decoding - [_build_standard_classifier_pipeline:68] - DEBUG: add_csp_step type=bool, value=False, bool()=False
2025-06-30 12:14:55,801 - INFO - base.base_decoding - [_build_standard_classifier_pipeline:91] -    Étape ANOVA FS 'anova_feature_selection' ajoutée (percentile fixe=15).
2025-06-30 12:14:55,801 - INFO - base.base_decoding - [_build_standard_classifier_pipeline:123] - Structure finale du pipeline: ['scaler', 'anova_feature_selection', 'svc_classifier']
2025-06-30 12:14:55,802 - INFO - base.base_decoding - [_build_standard_classifier_pipeline:57] - Pipeline à hyperparamètres fixes: type='svc', CSP: False, ANOVA FS: False
2025-06-30 12:14:55,802 - INFO - base.base_decoding - [_build_standard_classifier_pipeline:68] - DEBUG: add_csp_step type=bool, value=False, bool()=False
2025-06-30 12:14:55,802 - INFO - base.base_decoding - [_build_standard_classifier_pipeline:123] - Structure finale du pipeline: ['scaler', 'svc_classifier']
2025-06-30 12:14:55,802 - INFO - Baking_EEG._4_decoding_core - [run_temporal_decoding_analysis:246] - CV strategy: StratifiedKFold with 10 splits.
2025-06-30 12:14:55,802 - INFO - Baking_EEG._4_decoding_core - [run_temporal_decoding_analysis:258] - Sample weights: Auto-calculated per fold (recommended for StratifiedKFold).
2025-06-30 12:14:55,819 - INFO - Baking_EEG._4_decoding_core - [run_temporal_decoding_analysis:294] - MNE Estimators: Using fold-specific balancing via class_weight='balanced' (if supported by classifier).
2025-06-30 12:14:55,819 - INFO - Baking_EEG._4_decoding_core - [run_temporal_decoding_analysis:310] - Starting 1D temporal decoding (SlidingEstimator)...
2025-06-30 12:15:49,507 - INFO - Baking_EEG._4_decoding_core - [run_temporal_decoding_analysis:338] - 1D temporal decoding done. Peak mean AUC: 0.752
2025-06-30 12:15:49,508 - INFO - Baking_EEG._4_decoding_core - [run_temporal_decoding_analysis:346] - Starting TGM computation (GeneralizingEstimator)...
2025-06-30 13:10:04,876 - INFO - Baking_EEG._4_decoding_core - [run_temporal_decoding_analysis:373] - TGM computation done. Peak mean TGM AUC: 0.753
2025-06-30 13:10:04,876 - INFO - Baking_EEG._4_decoding_core - [run_temporal_decoding_analysis:382] - Starting global decoding (n_jobs_folds=40)...
2025-06-30 13:12:12,760 - INFO - Baking_EEG._4_decoding_core - [run_temporal_decoding_analysis:439] - Global decoding done. Mean CV AUC: 0.766 +/- 0.054
2025-06-30 13:12:12,778 - INFO - Baking_EEG._4_decoding_core - [run_temporal_decoding_analysis:478] -   Overall global metrics (aggregated): {'roc_auc': '0.764', 'accuracy': '0.695', 'precision': '0.717', 'recall': '0.788', 'f1_score': '0.751', 'balanced_accuracy': '0.677'}
2025-06-30 13:12:12,778 - INFO - utils.stats_utils - [perform_pointwise_fdr_correction_on_scores:439] - Performing pointwise wilcoxon with FDR correction. Data shape for test (obs, features if any): (10, 801)
2025-06-30 13:12:12,778 - INFO - utils.stats_utils - [perform_pointwise_fdr_correction_on_scores:443] -   Parameters: chance=0.5, alpha=0.05, test_type='wilcoxon', FDR_method='indep', alternative='greater'
2025-06-30 13:12:13,635 - INFO - utils.stats_utils - [perform_pointwise_fdr_correction_on_scores:714] - FDR correction completed. 169 point(s) found significant (p_fdr < 0.05).
2025-06-30 13:12:13,635 - INFO - utils.stats_utils - [perform_cluster_permutation_test:195] - Executing cluster-based permutation test. Data shape (obs, features...): (10, 801)
2025-06-30 13:12:13,635 - INFO - utils.stats_utils - [perform_cluster_permutation_test:199] -   Parameters: n_permutations=1024, threshold_config={'start': 0.1, 'step': 0.1}, alternative='greater' (MNE tail=1), n_jobs=-1
2025-06-30 13:12:13,636 - INFO - utils.stats_utils - [perform_cluster_permutation_test:210] -   Using MNE's default stat_fun (ttest_1samp_no_p) for permutation test.
2025-06-30 13:12:13,636 - INFO - utils.stats_utils - [perform_cluster_permutation_test:242] -   Input data is 2D (features). MNE will use default temporal connectivity inference if applicable.
stat_fun(H1): min=-6.998108 max=15.773092
Running initial clustering …
Using 157 thresholds from 0.10 to 15.70 for TFCE computation (h_power=2.00, e_power=0.50)
Found 801 clusters
2025-06-30 13:12:16,207 - INFO - utils.stats_utils - [perform_cluster_permutation_test:314] - Cluster permutation test completed. 801 initial clusters found (after processing slices).
2025-06-30 13:12:16,207 - INFO - utils.stats_utils - [perform_cluster_permutation_test:338] -   Significant Cluster #439: p-value = 0.0273. Mask shape: (801,), Num True points: 1
2025-06-30 13:12:16,208 - INFO - utils.stats_utils - [perform_cluster_permutation_test:338] -   Significant Cluster #440: p-value = 0.0039. Mask shape: (801,), Num True points: 1
2025-06-30 13:12:16,208 - INFO - utils.stats_utils - [perform_cluster_permutation_test:338] -   Significant Cluster #441: p-value = 0.0029. Mask shape: (801,), Num True points: 1
2025-06-30 13:12:16,208 - INFO - utils.stats_utils - [perform_cluster_permutation_test:338] -   Significant Cluster #442: p-value = 0.0020. Mask shape: (801,), Num True points: 1
2025-06-30 13:12:16,208 - INFO - utils.stats_utils - [perform_cluster_permutation_test:338] -   Significant Cluster #443: p-value = 0.0020. Mask shape: (801,), Num True points: 1
2025-06-30 13:12:16,208 - INFO - utils.stats_utils - [perform_cluster_permutation_test:338] -   Significant Cluster #444: p-value = 0.0020. Mask shape: (801,), Num True points: 1
2025-06-30 13:12:16,208 - INFO - utils.stats_utils - [perform_cluster_permutation_test:338] -   Significant Cluster #445: p-value = 0.0020. Mask shape: (801,), Num True points: 1
2025-06-30 13:12:16,208 - INFO - utils.stats_utils - [perform_cluster_permutation_test:338] -   Significant Cluster #446: p-value = 0.0029. Mask shape: (801,), Num True points: 1
2025-06-30 13:12:16,208 - INFO - utils.stats_utils - [perform_cluster_permutation_test:338] -   Significant Cluster #447: p-value = 0.0029. Mask shape: (801,), Num True points: 1
2025-06-30 13:12:16,208 - INFO - utils.stats_utils - [perform_cluster_permutation_test:338] -   Significant Cluster #448: p-value = 0.0020. Mask shape: (801,), Num True points: 1
2025-06-30 13:12:16,208 - INFO - utils.stats_utils - [perform_cluster_permutation_test:338] -   Significant Cluster #449: p-value = 0.0020. Mask shape: (801,), Num True points: 1
2025-06-30 13:12:16,209 - INFO - utils.stats_utils - [perform_cluster_permutation_test:338] -   Significant Cluster #450: p-value = 0.0020. Mask shape: (801,), Num True points: 1
2025-06-30 13:12:16,209 - INFO - utils.stats_utils - [perform_cluster_permutation_test:338] -   Significant Cluster #451: p-value = 0.0020. Mask shape: (801,), Num True points: 1
2025-06-30 13:12:16,209 - INFO - utils.stats_utils - [perform_cluster_permutation_test:338] -   Significant Cluster #452: p-value = 0.0020. Mask shape: (801,), Num True points: 1
2025-06-30 13:12:16,209 - INFO - utils.stats_utils - [perform_cluster_permutation_test:338] -   Significant Cluster #453: p-value = 0.0020. Mask shape: (801,), Num True points: 1
2025-06-30 13:12:16,209 - INFO - utils.stats_utils - [perform_cluster_permutation_test:338] -   Significant Cluster #454: p-value = 0.0020. Mask shape: (801,), Num True points: 1
2025-06-30 13:12:16,209 - INFO - utils.stats_utils - [perform_cluster_permutation_test:338] -   Significant Cluster #455: p-value = 0.0020. Mask shape: (801,), Num True points: 1
2025-06-30 13:12:16,209 - INFO - utils.stats_utils - [perform_cluster_permutation_test:338] -   Significant Cluster #456: p-value = 0.0029. Mask shape: (801,), Num True points: 1
2025-06-30 13:12:16,209 - INFO - utils.stats_utils - [perform_cluster_permutation_test:338] -   Significant Cluster #457: p-value = 0.0078. Mask shape: (801,), Num True points: 1
2025-06-30 13:12:16,209 - INFO - utils.stats_utils - [perform_cluster_permutation_test:338] -   Significant Cluster #458: p-value = 0.0059. Mask shape: (801,), Num True points: 1
2025-06-30 13:12:16,209 - INFO - utils.stats_utils - [perform_cluster_permutation_test:338] -   Significant Cluster #459: p-value = 0.0088. Mask shape: (801,), Num True points: 1
2025-06-30 13:12:16,210 - INFO - utils.stats_utils - [perform_cluster_permutation_test:338] -   Significant Cluster #460: p-value = 0.0205. Mask shape: (801,), Num True points: 1
2025-06-30 13:12:16,210 - INFO - utils.stats_utils - [perform_cluster_permutation_test:338] -   Significant Cluster #461: p-value = 0.0156. Mask shape: (801,), Num True points: 1
2025-06-30 13:12:16,210 - INFO - utils.stats_utils - [perform_cluster_permutation_test:338] -   Significant Cluster #462: p-value = 0.0273. Mask shape: (801,), Num True points: 1
2025-06-30 13:12:16,210 - INFO - utils.stats_utils - [perform_cluster_permutation_test:338] -   Significant Cluster #463: p-value = 0.0127. Mask shape: (801,), Num True points: 1
2025-06-30 13:12:16,210 - INFO - utils.stats_utils - [perform_cluster_permutation_test:338] -   Significant Cluster #464: p-value = 0.0244. Mask shape: (801,), Num True points: 1
2025-06-30 13:12:16,210 - INFO - utils.stats_utils - [perform_cluster_permutation_test:338] -   Significant Cluster #466: p-value = 0.0498. Mask shape: (801,), Num True points: 1
2025-06-30 13:12:16,210 - INFO - utils.stats_utils - [perform_cluster_permutation_test:338] -   Significant Cluster #473: p-value = 0.0381. Mask shape: (801,), Num True points: 1
2025-06-30 13:12:16,210 - INFO - utils.stats_utils - [perform_cluster_permutation_test:338] -   Significant Cluster #496: p-value = 0.0273. Mask shape: (801,), Num True points: 1
2025-06-30 13:12:16,210 - INFO - utils.stats_utils - [perform_cluster_permutation_test:338] -   Significant Cluster #497: p-value = 0.0156. Mask shape: (801,), Num True points: 1
2025-06-30 13:12:16,210 - INFO - utils.stats_utils - [perform_cluster_permutation_test:338] -   Significant Cluster #498: p-value = 0.0244. Mask shape: (801,), Num True points: 1
2025-06-30 13:12:16,210 - INFO - utils.stats_utils - [perform_cluster_permutation_test:338] -   Significant Cluster #499: p-value = 0.0322. Mask shape: (801,), Num True points: 1
2025-06-30 13:12:16,211 - INFO - utils.stats_utils - [perform_cluster_permutation_test:338] -   Significant Cluster #500: p-value = 0.0088. Mask shape: (801,), Num True points: 1
2025-06-30 13:12:16,211 - INFO - utils.stats_utils - [perform_cluster_permutation_test:338] -   Significant Cluster #501: p-value = 0.0059. Mask shape: (801,), Num True points: 1
2025-06-30 13:12:16,211 - INFO - utils.stats_utils - [perform_cluster_permutation_test:338] -   Significant Cluster #502: p-value = 0.0322. Mask shape: (801,), Num True points: 1
2025-06-30 13:12:16,211 - INFO - utils.stats_utils - [perform_cluster_permutation_test:338] -   Significant Cluster #503: p-value = 0.0186. Mask shape: (801,), Num True points: 1
2025-06-30 13:12:16,211 - INFO - utils.stats_utils - [perform_cluster_permutation_test:338] -   Significant Cluster #504: p-value = 0.0361. Mask shape: (801,), Num True points: 1
2025-06-30 13:12:16,211 - INFO - utils.stats_utils - [perform_cluster_permutation_test:338] -   Significant Cluster #505: p-value = 0.0361. Mask shape: (801,), Num True points: 1
2025-06-30 13:12:16,211 - INFO - utils.stats_utils - [perform_cluster_permutation_test:338] -   Significant Cluster #518: p-value = 0.0078. Mask shape: (801,), Num True points: 1
2025-06-30 13:12:16,211 - INFO - utils.stats_utils - [perform_cluster_permutation_test:338] -   Significant Cluster #519: p-value = 0.0117. Mask shape: (801,), Num True points: 1
2025-06-30 13:12:16,211 - INFO - utils.stats_utils - [perform_cluster_permutation_test:338] -   Significant Cluster #520: p-value = 0.0117. Mask shape: (801,), Num True points: 1
2025-06-30 13:12:16,211 - INFO - utils.stats_utils - [perform_cluster_permutation_test:338] -   Significant Cluster #521: p-value = 0.0078. Mask shape: (801,), Num True points: 1
2025-06-30 13:12:16,212 - INFO - utils.stats_utils - [perform_cluster_permutation_test:338] -   Significant Cluster #522: p-value = 0.0078. Mask shape: (801,), Num True points: 1
2025-06-30 13:12:16,212 - INFO - utils.stats_utils - [perform_cluster_permutation_test:338] -   Significant Cluster #523: p-value = 0.0059. Mask shape: (801,), Num True points: 1
2025-06-30 13:12:16,212 - INFO - utils.stats_utils - [perform_cluster_permutation_test:338] -   Significant Cluster #524: p-value = 0.0049. Mask shape: (801,), Num True points: 1
2025-06-30 13:12:16,212 - INFO - utils.stats_utils - [perform_cluster_permutation_test:338] -   Significant Cluster #525: p-value = 0.0117. Mask shape: (801,), Num True points: 1
2025-06-30 13:12:16,212 - INFO - utils.stats_utils - [perform_cluster_permutation_test:338] -   Significant Cluster #526: p-value = 0.0273. Mask shape: (801,), Num True points: 1
2025-06-30 13:12:16,212 - INFO - utils.stats_utils - [perform_cluster_permutation_test:338] -   Significant Cluster #527: p-value = 0.0205. Mask shape: (801,), Num True points: 1
2025-06-30 13:12:16,212 - INFO - utils.stats_utils - [perform_cluster_permutation_test:338] -   Significant Cluster #528: p-value = 0.0342. Mask shape: (801,), Num True points: 1
2025-06-30 13:12:16,212 - INFO - utils.stats_utils - [perform_cluster_permutation_test:338] -   Significant Cluster #529: p-value = 0.0156. Mask shape: (801,), Num True points: 1
2025-06-30 13:12:16,212 - INFO - utils.stats_utils - [perform_cluster_permutation_test:338] -   Significant Cluster #530: p-value = 0.0117. Mask shape: (801,), Num True points: 1
2025-06-30 13:12:16,212 - INFO - utils.stats_utils - [perform_cluster_permutation_test:338] -   Significant Cluster #531: p-value = 0.0186. Mask shape: (801,), Num True points: 1
2025-06-30 13:12:16,212 - INFO - utils.stats_utils - [perform_cluster_permutation_test:338] -   Significant Cluster #532: p-value = 0.0293. Mask shape: (801,), Num True points: 1
2025-06-30 13:12:16,213 - INFO - utils.stats_utils - [perform_cluster_permutation_test:338] -   Significant Cluster #537: p-value = 0.0381. Mask shape: (801,), Num True points: 1
2025-06-30 13:12:16,213 - INFO - utils.stats_utils - [perform_cluster_permutation_test:338] -   Significant Cluster #538: p-value = 0.0244. Mask shape: (801,), Num True points: 1
2025-06-30 13:12:16,213 - INFO - utils.stats_utils - [perform_cluster_permutation_test:338] -   Significant Cluster #539: p-value = 0.0088. Mask shape: (801,), Num True points: 1
2025-06-30 13:12:16,213 - INFO - utils.stats_utils - [perform_cluster_permutation_test:338] -   Significant Cluster #540: p-value = 0.0078. Mask shape: (801,), Num True points: 1
2025-06-30 13:12:16,213 - INFO - utils.stats_utils - [perform_cluster_permutation_test:338] -   Significant Cluster #541: p-value = 0.0088. Mask shape: (801,), Num True points: 1
2025-06-30 13:12:16,213 - INFO - utils.stats_utils - [perform_cluster_permutation_test:338] -   Significant Cluster #542: p-value = 0.0186. Mask shape: (801,), Num True points: 1
2025-06-30 13:12:16,213 - INFO - utils.stats_utils - [perform_cluster_permutation_test:338] -   Significant Cluster #544: p-value = 0.0293. Mask shape: (801,), Num True points: 1
2025-06-30 13:12:16,213 - INFO - utils.stats_utils - [perform_cluster_permutation_test:338] -   Significant Cluster #545: p-value = 0.0498. Mask shape: (801,), Num True points: 1
2025-06-30 13:12:16,213 - INFO - utils.stats_utils - [perform_cluster_permutation_test:338] -   Significant Cluster #546: p-value = 0.0342. Mask shape: (801,), Num True points: 1
2025-06-30 13:12:16,213 - INFO - utils.stats_utils - [perform_cluster_permutation_test:338] -   Significant Cluster #547: p-value = 0.0186. Mask shape: (801,), Num True points: 1
2025-06-30 13:12:16,214 - INFO - utils.stats_utils - [perform_cluster_permutation_test:338] -   Significant Cluster #548: p-value = 0.0381. Mask shape: (801,), Num True points: 1
2025-06-30 13:12:16,214 - INFO - utils.stats_utils - [perform_cluster_permutation_test:338] -   Significant Cluster #550: p-value = 0.0273. Mask shape: (801,), Num True points: 1
2025-06-30 13:12:16,214 - INFO - utils.stats_utils - [perform_cluster_permutation_test:338] -   Significant Cluster #551: p-value = 0.0361. Mask shape: (801,), Num True points: 1
2025-06-30 13:12:16,214 - INFO - utils.stats_utils - [perform_cluster_permutation_test:338] -   Significant Cluster #553: p-value = 0.0361. Mask shape: (801,), Num True points: 1
2025-06-30 13:12:16,221 - INFO - utils.stats_utils - [perform_pointwise_fdr_correction_on_scores:439] - Performing pointwise wilcoxon with FDR correction. Data shape for test (obs, features if any): (10, 641601)
2025-06-30 13:12:16,221 - INFO - utils.stats_utils - [perform_pointwise_fdr_correction_on_scores:443] -   Parameters: chance=0.5, alpha=0.05, test_type='wilcoxon', FDR_method='indep', alternative='greater'
2025-06-30 13:23:37,709 - INFO - utils.stats_utils - [perform_pointwise_fdr_correction_on_scores:714] - FDR correction completed. 0 point(s) found significant (p_fdr < 0.05).
2025-06-30 13:23:37,712 - INFO - Baking_EEG._4_decoding_core - [run_temporal_decoding_analysis:544] - Intra-fold Cluster Permutation for TGM is SKIPPED.
2025-06-30 13:23:37,715 - INFO - examples.run_decoding_one_lg - [execute_single_subject_lg_decoding:465] -   Specific LG task 'Global Standard: Local Standard vs Local Deviant' for TJR7: Peak AUC = 0.752
2025-06-30 13:23:37,761 - INFO - Baking_EEG._4_decoding_core - [run_temporal_decoding_analysis:68] - --- Temporal Ddcoding Analysis ---
2025-06-30 13:23:37,761 - INFO - Baking_EEG._4_decoding_core - [run_temporal_decoding_analysis:69] - Clf: svc, GS: False, CSP (temporal): False, ANOVA FS (temporal): True
2025-06-30 13:23:37,762 - INFO - base.base_decoding - [_build_standard_classifier_pipeline:57] - Pipeline à hyperparamètres fixes: type='svc', CSP: False, ANOVA FS: True
2025-06-30 13:23:37,763 - INFO - base.base_decoding - [_build_standard_classifier_pipeline:68] - DEBUG: add_csp_step type=bool, value=False, bool()=False
2025-06-30 13:23:37,763 - INFO - base.base_decoding - [_build_standard_classifier_pipeline:91] -    Étape ANOVA FS 'anova_feature_selection' ajoutée (percentile fixe=15).
2025-06-30 13:23:37,763 - INFO - base.base_decoding - [_build_standard_classifier_pipeline:123] - Structure finale du pipeline: ['scaler', 'anova_feature_selection', 'svc_classifier']
2025-06-30 13:23:37,763 - INFO - base.base_decoding - [_build_standard_classifier_pipeline:57] - Pipeline à hyperparamètres fixes: type='svc', CSP: False, ANOVA FS: False
2025-06-30 13:23:37,763 - INFO - base.base_decoding - [_build_standard_classifier_pipeline:68] - DEBUG: add_csp_step type=bool, value=False, bool()=False
2025-06-30 13:23:37,763 - INFO - base.base_decoding - [_build_standard_classifier_pipeline:123] - Structure finale du pipeline: ['scaler', 'svc_classifier']
2025-06-30 13:23:37,763 - INFO - Baking_EEG._4_decoding_core - [run_temporal_decoding_analysis:246] - CV strategy: StratifiedKFold with 10 splits.
2025-06-30 13:23:37,763 - INFO - Baking_EEG._4_decoding_core - [run_temporal_decoding_analysis:258] - Sample weights: Auto-calculated per fold (recommended for StratifiedKFold).
2025-06-30 13:23:37,781 - INFO - Baking_EEG._4_decoding_core - [run_temporal_decoding_analysis:294] - MNE Estimators: Using fold-specific balancing via class_weight='balanced' (if supported by classifier).
2025-06-30 13:23:37,781 - INFO - Baking_EEG._4_decoding_core - [run_temporal_decoding_analysis:310] - Starting 1D temporal decoding (SlidingEstimator)...
2025-06-30 13:23:54,159 - INFO - Baking_EEG._4_decoding_core - [run_temporal_decoding_analysis:338] - 1D temporal decoding done. Peak mean AUC: 0.781
2025-06-30 13:23:54,159 - INFO - Baking_EEG._4_decoding_core - [run_temporal_decoding_analysis:346] - Starting TGM computation (GeneralizingEstimator)...
2025-06-30 14:15:15,640 - INFO - Baking_EEG._4_decoding_core - [run_temporal_decoding_analysis:373] - TGM computation done. Peak mean TGM AUC: 0.792
2025-06-30 14:15:15,641 - INFO - Baking_EEG._4_decoding_core - [run_temporal_decoding_analysis:382] - Starting global decoding (n_jobs_folds=40)...
2025-06-30 14:15:26,711 - INFO - Baking_EEG._4_decoding_core - [run_temporal_decoding_analysis:439] - Global decoding done. Mean CV AUC: 0.756 +/- 0.104
2025-06-30 14:15:26,727 - INFO - Baking_EEG._4_decoding_core - [run_temporal_decoding_analysis:478] -   Overall global metrics (aggregated): {'roc_auc': '0.740', 'accuracy': '0.720', 'precision': '0.667', 'recall': '0.596', 'f1_score': '0.629', 'balanced_accuracy': '0.699'}
2025-06-30 14:15:26,728 - INFO - utils.stats_utils - [perform_pointwise_fdr_correction_on_scores:439] - Performing pointwise wilcoxon with FDR correction. Data shape for test (obs, features if any): (10, 801)
2025-06-30 14:15:26,728 - INFO - utils.stats_utils - [perform_pointwise_fdr_correction_on_scores:443] -   Parameters: chance=0.5, alpha=0.05, test_type='wilcoxon', FDR_method='indep', alternative='greater'
2025-06-30 14:15:27,597 - INFO - utils.stats_utils - [perform_pointwise_fdr_correction_on_scores:714] - FDR correction completed. 33 point(s) found significant (p_fdr < 0.05).
2025-06-30 14:15:27,597 - INFO - utils.stats_utils - [perform_cluster_permutation_test:195] - Executing cluster-based permutation test. Data shape (obs, features...): (10, 801)
2025-06-30 14:15:27,597 - INFO - utils.stats_utils - [perform_cluster_permutation_test:199] -   Parameters: n_permutations=1024, threshold_config={'start': 0.1, 'step': 0.1}, alternative='greater' (MNE tail=1), n_jobs=-1
2025-06-30 14:15:27,597 - INFO - utils.stats_utils - [perform_cluster_permutation_test:210] -   Using MNE's default stat_fun (ttest_1samp_no_p) for permutation test.
2025-06-30 14:15:27,597 - INFO - utils.stats_utils - [perform_cluster_permutation_test:242] -   Input data is 2D (features). MNE will use default temporal connectivity inference if applicable.
stat_fun(H1): min=-7.189341 max=7.235202
Running initial clustering …
Using 72 thresholds from 0.10 to 7.20 for TFCE computation (h_power=2.00, e_power=0.50)
Found 801 clusters
2025-06-30 14:15:30,214 - INFO - utils.stats_utils - [perform_cluster_permutation_test:314] - Cluster permutation test completed. 801 initial clusters found (after processing slices).
2025-06-30 14:15:30,215 - INFO - utils.stats_utils - [perform_cluster_permutation_test:338] -   Significant Cluster #450: p-value = 0.0264. Mask shape: (801,), Num True points: 1
2025-06-30 14:15:30,215 - INFO - utils.stats_utils - [perform_cluster_permutation_test:338] -   Significant Cluster #476: p-value = 0.0312. Mask shape: (801,), Num True points: 1
2025-06-30 14:15:30,224 - INFO - utils.stats_utils - [perform_pointwise_fdr_correction_on_scores:439] - Performing pointwise wilcoxon with FDR correction. Data shape for test (obs, features if any): (10, 641601)
2025-06-30 14:15:30,224 - INFO - utils.stats_utils - [perform_pointwise_fdr_correction_on_scores:443] -   Parameters: chance=0.5, alpha=0.05, test_type='wilcoxon', FDR_method='indep', alternative='greater'
2025-06-30 14:27:06,562 - INFO - utils.stats_utils - [perform_pointwise_fdr_correction_on_scores:714] - FDR correction completed. 0 point(s) found significant (p_fdr < 0.05).
2025-06-30 14:27:06,564 - INFO - Baking_EEG._4_decoding_core - [run_temporal_decoding_analysis:544] - Intra-fold Cluster Permutation for TGM is SKIPPED.
2025-06-30 14:27:06,566 - INFO - examples.run_decoding_one_lg - [execute_single_subject_lg_decoding:465] -   Specific LG task 'Global Deviant: Local Standard vs Local Deviant' for TJR7: Peak AUC = 0.781
2025-06-30 14:27:06,567 - INFO - examples.run_decoding_one_lg - [execute_single_subject_lg_decoding:480] -   --- Specific LG Comparisons for TJR7 DONE ---
2025-06-30 14:27:06,567 - INFO - examples.run_decoding_one_lg - [execute_single_subject_lg_decoding:487] -   --- 3. Stats on stack of Specific LG Curves for TJR7 ---
2025-06-30 14:27:06,568 - INFO - utils.stats_utils - [perform_pointwise_fdr_correction_on_scores:439] - Performing pointwise wilcoxon with FDR correction. Data shape for test (obs, features if any): (4, 801)
2025-06-30 14:27:06,568 - INFO - utils.stats_utils - [perform_pointwise_fdr_correction_on_scores:443] -   Parameters: chance=0.5, alpha=0.05, test_type='wilcoxon', FDR_method='indep', alternative='greater'
2025-06-30 14:27:07,343 - INFO - utils.stats_utils - [perform_pointwise_fdr_correction_on_scores:714] - FDR correction completed. 0 point(s) found significant (p_fdr < 0.05).
2025-06-30 14:27:07,343 - INFO - utils.stats_utils - [perform_cluster_permutation_test:195] - Executing cluster-based permutation test. Data shape (obs, features...): (4, 801)
2025-06-30 14:27:07,343 - INFO - utils.stats_utils - [perform_cluster_permutation_test:199] -   Parameters: n_permutations=1024, threshold_config={'start': 0.1, 'step': 0.1}, alternative='greater' (MNE tail=1), n_jobs=40
2025-06-30 14:27:07,343 - INFO - utils.stats_utils - [perform_cluster_permutation_test:210] -   Using MNE's default stat_fun (ttest_1samp_no_p) for permutation test.
2025-06-30 14:27:07,343 - INFO - utils.stats_utils - [perform_cluster_permutation_test:242] -   Input data is 2D (features). MNE will use default temporal connectivity inference if applicable.
stat_fun(H1): min=-3.254947 max=18.861299
Running initial clustering …
Using 188 thresholds from 0.10 to 18.80 for TFCE computation (h_power=2.00, e_power=0.50)
Found 801 clusters
2025-06-30 14:27:10,313 - INFO - utils.stats_utils - [perform_cluster_permutation_test:314] - Cluster permutation test completed. 801 initial clusters found (after processing slices).
2025-06-30 14:27:10,313 - INFO - utils.stats_utils - [perform_cluster_permutation_test:344] - No clusters found to be statistically significant (p < 0.05).
2025-06-30 14:27:10,314 - INFO - examples.run_decoding_one_lg - [execute_single_subject_lg_decoding:551] -   --- Stats on stack of Specific LG Curves for TJR7 DONE ---
2025-06-30 14:27:10,318 - INFO - utils.utils - [setup_analysis_results_directory:329] - Created analysis results directory: /home/tom.balay/results/Baking_EEG_results_V12/intra_subject_lg_results/CONTROLS_DELIRIUM_LG_CONTROLS/TJR7_Single_LG_Protocol_Analysis_svc/20250630_142710
2025-06-30 14:27:10,318 - INFO - utils.utils - [setup_analysis_results_directory:337] - Organized by Group: CONTROLS, Protocol: DELIRIUM_LG_CONTROLS
2025-06-30 14:27:10,775 - INFO - examples.run_decoding_one_lg - [execute_single_subject_lg_decoding:619] - LG Results saved for subject TJR7 in /home/tom.balay/results/Baking_EEG_results_V12/intra_subject_lg_results/CONTROLS_DELIRIUM_LG_CONTROLS/TJR7_Single_LG_Protocol_Analysis_svc/20250630_142710
2025-06-30 14:27:10,775 - INFO - utils.vizualization_utils_LG - [create_subject_decoding_dashboard_plots_lg:75] - Creating LG dashboard plots for subject TJR7
2025-06-30 14:27:10,779 - INFO - utils.stats_utils - [perform_pointwise_fdr_correction_on_scores:439] - Performing pointwise wilcoxon with FDR correction. Data shape for test (obs, features if any): (10, 801)
2025-06-30 14:27:10,779 - INFO - utils.stats_utils - [perform_pointwise_fdr_correction_on_scores:443] -   Parameters: chance=0.5, alpha=0.05, test_type='wilcoxon', FDR_method='indep', alternative='greater'
2025-06-30 14:27:11,639 - INFO - utils.stats_utils - [perform_pointwise_fdr_correction_on_scores:714] - FDR correction completed. 311 point(s) found significant (p_fdr < 0.05).
2025-06-30 14:27:11,640 - INFO - utils.stats_utils - [perform_cluster_permutation_test:188] - Adjusting MNE parallelism from requested n_jobs=1 to effective_n_jobs=4 for resource management.
2025-06-30 14:27:11,640 - INFO - utils.stats_utils - [perform_cluster_permutation_test:195] - Executing cluster-based permutation test. Data shape (obs, features...): (10, 801)
2025-06-30 14:27:11,640 - INFO - utils.stats_utils - [perform_cluster_permutation_test:199] -   Parameters: n_permutations=1024, threshold_config={'start': 0.1, 'step': 0.1}, alternative='greater' (MNE tail=1), n_jobs=4
2025-06-30 14:27:11,640 - INFO - utils.stats_utils - [perform_cluster_permutation_test:210] -   Using MNE's default stat_fun (ttest_1samp_no_p) for permutation test.
2025-06-30 14:27:11,640 - INFO - utils.stats_utils - [perform_cluster_permutation_test:242] -   Input data is 2D (features). MNE will use default temporal connectivity inference if applicable.
stat_fun(H1): min=-5.272350 max=9.009702
Running initial clustering …
Using 90 thresholds from 0.10 to 9.00 for TFCE computation (h_power=2.00, e_power=0.50)
Found 801 clusters
2025-06-30 14:27:18,827 - INFO - utils.stats_utils - [perform_cluster_permutation_test:314] - Cluster permutation test completed. 801 initial clusters found (after processing slices).
2025-06-30 14:27:18,828 - INFO - utils.stats_utils - [perform_cluster_permutation_test:338] -   Significant Cluster #501: p-value = 0.0488. Mask shape: (801,), Num True points: 1
2025-06-30 14:27:18,828 - INFO - utils.stats_utils - [perform_cluster_permutation_test:338] -   Significant Cluster #502: p-value = 0.0303. Mask shape: (801,), Num True points: 1
2025-06-30 14:27:18,828 - INFO - utils.stats_utils - [perform_cluster_permutation_test:338] -   Significant Cluster #503: p-value = 0.0078. Mask shape: (801,), Num True points: 1
2025-06-30 14:27:18,828 - INFO - utils.stats_utils - [perform_cluster_permutation_test:338] -   Significant Cluster #504: p-value = 0.0137. Mask shape: (801,), Num True points: 1
2025-06-30 14:27:18,829 - INFO - utils.stats_utils - [perform_cluster_permutation_test:338] -   Significant Cluster #505: p-value = 0.0117. Mask shape: (801,), Num True points: 1
2025-06-30 14:27:18,829 - INFO - utils.stats_utils - [perform_cluster_permutation_test:338] -   Significant Cluster #506: p-value = 0.0303. Mask shape: (801,), Num True points: 1
2025-06-30 14:27:18,829 - INFO - utils.stats_utils - [perform_cluster_permutation_test:338] -   Significant Cluster #509: p-value = 0.0449. Mask shape: (801,), Num True points: 1
2025-06-30 14:27:18,829 - INFO - utils.stats_utils - [perform_cluster_permutation_test:338] -   Significant Cluster #510: p-value = 0.0146. Mask shape: (801,), Num True points: 1
2025-06-30 14:27:18,829 - INFO - utils.stats_utils - [perform_cluster_permutation_test:338] -   Significant Cluster #511: p-value = 0.0273. Mask shape: (801,), Num True points: 1
2025-06-30 14:27:18,829 - INFO - utils.stats_utils - [perform_cluster_permutation_test:338] -   Significant Cluster #535: p-value = 0.0283. Mask shape: (801,), Num True points: 1
2025-06-30 14:27:18,829 - INFO - utils.stats_utils - [perform_cluster_permutation_test:338] -   Significant Cluster #536: p-value = 0.0400. Mask shape: (801,), Num True points: 1
2025-06-30 14:27:18,829 - INFO - utils.stats_utils - [perform_cluster_permutation_test:338] -   Significant Cluster #558: p-value = 0.0400. Mask shape: (801,), Num True points: 1
2025-06-30 14:27:18,829 - INFO - utils.stats_utils - [perform_cluster_permutation_test:338] -   Significant Cluster #559: p-value = 0.0332. Mask shape: (801,), Num True points: 1
2025-06-30 14:27:18,830 - INFO - utils.stats_utils - [perform_cluster_permutation_test:338] -   Significant Cluster #560: p-value = 0.0254. Mask shape: (801,), Num True points: 1
2025-06-30 14:27:18,830 - INFO - utils.stats_utils - [perform_cluster_permutation_test:338] -   Significant Cluster #561: p-value = 0.0146. Mask shape: (801,), Num True points: 1
2025-06-30 14:27:18,830 - INFO - utils.stats_utils - [perform_cluster_permutation_test:338] -   Significant Cluster #565: p-value = 0.0303. Mask shape: (801,), Num True points: 1
2025-06-30 14:27:18,830 - INFO - utils.stats_utils - [perform_cluster_permutation_test:338] -   Significant Cluster #567: p-value = 0.0488. Mask shape: (801,), Num True points: 1
2025-06-30 14:27:18,830 - INFO - utils.stats_utils - [perform_cluster_permutation_test:338] -   Significant Cluster #608: p-value = 0.0400. Mask shape: (801,), Num True points: 1
2025-06-30 14:27:18,830 - INFO - utils.stats_utils - [perform_cluster_permutation_test:338] -   Significant Cluster #609: p-value = 0.0449. Mask shape: (801,), Num True points: 1
2025-06-30 14:27:18,830 - INFO - utils.stats_utils - [perform_cluster_permutation_test:338] -   Significant Cluster #610: p-value = 0.0146. Mask shape: (801,), Num True points: 1
2025-06-30 14:27:18,830 - INFO - utils.stats_utils - [perform_cluster_permutation_test:338] -   Significant Cluster #611: p-value = 0.0283. Mask shape: (801,), Num True points: 1
2025-06-30 14:27:18,830 - INFO - utils.stats_utils - [perform_cluster_permutation_test:338] -   Significant Cluster #613: p-value = 0.0156. Mask shape: (801,), Num True points: 1
2025-06-30 14:27:18,830 - INFO - utils.stats_utils - [perform_cluster_permutation_test:338] -   Significant Cluster #614: p-value = 0.0371. Mask shape: (801,), Num True points: 1
2025-06-30 14:27:18,830 - INFO - utils.stats_utils - [perform_cluster_permutation_test:338] -   Significant Cluster #615: p-value = 0.0371. Mask shape: (801,), Num True points: 1
2025-06-30 14:27:18,831 - INFO - utils.stats_utils - [perform_cluster_permutation_test:338] -   Significant Cluster #664: p-value = 0.0254. Mask shape: (801,), Num True points: 1
2025-06-30 14:27:18,831 - INFO - utils.stats_utils - [perform_cluster_permutation_test:338] -   Significant Cluster #665: p-value = 0.0078. Mask shape: (801,), Num True points: 1
2025-06-30 14:27:18,831 - INFO - utils.stats_utils - [perform_cluster_permutation_test:338] -   Significant Cluster #666: p-value = 0.0049. Mask shape: (801,), Num True points: 1
2025-06-30 14:27:18,831 - INFO - utils.stats_utils - [perform_cluster_permutation_test:338] -   Significant Cluster #698: p-value = 0.0254. Mask shape: (801,), Num True points: 1
2025-06-30 14:27:18,832 - INFO - utils.stats_utils - [perform_pointwise_fdr_correction_on_scores:439] - Performing pointwise wilcoxon with FDR correction. Data shape for test (obs, features if any): (10, 801)
2025-06-30 14:27:18,832 - INFO - utils.stats_utils - [perform_pointwise_fdr_correction_on_scores:443] -   Parameters: chance=0.5, alpha=0.05, test_type='wilcoxon', FDR_method='indep', alternative='greater'
2025-06-30 14:27:19,705 - INFO - utils.stats_utils - [perform_pointwise_fdr_correction_on_scores:714] - FDR correction completed. 0 point(s) found significant (p_fdr < 0.05).
2025-06-30 14:27:19,705 - INFO - utils.stats_utils - [perform_cluster_permutation_test:188] - Adjusting MNE parallelism from requested n_jobs=1 to effective_n_jobs=4 for resource management.
2025-06-30 14:27:19,705 - INFO - utils.stats_utils - [perform_cluster_permutation_test:195] - Executing cluster-based permutation test. Data shape (obs, features...): (10, 801)
2025-06-30 14:27:19,705 - INFO - utils.stats_utils - [perform_cluster_permutation_test:199] -   Parameters: n_permutations=1024, threshold_config={'start': 0.1, 'step': 0.1}, alternative='greater' (MNE tail=1), n_jobs=4
2025-06-30 14:27:19,705 - INFO - utils.stats_utils - [perform_cluster_permutation_test:210] -   Using MNE's default stat_fun (ttest_1samp_no_p) for permutation test.
2025-06-30 14:27:19,705 - INFO - utils.stats_utils - [perform_cluster_permutation_test:242] -   Input data is 2D (features). MNE will use default temporal connectivity inference if applicable.
stat_fun(H1): min=-3.723620 max=7.632748
Running initial clustering …
Using 76 thresholds from 0.10 to 7.60 for TFCE computation (h_power=2.00, e_power=0.50)
Found 801 clusters
2025-06-30 14:27:25,315 - INFO - utils.stats_utils - [perform_cluster_permutation_test:314] - Cluster permutation test completed. 801 initial clusters found (after processing slices).
2025-06-30 14:27:25,315 - INFO - utils.stats_utils - [perform_cluster_permutation_test:338] -   Significant Cluster #63: p-value = 0.0088. Mask shape: (801,), Num True points: 1
2025-06-30 14:27:25,317 - INFO - utils.stats_utils - [perform_pointwise_fdr_correction_on_scores:439] - Performing pointwise wilcoxon with FDR correction. Data shape for test (obs, features if any): (10, 801)
2025-06-30 14:27:25,317 - INFO - utils.stats_utils - [perform_pointwise_fdr_correction_on_scores:443] -   Parameters: chance=0.5, alpha=0.05, test_type='wilcoxon', FDR_method='indep', alternative='greater'
2025-06-30 14:27:26,176 - INFO - utils.stats_utils - [perform_pointwise_fdr_correction_on_scores:714] - FDR correction completed. 169 point(s) found significant (p_fdr < 0.05).
2025-06-30 14:27:26,177 - INFO - utils.stats_utils - [perform_cluster_permutation_test:188] - Adjusting MNE parallelism from requested n_jobs=1 to effective_n_jobs=4 for resource management.
2025-06-30 14:27:26,177 - INFO - utils.stats_utils - [perform_cluster_permutation_test:195] - Executing cluster-based permutation test. Data shape (obs, features...): (10, 801)
2025-06-30 14:27:26,177 - INFO - utils.stats_utils - [perform_cluster_permutation_test:199] -   Parameters: n_permutations=1024, threshold_config={'start': 0.1, 'step': 0.1}, alternative='greater' (MNE tail=1), n_jobs=4
2025-06-30 14:27:26,177 - INFO - utils.stats_utils - [perform_cluster_permutation_test:210] -   Using MNE's default stat_fun (ttest_1samp_no_p) for permutation test.
2025-06-30 14:27:26,177 - INFO - utils.stats_utils - [perform_cluster_permutation_test:242] -   Input data is 2D (features). MNE will use default temporal connectivity inference if applicable.
stat_fun(H1): min=-6.998108 max=15.773092
Running initial clustering …
Using 157 thresholds from 0.10 to 15.70 for TFCE computation (h_power=2.00, e_power=0.50)
Found 801 clusters
2025-06-30 14:27:31,097 - INFO - utils.stats_utils - [perform_cluster_permutation_test:314] - Cluster permutation test completed. 801 initial clusters found (after processing slices).
2025-06-30 14:27:31,098 - INFO - utils.stats_utils - [perform_cluster_permutation_test:338] -   Significant Cluster #439: p-value = 0.0273. Mask shape: (801,), Num True points: 1
2025-06-30 14:27:31,098 - INFO - utils.stats_utils - [perform_cluster_permutation_test:338] -   Significant Cluster #440: p-value = 0.0039. Mask shape: (801,), Num True points: 1
2025-06-30 14:27:31,098 - INFO - utils.stats_utils - [perform_cluster_permutation_test:338] -   Significant Cluster #441: p-value = 0.0029. Mask shape: (801,), Num True points: 1
2025-06-30 14:27:31,098 - INFO - utils.stats_utils - [perform_cluster_permutation_test:338] -   Significant Cluster #442: p-value = 0.0020. Mask shape: (801,), Num True points: 1
2025-06-30 14:27:31,098 - INFO - utils.stats_utils - [perform_cluster_permutation_test:338] -   Significant Cluster #443: p-value = 0.0020. Mask shape: (801,), Num True points: 1
2025-06-30 14:27:31,098 - INFO - utils.stats_utils - [perform_cluster_permutation_test:338] -   Significant Cluster #444: p-value = 0.0020. Mask shape: (801,), Num True points: 1
2025-06-30 14:27:31,098 - INFO - utils.stats_utils - [perform_cluster_permutation_test:338] -   Significant Cluster #445: p-value = 0.0020. Mask shape: (801,), Num True points: 1
2025-06-30 14:27:31,098 - INFO - utils.stats_utils - [perform_cluster_permutation_test:338] -   Significant Cluster #446: p-value = 0.0029. Mask shape: (801,), Num True points: 1
2025-06-30 14:27:31,098 - INFO - utils.stats_utils - [perform_cluster_permutation_test:338] -   Significant Cluster #447: p-value = 0.0029. Mask shape: (801,), Num True points: 1
2025-06-30 14:27:31,098 - INFO - utils.stats_utils - [perform_cluster_permutation_test:338] -   Significant Cluster #448: p-value = 0.0020. Mask shape: (801,), Num True points: 1
2025-06-30 14:27:31,098 - INFO - utils.stats_utils - [perform_cluster_permutation_test:338] -   Significant Cluster #449: p-value = 0.0020. Mask shape: (801,), Num True points: 1
2025-06-30 14:27:31,099 - INFO - utils.stats_utils - [perform_cluster_permutation_test:338] -   Significant Cluster #450: p-value = 0.0020. Mask shape: (801,), Num True points: 1
2025-06-30 14:27:31,099 - INFO - utils.stats_utils - [perform_cluster_permutation_test:338] -   Significant Cluster #451: p-value = 0.0020. Mask shape: (801,), Num True points: 1
2025-06-30 14:27:31,099 - INFO - utils.stats_utils - [perform_cluster_permutation_test:338] -   Significant Cluster #452: p-value = 0.0020. Mask shape: (801,), Num True points: 1
2025-06-30 14:27:31,099 - INFO - utils.stats_utils - [perform_cluster_permutation_test:338] -   Significant Cluster #453: p-value = 0.0020. Mask shape: (801,), Num True points: 1
2025-06-30 14:27:31,099 - INFO - utils.stats_utils - [perform_cluster_permutation_test:338] -   Significant Cluster #454: p-value = 0.0020. Mask shape: (801,), Num True points: 1
2025-06-30 14:27:31,099 - INFO - utils.stats_utils - [perform_cluster_permutation_test:338] -   Significant Cluster #455: p-value = 0.0020. Mask shape: (801,), Num True points: 1
2025-06-30 14:27:31,099 - INFO - utils.stats_utils - [perform_cluster_permutation_test:338] -   Significant Cluster #456: p-value = 0.0029. Mask shape: (801,), Num True points: 1
2025-06-30 14:27:31,099 - INFO - utils.stats_utils - [perform_cluster_permutation_test:338] -   Significant Cluster #457: p-value = 0.0078. Mask shape: (801,), Num True points: 1
2025-06-30 14:27:31,099 - INFO - utils.stats_utils - [perform_cluster_permutation_test:338] -   Significant Cluster #458: p-value = 0.0059. Mask shape: (801,), Num True points: 1
2025-06-30 14:27:31,099 - INFO - utils.stats_utils - [perform_cluster_permutation_test:338] -   Significant Cluster #459: p-value = 0.0088. Mask shape: (801,), Num True points: 1
2025-06-30 14:27:31,100 - INFO - utils.stats_utils - [perform_cluster_permutation_test:338] -   Significant Cluster #460: p-value = 0.0205. Mask shape: (801,), Num True points: 1
2025-06-30 14:27:31,100 - INFO - utils.stats_utils - [perform_cluster_permutation_test:338] -   Significant Cluster #461: p-value = 0.0156. Mask shape: (801,), Num True points: 1
2025-06-30 14:27:31,100 - INFO - utils.stats_utils - [perform_cluster_permutation_test:338] -   Significant Cluster #462: p-value = 0.0273. Mask shape: (801,), Num True points: 1
2025-06-30 14:27:31,100 - INFO - utils.stats_utils - [perform_cluster_permutation_test:338] -   Significant Cluster #463: p-value = 0.0127. Mask shape: (801,), Num True points: 1
2025-06-30 14:27:31,100 - INFO - utils.stats_utils - [perform_cluster_permutation_test:338] -   Significant Cluster #464: p-value = 0.0244. Mask shape: (801,), Num True points: 1
2025-06-30 14:27:31,100 - INFO - utils.stats_utils - [perform_cluster_permutation_test:338] -   Significant Cluster #466: p-value = 0.0498. Mask shape: (801,), Num True points: 1
2025-06-30 14:27:31,100 - INFO - utils.stats_utils - [perform_cluster_permutation_test:338] -   Significant Cluster #473: p-value = 0.0381. Mask shape: (801,), Num True points: 1
2025-06-30 14:27:31,100 - INFO - utils.stats_utils - [perform_cluster_permutation_test:338] -   Significant Cluster #496: p-value = 0.0273. Mask shape: (801,), Num True points: 1
2025-06-30 14:27:31,100 - INFO - utils.stats_utils - [perform_cluster_permutation_test:338] -   Significant Cluster #497: p-value = 0.0156. Mask shape: (801,), Num True points: 1
2025-06-30 14:27:31,100 - INFO - utils.stats_utils - [perform_cluster_permutation_test:338] -   Significant Cluster #498: p-value = 0.0244. Mask shape: (801,), Num True points: 1
2025-06-30 14:27:31,101 - INFO - utils.stats_utils - [perform_cluster_permutation_test:338] -   Significant Cluster #499: p-value = 0.0322. Mask shape: (801,), Num True points: 1
2025-06-30 14:27:31,101 - INFO - utils.stats_utils - [perform_cluster_permutation_test:338] -   Significant Cluster #500: p-value = 0.0088. Mask shape: (801,), Num True points: 1
2025-06-30 14:27:31,101 - INFO - utils.stats_utils - [perform_cluster_permutation_test:338] -   Significant Cluster #501: p-value = 0.0059. Mask shape: (801,), Num True points: 1
2025-06-30 14:27:31,101 - INFO - utils.stats_utils - [perform_cluster_permutation_test:338] -   Significant Cluster #502: p-value = 0.0322. Mask shape: (801,), Num True points: 1
2025-06-30 14:27:31,101 - INFO - utils.stats_utils - [perform_cluster_permutation_test:338] -   Significant Cluster #503: p-value = 0.0186. Mask shape: (801,), Num True points: 1
2025-06-30 14:27:31,101 - INFO - utils.stats_utils - [perform_cluster_permutation_test:338] -   Significant Cluster #504: p-value = 0.0361. Mask shape: (801,), Num True points: 1
2025-06-30 14:27:31,101 - INFO - utils.stats_utils - [perform_cluster_permutation_test:338] -   Significant Cluster #505: p-value = 0.0361. Mask shape: (801,), Num True points: 1
2025-06-30 14:27:31,101 - INFO - utils.stats_utils - [perform_cluster_permutation_test:338] -   Significant Cluster #518: p-value = 0.0078. Mask shape: (801,), Num True points: 1
2025-06-30 14:27:31,101 - INFO - utils.stats_utils - [perform_cluster_permutation_test:338] -   Significant Cluster #519: p-value = 0.0117. Mask shape: (801,), Num True points: 1
2025-06-30 14:27:31,101 - INFO - utils.stats_utils - [perform_cluster_permutation_test:338] -   Significant Cluster #520: p-value = 0.0117. Mask shape: (801,), Num True points: 1
2025-06-30 14:27:31,101 - INFO - utils.stats_utils - [perform_cluster_permutation_test:338] -   Significant Cluster #521: p-value = 0.0078. Mask shape: (801,), Num True points: 1
2025-06-30 14:27:31,102 - INFO - utils.stats_utils - [perform_cluster_permutation_test:338] -   Significant Cluster #522: p-value = 0.0078. Mask shape: (801,), Num True points: 1
2025-06-30 14:27:31,102 - INFO - utils.stats_utils - [perform_cluster_permutation_test:338] -   Significant Cluster #523: p-value = 0.0059. Mask shape: (801,), Num True points: 1
2025-06-30 14:27:31,102 - INFO - utils.stats_utils - [perform_cluster_permutation_test:338] -   Significant Cluster #524: p-value = 0.0049. Mask shape: (801,), Num True points: 1
2025-06-30 14:27:31,102 - INFO - utils.stats_utils - [perform_cluster_permutation_test:338] -   Significant Cluster #525: p-value = 0.0117. Mask shape: (801,), Num True points: 1
2025-06-30 14:27:31,102 - INFO - utils.stats_utils - [perform_cluster_permutation_test:338] -   Significant Cluster #526: p-value = 0.0273. Mask shape: (801,), Num True points: 1
2025-06-30 14:27:31,102 - INFO - utils.stats_utils - [perform_cluster_permutation_test:338] -   Significant Cluster #527: p-value = 0.0205. Mask shape: (801,), Num True points: 1
2025-06-30 14:27:31,102 - INFO - utils.stats_utils - [perform_cluster_permutation_test:338] -   Significant Cluster #528: p-value = 0.0342. Mask shape: (801,), Num True points: 1
2025-06-30 14:27:31,102 - INFO - utils.stats_utils - [perform_cluster_permutation_test:338] -   Significant Cluster #529: p-value = 0.0156. Mask shape: (801,), Num True points: 1
2025-06-30 14:27:31,102 - INFO - utils.stats_utils - [perform_cluster_permutation_test:338] -   Significant Cluster #530: p-value = 0.0117. Mask shape: (801,), Num True points: 1
2025-06-30 14:27:31,102 - INFO - utils.stats_utils - [perform_cluster_permutation_test:338] -   Significant Cluster #531: p-value = 0.0186. Mask shape: (801,), Num True points: 1
2025-06-30 14:27:31,102 - INFO - utils.stats_utils - [perform_cluster_permutation_test:338] -   Significant Cluster #532: p-value = 0.0293. Mask shape: (801,), Num True points: 1
2025-06-30 14:27:31,103 - INFO - utils.stats_utils - [perform_cluster_permutation_test:338] -   Significant Cluster #537: p-value = 0.0381. Mask shape: (801,), Num True points: 1
2025-06-30 14:27:31,103 - INFO - utils.stats_utils - [perform_cluster_permutation_test:338] -   Significant Cluster #538: p-value = 0.0244. Mask shape: (801,), Num True points: 1
2025-06-30 14:27:31,103 - INFO - utils.stats_utils - [perform_cluster_permutation_test:338] -   Significant Cluster #539: p-value = 0.0088. Mask shape: (801,), Num True points: 1
2025-06-30 14:27:31,103 - INFO - utils.stats_utils - [perform_cluster_permutation_test:338] -   Significant Cluster #540: p-value = 0.0078. Mask shape: (801,), Num True points: 1
2025-06-30 14:27:31,103 - INFO - utils.stats_utils - [perform_cluster_permutation_test:338] -   Significant Cluster #541: p-value = 0.0088. Mask shape: (801,), Num True points: 1
2025-06-30 14:27:31,103 - INFO - utils.stats_utils - [perform_cluster_permutation_test:338] -   Significant Cluster #542: p-value = 0.0186. Mask shape: (801,), Num True points: 1
2025-06-30 14:27:31,103 - INFO - utils.stats_utils - [perform_cluster_permutation_test:338] -   Significant Cluster #544: p-value = 0.0293. Mask shape: (801,), Num True points: 1
2025-06-30 14:27:31,103 - INFO - utils.stats_utils - [perform_cluster_permutation_test:338] -   Significant Cluster #545: p-value = 0.0498. Mask shape: (801,), Num True points: 1
2025-06-30 14:27:31,103 - INFO - utils.stats_utils - [perform_cluster_permutation_test:338] -   Significant Cluster #546: p-value = 0.0342. Mask shape: (801,), Num True points: 1
2025-06-30 14:27:31,103 - INFO - utils.stats_utils - [perform_cluster_permutation_test:338] -   Significant Cluster #547: p-value = 0.0186. Mask shape: (801,), Num True points: 1
2025-06-30 14:27:31,104 - INFO - utils.stats_utils - [perform_cluster_permutation_test:338] -   Significant Cluster #548: p-value = 0.0381. Mask shape: (801,), Num True points: 1
2025-06-30 14:27:31,104 - INFO - utils.stats_utils - [perform_cluster_permutation_test:338] -   Significant Cluster #550: p-value = 0.0273. Mask shape: (801,), Num True points: 1
2025-06-30 14:27:31,104 - INFO - utils.stats_utils - [perform_cluster_permutation_test:338] -   Significant Cluster #551: p-value = 0.0361. Mask shape: (801,), Num True points: 1
2025-06-30 14:27:31,104 - INFO - utils.stats_utils - [perform_cluster_permutation_test:338] -   Significant Cluster #553: p-value = 0.0361. Mask shape: (801,), Num True points: 1
2025-06-30 14:27:31,105 - INFO - utils.stats_utils - [perform_pointwise_fdr_correction_on_scores:439] - Performing pointwise wilcoxon with FDR correction. Data shape for test (obs, features if any): (10, 801)
2025-06-30 14:27:31,105 - INFO - utils.stats_utils - [perform_pointwise_fdr_correction_on_scores:443] -   Parameters: chance=0.5, alpha=0.05, test_type='wilcoxon', FDR_method='indep', alternative='greater'
2025-06-30 14:27:31,979 - INFO - utils.stats_utils - [perform_pointwise_fdr_correction_on_scores:714] - FDR correction completed. 33 point(s) found significant (p_fdr < 0.05).
2025-06-30 14:27:31,979 - INFO - utils.stats_utils - [perform_cluster_permutation_test:188] - Adjusting MNE parallelism from requested n_jobs=1 to effective_n_jobs=4 for resource management.
2025-06-30 14:27:31,979 - INFO - utils.stats_utils - [perform_cluster_permutation_test:195] - Executing cluster-based permutation test. Data shape (obs, features...): (10, 801)
2025-06-30 14:27:31,979 - INFO - utils.stats_utils - [perform_cluster_permutation_test:199] -   Parameters: n_permutations=1024, threshold_config={'start': 0.1, 'step': 0.1}, alternative='greater' (MNE tail=1), n_jobs=4
2025-06-30 14:27:31,979 - INFO - utils.stats_utils - [perform_cluster_permutation_test:210] -   Using MNE's default stat_fun (ttest_1samp_no_p) for permutation test.
2025-06-30 14:27:31,979 - INFO - utils.stats_utils - [perform_cluster_permutation_test:242] -   Input data is 2D (features). MNE will use default temporal connectivity inference if applicable.
stat_fun(H1): min=-7.189341 max=7.235202
Running initial clustering …
Using 72 thresholds from 0.10 to 7.20 for TFCE computation (h_power=2.00, e_power=0.50)
Found 801 clusters
2025-06-30 14:27:37,995 - INFO - utils.stats_utils - [perform_cluster_permutation_test:314] - Cluster permutation test completed. 801 initial clusters found (after processing slices).
2025-06-30 14:27:37,996 - INFO - utils.stats_utils - [perform_cluster_permutation_test:338] -   Significant Cluster #450: p-value = 0.0264. Mask shape: (801,), Num True points: 1
2025-06-30 14:27:37,996 - INFO - utils.stats_utils - [perform_cluster_permutation_test:338] -   Significant Cluster #476: p-value = 0.0312. Mask shape: (801,), Num True points: 1
2025-06-30 14:27:39,917 - INFO - utils.vizualization_utils_LG - [_create_lg_comparison_page:247] - LG comparison plot saved to: /home/tom.balay/results/Baking_EEG_results_V12/intra_subject_lg_results/CONTROLS_DELIRIUM_LG_CONTROLS/TJR7_Single_LG_Protocol_Analysis_svc/20250630_142710/lg_LD_ALL_vs_LS_ALL_TJR7_CONTROLS_DELIRIUM_svc.png
2025-06-30 14:27:41,562 - INFO - utils.vizualization_utils_LG - [_create_lg_comparison_page:247] - LG comparison plot saved to: /home/tom.balay/results/Baking_EEG_results_V12/intra_subject_lg_results/CONTROLS_DELIRIUM_LG_CONTROLS/TJR7_Single_LG_Protocol_Analysis_svc/20250630_142710/lg_GD_ALL_vs_GS_ALL_TJR7_CONTROLS_DELIRIUM_svc.png
2025-06-30 14:27:42,981 - INFO - utils.vizualization_utils_LG - [_create_lg_comparison_page:247] - LG comparison plot saved to: /home/tom.balay/results/Baking_EEG_results_V12/intra_subject_lg_results/CONTROLS_DELIRIUM_LG_CONTROLS/TJR7_Single_LG_Protocol_Analysis_svc/20250630_142710/lg_LSGS_vs_LSGD_TJR7_CONTROLS_DELIRIUM_svc.png
2025-06-30 14:27:44,627 - INFO - utils.vizualization_utils_LG - [_create_lg_comparison_page:247] - LG comparison plot saved to: /home/tom.balay/results/Baking_EEG_results_V12/intra_subject_lg_results/CONTROLS_DELIRIUM_LG_CONTROLS/TJR7_Single_LG_Protocol_Analysis_svc/20250630_142710/lg_LDGS_vs_LDGD_TJR7_CONTROLS_DELIRIUM_svc.png
2025-06-30 14:27:46,043 - INFO - utils.vizualization_utils_LG - [_create_lg_comparison_page:247] - LG comparison plot saved to: /home/tom.balay/results/Baking_EEG_results_V12/intra_subject_lg_results/CONTROLS_DELIRIUM_LG_CONTROLS/TJR7_Single_LG_Protocol_Analysis_svc/20250630_142710/lg_LSGS_vs_LDGS_TJR7_CONTROLS_DELIRIUM_svc.png
2025-06-30 14:27:47,536 - INFO - utils.vizualization_utils_LG - [_create_lg_comparison_page:247] - LG comparison plot saved to: /home/tom.balay/results/Baking_EEG_results_V12/intra_subject_lg_results/CONTROLS_DELIRIUM_LG_CONTROLS/TJR7_Single_LG_Protocol_Analysis_svc/20250630_142710/lg_LSGD_vs_LDGD_TJR7_CONTROLS_DELIRIUM_svc.png
2025-06-30 14:27:47,536 - INFO - utils.vizualization_utils_LG - [create_subject_decoding_dashboard_plots_lg:167] - LG dashboard plots creation completed for subject TJR7
2025-06-30 14:27:47,537 - INFO - examples.run_decoding_one_lg - [execute_single_subject_lg_decoding:684] - LG Dashboard plots generated for subject TJR7 in /home/tom.balay/results/Baking_EEG_results_V12/intra_subject_lg_results/CONTROLS_DELIRIUM_LG_CONTROLS/TJR7_Single_LG_Protocol_Analysis_svc/20250630_142710
2025-06-30 14:27:47,537 - INFO - examples.run_decoding_one_lg - [execute_single_subject_lg_decoding:723] - Finished processing LG for subject TJR7 (Task Set ID: Single_LG_Protocol_Analysis). Total time: 16144.98s
2025-06-30 14:27:47,547 - INFO - slurm_worker - [enhanced_decoding_task_wrapper:339] - Heure de fin: 2025-06-30 14:27:47.547602
2025-06-30 14:27:47,547 - INFO - slurm_worker - [enhanced_decoding_task_wrapper:340] - Durée d'exécution: 4:29:04.991463
2025-06-30 14:27:47,547 - INFO - slurm_worker - [enhanced_decoding_task_wrapper:341] - Type de résultat: <class 'dict'>
2025-06-30 14:27:47,548 - INFO - slurm_worker - [enhanced_decoding_task_wrapper:344] - Clés du résultat: ['subject_id', 'group', 'decoding_protocol_identifier', 'classifier_type_used', 'epochs_time_points', 'lg_main_original_labels', 'lg_main_pred_probas_global', 'lg_main_pred_labels_global', 'lg_main_cv_global_scores', 'lg_main_scores_1d_all_folds', 'lg_main_scores_1d_mean', 'lg_main_temporal_1d_fdr', 'lg_main_temporal_1d_cluster', 'lg_main_tgm_all_folds', 'lg_main_tgm_mean', 'lg_main_tgm_fdr', 'lg_main_mean_auc_global', 'lg_main_global_metrics', 'lg_specific_comparison_results', 'lg_mean_of_specific_scores_1d', 'lg_sem_of_specific_scores_1d', 'lg_mean_specific_fdr', 'lg_mean_specific_cluster', 'lg_global_effect_results', 'lg_local_effect_centric_avg_results', 'detected_protocol']
2025-06-30 14:27:47,548 - INFO - slurm_worker - [enhanced_decoding_task_wrapper:346] - ✓ EXÉCUTION TERMINÉE AVEC SUCCÈS
2025-06-30 14:27:47,548 - INFO - slurm_worker - [enhanced_decoding_task_wrapper:361] - ================================================================================
2025-06-30 14:27:47,548 - INFO - slurm_worker - [enhanced_decoding_task_wrapper:362] - === FIN DU WORKER SUBMITIT ===
2025-06-30 14:27:47,548 - INFO - slurm_worker - [enhanced_decoding_task_wrapper:363] - ================================================================================
submitit INFO (2025-06-30 14:27:47,548) - Job completed successfully
2025-06-30 14:27:47,548 - INFO - submitit - [process_job:56] - Job completed successfully
submitit INFO (2025-06-30 14:27:47,688) - Exiting after successful completion
2025-06-30 14:27:47,688 - INFO - submitit - [process_job:61] - Exiting after successful completion
