submitit INFO (2025-07-03 13:22:19,096) - Starting with JobEnvironment(job_id=357406_1, hostname=node5, local_rank=0(1), node=0(1), global_rank=0(1))
submitit INFO (2025-07-03 13:22:19,096) - Loading pickle: /home/tom.balay/Baking_EEG/submitit/logs_submitit_master/slurm_jobs_ALL_8_GROUPS_INTRA_20250703_132217/357406_1_submitted.pkl
DEBUG Worker - project_root: /home/tom.balay/Baking_EEG
DEBUG Worker - parent_dir: /home/tom.balay
DEBUG Worker - sys.path: ['/home/tom.balay', '/home/tom.balay/Baking_EEG', '/home/tom.balay/Baking_EEG/submitit']...
2025-07-03 13:22:22,860 - INFO - examples.run_decoding_one_group_pp - [<module>:39] - Tentative d'import de execute_single_subject_decoding...
2025-07-03 13:22:22,860 - INFO - examples.run_decoding_one_group_pp - [<module>:42] - ✅ Import de execute_single_subject_decoding réussi
2025-07-03 13:22:22,863 - INFO - examples.run_decoding_one_group_pp - [execute_group_intra_subject_decoding_analysis:120] - Starting intra-subject decoding loop for GROUP: CONTROLS_COMA. GS: False, CSP: False, ANOVA FS: True. n_jobs_subj: 40.
2025-07-03 13:22:22,863 - INFO - examples.run_decoding_one_group_pp - [execute_group_intra_subject_decoding_analysis:130] - 
--- Group 'CONTROLS_COMA': Processing Subject 1/25: AO05 ---
2025-07-03 13:22:22,863 - INFO - examples.run_decoding_one_pp - [execute_single_subject_decoding:258] - Starting decoding for subject: AO05 (Group: CONTROLS_COMA, Task Set ID: Group_Intra_CONTROLS_COMA_Subj_AO05, Classifier: svc, GS: False, CSP (temp): False, ANOVA FS (temp): True, n_jobs: 40)
2025-07-03 13:22:22,864 - ERROR - utils.loading_PP_utils - [load_epochs_data_for_decoding_delirium:256] - Data directory for subject 'AO05' (group: 'CONTROLS_COMA') not found. Attempted path: 'None'. Base input: '/mnt/data/tom.balay/data1/Baking_EEG_data/'.
2025-07-03 13:22:22,864 - INFO - utils.loading_PP_utils - [load_epochs_data_auto_protocol:873] - Auto-detected protocol 'unknown' for subject 'AO05' (file hint: None)
2025-07-03 13:22:22,864 - ERROR - utils.loading_PP_utils - [load_epochs_data_for_decoding_delirium:256] - Data directory for subject 'AO05' (group: 'CONTROLS_COMA') not found. Attempted path: 'None'. Base input: '/mnt/data/tom.balay/data1/Baking_EEG_data/'.
2025-07-03 13:22:22,864 - INFO - examples.run_decoding_one_pp - [execute_single_subject_decoding:274] - Detected protocol 'unknown' for subject AO05
2025-07-03 13:22:22,864 - ERROR - utils.loading_PP_utils - [load_epochs_data_for_decoding_delirium:256] - Data directory for subject 'AO05' (group: 'CONTROLS_COMA') not found. Attempted path: 'None'. Base input: '/mnt/data/tom.balay/data1/Baking_EEG_data/'.
2025-07-03 13:22:22,864 - INFO - utils.loading_PP_utils - [load_epochs_data_auto_protocol:873] - Auto-detected protocol 'unknown' for subject 'AO05' (file hint: None)
2025-07-03 13:22:22,864 - ERROR - utils.loading_PP_utils - [load_epochs_data_for_decoding_delirium:256] - Data directory for subject 'AO05' (group: 'CONTROLS_COMA') not found. Attempted path: 'None'. Base input: '/mnt/data/tom.balay/data1/Baking_EEG_data/'.
2025-07-03 13:22:22,864 - INFO - examples.run_decoding_one_pp - [execute_single_subject_decoding:291] - Using protocol-specific loading configuration for unknown: ['XPP_ALL', 'XAP_ALL', 'PP_FOR_SPECIFIC_COMPARISON', 'AP_FAMILY_1', 'AP_FAMILY_2', 'AP_FAMILY_3', 'AP_FAMILY_4', 'AP_FAMILY_5', 'AP_FAMILY_6']
2025-07-03 13:22:22,864 - INFO - examples.run_decoding_one_pp - [execute_single_subject_decoding:296] - Using loading conditions: ['XPP_ALL', 'XAP_ALL', 'PP_FOR_SPECIFIC_COMPARISON', 'AP_FAMILY_1', 'AP_FAMILY_2', 'AP_FAMILY_3', 'AP_FAMILY_4', 'AP_FAMILY_5', 'AP_FAMILY_6']
2025-07-03 13:22:22,865 - ERROR - examples.run_decoding_one_pp - [execute_single_subject_decoding:300] - Epochs object loading failed for AO05. Aborting subject.
2025-07-03 13:22:22,865 - WARNING - examples.run_decoding_one_group_pp - [execute_group_intra_subject_decoding_analysis:164] - Subject AO05 completed with errors or no valid AUC
2025-07-03 13:22:22,865 - INFO - examples.run_decoding_one_group_pp - [execute_group_intra_subject_decoding_analysis:130] - 
--- Group 'CONTROLS_COMA': Processing Subject 2/25: BT13 ---
2025-07-03 13:22:22,865 - INFO - examples.run_decoding_one_pp - [execute_single_subject_decoding:258] - Starting decoding for subject: BT13 (Group: CONTROLS_COMA, Task Set ID: Group_Intra_CONTROLS_COMA_Subj_BT13, Classifier: svc, GS: False, CSP (temp): False, ANOVA FS (temp): True, n_jobs: 40)
2025-07-03 13:22:22,865 - ERROR - utils.loading_PP_utils - [load_epochs_data_for_decoding_delirium:256] - Data directory for subject 'BT13' (group: 'CONTROLS_COMA') not found. Attempted path: 'None'. Base input: '/mnt/data/tom.balay/data1/Baking_EEG_data/'.
2025-07-03 13:22:22,865 - INFO - utils.loading_PP_utils - [load_epochs_data_auto_protocol:873] - Auto-detected protocol 'unknown' for subject 'BT13' (file hint: None)
2025-07-03 13:22:22,865 - ERROR - utils.loading_PP_utils - [load_epochs_data_for_decoding_delirium:256] - Data directory for subject 'BT13' (group: 'CONTROLS_COMA') not found. Attempted path: 'None'. Base input: '/mnt/data/tom.balay/data1/Baking_EEG_data/'.
2025-07-03 13:22:22,865 - INFO - examples.run_decoding_one_pp - [execute_single_subject_decoding:274] - Detected protocol 'unknown' for subject BT13
2025-07-03 13:22:22,866 - ERROR - utils.loading_PP_utils - [load_epochs_data_for_decoding_delirium:256] - Data directory for subject 'BT13' (group: 'CONTROLS_COMA') not found. Attempted path: 'None'. Base input: '/mnt/data/tom.balay/data1/Baking_EEG_data/'.
2025-07-03 13:22:22,866 - INFO - utils.loading_PP_utils - [load_epochs_data_auto_protocol:873] - Auto-detected protocol 'unknown' for subject 'BT13' (file hint: None)
2025-07-03 13:22:22,866 - ERROR - utils.loading_PP_utils - [load_epochs_data_for_decoding_delirium:256] - Data directory for subject 'BT13' (group: 'CONTROLS_COMA') not found. Attempted path: 'None'. Base input: '/mnt/data/tom.balay/data1/Baking_EEG_data/'.
2025-07-03 13:22:22,866 - INFO - examples.run_decoding_one_pp - [execute_single_subject_decoding:291] - Using protocol-specific loading configuration for unknown: ['XPP_ALL', 'XAP_ALL', 'PP_FOR_SPECIFIC_COMPARISON', 'AP_FAMILY_1', 'AP_FAMILY_2', 'AP_FAMILY_3', 'AP_FAMILY_4', 'AP_FAMILY_5', 'AP_FAMILY_6']
2025-07-03 13:22:22,866 - INFO - examples.run_decoding_one_pp - [execute_single_subject_decoding:296] - Using loading conditions: ['XPP_ALL', 'XAP_ALL', 'PP_FOR_SPECIFIC_COMPARISON', 'AP_FAMILY_1', 'AP_FAMILY_2', 'AP_FAMILY_3', 'AP_FAMILY_4', 'AP_FAMILY_5', 'AP_FAMILY_6']
2025-07-03 13:22:22,866 - ERROR - examples.run_decoding_one_pp - [execute_single_subject_decoding:300] - Epochs object loading failed for BT13. Aborting subject.
2025-07-03 13:22:22,866 - WARNING - examples.run_decoding_one_group_pp - [execute_group_intra_subject_decoding_analysis:164] - Subject BT13 completed with errors or no valid AUC
2025-07-03 13:22:22,866 - INFO - examples.run_decoding_one_group_pp - [execute_group_intra_subject_decoding_analysis:130] - 
--- Group 'CONTROLS_COMA': Processing Subject 3/25: HM10 ---
2025-07-03 13:22:22,866 - INFO - examples.run_decoding_one_pp - [execute_single_subject_decoding:258] - Starting decoding for subject: HM10 (Group: CONTROLS_COMA, Task Set ID: Group_Intra_CONTROLS_COMA_Subj_HM10, Classifier: svc, GS: False, CSP (temp): False, ANOVA FS (temp): True, n_jobs: 40)
2025-07-03 13:22:22,866 - ERROR - utils.loading_PP_utils - [load_epochs_data_for_decoding_delirium:256] - Data directory for subject 'HM10' (group: 'CONTROLS_COMA') not found. Attempted path: 'None'. Base input: '/mnt/data/tom.balay/data1/Baking_EEG_data/'.
2025-07-03 13:22:22,866 - INFO - utils.loading_PP_utils - [load_epochs_data_auto_protocol:873] - Auto-detected protocol 'unknown' for subject 'HM10' (file hint: None)
2025-07-03 13:22:22,867 - ERROR - utils.loading_PP_utils - [load_epochs_data_for_decoding_delirium:256] - Data directory for subject 'HM10' (group: 'CONTROLS_COMA') not found. Attempted path: 'None'. Base input: '/mnt/data/tom.balay/data1/Baking_EEG_data/'.
2025-07-03 13:22:22,867 - INFO - examples.run_decoding_one_pp - [execute_single_subject_decoding:274] - Detected protocol 'unknown' for subject HM10
2025-07-03 13:22:22,867 - ERROR - utils.loading_PP_utils - [load_epochs_data_for_decoding_delirium:256] - Data directory for subject 'HM10' (group: 'CONTROLS_COMA') not found. Attempted path: 'None'. Base input: '/mnt/data/tom.balay/data1/Baking_EEG_data/'.
2025-07-03 13:22:22,867 - INFO - utils.loading_PP_utils - [load_epochs_data_auto_protocol:873] - Auto-detected protocol 'unknown' for subject 'HM10' (file hint: None)
2025-07-03 13:22:22,867 - ERROR - utils.loading_PP_utils - [load_epochs_data_for_decoding_delirium:256] - Data directory for subject 'HM10' (group: 'CONTROLS_COMA') not found. Attempted path: 'None'. Base input: '/mnt/data/tom.balay/data1/Baking_EEG_data/'.
2025-07-03 13:22:22,867 - INFO - examples.run_decoding_one_pp - [execute_single_subject_decoding:291] - Using protocol-specific loading configuration for unknown: ['XPP_ALL', 'XAP_ALL', 'PP_FOR_SPECIFIC_COMPARISON', 'AP_FAMILY_1', 'AP_FAMILY_2', 'AP_FAMILY_3', 'AP_FAMILY_4', 'AP_FAMILY_5', 'AP_FAMILY_6']
2025-07-03 13:22:22,867 - INFO - examples.run_decoding_one_pp - [execute_single_subject_decoding:296] - Using loading conditions: ['XPP_ALL', 'XAP_ALL', 'PP_FOR_SPECIFIC_COMPARISON', 'AP_FAMILY_1', 'AP_FAMILY_2', 'AP_FAMILY_3', 'AP_FAMILY_4', 'AP_FAMILY_5', 'AP_FAMILY_6']
2025-07-03 13:22:22,867 - ERROR - examples.run_decoding_one_pp - [execute_single_subject_decoding:300] - Epochs object loading failed for HM10. Aborting subject.
2025-07-03 13:22:22,867 - WARNING - examples.run_decoding_one_group_pp - [execute_group_intra_subject_decoding_analysis:164] - Subject HM10 completed with errors or no valid AUC
2025-07-03 13:22:22,867 - INFO - examples.run_decoding_one_group_pp - [execute_group_intra_subject_decoding_analysis:130] - 
--- Group 'CONTROLS_COMA': Processing Subject 4/25: JM14 ---
2025-07-03 13:22:22,868 - INFO - examples.run_decoding_one_pp - [execute_single_subject_decoding:258] - Starting decoding for subject: JM14 (Group: CONTROLS_COMA, Task Set ID: Group_Intra_CONTROLS_COMA_Subj_JM14, Classifier: svc, GS: False, CSP (temp): False, ANOVA FS (temp): True, n_jobs: 40)
2025-07-03 13:22:22,868 - ERROR - utils.loading_PP_utils - [load_epochs_data_for_decoding_delirium:256] - Data directory for subject 'JM14' (group: 'CONTROLS_COMA') not found. Attempted path: 'None'. Base input: '/mnt/data/tom.balay/data1/Baking_EEG_data/'.
2025-07-03 13:22:22,868 - INFO - utils.loading_PP_utils - [load_epochs_data_auto_protocol:873] - Auto-detected protocol 'unknown' for subject 'JM14' (file hint: None)
2025-07-03 13:22:22,868 - ERROR - utils.loading_PP_utils - [load_epochs_data_for_decoding_delirium:256] - Data directory for subject 'JM14' (group: 'CONTROLS_COMA') not found. Attempted path: 'None'. Base input: '/mnt/data/tom.balay/data1/Baking_EEG_data/'.
2025-07-03 13:22:22,868 - INFO - examples.run_decoding_one_pp - [execute_single_subject_decoding:274] - Detected protocol 'unknown' for subject JM14
2025-07-03 13:22:22,868 - ERROR - utils.loading_PP_utils - [load_epochs_data_for_decoding_delirium:256] - Data directory for subject 'JM14' (group: 'CONTROLS_COMA') not found. Attempted path: 'None'. Base input: '/mnt/data/tom.balay/data1/Baking_EEG_data/'.
2025-07-03 13:22:22,868 - INFO - utils.loading_PP_utils - [load_epochs_data_auto_protocol:873] - Auto-detected protocol 'unknown' for subject 'JM14' (file hint: None)
2025-07-03 13:22:22,868 - ERROR - utils.loading_PP_utils - [load_epochs_data_for_decoding_delirium:256] - Data directory for subject 'JM14' (group: 'CONTROLS_COMA') not found. Attempted path: 'None'. Base input: '/mnt/data/tom.balay/data1/Baking_EEG_data/'.
2025-07-03 13:22:22,868 - INFO - examples.run_decoding_one_pp - [execute_single_subject_decoding:291] - Using protocol-specific loading configuration for unknown: ['XPP_ALL', 'XAP_ALL', 'PP_FOR_SPECIFIC_COMPARISON', 'AP_FAMILY_1', 'AP_FAMILY_2', 'AP_FAMILY_3', 'AP_FAMILY_4', 'AP_FAMILY_5', 'AP_FAMILY_6']
2025-07-03 13:22:22,868 - INFO - examples.run_decoding_one_pp - [execute_single_subject_decoding:296] - Using loading conditions: ['XPP_ALL', 'XAP_ALL', 'PP_FOR_SPECIFIC_COMPARISON', 'AP_FAMILY_1', 'AP_FAMILY_2', 'AP_FAMILY_3', 'AP_FAMILY_4', 'AP_FAMILY_5', 'AP_FAMILY_6']
2025-07-03 13:22:22,869 - ERROR - examples.run_decoding_one_pp - [execute_single_subject_decoding:300] - Epochs object loading failed for JM14. Aborting subject.
2025-07-03 13:22:22,869 - WARNING - examples.run_decoding_one_group_pp - [execute_group_intra_subject_decoding_analysis:164] - Subject JM14 completed with errors or no valid AUC
2025-07-03 13:22:22,869 - INFO - examples.run_decoding_one_group_pp - [execute_group_intra_subject_decoding_analysis:130] - 
--- Group 'CONTROLS_COMA': Processing Subject 5/25: LS07 ---
2025-07-03 13:22:22,869 - INFO - examples.run_decoding_one_pp - [execute_single_subject_decoding:258] - Starting decoding for subject: LS07 (Group: CONTROLS_COMA, Task Set ID: Group_Intra_CONTROLS_COMA_Subj_LS07, Classifier: svc, GS: False, CSP (temp): False, ANOVA FS (temp): True, n_jobs: 40)
2025-07-03 13:22:22,869 - ERROR - utils.loading_PP_utils - [load_epochs_data_for_decoding_delirium:256] - Data directory for subject 'LS07' (group: 'CONTROLS_COMA') not found. Attempted path: 'None'. Base input: '/mnt/data/tom.balay/data1/Baking_EEG_data/'.
2025-07-03 13:22:22,869 - INFO - utils.loading_PP_utils - [load_epochs_data_auto_protocol:873] - Auto-detected protocol 'unknown' for subject 'LS07' (file hint: None)
2025-07-03 13:22:22,869 - ERROR - utils.loading_PP_utils - [load_epochs_data_for_decoding_delirium:256] - Data directory for subject 'LS07' (group: 'CONTROLS_COMA') not found. Attempted path: 'None'. Base input: '/mnt/data/tom.balay/data1/Baking_EEG_data/'.
2025-07-03 13:22:22,869 - INFO - examples.run_decoding_one_pp - [execute_single_subject_decoding:274] - Detected protocol 'unknown' for subject LS07
2025-07-03 13:22:22,869 - ERROR - utils.loading_PP_utils - [load_epochs_data_for_decoding_delirium:256] - Data directory for subject 'LS07' (group: 'CONTROLS_COMA') not found. Attempted path: 'None'. Base input: '/mnt/data/tom.balay/data1/Baking_EEG_data/'.
2025-07-03 13:22:22,869 - INFO - utils.loading_PP_utils - [load_epochs_data_auto_protocol:873] - Auto-detected protocol 'unknown' for subject 'LS07' (file hint: None)
2025-07-03 13:22:22,870 - ERROR - utils.loading_PP_utils - [load_epochs_data_for_decoding_delirium:256] - Data directory for subject 'LS07' (group: 'CONTROLS_COMA') not found. Attempted path: 'None'. Base input: '/mnt/data/tom.balay/data1/Baking_EEG_data/'.
2025-07-03 13:22:22,870 - INFO - examples.run_decoding_one_pp - [execute_single_subject_decoding:291] - Using protocol-specific loading configuration for unknown: ['XPP_ALL', 'XAP_ALL', 'PP_FOR_SPECIFIC_COMPARISON', 'AP_FAMILY_1', 'AP_FAMILY_2', 'AP_FAMILY_3', 'AP_FAMILY_4', 'AP_FAMILY_5', 'AP_FAMILY_6']
2025-07-03 13:22:22,870 - INFO - examples.run_decoding_one_pp - [execute_single_subject_decoding:296] - Using loading conditions: ['XPP_ALL', 'XAP_ALL', 'PP_FOR_SPECIFIC_COMPARISON', 'AP_FAMILY_1', 'AP_FAMILY_2', 'AP_FAMILY_3', 'AP_FAMILY_4', 'AP_FAMILY_5', 'AP_FAMILY_6']
2025-07-03 13:22:22,870 - ERROR - examples.run_decoding_one_pp - [execute_single_subject_decoding:300] - Epochs object loading failed for LS07. Aborting subject.
2025-07-03 13:22:22,870 - WARNING - examples.run_decoding_one_group_pp - [execute_group_intra_subject_decoding_analysis:164] - Subject LS07 completed with errors or no valid AUC
2025-07-03 13:22:22,870 - INFO - examples.run_decoding_one_group_pp - [execute_group_intra_subject_decoding_analysis:130] - 
--- Group 'CONTROLS_COMA': Processing Subject 6/25: LT12 ---
2025-07-03 13:22:22,870 - INFO - examples.run_decoding_one_pp - [execute_single_subject_decoding:258] - Starting decoding for subject: LT12 (Group: CONTROLS_COMA, Task Set ID: Group_Intra_CONTROLS_COMA_Subj_LT12, Classifier: svc, GS: False, CSP (temp): False, ANOVA FS (temp): True, n_jobs: 40)
2025-07-03 13:22:22,870 - ERROR - utils.loading_PP_utils - [load_epochs_data_for_decoding_delirium:256] - Data directory for subject 'LT12' (group: 'CONTROLS_COMA') not found. Attempted path: 'None'. Base input: '/mnt/data/tom.balay/data1/Baking_EEG_data/'.
2025-07-03 13:22:22,870 - INFO - utils.loading_PP_utils - [load_epochs_data_auto_protocol:873] - Auto-detected protocol 'unknown' for subject 'LT12' (file hint: None)
2025-07-03 13:22:22,870 - ERROR - utils.loading_PP_utils - [load_epochs_data_for_decoding_delirium:256] - Data directory for subject 'LT12' (group: 'CONTROLS_COMA') not found. Attempted path: 'None'. Base input: '/mnt/data/tom.balay/data1/Baking_EEG_data/'.
2025-07-03 13:22:22,870 - INFO - examples.run_decoding_one_pp - [execute_single_subject_decoding:274] - Detected protocol 'unknown' for subject LT12
2025-07-03 13:22:22,871 - ERROR - utils.loading_PP_utils - [load_epochs_data_for_decoding_delirium:256] - Data directory for subject 'LT12' (group: 'CONTROLS_COMA') not found. Attempted path: 'None'. Base input: '/mnt/data/tom.balay/data1/Baking_EEG_data/'.
2025-07-03 13:22:22,871 - INFO - utils.loading_PP_utils - [load_epochs_data_auto_protocol:873] - Auto-detected protocol 'unknown' for subject 'LT12' (file hint: None)
2025-07-03 13:22:22,871 - ERROR - utils.loading_PP_utils - [load_epochs_data_for_decoding_delirium:256] - Data directory for subject 'LT12' (group: 'CONTROLS_COMA') not found. Attempted path: 'None'. Base input: '/mnt/data/tom.balay/data1/Baking_EEG_data/'.
2025-07-03 13:22:22,871 - INFO - examples.run_decoding_one_pp - [execute_single_subject_decoding:291] - Using protocol-specific loading configuration for unknown: ['XPP_ALL', 'XAP_ALL', 'PP_FOR_SPECIFIC_COMPARISON', 'AP_FAMILY_1', 'AP_FAMILY_2', 'AP_FAMILY_3', 'AP_FAMILY_4', 'AP_FAMILY_5', 'AP_FAMILY_6']
2025-07-03 13:22:22,871 - INFO - examples.run_decoding_one_pp - [execute_single_subject_decoding:296] - Using loading conditions: ['XPP_ALL', 'XAP_ALL', 'PP_FOR_SPECIFIC_COMPARISON', 'AP_FAMILY_1', 'AP_FAMILY_2', 'AP_FAMILY_3', 'AP_FAMILY_4', 'AP_FAMILY_5', 'AP_FAMILY_6']
2025-07-03 13:22:22,871 - ERROR - examples.run_decoding_one_pp - [execute_single_subject_decoding:300] - Epochs object loading failed for LT12. Aborting subject.
2025-07-03 13:22:22,871 - WARNING - examples.run_decoding_one_group_pp - [execute_group_intra_subject_decoding_analysis:164] - Subject LT12 completed with errors or no valid AUC
2025-07-03 13:22:22,871 - INFO - examples.run_decoding_one_group_pp - [execute_group_intra_subject_decoding_analysis:130] - 
--- Group 'CONTROLS_COMA': Processing Subject 7/25: PB20 ---
2025-07-03 13:22:22,871 - INFO - examples.run_decoding_one_pp - [execute_single_subject_decoding:258] - Starting decoding for subject: PB20 (Group: CONTROLS_COMA, Task Set ID: Group_Intra_CONTROLS_COMA_Subj_PB20, Classifier: svc, GS: False, CSP (temp): False, ANOVA FS (temp): True, n_jobs: 40)
2025-07-03 13:22:22,871 - ERROR - utils.loading_PP_utils - [load_epochs_data_for_decoding_delirium:256] - Data directory for subject 'PB20' (group: 'CONTROLS_COMA') not found. Attempted path: 'None'. Base input: '/mnt/data/tom.balay/data1/Baking_EEG_data/'.
2025-07-03 13:22:22,871 - INFO - utils.loading_PP_utils - [load_epochs_data_auto_protocol:873] - Auto-detected protocol 'unknown' for subject 'PB20' (file hint: None)
2025-07-03 13:22:22,872 - ERROR - utils.loading_PP_utils - [load_epochs_data_for_decoding_delirium:256] - Data directory for subject 'PB20' (group: 'CONTROLS_COMA') not found. Attempted path: 'None'. Base input: '/mnt/data/tom.balay/data1/Baking_EEG_data/'.
2025-07-03 13:22:22,872 - INFO - examples.run_decoding_one_pp - [execute_single_subject_decoding:274] - Detected protocol 'unknown' for subject PB20
2025-07-03 13:22:22,872 - ERROR - utils.loading_PP_utils - [load_epochs_data_for_decoding_delirium:256] - Data directory for subject 'PB20' (group: 'CONTROLS_COMA') not found. Attempted path: 'None'. Base input: '/mnt/data/tom.balay/data1/Baking_EEG_data/'.
2025-07-03 13:22:22,872 - INFO - utils.loading_PP_utils - [load_epochs_data_auto_protocol:873] - Auto-detected protocol 'unknown' for subject 'PB20' (file hint: None)
2025-07-03 13:22:22,872 - ERROR - utils.loading_PP_utils - [load_epochs_data_for_decoding_delirium:256] - Data directory for subject 'PB20' (group: 'CONTROLS_COMA') not found. Attempted path: 'None'. Base input: '/mnt/data/tom.balay/data1/Baking_EEG_data/'.
2025-07-03 13:22:22,872 - INFO - examples.run_decoding_one_pp - [execute_single_subject_decoding:291] - Using protocol-specific loading configuration for unknown: ['XPP_ALL', 'XAP_ALL', 'PP_FOR_SPECIFIC_COMPARISON', 'AP_FAMILY_1', 'AP_FAMILY_2', 'AP_FAMILY_3', 'AP_FAMILY_4', 'AP_FAMILY_5', 'AP_FAMILY_6']
2025-07-03 13:22:22,872 - INFO - examples.run_decoding_one_pp - [execute_single_subject_decoding:296] - Using loading conditions: ['XPP_ALL', 'XAP_ALL', 'PP_FOR_SPECIFIC_COMPARISON', 'AP_FAMILY_1', 'AP_FAMILY_2', 'AP_FAMILY_3', 'AP_FAMILY_4', 'AP_FAMILY_5', 'AP_FAMILY_6']
2025-07-03 13:22:22,872 - ERROR - examples.run_decoding_one_pp - [execute_single_subject_decoding:300] - Epochs object loading failed for PB20. Aborting subject.
2025-07-03 13:22:22,872 - WARNING - examples.run_decoding_one_group_pp - [execute_group_intra_subject_decoding_analysis:164] - Subject PB20 completed with errors or no valid AUC
2025-07-03 13:22:22,872 - INFO - examples.run_decoding_one_group_pp - [execute_group_intra_subject_decoding_analysis:130] - 
--- Group 'CONTROLS_COMA': Processing Subject 8/25: SB09 ---
2025-07-03 13:22:22,873 - INFO - examples.run_decoding_one_pp - [execute_single_subject_decoding:258] - Starting decoding for subject: SB09 (Group: CONTROLS_COMA, Task Set ID: Group_Intra_CONTROLS_COMA_Subj_SB09, Classifier: svc, GS: False, CSP (temp): False, ANOVA FS (temp): True, n_jobs: 40)
2025-07-03 13:22:22,873 - ERROR - utils.loading_PP_utils - [load_epochs_data_for_decoding_delirium:256] - Data directory for subject 'SB09' (group: 'CONTROLS_COMA') not found. Attempted path: 'None'. Base input: '/mnt/data/tom.balay/data1/Baking_EEG_data/'.
2025-07-03 13:22:22,873 - INFO - utils.loading_PP_utils - [load_epochs_data_auto_protocol:873] - Auto-detected protocol 'unknown' for subject 'SB09' (file hint: None)
2025-07-03 13:22:22,873 - ERROR - utils.loading_PP_utils - [load_epochs_data_for_decoding_delirium:256] - Data directory for subject 'SB09' (group: 'CONTROLS_COMA') not found. Attempted path: 'None'. Base input: '/mnt/data/tom.balay/data1/Baking_EEG_data/'.
2025-07-03 13:22:22,873 - INFO - examples.run_decoding_one_pp - [execute_single_subject_decoding:274] - Detected protocol 'unknown' for subject SB09
2025-07-03 13:22:22,873 - ERROR - utils.loading_PP_utils - [load_epochs_data_for_decoding_delirium:256] - Data directory for subject 'SB09' (group: 'CONTROLS_COMA') not found. Attempted path: 'None'. Base input: '/mnt/data/tom.balay/data1/Baking_EEG_data/'.
2025-07-03 13:22:22,873 - INFO - utils.loading_PP_utils - [load_epochs_data_auto_protocol:873] - Auto-detected protocol 'unknown' for subject 'SB09' (file hint: None)
2025-07-03 13:22:22,873 - ERROR - utils.loading_PP_utils - [load_epochs_data_for_decoding_delirium:256] - Data directory for subject 'SB09' (group: 'CONTROLS_COMA') not found. Attempted path: 'None'. Base input: '/mnt/data/tom.balay/data1/Baking_EEG_data/'.
2025-07-03 13:22:22,873 - INFO - examples.run_decoding_one_pp - [execute_single_subject_decoding:291] - Using protocol-specific loading configuration for unknown: ['XPP_ALL', 'XAP_ALL', 'PP_FOR_SPECIFIC_COMPARISON', 'AP_FAMILY_1', 'AP_FAMILY_2', 'AP_FAMILY_3', 'AP_FAMILY_4', 'AP_FAMILY_5', 'AP_FAMILY_6']
2025-07-03 13:22:22,873 - INFO - examples.run_decoding_one_pp - [execute_single_subject_decoding:296] - Using loading conditions: ['XPP_ALL', 'XAP_ALL', 'PP_FOR_SPECIFIC_COMPARISON', 'AP_FAMILY_1', 'AP_FAMILY_2', 'AP_FAMILY_3', 'AP_FAMILY_4', 'AP_FAMILY_5', 'AP_FAMILY_6']
2025-07-03 13:22:22,874 - ERROR - examples.run_decoding_one_pp - [execute_single_subject_decoding:300] - Epochs object loading failed for SB09. Aborting subject.
2025-07-03 13:22:22,874 - WARNING - examples.run_decoding_one_group_pp - [execute_group_intra_subject_decoding_analysis:164] - Subject SB09 completed with errors or no valid AUC
2025-07-03 13:22:22,874 - INFO - examples.run_decoding_one_group_pp - [execute_group_intra_subject_decoding_analysis:130] - 
--- Group 'CONTROLS_COMA': Processing Subject 9/25: SP03 ---
2025-07-03 13:22:22,874 - INFO - examples.run_decoding_one_pp - [execute_single_subject_decoding:258] - Starting decoding for subject: SP03 (Group: CONTROLS_COMA, Task Set ID: Group_Intra_CONTROLS_COMA_Subj_SP03, Classifier: svc, GS: False, CSP (temp): False, ANOVA FS (temp): True, n_jobs: 40)
2025-07-03 13:22:22,874 - ERROR - utils.loading_PP_utils - [load_epochs_data_for_decoding_delirium:256] - Data directory for subject 'SP03' (group: 'CONTROLS_COMA') not found. Attempted path: 'None'. Base input: '/mnt/data/tom.balay/data1/Baking_EEG_data/'.
2025-07-03 13:22:22,874 - INFO - utils.loading_PP_utils - [load_epochs_data_auto_protocol:873] - Auto-detected protocol 'unknown' for subject 'SP03' (file hint: None)
2025-07-03 13:22:22,874 - ERROR - utils.loading_PP_utils - [load_epochs_data_for_decoding_delirium:256] - Data directory for subject 'SP03' (group: 'CONTROLS_COMA') not found. Attempted path: 'None'. Base input: '/mnt/data/tom.balay/data1/Baking_EEG_data/'.
2025-07-03 13:22:22,874 - INFO - examples.run_decoding_one_pp - [execute_single_subject_decoding:274] - Detected protocol 'unknown' for subject SP03
2025-07-03 13:22:22,874 - ERROR - utils.loading_PP_utils - [load_epochs_data_for_decoding_delirium:256] - Data directory for subject 'SP03' (group: 'CONTROLS_COMA') not found. Attempted path: 'None'. Base input: '/mnt/data/tom.balay/data1/Baking_EEG_data/'.
2025-07-03 13:22:22,874 - INFO - utils.loading_PP_utils - [load_epochs_data_auto_protocol:873] - Auto-detected protocol 'unknown' for subject 'SP03' (file hint: None)
2025-07-03 13:22:22,874 - ERROR - utils.loading_PP_utils - [load_epochs_data_for_decoding_delirium:256] - Data directory for subject 'SP03' (group: 'CONTROLS_COMA') not found. Attempted path: 'None'. Base input: '/mnt/data/tom.balay/data1/Baking_EEG_data/'.
2025-07-03 13:22:22,875 - INFO - examples.run_decoding_one_pp - [execute_single_subject_decoding:291] - Using protocol-specific loading configuration for unknown: ['XPP_ALL', 'XAP_ALL', 'PP_FOR_SPECIFIC_COMPARISON', 'AP_FAMILY_1', 'AP_FAMILY_2', 'AP_FAMILY_3', 'AP_FAMILY_4', 'AP_FAMILY_5', 'AP_FAMILY_6']
2025-07-03 13:22:22,875 - INFO - examples.run_decoding_one_pp - [execute_single_subject_decoding:296] - Using loading conditions: ['XPP_ALL', 'XAP_ALL', 'PP_FOR_SPECIFIC_COMPARISON', 'AP_FAMILY_1', 'AP_FAMILY_2', 'AP_FAMILY_3', 'AP_FAMILY_4', 'AP_FAMILY_5', 'AP_FAMILY_6']
2025-07-03 13:22:22,875 - ERROR - examples.run_decoding_one_pp - [execute_single_subject_decoding:300] - Epochs object loading failed for SP03. Aborting subject.
2025-07-03 13:22:22,875 - WARNING - examples.run_decoding_one_group_pp - [execute_group_intra_subject_decoding_analysis:164] - Subject SP03 completed with errors or no valid AUC
2025-07-03 13:22:22,875 - INFO - examples.run_decoding_one_group_pp - [execute_group_intra_subject_decoding_analysis:130] - 
--- Group 'CONTROLS_COMA': Processing Subject 10/25: TAK7 ---
2025-07-03 13:22:22,875 - INFO - examples.run_decoding_one_pp - [execute_single_subject_decoding:258] - Starting decoding for subject: TAK7 (Group: CONTROLS_COMA, Task Set ID: Group_Intra_CONTROLS_COMA_Subj_TAK7, Classifier: svc, GS: False, CSP (temp): False, ANOVA FS (temp): True, n_jobs: 40)
2025-07-03 13:22:22,875 - ERROR - utils.loading_PP_utils - [load_epochs_data_for_decoding_delirium:256] - Data directory for subject 'TAK7' (group: 'CONTROLS_COMA') not found. Attempted path: 'None'. Base input: '/mnt/data/tom.balay/data1/Baking_EEG_data/'.
2025-07-03 13:22:22,875 - INFO - utils.loading_PP_utils - [load_epochs_data_auto_protocol:873] - Auto-detected protocol 'unknown' for subject 'TAK7' (file hint: None)
2025-07-03 13:22:22,875 - ERROR - utils.loading_PP_utils - [load_epochs_data_for_decoding_delirium:256] - Data directory for subject 'TAK7' (group: 'CONTROLS_COMA') not found. Attempted path: 'None'. Base input: '/mnt/data/tom.balay/data1/Baking_EEG_data/'.
2025-07-03 13:22:22,875 - INFO - examples.run_decoding_one_pp - [execute_single_subject_decoding:274] - Detected protocol 'unknown' for subject TAK7
2025-07-03 13:22:22,875 - ERROR - utils.loading_PP_utils - [load_epochs_data_for_decoding_delirium:256] - Data directory for subject 'TAK7' (group: 'CONTROLS_COMA') not found. Attempted path: 'None'. Base input: '/mnt/data/tom.balay/data1/Baking_EEG_data/'.
2025-07-03 13:22:22,876 - INFO - utils.loading_PP_utils - [load_epochs_data_auto_protocol:873] - Auto-detected protocol 'unknown' for subject 'TAK7' (file hint: None)
2025-07-03 13:22:22,876 - ERROR - utils.loading_PP_utils - [load_epochs_data_for_decoding_delirium:256] - Data directory for subject 'TAK7' (group: 'CONTROLS_COMA') not found. Attempted path: 'None'. Base input: '/mnt/data/tom.balay/data1/Baking_EEG_data/'.
2025-07-03 13:22:22,876 - INFO - examples.run_decoding_one_pp - [execute_single_subject_decoding:291] - Using protocol-specific loading configuration for unknown: ['XPP_ALL', 'XAP_ALL', 'PP_FOR_SPECIFIC_COMPARISON', 'AP_FAMILY_1', 'AP_FAMILY_2', 'AP_FAMILY_3', 'AP_FAMILY_4', 'AP_FAMILY_5', 'AP_FAMILY_6']
2025-07-03 13:22:22,876 - INFO - examples.run_decoding_one_pp - [execute_single_subject_decoding:296] - Using loading conditions: ['XPP_ALL', 'XAP_ALL', 'PP_FOR_SPECIFIC_COMPARISON', 'AP_FAMILY_1', 'AP_FAMILY_2', 'AP_FAMILY_3', 'AP_FAMILY_4', 'AP_FAMILY_5', 'AP_FAMILY_6']
2025-07-03 13:22:22,876 - ERROR - examples.run_decoding_one_pp - [execute_single_subject_decoding:300] - Epochs object loading failed for TAK7. Aborting subject.
2025-07-03 13:22:22,876 - WARNING - examples.run_decoding_one_group_pp - [execute_group_intra_subject_decoding_analysis:164] - Subject TAK7 completed with errors or no valid AUC
2025-07-03 13:22:22,876 - INFO - examples.run_decoding_one_group_pp - [execute_group_intra_subject_decoding_analysis:130] - 
--- Group 'CONTROLS_COMA': Processing Subject 11/25: TCG5 ---
2025-07-03 13:22:22,876 - INFO - examples.run_decoding_one_pp - [execute_single_subject_decoding:258] - Starting decoding for subject: TCG5 (Group: CONTROLS_COMA, Task Set ID: Group_Intra_CONTROLS_COMA_Subj_TCG5, Classifier: svc, GS: False, CSP (temp): False, ANOVA FS (temp): True, n_jobs: 40)
2025-07-03 13:22:22,876 - ERROR - utils.loading_PP_utils - [load_epochs_data_for_decoding_delirium:256] - Data directory for subject 'TCG5' (group: 'CONTROLS_COMA') not found. Attempted path: 'None'. Base input: '/mnt/data/tom.balay/data1/Baking_EEG_data/'.
2025-07-03 13:22:22,876 - INFO - utils.loading_PP_utils - [load_epochs_data_auto_protocol:873] - Auto-detected protocol 'unknown' for subject 'TCG5' (file hint: None)
2025-07-03 13:22:22,877 - ERROR - utils.loading_PP_utils - [load_epochs_data_for_decoding_delirium:256] - Data directory for subject 'TCG5' (group: 'CONTROLS_COMA') not found. Attempted path: 'None'. Base input: '/mnt/data/tom.balay/data1/Baking_EEG_data/'.
2025-07-03 13:22:22,877 - INFO - examples.run_decoding_one_pp - [execute_single_subject_decoding:274] - Detected protocol 'unknown' for subject TCG5
2025-07-03 13:22:22,877 - ERROR - utils.loading_PP_utils - [load_epochs_data_for_decoding_delirium:256] - Data directory for subject 'TCG5' (group: 'CONTROLS_COMA') not found. Attempted path: 'None'. Base input: '/mnt/data/tom.balay/data1/Baking_EEG_data/'.
2025-07-03 13:22:22,877 - INFO - utils.loading_PP_utils - [load_epochs_data_auto_protocol:873] - Auto-detected protocol 'unknown' for subject 'TCG5' (file hint: None)
2025-07-03 13:22:22,877 - ERROR - utils.loading_PP_utils - [load_epochs_data_for_decoding_delirium:256] - Data directory for subject 'TCG5' (group: 'CONTROLS_COMA') not found. Attempted path: 'None'. Base input: '/mnt/data/tom.balay/data1/Baking_EEG_data/'.
2025-07-03 13:22:22,877 - INFO - examples.run_decoding_one_pp - [execute_single_subject_decoding:291] - Using protocol-specific loading configuration for unknown: ['XPP_ALL', 'XAP_ALL', 'PP_FOR_SPECIFIC_COMPARISON', 'AP_FAMILY_1', 'AP_FAMILY_2', 'AP_FAMILY_3', 'AP_FAMILY_4', 'AP_FAMILY_5', 'AP_FAMILY_6']
2025-07-03 13:22:22,877 - INFO - examples.run_decoding_one_pp - [execute_single_subject_decoding:296] - Using loading conditions: ['XPP_ALL', 'XAP_ALL', 'PP_FOR_SPECIFIC_COMPARISON', 'AP_FAMILY_1', 'AP_FAMILY_2', 'AP_FAMILY_3', 'AP_FAMILY_4', 'AP_FAMILY_5', 'AP_FAMILY_6']
2025-07-03 13:22:22,877 - ERROR - examples.run_decoding_one_pp - [execute_single_subject_decoding:300] - Epochs object loading failed for TCG5. Aborting subject.
2025-07-03 13:22:22,877 - WARNING - examples.run_decoding_one_group_pp - [execute_group_intra_subject_decoding_analysis:164] - Subject TCG5 completed with errors or no valid AUC
2025-07-03 13:22:22,877 - INFO - examples.run_decoding_one_group_pp - [execute_group_intra_subject_decoding_analysis:130] - 
--- Group 'CONTROLS_COMA': Processing Subject 12/25: TEN1 ---
2025-07-03 13:22:22,877 - INFO - examples.run_decoding_one_pp - [execute_single_subject_decoding:258] - Starting decoding for subject: TEN1 (Group: CONTROLS_COMA, Task Set ID: Group_Intra_CONTROLS_COMA_Subj_TEN1, Classifier: svc, GS: False, CSP (temp): False, ANOVA FS (temp): True, n_jobs: 40)
2025-07-03 13:22:22,878 - ERROR - utils.loading_PP_utils - [load_epochs_data_for_decoding_delirium:256] - Data directory for subject 'TEN1' (group: 'CONTROLS_COMA') not found. Attempted path: 'None'. Base input: '/mnt/data/tom.balay/data1/Baking_EEG_data/'.
2025-07-03 13:22:22,878 - INFO - utils.loading_PP_utils - [load_epochs_data_auto_protocol:873] - Auto-detected protocol 'unknown' for subject 'TEN1' (file hint: None)
2025-07-03 13:22:22,878 - ERROR - utils.loading_PP_utils - [load_epochs_data_for_decoding_delirium:256] - Data directory for subject 'TEN1' (group: 'CONTROLS_COMA') not found. Attempted path: 'None'. Base input: '/mnt/data/tom.balay/data1/Baking_EEG_data/'.
2025-07-03 13:22:22,878 - INFO - examples.run_decoding_one_pp - [execute_single_subject_decoding:274] - Detected protocol 'unknown' for subject TEN1
2025-07-03 13:22:22,878 - ERROR - utils.loading_PP_utils - [load_epochs_data_for_decoding_delirium:256] - Data directory for subject 'TEN1' (group: 'CONTROLS_COMA') not found. Attempted path: 'None'. Base input: '/mnt/data/tom.balay/data1/Baking_EEG_data/'.
2025-07-03 13:22:22,878 - INFO - utils.loading_PP_utils - [load_epochs_data_auto_protocol:873] - Auto-detected protocol 'unknown' for subject 'TEN1' (file hint: None)
2025-07-03 13:22:22,878 - ERROR - utils.loading_PP_utils - [load_epochs_data_for_decoding_delirium:256] - Data directory for subject 'TEN1' (group: 'CONTROLS_COMA') not found. Attempted path: 'None'. Base input: '/mnt/data/tom.balay/data1/Baking_EEG_data/'.
2025-07-03 13:22:22,878 - INFO - examples.run_decoding_one_pp - [execute_single_subject_decoding:291] - Using protocol-specific loading configuration for unknown: ['XPP_ALL', 'XAP_ALL', 'PP_FOR_SPECIFIC_COMPARISON', 'AP_FAMILY_1', 'AP_FAMILY_2', 'AP_FAMILY_3', 'AP_FAMILY_4', 'AP_FAMILY_5', 'AP_FAMILY_6']
2025-07-03 13:22:22,878 - INFO - examples.run_decoding_one_pp - [execute_single_subject_decoding:296] - Using loading conditions: ['XPP_ALL', 'XAP_ALL', 'PP_FOR_SPECIFIC_COMPARISON', 'AP_FAMILY_1', 'AP_FAMILY_2', 'AP_FAMILY_3', 'AP_FAMILY_4', 'AP_FAMILY_5', 'AP_FAMILY_6']
2025-07-03 13:22:22,878 - ERROR - examples.run_decoding_one_pp - [execute_single_subject_decoding:300] - Epochs object loading failed for TEN1. Aborting subject.
2025-07-03 13:22:22,878 - WARNING - examples.run_decoding_one_group_pp - [execute_group_intra_subject_decoding_analysis:164] - Subject TEN1 completed with errors or no valid AUC
2025-07-03 13:22:22,879 - INFO - examples.run_decoding_one_group_pp - [execute_group_intra_subject_decoding_analysis:130] - 
--- Group 'CONTROLS_COMA': Processing Subject 13/25: TFB6 ---
2025-07-03 13:22:22,879 - INFO - examples.run_decoding_one_pp - [execute_single_subject_decoding:258] - Starting decoding for subject: TFB6 (Group: CONTROLS_COMA, Task Set ID: Group_Intra_CONTROLS_COMA_Subj_TFB6, Classifier: svc, GS: False, CSP (temp): False, ANOVA FS (temp): True, n_jobs: 40)
2025-07-03 13:22:22,879 - ERROR - utils.loading_PP_utils - [load_epochs_data_for_decoding_delirium:256] - Data directory for subject 'TFB6' (group: 'CONTROLS_COMA') not found. Attempted path: 'None'. Base input: '/mnt/data/tom.balay/data1/Baking_EEG_data/'.
2025-07-03 13:22:22,879 - INFO - utils.loading_PP_utils - [load_epochs_data_auto_protocol:873] - Auto-detected protocol 'unknown' for subject 'TFB6' (file hint: None)
2025-07-03 13:22:22,879 - ERROR - utils.loading_PP_utils - [load_epochs_data_for_decoding_delirium:256] - Data directory for subject 'TFB6' (group: 'CONTROLS_COMA') not found. Attempted path: 'None'. Base input: '/mnt/data/tom.balay/data1/Baking_EEG_data/'.
2025-07-03 13:22:22,879 - INFO - examples.run_decoding_one_pp - [execute_single_subject_decoding:274] - Detected protocol 'unknown' for subject TFB6
2025-07-03 13:22:22,879 - ERROR - utils.loading_PP_utils - [load_epochs_data_for_decoding_delirium:256] - Data directory for subject 'TFB6' (group: 'CONTROLS_COMA') not found. Attempted path: 'None'. Base input: '/mnt/data/tom.balay/data1/Baking_EEG_data/'.
2025-07-03 13:22:22,879 - INFO - utils.loading_PP_utils - [load_epochs_data_auto_protocol:873] - Auto-detected protocol 'unknown' for subject 'TFB6' (file hint: None)
2025-07-03 13:22:22,879 - ERROR - utils.loading_PP_utils - [load_epochs_data_for_decoding_delirium:256] - Data directory for subject 'TFB6' (group: 'CONTROLS_COMA') not found. Attempted path: 'None'. Base input: '/mnt/data/tom.balay/data1/Baking_EEG_data/'.
2025-07-03 13:22:22,879 - INFO - examples.run_decoding_one_pp - [execute_single_subject_decoding:291] - Using protocol-specific loading configuration for unknown: ['XPP_ALL', 'XAP_ALL', 'PP_FOR_SPECIFIC_COMPARISON', 'AP_FAMILY_1', 'AP_FAMILY_2', 'AP_FAMILY_3', 'AP_FAMILY_4', 'AP_FAMILY_5', 'AP_FAMILY_6']
2025-07-03 13:22:22,879 - INFO - examples.run_decoding_one_pp - [execute_single_subject_decoding:296] - Using loading conditions: ['XPP_ALL', 'XAP_ALL', 'PP_FOR_SPECIFIC_COMPARISON', 'AP_FAMILY_1', 'AP_FAMILY_2', 'AP_FAMILY_3', 'AP_FAMILY_4', 'AP_FAMILY_5', 'AP_FAMILY_6']
2025-07-03 13:22:22,880 - ERROR - examples.run_decoding_one_pp - [execute_single_subject_decoding:300] - Epochs object loading failed for TFB6. Aborting subject.
2025-07-03 13:22:22,880 - WARNING - examples.run_decoding_one_group_pp - [execute_group_intra_subject_decoding_analysis:164] - Subject TFB6 completed with errors or no valid AUC
2025-07-03 13:22:22,880 - INFO - examples.run_decoding_one_group_pp - [execute_group_intra_subject_decoding_analysis:130] - 
--- Group 'CONTROLS_COMA': Processing Subject 14/25: TGD8 ---
2025-07-03 13:22:22,880 - INFO - examples.run_decoding_one_pp - [execute_single_subject_decoding:258] - Starting decoding for subject: TGD8 (Group: CONTROLS_COMA, Task Set ID: Group_Intra_CONTROLS_COMA_Subj_TGD8, Classifier: svc, GS: False, CSP (temp): False, ANOVA FS (temp): True, n_jobs: 40)
2025-07-03 13:22:22,880 - ERROR - utils.loading_PP_utils - [load_epochs_data_for_decoding_delirium:256] - Data directory for subject 'TGD8' (group: 'CONTROLS_COMA') not found. Attempted path: 'None'. Base input: '/mnt/data/tom.balay/data1/Baking_EEG_data/'.
2025-07-03 13:22:22,880 - INFO - utils.loading_PP_utils - [load_epochs_data_auto_protocol:873] - Auto-detected protocol 'unknown' for subject 'TGD8' (file hint: None)
2025-07-03 13:22:22,880 - ERROR - utils.loading_PP_utils - [load_epochs_data_for_decoding_delirium:256] - Data directory for subject 'TGD8' (group: 'CONTROLS_COMA') not found. Attempted path: 'None'. Base input: '/mnt/data/tom.balay/data1/Baking_EEG_data/'.
2025-07-03 13:22:22,880 - INFO - examples.run_decoding_one_pp - [execute_single_subject_decoding:274] - Detected protocol 'unknown' for subject TGD8
2025-07-03 13:22:22,880 - ERROR - utils.loading_PP_utils - [load_epochs_data_for_decoding_delirium:256] - Data directory for subject 'TGD8' (group: 'CONTROLS_COMA') not found. Attempted path: 'None'. Base input: '/mnt/data/tom.balay/data1/Baking_EEG_data/'.
2025-07-03 13:22:22,880 - INFO - utils.loading_PP_utils - [load_epochs_data_auto_protocol:873] - Auto-detected protocol 'unknown' for subject 'TGD8' (file hint: None)
2025-07-03 13:22:22,881 - ERROR - utils.loading_PP_utils - [load_epochs_data_for_decoding_delirium:256] - Data directory for subject 'TGD8' (group: 'CONTROLS_COMA') not found. Attempted path: 'None'. Base input: '/mnt/data/tom.balay/data1/Baking_EEG_data/'.
2025-07-03 13:22:22,881 - INFO - examples.run_decoding_one_pp - [execute_single_subject_decoding:291] - Using protocol-specific loading configuration for unknown: ['XPP_ALL', 'XAP_ALL', 'PP_FOR_SPECIFIC_COMPARISON', 'AP_FAMILY_1', 'AP_FAMILY_2', 'AP_FAMILY_3', 'AP_FAMILY_4', 'AP_FAMILY_5', 'AP_FAMILY_6']
2025-07-03 13:22:22,881 - INFO - examples.run_decoding_one_pp - [execute_single_subject_decoding:296] - Using loading conditions: ['XPP_ALL', 'XAP_ALL', 'PP_FOR_SPECIFIC_COMPARISON', 'AP_FAMILY_1', 'AP_FAMILY_2', 'AP_FAMILY_3', 'AP_FAMILY_4', 'AP_FAMILY_5', 'AP_FAMILY_6']
2025-07-03 13:22:22,881 - ERROR - examples.run_decoding_one_pp - [execute_single_subject_decoding:300] - Epochs object loading failed for TGD8. Aborting subject.
2025-07-03 13:22:22,881 - WARNING - examples.run_decoding_one_group_pp - [execute_group_intra_subject_decoding_analysis:164] - Subject TGD8 completed with errors or no valid AUC
2025-07-03 13:22:22,881 - INFO - examples.run_decoding_one_group_pp - [execute_group_intra_subject_decoding_analysis:130] - 
--- Group 'CONTROLS_COMA': Processing Subject 15/25: TJL3 ---
2025-07-03 13:22:22,881 - INFO - examples.run_decoding_one_pp - [execute_single_subject_decoding:258] - Starting decoding for subject: TJL3 (Group: CONTROLS_COMA, Task Set ID: Group_Intra_CONTROLS_COMA_Subj_TJL3, Classifier: svc, GS: False, CSP (temp): False, ANOVA FS (temp): True, n_jobs: 40)
2025-07-03 13:22:22,881 - ERROR - utils.loading_PP_utils - [load_epochs_data_for_decoding_delirium:256] - Data directory for subject 'TJL3' (group: 'CONTROLS_COMA') not found. Attempted path: 'None'. Base input: '/mnt/data/tom.balay/data1/Baking_EEG_data/'.
2025-07-03 13:22:22,881 - INFO - utils.loading_PP_utils - [load_epochs_data_auto_protocol:873] - Auto-detected protocol 'unknown' for subject 'TJL3' (file hint: None)
2025-07-03 13:22:22,881 - ERROR - utils.loading_PP_utils - [load_epochs_data_for_decoding_delirium:256] - Data directory for subject 'TJL3' (group: 'CONTROLS_COMA') not found. Attempted path: 'None'. Base input: '/mnt/data/tom.balay/data1/Baking_EEG_data/'.
2025-07-03 13:22:22,881 - INFO - examples.run_decoding_one_pp - [execute_single_subject_decoding:274] - Detected protocol 'unknown' for subject TJL3
2025-07-03 13:22:22,882 - ERROR - utils.loading_PP_utils - [load_epochs_data_for_decoding_delirium:256] - Data directory for subject 'TJL3' (group: 'CONTROLS_COMA') not found. Attempted path: 'None'. Base input: '/mnt/data/tom.balay/data1/Baking_EEG_data/'.
2025-07-03 13:22:22,882 - INFO - utils.loading_PP_utils - [load_epochs_data_auto_protocol:873] - Auto-detected protocol 'unknown' for subject 'TJL3' (file hint: None)
2025-07-03 13:22:22,882 - ERROR - utils.loading_PP_utils - [load_epochs_data_for_decoding_delirium:256] - Data directory for subject 'TJL3' (group: 'CONTROLS_COMA') not found. Attempted path: 'None'. Base input: '/mnt/data/tom.balay/data1/Baking_EEG_data/'.
2025-07-03 13:22:22,882 - INFO - examples.run_decoding_one_pp - [execute_single_subject_decoding:291] - Using protocol-specific loading configuration for unknown: ['XPP_ALL', 'XAP_ALL', 'PP_FOR_SPECIFIC_COMPARISON', 'AP_FAMILY_1', 'AP_FAMILY_2', 'AP_FAMILY_3', 'AP_FAMILY_4', 'AP_FAMILY_5', 'AP_FAMILY_6']
2025-07-03 13:22:22,882 - INFO - examples.run_decoding_one_pp - [execute_single_subject_decoding:296] - Using loading conditions: ['XPP_ALL', 'XAP_ALL', 'PP_FOR_SPECIFIC_COMPARISON', 'AP_FAMILY_1', 'AP_FAMILY_2', 'AP_FAMILY_3', 'AP_FAMILY_4', 'AP_FAMILY_5', 'AP_FAMILY_6']
2025-07-03 13:22:22,882 - ERROR - examples.run_decoding_one_pp - [execute_single_subject_decoding:300] - Epochs object loading failed for TJL3. Aborting subject.
2025-07-03 13:22:22,882 - WARNING - examples.run_decoding_one_group_pp - [execute_group_intra_subject_decoding_analysis:164] - Subject TJL3 completed with errors or no valid AUC
2025-07-03 13:22:22,882 - INFO - examples.run_decoding_one_group_pp - [execute_group_intra_subject_decoding_analysis:130] - 
--- Group 'CONTROLS_COMA': Processing Subject 16/25: TNC11 ---
2025-07-03 13:22:22,882 - INFO - examples.run_decoding_one_pp - [execute_single_subject_decoding:258] - Starting decoding for subject: TNC11 (Group: CONTROLS_COMA, Task Set ID: Group_Intra_CONTROLS_COMA_Subj_TNC11, Classifier: svc, GS: False, CSP (temp): False, ANOVA FS (temp): True, n_jobs: 40)
2025-07-03 13:22:22,882 - ERROR - utils.loading_PP_utils - [load_epochs_data_for_decoding_delirium:256] - Data directory for subject 'TNC11' (group: 'CONTROLS_COMA') not found. Attempted path: 'None'. Base input: '/mnt/data/tom.balay/data1/Baking_EEG_data/'.
2025-07-03 13:22:22,883 - INFO - utils.loading_PP_utils - [load_epochs_data_auto_protocol:873] - Auto-detected protocol 'unknown' for subject 'TNC11' (file hint: None)
2025-07-03 13:22:22,883 - ERROR - utils.loading_PP_utils - [load_epochs_data_for_decoding_delirium:256] - Data directory for subject 'TNC11' (group: 'CONTROLS_COMA') not found. Attempted path: 'None'. Base input: '/mnt/data/tom.balay/data1/Baking_EEG_data/'.
2025-07-03 13:22:22,883 - INFO - examples.run_decoding_one_pp - [execute_single_subject_decoding:274] - Detected protocol 'unknown' for subject TNC11
2025-07-03 13:22:22,883 - ERROR - utils.loading_PP_utils - [load_epochs_data_for_decoding_delirium:256] - Data directory for subject 'TNC11' (group: 'CONTROLS_COMA') not found. Attempted path: 'None'. Base input: '/mnt/data/tom.balay/data1/Baking_EEG_data/'.
2025-07-03 13:22:22,883 - INFO - utils.loading_PP_utils - [load_epochs_data_auto_protocol:873] - Auto-detected protocol 'unknown' for subject 'TNC11' (file hint: None)
2025-07-03 13:22:22,883 - ERROR - utils.loading_PP_utils - [load_epochs_data_for_decoding_delirium:256] - Data directory for subject 'TNC11' (group: 'CONTROLS_COMA') not found. Attempted path: 'None'. Base input: '/mnt/data/tom.balay/data1/Baking_EEG_data/'.
2025-07-03 13:22:22,883 - INFO - examples.run_decoding_one_pp - [execute_single_subject_decoding:291] - Using protocol-specific loading configuration for unknown: ['XPP_ALL', 'XAP_ALL', 'PP_FOR_SPECIFIC_COMPARISON', 'AP_FAMILY_1', 'AP_FAMILY_2', 'AP_FAMILY_3', 'AP_FAMILY_4', 'AP_FAMILY_5', 'AP_FAMILY_6']
2025-07-03 13:22:22,883 - INFO - examples.run_decoding_one_pp - [execute_single_subject_decoding:296] - Using loading conditions: ['XPP_ALL', 'XAP_ALL', 'PP_FOR_SPECIFIC_COMPARISON', 'AP_FAMILY_1', 'AP_FAMILY_2', 'AP_FAMILY_3', 'AP_FAMILY_4', 'AP_FAMILY_5', 'AP_FAMILY_6']
2025-07-03 13:22:22,883 - ERROR - examples.run_decoding_one_pp - [execute_single_subject_decoding:300] - Epochs object loading failed for TNC11. Aborting subject.
2025-07-03 13:22:22,883 - WARNING - examples.run_decoding_one_group_pp - [execute_group_intra_subject_decoding_analysis:164] - Subject TNC11 completed with errors or no valid AUC
2025-07-03 13:22:22,883 - INFO - examples.run_decoding_one_group_pp - [execute_group_intra_subject_decoding_analysis:130] - 
--- Group 'CONTROLS_COMA': Processing Subject 17/25: TSS4 ---
2025-07-03 13:22:22,883 - INFO - examples.run_decoding_one_pp - [execute_single_subject_decoding:258] - Starting decoding for subject: TSS4 (Group: CONTROLS_COMA, Task Set ID: Group_Intra_CONTROLS_COMA_Subj_TSS4, Classifier: svc, GS: False, CSP (temp): False, ANOVA FS (temp): True, n_jobs: 40)
2025-07-03 13:22:22,884 - ERROR - utils.loading_PP_utils - [load_epochs_data_for_decoding_delirium:256] - Data directory for subject 'TSS4' (group: 'CONTROLS_COMA') not found. Attempted path: 'None'. Base input: '/mnt/data/tom.balay/data1/Baking_EEG_data/'.
2025-07-03 13:22:22,884 - INFO - utils.loading_PP_utils - [load_epochs_data_auto_protocol:873] - Auto-detected protocol 'unknown' for subject 'TSS4' (file hint: None)
2025-07-03 13:22:22,884 - ERROR - utils.loading_PP_utils - [load_epochs_data_for_decoding_delirium:256] - Data directory for subject 'TSS4' (group: 'CONTROLS_COMA') not found. Attempted path: 'None'. Base input: '/mnt/data/tom.balay/data1/Baking_EEG_data/'.
2025-07-03 13:22:22,884 - INFO - examples.run_decoding_one_pp - [execute_single_subject_decoding:274] - Detected protocol 'unknown' for subject TSS4
2025-07-03 13:22:22,884 - ERROR - utils.loading_PP_utils - [load_epochs_data_for_decoding_delirium:256] - Data directory for subject 'TSS4' (group: 'CONTROLS_COMA') not found. Attempted path: 'None'. Base input: '/mnt/data/tom.balay/data1/Baking_EEG_data/'.
2025-07-03 13:22:22,884 - INFO - utils.loading_PP_utils - [load_epochs_data_auto_protocol:873] - Auto-detected protocol 'unknown' for subject 'TSS4' (file hint: None)
2025-07-03 13:22:22,884 - ERROR - utils.loading_PP_utils - [load_epochs_data_for_decoding_delirium:256] - Data directory for subject 'TSS4' (group: 'CONTROLS_COMA') not found. Attempted path: 'None'. Base input: '/mnt/data/tom.balay/data1/Baking_EEG_data/'.
2025-07-03 13:22:22,884 - INFO - examples.run_decoding_one_pp - [execute_single_subject_decoding:291] - Using protocol-specific loading configuration for unknown: ['XPP_ALL', 'XAP_ALL', 'PP_FOR_SPECIFIC_COMPARISON', 'AP_FAMILY_1', 'AP_FAMILY_2', 'AP_FAMILY_3', 'AP_FAMILY_4', 'AP_FAMILY_5', 'AP_FAMILY_6']
2025-07-03 13:22:22,884 - INFO - examples.run_decoding_one_pp - [execute_single_subject_decoding:296] - Using loading conditions: ['XPP_ALL', 'XAP_ALL', 'PP_FOR_SPECIFIC_COMPARISON', 'AP_FAMILY_1', 'AP_FAMILY_2', 'AP_FAMILY_3', 'AP_FAMILY_4', 'AP_FAMILY_5', 'AP_FAMILY_6']
2025-07-03 13:22:22,884 - ERROR - examples.run_decoding_one_pp - [execute_single_subject_decoding:300] - Epochs object loading failed for TSS4. Aborting subject.
2025-07-03 13:22:22,885 - WARNING - examples.run_decoding_one_group_pp - [execute_group_intra_subject_decoding_analysis:164] - Subject TSS4 completed with errors or no valid AUC
2025-07-03 13:22:22,885 - INFO - examples.run_decoding_one_group_pp - [execute_group_intra_subject_decoding_analysis:130] - 
--- Group 'CONTROLS_COMA': Processing Subject 18/25: TTV2 ---
2025-07-03 13:22:22,885 - INFO - examples.run_decoding_one_pp - [execute_single_subject_decoding:258] - Starting decoding for subject: TTV2 (Group: CONTROLS_COMA, Task Set ID: Group_Intra_CONTROLS_COMA_Subj_TTV2, Classifier: svc, GS: False, CSP (temp): False, ANOVA FS (temp): True, n_jobs: 40)
2025-07-03 13:22:22,885 - ERROR - utils.loading_PP_utils - [load_epochs_data_for_decoding_delirium:256] - Data directory for subject 'TTV2' (group: 'CONTROLS_COMA') not found. Attempted path: 'None'. Base input: '/mnt/data/tom.balay/data1/Baking_EEG_data/'.
2025-07-03 13:22:22,885 - INFO - utils.loading_PP_utils - [load_epochs_data_auto_protocol:873] - Auto-detected protocol 'unknown' for subject 'TTV2' (file hint: None)
2025-07-03 13:22:22,885 - ERROR - utils.loading_PP_utils - [load_epochs_data_for_decoding_delirium:256] - Data directory for subject 'TTV2' (group: 'CONTROLS_COMA') not found. Attempted path: 'None'. Base input: '/mnt/data/tom.balay/data1/Baking_EEG_data/'.
2025-07-03 13:22:22,885 - INFO - examples.run_decoding_one_pp - [execute_single_subject_decoding:274] - Detected protocol 'unknown' for subject TTV2
2025-07-03 13:22:22,885 - ERROR - utils.loading_PP_utils - [load_epochs_data_for_decoding_delirium:256] - Data directory for subject 'TTV2' (group: 'CONTROLS_COMA') not found. Attempted path: 'None'. Base input: '/mnt/data/tom.balay/data1/Baking_EEG_data/'.
2025-07-03 13:22:22,885 - INFO - utils.loading_PP_utils - [load_epochs_data_auto_protocol:873] - Auto-detected protocol 'unknown' for subject 'TTV2' (file hint: None)
2025-07-03 13:22:22,885 - ERROR - utils.loading_PP_utils - [load_epochs_data_for_decoding_delirium:256] - Data directory for subject 'TTV2' (group: 'CONTROLS_COMA') not found. Attempted path: 'None'. Base input: '/mnt/data/tom.balay/data1/Baking_EEG_data/'.
2025-07-03 13:22:22,885 - INFO - examples.run_decoding_one_pp - [execute_single_subject_decoding:291] - Using protocol-specific loading configuration for unknown: ['XPP_ALL', 'XAP_ALL', 'PP_FOR_SPECIFIC_COMPARISON', 'AP_FAMILY_1', 'AP_FAMILY_2', 'AP_FAMILY_3', 'AP_FAMILY_4', 'AP_FAMILY_5', 'AP_FAMILY_6']
2025-07-03 13:22:22,886 - INFO - examples.run_decoding_one_pp - [execute_single_subject_decoding:296] - Using loading conditions: ['XPP_ALL', 'XAP_ALL', 'PP_FOR_SPECIFIC_COMPARISON', 'AP_FAMILY_1', 'AP_FAMILY_2', 'AP_FAMILY_3', 'AP_FAMILY_4', 'AP_FAMILY_5', 'AP_FAMILY_6']
2025-07-03 13:22:22,886 - ERROR - examples.run_decoding_one_pp - [execute_single_subject_decoding:300] - Epochs object loading failed for TTV2. Aborting subject.
2025-07-03 13:22:22,886 - WARNING - examples.run_decoding_one_group_pp - [execute_group_intra_subject_decoding_analysis:164] - Subject TTV2 completed with errors or no valid AUC
2025-07-03 13:22:22,886 - INFO - examples.run_decoding_one_group_pp - [execute_group_intra_subject_decoding_analysis:130] - 
--- Group 'CONTROLS_COMA': Processing Subject 19/25: TVM10 ---
2025-07-03 13:22:22,886 - INFO - examples.run_decoding_one_pp - [execute_single_subject_decoding:258] - Starting decoding for subject: TVM10 (Group: CONTROLS_COMA, Task Set ID: Group_Intra_CONTROLS_COMA_Subj_TVM10, Classifier: svc, GS: False, CSP (temp): False, ANOVA FS (temp): True, n_jobs: 40)
2025-07-03 13:22:22,886 - ERROR - utils.loading_PP_utils - [load_epochs_data_for_decoding_delirium:256] - Data directory for subject 'TVM10' (group: 'CONTROLS_COMA') not found. Attempted path: 'None'. Base input: '/mnt/data/tom.balay/data1/Baking_EEG_data/'.
2025-07-03 13:22:22,886 - INFO - utils.loading_PP_utils - [load_epochs_data_auto_protocol:873] - Auto-detected protocol 'unknown' for subject 'TVM10' (file hint: None)
2025-07-03 13:22:22,886 - ERROR - utils.loading_PP_utils - [load_epochs_data_for_decoding_delirium:256] - Data directory for subject 'TVM10' (group: 'CONTROLS_COMA') not found. Attempted path: 'None'. Base input: '/mnt/data/tom.balay/data1/Baking_EEG_data/'.
2025-07-03 13:22:22,886 - INFO - examples.run_decoding_one_pp - [execute_single_subject_decoding:274] - Detected protocol 'unknown' for subject TVM10
2025-07-03 13:22:22,886 - ERROR - utils.loading_PP_utils - [load_epochs_data_for_decoding_delirium:256] - Data directory for subject 'TVM10' (group: 'CONTROLS_COMA') not found. Attempted path: 'None'. Base input: '/mnt/data/tom.balay/data1/Baking_EEG_data/'.
2025-07-03 13:22:22,887 - INFO - utils.loading_PP_utils - [load_epochs_data_auto_protocol:873] - Auto-detected protocol 'unknown' for subject 'TVM10' (file hint: None)
2025-07-03 13:22:22,887 - ERROR - utils.loading_PP_utils - [load_epochs_data_for_decoding_delirium:256] - Data directory for subject 'TVM10' (group: 'CONTROLS_COMA') not found. Attempted path: 'None'. Base input: '/mnt/data/tom.balay/data1/Baking_EEG_data/'.
2025-07-03 13:22:22,887 - INFO - examples.run_decoding_one_pp - [execute_single_subject_decoding:291] - Using protocol-specific loading configuration for unknown: ['XPP_ALL', 'XAP_ALL', 'PP_FOR_SPECIFIC_COMPARISON', 'AP_FAMILY_1', 'AP_FAMILY_2', 'AP_FAMILY_3', 'AP_FAMILY_4', 'AP_FAMILY_5', 'AP_FAMILY_6']
2025-07-03 13:22:22,887 - INFO - examples.run_decoding_one_pp - [execute_single_subject_decoding:296] - Using loading conditions: ['XPP_ALL', 'XAP_ALL', 'PP_FOR_SPECIFIC_COMPARISON', 'AP_FAMILY_1', 'AP_FAMILY_2', 'AP_FAMILY_3', 'AP_FAMILY_4', 'AP_FAMILY_5', 'AP_FAMILY_6']
2025-07-03 13:22:22,887 - ERROR - examples.run_decoding_one_pp - [execute_single_subject_decoding:300] - Epochs object loading failed for TVM10. Aborting subject.
2025-07-03 13:22:22,887 - WARNING - examples.run_decoding_one_group_pp - [execute_group_intra_subject_decoding_analysis:164] - Subject TVM10 completed with errors or no valid AUC
2025-07-03 13:22:22,887 - INFO - examples.run_decoding_one_group_pp - [execute_group_intra_subject_decoding_analysis:130] - 
--- Group 'CONTROLS_COMA': Processing Subject 20/25: TVR9 ---
2025-07-03 13:22:22,887 - INFO - examples.run_decoding_one_pp - [execute_single_subject_decoding:258] - Starting decoding for subject: TVR9 (Group: CONTROLS_COMA, Task Set ID: Group_Intra_CONTROLS_COMA_Subj_TVR9, Classifier: svc, GS: False, CSP (temp): False, ANOVA FS (temp): True, n_jobs: 40)
2025-07-03 13:22:22,887 - ERROR - utils.loading_PP_utils - [load_epochs_data_for_decoding_delirium:256] - Data directory for subject 'TVR9' (group: 'CONTROLS_COMA') not found. Attempted path: 'None'. Base input: '/mnt/data/tom.balay/data1/Baking_EEG_data/'.
2025-07-03 13:22:22,887 - INFO - utils.loading_PP_utils - [load_epochs_data_auto_protocol:873] - Auto-detected protocol 'unknown' for subject 'TVR9' (file hint: None)
2025-07-03 13:22:22,887 - ERROR - utils.loading_PP_utils - [load_epochs_data_for_decoding_delirium:256] - Data directory for subject 'TVR9' (group: 'CONTROLS_COMA') not found. Attempted path: 'None'. Base input: '/mnt/data/tom.balay/data1/Baking_EEG_data/'.
2025-07-03 13:22:22,887 - INFO - examples.run_decoding_one_pp - [execute_single_subject_decoding:274] - Detected protocol 'unknown' for subject TVR9
2025-07-03 13:22:22,888 - ERROR - utils.loading_PP_utils - [load_epochs_data_for_decoding_delirium:256] - Data directory for subject 'TVR9' (group: 'CONTROLS_COMA') not found. Attempted path: 'None'. Base input: '/mnt/data/tom.balay/data1/Baking_EEG_data/'.
2025-07-03 13:22:22,888 - INFO - utils.loading_PP_utils - [load_epochs_data_auto_protocol:873] - Auto-detected protocol 'unknown' for subject 'TVR9' (file hint: None)
2025-07-03 13:22:22,888 - ERROR - utils.loading_PP_utils - [load_epochs_data_for_decoding_delirium:256] - Data directory for subject 'TVR9' (group: 'CONTROLS_COMA') not found. Attempted path: 'None'. Base input: '/mnt/data/tom.balay/data1/Baking_EEG_data/'.
2025-07-03 13:22:22,888 - INFO - examples.run_decoding_one_pp - [execute_single_subject_decoding:291] - Using protocol-specific loading configuration for unknown: ['XPP_ALL', 'XAP_ALL', 'PP_FOR_SPECIFIC_COMPARISON', 'AP_FAMILY_1', 'AP_FAMILY_2', 'AP_FAMILY_3', 'AP_FAMILY_4', 'AP_FAMILY_5', 'AP_FAMILY_6']
2025-07-03 13:22:22,888 - INFO - examples.run_decoding_one_pp - [execute_single_subject_decoding:296] - Using loading conditions: ['XPP_ALL', 'XAP_ALL', 'PP_FOR_SPECIFIC_COMPARISON', 'AP_FAMILY_1', 'AP_FAMILY_2', 'AP_FAMILY_3', 'AP_FAMILY_4', 'AP_FAMILY_5', 'AP_FAMILY_6']
2025-07-03 13:22:22,888 - ERROR - examples.run_decoding_one_pp - [execute_single_subject_decoding:300] - Epochs object loading failed for TVR9. Aborting subject.
2025-07-03 13:22:22,888 - WARNING - examples.run_decoding_one_group_pp - [execute_group_intra_subject_decoding_analysis:164] - Subject TVR9 completed with errors or no valid AUC
2025-07-03 13:22:22,888 - INFO - examples.run_decoding_one_group_pp - [execute_group_intra_subject_decoding_analysis:130] - 
--- Group 'CONTROLS_COMA': Processing Subject 21/25: TZ11 ---
2025-07-03 13:22:22,888 - INFO - examples.run_decoding_one_pp - [execute_single_subject_decoding:258] - Starting decoding for subject: TZ11 (Group: CONTROLS_COMA, Task Set ID: Group_Intra_CONTROLS_COMA_Subj_TZ11, Classifier: svc, GS: False, CSP (temp): False, ANOVA FS (temp): True, n_jobs: 40)
2025-07-03 13:22:22,888 - ERROR - utils.loading_PP_utils - [load_epochs_data_for_decoding_delirium:256] - Data directory for subject 'TZ11' (group: 'CONTROLS_COMA') not found. Attempted path: 'None'. Base input: '/mnt/data/tom.balay/data1/Baking_EEG_data/'.
2025-07-03 13:22:22,889 - INFO - utils.loading_PP_utils - [load_epochs_data_auto_protocol:873] - Auto-detected protocol 'unknown' for subject 'TZ11' (file hint: None)
2025-07-03 13:22:22,889 - ERROR - utils.loading_PP_utils - [load_epochs_data_for_decoding_delirium:256] - Data directory for subject 'TZ11' (group: 'CONTROLS_COMA') not found. Attempted path: 'None'. Base input: '/mnt/data/tom.balay/data1/Baking_EEG_data/'.
2025-07-03 13:22:22,889 - INFO - examples.run_decoding_one_pp - [execute_single_subject_decoding:274] - Detected protocol 'unknown' for subject TZ11
2025-07-03 13:22:22,889 - ERROR - utils.loading_PP_utils - [load_epochs_data_for_decoding_delirium:256] - Data directory for subject 'TZ11' (group: 'CONTROLS_COMA') not found. Attempted path: 'None'. Base input: '/mnt/data/tom.balay/data1/Baking_EEG_data/'.
2025-07-03 13:22:22,889 - INFO - utils.loading_PP_utils - [load_epochs_data_auto_protocol:873] - Auto-detected protocol 'unknown' for subject 'TZ11' (file hint: None)
2025-07-03 13:22:22,889 - ERROR - utils.loading_PP_utils - [load_epochs_data_for_decoding_delirium:256] - Data directory for subject 'TZ11' (group: 'CONTROLS_COMA') not found. Attempted path: 'None'. Base input: '/mnt/data/tom.balay/data1/Baking_EEG_data/'.
2025-07-03 13:22:22,889 - INFO - examples.run_decoding_one_pp - [execute_single_subject_decoding:291] - Using protocol-specific loading configuration for unknown: ['XPP_ALL', 'XAP_ALL', 'PP_FOR_SPECIFIC_COMPARISON', 'AP_FAMILY_1', 'AP_FAMILY_2', 'AP_FAMILY_3', 'AP_FAMILY_4', 'AP_FAMILY_5', 'AP_FAMILY_6']
2025-07-03 13:22:22,889 - INFO - examples.run_decoding_one_pp - [execute_single_subject_decoding:296] - Using loading conditions: ['XPP_ALL', 'XAP_ALL', 'PP_FOR_SPECIFIC_COMPARISON', 'AP_FAMILY_1', 'AP_FAMILY_2', 'AP_FAMILY_3', 'AP_FAMILY_4', 'AP_FAMILY_5', 'AP_FAMILY_6']
2025-07-03 13:22:22,889 - ERROR - examples.run_decoding_one_pp - [execute_single_subject_decoding:300] - Epochs object loading failed for TZ11. Aborting subject.
2025-07-03 13:22:22,889 - WARNING - examples.run_decoding_one_group_pp - [execute_group_intra_subject_decoding_analysis:164] - Subject TZ11 completed with errors or no valid AUC
2025-07-03 13:22:22,889 - INFO - examples.run_decoding_one_group_pp - [execute_group_intra_subject_decoding_analysis:130] - 
--- Group 'CONTROLS_COMA': Processing Subject 22/25: VB01 ---
2025-07-03 13:22:22,890 - INFO - examples.run_decoding_one_pp - [execute_single_subject_decoding:258] - Starting decoding for subject: VB01 (Group: CONTROLS_COMA, Task Set ID: Group_Intra_CONTROLS_COMA_Subj_VB01, Classifier: svc, GS: False, CSP (temp): False, ANOVA FS (temp): True, n_jobs: 40)
2025-07-03 13:22:22,890 - ERROR - utils.loading_PP_utils - [load_epochs_data_for_decoding_delirium:256] - Data directory for subject 'VB01' (group: 'CONTROLS_COMA') not found. Attempted path: 'None'. Base input: '/mnt/data/tom.balay/data1/Baking_EEG_data/'.
2025-07-03 13:22:22,890 - INFO - utils.loading_PP_utils - [load_epochs_data_auto_protocol:873] - Auto-detected protocol 'unknown' for subject 'VB01' (file hint: None)
2025-07-03 13:22:22,890 - ERROR - utils.loading_PP_utils - [load_epochs_data_for_decoding_delirium:256] - Data directory for subject 'VB01' (group: 'CONTROLS_COMA') not found. Attempted path: 'None'. Base input: '/mnt/data/tom.balay/data1/Baking_EEG_data/'.
2025-07-03 13:22:22,890 - INFO - examples.run_decoding_one_pp - [execute_single_subject_decoding:274] - Detected protocol 'unknown' for subject VB01
2025-07-03 13:22:22,890 - ERROR - utils.loading_PP_utils - [load_epochs_data_for_decoding_delirium:256] - Data directory for subject 'VB01' (group: 'CONTROLS_COMA') not found. Attempted path: 'None'. Base input: '/mnt/data/tom.balay/data1/Baking_EEG_data/'.
2025-07-03 13:22:22,890 - INFO - utils.loading_PP_utils - [load_epochs_data_auto_protocol:873] - Auto-detected protocol 'unknown' for subject 'VB01' (file hint: None)
2025-07-03 13:22:22,890 - ERROR - utils.loading_PP_utils - [load_epochs_data_for_decoding_delirium:256] - Data directory for subject 'VB01' (group: 'CONTROLS_COMA') not found. Attempted path: 'None'. Base input: '/mnt/data/tom.balay/data1/Baking_EEG_data/'.
2025-07-03 13:22:22,890 - INFO - examples.run_decoding_one_pp - [execute_single_subject_decoding:291] - Using protocol-specific loading configuration for unknown: ['XPP_ALL', 'XAP_ALL', 'PP_FOR_SPECIFIC_COMPARISON', 'AP_FAMILY_1', 'AP_FAMILY_2', 'AP_FAMILY_3', 'AP_FAMILY_4', 'AP_FAMILY_5', 'AP_FAMILY_6']
2025-07-03 13:22:22,890 - INFO - examples.run_decoding_one_pp - [execute_single_subject_decoding:296] - Using loading conditions: ['XPP_ALL', 'XAP_ALL', 'PP_FOR_SPECIFIC_COMPARISON', 'AP_FAMILY_1', 'AP_FAMILY_2', 'AP_FAMILY_3', 'AP_FAMILY_4', 'AP_FAMILY_5', 'AP_FAMILY_6']
2025-07-03 13:22:22,890 - ERROR - examples.run_decoding_one_pp - [execute_single_subject_decoding:300] - Epochs object loading failed for VB01. Aborting subject.
2025-07-03 13:22:22,891 - WARNING - examples.run_decoding_one_group_pp - [execute_group_intra_subject_decoding_analysis:164] - Subject VB01 completed with errors or no valid AUC
2025-07-03 13:22:22,891 - INFO - examples.run_decoding_one_group_pp - [execute_group_intra_subject_decoding_analysis:130] - 
--- Group 'CONTROLS_COMA': Processing Subject 23/25: FG104 ---
2025-07-03 13:22:22,891 - INFO - examples.run_decoding_one_pp - [execute_single_subject_decoding:258] - Starting decoding for subject: FG104 (Group: CONTROLS_COMA, Task Set ID: Group_Intra_CONTROLS_COMA_Subj_FG104, Classifier: svc, GS: False, CSP (temp): False, ANOVA FS (temp): True, n_jobs: 40)
2025-07-03 13:22:22,891 - ERROR - utils.loading_PP_utils - [load_epochs_data_for_decoding_delirium:256] - Data directory for subject 'FG104' (group: 'CONTROLS_COMA') not found. Attempted path: 'None'. Base input: '/mnt/data/tom.balay/data1/Baking_EEG_data/'.
2025-07-03 13:22:22,891 - INFO - utils.loading_PP_utils - [load_epochs_data_auto_protocol:873] - Auto-detected protocol 'unknown' for subject 'FG104' (file hint: None)
2025-07-03 13:22:22,891 - ERROR - utils.loading_PP_utils - [load_epochs_data_for_decoding_delirium:256] - Data directory for subject 'FG104' (group: 'CONTROLS_COMA') not found. Attempted path: 'None'. Base input: '/mnt/data/tom.balay/data1/Baking_EEG_data/'.
2025-07-03 13:22:22,891 - INFO - examples.run_decoding_one_pp - [execute_single_subject_decoding:274] - Detected protocol 'unknown' for subject FG104
2025-07-03 13:22:22,891 - ERROR - utils.loading_PP_utils - [load_epochs_data_for_decoding_delirium:256] - Data directory for subject 'FG104' (group: 'CONTROLS_COMA') not found. Attempted path: 'None'. Base input: '/mnt/data/tom.balay/data1/Baking_EEG_data/'.
2025-07-03 13:22:22,891 - INFO - utils.loading_PP_utils - [load_epochs_data_auto_protocol:873] - Auto-detected protocol 'unknown' for subject 'FG104' (file hint: None)
2025-07-03 13:22:22,891 - ERROR - utils.loading_PP_utils - [load_epochs_data_for_decoding_delirium:256] - Data directory for subject 'FG104' (group: 'CONTROLS_COMA') not found. Attempted path: 'None'. Base input: '/mnt/data/tom.balay/data1/Baking_EEG_data/'.
2025-07-03 13:22:22,892 - INFO - examples.run_decoding_one_pp - [execute_single_subject_decoding:291] - Using protocol-specific loading configuration for unknown: ['XPP_ALL', 'XAP_ALL', 'PP_FOR_SPECIFIC_COMPARISON', 'AP_FAMILY_1', 'AP_FAMILY_2', 'AP_FAMILY_3', 'AP_FAMILY_4', 'AP_FAMILY_5', 'AP_FAMILY_6']
2025-07-03 13:22:22,892 - INFO - examples.run_decoding_one_pp - [execute_single_subject_decoding:296] - Using loading conditions: ['XPP_ALL', 'XAP_ALL', 'PP_FOR_SPECIFIC_COMPARISON', 'AP_FAMILY_1', 'AP_FAMILY_2', 'AP_FAMILY_3', 'AP_FAMILY_4', 'AP_FAMILY_5', 'AP_FAMILY_6']
2025-07-03 13:22:22,892 - ERROR - examples.run_decoding_one_pp - [execute_single_subject_decoding:300] - Epochs object loading failed for FG104. Aborting subject.
2025-07-03 13:22:22,892 - WARNING - examples.run_decoding_one_group_pp - [execute_group_intra_subject_decoding_analysis:164] - Subject FG104 completed with errors or no valid AUC
2025-07-03 13:22:22,892 - INFO - examples.run_decoding_one_group_pp - [execute_group_intra_subject_decoding_analysis:130] - 
--- Group 'CONTROLS_COMA': Processing Subject 24/25: FP102 ---
2025-07-03 13:22:22,892 - INFO - examples.run_decoding_one_pp - [execute_single_subject_decoding:258] - Starting decoding for subject: FP102 (Group: CONTROLS_COMA, Task Set ID: Group_Intra_CONTROLS_COMA_Subj_FP102, Classifier: svc, GS: False, CSP (temp): False, ANOVA FS (temp): True, n_jobs: 40)
2025-07-03 13:22:22,892 - ERROR - utils.loading_PP_utils - [load_epochs_data_for_decoding_delirium:256] - Data directory for subject 'FP102' (group: 'CONTROLS_COMA') not found. Attempted path: 'None'. Base input: '/mnt/data/tom.balay/data1/Baking_EEG_data/'.
2025-07-03 13:22:22,892 - INFO - utils.loading_PP_utils - [load_epochs_data_auto_protocol:873] - Auto-detected protocol 'unknown' for subject 'FP102' (file hint: None)
2025-07-03 13:22:22,892 - ERROR - utils.loading_PP_utils - [load_epochs_data_for_decoding_delirium:256] - Data directory for subject 'FP102' (group: 'CONTROLS_COMA') not found. Attempted path: 'None'. Base input: '/mnt/data/tom.balay/data1/Baking_EEG_data/'.
2025-07-03 13:22:22,892 - INFO - examples.run_decoding_one_pp - [execute_single_subject_decoding:274] - Detected protocol 'unknown' for subject FP102
2025-07-03 13:22:22,892 - ERROR - utils.loading_PP_utils - [load_epochs_data_for_decoding_delirium:256] - Data directory for subject 'FP102' (group: 'CONTROLS_COMA') not found. Attempted path: 'None'. Base input: '/mnt/data/tom.balay/data1/Baking_EEG_data/'.
2025-07-03 13:22:22,893 - INFO - utils.loading_PP_utils - [load_epochs_data_auto_protocol:873] - Auto-detected protocol 'unknown' for subject 'FP102' (file hint: None)
2025-07-03 13:22:22,893 - ERROR - utils.loading_PP_utils - [load_epochs_data_for_decoding_delirium:256] - Data directory for subject 'FP102' (group: 'CONTROLS_COMA') not found. Attempted path: 'None'. Base input: '/mnt/data/tom.balay/data1/Baking_EEG_data/'.
2025-07-03 13:22:22,893 - INFO - examples.run_decoding_one_pp - [execute_single_subject_decoding:291] - Using protocol-specific loading configuration for unknown: ['XPP_ALL', 'XAP_ALL', 'PP_FOR_SPECIFIC_COMPARISON', 'AP_FAMILY_1', 'AP_FAMILY_2', 'AP_FAMILY_3', 'AP_FAMILY_4', 'AP_FAMILY_5', 'AP_FAMILY_6']
2025-07-03 13:22:22,893 - INFO - examples.run_decoding_one_pp - [execute_single_subject_decoding:296] - Using loading conditions: ['XPP_ALL', 'XAP_ALL', 'PP_FOR_SPECIFIC_COMPARISON', 'AP_FAMILY_1', 'AP_FAMILY_2', 'AP_FAMILY_3', 'AP_FAMILY_4', 'AP_FAMILY_5', 'AP_FAMILY_6']
2025-07-03 13:22:22,893 - ERROR - examples.run_decoding_one_pp - [execute_single_subject_decoding:300] - Epochs object loading failed for FP102. Aborting subject.
2025-07-03 13:22:22,893 - WARNING - examples.run_decoding_one_group_pp - [execute_group_intra_subject_decoding_analysis:164] - Subject FP102 completed with errors or no valid AUC
2025-07-03 13:22:22,893 - INFO - examples.run_decoding_one_group_pp - [execute_group_intra_subject_decoding_analysis:130] - 
--- Group 'CONTROLS_COMA': Processing Subject 25/25: MB103 ---
2025-07-03 13:22:22,893 - INFO - examples.run_decoding_one_pp - [execute_single_subject_decoding:258] - Starting decoding for subject: MB103 (Group: CONTROLS_COMA, Task Set ID: Group_Intra_CONTROLS_COMA_Subj_MB103, Classifier: svc, GS: False, CSP (temp): False, ANOVA FS (temp): True, n_jobs: 40)
2025-07-03 13:22:22,893 - ERROR - utils.loading_PP_utils - [load_epochs_data_for_decoding_delirium:256] - Data directory for subject 'MB103' (group: 'CONTROLS_COMA') not found. Attempted path: 'None'. Base input: '/mnt/data/tom.balay/data1/Baking_EEG_data/'.
2025-07-03 13:22:22,893 - INFO - utils.loading_PP_utils - [load_epochs_data_auto_protocol:873] - Auto-detected protocol 'unknown' for subject 'MB103' (file hint: None)
2025-07-03 13:22:22,893 - ERROR - utils.loading_PP_utils - [load_epochs_data_for_decoding_delirium:256] - Data directory for subject 'MB103' (group: 'CONTROLS_COMA') not found. Attempted path: 'None'. Base input: '/mnt/data/tom.balay/data1/Baking_EEG_data/'.
2025-07-03 13:22:22,894 - INFO - examples.run_decoding_one_pp - [execute_single_subject_decoding:274] - Detected protocol 'unknown' for subject MB103
2025-07-03 13:22:22,894 - ERROR - utils.loading_PP_utils - [load_epochs_data_for_decoding_delirium:256] - Data directory for subject 'MB103' (group: 'CONTROLS_COMA') not found. Attempted path: 'None'. Base input: '/mnt/data/tom.balay/data1/Baking_EEG_data/'.
2025-07-03 13:22:22,894 - INFO - utils.loading_PP_utils - [load_epochs_data_auto_protocol:873] - Auto-detected protocol 'unknown' for subject 'MB103' (file hint: None)
2025-07-03 13:22:22,894 - ERROR - utils.loading_PP_utils - [load_epochs_data_for_decoding_delirium:256] - Data directory for subject 'MB103' (group: 'CONTROLS_COMA') not found. Attempted path: 'None'. Base input: '/mnt/data/tom.balay/data1/Baking_EEG_data/'.
2025-07-03 13:22:22,894 - INFO - examples.run_decoding_one_pp - [execute_single_subject_decoding:291] - Using protocol-specific loading configuration for unknown: ['XPP_ALL', 'XAP_ALL', 'PP_FOR_SPECIFIC_COMPARISON', 'AP_FAMILY_1', 'AP_FAMILY_2', 'AP_FAMILY_3', 'AP_FAMILY_4', 'AP_FAMILY_5', 'AP_FAMILY_6']
2025-07-03 13:22:22,894 - INFO - examples.run_decoding_one_pp - [execute_single_subject_decoding:296] - Using loading conditions: ['XPP_ALL', 'XAP_ALL', 'PP_FOR_SPECIFIC_COMPARISON', 'AP_FAMILY_1', 'AP_FAMILY_2', 'AP_FAMILY_3', 'AP_FAMILY_4', 'AP_FAMILY_5', 'AP_FAMILY_6']
2025-07-03 13:22:22,894 - ERROR - examples.run_decoding_one_pp - [execute_single_subject_decoding:300] - Epochs object loading failed for MB103. Aborting subject.
2025-07-03 13:22:22,894 - WARNING - examples.run_decoding_one_group_pp - [execute_group_intra_subject_decoding_analysis:164] - Subject MB103 completed with errors or no valid AUC
2025-07-03 13:22:22,894 - INFO - examples.run_decoding_one_group_pp - [execute_group_intra_subject_decoding_analysis:168] - Successfully processed 0/25 subjects for group 'CONTROLS_COMA'
2025-07-03 13:22:22,894 - INFO - examples.run_decoding_one_group_pp - [execute_group_intra_subject_decoding_analysis:171] - Finished subject loop. Total analysis time: 0.0 min
submitit INFO (2025-07-03 13:22:22,895) - Job completed successfully
2025-07-03 13:22:22,895 - INFO - submitit - [process_job:56] - Job completed successfully
submitit INFO (2025-07-03 13:22:22,895) - Exiting after successful completion
2025-07-03 13:22:22,895 - INFO - submitit - [process_job:61] - Exiting after successful completion
