submitit INFO (2025-07-03 13:22:20,674) - Starting with JobEnvironment(job_id=357406_4, hostname=node8, local_rank=0(1), node=0(1), global_rank=0(1))
submitit INFO (2025-07-03 13:22:20,674) - Loading pickle: /home/tom.balay/Baking_EEG/submitit/logs_submitit_master/slurm_jobs_ALL_8_GROUPS_INTRA_20250703_132217/357406_4_submitted.pkl
DEBUG Worker - project_root: /home/tom.balay/Baking_EEG
DEBUG Worker - parent_dir: /home/tom.balay
DEBUG Worker - sys.path: ['/home/tom.balay', '/home/tom.balay/Baking_EEG', '/home/tom.balay/Baking_EEG/submitit']...
2025-07-03 13:22:29,892 - INFO - examples.run_decoding_one_group_pp - [<module>:39] - Tentative d'import de execute_single_subject_decoding...
2025-07-03 13:22:29,893 - INFO - examples.run_decoding_one_group_pp - [<module>:42] - ✅ Import de execute_single_subject_decoding réussi
2025-07-03 13:22:29,897 - INFO - examples.run_decoding_one_group_pp - [execute_group_intra_subject_decoding_analysis:120] - Starting intra-subject decoding loop for GROUP: MCS-. GS: False, CSP: False, ANOVA FS: True. n_jobs_subj: 40.
2025-07-03 13:22:29,898 - INFO - examples.run_decoding_one_group_pp - [execute_group_intra_subject_decoding_analysis:130] - 
--- Group 'MCS-': Processing Subject 1/6: BT25 ---
2025-07-03 13:22:29,898 - INFO - examples.run_decoding_one_pp - [execute_single_subject_decoding:258] - Starting decoding for subject: BT25 (Group: MCS-, Task Set ID: Group_Intra_MCS-_Subj_BT25, Classifier: svc, GS: False, CSP (temp): False, ANOVA FS (temp): True, n_jobs: 40)
2025-07-03 13:22:29,899 - ERROR - utils.loading_PP_utils - [load_epochs_data_for_decoding_delirium:256] - Data directory for subject 'BT25' (group: 'MCS-') not found. Attempted path: 'None'. Base input: '/mnt/data/tom.balay/data1/Baking_EEG_data/'.
2025-07-03 13:22:29,899 - INFO - utils.loading_PP_utils - [load_epochs_data_auto_protocol:873] - Auto-detected protocol 'unknown' for subject 'BT25' (file hint: None)
2025-07-03 13:22:29,900 - ERROR - utils.loading_PP_utils - [load_epochs_data_for_decoding_delirium:256] - Data directory for subject 'BT25' (group: 'MCS-') not found. Attempted path: 'None'. Base input: '/mnt/data/tom.balay/data1/Baking_EEG_data/'.
2025-07-03 13:22:29,900 - INFO - examples.run_decoding_one_pp - [execute_single_subject_decoding:274] - Detected protocol 'unknown' for subject BT25
2025-07-03 13:22:29,900 - ERROR - utils.loading_PP_utils - [load_epochs_data_for_decoding_delirium:256] - Data directory for subject 'BT25' (group: 'MCS-') not found. Attempted path: 'None'. Base input: '/mnt/data/tom.balay/data1/Baking_EEG_data/'.
2025-07-03 13:22:29,901 - INFO - utils.loading_PP_utils - [load_epochs_data_auto_protocol:873] - Auto-detected protocol 'unknown' for subject 'BT25' (file hint: None)
2025-07-03 13:22:29,901 - ERROR - utils.loading_PP_utils - [load_epochs_data_for_decoding_delirium:256] - Data directory for subject 'BT25' (group: 'MCS-') not found. Attempted path: 'None'. Base input: '/mnt/data/tom.balay/data1/Baking_EEG_data/'.
2025-07-03 13:22:29,901 - INFO - examples.run_decoding_one_pp - [execute_single_subject_decoding:291] - Using protocol-specific loading configuration for unknown: ['XPP_ALL', 'XAP_ALL', 'PP_FOR_SPECIFIC_COMPARISON', 'AP_FAMILY_1', 'AP_FAMILY_2', 'AP_FAMILY_3', 'AP_FAMILY_4', 'AP_FAMILY_5', 'AP_FAMILY_6']
2025-07-03 13:22:29,902 - INFO - examples.run_decoding_one_pp - [execute_single_subject_decoding:296] - Using loading conditions: ['XPP_ALL', 'XAP_ALL', 'PP_FOR_SPECIFIC_COMPARISON', 'AP_FAMILY_1', 'AP_FAMILY_2', 'AP_FAMILY_3', 'AP_FAMILY_4', 'AP_FAMILY_5', 'AP_FAMILY_6']
2025-07-03 13:22:29,902 - ERROR - examples.run_decoding_one_pp - [execute_single_subject_decoding:300] - Epochs object loading failed for BT25. Aborting subject.
2025-07-03 13:22:29,902 - WARNING - examples.run_decoding_one_group_pp - [execute_group_intra_subject_decoding_analysis:164] - Subject BT25 completed with errors or no valid AUC
2025-07-03 13:22:29,903 - INFO - examples.run_decoding_one_group_pp - [execute_group_intra_subject_decoding_analysis:130] - 
--- Group 'MCS-': Processing Subject 2/6: CB34 ---
2025-07-03 13:22:29,903 - INFO - examples.run_decoding_one_pp - [execute_single_subject_decoding:258] - Starting decoding for subject: CB34 (Group: MCS-, Task Set ID: Group_Intra_MCS-_Subj_CB34, Classifier: svc, GS: False, CSP (temp): False, ANOVA FS (temp): True, n_jobs: 40)
2025-07-03 13:22:29,903 - ERROR - utils.loading_PP_utils - [load_epochs_data_for_decoding_delirium:256] - Data directory for subject 'CB34' (group: 'MCS-') not found. Attempted path: 'None'. Base input: '/mnt/data/tom.balay/data1/Baking_EEG_data/'.
2025-07-03 13:22:29,904 - INFO - utils.loading_PP_utils - [load_epochs_data_auto_protocol:873] - Auto-detected protocol 'unknown' for subject 'CB34' (file hint: None)
2025-07-03 13:22:29,904 - ERROR - utils.loading_PP_utils - [load_epochs_data_for_decoding_delirium:256] - Data directory for subject 'CB34' (group: 'MCS-') not found. Attempted path: 'None'. Base input: '/mnt/data/tom.balay/data1/Baking_EEG_data/'.
2025-07-03 13:22:29,904 - INFO - examples.run_decoding_one_pp - [execute_single_subject_decoding:274] - Detected protocol 'unknown' for subject CB34
2025-07-03 13:22:29,905 - ERROR - utils.loading_PP_utils - [load_epochs_data_for_decoding_delirium:256] - Data directory for subject 'CB34' (group: 'MCS-') not found. Attempted path: 'None'. Base input: '/mnt/data/tom.balay/data1/Baking_EEG_data/'.
2025-07-03 13:22:29,905 - INFO - utils.loading_PP_utils - [load_epochs_data_auto_protocol:873] - Auto-detected protocol 'unknown' for subject 'CB34' (file hint: None)
2025-07-03 13:22:29,905 - ERROR - utils.loading_PP_utils - [load_epochs_data_for_decoding_delirium:256] - Data directory for subject 'CB34' (group: 'MCS-') not found. Attempted path: 'None'. Base input: '/mnt/data/tom.balay/data1/Baking_EEG_data/'.
2025-07-03 13:22:29,905 - INFO - examples.run_decoding_one_pp - [execute_single_subject_decoding:291] - Using protocol-specific loading configuration for unknown: ['XPP_ALL', 'XAP_ALL', 'PP_FOR_SPECIFIC_COMPARISON', 'AP_FAMILY_1', 'AP_FAMILY_2', 'AP_FAMILY_3', 'AP_FAMILY_4', 'AP_FAMILY_5', 'AP_FAMILY_6']
2025-07-03 13:22:29,906 - INFO - examples.run_decoding_one_pp - [execute_single_subject_decoding:296] - Using loading conditions: ['XPP_ALL', 'XAP_ALL', 'PP_FOR_SPECIFIC_COMPARISON', 'AP_FAMILY_1', 'AP_FAMILY_2', 'AP_FAMILY_3', 'AP_FAMILY_4', 'AP_FAMILY_5', 'AP_FAMILY_6']
2025-07-03 13:22:29,906 - ERROR - examples.run_decoding_one_pp - [execute_single_subject_decoding:300] - Epochs object loading failed for CB34. Aborting subject.
2025-07-03 13:22:29,906 - WARNING - examples.run_decoding_one_group_pp - [execute_group_intra_subject_decoding_analysis:164] - Subject CB34 completed with errors or no valid AUC
2025-07-03 13:22:29,906 - INFO - examples.run_decoding_one_group_pp - [execute_group_intra_subject_decoding_analysis:130] - 
--- Group 'MCS-': Processing Subject 3/6: CG29 ---
2025-07-03 13:22:29,906 - INFO - examples.run_decoding_one_pp - [execute_single_subject_decoding:258] - Starting decoding for subject: CG29 (Group: MCS-, Task Set ID: Group_Intra_MCS-_Subj_CG29, Classifier: svc, GS: False, CSP (temp): False, ANOVA FS (temp): True, n_jobs: 40)
2025-07-03 13:22:29,907 - ERROR - utils.loading_PP_utils - [load_epochs_data_for_decoding_delirium:256] - Data directory for subject 'CG29' (group: 'MCS-') not found. Attempted path: 'None'. Base input: '/mnt/data/tom.balay/data1/Baking_EEG_data/'.
2025-07-03 13:22:29,907 - INFO - utils.loading_PP_utils - [load_epochs_data_auto_protocol:873] - Auto-detected protocol 'unknown' for subject 'CG29' (file hint: None)
2025-07-03 13:22:29,907 - ERROR - utils.loading_PP_utils - [load_epochs_data_for_decoding_delirium:256] - Data directory for subject 'CG29' (group: 'MCS-') not found. Attempted path: 'None'. Base input: '/mnt/data/tom.balay/data1/Baking_EEG_data/'.
2025-07-03 13:22:29,908 - INFO - examples.run_decoding_one_pp - [execute_single_subject_decoding:274] - Detected protocol 'unknown' for subject CG29
2025-07-03 13:22:29,908 - ERROR - utils.loading_PP_utils - [load_epochs_data_for_decoding_delirium:256] - Data directory for subject 'CG29' (group: 'MCS-') not found. Attempted path: 'None'. Base input: '/mnt/data/tom.balay/data1/Baking_EEG_data/'.
2025-07-03 13:22:29,908 - INFO - utils.loading_PP_utils - [load_epochs_data_auto_protocol:873] - Auto-detected protocol 'unknown' for subject 'CG29' (file hint: None)
2025-07-03 13:22:29,909 - ERROR - utils.loading_PP_utils - [load_epochs_data_for_decoding_delirium:256] - Data directory for subject 'CG29' (group: 'MCS-') not found. Attempted path: 'None'. Base input: '/mnt/data/tom.balay/data1/Baking_EEG_data/'.
2025-07-03 13:22:29,909 - INFO - examples.run_decoding_one_pp - [execute_single_subject_decoding:291] - Using protocol-specific loading configuration for unknown: ['XPP_ALL', 'XAP_ALL', 'PP_FOR_SPECIFIC_COMPARISON', 'AP_FAMILY_1', 'AP_FAMILY_2', 'AP_FAMILY_3', 'AP_FAMILY_4', 'AP_FAMILY_5', 'AP_FAMILY_6']
2025-07-03 13:22:29,909 - INFO - examples.run_decoding_one_pp - [execute_single_subject_decoding:296] - Using loading conditions: ['XPP_ALL', 'XAP_ALL', 'PP_FOR_SPECIFIC_COMPARISON', 'AP_FAMILY_1', 'AP_FAMILY_2', 'AP_FAMILY_3', 'AP_FAMILY_4', 'AP_FAMILY_5', 'AP_FAMILY_6']
2025-07-03 13:22:29,909 - ERROR - examples.run_decoding_one_pp - [execute_single_subject_decoding:300] - Epochs object loading failed for CG29. Aborting subject.
2025-07-03 13:22:29,909 - WARNING - examples.run_decoding_one_group_pp - [execute_group_intra_subject_decoding_analysis:164] - Subject CG29 completed with errors or no valid AUC
2025-07-03 13:22:29,910 - INFO - examples.run_decoding_one_group_pp - [execute_group_intra_subject_decoding_analysis:130] - 
--- Group 'MCS-': Processing Subject 4/6: CR26 ---
2025-07-03 13:22:29,910 - INFO - examples.run_decoding_one_pp - [execute_single_subject_decoding:258] - Starting decoding for subject: CR26 (Group: MCS-, Task Set ID: Group_Intra_MCS-_Subj_CR26, Classifier: svc, GS: False, CSP (temp): False, ANOVA FS (temp): True, n_jobs: 40)
2025-07-03 13:22:29,910 - ERROR - utils.loading_PP_utils - [load_epochs_data_for_decoding_delirium:256] - Data directory for subject 'CR26' (group: 'MCS-') not found. Attempted path: 'None'. Base input: '/mnt/data/tom.balay/data1/Baking_EEG_data/'.
2025-07-03 13:22:29,910 - INFO - utils.loading_PP_utils - [load_epochs_data_auto_protocol:873] - Auto-detected protocol 'unknown' for subject 'CR26' (file hint: None)
2025-07-03 13:22:29,911 - ERROR - utils.loading_PP_utils - [load_epochs_data_for_decoding_delirium:256] - Data directory for subject 'CR26' (group: 'MCS-') not found. Attempted path: 'None'. Base input: '/mnt/data/tom.balay/data1/Baking_EEG_data/'.
2025-07-03 13:22:29,911 - INFO - examples.run_decoding_one_pp - [execute_single_subject_decoding:274] - Detected protocol 'unknown' for subject CR26
2025-07-03 13:22:29,911 - ERROR - utils.loading_PP_utils - [load_epochs_data_for_decoding_delirium:256] - Data directory for subject 'CR26' (group: 'MCS-') not found. Attempted path: 'None'. Base input: '/mnt/data/tom.balay/data1/Baking_EEG_data/'.
2025-07-03 13:22:29,912 - INFO - utils.loading_PP_utils - [load_epochs_data_auto_protocol:873] - Auto-detected protocol 'unknown' for subject 'CR26' (file hint: None)
2025-07-03 13:22:29,912 - ERROR - utils.loading_PP_utils - [load_epochs_data_for_decoding_delirium:256] - Data directory for subject 'CR26' (group: 'MCS-') not found. Attempted path: 'None'. Base input: '/mnt/data/tom.balay/data1/Baking_EEG_data/'.
2025-07-03 13:22:29,912 - INFO - examples.run_decoding_one_pp - [execute_single_subject_decoding:291] - Using protocol-specific loading configuration for unknown: ['XPP_ALL', 'XAP_ALL', 'PP_FOR_SPECIFIC_COMPARISON', 'AP_FAMILY_1', 'AP_FAMILY_2', 'AP_FAMILY_3', 'AP_FAMILY_4', 'AP_FAMILY_5', 'AP_FAMILY_6']
2025-07-03 13:22:29,912 - INFO - examples.run_decoding_one_pp - [execute_single_subject_decoding:296] - Using loading conditions: ['XPP_ALL', 'XAP_ALL', 'PP_FOR_SPECIFIC_COMPARISON', 'AP_FAMILY_1', 'AP_FAMILY_2', 'AP_FAMILY_3', 'AP_FAMILY_4', 'AP_FAMILY_5', 'AP_FAMILY_6']
2025-07-03 13:22:29,913 - ERROR - examples.run_decoding_one_pp - [execute_single_subject_decoding:300] - Epochs object loading failed for CR26. Aborting subject.
2025-07-03 13:22:29,913 - WARNING - examples.run_decoding_one_group_pp - [execute_group_intra_subject_decoding_analysis:164] - Subject CR26 completed with errors or no valid AUC
2025-07-03 13:22:29,913 - INFO - examples.run_decoding_one_group_pp - [execute_group_intra_subject_decoding_analysis:130] - 
--- Group 'MCS-': Processing Subject 5/6: MC40 ---
2025-07-03 13:22:29,913 - INFO - examples.run_decoding_one_pp - [execute_single_subject_decoding:258] - Starting decoding for subject: MC40 (Group: MCS-, Task Set ID: Group_Intra_MCS-_Subj_MC40, Classifier: svc, GS: False, CSP (temp): False, ANOVA FS (temp): True, n_jobs: 40)
2025-07-03 13:22:29,914 - ERROR - utils.loading_PP_utils - [load_epochs_data_for_decoding_delirium:256] - Data directory for subject 'MC40' (group: 'MCS-') not found. Attempted path: 'None'. Base input: '/mnt/data/tom.balay/data1/Baking_EEG_data/'.
2025-07-03 13:22:29,914 - INFO - utils.loading_PP_utils - [load_epochs_data_auto_protocol:873] - Auto-detected protocol 'unknown' for subject 'MC40' (file hint: None)
2025-07-03 13:22:29,914 - ERROR - utils.loading_PP_utils - [load_epochs_data_for_decoding_delirium:256] - Data directory for subject 'MC40' (group: 'MCS-') not found. Attempted path: 'None'. Base input: '/mnt/data/tom.balay/data1/Baking_EEG_data/'.
2025-07-03 13:22:29,914 - INFO - examples.run_decoding_one_pp - [execute_single_subject_decoding:274] - Detected protocol 'unknown' for subject MC40
2025-07-03 13:22:29,915 - ERROR - utils.loading_PP_utils - [load_epochs_data_for_decoding_delirium:256] - Data directory for subject 'MC40' (group: 'MCS-') not found. Attempted path: 'None'. Base input: '/mnt/data/tom.balay/data1/Baking_EEG_data/'.
2025-07-03 13:22:29,915 - INFO - utils.loading_PP_utils - [load_epochs_data_auto_protocol:873] - Auto-detected protocol 'unknown' for subject 'MC40' (file hint: None)
2025-07-03 13:22:29,915 - ERROR - utils.loading_PP_utils - [load_epochs_data_for_decoding_delirium:256] - Data directory for subject 'MC40' (group: 'MCS-') not found. Attempted path: 'None'. Base input: '/mnt/data/tom.balay/data1/Baking_EEG_data/'.
2025-07-03 13:22:29,916 - INFO - examples.run_decoding_one_pp - [execute_single_subject_decoding:291] - Using protocol-specific loading configuration for unknown: ['XPP_ALL', 'XAP_ALL', 'PP_FOR_SPECIFIC_COMPARISON', 'AP_FAMILY_1', 'AP_FAMILY_2', 'AP_FAMILY_3', 'AP_FAMILY_4', 'AP_FAMILY_5', 'AP_FAMILY_6']
2025-07-03 13:22:29,916 - INFO - examples.run_decoding_one_pp - [execute_single_subject_decoding:296] - Using loading conditions: ['XPP_ALL', 'XAP_ALL', 'PP_FOR_SPECIFIC_COMPARISON', 'AP_FAMILY_1', 'AP_FAMILY_2', 'AP_FAMILY_3', 'AP_FAMILY_4', 'AP_FAMILY_5', 'AP_FAMILY_6']
2025-07-03 13:22:29,916 - ERROR - examples.run_decoding_one_pp - [execute_single_subject_decoding:300] - Epochs object loading failed for MC40. Aborting subject.
2025-07-03 13:22:29,916 - WARNING - examples.run_decoding_one_group_pp - [execute_group_intra_subject_decoding_analysis:164] - Subject MC40 completed with errors or no valid AUC
2025-07-03 13:22:29,916 - INFO - examples.run_decoding_one_group_pp - [execute_group_intra_subject_decoding_analysis:130] - 
--- Group 'MCS-': Processing Subject 6/6: ML33 ---
2025-07-03 13:22:29,917 - INFO - examples.run_decoding_one_pp - [execute_single_subject_decoding:258] - Starting decoding for subject: ML33 (Group: MCS-, Task Set ID: Group_Intra_MCS-_Subj_ML33, Classifier: svc, GS: False, CSP (temp): False, ANOVA FS (temp): True, n_jobs: 40)
2025-07-03 13:22:29,917 - ERROR - utils.loading_PP_utils - [load_epochs_data_for_decoding_delirium:256] - Data directory for subject 'ML33' (group: 'MCS-') not found. Attempted path: 'None'. Base input: '/mnt/data/tom.balay/data1/Baking_EEG_data/'.
2025-07-03 13:22:29,917 - INFO - utils.loading_PP_utils - [load_epochs_data_auto_protocol:873] - Auto-detected protocol 'unknown' for subject 'ML33' (file hint: None)
2025-07-03 13:22:29,918 - ERROR - utils.loading_PP_utils - [load_epochs_data_for_decoding_delirium:256] - Data directory for subject 'ML33' (group: 'MCS-') not found. Attempted path: 'None'. Base input: '/mnt/data/tom.balay/data1/Baking_EEG_data/'.
2025-07-03 13:22:29,918 - INFO - examples.run_decoding_one_pp - [execute_single_subject_decoding:274] - Detected protocol 'unknown' for subject ML33
2025-07-03 13:22:29,918 - ERROR - utils.loading_PP_utils - [load_epochs_data_for_decoding_delirium:256] - Data directory for subject 'ML33' (group: 'MCS-') not found. Attempted path: 'None'. Base input: '/mnt/data/tom.balay/data1/Baking_EEG_data/'.
2025-07-03 13:22:29,918 - INFO - utils.loading_PP_utils - [load_epochs_data_auto_protocol:873] - Auto-detected protocol 'unknown' for subject 'ML33' (file hint: None)
2025-07-03 13:22:29,919 - ERROR - utils.loading_PP_utils - [load_epochs_data_for_decoding_delirium:256] - Data directory for subject 'ML33' (group: 'MCS-') not found. Attempted path: 'None'. Base input: '/mnt/data/tom.balay/data1/Baking_EEG_data/'.
2025-07-03 13:22:29,919 - INFO - examples.run_decoding_one_pp - [execute_single_subject_decoding:291] - Using protocol-specific loading configuration for unknown: ['XPP_ALL', 'XAP_ALL', 'PP_FOR_SPECIFIC_COMPARISON', 'AP_FAMILY_1', 'AP_FAMILY_2', 'AP_FAMILY_3', 'AP_FAMILY_4', 'AP_FAMILY_5', 'AP_FAMILY_6']
2025-07-03 13:22:29,919 - INFO - examples.run_decoding_one_pp - [execute_single_subject_decoding:296] - Using loading conditions: ['XPP_ALL', 'XAP_ALL', 'PP_FOR_SPECIFIC_COMPARISON', 'AP_FAMILY_1', 'AP_FAMILY_2', 'AP_FAMILY_3', 'AP_FAMILY_4', 'AP_FAMILY_5', 'AP_FAMILY_6']
2025-07-03 13:22:29,919 - ERROR - examples.run_decoding_one_pp - [execute_single_subject_decoding:300] - Epochs object loading failed for ML33. Aborting subject.
2025-07-03 13:22:29,920 - WARNING - examples.run_decoding_one_group_pp - [execute_group_intra_subject_decoding_analysis:164] - Subject ML33 completed with errors or no valid AUC
2025-07-03 13:22:29,920 - INFO - examples.run_decoding_one_group_pp - [execute_group_intra_subject_decoding_analysis:168] - Successfully processed 0/6 subjects for group 'MCS-'
2025-07-03 13:22:29,920 - INFO - examples.run_decoding_one_group_pp - [execute_group_intra_subject_decoding_analysis:171] - Finished subject loop. Total analysis time: 0.0 min
submitit INFO (2025-07-03 13:22:29,921) - Job completed successfully
2025-07-03 13:22:29,921 - INFO - submitit - [process_job:56] - Job completed successfully
submitit INFO (2025-07-03 13:22:29,922) - Exiting after successful completion
2025-07-03 13:22:29,922 - INFO - submitit - [process_job:61] - Exiting after successful completion
