submitit INFO (2025-06-26 10:33:58,708) - Starting with JobEnvironment(job_id=349916_5, hostname=node8, local_rank=0(1), node=0(1), global_rank=0(1))
submitit INFO (2025-06-26 10:33:58,709) - Loading pickle: /home/tom.balay/Baking_EEG/submitit/logs_submitit_master/slurm_jobs_ALL_9_GROUPS_INTRA_20250626_103354/349916_5_submitted.pkl
DEBUG Worker - project_root: /home/tom.balay/Baking_EEG
DEBUG Worker - parent_dir: /home/tom.balay
DEBUG Worker - sys.path: ['/home/tom.balay', '/home/tom.balay/Baking_EEG', '/home/tom.balay/Baking_EEG/submitit']...
2025-06-26 10:34:07,658 - INFO - examples.run_decoding_one_group_pp - [<module>:39] - Tentative d'import de execute_single_subject_decoding...
2025-06-26 10:34:07,658 - INFO - examples.run_decoding_one_group_pp - [<module>:42] - ✅ Import de execute_single_subject_decoding réussi
2025-06-26 10:34:07,663 - INFO - examples.run_decoding_one_group_pp - [execute_group_intra_subject_decoding_analysis:120] - Starting intra-subject decoding loop for GROUP: DELIRIUM+. GS: False, CSP: False, ANOVA FS: True. n_jobs_subj: 38.
2025-06-26 10:34:07,663 - INFO - examples.run_decoding_one_group_pp - [execute_group_intra_subject_decoding_analysis:130] - 
--- Group 'DELIRIUM+': Processing Subject 1/25: TpAB19 ---
2025-06-26 10:34:07,664 - INFO - examples.run_decoding_one_pp - [execute_single_subject_decoding:183] - Starting decoding for subject: TpAB19 (Group: DELIRIUM+, Task Set ID: Group_Intra_DELIRIUM+_Subj_TpAB19, Classifier: svc, GS: False, CSP (temp): False, ANOVA FS (temp): True, n_jobs: 38)
2025-06-26 10:34:07,664 - INFO - examples.run_decoding_one_pp - [execute_single_subject_decoding:192] - Using loading conditions: ['XPP_ALL', 'XAP_ALL', 'PP_FOR_SPECIFIC_COMPARISON', 'AP_FAMILY_1', 'AP_FAMILY_2', 'AP_FAMILY_3', 'AP_FAMILY_4', 'AP_FAMILY_5', 'AP_FAMILY_6']
2025-06-26 10:34:09,194 - ERROR - utils.loading_PP_utils - [load_epochs_data_for_decoding_delirium:416] - CRITICAL: No data loaded for ANY specified conditions for subject TpAB19.
2025-06-26 10:34:09,196 - WARNING - utils.loading_PP_utils - [load_epochs_data_for_decoding_delirium:423] - Empty data array for condition 'temp' (specifier: 'AP') for subject TpAB19.
2025-06-26 10:34:09,197 - INFO - utils.loading_PP_utils - [load_epochs_data_auto_protocol:783] - Auto-detected protocol 'delirium' for subject 'TpAB19' (file hint: legacy)
2025-06-26 10:34:09,198 - INFO - utils.loading_PP_utils - [find_epochs_file_with_protocol_detection:96] - Found epochs file: /mnt/data/tom.balay/data/Baking_EEG_data/PP_PATIENTS_DELIRIUM+_0.5/TpAB19_PP_preproc_noICA_PP-epo_ar.fif (protocol: legacy)
2025-06-26 10:34:09,198 - INFO - utils.loading_PP_utils - [load_epochs_data_for_decoding_delirium:279] - Loading epoch data for subject 'TpAB19' from: /mnt/data/tom.balay/data/Baking_EEG_data/PP_PATIENTS_DELIRIUM+_0.5/TpAB19_PP_preproc_noICA_PP-epo_ar.fif (file protocol: legacy)
2025-06-26 10:34:10,080 - INFO - utils.loading_PP_utils - [load_epochs_data_for_decoding_delirium:290] - Event IDs available for TpAB19:
2025-06-26 10:34:10,081 - INFO - utils.loading_PP_utils - [load_epochs_data_for_decoding_delirium:294] -   - 'PP/10': 110
2025-06-26 10:34:10,081 - INFO - utils.loading_PP_utils - [load_epochs_data_for_decoding_delirium:294] -   - 'PP/20': 120
2025-06-26 10:34:10,081 - INFO - utils.loading_PP_utils - [load_epochs_data_for_decoding_delirium:294] -   - 'PP/30': 130
2025-06-26 10:34:10,081 - INFO - utils.loading_PP_utils - [load_epochs_data_for_decoding_delirium:294] -   - 'AP/11': 111
2025-06-26 10:34:10,082 - INFO - utils.loading_PP_utils - [load_epochs_data_for_decoding_delirium:294] -   - 'AP/12': 112
2025-06-26 10:34:10,082 - INFO - utils.loading_PP_utils - [load_epochs_data_for_decoding_delirium:294] -   - 'AP/13': 113
2025-06-26 10:34:10,082 - INFO - utils.loading_PP_utils - [load_epochs_data_for_decoding_delirium:294] -   - 'AP/14': 114
2025-06-26 10:34:10,082 - INFO - utils.loading_PP_utils - [load_epochs_data_for_decoding_delirium:294] -   - 'AP/15': 115
2025-06-26 10:34:10,082 - INFO - utils.loading_PP_utils - [load_epochs_data_for_decoding_delirium:294] -   - 'AP/16': 116
2025-06-26 10:34:10,083 - INFO - utils.loading_PP_utils - [load_epochs_data_for_decoding_delirium:294] -   - 'AP/21': 121
2025-06-26 10:34:10,083 - INFO - utils.loading_PP_utils - [load_epochs_data_for_decoding_delirium:294] -   - 'AP/22': 122
2025-06-26 10:34:10,083 - INFO - utils.loading_PP_utils - [load_epochs_data_for_decoding_delirium:294] -   - 'AP/23': 123
2025-06-26 10:34:10,083 - INFO - utils.loading_PP_utils - [load_epochs_data_for_decoding_delirium:294] -   - 'AP/24': 124
2025-06-26 10:34:10,083 - INFO - utils.loading_PP_utils - [load_epochs_data_for_decoding_delirium:294] -   - 'AP/25': 125
2025-06-26 10:34:10,084 - INFO - utils.loading_PP_utils - [load_epochs_data_for_decoding_delirium:294] -   - 'AP/26': 126
2025-06-26 10:34:10,084 - INFO - utils.loading_PP_utils - [load_epochs_data_for_decoding_delirium:294] -   - 'AP/31': 131
2025-06-26 10:34:10,084 - INFO - utils.loading_PP_utils - [load_epochs_data_for_decoding_delirium:294] -   - 'AP/32': 132
2025-06-26 10:34:10,084 - INFO - utils.loading_PP_utils - [load_epochs_data_for_decoding_delirium:294] -   - 'AP/33': 133
2025-06-26 10:34:10,084 - INFO - utils.loading_PP_utils - [load_epochs_data_for_decoding_delirium:294] -   - 'AP/34': 134
2025-06-26 10:34:10,085 - INFO - utils.loading_PP_utils - [load_epochs_data_for_decoding_delirium:294] -   - 'AP/35': 135
2025-06-26 10:34:10,085 - INFO - utils.loading_PP_utils - [load_epochs_data_for_decoding_delirium:294] -   - 'AP/36': 136
2025-06-26 10:34:10,258 - INFO - utils.loading_PP_utils - [inspect_epochs_events:835] - === EVENT INSPECTION FOR TpAB19 ===
2025-06-26 10:34:10,258 - INFO - utils.loading_PP_utils - [inspect_epochs_events:838] - File: /mnt/data/tom.balay/data/Baking_EEG_data/PP_PATIENTS_DELIRIUM+_0.5/TpAB19_PP_preproc_noICA_PP-epo_ar.fif
2025-06-26 10:34:10,258 - INFO - utils.loading_PP_utils - [inspect_epochs_events:839] - Total events: 320
2025-06-26 10:34:10,259 - INFO - utils.loading_PP_utils - [inspect_epochs_events:840] - Event types and counts:
2025-06-26 10:34:10,259 - INFO - utils.loading_PP_utils - [inspect_epochs_events:842] -   - 'PP/10' (code 110): 13 epochs
2025-06-26 10:34:10,259 - INFO - utils.loading_PP_utils - [inspect_epochs_events:842] -   - 'PP/20' (code 120): 17 epochs
2025-06-26 10:34:10,259 - INFO - utils.loading_PP_utils - [inspect_epochs_events:842] -   - 'PP/30' (code 130): 14 epochs
2025-06-26 10:34:10,259 - INFO - utils.loading_PP_utils - [inspect_epochs_events:842] -   - 'AP/11' (code 111): 16 epochs
2025-06-26 10:34:10,260 - INFO - utils.loading_PP_utils - [inspect_epochs_events:842] -   - 'AP/12' (code 112): 14 epochs
2025-06-26 10:34:10,260 - INFO - utils.loading_PP_utils - [inspect_epochs_events:842] -   - 'AP/13' (code 113): 16 epochs
2025-06-26 10:34:10,260 - INFO - utils.loading_PP_utils - [inspect_epochs_events:842] -   - 'AP/14' (code 114): 16 epochs
2025-06-26 10:34:10,260 - INFO - utils.loading_PP_utils - [inspect_epochs_events:842] -   - 'AP/15' (code 115): 16 epochs
2025-06-26 10:34:10,260 - INFO - utils.loading_PP_utils - [inspect_epochs_events:842] -   - 'AP/16' (code 116): 16 epochs
2025-06-26 10:34:10,260 - INFO - utils.loading_PP_utils - [inspect_epochs_events:842] -   - 'AP/21' (code 121): 14 epochs
2025-06-26 10:34:10,261 - INFO - utils.loading_PP_utils - [inspect_epochs_events:842] -   - 'AP/22' (code 122): 15 epochs
2025-06-26 10:34:10,261 - INFO - utils.loading_PP_utils - [inspect_epochs_events:842] -   - 'AP/23' (code 123): 15 epochs
2025-06-26 10:34:10,261 - INFO - utils.loading_PP_utils - [inspect_epochs_events:842] -   - 'AP/24' (code 124): 12 epochs
2025-06-26 10:34:10,261 - INFO - utils.loading_PP_utils - [inspect_epochs_events:842] -   - 'AP/25' (code 125): 14 epochs
2025-06-26 10:34:10,261 - INFO - utils.loading_PP_utils - [inspect_epochs_events:842] -   - 'AP/26' (code 126): 13 epochs
2025-06-26 10:34:10,262 - INFO - utils.loading_PP_utils - [inspect_epochs_events:842] -   - 'AP/31' (code 131): 10 epochs
2025-06-26 10:34:10,262 - INFO - utils.loading_PP_utils - [inspect_epochs_events:842] -   - 'AP/32' (code 132): 17 epochs
2025-06-26 10:34:10,262 - INFO - utils.loading_PP_utils - [inspect_epochs_events:842] -   - 'AP/33' (code 133): 15 epochs
2025-06-26 10:34:10,262 - INFO - utils.loading_PP_utils - [inspect_epochs_events:842] -   - 'AP/34' (code 134): 20 epochs
2025-06-26 10:34:10,262 - INFO - utils.loading_PP_utils - [inspect_epochs_events:842] -   - 'AP/35' (code 135): 17 epochs
2025-06-26 10:34:10,263 - INFO - utils.loading_PP_utils - [inspect_epochs_events:842] -   - 'AP/36' (code 136): 20 epochs
2025-06-26 10:34:10,711 - INFO - utils.loading_PP_utils - [load_epochs_data_for_decoding_delirium:320] - Processing conditions: ['XPP_ALL', 'XAP_ALL', 'PP_FOR_SPECIFIC_COMPARISON', 'AP_FAMILY_1', 'AP_FAMILY_2', 'AP_FAMILY_3', 'AP_FAMILY_4', 'AP_FAMILY_5', 'AP_FAMILY_6']
2025-06-26 10:34:11,967 - INFO - utils.loading_PP_utils - [load_epochs_data_for_decoding_delirium:433] -   Data shapes for 'TpAB19': XPP_ALL=(44, 124, 601), XAP_ALL=(276, 124, 601), PP_FOR_SPECIFIC_COMPARISON=(44, 124, 601), AP_FAMILY_1=(40, 124, 601), AP_FAMILY_2=(46, 124, 601), AP_FAMILY_3=(46, 124, 601), AP_FAMILY_4=(48, 124, 601), AP_FAMILY_5=(47, 124, 601), AP_FAMILY_6=(49, 124, 601). Loaded in 2.77s
2025-06-26 10:34:11,970 - INFO - examples.run_decoding_one_pp - [execute_single_subject_decoding:201] - Detected protocol 'delirium' for subject TpAB19
2025-06-26 10:34:11,970 - INFO - examples.run_decoding_one_pp - [execute_single_subject_decoding:231] - Successfully loaded 640 total epochs across all conditions for TpAB19
2025-06-26 10:34:11,970 - INFO - examples.run_decoding_one_pp - [execute_single_subject_decoding:260] - --- Starting Main Protocol Decoding for TpAB19 ---
2025-06-26 10:34:11,971 - INFO - examples.run_decoding_one_pp - [execute_single_subject_decoding:263] -   --- 1. Main Decoding (e.g., PP/all vs AP/all) for TpAB19 ---
2025-06-26 10:34:12,187 - INFO - Baking_EEG._4_decoding_core - [run_temporal_decoding_analysis:68] - --- Temporal Ddcoding Analysis ---
2025-06-26 10:34:12,187 - INFO - Baking_EEG._4_decoding_core - [run_temporal_decoding_analysis:69] - Clf: svc, GS: False, CSP (temporal): False, ANOVA FS (temporal): True
2025-06-26 10:34:12,189 - INFO - base.base_decoding - [_build_standard_classifier_pipeline:57] - Pipeline à hyperparamètres fixes: type='svc', CSP: False, ANOVA FS: True
2025-06-26 10:34:12,190 - INFO - base.base_decoding - [_build_standard_classifier_pipeline:68] - DEBUG: add_csp_step type=bool, value=False, bool()=False
2025-06-26 10:34:12,190 - INFO - base.base_decoding - [_build_standard_classifier_pipeline:91] -    Étape ANOVA FS 'anova_feature_selection' ajoutée (percentile fixe=15).
2025-06-26 10:34:12,191 - INFO - base.base_decoding - [_build_standard_classifier_pipeline:123] - Structure finale du pipeline: ['scaler', 'anova_feature_selection', 'svc_classifier']
2025-06-26 10:34:12,191 - INFO - base.base_decoding - [_build_standard_classifier_pipeline:57] - Pipeline à hyperparamètres fixes: type='svc', CSP: False, ANOVA FS: False
2025-06-26 10:34:12,191 - INFO - base.base_decoding - [_build_standard_classifier_pipeline:68] - DEBUG: add_csp_step type=bool, value=False, bool()=False
2025-06-26 10:34:12,191 - INFO - base.base_decoding - [_build_standard_classifier_pipeline:123] - Structure finale du pipeline: ['scaler', 'svc_classifier']
2025-06-26 10:34:12,192 - INFO - Baking_EEG._4_decoding_core - [run_temporal_decoding_analysis:246] - CV strategy: StratifiedKFold with 10 splits.
2025-06-26 10:34:12,192 - INFO - Baking_EEG._4_decoding_core - [run_temporal_decoding_analysis:258] - Sample weights: Auto-calculated per fold (recommended for StratifiedKFold).
2025-06-26 10:34:12,220 - INFO - Baking_EEG._4_decoding_core - [run_temporal_decoding_analysis:294] - MNE Estimators: Using fold-specific balancing via class_weight='balanced' (if supported by classifier).
2025-06-26 10:34:12,220 - INFO - Baking_EEG._4_decoding_core - [run_temporal_decoding_analysis:310] - Starting 1D temporal decoding (SlidingEstimator)...
2025-06-26 10:35:13,711 - INFO - Baking_EEG._4_decoding_core - [run_temporal_decoding_analysis:338] - 1D temporal decoding done. Peak mean AUC: 0.735
2025-06-26 10:35:13,713 - INFO - Baking_EEG._4_decoding_core - [run_temporal_decoding_analysis:346] - Starting TGM computation (GeneralizingEstimator)...
