submitit INFO (2025-06-26 10:33:57,245) - Starting with JobEnvironment(job_id=349916_3, hostname=node6, local_rank=0(1), node=0(1), global_rank=0(1))
submitit INFO (2025-06-26 10:33:57,245) - Loading pickle: /home/tom.balay/Baking_EEG/submitit/logs_submitit_master/slurm_jobs_ALL_9_GROUPS_INTRA_20250626_103354/349916_3_submitted.pkl
DEBUG Worker - project_root: /home/tom.balay/Baking_EEG
DEBUG Worker - parent_dir: /home/tom.balay
DEBUG Worker - sys.path: ['/home/tom.balay', '/home/tom.balay/Baking_EEG', '/home/tom.balay/Baking_EEG/submitit']...
2025-06-26 10:34:01,511 - INFO - examples.run_decoding_one_group_pp - [<module>:39] - Tentative d'import de execute_single_subject_decoding...
2025-06-26 10:34:01,511 - INFO - examples.run_decoding_one_group_pp - [<module>:42] - ✅ Import de execute_single_subject_decoding réussi
2025-06-26 10:34:01,514 - INFO - examples.run_decoding_one_group_pp - [execute_group_intra_subject_decoding_analysis:120] - Starting intra-subject decoding loop for GROUP: MCS-. GS: False, CSP: False, ANOVA FS: True. n_jobs_subj: 38.
2025-06-26 10:34:01,514 - INFO - examples.run_decoding_one_group_pp - [execute_group_intra_subject_decoding_analysis:130] - 
--- Group 'MCS-': Processing Subject 1/6: BT25 ---
2025-06-26 10:34:01,514 - INFO - examples.run_decoding_one_pp - [execute_single_subject_decoding:183] - Starting decoding for subject: BT25 (Group: MCS-, Task Set ID: Group_Intra_MCS-_Subj_BT25, Classifier: svc, GS: False, CSP (temp): False, ANOVA FS (temp): True, n_jobs: 38)
2025-06-26 10:34:01,514 - INFO - examples.run_decoding_one_pp - [execute_single_subject_decoding:192] - Using loading conditions: ['XPP_ALL', 'XAP_ALL', 'PP_FOR_SPECIFIC_COMPARISON', 'AP_FAMILY_1', 'AP_FAMILY_2', 'AP_FAMILY_3', 'AP_FAMILY_4', 'AP_FAMILY_5', 'AP_FAMILY_6']
2025-06-26 10:34:02,524 - ERROR - utils.loading_PP_utils - [load_epochs_data_for_decoding_delirium:416] - CRITICAL: No data loaded for ANY specified conditions for subject BT25.
2025-06-26 10:34:02,525 - WARNING - utils.loading_PP_utils - [load_epochs_data_for_decoding_delirium:423] - Empty data array for condition 'temp' (specifier: 'AP') for subject BT25.
2025-06-26 10:34:02,525 - INFO - utils.loading_PP_utils - [load_epochs_data_auto_protocol:783] - Auto-detected protocol 'battery' for subject 'BT25' (file hint: ppext3)
2025-06-26 10:34:02,525 - INFO - utils.loading_PP_utils - [load_epochs_data_for_decoding_battery:485] - Loading Battery protocol data for subject 'BT25' (group: MCS-)
2025-06-26 10:34:02,526 - INFO - utils.loading_PP_utils - [find_epochs_file_with_protocol_detection:80] - Found epochs file: /mnt/data/tom.balay/data/Baking_EEG_data/PP_MCS-_01HZ/PPext3/BT25_preproc_ICA_PPAP-epo_ar.fif (protocol: ppext3)
2025-06-26 10:34:02,526 - INFO - utils.loading_PP_utils - [load_epochs_data_for_decoding_delirium:279] - Loading epoch data for subject 'BT25' from: /mnt/data/tom.balay/data/Baking_EEG_data/PP_MCS-_01HZ/PPext3/BT25_preproc_ICA_PPAP-epo_ar.fif (file protocol: ppext3)
2025-06-26 10:34:02,784 - INFO - utils.loading_PP_utils - [load_epochs_data_for_decoding_delirium:290] - Event IDs available for BT25:
2025-06-26 10:34:02,784 - INFO - utils.loading_PP_utils - [load_epochs_data_for_decoding_delirium:294] -   - 'PP/Noise/Dio/V1': 110
2025-06-26 10:34:02,785 - INFO - utils.loading_PP_utils - [load_epochs_data_for_decoding_delirium:294] -   - 'PP/Noise/Dio/V2': 120
2025-06-26 10:34:02,785 - INFO - utils.loading_PP_utils - [load_epochs_data_for_decoding_delirium:294] -   - 'PP/Noise/Dio/V3': 130
2025-06-26 10:34:02,785 - INFO - utils.loading_PP_utils - [load_epochs_data_for_decoding_delirium:294] -   - 'PP/Noise/Conv/G/V1': 140
2025-06-26 10:34:02,785 - INFO - utils.loading_PP_utils - [load_epochs_data_for_decoding_delirium:294] -   - 'PP/Noise/Conv/G/V2': 150
2025-06-26 10:34:02,785 - INFO - utils.loading_PP_utils - [load_epochs_data_for_decoding_delirium:294] -   - 'PP/Noise/Conv/G/V3': 160
2025-06-26 10:34:02,785 - INFO - utils.loading_PP_utils - [load_epochs_data_for_decoding_delirium:294] -   - 'PP/Noise/Conv/D/V1': 170
2025-06-26 10:34:02,785 - INFO - utils.loading_PP_utils - [load_epochs_data_for_decoding_delirium:294] -   - 'PP/Noise/Conv/D/V2': 180
2025-06-26 10:34:02,785 - INFO - utils.loading_PP_utils - [load_epochs_data_for_decoding_delirium:294] -   - 'PP/Noise/Conv/D/V3': 190
2025-06-26 10:34:02,785 - INFO - utils.loading_PP_utils - [load_epochs_data_for_decoding_delirium:294] -   - 'PP/Music/Dio/V1': 1110
2025-06-26 10:34:02,785 - INFO - utils.loading_PP_utils - [load_epochs_data_for_decoding_delirium:294] -   - 'PP/Music/Dio/V2': 1120
2025-06-26 10:34:02,785 - INFO - utils.loading_PP_utils - [load_epochs_data_for_decoding_delirium:294] -   - 'PP/Music/Dio/V3': 1130
2025-06-26 10:34:02,785 - INFO - utils.loading_PP_utils - [load_epochs_data_for_decoding_delirium:294] -   - 'PP/Music/Conv/G/V1': 1140
2025-06-26 10:34:02,785 - INFO - utils.loading_PP_utils - [load_epochs_data_for_decoding_delirium:294] -   - 'PP/Music/Conv/G/V2': 1150
2025-06-26 10:34:02,786 - INFO - utils.loading_PP_utils - [load_epochs_data_for_decoding_delirium:294] -   - 'PP/Music/Conv/G/V3': 1160
2025-06-26 10:34:02,786 - INFO - utils.loading_PP_utils - [load_epochs_data_for_decoding_delirium:294] -   - 'PP/Music/Conv/D/V1': 1170
2025-06-26 10:34:02,786 - INFO - utils.loading_PP_utils - [load_epochs_data_for_decoding_delirium:294] -   - 'PP/Music/Conv/D/V2': 1180
2025-06-26 10:34:02,786 - INFO - utils.loading_PP_utils - [load_epochs_data_for_decoding_delirium:294] -   - 'PP/Music/Conv/D/V3': 1190
2025-06-26 10:34:02,786 - INFO - utils.loading_PP_utils - [load_epochs_data_for_decoding_delirium:294] -   - 'AP/1/Noise/Dio/V1': 2111
2025-06-26 10:34:02,786 - INFO - utils.loading_PP_utils - [load_epochs_data_for_decoding_delirium:294] -   - 'AP/1/Noise/Dio/V2': 2121
2025-06-26 10:34:02,786 - INFO - utils.loading_PP_utils - [load_epochs_data_for_decoding_delirium:294] -   - 'AP/1/Noise/Dio/V3': 2131
2025-06-26 10:34:02,786 - INFO - utils.loading_PP_utils - [load_epochs_data_for_decoding_delirium:294] -   - 'AP/1/Noise/Conv/G/V1': 2141
2025-06-26 10:34:02,786 - INFO - utils.loading_PP_utils - [load_epochs_data_for_decoding_delirium:294] -   - 'AP/1/Noise/Conv/G/V2': 2151
2025-06-26 10:34:02,786 - INFO - utils.loading_PP_utils - [load_epochs_data_for_decoding_delirium:294] -   - 'AP/1/Noise/Conv/G/V3': 2161
2025-06-26 10:34:02,786 - INFO - utils.loading_PP_utils - [load_epochs_data_for_decoding_delirium:294] -   - 'AP/1/Noise/Conv/D/V1': 2171
2025-06-26 10:34:02,786 - INFO - utils.loading_PP_utils - [load_epochs_data_for_decoding_delirium:294] -   - 'AP/1/Noise/Conv/D/V2': 2181
2025-06-26 10:34:02,786 - INFO - utils.loading_PP_utils - [load_epochs_data_for_decoding_delirium:294] -   - 'AP/1/Noise/Conv/D/V3': 2191
2025-06-26 10:34:02,787 - INFO - utils.loading_PP_utils - [load_epochs_data_for_decoding_delirium:294] -   - 'AP/1/Music/Dio/V1': 3111
2025-06-26 10:34:02,787 - INFO - utils.loading_PP_utils - [load_epochs_data_for_decoding_delirium:294] -   - 'AP/1/Music/Dio/V2': 3121
2025-06-26 10:34:02,787 - INFO - utils.loading_PP_utils - [load_epochs_data_for_decoding_delirium:294] -   - 'AP/1/Music/Dio/V3': 3131
2025-06-26 10:34:02,787 - INFO - utils.loading_PP_utils - [load_epochs_data_for_decoding_delirium:294] -   - 'AP/1/Music/Conv/G/V1': 3141
2025-06-26 10:34:02,787 - INFO - utils.loading_PP_utils - [load_epochs_data_for_decoding_delirium:294] -   - 'AP/1/Music/Conv/G/V2': 3151
2025-06-26 10:34:02,787 - INFO - utils.loading_PP_utils - [load_epochs_data_for_decoding_delirium:294] -   - 'AP/1/Music/Conv/G/V3': 3161
2025-06-26 10:34:02,787 - INFO - utils.loading_PP_utils - [load_epochs_data_for_decoding_delirium:294] -   - 'AP/1/Music/Conv/D/V1': 3171
2025-06-26 10:34:02,787 - INFO - utils.loading_PP_utils - [load_epochs_data_for_decoding_delirium:294] -   - 'AP/1/Music/Conv/D/V2': 3181
2025-06-26 10:34:02,787 - INFO - utils.loading_PP_utils - [load_epochs_data_for_decoding_delirium:294] -   - 'AP/1/Music/Conv/D/V3': 3191
2025-06-26 10:34:02,787 - INFO - utils.loading_PP_utils - [load_epochs_data_for_decoding_delirium:294] -   - 'AP/2/Noise/Dio/V1': 2112
2025-06-26 10:34:02,787 - INFO - utils.loading_PP_utils - [load_epochs_data_for_decoding_delirium:294] -   - 'AP/2/Noise/Dio/V2': 2122
2025-06-26 10:34:02,787 - INFO - utils.loading_PP_utils - [load_epochs_data_for_decoding_delirium:294] -   - 'AP/2/Noise/Dio/V3': 2132
2025-06-26 10:34:02,787 - INFO - utils.loading_PP_utils - [load_epochs_data_for_decoding_delirium:294] -   - 'AP/2/Noise/Conv/G/V1': 2142
2025-06-26 10:34:02,787 - INFO - utils.loading_PP_utils - [load_epochs_data_for_decoding_delirium:294] -   - 'AP/2/Noise/Conv/G/V2': 2152
2025-06-26 10:34:02,788 - INFO - utils.loading_PP_utils - [load_epochs_data_for_decoding_delirium:294] -   - 'AP/2/Noise/Conv/G/V3': 2162
2025-06-26 10:34:02,788 - INFO - utils.loading_PP_utils - [load_epochs_data_for_decoding_delirium:294] -   - 'AP/2/Noise/Conv/D/V1': 2172
2025-06-26 10:34:02,788 - INFO - utils.loading_PP_utils - [load_epochs_data_for_decoding_delirium:294] -   - 'AP/2/Noise/Conv/D/V2': 2182
2025-06-26 10:34:02,788 - INFO - utils.loading_PP_utils - [load_epochs_data_for_decoding_delirium:294] -   - 'AP/2/Noise/Conv/D/V3': 2192
2025-06-26 10:34:02,788 - INFO - utils.loading_PP_utils - [load_epochs_data_for_decoding_delirium:294] -   - 'AP/2/Music/Dio/V1': 3112
2025-06-26 10:34:02,788 - INFO - utils.loading_PP_utils - [load_epochs_data_for_decoding_delirium:294] -   - 'AP/2/Music/Dio/V2': 3122
2025-06-26 10:34:02,788 - INFO - utils.loading_PP_utils - [load_epochs_data_for_decoding_delirium:294] -   - 'AP/2/Music/Dio/V3': 3132
2025-06-26 10:34:02,788 - INFO - utils.loading_PP_utils - [load_epochs_data_for_decoding_delirium:294] -   - 'AP/2/Music/Conv/G/V1': 3142
2025-06-26 10:34:02,788 - INFO - utils.loading_PP_utils - [load_epochs_data_for_decoding_delirium:294] -   - 'AP/2/Music/Conv/G/V2': 3152
2025-06-26 10:34:02,788 - INFO - utils.loading_PP_utils - [load_epochs_data_for_decoding_delirium:294] -   - 'AP/2/Music/Conv/G/V3': 3162
2025-06-26 10:34:02,788 - INFO - utils.loading_PP_utils - [load_epochs_data_for_decoding_delirium:294] -   - 'AP/2/Music/Conv/D/V1': 3172
2025-06-26 10:34:02,788 - INFO - utils.loading_PP_utils - [load_epochs_data_for_decoding_delirium:294] -   - 'AP/2/Music/Conv/D/V2': 3182
2025-06-26 10:34:02,788 - INFO - utils.loading_PP_utils - [load_epochs_data_for_decoding_delirium:294] -   - 'AP/2/Music/Conv/D/V3': 3192
2025-06-26 10:34:02,789 - INFO - utils.loading_PP_utils - [load_epochs_data_for_decoding_delirium:294] -   - 'AP/3/Noise/Dio/V1': 2113
2025-06-26 10:34:02,789 - INFO - utils.loading_PP_utils - [load_epochs_data_for_decoding_delirium:294] -   - 'AP/3/Noise/Dio/V2': 2123
2025-06-26 10:34:02,789 - INFO - utils.loading_PP_utils - [load_epochs_data_for_decoding_delirium:294] -   - 'AP/3/Noise/Dio/V3': 2133
2025-06-26 10:34:02,789 - INFO - utils.loading_PP_utils - [load_epochs_data_for_decoding_delirium:294] -   - 'AP/3/Noise/Conv/G/V1': 2143
2025-06-26 10:34:02,789 - INFO - utils.loading_PP_utils - [load_epochs_data_for_decoding_delirium:294] -   - 'AP/3/Noise/Conv/G/V2': 2153
2025-06-26 10:34:02,789 - INFO - utils.loading_PP_utils - [load_epochs_data_for_decoding_delirium:294] -   - 'AP/3/Noise/Conv/G/V3': 2163
2025-06-26 10:34:02,789 - INFO - utils.loading_PP_utils - [load_epochs_data_for_decoding_delirium:294] -   - 'AP/3/Noise/Conv/D/V1': 2173
2025-06-26 10:34:02,789 - INFO - utils.loading_PP_utils - [load_epochs_data_for_decoding_delirium:294] -   - 'AP/3/Noise/Conv/D/V2': 2183
2025-06-26 10:34:02,789 - INFO - utils.loading_PP_utils - [load_epochs_data_for_decoding_delirium:294] -   - 'AP/3/Noise/Conv/D/V3': 2193
2025-06-26 10:34:02,789 - INFO - utils.loading_PP_utils - [load_epochs_data_for_decoding_delirium:294] -   - 'AP/3/Music/Dio/V1': 3113
2025-06-26 10:34:02,789 - INFO - utils.loading_PP_utils - [load_epochs_data_for_decoding_delirium:294] -   - 'AP/3/Music/Dio/V2': 3123
2025-06-26 10:34:02,789 - INFO - utils.loading_PP_utils - [load_epochs_data_for_decoding_delirium:294] -   - 'AP/3/Music/Dio/V3': 3133
2025-06-26 10:34:02,789 - INFO - utils.loading_PP_utils - [load_epochs_data_for_decoding_delirium:294] -   - 'AP/3/Music/Conv/G/V1': 3143
2025-06-26 10:34:02,789 - INFO - utils.loading_PP_utils - [load_epochs_data_for_decoding_delirium:294] -   - 'AP/3/Music/Conv/G/V2': 3153
2025-06-26 10:34:02,790 - INFO - utils.loading_PP_utils - [load_epochs_data_for_decoding_delirium:294] -   - 'AP/3/Music/Conv/G/V3': 3163
2025-06-26 10:34:02,790 - INFO - utils.loading_PP_utils - [load_epochs_data_for_decoding_delirium:294] -   - 'AP/3/Music/Conv/D/V1': 3173
2025-06-26 10:34:02,790 - INFO - utils.loading_PP_utils - [load_epochs_data_for_decoding_delirium:294] -   - 'AP/3/Music/Conv/D/V2': 3183
2025-06-26 10:34:02,790 - INFO - utils.loading_PP_utils - [load_epochs_data_for_decoding_delirium:294] -   - 'AP/3/Music/Conv/D/V3': 3193
2025-06-26 10:34:02,790 - INFO - utils.loading_PP_utils - [load_epochs_data_for_decoding_delirium:294] -   - 'AP/4/Noise/Dio/V1': 2114
2025-06-26 10:34:02,790 - INFO - utils.loading_PP_utils - [load_epochs_data_for_decoding_delirium:294] -   - 'AP/4/Noise/Dio/V2': 2124
2025-06-26 10:34:02,790 - INFO - utils.loading_PP_utils - [load_epochs_data_for_decoding_delirium:294] -   - 'AP/4/Noise/Dio/V3': 2134
2025-06-26 10:34:02,790 - INFO - utils.loading_PP_utils - [load_epochs_data_for_decoding_delirium:294] -   - 'AP/4/Noise/Conv/G/V1': 2144
2025-06-26 10:34:02,790 - INFO - utils.loading_PP_utils - [load_epochs_data_for_decoding_delirium:294] -   - 'AP/4/Noise/Conv/G/V2': 2154
2025-06-26 10:34:02,790 - INFO - utils.loading_PP_utils - [load_epochs_data_for_decoding_delirium:294] -   - 'AP/4/Noise/Conv/G/V3': 2164
2025-06-26 10:34:02,790 - INFO - utils.loading_PP_utils - [load_epochs_data_for_decoding_delirium:294] -   - 'AP/4/Noise/Conv/D/V1': 2174
2025-06-26 10:34:02,790 - INFO - utils.loading_PP_utils - [load_epochs_data_for_decoding_delirium:294] -   - 'AP/4/Noise/Conv/D/V2': 2184
2025-06-26 10:34:02,790 - INFO - utils.loading_PP_utils - [load_epochs_data_for_decoding_delirium:294] -   - 'AP/4/Noise/Conv/D/V3': 2194
2025-06-26 10:34:02,790 - INFO - utils.loading_PP_utils - [load_epochs_data_for_decoding_delirium:294] -   - 'AP/4/Music/Dio/V1': 3114
2025-06-26 10:34:02,791 - INFO - utils.loading_PP_utils - [load_epochs_data_for_decoding_delirium:294] -   - 'AP/4/Music/Dio/V2': 3124
2025-06-26 10:34:02,791 - INFO - utils.loading_PP_utils - [load_epochs_data_for_decoding_delirium:294] -   - 'AP/4/Music/Dio/V3': 3134
2025-06-26 10:34:02,791 - INFO - utils.loading_PP_utils - [load_epochs_data_for_decoding_delirium:294] -   - 'AP/4/Music/Conv/G/V1': 3144
2025-06-26 10:34:02,791 - INFO - utils.loading_PP_utils - [load_epochs_data_for_decoding_delirium:294] -   - 'AP/4/Music/Conv/G/V2': 3154
2025-06-26 10:34:02,791 - INFO - utils.loading_PP_utils - [load_epochs_data_for_decoding_delirium:294] -   - 'AP/4/Music/Conv/G/V3': 3164
2025-06-26 10:34:02,791 - INFO - utils.loading_PP_utils - [load_epochs_data_for_decoding_delirium:294] -   - 'AP/4/Music/Conv/D/V1': 3174
2025-06-26 10:34:02,791 - INFO - utils.loading_PP_utils - [load_epochs_data_for_decoding_delirium:294] -   - 'AP/4/Music/Conv/D/V2': 3184
2025-06-26 10:34:02,791 - INFO - utils.loading_PP_utils - [load_epochs_data_for_decoding_delirium:294] -   - 'AP/4/Music/Conv/D/V3': 3194
2025-06-26 10:34:02,791 - INFO - utils.loading_PP_utils - [load_epochs_data_for_decoding_delirium:294] -   - 'AP/5/Noise/Dio/V1': 2115
2025-06-26 10:34:02,791 - INFO - utils.loading_PP_utils - [load_epochs_data_for_decoding_delirium:294] -   - 'AP/5/Noise/Dio/V2': 2125
2025-06-26 10:34:02,791 - INFO - utils.loading_PP_utils - [load_epochs_data_for_decoding_delirium:294] -   - 'AP/5/Noise/Dio/V3': 2135
2025-06-26 10:34:02,791 - INFO - utils.loading_PP_utils - [load_epochs_data_for_decoding_delirium:294] -   - 'AP/5/Noise/Conv/G/V1': 2145
2025-06-26 10:34:02,791 - INFO - utils.loading_PP_utils - [load_epochs_data_for_decoding_delirium:294] -   - 'AP/5/Noise/Conv/G/V2': 2155
2025-06-26 10:34:02,792 - INFO - utils.loading_PP_utils - [load_epochs_data_for_decoding_delirium:294] -   - 'AP/5/Noise/Conv/G/V3': 2165
2025-06-26 10:34:02,792 - INFO - utils.loading_PP_utils - [load_epochs_data_for_decoding_delirium:294] -   - 'AP/5/Noise/Conv/D/V1': 2175
2025-06-26 10:34:02,792 - INFO - utils.loading_PP_utils - [load_epochs_data_for_decoding_delirium:294] -   - 'AP/5/Noise/Conv/D/V2': 2185
2025-06-26 10:34:02,792 - INFO - utils.loading_PP_utils - [load_epochs_data_for_decoding_delirium:294] -   - 'AP/5/Noise/Conv/D/V3': 2195
2025-06-26 10:34:02,792 - INFO - utils.loading_PP_utils - [load_epochs_data_for_decoding_delirium:294] -   - 'AP/5/Music/Dio/V1': 3115
2025-06-26 10:34:02,792 - INFO - utils.loading_PP_utils - [load_epochs_data_for_decoding_delirium:294] -   - 'AP/5/Music/Dio/V2': 3125
2025-06-26 10:34:02,792 - INFO - utils.loading_PP_utils - [load_epochs_data_for_decoding_delirium:294] -   - 'AP/5/Music/Dio/V3': 3135
2025-06-26 10:34:02,792 - INFO - utils.loading_PP_utils - [load_epochs_data_for_decoding_delirium:294] -   - 'AP/5/Music/Conv/G/V1': 3145
2025-06-26 10:34:02,792 - INFO - utils.loading_PP_utils - [load_epochs_data_for_decoding_delirium:294] -   - 'AP/5/Music/Conv/G/V2': 3155
2025-06-26 10:34:02,792 - INFO - utils.loading_PP_utils - [load_epochs_data_for_decoding_delirium:294] -   - 'AP/5/Music/Conv/G/V3': 3165
2025-06-26 10:34:02,792 - INFO - utils.loading_PP_utils - [load_epochs_data_for_decoding_delirium:294] -   - 'AP/5/Music/Conv/D/V1': 3175
2025-06-26 10:34:02,792 - INFO - utils.loading_PP_utils - [load_epochs_data_for_decoding_delirium:294] -   - 'AP/5/Music/Conv/D/V2': 3185
2025-06-26 10:34:02,792 - INFO - utils.loading_PP_utils - [load_epochs_data_for_decoding_delirium:294] -   - 'AP/5/Music/Conv/D/V3': 3195
2025-06-26 10:34:02,792 - INFO - utils.loading_PP_utils - [load_epochs_data_for_decoding_delirium:294] -   - 'AP/6/Noise/Dio/V1': 2116
2025-06-26 10:34:02,793 - INFO - utils.loading_PP_utils - [load_epochs_data_for_decoding_delirium:294] -   - 'AP/6/Noise/Dio/V2': 2126
2025-06-26 10:34:02,793 - INFO - utils.loading_PP_utils - [load_epochs_data_for_decoding_delirium:294] -   - 'AP/6/Noise/Dio/V3': 2136
2025-06-26 10:34:02,793 - INFO - utils.loading_PP_utils - [load_epochs_data_for_decoding_delirium:294] -   - 'AP/6/Noise/Conv/G/V1': 2146
2025-06-26 10:34:02,793 - INFO - utils.loading_PP_utils - [load_epochs_data_for_decoding_delirium:294] -   - 'AP/6/Noise/Conv/G/V2': 2156
2025-06-26 10:34:02,793 - INFO - utils.loading_PP_utils - [load_epochs_data_for_decoding_delirium:294] -   - 'AP/6/Noise/Conv/G/V3': 2166
2025-06-26 10:34:02,793 - INFO - utils.loading_PP_utils - [load_epochs_data_for_decoding_delirium:294] -   - 'AP/6/Noise/Conv/D/V1': 2176
2025-06-26 10:34:02,793 - INFO - utils.loading_PP_utils - [load_epochs_data_for_decoding_delirium:294] -   - 'AP/6/Noise/Conv/D/V2': 2186
2025-06-26 10:34:02,793 - INFO - utils.loading_PP_utils - [load_epochs_data_for_decoding_delirium:294] -   - 'AP/6/Noise/Conv/D/V3': 2196
2025-06-26 10:34:02,793 - INFO - utils.loading_PP_utils - [load_epochs_data_for_decoding_delirium:294] -   - 'AP/6/Music/Dio/V1': 3116
2025-06-26 10:34:02,793 - INFO - utils.loading_PP_utils - [load_epochs_data_for_decoding_delirium:294] -   - 'AP/6/Music/Dio/V2': 3126
2025-06-26 10:34:02,793 - INFO - utils.loading_PP_utils - [load_epochs_data_for_decoding_delirium:294] -   - 'AP/6/Music/Dio/V3': 3136
2025-06-26 10:34:02,793 - INFO - utils.loading_PP_utils - [load_epochs_data_for_decoding_delirium:294] -   - 'AP/6/Music/Conv/G/V1': 3146
2025-06-26 10:34:02,793 - INFO - utils.loading_PP_utils - [load_epochs_data_for_decoding_delirium:294] -   - 'AP/6/Music/Conv/G/V2': 3156
2025-06-26 10:34:02,793 - INFO - utils.loading_PP_utils - [load_epochs_data_for_decoding_delirium:294] -   - 'AP/6/Music/Conv/G/V3': 3166
2025-06-26 10:34:02,794 - INFO - utils.loading_PP_utils - [load_epochs_data_for_decoding_delirium:294] -   - 'AP/6/Music/Conv/D/V1': 3176
2025-06-26 10:34:02,794 - INFO - utils.loading_PP_utils - [load_epochs_data_for_decoding_delirium:294] -   - 'AP/6/Music/Conv/D/V2': 3186
2025-06-26 10:34:02,794 - INFO - utils.loading_PP_utils - [load_epochs_data_for_decoding_delirium:294] -   - 'AP/6/Music/Conv/D/V3': 3196
2025-06-26 10:34:02,877 - INFO - utils.loading_PP_utils - [inspect_epochs_events:835] - === EVENT INSPECTION FOR BT25 ===
2025-06-26 10:34:02,877 - INFO - utils.loading_PP_utils - [inspect_epochs_events:838] - File: /mnt/data/tom.balay/data/Baking_EEG_data/PP_MCS-_01HZ/PPext3/BT25_preproc_ICA_PPAP-epo_ar.fif
2025-06-26 10:34:02,878 - INFO - utils.loading_PP_utils - [inspect_epochs_events:839] - Total events: 196
2025-06-26 10:34:02,878 - INFO - utils.loading_PP_utils - [inspect_epochs_events:840] - Event types and counts:
2025-06-26 10:34:02,878 - INFO - utils.loading_PP_utils - [inspect_epochs_events:842] -   - 'PP/Noise/Dio/V1' (code 110): 8 epochs
2025-06-26 10:34:02,878 - INFO - utils.loading_PP_utils - [inspect_epochs_events:842] -   - 'PP/Noise/Dio/V2' (code 120): 6 epochs
2025-06-26 10:34:02,878 - INFO - utils.loading_PP_utils - [inspect_epochs_events:842] -   - 'PP/Noise/Dio/V3' (code 130): 10 epochs
2025-06-26 10:34:02,878 - INFO - utils.loading_PP_utils - [inspect_epochs_events:842] -   - 'PP/Noise/Conv/G/V1' (code 140): 0 epochs
2025-06-26 10:34:02,878 - INFO - utils.loading_PP_utils - [inspect_epochs_events:842] -   - 'PP/Noise/Conv/G/V2' (code 150): 5 epochs
2025-06-26 10:34:02,878 - INFO - utils.loading_PP_utils - [inspect_epochs_events:842] -   - 'PP/Noise/Conv/G/V3' (code 160): 3 epochs
2025-06-26 10:34:02,878 - INFO - utils.loading_PP_utils - [inspect_epochs_events:842] -   - 'PP/Noise/Conv/D/V1' (code 170): 5 epochs
2025-06-26 10:34:02,878 - INFO - utils.loading_PP_utils - [inspect_epochs_events:842] -   - 'PP/Noise/Conv/D/V2' (code 180): 0 epochs
2025-06-26 10:34:02,878 - INFO - utils.loading_PP_utils - [inspect_epochs_events:842] -   - 'PP/Noise/Conv/D/V3' (code 190): 4 epochs
2025-06-26 10:34:02,879 - INFO - utils.loading_PP_utils - [inspect_epochs_events:842] -   - 'PP/Music/Dio/V1' (code 1110): 9 epochs
2025-06-26 10:34:02,879 - INFO - utils.loading_PP_utils - [inspect_epochs_events:842] -   - 'PP/Music/Dio/V2' (code 1120): 8 epochs
2025-06-26 10:34:02,879 - INFO - utils.loading_PP_utils - [inspect_epochs_events:842] -   - 'PP/Music/Dio/V3' (code 1130): 10 epochs
2025-06-26 10:34:02,879 - INFO - utils.loading_PP_utils - [inspect_epochs_events:842] -   - 'PP/Music/Conv/G/V1' (code 1140): 4 epochs
2025-06-26 10:34:02,879 - INFO - utils.loading_PP_utils - [inspect_epochs_events:842] -   - 'PP/Music/Conv/G/V2' (code 1150): 0 epochs
2025-06-26 10:34:02,879 - INFO - utils.loading_PP_utils - [inspect_epochs_events:842] -   - 'PP/Music/Conv/G/V3' (code 1160): 8 epochs
2025-06-26 10:34:02,879 - INFO - utils.loading_PP_utils - [inspect_epochs_events:842] -   - 'PP/Music/Conv/D/V1' (code 1170): 3 epochs
2025-06-26 10:34:02,879 - INFO - utils.loading_PP_utils - [inspect_epochs_events:842] -   - 'PP/Music/Conv/D/V2' (code 1180): 9 epochs
2025-06-26 10:34:02,879 - INFO - utils.loading_PP_utils - [inspect_epochs_events:842] -   - 'PP/Music/Conv/D/V3' (code 1190): 0 epochs
2025-06-26 10:34:02,879 - INFO - utils.loading_PP_utils - [inspect_epochs_events:842] -   - 'AP/1/Noise/Dio/V1' (code 2111): 2 epochs
2025-06-26 10:34:02,879 - INFO - utils.loading_PP_utils - [inspect_epochs_events:842] -   - 'AP/1/Noise/Dio/V2' (code 2121): 0 epochs
2025-06-26 10:34:02,879 - INFO - utils.loading_PP_utils - [inspect_epochs_events:842] -   - 'AP/1/Noise/Dio/V3' (code 2131): 3 epochs
2025-06-26 10:34:02,879 - INFO - utils.loading_PP_utils - [inspect_epochs_events:842] -   - 'AP/1/Noise/Conv/G/V1' (code 2141): 0 epochs
2025-06-26 10:34:02,879 - INFO - utils.loading_PP_utils - [inspect_epochs_events:842] -   - 'AP/1/Noise/Conv/G/V2' (code 2151): 1 epochs
2025-06-26 10:34:02,880 - INFO - utils.loading_PP_utils - [inspect_epochs_events:842] -   - 'AP/1/Noise/Conv/G/V3' (code 2161): 0 epochs
2025-06-26 10:34:02,880 - INFO - utils.loading_PP_utils - [inspect_epochs_events:842] -   - 'AP/1/Noise/Conv/D/V1' (code 2171): 1 epochs
2025-06-26 10:34:02,880 - INFO - utils.loading_PP_utils - [inspect_epochs_events:842] -   - 'AP/1/Noise/Conv/D/V2' (code 2181): 0 epochs
2025-06-26 10:34:02,880 - INFO - utils.loading_PP_utils - [inspect_epochs_events:842] -   - 'AP/1/Noise/Conv/D/V3' (code 2191): 1 epochs
2025-06-26 10:34:02,880 - INFO - utils.loading_PP_utils - [inspect_epochs_events:842] -   - 'AP/1/Music/Dio/V1' (code 3111): 0 epochs
2025-06-26 10:34:02,880 - INFO - utils.loading_PP_utils - [inspect_epochs_events:842] -   - 'AP/1/Music/Dio/V2' (code 3121): 0 epochs
2025-06-26 10:34:02,880 - INFO - utils.loading_PP_utils - [inspect_epochs_events:842] -   - 'AP/1/Music/Dio/V3' (code 3131): 1 epochs
2025-06-26 10:34:02,880 - INFO - utils.loading_PP_utils - [inspect_epochs_events:842] -   - 'AP/1/Music/Conv/G/V1' (code 3141): 0 epochs
2025-06-26 10:34:02,880 - INFO - utils.loading_PP_utils - [inspect_epochs_events:842] -   - 'AP/1/Music/Conv/G/V2' (code 3151): 0 epochs
2025-06-26 10:34:02,880 - INFO - utils.loading_PP_utils - [inspect_epochs_events:842] -   - 'AP/1/Music/Conv/G/V3' (code 3161): 1 epochs
2025-06-26 10:34:02,880 - INFO - utils.loading_PP_utils - [inspect_epochs_events:842] -   - 'AP/1/Music/Conv/D/V1' (code 3171): 0 epochs
2025-06-26 10:34:02,880 - INFO - utils.loading_PP_utils - [inspect_epochs_events:842] -   - 'AP/1/Music/Conv/D/V2' (code 3181): 2 epochs
2025-06-26 10:34:02,880 - INFO - utils.loading_PP_utils - [inspect_epochs_events:842] -   - 'AP/1/Music/Conv/D/V3' (code 3191): 0 epochs
2025-06-26 10:34:02,880 - INFO - utils.loading_PP_utils - [inspect_epochs_events:842] -   - 'AP/2/Noise/Dio/V1' (code 2112): 2 epochs
2025-06-26 10:34:02,880 - INFO - utils.loading_PP_utils - [inspect_epochs_events:842] -   - 'AP/2/Noise/Dio/V2' (code 2122): 0 epochs
2025-06-26 10:34:02,881 - INFO - utils.loading_PP_utils - [inspect_epochs_events:842] -   - 'AP/2/Noise/Dio/V3' (code 2132): 0 epochs
2025-06-26 10:34:02,881 - INFO - utils.loading_PP_utils - [inspect_epochs_events:842] -   - 'AP/2/Noise/Conv/G/V1' (code 2142): 0 epochs
2025-06-26 10:34:02,881 - INFO - utils.loading_PP_utils - [inspect_epochs_events:842] -   - 'AP/2/Noise/Conv/G/V2' (code 2152): 2 epochs
2025-06-26 10:34:02,881 - INFO - utils.loading_PP_utils - [inspect_epochs_events:842] -   - 'AP/2/Noise/Conv/G/V3' (code 2162): 0 epochs
2025-06-26 10:34:02,881 - INFO - utils.loading_PP_utils - [inspect_epochs_events:842] -   - 'AP/2/Noise/Conv/D/V1' (code 2172): 3 epochs
2025-06-26 10:34:02,881 - INFO - utils.loading_PP_utils - [inspect_epochs_events:842] -   - 'AP/2/Noise/Conv/D/V2' (code 2182): 0 epochs
2025-06-26 10:34:02,881 - INFO - utils.loading_PP_utils - [inspect_epochs_events:842] -   - 'AP/2/Noise/Conv/D/V3' (code 2192): 0 epochs
2025-06-26 10:34:02,881 - INFO - utils.loading_PP_utils - [inspect_epochs_events:842] -   - 'AP/2/Music/Dio/V1' (code 3112): 4 epochs
2025-06-26 10:34:02,881 - INFO - utils.loading_PP_utils - [inspect_epochs_events:842] -   - 'AP/2/Music/Dio/V2' (code 3122): 1 epochs
2025-06-26 10:34:02,881 - INFO - utils.loading_PP_utils - [inspect_epochs_events:842] -   - 'AP/2/Music/Dio/V3' (code 3132): 0 epochs
2025-06-26 10:34:02,881 - INFO - utils.loading_PP_utils - [inspect_epochs_events:842] -   - 'AP/2/Music/Conv/G/V1' (code 3142): 2 epochs
2025-06-26 10:34:02,881 - INFO - utils.loading_PP_utils - [inspect_epochs_events:842] -   - 'AP/2/Music/Conv/G/V2' (code 3152): 0 epochs
2025-06-26 10:34:02,881 - INFO - utils.loading_PP_utils - [inspect_epochs_events:842] -   - 'AP/2/Music/Conv/G/V3' (code 3162): 2 epochs
2025-06-26 10:34:02,881 - INFO - utils.loading_PP_utils - [inspect_epochs_events:842] -   - 'AP/2/Music/Conv/D/V1' (code 3172): 0 epochs
2025-06-26 10:34:02,882 - INFO - utils.loading_PP_utils - [inspect_epochs_events:842] -   - 'AP/2/Music/Conv/D/V2' (code 3182): 3 epochs
2025-06-26 10:34:02,882 - INFO - utils.loading_PP_utils - [inspect_epochs_events:842] -   - 'AP/2/Music/Conv/D/V3' (code 3192): 0 epochs
2025-06-26 10:34:02,882 - INFO - utils.loading_PP_utils - [inspect_epochs_events:842] -   - 'AP/3/Noise/Dio/V1' (code 2113): 2 epochs
2025-06-26 10:34:02,882 - INFO - utils.loading_PP_utils - [inspect_epochs_events:842] -   - 'AP/3/Noise/Dio/V2' (code 2123): 3 epochs
2025-06-26 10:34:02,882 - INFO - utils.loading_PP_utils - [inspect_epochs_events:842] -   - 'AP/3/Noise/Dio/V3' (code 2133): 2 epochs
2025-06-26 10:34:02,882 - INFO - utils.loading_PP_utils - [inspect_epochs_events:842] -   - 'AP/3/Noise/Conv/G/V1' (code 2143): 0 epochs
2025-06-26 10:34:02,882 - INFO - utils.loading_PP_utils - [inspect_epochs_events:842] -   - 'AP/3/Noise/Conv/G/V2' (code 2153): 1 epochs
2025-06-26 10:34:02,882 - INFO - utils.loading_PP_utils - [inspect_epochs_events:842] -   - 'AP/3/Noise/Conv/G/V3' (code 2163): 1 epochs
2025-06-26 10:34:02,882 - INFO - utils.loading_PP_utils - [inspect_epochs_events:842] -   - 'AP/3/Noise/Conv/D/V1' (code 2173): 0 epochs
2025-06-26 10:34:02,882 - INFO - utils.loading_PP_utils - [inspect_epochs_events:842] -   - 'AP/3/Noise/Conv/D/V2' (code 2183): 0 epochs
2025-06-26 10:34:02,882 - INFO - utils.loading_PP_utils - [inspect_epochs_events:842] -   - 'AP/3/Noise/Conv/D/V3' (code 2193): 1 epochs
2025-06-26 10:34:02,882 - INFO - utils.loading_PP_utils - [inspect_epochs_events:842] -   - 'AP/3/Music/Dio/V1' (code 3113): 0 epochs
2025-06-26 10:34:02,882 - INFO - utils.loading_PP_utils - [inspect_epochs_events:842] -   - 'AP/3/Music/Dio/V2' (code 3123): 1 epochs
2025-06-26 10:34:02,882 - INFO - utils.loading_PP_utils - [inspect_epochs_events:842] -   - 'AP/3/Music/Dio/V3' (code 3133): 1 epochs
2025-06-26 10:34:02,883 - INFO - utils.loading_PP_utils - [inspect_epochs_events:842] -   - 'AP/3/Music/Conv/G/V1' (code 3143): 1 epochs
2025-06-26 10:34:02,883 - INFO - utils.loading_PP_utils - [inspect_epochs_events:842] -   - 'AP/3/Music/Conv/G/V2' (code 3153): 0 epochs
2025-06-26 10:34:02,883 - INFO - utils.loading_PP_utils - [inspect_epochs_events:842] -   - 'AP/3/Music/Conv/G/V3' (code 3163): 1 epochs
2025-06-26 10:34:02,883 - INFO - utils.loading_PP_utils - [inspect_epochs_events:842] -   - 'AP/3/Music/Conv/D/V1' (code 3173): 0 epochs
2025-06-26 10:34:02,883 - INFO - utils.loading_PP_utils - [inspect_epochs_events:842] -   - 'AP/3/Music/Conv/D/V2' (code 3183): 1 epochs
2025-06-26 10:34:02,883 - INFO - utils.loading_PP_utils - [inspect_epochs_events:842] -   - 'AP/3/Music/Conv/D/V3' (code 3193): 0 epochs
2025-06-26 10:34:02,883 - INFO - utils.loading_PP_utils - [inspect_epochs_events:842] -   - 'AP/4/Noise/Dio/V1' (code 2114): 1 epochs
2025-06-26 10:34:02,883 - INFO - utils.loading_PP_utils - [inspect_epochs_events:842] -   - 'AP/4/Noise/Dio/V2' (code 2124): 0 epochs
2025-06-26 10:34:02,883 - INFO - utils.loading_PP_utils - [inspect_epochs_events:842] -   - 'AP/4/Noise/Dio/V3' (code 2134): 2 epochs
2025-06-26 10:34:02,883 - INFO - utils.loading_PP_utils - [inspect_epochs_events:842] -   - 'AP/4/Noise/Conv/G/V1' (code 2144): 0 epochs
2025-06-26 10:34:02,883 - INFO - utils.loading_PP_utils - [inspect_epochs_events:842] -   - 'AP/4/Noise/Conv/G/V2' (code 2154): 2 epochs
2025-06-26 10:34:02,883 - INFO - utils.loading_PP_utils - [inspect_epochs_events:842] -   - 'AP/4/Noise/Conv/G/V3' (code 2164): 0 epochs
2025-06-26 10:34:02,883 - INFO - utils.loading_PP_utils - [inspect_epochs_events:842] -   - 'AP/4/Noise/Conv/D/V1' (code 2174): 1 epochs
2025-06-26 10:34:02,883 - INFO - utils.loading_PP_utils - [inspect_epochs_events:842] -   - 'AP/4/Noise/Conv/D/V2' (code 2184): 0 epochs
2025-06-26 10:34:02,884 - INFO - utils.loading_PP_utils - [inspect_epochs_events:842] -   - 'AP/4/Noise/Conv/D/V3' (code 2194): 0 epochs
2025-06-26 10:34:02,884 - INFO - utils.loading_PP_utils - [inspect_epochs_events:842] -   - 'AP/4/Music/Dio/V1' (code 3114): 1 epochs
2025-06-26 10:34:02,884 - INFO - utils.loading_PP_utils - [inspect_epochs_events:842] -   - 'AP/4/Music/Dio/V2' (code 3124): 1 epochs
2025-06-26 10:34:02,884 - INFO - utils.loading_PP_utils - [inspect_epochs_events:842] -   - 'AP/4/Music/Dio/V3' (code 3134): 4 epochs
2025-06-26 10:34:02,884 - INFO - utils.loading_PP_utils - [inspect_epochs_events:842] -   - 'AP/4/Music/Conv/G/V1' (code 3144): 1 epochs
2025-06-26 10:34:02,884 - INFO - utils.loading_PP_utils - [inspect_epochs_events:842] -   - 'AP/4/Music/Conv/G/V2' (code 3154): 0 epochs
2025-06-26 10:34:02,884 - INFO - utils.loading_PP_utils - [inspect_epochs_events:842] -   - 'AP/4/Music/Conv/G/V3' (code 3164): 1 epochs
2025-06-26 10:34:02,884 - INFO - utils.loading_PP_utils - [inspect_epochs_events:842] -   - 'AP/4/Music/Conv/D/V1' (code 3174): 2 epochs
2025-06-26 10:34:02,884 - INFO - utils.loading_PP_utils - [inspect_epochs_events:842] -   - 'AP/4/Music/Conv/D/V2' (code 3184): 2 epochs
2025-06-26 10:34:02,884 - INFO - utils.loading_PP_utils - [inspect_epochs_events:842] -   - 'AP/4/Music/Conv/D/V3' (code 3194): 0 epochs
2025-06-26 10:34:02,884 - INFO - utils.loading_PP_utils - [inspect_epochs_events:842] -   - 'AP/5/Noise/Dio/V1' (code 2115): 1 epochs
2025-06-26 10:34:02,884 - INFO - utils.loading_PP_utils - [inspect_epochs_events:842] -   - 'AP/5/Noise/Dio/V2' (code 2125): 2 epochs
2025-06-26 10:34:02,884 - INFO - utils.loading_PP_utils - [inspect_epochs_events:842] -   - 'AP/5/Noise/Dio/V3' (code 2135): 2 epochs
2025-06-26 10:34:02,884 - INFO - utils.loading_PP_utils - [inspect_epochs_events:842] -   - 'AP/5/Noise/Conv/G/V1' (code 2145): 0 epochs
2025-06-26 10:34:02,885 - INFO - utils.loading_PP_utils - [inspect_epochs_events:842] -   - 'AP/5/Noise/Conv/G/V2' (code 2155): 2 epochs
2025-06-26 10:34:02,885 - INFO - utils.loading_PP_utils - [inspect_epochs_events:842] -   - 'AP/5/Noise/Conv/G/V3' (code 2165): 2 epochs
2025-06-26 10:34:02,885 - INFO - utils.loading_PP_utils - [inspect_epochs_events:842] -   - 'AP/5/Noise/Conv/D/V1' (code 2175): 0 epochs
2025-06-26 10:34:02,885 - INFO - utils.loading_PP_utils - [inspect_epochs_events:842] -   - 'AP/5/Noise/Conv/D/V2' (code 2185): 0 epochs
2025-06-26 10:34:02,885 - INFO - utils.loading_PP_utils - [inspect_epochs_events:842] -   - 'AP/5/Noise/Conv/D/V3' (code 2195): 1 epochs
2025-06-26 10:34:02,885 - INFO - utils.loading_PP_utils - [inspect_epochs_events:842] -   - 'AP/5/Music/Dio/V1' (code 3115): 2 epochs
2025-06-26 10:34:02,885 - INFO - utils.loading_PP_utils - [inspect_epochs_events:842] -   - 'AP/5/Music/Dio/V2' (code 3125): 3 epochs
2025-06-26 10:34:02,885 - INFO - utils.loading_PP_utils - [inspect_epochs_events:842] -   - 'AP/5/Music/Dio/V3' (code 3135): 0 epochs
2025-06-26 10:34:02,885 - INFO - utils.loading_PP_utils - [inspect_epochs_events:842] -   - 'AP/5/Music/Conv/G/V1' (code 3145): 1 epochs
2025-06-26 10:34:02,885 - INFO - utils.loading_PP_utils - [inspect_epochs_events:842] -   - 'AP/5/Music/Conv/G/V2' (code 3155): 0 epochs
2025-06-26 10:34:02,885 - INFO - utils.loading_PP_utils - [inspect_epochs_events:842] -   - 'AP/5/Music/Conv/G/V3' (code 3165): 1 epochs
2025-06-26 10:34:02,885 - INFO - utils.loading_PP_utils - [inspect_epochs_events:842] -   - 'AP/5/Music/Conv/D/V1' (code 3175): 2 epochs
2025-06-26 10:34:02,885 - INFO - utils.loading_PP_utils - [inspect_epochs_events:842] -   - 'AP/5/Music/Conv/D/V2' (code 3185): 3 epochs
2025-06-26 10:34:02,885 - INFO - utils.loading_PP_utils - [inspect_epochs_events:842] -   - 'AP/5/Music/Conv/D/V3' (code 3195): 0 epochs
2025-06-26 10:34:02,885 - INFO - utils.loading_PP_utils - [inspect_epochs_events:842] -   - 'AP/6/Noise/Dio/V1' (code 2116): 1 epochs
2025-06-26 10:34:02,886 - INFO - utils.loading_PP_utils - [inspect_epochs_events:842] -   - 'AP/6/Noise/Dio/V2' (code 2126): 1 epochs
2025-06-26 10:34:02,886 - INFO - utils.loading_PP_utils - [inspect_epochs_events:842] -   - 'AP/6/Noise/Dio/V3' (code 2136): 1 epochs
2025-06-26 10:34:02,886 - INFO - utils.loading_PP_utils - [inspect_epochs_events:842] -   - 'AP/6/Noise/Conv/G/V1' (code 2146): 0 epochs
2025-06-26 10:34:02,886 - INFO - utils.loading_PP_utils - [inspect_epochs_events:842] -   - 'AP/6/Noise/Conv/G/V2' (code 2156): 2 epochs
2025-06-26 10:34:02,886 - INFO - utils.loading_PP_utils - [inspect_epochs_events:842] -   - 'AP/6/Noise/Conv/G/V3' (code 2166): 1 epochs
2025-06-26 10:34:02,886 - INFO - utils.loading_PP_utils - [inspect_epochs_events:842] -   - 'AP/6/Noise/Conv/D/V1' (code 2176): 1 epochs
2025-06-26 10:34:02,886 - INFO - utils.loading_PP_utils - [inspect_epochs_events:842] -   - 'AP/6/Noise/Conv/D/V2' (code 2186): 0 epochs
2025-06-26 10:34:02,886 - INFO - utils.loading_PP_utils - [inspect_epochs_events:842] -   - 'AP/6/Noise/Conv/D/V3' (code 2196): 1 epochs
2025-06-26 10:34:02,886 - INFO - utils.loading_PP_utils - [inspect_epochs_events:842] -   - 'AP/6/Music/Dio/V1' (code 3116): 2 epochs
2025-06-26 10:34:02,886 - INFO - utils.loading_PP_utils - [inspect_epochs_events:842] -   - 'AP/6/Music/Dio/V2' (code 3126): 2 epochs
2025-06-26 10:34:02,886 - INFO - utils.loading_PP_utils - [inspect_epochs_events:842] -   - 'AP/6/Music/Dio/V3' (code 3136): 2 epochs
2025-06-26 10:34:02,886 - INFO - utils.loading_PP_utils - [inspect_epochs_events:842] -   - 'AP/6/Music/Conv/G/V1' (code 3146): 1 epochs
2025-06-26 10:34:02,886 - INFO - utils.loading_PP_utils - [inspect_epochs_events:842] -   - 'AP/6/Music/Conv/G/V2' (code 3156): 0 epochs
2025-06-26 10:34:02,886 - INFO - utils.loading_PP_utils - [inspect_epochs_events:842] -   - 'AP/6/Music/Conv/G/V3' (code 3166): 3 epochs
2025-06-26 10:34:02,887 - INFO - utils.loading_PP_utils - [inspect_epochs_events:842] -   - 'AP/6/Music/Conv/D/V1' (code 3176): 0 epochs
2025-06-26 10:34:02,887 - INFO - utils.loading_PP_utils - [inspect_epochs_events:842] -   - 'AP/6/Music/Conv/D/V2' (code 3186): 0 epochs
2025-06-26 10:34:02,887 - INFO - utils.loading_PP_utils - [inspect_epochs_events:842] -   - 'AP/6/Music/Conv/D/V3' (code 3196): 0 epochs
2025-06-26 10:34:03,006 - INFO - utils.loading_PP_utils - [load_epochs_data_for_decoding_delirium:320] - Processing conditions: ['XPP_ALL', 'XAP_ALL', 'PP_FOR_SPECIFIC_COMPARISON', 'AP_FAMILY_1', 'AP_FAMILY_2', 'AP_FAMILY_3', 'AP_FAMILY_4', 'AP_FAMILY_5', 'AP_FAMILY_6']
2025-06-26 10:34:03,192 - WARNING - utils.loading_PP_utils - [load_epochs_data_for_decoding_delirium:367] - Aucune donnée trouvée pour '['PP/10', 'PP/20', 'PP/30']' (condition: PP_FOR_SPECIFIC_COMPARISON) chez sujet BT25. Événements disponibles: ['PP/Noise/Dio/V1', 'PP/Noise/Dio/V2', 'PP/Noise/Dio/V3', 'PP/Noise/Conv/G/V1', 'PP/Noise/Conv/G/V2', 'PP/Noise/Conv/G/V3', 'PP/Noise/Conv/D/V1', 'PP/Noise/Conv/D/V2', 'PP/Noise/Conv/D/V3', 'PP/Music/Dio/V1', 'PP/Music/Dio/V2', 'PP/Music/Dio/V3', 'PP/Music/Conv/G/V1', 'PP/Music/Conv/G/V2', 'PP/Music/Conv/G/V3', 'PP/Music/Conv/D/V1', 'PP/Music/Conv/D/V2', 'PP/Music/Conv/D/V3', 'AP/1/Noise/Dio/V1', 'AP/1/Noise/Dio/V2', 'AP/1/Noise/Dio/V3', 'AP/1/Noise/Conv/G/V1', 'AP/1/Noise/Conv/G/V2', 'AP/1/Noise/Conv/G/V3', 'AP/1/Noise/Conv/D/V1', 'AP/1/Noise/Conv/D/V2', 'AP/1/Noise/Conv/D/V3', 'AP/1/Music/Dio/V1', 'AP/1/Music/Dio/V2', 'AP/1/Music/Dio/V3', 'AP/1/Music/Conv/G/V1', 'AP/1/Music/Conv/G/V2', 'AP/1/Music/Conv/G/V3', 'AP/1/Music/Conv/D/V1', 'AP/1/Music/Conv/D/V2', 'AP/1/Music/Conv/D/V3', 'AP/2/Noise/Dio/V1', 'AP/2/Noise/Dio/V2', 'AP/2/Noise/Dio/V3', 'AP/2/Noise/Conv/G/V1', 'AP/2/Noise/Conv/G/V2', 'AP/2/Noise/Conv/G/V3', 'AP/2/Noise/Conv/D/V1', 'AP/2/Noise/Conv/D/V2', 'AP/2/Noise/Conv/D/V3', 'AP/2/Music/Dio/V1', 'AP/2/Music/Dio/V2', 'AP/2/Music/Dio/V3', 'AP/2/Music/Conv/G/V1', 'AP/2/Music/Conv/G/V2', 'AP/2/Music/Conv/G/V3', 'AP/2/Music/Conv/D/V1', 'AP/2/Music/Conv/D/V2', 'AP/2/Music/Conv/D/V3', 'AP/3/Noise/Dio/V1', 'AP/3/Noise/Dio/V2', 'AP/3/Noise/Dio/V3', 'AP/3/Noise/Conv/G/V1', 'AP/3/Noise/Conv/G/V2', 'AP/3/Noise/Conv/G/V3', 'AP/3/Noise/Conv/D/V1', 'AP/3/Noise/Conv/D/V2', 'AP/3/Noise/Conv/D/V3', 'AP/3/Music/Dio/V1', 'AP/3/Music/Dio/V2', 'AP/3/Music/Dio/V3', 'AP/3/Music/Conv/G/V1', 'AP/3/Music/Conv/G/V2', 'AP/3/Music/Conv/G/V3', 'AP/3/Music/Conv/D/V1', 'AP/3/Music/Conv/D/V2', 'AP/3/Music/Conv/D/V3', 'AP/4/Noise/Dio/V1', 'AP/4/Noise/Dio/V2', 'AP/4/Noise/Dio/V3', 'AP/4/Noise/Conv/G/V1', 'AP/4/Noise/Conv/G/V2', 'AP/4/Noise/Conv/G/V3', 'AP/4/Noise/Conv/D/V1', 'AP/4/Noise/Conv/D/V2', 'AP/4/Noise/Conv/D/V3', 'AP/4/Music/Dio/V1', 'AP/4/Music/Dio/V2', 'AP/4/Music/Dio/V3', 'AP/4/Music/Conv/G/V1', 'AP/4/Music/Conv/G/V2', 'AP/4/Music/Conv/G/V3', 'AP/4/Music/Conv/D/V1', 'AP/4/Music/Conv/D/V2', 'AP/4/Music/Conv/D/V3', 'AP/5/Noise/Dio/V1', 'AP/5/Noise/Dio/V2', 'AP/5/Noise/Dio/V3', 'AP/5/Noise/Conv/G/V1', 'AP/5/Noise/Conv/G/V2', 'AP/5/Noise/Conv/G/V3', 'AP/5/Noise/Conv/D/V1', 'AP/5/Noise/Conv/D/V2', 'AP/5/Noise/Conv/D/V3', 'AP/5/Music/Dio/V1', 'AP/5/Music/Dio/V2', 'AP/5/Music/Dio/V3', 'AP/5/Music/Conv/G/V1', 'AP/5/Music/Conv/G/V2', 'AP/5/Music/Conv/G/V3', 'AP/5/Music/Conv/D/V1', 'AP/5/Music/Conv/D/V2', 'AP/5/Music/Conv/D/V3', 'AP/6/Noise/Dio/V1', 'AP/6/Noise/Dio/V2', 'AP/6/Noise/Dio/V3', 'AP/6/Noise/Conv/G/V1', 'AP/6/Noise/Conv/G/V2', 'AP/6/Noise/Conv/G/V3', 'AP/6/Noise/Conv/D/V1', 'AP/6/Noise/Conv/D/V2', 'AP/6/Noise/Conv/D/V3', 'AP/6/Music/Dio/V1', 'AP/6/Music/Dio/V2', 'AP/6/Music/Dio/V3', 'AP/6/Music/Conv/G/V1', 'AP/6/Music/Conv/G/V2', 'AP/6/Music/Conv/G/V3', 'AP/6/Music/Conv/D/V1', 'AP/6/Music/Conv/D/V2', 'AP/6/Music/Conv/D/V3']. Ceci peut être normal selon le protocole du sujet.
2025-06-26 10:34:03,192 - WARNING - utils.loading_PP_utils - [load_epochs_data_for_decoding_delirium:367] - Aucune donnée trouvée pour '['AP/11', 'AP/21', 'AP/31']' (condition: AP_FAMILY_1) chez sujet BT25. Événements disponibles: ['PP/Noise/Dio/V1', 'PP/Noise/Dio/V2', 'PP/Noise/Dio/V3', 'PP/Noise/Conv/G/V1', 'PP/Noise/Conv/G/V2', 'PP/Noise/Conv/G/V3', 'PP/Noise/Conv/D/V1', 'PP/Noise/Conv/D/V2', 'PP/Noise/Conv/D/V3', 'PP/Music/Dio/V1', 'PP/Music/Dio/V2', 'PP/Music/Dio/V3', 'PP/Music/Conv/G/V1', 'PP/Music/Conv/G/V2', 'PP/Music/Conv/G/V3', 'PP/Music/Conv/D/V1', 'PP/Music/Conv/D/V2', 'PP/Music/Conv/D/V3', 'AP/1/Noise/Dio/V1', 'AP/1/Noise/Dio/V2', 'AP/1/Noise/Dio/V3', 'AP/1/Noise/Conv/G/V1', 'AP/1/Noise/Conv/G/V2', 'AP/1/Noise/Conv/G/V3', 'AP/1/Noise/Conv/D/V1', 'AP/1/Noise/Conv/D/V2', 'AP/1/Noise/Conv/D/V3', 'AP/1/Music/Dio/V1', 'AP/1/Music/Dio/V2', 'AP/1/Music/Dio/V3', 'AP/1/Music/Conv/G/V1', 'AP/1/Music/Conv/G/V2', 'AP/1/Music/Conv/G/V3', 'AP/1/Music/Conv/D/V1', 'AP/1/Music/Conv/D/V2', 'AP/1/Music/Conv/D/V3', 'AP/2/Noise/Dio/V1', 'AP/2/Noise/Dio/V2', 'AP/2/Noise/Dio/V3', 'AP/2/Noise/Conv/G/V1', 'AP/2/Noise/Conv/G/V2', 'AP/2/Noise/Conv/G/V3', 'AP/2/Noise/Conv/D/V1', 'AP/2/Noise/Conv/D/V2', 'AP/2/Noise/Conv/D/V3', 'AP/2/Music/Dio/V1', 'AP/2/Music/Dio/V2', 'AP/2/Music/Dio/V3', 'AP/2/Music/Conv/G/V1', 'AP/2/Music/Conv/G/V2', 'AP/2/Music/Conv/G/V3', 'AP/2/Music/Conv/D/V1', 'AP/2/Music/Conv/D/V2', 'AP/2/Music/Conv/D/V3', 'AP/3/Noise/Dio/V1', 'AP/3/Noise/Dio/V2', 'AP/3/Noise/Dio/V3', 'AP/3/Noise/Conv/G/V1', 'AP/3/Noise/Conv/G/V2', 'AP/3/Noise/Conv/G/V3', 'AP/3/Noise/Conv/D/V1', 'AP/3/Noise/Conv/D/V2', 'AP/3/Noise/Conv/D/V3', 'AP/3/Music/Dio/V1', 'AP/3/Music/Dio/V2', 'AP/3/Music/Dio/V3', 'AP/3/Music/Conv/G/V1', 'AP/3/Music/Conv/G/V2', 'AP/3/Music/Conv/G/V3', 'AP/3/Music/Conv/D/V1', 'AP/3/Music/Conv/D/V2', 'AP/3/Music/Conv/D/V3', 'AP/4/Noise/Dio/V1', 'AP/4/Noise/Dio/V2', 'AP/4/Noise/Dio/V3', 'AP/4/Noise/Conv/G/V1', 'AP/4/Noise/Conv/G/V2', 'AP/4/Noise/Conv/G/V3', 'AP/4/Noise/Conv/D/V1', 'AP/4/Noise/Conv/D/V2', 'AP/4/Noise/Conv/D/V3', 'AP/4/Music/Dio/V1', 'AP/4/Music/Dio/V2', 'AP/4/Music/Dio/V3', 'AP/4/Music/Conv/G/V1', 'AP/4/Music/Conv/G/V2', 'AP/4/Music/Conv/G/V3', 'AP/4/Music/Conv/D/V1', 'AP/4/Music/Conv/D/V2', 'AP/4/Music/Conv/D/V3', 'AP/5/Noise/Dio/V1', 'AP/5/Noise/Dio/V2', 'AP/5/Noise/Dio/V3', 'AP/5/Noise/Conv/G/V1', 'AP/5/Noise/Conv/G/V2', 'AP/5/Noise/Conv/G/V3', 'AP/5/Noise/Conv/D/V1', 'AP/5/Noise/Conv/D/V2', 'AP/5/Noise/Conv/D/V3', 'AP/5/Music/Dio/V1', 'AP/5/Music/Dio/V2', 'AP/5/Music/Dio/V3', 'AP/5/Music/Conv/G/V1', 'AP/5/Music/Conv/G/V2', 'AP/5/Music/Conv/G/V3', 'AP/5/Music/Conv/D/V1', 'AP/5/Music/Conv/D/V2', 'AP/5/Music/Conv/D/V3', 'AP/6/Noise/Dio/V1', 'AP/6/Noise/Dio/V2', 'AP/6/Noise/Dio/V3', 'AP/6/Noise/Conv/G/V1', 'AP/6/Noise/Conv/G/V2', 'AP/6/Noise/Conv/G/V3', 'AP/6/Noise/Conv/D/V1', 'AP/6/Noise/Conv/D/V2', 'AP/6/Noise/Conv/D/V3', 'AP/6/Music/Dio/V1', 'AP/6/Music/Dio/V2', 'AP/6/Music/Dio/V3', 'AP/6/Music/Conv/G/V1', 'AP/6/Music/Conv/G/V2', 'AP/6/Music/Conv/G/V3', 'AP/6/Music/Conv/D/V1', 'AP/6/Music/Conv/D/V2', 'AP/6/Music/Conv/D/V3']. Ceci peut être normal selon le protocole du sujet.
2025-06-26 10:34:03,192 - WARNING - utils.loading_PP_utils - [load_epochs_data_for_decoding_delirium:367] - Aucune donnée trouvée pour '['AP/12', 'AP/22', 'AP/32']' (condition: AP_FAMILY_2) chez sujet BT25. Événements disponibles: ['PP/Noise/Dio/V1', 'PP/Noise/Dio/V2', 'PP/Noise/Dio/V3', 'PP/Noise/Conv/G/V1', 'PP/Noise/Conv/G/V2', 'PP/Noise/Conv/G/V3', 'PP/Noise/Conv/D/V1', 'PP/Noise/Conv/D/V2', 'PP/Noise/Conv/D/V3', 'PP/Music/Dio/V1', 'PP/Music/Dio/V2', 'PP/Music/Dio/V3', 'PP/Music/Conv/G/V1', 'PP/Music/Conv/G/V2', 'PP/Music/Conv/G/V3', 'PP/Music/Conv/D/V1', 'PP/Music/Conv/D/V2', 'PP/Music/Conv/D/V3', 'AP/1/Noise/Dio/V1', 'AP/1/Noise/Dio/V2', 'AP/1/Noise/Dio/V3', 'AP/1/Noise/Conv/G/V1', 'AP/1/Noise/Conv/G/V2', 'AP/1/Noise/Conv/G/V3', 'AP/1/Noise/Conv/D/V1', 'AP/1/Noise/Conv/D/V2', 'AP/1/Noise/Conv/D/V3', 'AP/1/Music/Dio/V1', 'AP/1/Music/Dio/V2', 'AP/1/Music/Dio/V3', 'AP/1/Music/Conv/G/V1', 'AP/1/Music/Conv/G/V2', 'AP/1/Music/Conv/G/V3', 'AP/1/Music/Conv/D/V1', 'AP/1/Music/Conv/D/V2', 'AP/1/Music/Conv/D/V3', 'AP/2/Noise/Dio/V1', 'AP/2/Noise/Dio/V2', 'AP/2/Noise/Dio/V3', 'AP/2/Noise/Conv/G/V1', 'AP/2/Noise/Conv/G/V2', 'AP/2/Noise/Conv/G/V3', 'AP/2/Noise/Conv/D/V1', 'AP/2/Noise/Conv/D/V2', 'AP/2/Noise/Conv/D/V3', 'AP/2/Music/Dio/V1', 'AP/2/Music/Dio/V2', 'AP/2/Music/Dio/V3', 'AP/2/Music/Conv/G/V1', 'AP/2/Music/Conv/G/V2', 'AP/2/Music/Conv/G/V3', 'AP/2/Music/Conv/D/V1', 'AP/2/Music/Conv/D/V2', 'AP/2/Music/Conv/D/V3', 'AP/3/Noise/Dio/V1', 'AP/3/Noise/Dio/V2', 'AP/3/Noise/Dio/V3', 'AP/3/Noise/Conv/G/V1', 'AP/3/Noise/Conv/G/V2', 'AP/3/Noise/Conv/G/V3', 'AP/3/Noise/Conv/D/V1', 'AP/3/Noise/Conv/D/V2', 'AP/3/Noise/Conv/D/V3', 'AP/3/Music/Dio/V1', 'AP/3/Music/Dio/V2', 'AP/3/Music/Dio/V3', 'AP/3/Music/Conv/G/V1', 'AP/3/Music/Conv/G/V2', 'AP/3/Music/Conv/G/V3', 'AP/3/Music/Conv/D/V1', 'AP/3/Music/Conv/D/V2', 'AP/3/Music/Conv/D/V3', 'AP/4/Noise/Dio/V1', 'AP/4/Noise/Dio/V2', 'AP/4/Noise/Dio/V3', 'AP/4/Noise/Conv/G/V1', 'AP/4/Noise/Conv/G/V2', 'AP/4/Noise/Conv/G/V3', 'AP/4/Noise/Conv/D/V1', 'AP/4/Noise/Conv/D/V2', 'AP/4/Noise/Conv/D/V3', 'AP/4/Music/Dio/V1', 'AP/4/Music/Dio/V2', 'AP/4/Music/Dio/V3', 'AP/4/Music/Conv/G/V1', 'AP/4/Music/Conv/G/V2', 'AP/4/Music/Conv/G/V3', 'AP/4/Music/Conv/D/V1', 'AP/4/Music/Conv/D/V2', 'AP/4/Music/Conv/D/V3', 'AP/5/Noise/Dio/V1', 'AP/5/Noise/Dio/V2', 'AP/5/Noise/Dio/V3', 'AP/5/Noise/Conv/G/V1', 'AP/5/Noise/Conv/G/V2', 'AP/5/Noise/Conv/G/V3', 'AP/5/Noise/Conv/D/V1', 'AP/5/Noise/Conv/D/V2', 'AP/5/Noise/Conv/D/V3', 'AP/5/Music/Dio/V1', 'AP/5/Music/Dio/V2', 'AP/5/Music/Dio/V3', 'AP/5/Music/Conv/G/V1', 'AP/5/Music/Conv/G/V2', 'AP/5/Music/Conv/G/V3', 'AP/5/Music/Conv/D/V1', 'AP/5/Music/Conv/D/V2', 'AP/5/Music/Conv/D/V3', 'AP/6/Noise/Dio/V1', 'AP/6/Noise/Dio/V2', 'AP/6/Noise/Dio/V3', 'AP/6/Noise/Conv/G/V1', 'AP/6/Noise/Conv/G/V2', 'AP/6/Noise/Conv/G/V3', 'AP/6/Noise/Conv/D/V1', 'AP/6/Noise/Conv/D/V2', 'AP/6/Noise/Conv/D/V3', 'AP/6/Music/Dio/V1', 'AP/6/Music/Dio/V2', 'AP/6/Music/Dio/V3', 'AP/6/Music/Conv/G/V1', 'AP/6/Music/Conv/G/V2', 'AP/6/Music/Conv/G/V3', 'AP/6/Music/Conv/D/V1', 'AP/6/Music/Conv/D/V2', 'AP/6/Music/Conv/D/V3']. Ceci peut être normal selon le protocole du sujet.
2025-06-26 10:34:03,192 - WARNING - utils.loading_PP_utils - [load_epochs_data_for_decoding_delirium:367] - Aucune donnée trouvée pour '['AP/13', 'AP/23', 'AP/33']' (condition: AP_FAMILY_3) chez sujet BT25. Événements disponibles: ['PP/Noise/Dio/V1', 'PP/Noise/Dio/V2', 'PP/Noise/Dio/V3', 'PP/Noise/Conv/G/V1', 'PP/Noise/Conv/G/V2', 'PP/Noise/Conv/G/V3', 'PP/Noise/Conv/D/V1', 'PP/Noise/Conv/D/V2', 'PP/Noise/Conv/D/V3', 'PP/Music/Dio/V1', 'PP/Music/Dio/V2', 'PP/Music/Dio/V3', 'PP/Music/Conv/G/V1', 'PP/Music/Conv/G/V2', 'PP/Music/Conv/G/V3', 'PP/Music/Conv/D/V1', 'PP/Music/Conv/D/V2', 'PP/Music/Conv/D/V3', 'AP/1/Noise/Dio/V1', 'AP/1/Noise/Dio/V2', 'AP/1/Noise/Dio/V3', 'AP/1/Noise/Conv/G/V1', 'AP/1/Noise/Conv/G/V2', 'AP/1/Noise/Conv/G/V3', 'AP/1/Noise/Conv/D/V1', 'AP/1/Noise/Conv/D/V2', 'AP/1/Noise/Conv/D/V3', 'AP/1/Music/Dio/V1', 'AP/1/Music/Dio/V2', 'AP/1/Music/Dio/V3', 'AP/1/Music/Conv/G/V1', 'AP/1/Music/Conv/G/V2', 'AP/1/Music/Conv/G/V3', 'AP/1/Music/Conv/D/V1', 'AP/1/Music/Conv/D/V2', 'AP/1/Music/Conv/D/V3', 'AP/2/Noise/Dio/V1', 'AP/2/Noise/Dio/V2', 'AP/2/Noise/Dio/V3', 'AP/2/Noise/Conv/G/V1', 'AP/2/Noise/Conv/G/V2', 'AP/2/Noise/Conv/G/V3', 'AP/2/Noise/Conv/D/V1', 'AP/2/Noise/Conv/D/V2', 'AP/2/Noise/Conv/D/V3', 'AP/2/Music/Dio/V1', 'AP/2/Music/Dio/V2', 'AP/2/Music/Dio/V3', 'AP/2/Music/Conv/G/V1', 'AP/2/Music/Conv/G/V2', 'AP/2/Music/Conv/G/V3', 'AP/2/Music/Conv/D/V1', 'AP/2/Music/Conv/D/V2', 'AP/2/Music/Conv/D/V3', 'AP/3/Noise/Dio/V1', 'AP/3/Noise/Dio/V2', 'AP/3/Noise/Dio/V3', 'AP/3/Noise/Conv/G/V1', 'AP/3/Noise/Conv/G/V2', 'AP/3/Noise/Conv/G/V3', 'AP/3/Noise/Conv/D/V1', 'AP/3/Noise/Conv/D/V2', 'AP/3/Noise/Conv/D/V3', 'AP/3/Music/Dio/V1', 'AP/3/Music/Dio/V2', 'AP/3/Music/Dio/V3', 'AP/3/Music/Conv/G/V1', 'AP/3/Music/Conv/G/V2', 'AP/3/Music/Conv/G/V3', 'AP/3/Music/Conv/D/V1', 'AP/3/Music/Conv/D/V2', 'AP/3/Music/Conv/D/V3', 'AP/4/Noise/Dio/V1', 'AP/4/Noise/Dio/V2', 'AP/4/Noise/Dio/V3', 'AP/4/Noise/Conv/G/V1', 'AP/4/Noise/Conv/G/V2', 'AP/4/Noise/Conv/G/V3', 'AP/4/Noise/Conv/D/V1', 'AP/4/Noise/Conv/D/V2', 'AP/4/Noise/Conv/D/V3', 'AP/4/Music/Dio/V1', 'AP/4/Music/Dio/V2', 'AP/4/Music/Dio/V3', 'AP/4/Music/Conv/G/V1', 'AP/4/Music/Conv/G/V2', 'AP/4/Music/Conv/G/V3', 'AP/4/Music/Conv/D/V1', 'AP/4/Music/Conv/D/V2', 'AP/4/Music/Conv/D/V3', 'AP/5/Noise/Dio/V1', 'AP/5/Noise/Dio/V2', 'AP/5/Noise/Dio/V3', 'AP/5/Noise/Conv/G/V1', 'AP/5/Noise/Conv/G/V2', 'AP/5/Noise/Conv/G/V3', 'AP/5/Noise/Conv/D/V1', 'AP/5/Noise/Conv/D/V2', 'AP/5/Noise/Conv/D/V3', 'AP/5/Music/Dio/V1', 'AP/5/Music/Dio/V2', 'AP/5/Music/Dio/V3', 'AP/5/Music/Conv/G/V1', 'AP/5/Music/Conv/G/V2', 'AP/5/Music/Conv/G/V3', 'AP/5/Music/Conv/D/V1', 'AP/5/Music/Conv/D/V2', 'AP/5/Music/Conv/D/V3', 'AP/6/Noise/Dio/V1', 'AP/6/Noise/Dio/V2', 'AP/6/Noise/Dio/V3', 'AP/6/Noise/Conv/G/V1', 'AP/6/Noise/Conv/G/V2', 'AP/6/Noise/Conv/G/V3', 'AP/6/Noise/Conv/D/V1', 'AP/6/Noise/Conv/D/V2', 'AP/6/Noise/Conv/D/V3', 'AP/6/Music/Dio/V1', 'AP/6/Music/Dio/V2', 'AP/6/Music/Dio/V3', 'AP/6/Music/Conv/G/V1', 'AP/6/Music/Conv/G/V2', 'AP/6/Music/Conv/G/V3', 'AP/6/Music/Conv/D/V1', 'AP/6/Music/Conv/D/V2', 'AP/6/Music/Conv/D/V3']. Ceci peut être normal selon le protocole du sujet.
2025-06-26 10:34:03,193 - WARNING - utils.loading_PP_utils - [load_epochs_data_for_decoding_delirium:367] - Aucune donnée trouvée pour '['AP/14', 'AP/24', 'AP/34']' (condition: AP_FAMILY_4) chez sujet BT25. Événements disponibles: ['PP/Noise/Dio/V1', 'PP/Noise/Dio/V2', 'PP/Noise/Dio/V3', 'PP/Noise/Conv/G/V1', 'PP/Noise/Conv/G/V2', 'PP/Noise/Conv/G/V3', 'PP/Noise/Conv/D/V1', 'PP/Noise/Conv/D/V2', 'PP/Noise/Conv/D/V3', 'PP/Music/Dio/V1', 'PP/Music/Dio/V2', 'PP/Music/Dio/V3', 'PP/Music/Conv/G/V1', 'PP/Music/Conv/G/V2', 'PP/Music/Conv/G/V3', 'PP/Music/Conv/D/V1', 'PP/Music/Conv/D/V2', 'PP/Music/Conv/D/V3', 'AP/1/Noise/Dio/V1', 'AP/1/Noise/Dio/V2', 'AP/1/Noise/Dio/V3', 'AP/1/Noise/Conv/G/V1', 'AP/1/Noise/Conv/G/V2', 'AP/1/Noise/Conv/G/V3', 'AP/1/Noise/Conv/D/V1', 'AP/1/Noise/Conv/D/V2', 'AP/1/Noise/Conv/D/V3', 'AP/1/Music/Dio/V1', 'AP/1/Music/Dio/V2', 'AP/1/Music/Dio/V3', 'AP/1/Music/Conv/G/V1', 'AP/1/Music/Conv/G/V2', 'AP/1/Music/Conv/G/V3', 'AP/1/Music/Conv/D/V1', 'AP/1/Music/Conv/D/V2', 'AP/1/Music/Conv/D/V3', 'AP/2/Noise/Dio/V1', 'AP/2/Noise/Dio/V2', 'AP/2/Noise/Dio/V3', 'AP/2/Noise/Conv/G/V1', 'AP/2/Noise/Conv/G/V2', 'AP/2/Noise/Conv/G/V3', 'AP/2/Noise/Conv/D/V1', 'AP/2/Noise/Conv/D/V2', 'AP/2/Noise/Conv/D/V3', 'AP/2/Music/Dio/V1', 'AP/2/Music/Dio/V2', 'AP/2/Music/Dio/V3', 'AP/2/Music/Conv/G/V1', 'AP/2/Music/Conv/G/V2', 'AP/2/Music/Conv/G/V3', 'AP/2/Music/Conv/D/V1', 'AP/2/Music/Conv/D/V2', 'AP/2/Music/Conv/D/V3', 'AP/3/Noise/Dio/V1', 'AP/3/Noise/Dio/V2', 'AP/3/Noise/Dio/V3', 'AP/3/Noise/Conv/G/V1', 'AP/3/Noise/Conv/G/V2', 'AP/3/Noise/Conv/G/V3', 'AP/3/Noise/Conv/D/V1', 'AP/3/Noise/Conv/D/V2', 'AP/3/Noise/Conv/D/V3', 'AP/3/Music/Dio/V1', 'AP/3/Music/Dio/V2', 'AP/3/Music/Dio/V3', 'AP/3/Music/Conv/G/V1', 'AP/3/Music/Conv/G/V2', 'AP/3/Music/Conv/G/V3', 'AP/3/Music/Conv/D/V1', 'AP/3/Music/Conv/D/V2', 'AP/3/Music/Conv/D/V3', 'AP/4/Noise/Dio/V1', 'AP/4/Noise/Dio/V2', 'AP/4/Noise/Dio/V3', 'AP/4/Noise/Conv/G/V1', 'AP/4/Noise/Conv/G/V2', 'AP/4/Noise/Conv/G/V3', 'AP/4/Noise/Conv/D/V1', 'AP/4/Noise/Conv/D/V2', 'AP/4/Noise/Conv/D/V3', 'AP/4/Music/Dio/V1', 'AP/4/Music/Dio/V2', 'AP/4/Music/Dio/V3', 'AP/4/Music/Conv/G/V1', 'AP/4/Music/Conv/G/V2', 'AP/4/Music/Conv/G/V3', 'AP/4/Music/Conv/D/V1', 'AP/4/Music/Conv/D/V2', 'AP/4/Music/Conv/D/V3', 'AP/5/Noise/Dio/V1', 'AP/5/Noise/Dio/V2', 'AP/5/Noise/Dio/V3', 'AP/5/Noise/Conv/G/V1', 'AP/5/Noise/Conv/G/V2', 'AP/5/Noise/Conv/G/V3', 'AP/5/Noise/Conv/D/V1', 'AP/5/Noise/Conv/D/V2', 'AP/5/Noise/Conv/D/V3', 'AP/5/Music/Dio/V1', 'AP/5/Music/Dio/V2', 'AP/5/Music/Dio/V3', 'AP/5/Music/Conv/G/V1', 'AP/5/Music/Conv/G/V2', 'AP/5/Music/Conv/G/V3', 'AP/5/Music/Conv/D/V1', 'AP/5/Music/Conv/D/V2', 'AP/5/Music/Conv/D/V3', 'AP/6/Noise/Dio/V1', 'AP/6/Noise/Dio/V2', 'AP/6/Noise/Dio/V3', 'AP/6/Noise/Conv/G/V1', 'AP/6/Noise/Conv/G/V2', 'AP/6/Noise/Conv/G/V3', 'AP/6/Noise/Conv/D/V1', 'AP/6/Noise/Conv/D/V2', 'AP/6/Noise/Conv/D/V3', 'AP/6/Music/Dio/V1', 'AP/6/Music/Dio/V2', 'AP/6/Music/Dio/V3', 'AP/6/Music/Conv/G/V1', 'AP/6/Music/Conv/G/V2', 'AP/6/Music/Conv/G/V3', 'AP/6/Music/Conv/D/V1', 'AP/6/Music/Conv/D/V2', 'AP/6/Music/Conv/D/V3']. Ceci peut être normal selon le protocole du sujet.
2025-06-26 10:34:03,193 - WARNING - utils.loading_PP_utils - [load_epochs_data_for_decoding_delirium:367] - Aucune donnée trouvée pour '['AP/15', 'AP/25', 'AP/35']' (condition: AP_FAMILY_5) chez sujet BT25. Événements disponibles: ['PP/Noise/Dio/V1', 'PP/Noise/Dio/V2', 'PP/Noise/Dio/V3', 'PP/Noise/Conv/G/V1', 'PP/Noise/Conv/G/V2', 'PP/Noise/Conv/G/V3', 'PP/Noise/Conv/D/V1', 'PP/Noise/Conv/D/V2', 'PP/Noise/Conv/D/V3', 'PP/Music/Dio/V1', 'PP/Music/Dio/V2', 'PP/Music/Dio/V3', 'PP/Music/Conv/G/V1', 'PP/Music/Conv/G/V2', 'PP/Music/Conv/G/V3', 'PP/Music/Conv/D/V1', 'PP/Music/Conv/D/V2', 'PP/Music/Conv/D/V3', 'AP/1/Noise/Dio/V1', 'AP/1/Noise/Dio/V2', 'AP/1/Noise/Dio/V3', 'AP/1/Noise/Conv/G/V1', 'AP/1/Noise/Conv/G/V2', 'AP/1/Noise/Conv/G/V3', 'AP/1/Noise/Conv/D/V1', 'AP/1/Noise/Conv/D/V2', 'AP/1/Noise/Conv/D/V3', 'AP/1/Music/Dio/V1', 'AP/1/Music/Dio/V2', 'AP/1/Music/Dio/V3', 'AP/1/Music/Conv/G/V1', 'AP/1/Music/Conv/G/V2', 'AP/1/Music/Conv/G/V3', 'AP/1/Music/Conv/D/V1', 'AP/1/Music/Conv/D/V2', 'AP/1/Music/Conv/D/V3', 'AP/2/Noise/Dio/V1', 'AP/2/Noise/Dio/V2', 'AP/2/Noise/Dio/V3', 'AP/2/Noise/Conv/G/V1', 'AP/2/Noise/Conv/G/V2', 'AP/2/Noise/Conv/G/V3', 'AP/2/Noise/Conv/D/V1', 'AP/2/Noise/Conv/D/V2', 'AP/2/Noise/Conv/D/V3', 'AP/2/Music/Dio/V1', 'AP/2/Music/Dio/V2', 'AP/2/Music/Dio/V3', 'AP/2/Music/Conv/G/V1', 'AP/2/Music/Conv/G/V2', 'AP/2/Music/Conv/G/V3', 'AP/2/Music/Conv/D/V1', 'AP/2/Music/Conv/D/V2', 'AP/2/Music/Conv/D/V3', 'AP/3/Noise/Dio/V1', 'AP/3/Noise/Dio/V2', 'AP/3/Noise/Dio/V3', 'AP/3/Noise/Conv/G/V1', 'AP/3/Noise/Conv/G/V2', 'AP/3/Noise/Conv/G/V3', 'AP/3/Noise/Conv/D/V1', 'AP/3/Noise/Conv/D/V2', 'AP/3/Noise/Conv/D/V3', 'AP/3/Music/Dio/V1', 'AP/3/Music/Dio/V2', 'AP/3/Music/Dio/V3', 'AP/3/Music/Conv/G/V1', 'AP/3/Music/Conv/G/V2', 'AP/3/Music/Conv/G/V3', 'AP/3/Music/Conv/D/V1', 'AP/3/Music/Conv/D/V2', 'AP/3/Music/Conv/D/V3', 'AP/4/Noise/Dio/V1', 'AP/4/Noise/Dio/V2', 'AP/4/Noise/Dio/V3', 'AP/4/Noise/Conv/G/V1', 'AP/4/Noise/Conv/G/V2', 'AP/4/Noise/Conv/G/V3', 'AP/4/Noise/Conv/D/V1', 'AP/4/Noise/Conv/D/V2', 'AP/4/Noise/Conv/D/V3', 'AP/4/Music/Dio/V1', 'AP/4/Music/Dio/V2', 'AP/4/Music/Dio/V3', 'AP/4/Music/Conv/G/V1', 'AP/4/Music/Conv/G/V2', 'AP/4/Music/Conv/G/V3', 'AP/4/Music/Conv/D/V1', 'AP/4/Music/Conv/D/V2', 'AP/4/Music/Conv/D/V3', 'AP/5/Noise/Dio/V1', 'AP/5/Noise/Dio/V2', 'AP/5/Noise/Dio/V3', 'AP/5/Noise/Conv/G/V1', 'AP/5/Noise/Conv/G/V2', 'AP/5/Noise/Conv/G/V3', 'AP/5/Noise/Conv/D/V1', 'AP/5/Noise/Conv/D/V2', 'AP/5/Noise/Conv/D/V3', 'AP/5/Music/Dio/V1', 'AP/5/Music/Dio/V2', 'AP/5/Music/Dio/V3', 'AP/5/Music/Conv/G/V1', 'AP/5/Music/Conv/G/V2', 'AP/5/Music/Conv/G/V3', 'AP/5/Music/Conv/D/V1', 'AP/5/Music/Conv/D/V2', 'AP/5/Music/Conv/D/V3', 'AP/6/Noise/Dio/V1', 'AP/6/Noise/Dio/V2', 'AP/6/Noise/Dio/V3', 'AP/6/Noise/Conv/G/V1', 'AP/6/Noise/Conv/G/V2', 'AP/6/Noise/Conv/G/V3', 'AP/6/Noise/Conv/D/V1', 'AP/6/Noise/Conv/D/V2', 'AP/6/Noise/Conv/D/V3', 'AP/6/Music/Dio/V1', 'AP/6/Music/Dio/V2', 'AP/6/Music/Dio/V3', 'AP/6/Music/Conv/G/V1', 'AP/6/Music/Conv/G/V2', 'AP/6/Music/Conv/G/V3', 'AP/6/Music/Conv/D/V1', 'AP/6/Music/Conv/D/V2', 'AP/6/Music/Conv/D/V3']. Ceci peut être normal selon le protocole du sujet.
2025-06-26 10:34:03,193 - WARNING - utils.loading_PP_utils - [load_epochs_data_for_decoding_delirium:367] - Aucune donnée trouvée pour '['AP/16', 'AP/26', 'AP/36']' (condition: AP_FAMILY_6) chez sujet BT25. Événements disponibles: ['PP/Noise/Dio/V1', 'PP/Noise/Dio/V2', 'PP/Noise/Dio/V3', 'PP/Noise/Conv/G/V1', 'PP/Noise/Conv/G/V2', 'PP/Noise/Conv/G/V3', 'PP/Noise/Conv/D/V1', 'PP/Noise/Conv/D/V2', 'PP/Noise/Conv/D/V3', 'PP/Music/Dio/V1', 'PP/Music/Dio/V2', 'PP/Music/Dio/V3', 'PP/Music/Conv/G/V1', 'PP/Music/Conv/G/V2', 'PP/Music/Conv/G/V3', 'PP/Music/Conv/D/V1', 'PP/Music/Conv/D/V2', 'PP/Music/Conv/D/V3', 'AP/1/Noise/Dio/V1', 'AP/1/Noise/Dio/V2', 'AP/1/Noise/Dio/V3', 'AP/1/Noise/Conv/G/V1', 'AP/1/Noise/Conv/G/V2', 'AP/1/Noise/Conv/G/V3', 'AP/1/Noise/Conv/D/V1', 'AP/1/Noise/Conv/D/V2', 'AP/1/Noise/Conv/D/V3', 'AP/1/Music/Dio/V1', 'AP/1/Music/Dio/V2', 'AP/1/Music/Dio/V3', 'AP/1/Music/Conv/G/V1', 'AP/1/Music/Conv/G/V2', 'AP/1/Music/Conv/G/V3', 'AP/1/Music/Conv/D/V1', 'AP/1/Music/Conv/D/V2', 'AP/1/Music/Conv/D/V3', 'AP/2/Noise/Dio/V1', 'AP/2/Noise/Dio/V2', 'AP/2/Noise/Dio/V3', 'AP/2/Noise/Conv/G/V1', 'AP/2/Noise/Conv/G/V2', 'AP/2/Noise/Conv/G/V3', 'AP/2/Noise/Conv/D/V1', 'AP/2/Noise/Conv/D/V2', 'AP/2/Noise/Conv/D/V3', 'AP/2/Music/Dio/V1', 'AP/2/Music/Dio/V2', 'AP/2/Music/Dio/V3', 'AP/2/Music/Conv/G/V1', 'AP/2/Music/Conv/G/V2', 'AP/2/Music/Conv/G/V3', 'AP/2/Music/Conv/D/V1', 'AP/2/Music/Conv/D/V2', 'AP/2/Music/Conv/D/V3', 'AP/3/Noise/Dio/V1', 'AP/3/Noise/Dio/V2', 'AP/3/Noise/Dio/V3', 'AP/3/Noise/Conv/G/V1', 'AP/3/Noise/Conv/G/V2', 'AP/3/Noise/Conv/G/V3', 'AP/3/Noise/Conv/D/V1', 'AP/3/Noise/Conv/D/V2', 'AP/3/Noise/Conv/D/V3', 'AP/3/Music/Dio/V1', 'AP/3/Music/Dio/V2', 'AP/3/Music/Dio/V3', 'AP/3/Music/Conv/G/V1', 'AP/3/Music/Conv/G/V2', 'AP/3/Music/Conv/G/V3', 'AP/3/Music/Conv/D/V1', 'AP/3/Music/Conv/D/V2', 'AP/3/Music/Conv/D/V3', 'AP/4/Noise/Dio/V1', 'AP/4/Noise/Dio/V2', 'AP/4/Noise/Dio/V3', 'AP/4/Noise/Conv/G/V1', 'AP/4/Noise/Conv/G/V2', 'AP/4/Noise/Conv/G/V3', 'AP/4/Noise/Conv/D/V1', 'AP/4/Noise/Conv/D/V2', 'AP/4/Noise/Conv/D/V3', 'AP/4/Music/Dio/V1', 'AP/4/Music/Dio/V2', 'AP/4/Music/Dio/V3', 'AP/4/Music/Conv/G/V1', 'AP/4/Music/Conv/G/V2', 'AP/4/Music/Conv/G/V3', 'AP/4/Music/Conv/D/V1', 'AP/4/Music/Conv/D/V2', 'AP/4/Music/Conv/D/V3', 'AP/5/Noise/Dio/V1', 'AP/5/Noise/Dio/V2', 'AP/5/Noise/Dio/V3', 'AP/5/Noise/Conv/G/V1', 'AP/5/Noise/Conv/G/V2', 'AP/5/Noise/Conv/G/V3', 'AP/5/Noise/Conv/D/V1', 'AP/5/Noise/Conv/D/V2', 'AP/5/Noise/Conv/D/V3', 'AP/5/Music/Dio/V1', 'AP/5/Music/Dio/V2', 'AP/5/Music/Dio/V3', 'AP/5/Music/Conv/G/V1', 'AP/5/Music/Conv/G/V2', 'AP/5/Music/Conv/G/V3', 'AP/5/Music/Conv/D/V1', 'AP/5/Music/Conv/D/V2', 'AP/5/Music/Conv/D/V3', 'AP/6/Noise/Dio/V1', 'AP/6/Noise/Dio/V2', 'AP/6/Noise/Dio/V3', 'AP/6/Noise/Conv/G/V1', 'AP/6/Noise/Conv/G/V2', 'AP/6/Noise/Conv/G/V3', 'AP/6/Noise/Conv/D/V1', 'AP/6/Noise/Conv/D/V2', 'AP/6/Noise/Conv/D/V3', 'AP/6/Music/Dio/V1', 'AP/6/Music/Dio/V2', 'AP/6/Music/Dio/V3', 'AP/6/Music/Conv/G/V1', 'AP/6/Music/Conv/G/V2', 'AP/6/Music/Conv/G/V3', 'AP/6/Music/Conv/D/V1', 'AP/6/Music/Conv/D/V2', 'AP/6/Music/Conv/D/V3']. Ceci peut être normal selon le protocole du sujet.
2025-06-26 10:34:03,193 - WARNING - utils.loading_PP_utils - [load_epochs_data_for_decoding_delirium:423] - Empty data array for condition 'PP_FOR_SPECIFIC_COMPARISON' (specifier: '['PP/10', 'PP/20', 'PP/30']') for subject BT25.
2025-06-26 10:34:03,193 - WARNING - utils.loading_PP_utils - [load_epochs_data_for_decoding_delirium:423] - Empty data array for condition 'AP_FAMILY_1' (specifier: '['AP/11', 'AP/21', 'AP/31']') for subject BT25.
2025-06-26 10:34:03,193 - WARNING - utils.loading_PP_utils - [load_epochs_data_for_decoding_delirium:423] - Empty data array for condition 'AP_FAMILY_2' (specifier: '['AP/12', 'AP/22', 'AP/32']') for subject BT25.
2025-06-26 10:34:03,193 - WARNING - utils.loading_PP_utils - [load_epochs_data_for_decoding_delirium:423] - Empty data array for condition 'AP_FAMILY_3' (specifier: '['AP/13', 'AP/23', 'AP/33']') for subject BT25.
2025-06-26 10:34:03,193 - WARNING - utils.loading_PP_utils - [load_epochs_data_for_decoding_delirium:423] - Empty data array for condition 'AP_FAMILY_4' (specifier: '['AP/14', 'AP/24', 'AP/34']') for subject BT25.
2025-06-26 10:34:03,194 - WARNING - utils.loading_PP_utils - [load_epochs_data_for_decoding_delirium:423] - Empty data array for condition 'AP_FAMILY_5' (specifier: '['AP/15', 'AP/25', 'AP/35']') for subject BT25.
2025-06-26 10:34:03,194 - WARNING - utils.loading_PP_utils - [load_epochs_data_for_decoding_delirium:423] - Empty data array for condition 'AP_FAMILY_6' (specifier: '['AP/16', 'AP/26', 'AP/36']') for subject BT25.
2025-06-26 10:34:03,194 - INFO - utils.loading_PP_utils - [load_epochs_data_for_decoding_delirium:433] -   Data shapes for 'BT25': XPP_ALL=(92, 124, 601), XAP_ALL=(104, 124, 601), PP_FOR_SPECIFIC_COMPARISON=(0, 124, 601), AP_FAMILY_1=(0, 124, 601), AP_FAMILY_2=(0, 124, 601), AP_FAMILY_3=(0, 124, 601), AP_FAMILY_4=(0, 124, 601), AP_FAMILY_5=(0, 124, 601), AP_FAMILY_6=(0, 124, 601). Loaded in 0.67s
2025-06-26 10:34:03,194 - INFO - utils.loading_PP_utils - [load_epochs_data_for_decoding_battery:505] - Battery protocol loaded: 196 total epochs for subject 'BT25'
2025-06-26 10:34:03,194 - INFO - utils.loading_PP_utils - [load_epochs_data_for_decoding_battery:516] - Battery events detected: 126 events (['PP/Noise/Dio/V1', 'PP/Noise/Dio/V2', 'PP/Noise/Dio/V3', 'PP/Noise/Conv/G/V1', 'PP/Noise/Conv/G/V2'])
2025-06-26 10:34:03,195 - INFO - examples.run_decoding_one_pp - [execute_single_subject_decoding:201] - Detected protocol 'battery' for subject BT25
2025-06-26 10:34:03,195 - INFO - examples.run_decoding_one_pp - [execute_single_subject_decoding:231] - Successfully loaded 196 total epochs across all conditions for BT25
2025-06-26 10:34:03,195 - INFO - examples.run_decoding_one_pp - [execute_single_subject_decoding:260] - --- Starting Main Protocol Decoding for BT25 ---
2025-06-26 10:34:03,195 - INFO - examples.run_decoding_one_pp - [execute_single_subject_decoding:263] -   --- 1. Main Decoding (e.g., PP/all vs AP/all) for BT25 ---
2025-06-26 10:34:03,249 - INFO - Baking_EEG._4_decoding_core - [run_temporal_decoding_analysis:68] - --- Temporal Ddcoding Analysis ---
2025-06-26 10:34:03,249 - INFO - Baking_EEG._4_decoding_core - [run_temporal_decoding_analysis:69] - Clf: svc, GS: False, CSP (temporal): False, ANOVA FS (temporal): True
2025-06-26 10:34:03,253 - INFO - base.base_decoding - [_build_standard_classifier_pipeline:57] - Pipeline à hyperparamètres fixes: type='svc', CSP: False, ANOVA FS: True
2025-06-26 10:34:03,253 - INFO - base.base_decoding - [_build_standard_classifier_pipeline:68] - DEBUG: add_csp_step type=bool, value=False, bool()=False
2025-06-26 10:34:03,253 - INFO - base.base_decoding - [_build_standard_classifier_pipeline:91] -    Étape ANOVA FS 'anova_feature_selection' ajoutée (percentile fixe=15).
2025-06-26 10:34:03,253 - INFO - base.base_decoding - [_build_standard_classifier_pipeline:123] - Structure finale du pipeline: ['scaler', 'anova_feature_selection', 'svc_classifier']
2025-06-26 10:34:03,253 - INFO - base.base_decoding - [_build_standard_classifier_pipeline:57] - Pipeline à hyperparamètres fixes: type='svc', CSP: False, ANOVA FS: False
2025-06-26 10:34:03,254 - INFO - base.base_decoding - [_build_standard_classifier_pipeline:68] - DEBUG: add_csp_step type=bool, value=False, bool()=False
2025-06-26 10:34:03,254 - INFO - base.base_decoding - [_build_standard_classifier_pipeline:123] - Structure finale du pipeline: ['scaler', 'svc_classifier']
2025-06-26 10:34:03,254 - INFO - Baking_EEG._4_decoding_core - [run_temporal_decoding_analysis:246] - CV strategy: StratifiedKFold with 10 splits.
2025-06-26 10:34:03,254 - INFO - Baking_EEG._4_decoding_core - [run_temporal_decoding_analysis:258] - Sample weights: Auto-calculated per fold (recommended for StratifiedKFold).
2025-06-26 10:34:03,266 - INFO - Baking_EEG._4_decoding_core - [run_temporal_decoding_analysis:294] - MNE Estimators: Using fold-specific balancing via class_weight='balanced' (if supported by classifier).
2025-06-26 10:34:03,267 - INFO - Baking_EEG._4_decoding_core - [run_temporal_decoding_analysis:310] - Starting 1D temporal decoding (SlidingEstimator)...
2025-06-26 10:34:21,472 - INFO - Baking_EEG._4_decoding_core - [run_temporal_decoding_analysis:338] - 1D temporal decoding done. Peak mean AUC: 0.637
2025-06-26 10:34:21,473 - INFO - Baking_EEG._4_decoding_core - [run_temporal_decoding_analysis:346] - Starting TGM computation (GeneralizingEstimator)...
