submitit INFO (2025-06-26 10:33:57,186) - Starting with JobEnvironment(job_id=349916_4, hostname=node7, local_rank=0(1), node=0(1), global_rank=0(1))
submitit INFO (2025-06-26 10:33:57,186) - Loading pickle: /home/tom.balay/Baking_EEG/submitit/logs_submitit_master/slurm_jobs_ALL_9_GROUPS_INTRA_20250626_103354/349916_4_submitted.pkl
DEBUG Worker - project_root: /home/tom.balay/Baking_EEG
DEBUG Worker - parent_dir: /home/tom.balay
DEBUG Worker - sys.path: ['/home/tom.balay', '/home/tom.balay/Baking_EEG', '/home/tom.balay/Baking_EEG/submitit']...
2025-06-26 10:34:00,637 - INFO - examples.run_decoding_one_group_pp - [<module>:39] - Tentative d'import de execute_single_subject_decoding...
2025-06-26 10:34:00,638 - INFO - examples.run_decoding_one_group_pp - [<module>:42] - ✅ Import de execute_single_subject_decoding réussi
2025-06-26 10:34:00,640 - INFO - examples.run_decoding_one_group_pp - [execute_group_intra_subject_decoding_analysis:120] - Starting intra-subject decoding loop for GROUP: MCS+. GS: False, CSP: False, ANOVA FS: True. n_jobs_subj: 38.
2025-06-26 10:34:00,640 - INFO - examples.run_decoding_one_group_pp - [execute_group_intra_subject_decoding_analysis:130] - 
--- Group 'MCS+': Processing Subject 1/18: AG42 ---
2025-06-26 10:34:00,640 - INFO - examples.run_decoding_one_pp - [execute_single_subject_decoding:183] - Starting decoding for subject: AG42 (Group: MCS+, Task Set ID: Group_Intra_MCS+_Subj_AG42, Classifier: svc, GS: False, CSP (temp): False, ANOVA FS (temp): True, n_jobs: 38)
2025-06-26 10:34:00,640 - INFO - examples.run_decoding_one_pp - [execute_single_subject_decoding:192] - Using loading conditions: ['XPP_ALL', 'XAP_ALL', 'PP_FOR_SPECIFIC_COMPARISON', 'AP_FAMILY_1', 'AP_FAMILY_2', 'AP_FAMILY_3', 'AP_FAMILY_4', 'AP_FAMILY_5', 'AP_FAMILY_6']
2025-06-26 10:34:00,642 - ERROR - utils.loading_PP_utils - [load_epochs_data_for_decoding_delirium:271] - No preprocessed epoch FIF file found for 'AG42' in '/mnt/data/tom.balay/data/Baking_EEG_data/PP_MCS+_01HZ'. Tried protocol-specific detection and legacy fallback.
2025-06-26 10:34:00,642 - INFO - utils.loading_PP_utils - [load_epochs_data_auto_protocol:783] - Auto-detected protocol 'unknown' for subject 'AG42' (file hint: None)
2025-06-26 10:34:00,642 - WARNING - utils.loading_PP_utils - [find_epochs_file_with_protocol_detection:104] - No epochs file found for subject 'AG42' in '/mnt/data/tom.balay/data/Baking_EEG_data/PP_MCS+_01HZ'
2025-06-26 10:34:00,643 - ERROR - utils.loading_PP_utils - [load_epochs_data_for_decoding_delirium:271] - No preprocessed epoch FIF file found for 'AG42' in '/mnt/data/tom.balay/data/Baking_EEG_data/PP_MCS+_01HZ'. Tried protocol-specific detection and legacy fallback.
2025-06-26 10:34:00,643 - INFO - examples.run_decoding_one_pp - [execute_single_subject_decoding:201] - Detected protocol 'unknown' for subject AG42
2025-06-26 10:34:00,643 - ERROR - examples.run_decoding_one_pp - [execute_single_subject_decoding:207] - Epochs object loading failed for AG42. Aborting subject.
2025-06-26 10:34:00,643 - WARNING - examples.run_decoding_one_group_pp - [execute_group_intra_subject_decoding_analysis:164] - Subject AG42 completed with errors or no valid AUC
2025-06-26 10:34:00,643 - INFO - examples.run_decoding_one_group_pp - [execute_group_intra_subject_decoding_analysis:130] - 
--- Group 'MCS+': Processing Subject 2/18: CW41 ---
2025-06-26 10:34:00,643 - INFO - examples.run_decoding_one_pp - [execute_single_subject_decoding:183] - Starting decoding for subject: CW41 (Group: MCS+, Task Set ID: Group_Intra_MCS+_Subj_CW41, Classifier: svc, GS: False, CSP (temp): False, ANOVA FS (temp): True, n_jobs: 38)
2025-06-26 10:34:00,643 - INFO - examples.run_decoding_one_pp - [execute_single_subject_decoding:192] - Using loading conditions: ['XPP_ALL', 'XAP_ALL', 'PP_FOR_SPECIFIC_COMPARISON', 'AP_FAMILY_1', 'AP_FAMILY_2', 'AP_FAMILY_3', 'AP_FAMILY_4', 'AP_FAMILY_5', 'AP_FAMILY_6']
2025-06-26 10:34:01,244 - ERROR - utils.loading_PP_utils - [load_epochs_data_for_decoding_delirium:416] - CRITICAL: No data loaded for ANY specified conditions for subject CW41.
2025-06-26 10:34:01,244 - WARNING - utils.loading_PP_utils - [load_epochs_data_for_decoding_delirium:423] - Empty data array for condition 'temp' (specifier: 'AP') for subject CW41.
2025-06-26 10:34:01,244 - INFO - utils.loading_PP_utils - [load_epochs_data_auto_protocol:783] - Auto-detected protocol 'battery' for subject 'CW41' (file hint: ppext3)
2025-06-26 10:34:01,244 - INFO - utils.loading_PP_utils - [load_epochs_data_for_decoding_battery:485] - Loading Battery protocol data for subject 'CW41' (group: MCS+)
2025-06-26 10:34:01,245 - INFO - utils.loading_PP_utils - [find_epochs_file_with_protocol_detection:80] - Found epochs file: /mnt/data/tom.balay/data/Baking_EEG_data/PP_MCS+_01HZ/PPext3/CW41_preproc_noICA_PPAP-epo_ar.fif (protocol: ppext3)
2025-06-26 10:34:01,245 - INFO - utils.loading_PP_utils - [load_epochs_data_for_decoding_delirium:279] - Loading epoch data for subject 'CW41' from: /mnt/data/tom.balay/data/Baking_EEG_data/PP_MCS+_01HZ/PPext3/CW41_preproc_noICA_PPAP-epo_ar.fif (file protocol: ppext3)
2025-06-26 10:34:01,509 - INFO - utils.loading_PP_utils - [load_epochs_data_for_decoding_delirium:290] - Event IDs available for CW41:
2025-06-26 10:34:01,510 - INFO - utils.loading_PP_utils - [load_epochs_data_for_decoding_delirium:294] -   - 'PP/Noise/Dio/V1': 110
2025-06-26 10:34:01,510 - INFO - utils.loading_PP_utils - [load_epochs_data_for_decoding_delirium:294] -   - 'PP/Noise/Dio/V2': 120
2025-06-26 10:34:01,510 - INFO - utils.loading_PP_utils - [load_epochs_data_for_decoding_delirium:294] -   - 'PP/Noise/Dio/V3': 130
2025-06-26 10:34:01,510 - INFO - utils.loading_PP_utils - [load_epochs_data_for_decoding_delirium:294] -   - 'PP/Noise/Conv/G/V1': 140
2025-06-26 10:34:01,510 - INFO - utils.loading_PP_utils - [load_epochs_data_for_decoding_delirium:294] -   - 'PP/Noise/Conv/G/V2': 150
2025-06-26 10:34:01,510 - INFO - utils.loading_PP_utils - [load_epochs_data_for_decoding_delirium:294] -   - 'PP/Noise/Conv/G/V3': 160
2025-06-26 10:34:01,510 - INFO - utils.loading_PP_utils - [load_epochs_data_for_decoding_delirium:294] -   - 'PP/Noise/Conv/D/V1': 170
2025-06-26 10:34:01,510 - INFO - utils.loading_PP_utils - [load_epochs_data_for_decoding_delirium:294] -   - 'PP/Noise/Conv/D/V2': 180
2025-06-26 10:34:01,510 - INFO - utils.loading_PP_utils - [load_epochs_data_for_decoding_delirium:294] -   - 'PP/Noise/Conv/D/V3': 190
2025-06-26 10:34:01,510 - INFO - utils.loading_PP_utils - [load_epochs_data_for_decoding_delirium:294] -   - 'PP/Music/Dio/V1': 1110
2025-06-26 10:34:01,510 - INFO - utils.loading_PP_utils - [load_epochs_data_for_decoding_delirium:294] -   - 'PP/Music/Dio/V2': 1120
2025-06-26 10:34:01,510 - INFO - utils.loading_PP_utils - [load_epochs_data_for_decoding_delirium:294] -   - 'PP/Music/Dio/V3': 1130
2025-06-26 10:34:01,510 - INFO - utils.loading_PP_utils - [load_epochs_data_for_decoding_delirium:294] -   - 'PP/Music/Conv/G/V1': 1140
2025-06-26 10:34:01,510 - INFO - utils.loading_PP_utils - [load_epochs_data_for_decoding_delirium:294] -   - 'PP/Music/Conv/G/V2': 1150
2025-06-26 10:34:01,510 - INFO - utils.loading_PP_utils - [load_epochs_data_for_decoding_delirium:294] -   - 'PP/Music/Conv/G/V3': 1160
2025-06-26 10:34:01,511 - INFO - utils.loading_PP_utils - [load_epochs_data_for_decoding_delirium:294] -   - 'PP/Music/Conv/D/V1': 1170
2025-06-26 10:34:01,511 - INFO - utils.loading_PP_utils - [load_epochs_data_for_decoding_delirium:294] -   - 'PP/Music/Conv/D/V2': 1180
2025-06-26 10:34:01,511 - INFO - utils.loading_PP_utils - [load_epochs_data_for_decoding_delirium:294] -   - 'PP/Music/Conv/D/V3': 1190
2025-06-26 10:34:01,511 - INFO - utils.loading_PP_utils - [load_epochs_data_for_decoding_delirium:294] -   - 'AP/1/Noise/Dio/V1': 2111
2025-06-26 10:34:01,511 - INFO - utils.loading_PP_utils - [load_epochs_data_for_decoding_delirium:294] -   - 'AP/1/Noise/Dio/V2': 2121
2025-06-26 10:34:01,511 - INFO - utils.loading_PP_utils - [load_epochs_data_for_decoding_delirium:294] -   - 'AP/1/Noise/Dio/V3': 2131
2025-06-26 10:34:01,511 - INFO - utils.loading_PP_utils - [load_epochs_data_for_decoding_delirium:294] -   - 'AP/1/Noise/Conv/G/V1': 2141
2025-06-26 10:34:01,511 - INFO - utils.loading_PP_utils - [load_epochs_data_for_decoding_delirium:294] -   - 'AP/1/Noise/Conv/G/V2': 2151
2025-06-26 10:34:01,511 - INFO - utils.loading_PP_utils - [load_epochs_data_for_decoding_delirium:294] -   - 'AP/1/Noise/Conv/G/V3': 2161
2025-06-26 10:34:01,511 - INFO - utils.loading_PP_utils - [load_epochs_data_for_decoding_delirium:294] -   - 'AP/1/Noise/Conv/D/V1': 2171
2025-06-26 10:34:01,511 - INFO - utils.loading_PP_utils - [load_epochs_data_for_decoding_delirium:294] -   - 'AP/1/Noise/Conv/D/V2': 2181
2025-06-26 10:34:01,511 - INFO - utils.loading_PP_utils - [load_epochs_data_for_decoding_delirium:294] -   - 'AP/1/Noise/Conv/D/V3': 2191
2025-06-26 10:34:01,511 - INFO - utils.loading_PP_utils - [load_epochs_data_for_decoding_delirium:294] -   - 'AP/1/Music/Dio/V1': 3111
2025-06-26 10:34:01,511 - INFO - utils.loading_PP_utils - [load_epochs_data_for_decoding_delirium:294] -   - 'AP/1/Music/Dio/V2': 3121
2025-06-26 10:34:01,511 - INFO - utils.loading_PP_utils - [load_epochs_data_for_decoding_delirium:294] -   - 'AP/1/Music/Dio/V3': 3131
2025-06-26 10:34:01,511 - INFO - utils.loading_PP_utils - [load_epochs_data_for_decoding_delirium:294] -   - 'AP/1/Music/Conv/G/V1': 3141
2025-06-26 10:34:01,512 - INFO - utils.loading_PP_utils - [load_epochs_data_for_decoding_delirium:294] -   - 'AP/1/Music/Conv/G/V2': 3151
2025-06-26 10:34:01,512 - INFO - utils.loading_PP_utils - [load_epochs_data_for_decoding_delirium:294] -   - 'AP/1/Music/Conv/G/V3': 3161
2025-06-26 10:34:01,512 - INFO - utils.loading_PP_utils - [load_epochs_data_for_decoding_delirium:294] -   - 'AP/1/Music/Conv/D/V1': 3171
2025-06-26 10:34:01,512 - INFO - utils.loading_PP_utils - [load_epochs_data_for_decoding_delirium:294] -   - 'AP/1/Music/Conv/D/V2': 3181
2025-06-26 10:34:01,512 - INFO - utils.loading_PP_utils - [load_epochs_data_for_decoding_delirium:294] -   - 'AP/1/Music/Conv/D/V3': 3191
2025-06-26 10:34:01,512 - INFO - utils.loading_PP_utils - [load_epochs_data_for_decoding_delirium:294] -   - 'AP/2/Noise/Dio/V1': 2112
2025-06-26 10:34:01,512 - INFO - utils.loading_PP_utils - [load_epochs_data_for_decoding_delirium:294] -   - 'AP/2/Noise/Dio/V2': 2122
2025-06-26 10:34:01,512 - INFO - utils.loading_PP_utils - [load_epochs_data_for_decoding_delirium:294] -   - 'AP/2/Noise/Dio/V3': 2132
2025-06-26 10:34:01,512 - INFO - utils.loading_PP_utils - [load_epochs_data_for_decoding_delirium:294] -   - 'AP/2/Noise/Conv/G/V1': 2142
2025-06-26 10:34:01,512 - INFO - utils.loading_PP_utils - [load_epochs_data_for_decoding_delirium:294] -   - 'AP/2/Noise/Conv/G/V2': 2152
2025-06-26 10:34:01,512 - INFO - utils.loading_PP_utils - [load_epochs_data_for_decoding_delirium:294] -   - 'AP/2/Noise/Conv/G/V3': 2162
2025-06-26 10:34:01,512 - INFO - utils.loading_PP_utils - [load_epochs_data_for_decoding_delirium:294] -   - 'AP/2/Noise/Conv/D/V1': 2172
2025-06-26 10:34:01,512 - INFO - utils.loading_PP_utils - [load_epochs_data_for_decoding_delirium:294] -   - 'AP/2/Noise/Conv/D/V2': 2182
2025-06-26 10:34:01,512 - INFO - utils.loading_PP_utils - [load_epochs_data_for_decoding_delirium:294] -   - 'AP/2/Noise/Conv/D/V3': 2192
2025-06-26 10:34:01,512 - INFO - utils.loading_PP_utils - [load_epochs_data_for_decoding_delirium:294] -   - 'AP/2/Music/Dio/V1': 3112
2025-06-26 10:34:01,512 - INFO - utils.loading_PP_utils - [load_epochs_data_for_decoding_delirium:294] -   - 'AP/2/Music/Dio/V2': 3122
2025-06-26 10:34:01,513 - INFO - utils.loading_PP_utils - [load_epochs_data_for_decoding_delirium:294] -   - 'AP/2/Music/Dio/V3': 3132
2025-06-26 10:34:01,513 - INFO - utils.loading_PP_utils - [load_epochs_data_for_decoding_delirium:294] -   - 'AP/2/Music/Conv/G/V1': 3142
2025-06-26 10:34:01,513 - INFO - utils.loading_PP_utils - [load_epochs_data_for_decoding_delirium:294] -   - 'AP/2/Music/Conv/G/V2': 3152
2025-06-26 10:34:01,513 - INFO - utils.loading_PP_utils - [load_epochs_data_for_decoding_delirium:294] -   - 'AP/2/Music/Conv/G/V3': 3162
2025-06-26 10:34:01,513 - INFO - utils.loading_PP_utils - [load_epochs_data_for_decoding_delirium:294] -   - 'AP/2/Music/Conv/D/V1': 3172
2025-06-26 10:34:01,513 - INFO - utils.loading_PP_utils - [load_epochs_data_for_decoding_delirium:294] -   - 'AP/2/Music/Conv/D/V2': 3182
2025-06-26 10:34:01,513 - INFO - utils.loading_PP_utils - [load_epochs_data_for_decoding_delirium:294] -   - 'AP/2/Music/Conv/D/V3': 3192
2025-06-26 10:34:01,513 - INFO - utils.loading_PP_utils - [load_epochs_data_for_decoding_delirium:294] -   - 'AP/3/Noise/Dio/V1': 2113
2025-06-26 10:34:01,513 - INFO - utils.loading_PP_utils - [load_epochs_data_for_decoding_delirium:294] -   - 'AP/3/Noise/Dio/V2': 2123
2025-06-26 10:34:01,513 - INFO - utils.loading_PP_utils - [load_epochs_data_for_decoding_delirium:294] -   - 'AP/3/Noise/Dio/V3': 2133
2025-06-26 10:34:01,513 - INFO - utils.loading_PP_utils - [load_epochs_data_for_decoding_delirium:294] -   - 'AP/3/Noise/Conv/G/V1': 2143
2025-06-26 10:34:01,513 - INFO - utils.loading_PP_utils - [load_epochs_data_for_decoding_delirium:294] -   - 'AP/3/Noise/Conv/G/V2': 2153
2025-06-26 10:34:01,513 - INFO - utils.loading_PP_utils - [load_epochs_data_for_decoding_delirium:294] -   - 'AP/3/Noise/Conv/G/V3': 2163
2025-06-26 10:34:01,513 - INFO - utils.loading_PP_utils - [load_epochs_data_for_decoding_delirium:294] -   - 'AP/3/Noise/Conv/D/V1': 2173
2025-06-26 10:34:01,513 - INFO - utils.loading_PP_utils - [load_epochs_data_for_decoding_delirium:294] -   - 'AP/3/Noise/Conv/D/V2': 2183
2025-06-26 10:34:01,513 - INFO - utils.loading_PP_utils - [load_epochs_data_for_decoding_delirium:294] -   - 'AP/3/Noise/Conv/D/V3': 2193
2025-06-26 10:34:01,514 - INFO - utils.loading_PP_utils - [load_epochs_data_for_decoding_delirium:294] -   - 'AP/3/Music/Dio/V1': 3113
2025-06-26 10:34:01,514 - INFO - utils.loading_PP_utils - [load_epochs_data_for_decoding_delirium:294] -   - 'AP/3/Music/Dio/V2': 3123
2025-06-26 10:34:01,514 - INFO - utils.loading_PP_utils - [load_epochs_data_for_decoding_delirium:294] -   - 'AP/3/Music/Dio/V3': 3133
2025-06-26 10:34:01,514 - INFO - utils.loading_PP_utils - [load_epochs_data_for_decoding_delirium:294] -   - 'AP/3/Music/Conv/G/V1': 3143
2025-06-26 10:34:01,514 - INFO - utils.loading_PP_utils - [load_epochs_data_for_decoding_delirium:294] -   - 'AP/3/Music/Conv/G/V2': 3153
2025-06-26 10:34:01,514 - INFO - utils.loading_PP_utils - [load_epochs_data_for_decoding_delirium:294] -   - 'AP/3/Music/Conv/G/V3': 3163
2025-06-26 10:34:01,514 - INFO - utils.loading_PP_utils - [load_epochs_data_for_decoding_delirium:294] -   - 'AP/3/Music/Conv/D/V1': 3173
2025-06-26 10:34:01,514 - INFO - utils.loading_PP_utils - [load_epochs_data_for_decoding_delirium:294] -   - 'AP/3/Music/Conv/D/V2': 3183
2025-06-26 10:34:01,514 - INFO - utils.loading_PP_utils - [load_epochs_data_for_decoding_delirium:294] -   - 'AP/3/Music/Conv/D/V3': 3193
2025-06-26 10:34:01,514 - INFO - utils.loading_PP_utils - [load_epochs_data_for_decoding_delirium:294] -   - 'AP/4/Noise/Dio/V1': 2114
2025-06-26 10:34:01,514 - INFO - utils.loading_PP_utils - [load_epochs_data_for_decoding_delirium:294] -   - 'AP/4/Noise/Dio/V2': 2124
2025-06-26 10:34:01,514 - INFO - utils.loading_PP_utils - [load_epochs_data_for_decoding_delirium:294] -   - 'AP/4/Noise/Dio/V3': 2134
2025-06-26 10:34:01,514 - INFO - utils.loading_PP_utils - [load_epochs_data_for_decoding_delirium:294] -   - 'AP/4/Noise/Conv/G/V1': 2144
2025-06-26 10:34:01,514 - INFO - utils.loading_PP_utils - [load_epochs_data_for_decoding_delirium:294] -   - 'AP/4/Noise/Conv/G/V2': 2154
2025-06-26 10:34:01,514 - INFO - utils.loading_PP_utils - [load_epochs_data_for_decoding_delirium:294] -   - 'AP/4/Noise/Conv/G/V3': 2164
2025-06-26 10:34:01,514 - INFO - utils.loading_PP_utils - [load_epochs_data_for_decoding_delirium:294] -   - 'AP/4/Noise/Conv/D/V1': 2174
2025-06-26 10:34:01,514 - INFO - utils.loading_PP_utils - [load_epochs_data_for_decoding_delirium:294] -   - 'AP/4/Noise/Conv/D/V2': 2184
2025-06-26 10:34:01,515 - INFO - utils.loading_PP_utils - [load_epochs_data_for_decoding_delirium:294] -   - 'AP/4/Noise/Conv/D/V3': 2194
2025-06-26 10:34:01,515 - INFO - utils.loading_PP_utils - [load_epochs_data_for_decoding_delirium:294] -   - 'AP/4/Music/Dio/V1': 3114
2025-06-26 10:34:01,515 - INFO - utils.loading_PP_utils - [load_epochs_data_for_decoding_delirium:294] -   - 'AP/4/Music/Dio/V2': 3124
2025-06-26 10:34:01,515 - INFO - utils.loading_PP_utils - [load_epochs_data_for_decoding_delirium:294] -   - 'AP/4/Music/Dio/V3': 3134
2025-06-26 10:34:01,515 - INFO - utils.loading_PP_utils - [load_epochs_data_for_decoding_delirium:294] -   - 'AP/4/Music/Conv/G/V1': 3144
2025-06-26 10:34:01,515 - INFO - utils.loading_PP_utils - [load_epochs_data_for_decoding_delirium:294] -   - 'AP/4/Music/Conv/G/V2': 3154
2025-06-26 10:34:01,515 - INFO - utils.loading_PP_utils - [load_epochs_data_for_decoding_delirium:294] -   - 'AP/4/Music/Conv/G/V3': 3164
2025-06-26 10:34:01,515 - INFO - utils.loading_PP_utils - [load_epochs_data_for_decoding_delirium:294] -   - 'AP/4/Music/Conv/D/V1': 3174
2025-06-26 10:34:01,515 - INFO - utils.loading_PP_utils - [load_epochs_data_for_decoding_delirium:294] -   - 'AP/4/Music/Conv/D/V2': 3184
2025-06-26 10:34:01,515 - INFO - utils.loading_PP_utils - [load_epochs_data_for_decoding_delirium:294] -   - 'AP/4/Music/Conv/D/V3': 3194
2025-06-26 10:34:01,515 - INFO - utils.loading_PP_utils - [load_epochs_data_for_decoding_delirium:294] -   - 'AP/5/Noise/Dio/V1': 2115
2025-06-26 10:34:01,515 - INFO - utils.loading_PP_utils - [load_epochs_data_for_decoding_delirium:294] -   - 'AP/5/Noise/Dio/V2': 2125
2025-06-26 10:34:01,515 - INFO - utils.loading_PP_utils - [load_epochs_data_for_decoding_delirium:294] -   - 'AP/5/Noise/Dio/V3': 2135
2025-06-26 10:34:01,515 - INFO - utils.loading_PP_utils - [load_epochs_data_for_decoding_delirium:294] -   - 'AP/5/Noise/Conv/G/V1': 2145
2025-06-26 10:34:01,515 - INFO - utils.loading_PP_utils - [load_epochs_data_for_decoding_delirium:294] -   - 'AP/5/Noise/Conv/G/V2': 2155
2025-06-26 10:34:01,515 - INFO - utils.loading_PP_utils - [load_epochs_data_for_decoding_delirium:294] -   - 'AP/5/Noise/Conv/G/V3': 2165
2025-06-26 10:34:01,516 - INFO - utils.loading_PP_utils - [load_epochs_data_for_decoding_delirium:294] -   - 'AP/5/Noise/Conv/D/V1': 2175
2025-06-26 10:34:01,516 - INFO - utils.loading_PP_utils - [load_epochs_data_for_decoding_delirium:294] -   - 'AP/5/Noise/Conv/D/V2': 2185
2025-06-26 10:34:01,516 - INFO - utils.loading_PP_utils - [load_epochs_data_for_decoding_delirium:294] -   - 'AP/5/Noise/Conv/D/V3': 2195
2025-06-26 10:34:01,516 - INFO - utils.loading_PP_utils - [load_epochs_data_for_decoding_delirium:294] -   - 'AP/5/Music/Dio/V1': 3115
2025-06-26 10:34:01,516 - INFO - utils.loading_PP_utils - [load_epochs_data_for_decoding_delirium:294] -   - 'AP/5/Music/Dio/V2': 3125
2025-06-26 10:34:01,516 - INFO - utils.loading_PP_utils - [load_epochs_data_for_decoding_delirium:294] -   - 'AP/5/Music/Dio/V3': 3135
2025-06-26 10:34:01,516 - INFO - utils.loading_PP_utils - [load_epochs_data_for_decoding_delirium:294] -   - 'AP/5/Music/Conv/G/V1': 3145
2025-06-26 10:34:01,516 - INFO - utils.loading_PP_utils - [load_epochs_data_for_decoding_delirium:294] -   - 'AP/5/Music/Conv/G/V2': 3155
2025-06-26 10:34:01,516 - INFO - utils.loading_PP_utils - [load_epochs_data_for_decoding_delirium:294] -   - 'AP/5/Music/Conv/G/V3': 3165
2025-06-26 10:34:01,516 - INFO - utils.loading_PP_utils - [load_epochs_data_for_decoding_delirium:294] -   - 'AP/5/Music/Conv/D/V1': 3175
2025-06-26 10:34:01,516 - INFO - utils.loading_PP_utils - [load_epochs_data_for_decoding_delirium:294] -   - 'AP/5/Music/Conv/D/V2': 3185
2025-06-26 10:34:01,516 - INFO - utils.loading_PP_utils - [load_epochs_data_for_decoding_delirium:294] -   - 'AP/5/Music/Conv/D/V3': 3195
2025-06-26 10:34:01,516 - INFO - utils.loading_PP_utils - [load_epochs_data_for_decoding_delirium:294] -   - 'AP/6/Noise/Dio/V1': 2116
2025-06-26 10:34:01,516 - INFO - utils.loading_PP_utils - [load_epochs_data_for_decoding_delirium:294] -   - 'AP/6/Noise/Dio/V2': 2126
2025-06-26 10:34:01,516 - INFO - utils.loading_PP_utils - [load_epochs_data_for_decoding_delirium:294] -   - 'AP/6/Noise/Dio/V3': 2136
2025-06-26 10:34:01,516 - INFO - utils.loading_PP_utils - [load_epochs_data_for_decoding_delirium:294] -   - 'AP/6/Noise/Conv/G/V1': 2146
2025-06-26 10:34:01,516 - INFO - utils.loading_PP_utils - [load_epochs_data_for_decoding_delirium:294] -   - 'AP/6/Noise/Conv/G/V2': 2156
2025-06-26 10:34:01,517 - INFO - utils.loading_PP_utils - [load_epochs_data_for_decoding_delirium:294] -   - 'AP/6/Noise/Conv/G/V3': 2166
2025-06-26 10:34:01,517 - INFO - utils.loading_PP_utils - [load_epochs_data_for_decoding_delirium:294] -   - 'AP/6/Noise/Conv/D/V1': 2176
2025-06-26 10:34:01,517 - INFO - utils.loading_PP_utils - [load_epochs_data_for_decoding_delirium:294] -   - 'AP/6/Noise/Conv/D/V2': 2186
2025-06-26 10:34:01,517 - INFO - utils.loading_PP_utils - [load_epochs_data_for_decoding_delirium:294] -   - 'AP/6/Noise/Conv/D/V3': 2196
2025-06-26 10:34:01,517 - INFO - utils.loading_PP_utils - [load_epochs_data_for_decoding_delirium:294] -   - 'AP/6/Music/Dio/V1': 3116
2025-06-26 10:34:01,517 - INFO - utils.loading_PP_utils - [load_epochs_data_for_decoding_delirium:294] -   - 'AP/6/Music/Dio/V2': 3126
2025-06-26 10:34:01,517 - INFO - utils.loading_PP_utils - [load_epochs_data_for_decoding_delirium:294] -   - 'AP/6/Music/Dio/V3': 3136
2025-06-26 10:34:01,517 - INFO - utils.loading_PP_utils - [load_epochs_data_for_decoding_delirium:294] -   - 'AP/6/Music/Conv/G/V1': 3146
2025-06-26 10:34:01,517 - INFO - utils.loading_PP_utils - [load_epochs_data_for_decoding_delirium:294] -   - 'AP/6/Music/Conv/G/V2': 3156
2025-06-26 10:34:01,517 - INFO - utils.loading_PP_utils - [load_epochs_data_for_decoding_delirium:294] -   - 'AP/6/Music/Conv/G/V3': 3166
2025-06-26 10:34:01,517 - INFO - utils.loading_PP_utils - [load_epochs_data_for_decoding_delirium:294] -   - 'AP/6/Music/Conv/D/V1': 3176
2025-06-26 10:34:01,517 - INFO - utils.loading_PP_utils - [load_epochs_data_for_decoding_delirium:294] -   - 'AP/6/Music/Conv/D/V2': 3186
2025-06-26 10:34:01,517 - INFO - utils.loading_PP_utils - [load_epochs_data_for_decoding_delirium:294] -   - 'AP/6/Music/Conv/D/V3': 3196
2025-06-26 10:34:01,590 - INFO - utils.loading_PP_utils - [inspect_epochs_events:835] - === EVENT INSPECTION FOR CW41 ===
2025-06-26 10:34:01,590 - INFO - utils.loading_PP_utils - [inspect_epochs_events:838] - File: /mnt/data/tom.balay/data/Baking_EEG_data/PP_MCS+_01HZ/PPext3/CW41_preproc_noICA_PPAP-epo_ar.fif
2025-06-26 10:34:01,591 - INFO - utils.loading_PP_utils - [inspect_epochs_events:839] - Total events: 235
2025-06-26 10:34:01,591 - INFO - utils.loading_PP_utils - [inspect_epochs_events:840] - Event types and counts:
2025-06-26 10:34:01,591 - INFO - utils.loading_PP_utils - [inspect_epochs_events:842] -   - 'PP/Noise/Dio/V1' (code 110): 6 epochs
2025-06-26 10:34:01,591 - INFO - utils.loading_PP_utils - [inspect_epochs_events:842] -   - 'PP/Noise/Dio/V2' (code 120): 12 epochs
2025-06-26 10:34:01,591 - INFO - utils.loading_PP_utils - [inspect_epochs_events:842] -   - 'PP/Noise/Dio/V3' (code 130): 10 epochs
2025-06-26 10:34:01,591 - INFO - utils.loading_PP_utils - [inspect_epochs_events:842] -   - 'PP/Noise/Conv/G/V1' (code 140): 4 epochs
2025-06-26 10:34:01,591 - INFO - utils.loading_PP_utils - [inspect_epochs_events:842] -   - 'PP/Noise/Conv/G/V2' (code 150): 5 epochs
2025-06-26 10:34:01,591 - INFO - utils.loading_PP_utils - [inspect_epochs_events:842] -   - 'PP/Noise/Conv/G/V3' (code 160): 4 epochs
2025-06-26 10:34:01,591 - INFO - utils.loading_PP_utils - [inspect_epochs_events:842] -   - 'PP/Noise/Conv/D/V1' (code 170): 5 epochs
2025-06-26 10:34:01,591 - INFO - utils.loading_PP_utils - [inspect_epochs_events:842] -   - 'PP/Noise/Conv/D/V2' (code 180): 6 epochs
2025-06-26 10:34:01,591 - INFO - utils.loading_PP_utils - [inspect_epochs_events:842] -   - 'PP/Noise/Conv/D/V3' (code 190): 5 epochs
2025-06-26 10:34:01,591 - INFO - utils.loading_PP_utils - [inspect_epochs_events:842] -   - 'PP/Music/Dio/V1' (code 1110): 11 epochs
2025-06-26 10:34:01,591 - INFO - utils.loading_PP_utils - [inspect_epochs_events:842] -   - 'PP/Music/Dio/V2' (code 1120): 12 epochs
2025-06-26 10:34:01,591 - INFO - utils.loading_PP_utils - [inspect_epochs_events:842] -   - 'PP/Music/Dio/V3' (code 1130): 5 epochs
2025-06-26 10:34:01,591 - INFO - utils.loading_PP_utils - [inspect_epochs_events:842] -   - 'PP/Music/Conv/G/V1' (code 1140): 5 epochs
2025-06-26 10:34:01,592 - INFO - utils.loading_PP_utils - [inspect_epochs_events:842] -   - 'PP/Music/Conv/G/V2' (code 1150): 6 epochs
2025-06-26 10:34:01,592 - INFO - utils.loading_PP_utils - [inspect_epochs_events:842] -   - 'PP/Music/Conv/G/V3' (code 1160): 6 epochs
2025-06-26 10:34:01,592 - INFO - utils.loading_PP_utils - [inspect_epochs_events:842] -   - 'PP/Music/Conv/D/V1' (code 1170): 6 epochs
2025-06-26 10:34:01,592 - INFO - utils.loading_PP_utils - [inspect_epochs_events:842] -   - 'PP/Music/Conv/D/V2' (code 1180): 6 epochs
2025-06-26 10:34:01,592 - INFO - utils.loading_PP_utils - [inspect_epochs_events:842] -   - 'PP/Music/Conv/D/V3' (code 1190): 5 epochs
2025-06-26 10:34:01,592 - INFO - utils.loading_PP_utils - [inspect_epochs_events:842] -   - 'AP/1/Noise/Dio/V1' (code 2111): 0 epochs
2025-06-26 10:34:01,592 - INFO - utils.loading_PP_utils - [inspect_epochs_events:842] -   - 'AP/1/Noise/Dio/V2' (code 2121): 1 epochs
2025-06-26 10:34:01,592 - INFO - utils.loading_PP_utils - [inspect_epochs_events:842] -   - 'AP/1/Noise/Dio/V3' (code 2131): 1 epochs
2025-06-26 10:34:01,592 - INFO - utils.loading_PP_utils - [inspect_epochs_events:842] -   - 'AP/1/Noise/Conv/G/V1' (code 2141): 1 epochs
2025-06-26 10:34:01,592 - INFO - utils.loading_PP_utils - [inspect_epochs_events:842] -   - 'AP/1/Noise/Conv/G/V2' (code 2151): 1 epochs
2025-06-26 10:34:01,592 - INFO - utils.loading_PP_utils - [inspect_epochs_events:842] -   - 'AP/1/Noise/Conv/G/V3' (code 2161): 1 epochs
2025-06-26 10:34:01,592 - INFO - utils.loading_PP_utils - [inspect_epochs_events:842] -   - 'AP/1/Noise/Conv/D/V1' (code 2171): 1 epochs
2025-06-26 10:34:01,592 - INFO - utils.loading_PP_utils - [inspect_epochs_events:842] -   - 'AP/1/Noise/Conv/D/V2' (code 2181): 1 epochs
2025-06-26 10:34:01,592 - INFO - utils.loading_PP_utils - [inspect_epochs_events:842] -   - 'AP/1/Noise/Conv/D/V3' (code 2191): 0 epochs
2025-06-26 10:34:01,592 - INFO - utils.loading_PP_utils - [inspect_epochs_events:842] -   - 'AP/1/Music/Dio/V1' (code 3111): 2 epochs
2025-06-26 10:34:01,592 - INFO - utils.loading_PP_utils - [inspect_epochs_events:842] -   - 'AP/1/Music/Dio/V2' (code 3121): 1 epochs
2025-06-26 10:34:01,592 - INFO - utils.loading_PP_utils - [inspect_epochs_events:842] -   - 'AP/1/Music/Dio/V3' (code 3131): 2 epochs
2025-06-26 10:34:01,593 - INFO - utils.loading_PP_utils - [inspect_epochs_events:842] -   - 'AP/1/Music/Conv/G/V1' (code 3141): 2 epochs
2025-06-26 10:34:01,593 - INFO - utils.loading_PP_utils - [inspect_epochs_events:842] -   - 'AP/1/Music/Conv/G/V2' (code 3151): 1 epochs
2025-06-26 10:34:01,593 - INFO - utils.loading_PP_utils - [inspect_epochs_events:842] -   - 'AP/1/Music/Conv/G/V3' (code 3161): 0 epochs
2025-06-26 10:34:01,593 - INFO - utils.loading_PP_utils - [inspect_epochs_events:842] -   - 'AP/1/Music/Conv/D/V1' (code 3171): 0 epochs
2025-06-26 10:34:01,593 - INFO - utils.loading_PP_utils - [inspect_epochs_events:842] -   - 'AP/1/Music/Conv/D/V2' (code 3181): 3 epochs
2025-06-26 10:34:01,593 - INFO - utils.loading_PP_utils - [inspect_epochs_events:842] -   - 'AP/1/Music/Conv/D/V3' (code 3191): 1 epochs
2025-06-26 10:34:01,593 - INFO - utils.loading_PP_utils - [inspect_epochs_events:842] -   - 'AP/2/Noise/Dio/V1' (code 2112): 1 epochs
2025-06-26 10:34:01,593 - INFO - utils.loading_PP_utils - [inspect_epochs_events:842] -   - 'AP/2/Noise/Dio/V2' (code 2122): 2 epochs
2025-06-26 10:34:01,593 - INFO - utils.loading_PP_utils - [inspect_epochs_events:842] -   - 'AP/2/Noise/Dio/V3' (code 2132): 0 epochs
2025-06-26 10:34:01,593 - INFO - utils.loading_PP_utils - [inspect_epochs_events:842] -   - 'AP/2/Noise/Conv/G/V1' (code 2142): 0 epochs
2025-06-26 10:34:01,593 - INFO - utils.loading_PP_utils - [inspect_epochs_events:842] -   - 'AP/2/Noise/Conv/G/V2' (code 2152): 1 epochs
2025-06-26 10:34:01,593 - INFO - utils.loading_PP_utils - [inspect_epochs_events:842] -   - 'AP/2/Noise/Conv/G/V3' (code 2162): 1 epochs
2025-06-26 10:34:01,593 - INFO - utils.loading_PP_utils - [inspect_epochs_events:842] -   - 'AP/2/Noise/Conv/D/V1' (code 2172): 1 epochs
2025-06-26 10:34:01,593 - INFO - utils.loading_PP_utils - [inspect_epochs_events:842] -   - 'AP/2/Noise/Conv/D/V2' (code 2182): 1 epochs
2025-06-26 10:34:01,593 - INFO - utils.loading_PP_utils - [inspect_epochs_events:842] -   - 'AP/2/Noise/Conv/D/V3' (code 2192): 1 epochs
2025-06-26 10:34:01,593 - INFO - utils.loading_PP_utils - [inspect_epochs_events:842] -   - 'AP/2/Music/Dio/V1' (code 3112): 2 epochs
2025-06-26 10:34:01,593 - INFO - utils.loading_PP_utils - [inspect_epochs_events:842] -   - 'AP/2/Music/Dio/V2' (code 3122): 4 epochs
2025-06-26 10:34:01,594 - INFO - utils.loading_PP_utils - [inspect_epochs_events:842] -   - 'AP/2/Music/Dio/V3' (code 3132): 1 epochs
2025-06-26 10:34:01,594 - INFO - utils.loading_PP_utils - [inspect_epochs_events:842] -   - 'AP/2/Music/Conv/G/V1' (code 3142): 0 epochs
2025-06-26 10:34:01,594 - INFO - utils.loading_PP_utils - [inspect_epochs_events:842] -   - 'AP/2/Music/Conv/G/V2' (code 3152): 1 epochs
2025-06-26 10:34:01,594 - INFO - utils.loading_PP_utils - [inspect_epochs_events:842] -   - 'AP/2/Music/Conv/G/V3' (code 3162): 0 epochs
2025-06-26 10:34:01,594 - INFO - utils.loading_PP_utils - [inspect_epochs_events:842] -   - 'AP/2/Music/Conv/D/V1' (code 3172): 2 epochs
2025-06-26 10:34:01,594 - INFO - utils.loading_PP_utils - [inspect_epochs_events:842] -   - 'AP/2/Music/Conv/D/V2' (code 3182): 1 epochs
2025-06-26 10:34:01,594 - INFO - utils.loading_PP_utils - [inspect_epochs_events:842] -   - 'AP/2/Music/Conv/D/V3' (code 3192): 1 epochs
2025-06-26 10:34:01,594 - INFO - utils.loading_PP_utils - [inspect_epochs_events:842] -   - 'AP/3/Noise/Dio/V1' (code 2113): 4 epochs
2025-06-26 10:34:01,594 - INFO - utils.loading_PP_utils - [inspect_epochs_events:842] -   - 'AP/3/Noise/Dio/V2' (code 2123): 1 epochs
2025-06-26 10:34:01,594 - INFO - utils.loading_PP_utils - [inspect_epochs_events:842] -   - 'AP/3/Noise/Dio/V3' (code 2133): 2 epochs
2025-06-26 10:34:01,594 - INFO - utils.loading_PP_utils - [inspect_epochs_events:842] -   - 'AP/3/Noise/Conv/G/V1' (code 2143): 0 epochs
2025-06-26 10:34:01,594 - INFO - utils.loading_PP_utils - [inspect_epochs_events:842] -   - 'AP/3/Noise/Conv/G/V2' (code 2153): 2 epochs
2025-06-26 10:34:01,594 - INFO - utils.loading_PP_utils - [inspect_epochs_events:842] -   - 'AP/3/Noise/Conv/G/V3' (code 2163): 1 epochs
2025-06-26 10:34:01,594 - INFO - utils.loading_PP_utils - [inspect_epochs_events:842] -   - 'AP/3/Noise/Conv/D/V1' (code 2173): 0 epochs
2025-06-26 10:34:01,594 - INFO - utils.loading_PP_utils - [inspect_epochs_events:842] -   - 'AP/3/Noise/Conv/D/V2' (code 2183): 0 epochs
2025-06-26 10:34:01,594 - INFO - utils.loading_PP_utils - [inspect_epochs_events:842] -   - 'AP/3/Noise/Conv/D/V3' (code 2193): 0 epochs
2025-06-26 10:34:01,594 - INFO - utils.loading_PP_utils - [inspect_epochs_events:842] -   - 'AP/3/Music/Dio/V1' (code 3113): 3 epochs
2025-06-26 10:34:01,595 - INFO - utils.loading_PP_utils - [inspect_epochs_events:842] -   - 'AP/3/Music/Dio/V2' (code 3123): 3 epochs
2025-06-26 10:34:01,595 - INFO - utils.loading_PP_utils - [inspect_epochs_events:842] -   - 'AP/3/Music/Dio/V3' (code 3133): 0 epochs
2025-06-26 10:34:01,595 - INFO - utils.loading_PP_utils - [inspect_epochs_events:842] -   - 'AP/3/Music/Conv/G/V1' (code 3143): 0 epochs
2025-06-26 10:34:01,595 - INFO - utils.loading_PP_utils - [inspect_epochs_events:842] -   - 'AP/3/Music/Conv/G/V2' (code 3153): 1 epochs
2025-06-26 10:34:01,595 - INFO - utils.loading_PP_utils - [inspect_epochs_events:842] -   - 'AP/3/Music/Conv/G/V3' (code 3163): 1 epochs
2025-06-26 10:34:01,595 - INFO - utils.loading_PP_utils - [inspect_epochs_events:842] -   - 'AP/3/Music/Conv/D/V1' (code 3173): 0 epochs
2025-06-26 10:34:01,595 - INFO - utils.loading_PP_utils - [inspect_epochs_events:842] -   - 'AP/3/Music/Conv/D/V2' (code 3183): 0 epochs
2025-06-26 10:34:01,595 - INFO - utils.loading_PP_utils - [inspect_epochs_events:842] -   - 'AP/3/Music/Conv/D/V3' (code 3193): 1 epochs
2025-06-26 10:34:01,595 - INFO - utils.loading_PP_utils - [inspect_epochs_events:842] -   - 'AP/4/Noise/Dio/V1' (code 2114): 1 epochs
2025-06-26 10:34:01,595 - INFO - utils.loading_PP_utils - [inspect_epochs_events:842] -   - 'AP/4/Noise/Dio/V2' (code 2124): 4 epochs
2025-06-26 10:34:01,595 - INFO - utils.loading_PP_utils - [inspect_epochs_events:842] -   - 'AP/4/Noise/Dio/V3' (code 2134): 2 epochs
2025-06-26 10:34:01,595 - INFO - utils.loading_PP_utils - [inspect_epochs_events:842] -   - 'AP/4/Noise/Conv/G/V1' (code 2144): 0 epochs
2025-06-26 10:34:01,595 - INFO - utils.loading_PP_utils - [inspect_epochs_events:842] -   - 'AP/4/Noise/Conv/G/V2' (code 2154): 1 epochs
2025-06-26 10:34:01,595 - INFO - utils.loading_PP_utils - [inspect_epochs_events:842] -   - 'AP/4/Noise/Conv/G/V3' (code 2164): 1 epochs
2025-06-26 10:34:01,595 - INFO - utils.loading_PP_utils - [inspect_epochs_events:842] -   - 'AP/4/Noise/Conv/D/V1' (code 2174): 3 epochs
2025-06-26 10:34:01,595 - INFO - utils.loading_PP_utils - [inspect_epochs_events:842] -   - 'AP/4/Noise/Conv/D/V2' (code 2184): 1 epochs
2025-06-26 10:34:01,595 - INFO - utils.loading_PP_utils - [inspect_epochs_events:842] -   - 'AP/4/Noise/Conv/D/V3' (code 2194): 3 epochs
2025-06-26 10:34:01,596 - INFO - utils.loading_PP_utils - [inspect_epochs_events:842] -   - 'AP/4/Music/Dio/V1' (code 3114): 1 epochs
2025-06-26 10:34:01,596 - INFO - utils.loading_PP_utils - [inspect_epochs_events:842] -   - 'AP/4/Music/Dio/V2' (code 3124): 2 epochs
2025-06-26 10:34:01,596 - INFO - utils.loading_PP_utils - [inspect_epochs_events:842] -   - 'AP/4/Music/Dio/V3' (code 3134): 2 epochs
2025-06-26 10:34:01,596 - INFO - utils.loading_PP_utils - [inspect_epochs_events:842] -   - 'AP/4/Music/Conv/G/V1' (code 3144): 1 epochs
2025-06-26 10:34:01,596 - INFO - utils.loading_PP_utils - [inspect_epochs_events:842] -   - 'AP/4/Music/Conv/G/V2' (code 3154): 0 epochs
2025-06-26 10:34:01,596 - INFO - utils.loading_PP_utils - [inspect_epochs_events:842] -   - 'AP/4/Music/Conv/G/V3' (code 3164): 1 epochs
2025-06-26 10:34:01,596 - INFO - utils.loading_PP_utils - [inspect_epochs_events:842] -   - 'AP/4/Music/Conv/D/V1' (code 3174): 0 epochs
2025-06-26 10:34:01,596 - INFO - utils.loading_PP_utils - [inspect_epochs_events:842] -   - 'AP/4/Music/Conv/D/V2' (code 3184): 0 epochs
2025-06-26 10:34:01,596 - INFO - utils.loading_PP_utils - [inspect_epochs_events:842] -   - 'AP/4/Music/Conv/D/V3' (code 3194): 2 epochs
2025-06-26 10:34:01,596 - INFO - utils.loading_PP_utils - [inspect_epochs_events:842] -   - 'AP/5/Noise/Dio/V1' (code 2115): 1 epochs
2025-06-26 10:34:01,596 - INFO - utils.loading_PP_utils - [inspect_epochs_events:842] -   - 'AP/5/Noise/Dio/V2' (code 2125): 0 epochs
2025-06-26 10:34:01,596 - INFO - utils.loading_PP_utils - [inspect_epochs_events:842] -   - 'AP/5/Noise/Dio/V3' (code 2135): 3 epochs
2025-06-26 10:34:01,596 - INFO - utils.loading_PP_utils - [inspect_epochs_events:842] -   - 'AP/5/Noise/Conv/G/V1' (code 2145): 2 epochs
2025-06-26 10:34:01,596 - INFO - utils.loading_PP_utils - [inspect_epochs_events:842] -   - 'AP/5/Noise/Conv/G/V2' (code 2155): 0 epochs
2025-06-26 10:34:01,596 - INFO - utils.loading_PP_utils - [inspect_epochs_events:842] -   - 'AP/5/Noise/Conv/G/V3' (code 2165): 0 epochs
2025-06-26 10:34:01,596 - INFO - utils.loading_PP_utils - [inspect_epochs_events:842] -   - 'AP/5/Noise/Conv/D/V1' (code 2175): 1 epochs
2025-06-26 10:34:01,596 - INFO - utils.loading_PP_utils - [inspect_epochs_events:842] -   - 'AP/5/Noise/Conv/D/V2' (code 2185): 0 epochs
2025-06-26 10:34:01,597 - INFO - utils.loading_PP_utils - [inspect_epochs_events:842] -   - 'AP/5/Noise/Conv/D/V3' (code 2195): 1 epochs
2025-06-26 10:34:01,597 - INFO - utils.loading_PP_utils - [inspect_epochs_events:842] -   - 'AP/5/Music/Dio/V1' (code 3115): 2 epochs
2025-06-26 10:34:01,597 - INFO - utils.loading_PP_utils - [inspect_epochs_events:842] -   - 'AP/5/Music/Dio/V2' (code 3125): 0 epochs
2025-06-26 10:34:01,597 - INFO - utils.loading_PP_utils - [inspect_epochs_events:842] -   - 'AP/5/Music/Dio/V3' (code 3135): 1 epochs
2025-06-26 10:34:01,597 - INFO - utils.loading_PP_utils - [inspect_epochs_events:842] -   - 'AP/5/Music/Conv/G/V1' (code 3145): 0 epochs
2025-06-26 10:34:01,597 - INFO - utils.loading_PP_utils - [inspect_epochs_events:842] -   - 'AP/5/Music/Conv/G/V2' (code 3155): 2 epochs
2025-06-26 10:34:01,597 - INFO - utils.loading_PP_utils - [inspect_epochs_events:842] -   - 'AP/5/Music/Conv/G/V3' (code 3165): 2 epochs
2025-06-26 10:34:01,597 - INFO - utils.loading_PP_utils - [inspect_epochs_events:842] -   - 'AP/5/Music/Conv/D/V1' (code 3175): 0 epochs
2025-06-26 10:34:01,597 - INFO - utils.loading_PP_utils - [inspect_epochs_events:842] -   - 'AP/5/Music/Conv/D/V2' (code 3185): 0 epochs
2025-06-26 10:34:01,597 - INFO - utils.loading_PP_utils - [inspect_epochs_events:842] -   - 'AP/5/Music/Conv/D/V3' (code 3195): 1 epochs
2025-06-26 10:34:01,597 - INFO - utils.loading_PP_utils - [inspect_epochs_events:842] -   - 'AP/6/Noise/Dio/V1' (code 2116): 1 epochs
2025-06-26 10:34:01,597 - INFO - utils.loading_PP_utils - [inspect_epochs_events:842] -   - 'AP/6/Noise/Dio/V2' (code 2126): 2 epochs
2025-06-26 10:34:01,597 - INFO - utils.loading_PP_utils - [inspect_epochs_events:842] -   - 'AP/6/Noise/Dio/V3' (code 2136): 1 epochs
2025-06-26 10:34:01,597 - INFO - utils.loading_PP_utils - [inspect_epochs_events:842] -   - 'AP/6/Noise/Conv/G/V1' (code 2146): 1 epochs
2025-06-26 10:34:01,597 - INFO - utils.loading_PP_utils - [inspect_epochs_events:842] -   - 'AP/6/Noise/Conv/G/V2' (code 2156): 0 epochs
2025-06-26 10:34:01,597 - INFO - utils.loading_PP_utils - [inspect_epochs_events:842] -   - 'AP/6/Noise/Conv/G/V3' (code 2166): 0 epochs
2025-06-26 10:34:01,597 - INFO - utils.loading_PP_utils - [inspect_epochs_events:842] -   - 'AP/6/Noise/Conv/D/V1' (code 2176): 0 epochs
2025-06-26 10:34:01,598 - INFO - utils.loading_PP_utils - [inspect_epochs_events:842] -   - 'AP/6/Noise/Conv/D/V2' (code 2186): 2 epochs
2025-06-26 10:34:01,598 - INFO - utils.loading_PP_utils - [inspect_epochs_events:842] -   - 'AP/6/Noise/Conv/D/V3' (code 2196): 1 epochs
2025-06-26 10:34:01,598 - INFO - utils.loading_PP_utils - [inspect_epochs_events:842] -   - 'AP/6/Music/Dio/V1' (code 3116): 1 epochs
2025-06-26 10:34:01,598 - INFO - utils.loading_PP_utils - [inspect_epochs_events:842] -   - 'AP/6/Music/Dio/V2' (code 3126): 1 epochs
2025-06-26 10:34:01,598 - INFO - utils.loading_PP_utils - [inspect_epochs_events:842] -   - 'AP/6/Music/Dio/V3' (code 3136): 1 epochs
2025-06-26 10:34:01,598 - INFO - utils.loading_PP_utils - [inspect_epochs_events:842] -   - 'AP/6/Music/Conv/G/V1' (code 3146): 1 epochs
2025-06-26 10:34:01,598 - INFO - utils.loading_PP_utils - [inspect_epochs_events:842] -   - 'AP/6/Music/Conv/G/V2' (code 3156): 1 epochs
2025-06-26 10:34:01,598 - INFO - utils.loading_PP_utils - [inspect_epochs_events:842] -   - 'AP/6/Music/Conv/G/V3' (code 3166): 1 epochs
2025-06-26 10:34:01,598 - INFO - utils.loading_PP_utils - [inspect_epochs_events:842] -   - 'AP/6/Music/Conv/D/V1' (code 3176): 2 epochs
2025-06-26 10:34:01,598 - INFO - utils.loading_PP_utils - [inspect_epochs_events:842] -   - 'AP/6/Music/Conv/D/V2' (code 3186): 1 epochs
2025-06-26 10:34:01,598 - INFO - utils.loading_PP_utils - [inspect_epochs_events:842] -   - 'AP/6/Music/Conv/D/V3' (code 3196): 0 epochs
2025-06-26 10:34:01,729 - INFO - utils.loading_PP_utils - [load_epochs_data_for_decoding_delirium:320] - Processing conditions: ['XPP_ALL', 'XAP_ALL', 'PP_FOR_SPECIFIC_COMPARISON', 'AP_FAMILY_1', 'AP_FAMILY_2', 'AP_FAMILY_3', 'AP_FAMILY_4', 'AP_FAMILY_5', 'AP_FAMILY_6']
2025-06-26 10:34:01,914 - WARNING - utils.loading_PP_utils - [load_epochs_data_for_decoding_delirium:367] - Aucune donnée trouvée pour '['PP/10', 'PP/20', 'PP/30']' (condition: PP_FOR_SPECIFIC_COMPARISON) chez sujet CW41. Événements disponibles: ['PP/Noise/Dio/V1', 'PP/Noise/Dio/V2', 'PP/Noise/Dio/V3', 'PP/Noise/Conv/G/V1', 'PP/Noise/Conv/G/V2', 'PP/Noise/Conv/G/V3', 'PP/Noise/Conv/D/V1', 'PP/Noise/Conv/D/V2', 'PP/Noise/Conv/D/V3', 'PP/Music/Dio/V1', 'PP/Music/Dio/V2', 'PP/Music/Dio/V3', 'PP/Music/Conv/G/V1', 'PP/Music/Conv/G/V2', 'PP/Music/Conv/G/V3', 'PP/Music/Conv/D/V1', 'PP/Music/Conv/D/V2', 'PP/Music/Conv/D/V3', 'AP/1/Noise/Dio/V1', 'AP/1/Noise/Dio/V2', 'AP/1/Noise/Dio/V3', 'AP/1/Noise/Conv/G/V1', 'AP/1/Noise/Conv/G/V2', 'AP/1/Noise/Conv/G/V3', 'AP/1/Noise/Conv/D/V1', 'AP/1/Noise/Conv/D/V2', 'AP/1/Noise/Conv/D/V3', 'AP/1/Music/Dio/V1', 'AP/1/Music/Dio/V2', 'AP/1/Music/Dio/V3', 'AP/1/Music/Conv/G/V1', 'AP/1/Music/Conv/G/V2', 'AP/1/Music/Conv/G/V3', 'AP/1/Music/Conv/D/V1', 'AP/1/Music/Conv/D/V2', 'AP/1/Music/Conv/D/V3', 'AP/2/Noise/Dio/V1', 'AP/2/Noise/Dio/V2', 'AP/2/Noise/Dio/V3', 'AP/2/Noise/Conv/G/V1', 'AP/2/Noise/Conv/G/V2', 'AP/2/Noise/Conv/G/V3', 'AP/2/Noise/Conv/D/V1', 'AP/2/Noise/Conv/D/V2', 'AP/2/Noise/Conv/D/V3', 'AP/2/Music/Dio/V1', 'AP/2/Music/Dio/V2', 'AP/2/Music/Dio/V3', 'AP/2/Music/Conv/G/V1', 'AP/2/Music/Conv/G/V2', 'AP/2/Music/Conv/G/V3', 'AP/2/Music/Conv/D/V1', 'AP/2/Music/Conv/D/V2', 'AP/2/Music/Conv/D/V3', 'AP/3/Noise/Dio/V1', 'AP/3/Noise/Dio/V2', 'AP/3/Noise/Dio/V3', 'AP/3/Noise/Conv/G/V1', 'AP/3/Noise/Conv/G/V2', 'AP/3/Noise/Conv/G/V3', 'AP/3/Noise/Conv/D/V1', 'AP/3/Noise/Conv/D/V2', 'AP/3/Noise/Conv/D/V3', 'AP/3/Music/Dio/V1', 'AP/3/Music/Dio/V2', 'AP/3/Music/Dio/V3', 'AP/3/Music/Conv/G/V1', 'AP/3/Music/Conv/G/V2', 'AP/3/Music/Conv/G/V3', 'AP/3/Music/Conv/D/V1', 'AP/3/Music/Conv/D/V2', 'AP/3/Music/Conv/D/V3', 'AP/4/Noise/Dio/V1', 'AP/4/Noise/Dio/V2', 'AP/4/Noise/Dio/V3', 'AP/4/Noise/Conv/G/V1', 'AP/4/Noise/Conv/G/V2', 'AP/4/Noise/Conv/G/V3', 'AP/4/Noise/Conv/D/V1', 'AP/4/Noise/Conv/D/V2', 'AP/4/Noise/Conv/D/V3', 'AP/4/Music/Dio/V1', 'AP/4/Music/Dio/V2', 'AP/4/Music/Dio/V3', 'AP/4/Music/Conv/G/V1', 'AP/4/Music/Conv/G/V2', 'AP/4/Music/Conv/G/V3', 'AP/4/Music/Conv/D/V1', 'AP/4/Music/Conv/D/V2', 'AP/4/Music/Conv/D/V3', 'AP/5/Noise/Dio/V1', 'AP/5/Noise/Dio/V2', 'AP/5/Noise/Dio/V3', 'AP/5/Noise/Conv/G/V1', 'AP/5/Noise/Conv/G/V2', 'AP/5/Noise/Conv/G/V3', 'AP/5/Noise/Conv/D/V1', 'AP/5/Noise/Conv/D/V2', 'AP/5/Noise/Conv/D/V3', 'AP/5/Music/Dio/V1', 'AP/5/Music/Dio/V2', 'AP/5/Music/Dio/V3', 'AP/5/Music/Conv/G/V1', 'AP/5/Music/Conv/G/V2', 'AP/5/Music/Conv/G/V3', 'AP/5/Music/Conv/D/V1', 'AP/5/Music/Conv/D/V2', 'AP/5/Music/Conv/D/V3', 'AP/6/Noise/Dio/V1', 'AP/6/Noise/Dio/V2', 'AP/6/Noise/Dio/V3', 'AP/6/Noise/Conv/G/V1', 'AP/6/Noise/Conv/G/V2', 'AP/6/Noise/Conv/G/V3', 'AP/6/Noise/Conv/D/V1', 'AP/6/Noise/Conv/D/V2', 'AP/6/Noise/Conv/D/V3', 'AP/6/Music/Dio/V1', 'AP/6/Music/Dio/V2', 'AP/6/Music/Dio/V3', 'AP/6/Music/Conv/G/V1', 'AP/6/Music/Conv/G/V2', 'AP/6/Music/Conv/G/V3', 'AP/6/Music/Conv/D/V1', 'AP/6/Music/Conv/D/V2', 'AP/6/Music/Conv/D/V3']. Ceci peut être normal selon le protocole du sujet.
2025-06-26 10:34:01,915 - WARNING - utils.loading_PP_utils - [load_epochs_data_for_decoding_delirium:367] - Aucune donnée trouvée pour '['AP/11', 'AP/21', 'AP/31']' (condition: AP_FAMILY_1) chez sujet CW41. Événements disponibles: ['PP/Noise/Dio/V1', 'PP/Noise/Dio/V2', 'PP/Noise/Dio/V3', 'PP/Noise/Conv/G/V1', 'PP/Noise/Conv/G/V2', 'PP/Noise/Conv/G/V3', 'PP/Noise/Conv/D/V1', 'PP/Noise/Conv/D/V2', 'PP/Noise/Conv/D/V3', 'PP/Music/Dio/V1', 'PP/Music/Dio/V2', 'PP/Music/Dio/V3', 'PP/Music/Conv/G/V1', 'PP/Music/Conv/G/V2', 'PP/Music/Conv/G/V3', 'PP/Music/Conv/D/V1', 'PP/Music/Conv/D/V2', 'PP/Music/Conv/D/V3', 'AP/1/Noise/Dio/V1', 'AP/1/Noise/Dio/V2', 'AP/1/Noise/Dio/V3', 'AP/1/Noise/Conv/G/V1', 'AP/1/Noise/Conv/G/V2', 'AP/1/Noise/Conv/G/V3', 'AP/1/Noise/Conv/D/V1', 'AP/1/Noise/Conv/D/V2', 'AP/1/Noise/Conv/D/V3', 'AP/1/Music/Dio/V1', 'AP/1/Music/Dio/V2', 'AP/1/Music/Dio/V3', 'AP/1/Music/Conv/G/V1', 'AP/1/Music/Conv/G/V2', 'AP/1/Music/Conv/G/V3', 'AP/1/Music/Conv/D/V1', 'AP/1/Music/Conv/D/V2', 'AP/1/Music/Conv/D/V3', 'AP/2/Noise/Dio/V1', 'AP/2/Noise/Dio/V2', 'AP/2/Noise/Dio/V3', 'AP/2/Noise/Conv/G/V1', 'AP/2/Noise/Conv/G/V2', 'AP/2/Noise/Conv/G/V3', 'AP/2/Noise/Conv/D/V1', 'AP/2/Noise/Conv/D/V2', 'AP/2/Noise/Conv/D/V3', 'AP/2/Music/Dio/V1', 'AP/2/Music/Dio/V2', 'AP/2/Music/Dio/V3', 'AP/2/Music/Conv/G/V1', 'AP/2/Music/Conv/G/V2', 'AP/2/Music/Conv/G/V3', 'AP/2/Music/Conv/D/V1', 'AP/2/Music/Conv/D/V2', 'AP/2/Music/Conv/D/V3', 'AP/3/Noise/Dio/V1', 'AP/3/Noise/Dio/V2', 'AP/3/Noise/Dio/V3', 'AP/3/Noise/Conv/G/V1', 'AP/3/Noise/Conv/G/V2', 'AP/3/Noise/Conv/G/V3', 'AP/3/Noise/Conv/D/V1', 'AP/3/Noise/Conv/D/V2', 'AP/3/Noise/Conv/D/V3', 'AP/3/Music/Dio/V1', 'AP/3/Music/Dio/V2', 'AP/3/Music/Dio/V3', 'AP/3/Music/Conv/G/V1', 'AP/3/Music/Conv/G/V2', 'AP/3/Music/Conv/G/V3', 'AP/3/Music/Conv/D/V1', 'AP/3/Music/Conv/D/V2', 'AP/3/Music/Conv/D/V3', 'AP/4/Noise/Dio/V1', 'AP/4/Noise/Dio/V2', 'AP/4/Noise/Dio/V3', 'AP/4/Noise/Conv/G/V1', 'AP/4/Noise/Conv/G/V2', 'AP/4/Noise/Conv/G/V3', 'AP/4/Noise/Conv/D/V1', 'AP/4/Noise/Conv/D/V2', 'AP/4/Noise/Conv/D/V3', 'AP/4/Music/Dio/V1', 'AP/4/Music/Dio/V2', 'AP/4/Music/Dio/V3', 'AP/4/Music/Conv/G/V1', 'AP/4/Music/Conv/G/V2', 'AP/4/Music/Conv/G/V3', 'AP/4/Music/Conv/D/V1', 'AP/4/Music/Conv/D/V2', 'AP/4/Music/Conv/D/V3', 'AP/5/Noise/Dio/V1', 'AP/5/Noise/Dio/V2', 'AP/5/Noise/Dio/V3', 'AP/5/Noise/Conv/G/V1', 'AP/5/Noise/Conv/G/V2', 'AP/5/Noise/Conv/G/V3', 'AP/5/Noise/Conv/D/V1', 'AP/5/Noise/Conv/D/V2', 'AP/5/Noise/Conv/D/V3', 'AP/5/Music/Dio/V1', 'AP/5/Music/Dio/V2', 'AP/5/Music/Dio/V3', 'AP/5/Music/Conv/G/V1', 'AP/5/Music/Conv/G/V2', 'AP/5/Music/Conv/G/V3', 'AP/5/Music/Conv/D/V1', 'AP/5/Music/Conv/D/V2', 'AP/5/Music/Conv/D/V3', 'AP/6/Noise/Dio/V1', 'AP/6/Noise/Dio/V2', 'AP/6/Noise/Dio/V3', 'AP/6/Noise/Conv/G/V1', 'AP/6/Noise/Conv/G/V2', 'AP/6/Noise/Conv/G/V3', 'AP/6/Noise/Conv/D/V1', 'AP/6/Noise/Conv/D/V2', 'AP/6/Noise/Conv/D/V3', 'AP/6/Music/Dio/V1', 'AP/6/Music/Dio/V2', 'AP/6/Music/Dio/V3', 'AP/6/Music/Conv/G/V1', 'AP/6/Music/Conv/G/V2', 'AP/6/Music/Conv/G/V3', 'AP/6/Music/Conv/D/V1', 'AP/6/Music/Conv/D/V2', 'AP/6/Music/Conv/D/V3']. Ceci peut être normal selon le protocole du sujet.
2025-06-26 10:34:01,915 - WARNING - utils.loading_PP_utils - [load_epochs_data_for_decoding_delirium:367] - Aucune donnée trouvée pour '['AP/12', 'AP/22', 'AP/32']' (condition: AP_FAMILY_2) chez sujet CW41. Événements disponibles: ['PP/Noise/Dio/V1', 'PP/Noise/Dio/V2', 'PP/Noise/Dio/V3', 'PP/Noise/Conv/G/V1', 'PP/Noise/Conv/G/V2', 'PP/Noise/Conv/G/V3', 'PP/Noise/Conv/D/V1', 'PP/Noise/Conv/D/V2', 'PP/Noise/Conv/D/V3', 'PP/Music/Dio/V1', 'PP/Music/Dio/V2', 'PP/Music/Dio/V3', 'PP/Music/Conv/G/V1', 'PP/Music/Conv/G/V2', 'PP/Music/Conv/G/V3', 'PP/Music/Conv/D/V1', 'PP/Music/Conv/D/V2', 'PP/Music/Conv/D/V3', 'AP/1/Noise/Dio/V1', 'AP/1/Noise/Dio/V2', 'AP/1/Noise/Dio/V3', 'AP/1/Noise/Conv/G/V1', 'AP/1/Noise/Conv/G/V2', 'AP/1/Noise/Conv/G/V3', 'AP/1/Noise/Conv/D/V1', 'AP/1/Noise/Conv/D/V2', 'AP/1/Noise/Conv/D/V3', 'AP/1/Music/Dio/V1', 'AP/1/Music/Dio/V2', 'AP/1/Music/Dio/V3', 'AP/1/Music/Conv/G/V1', 'AP/1/Music/Conv/G/V2', 'AP/1/Music/Conv/G/V3', 'AP/1/Music/Conv/D/V1', 'AP/1/Music/Conv/D/V2', 'AP/1/Music/Conv/D/V3', 'AP/2/Noise/Dio/V1', 'AP/2/Noise/Dio/V2', 'AP/2/Noise/Dio/V3', 'AP/2/Noise/Conv/G/V1', 'AP/2/Noise/Conv/G/V2', 'AP/2/Noise/Conv/G/V3', 'AP/2/Noise/Conv/D/V1', 'AP/2/Noise/Conv/D/V2', 'AP/2/Noise/Conv/D/V3', 'AP/2/Music/Dio/V1', 'AP/2/Music/Dio/V2', 'AP/2/Music/Dio/V3', 'AP/2/Music/Conv/G/V1', 'AP/2/Music/Conv/G/V2', 'AP/2/Music/Conv/G/V3', 'AP/2/Music/Conv/D/V1', 'AP/2/Music/Conv/D/V2', 'AP/2/Music/Conv/D/V3', 'AP/3/Noise/Dio/V1', 'AP/3/Noise/Dio/V2', 'AP/3/Noise/Dio/V3', 'AP/3/Noise/Conv/G/V1', 'AP/3/Noise/Conv/G/V2', 'AP/3/Noise/Conv/G/V3', 'AP/3/Noise/Conv/D/V1', 'AP/3/Noise/Conv/D/V2', 'AP/3/Noise/Conv/D/V3', 'AP/3/Music/Dio/V1', 'AP/3/Music/Dio/V2', 'AP/3/Music/Dio/V3', 'AP/3/Music/Conv/G/V1', 'AP/3/Music/Conv/G/V2', 'AP/3/Music/Conv/G/V3', 'AP/3/Music/Conv/D/V1', 'AP/3/Music/Conv/D/V2', 'AP/3/Music/Conv/D/V3', 'AP/4/Noise/Dio/V1', 'AP/4/Noise/Dio/V2', 'AP/4/Noise/Dio/V3', 'AP/4/Noise/Conv/G/V1', 'AP/4/Noise/Conv/G/V2', 'AP/4/Noise/Conv/G/V3', 'AP/4/Noise/Conv/D/V1', 'AP/4/Noise/Conv/D/V2', 'AP/4/Noise/Conv/D/V3', 'AP/4/Music/Dio/V1', 'AP/4/Music/Dio/V2', 'AP/4/Music/Dio/V3', 'AP/4/Music/Conv/G/V1', 'AP/4/Music/Conv/G/V2', 'AP/4/Music/Conv/G/V3', 'AP/4/Music/Conv/D/V1', 'AP/4/Music/Conv/D/V2', 'AP/4/Music/Conv/D/V3', 'AP/5/Noise/Dio/V1', 'AP/5/Noise/Dio/V2', 'AP/5/Noise/Dio/V3', 'AP/5/Noise/Conv/G/V1', 'AP/5/Noise/Conv/G/V2', 'AP/5/Noise/Conv/G/V3', 'AP/5/Noise/Conv/D/V1', 'AP/5/Noise/Conv/D/V2', 'AP/5/Noise/Conv/D/V3', 'AP/5/Music/Dio/V1', 'AP/5/Music/Dio/V2', 'AP/5/Music/Dio/V3', 'AP/5/Music/Conv/G/V1', 'AP/5/Music/Conv/G/V2', 'AP/5/Music/Conv/G/V3', 'AP/5/Music/Conv/D/V1', 'AP/5/Music/Conv/D/V2', 'AP/5/Music/Conv/D/V3', 'AP/6/Noise/Dio/V1', 'AP/6/Noise/Dio/V2', 'AP/6/Noise/Dio/V3', 'AP/6/Noise/Conv/G/V1', 'AP/6/Noise/Conv/G/V2', 'AP/6/Noise/Conv/G/V3', 'AP/6/Noise/Conv/D/V1', 'AP/6/Noise/Conv/D/V2', 'AP/6/Noise/Conv/D/V3', 'AP/6/Music/Dio/V1', 'AP/6/Music/Dio/V2', 'AP/6/Music/Dio/V3', 'AP/6/Music/Conv/G/V1', 'AP/6/Music/Conv/G/V2', 'AP/6/Music/Conv/G/V3', 'AP/6/Music/Conv/D/V1', 'AP/6/Music/Conv/D/V2', 'AP/6/Music/Conv/D/V3']. Ceci peut être normal selon le protocole du sujet.
2025-06-26 10:34:01,915 - WARNING - utils.loading_PP_utils - [load_epochs_data_for_decoding_delirium:367] - Aucune donnée trouvée pour '['AP/13', 'AP/23', 'AP/33']' (condition: AP_FAMILY_3) chez sujet CW41. Événements disponibles: ['PP/Noise/Dio/V1', 'PP/Noise/Dio/V2', 'PP/Noise/Dio/V3', 'PP/Noise/Conv/G/V1', 'PP/Noise/Conv/G/V2', 'PP/Noise/Conv/G/V3', 'PP/Noise/Conv/D/V1', 'PP/Noise/Conv/D/V2', 'PP/Noise/Conv/D/V3', 'PP/Music/Dio/V1', 'PP/Music/Dio/V2', 'PP/Music/Dio/V3', 'PP/Music/Conv/G/V1', 'PP/Music/Conv/G/V2', 'PP/Music/Conv/G/V3', 'PP/Music/Conv/D/V1', 'PP/Music/Conv/D/V2', 'PP/Music/Conv/D/V3', 'AP/1/Noise/Dio/V1', 'AP/1/Noise/Dio/V2', 'AP/1/Noise/Dio/V3', 'AP/1/Noise/Conv/G/V1', 'AP/1/Noise/Conv/G/V2', 'AP/1/Noise/Conv/G/V3', 'AP/1/Noise/Conv/D/V1', 'AP/1/Noise/Conv/D/V2', 'AP/1/Noise/Conv/D/V3', 'AP/1/Music/Dio/V1', 'AP/1/Music/Dio/V2', 'AP/1/Music/Dio/V3', 'AP/1/Music/Conv/G/V1', 'AP/1/Music/Conv/G/V2', 'AP/1/Music/Conv/G/V3', 'AP/1/Music/Conv/D/V1', 'AP/1/Music/Conv/D/V2', 'AP/1/Music/Conv/D/V3', 'AP/2/Noise/Dio/V1', 'AP/2/Noise/Dio/V2', 'AP/2/Noise/Dio/V3', 'AP/2/Noise/Conv/G/V1', 'AP/2/Noise/Conv/G/V2', 'AP/2/Noise/Conv/G/V3', 'AP/2/Noise/Conv/D/V1', 'AP/2/Noise/Conv/D/V2', 'AP/2/Noise/Conv/D/V3', 'AP/2/Music/Dio/V1', 'AP/2/Music/Dio/V2', 'AP/2/Music/Dio/V3', 'AP/2/Music/Conv/G/V1', 'AP/2/Music/Conv/G/V2', 'AP/2/Music/Conv/G/V3', 'AP/2/Music/Conv/D/V1', 'AP/2/Music/Conv/D/V2', 'AP/2/Music/Conv/D/V3', 'AP/3/Noise/Dio/V1', 'AP/3/Noise/Dio/V2', 'AP/3/Noise/Dio/V3', 'AP/3/Noise/Conv/G/V1', 'AP/3/Noise/Conv/G/V2', 'AP/3/Noise/Conv/G/V3', 'AP/3/Noise/Conv/D/V1', 'AP/3/Noise/Conv/D/V2', 'AP/3/Noise/Conv/D/V3', 'AP/3/Music/Dio/V1', 'AP/3/Music/Dio/V2', 'AP/3/Music/Dio/V3', 'AP/3/Music/Conv/G/V1', 'AP/3/Music/Conv/G/V2', 'AP/3/Music/Conv/G/V3', 'AP/3/Music/Conv/D/V1', 'AP/3/Music/Conv/D/V2', 'AP/3/Music/Conv/D/V3', 'AP/4/Noise/Dio/V1', 'AP/4/Noise/Dio/V2', 'AP/4/Noise/Dio/V3', 'AP/4/Noise/Conv/G/V1', 'AP/4/Noise/Conv/G/V2', 'AP/4/Noise/Conv/G/V3', 'AP/4/Noise/Conv/D/V1', 'AP/4/Noise/Conv/D/V2', 'AP/4/Noise/Conv/D/V3', 'AP/4/Music/Dio/V1', 'AP/4/Music/Dio/V2', 'AP/4/Music/Dio/V3', 'AP/4/Music/Conv/G/V1', 'AP/4/Music/Conv/G/V2', 'AP/4/Music/Conv/G/V3', 'AP/4/Music/Conv/D/V1', 'AP/4/Music/Conv/D/V2', 'AP/4/Music/Conv/D/V3', 'AP/5/Noise/Dio/V1', 'AP/5/Noise/Dio/V2', 'AP/5/Noise/Dio/V3', 'AP/5/Noise/Conv/G/V1', 'AP/5/Noise/Conv/G/V2', 'AP/5/Noise/Conv/G/V3', 'AP/5/Noise/Conv/D/V1', 'AP/5/Noise/Conv/D/V2', 'AP/5/Noise/Conv/D/V3', 'AP/5/Music/Dio/V1', 'AP/5/Music/Dio/V2', 'AP/5/Music/Dio/V3', 'AP/5/Music/Conv/G/V1', 'AP/5/Music/Conv/G/V2', 'AP/5/Music/Conv/G/V3', 'AP/5/Music/Conv/D/V1', 'AP/5/Music/Conv/D/V2', 'AP/5/Music/Conv/D/V3', 'AP/6/Noise/Dio/V1', 'AP/6/Noise/Dio/V2', 'AP/6/Noise/Dio/V3', 'AP/6/Noise/Conv/G/V1', 'AP/6/Noise/Conv/G/V2', 'AP/6/Noise/Conv/G/V3', 'AP/6/Noise/Conv/D/V1', 'AP/6/Noise/Conv/D/V2', 'AP/6/Noise/Conv/D/V3', 'AP/6/Music/Dio/V1', 'AP/6/Music/Dio/V2', 'AP/6/Music/Dio/V3', 'AP/6/Music/Conv/G/V1', 'AP/6/Music/Conv/G/V2', 'AP/6/Music/Conv/G/V3', 'AP/6/Music/Conv/D/V1', 'AP/6/Music/Conv/D/V2', 'AP/6/Music/Conv/D/V3']. Ceci peut être normal selon le protocole du sujet.
2025-06-26 10:34:01,915 - WARNING - utils.loading_PP_utils - [load_epochs_data_for_decoding_delirium:367] - Aucune donnée trouvée pour '['AP/14', 'AP/24', 'AP/34']' (condition: AP_FAMILY_4) chez sujet CW41. Événements disponibles: ['PP/Noise/Dio/V1', 'PP/Noise/Dio/V2', 'PP/Noise/Dio/V3', 'PP/Noise/Conv/G/V1', 'PP/Noise/Conv/G/V2', 'PP/Noise/Conv/G/V3', 'PP/Noise/Conv/D/V1', 'PP/Noise/Conv/D/V2', 'PP/Noise/Conv/D/V3', 'PP/Music/Dio/V1', 'PP/Music/Dio/V2', 'PP/Music/Dio/V3', 'PP/Music/Conv/G/V1', 'PP/Music/Conv/G/V2', 'PP/Music/Conv/G/V3', 'PP/Music/Conv/D/V1', 'PP/Music/Conv/D/V2', 'PP/Music/Conv/D/V3', 'AP/1/Noise/Dio/V1', 'AP/1/Noise/Dio/V2', 'AP/1/Noise/Dio/V3', 'AP/1/Noise/Conv/G/V1', 'AP/1/Noise/Conv/G/V2', 'AP/1/Noise/Conv/G/V3', 'AP/1/Noise/Conv/D/V1', 'AP/1/Noise/Conv/D/V2', 'AP/1/Noise/Conv/D/V3', 'AP/1/Music/Dio/V1', 'AP/1/Music/Dio/V2', 'AP/1/Music/Dio/V3', 'AP/1/Music/Conv/G/V1', 'AP/1/Music/Conv/G/V2', 'AP/1/Music/Conv/G/V3', 'AP/1/Music/Conv/D/V1', 'AP/1/Music/Conv/D/V2', 'AP/1/Music/Conv/D/V3', 'AP/2/Noise/Dio/V1', 'AP/2/Noise/Dio/V2', 'AP/2/Noise/Dio/V3', 'AP/2/Noise/Conv/G/V1', 'AP/2/Noise/Conv/G/V2', 'AP/2/Noise/Conv/G/V3', 'AP/2/Noise/Conv/D/V1', 'AP/2/Noise/Conv/D/V2', 'AP/2/Noise/Conv/D/V3', 'AP/2/Music/Dio/V1', 'AP/2/Music/Dio/V2', 'AP/2/Music/Dio/V3', 'AP/2/Music/Conv/G/V1', 'AP/2/Music/Conv/G/V2', 'AP/2/Music/Conv/G/V3', 'AP/2/Music/Conv/D/V1', 'AP/2/Music/Conv/D/V2', 'AP/2/Music/Conv/D/V3', 'AP/3/Noise/Dio/V1', 'AP/3/Noise/Dio/V2', 'AP/3/Noise/Dio/V3', 'AP/3/Noise/Conv/G/V1', 'AP/3/Noise/Conv/G/V2', 'AP/3/Noise/Conv/G/V3', 'AP/3/Noise/Conv/D/V1', 'AP/3/Noise/Conv/D/V2', 'AP/3/Noise/Conv/D/V3', 'AP/3/Music/Dio/V1', 'AP/3/Music/Dio/V2', 'AP/3/Music/Dio/V3', 'AP/3/Music/Conv/G/V1', 'AP/3/Music/Conv/G/V2', 'AP/3/Music/Conv/G/V3', 'AP/3/Music/Conv/D/V1', 'AP/3/Music/Conv/D/V2', 'AP/3/Music/Conv/D/V3', 'AP/4/Noise/Dio/V1', 'AP/4/Noise/Dio/V2', 'AP/4/Noise/Dio/V3', 'AP/4/Noise/Conv/G/V1', 'AP/4/Noise/Conv/G/V2', 'AP/4/Noise/Conv/G/V3', 'AP/4/Noise/Conv/D/V1', 'AP/4/Noise/Conv/D/V2', 'AP/4/Noise/Conv/D/V3', 'AP/4/Music/Dio/V1', 'AP/4/Music/Dio/V2', 'AP/4/Music/Dio/V3', 'AP/4/Music/Conv/G/V1', 'AP/4/Music/Conv/G/V2', 'AP/4/Music/Conv/G/V3', 'AP/4/Music/Conv/D/V1', 'AP/4/Music/Conv/D/V2', 'AP/4/Music/Conv/D/V3', 'AP/5/Noise/Dio/V1', 'AP/5/Noise/Dio/V2', 'AP/5/Noise/Dio/V3', 'AP/5/Noise/Conv/G/V1', 'AP/5/Noise/Conv/G/V2', 'AP/5/Noise/Conv/G/V3', 'AP/5/Noise/Conv/D/V1', 'AP/5/Noise/Conv/D/V2', 'AP/5/Noise/Conv/D/V3', 'AP/5/Music/Dio/V1', 'AP/5/Music/Dio/V2', 'AP/5/Music/Dio/V3', 'AP/5/Music/Conv/G/V1', 'AP/5/Music/Conv/G/V2', 'AP/5/Music/Conv/G/V3', 'AP/5/Music/Conv/D/V1', 'AP/5/Music/Conv/D/V2', 'AP/5/Music/Conv/D/V3', 'AP/6/Noise/Dio/V1', 'AP/6/Noise/Dio/V2', 'AP/6/Noise/Dio/V3', 'AP/6/Noise/Conv/G/V1', 'AP/6/Noise/Conv/G/V2', 'AP/6/Noise/Conv/G/V3', 'AP/6/Noise/Conv/D/V1', 'AP/6/Noise/Conv/D/V2', 'AP/6/Noise/Conv/D/V3', 'AP/6/Music/Dio/V1', 'AP/6/Music/Dio/V2', 'AP/6/Music/Dio/V3', 'AP/6/Music/Conv/G/V1', 'AP/6/Music/Conv/G/V2', 'AP/6/Music/Conv/G/V3', 'AP/6/Music/Conv/D/V1', 'AP/6/Music/Conv/D/V2', 'AP/6/Music/Conv/D/V3']. Ceci peut être normal selon le protocole du sujet.
2025-06-26 10:34:01,915 - WARNING - utils.loading_PP_utils - [load_epochs_data_for_decoding_delirium:367] - Aucune donnée trouvée pour '['AP/15', 'AP/25', 'AP/35']' (condition: AP_FAMILY_5) chez sujet CW41. Événements disponibles: ['PP/Noise/Dio/V1', 'PP/Noise/Dio/V2', 'PP/Noise/Dio/V3', 'PP/Noise/Conv/G/V1', 'PP/Noise/Conv/G/V2', 'PP/Noise/Conv/G/V3', 'PP/Noise/Conv/D/V1', 'PP/Noise/Conv/D/V2', 'PP/Noise/Conv/D/V3', 'PP/Music/Dio/V1', 'PP/Music/Dio/V2', 'PP/Music/Dio/V3', 'PP/Music/Conv/G/V1', 'PP/Music/Conv/G/V2', 'PP/Music/Conv/G/V3', 'PP/Music/Conv/D/V1', 'PP/Music/Conv/D/V2', 'PP/Music/Conv/D/V3', 'AP/1/Noise/Dio/V1', 'AP/1/Noise/Dio/V2', 'AP/1/Noise/Dio/V3', 'AP/1/Noise/Conv/G/V1', 'AP/1/Noise/Conv/G/V2', 'AP/1/Noise/Conv/G/V3', 'AP/1/Noise/Conv/D/V1', 'AP/1/Noise/Conv/D/V2', 'AP/1/Noise/Conv/D/V3', 'AP/1/Music/Dio/V1', 'AP/1/Music/Dio/V2', 'AP/1/Music/Dio/V3', 'AP/1/Music/Conv/G/V1', 'AP/1/Music/Conv/G/V2', 'AP/1/Music/Conv/G/V3', 'AP/1/Music/Conv/D/V1', 'AP/1/Music/Conv/D/V2', 'AP/1/Music/Conv/D/V3', 'AP/2/Noise/Dio/V1', 'AP/2/Noise/Dio/V2', 'AP/2/Noise/Dio/V3', 'AP/2/Noise/Conv/G/V1', 'AP/2/Noise/Conv/G/V2', 'AP/2/Noise/Conv/G/V3', 'AP/2/Noise/Conv/D/V1', 'AP/2/Noise/Conv/D/V2', 'AP/2/Noise/Conv/D/V3', 'AP/2/Music/Dio/V1', 'AP/2/Music/Dio/V2', 'AP/2/Music/Dio/V3', 'AP/2/Music/Conv/G/V1', 'AP/2/Music/Conv/G/V2', 'AP/2/Music/Conv/G/V3', 'AP/2/Music/Conv/D/V1', 'AP/2/Music/Conv/D/V2', 'AP/2/Music/Conv/D/V3', 'AP/3/Noise/Dio/V1', 'AP/3/Noise/Dio/V2', 'AP/3/Noise/Dio/V3', 'AP/3/Noise/Conv/G/V1', 'AP/3/Noise/Conv/G/V2', 'AP/3/Noise/Conv/G/V3', 'AP/3/Noise/Conv/D/V1', 'AP/3/Noise/Conv/D/V2', 'AP/3/Noise/Conv/D/V3', 'AP/3/Music/Dio/V1', 'AP/3/Music/Dio/V2', 'AP/3/Music/Dio/V3', 'AP/3/Music/Conv/G/V1', 'AP/3/Music/Conv/G/V2', 'AP/3/Music/Conv/G/V3', 'AP/3/Music/Conv/D/V1', 'AP/3/Music/Conv/D/V2', 'AP/3/Music/Conv/D/V3', 'AP/4/Noise/Dio/V1', 'AP/4/Noise/Dio/V2', 'AP/4/Noise/Dio/V3', 'AP/4/Noise/Conv/G/V1', 'AP/4/Noise/Conv/G/V2', 'AP/4/Noise/Conv/G/V3', 'AP/4/Noise/Conv/D/V1', 'AP/4/Noise/Conv/D/V2', 'AP/4/Noise/Conv/D/V3', 'AP/4/Music/Dio/V1', 'AP/4/Music/Dio/V2', 'AP/4/Music/Dio/V3', 'AP/4/Music/Conv/G/V1', 'AP/4/Music/Conv/G/V2', 'AP/4/Music/Conv/G/V3', 'AP/4/Music/Conv/D/V1', 'AP/4/Music/Conv/D/V2', 'AP/4/Music/Conv/D/V3', 'AP/5/Noise/Dio/V1', 'AP/5/Noise/Dio/V2', 'AP/5/Noise/Dio/V3', 'AP/5/Noise/Conv/G/V1', 'AP/5/Noise/Conv/G/V2', 'AP/5/Noise/Conv/G/V3', 'AP/5/Noise/Conv/D/V1', 'AP/5/Noise/Conv/D/V2', 'AP/5/Noise/Conv/D/V3', 'AP/5/Music/Dio/V1', 'AP/5/Music/Dio/V2', 'AP/5/Music/Dio/V3', 'AP/5/Music/Conv/G/V1', 'AP/5/Music/Conv/G/V2', 'AP/5/Music/Conv/G/V3', 'AP/5/Music/Conv/D/V1', 'AP/5/Music/Conv/D/V2', 'AP/5/Music/Conv/D/V3', 'AP/6/Noise/Dio/V1', 'AP/6/Noise/Dio/V2', 'AP/6/Noise/Dio/V3', 'AP/6/Noise/Conv/G/V1', 'AP/6/Noise/Conv/G/V2', 'AP/6/Noise/Conv/G/V3', 'AP/6/Noise/Conv/D/V1', 'AP/6/Noise/Conv/D/V2', 'AP/6/Noise/Conv/D/V3', 'AP/6/Music/Dio/V1', 'AP/6/Music/Dio/V2', 'AP/6/Music/Dio/V3', 'AP/6/Music/Conv/G/V1', 'AP/6/Music/Conv/G/V2', 'AP/6/Music/Conv/G/V3', 'AP/6/Music/Conv/D/V1', 'AP/6/Music/Conv/D/V2', 'AP/6/Music/Conv/D/V3']. Ceci peut être normal selon le protocole du sujet.
2025-06-26 10:34:01,915 - WARNING - utils.loading_PP_utils - [load_epochs_data_for_decoding_delirium:367] - Aucune donnée trouvée pour '['AP/16', 'AP/26', 'AP/36']' (condition: AP_FAMILY_6) chez sujet CW41. Événements disponibles: ['PP/Noise/Dio/V1', 'PP/Noise/Dio/V2', 'PP/Noise/Dio/V3', 'PP/Noise/Conv/G/V1', 'PP/Noise/Conv/G/V2', 'PP/Noise/Conv/G/V3', 'PP/Noise/Conv/D/V1', 'PP/Noise/Conv/D/V2', 'PP/Noise/Conv/D/V3', 'PP/Music/Dio/V1', 'PP/Music/Dio/V2', 'PP/Music/Dio/V3', 'PP/Music/Conv/G/V1', 'PP/Music/Conv/G/V2', 'PP/Music/Conv/G/V3', 'PP/Music/Conv/D/V1', 'PP/Music/Conv/D/V2', 'PP/Music/Conv/D/V3', 'AP/1/Noise/Dio/V1', 'AP/1/Noise/Dio/V2', 'AP/1/Noise/Dio/V3', 'AP/1/Noise/Conv/G/V1', 'AP/1/Noise/Conv/G/V2', 'AP/1/Noise/Conv/G/V3', 'AP/1/Noise/Conv/D/V1', 'AP/1/Noise/Conv/D/V2', 'AP/1/Noise/Conv/D/V3', 'AP/1/Music/Dio/V1', 'AP/1/Music/Dio/V2', 'AP/1/Music/Dio/V3', 'AP/1/Music/Conv/G/V1', 'AP/1/Music/Conv/G/V2', 'AP/1/Music/Conv/G/V3', 'AP/1/Music/Conv/D/V1', 'AP/1/Music/Conv/D/V2', 'AP/1/Music/Conv/D/V3', 'AP/2/Noise/Dio/V1', 'AP/2/Noise/Dio/V2', 'AP/2/Noise/Dio/V3', 'AP/2/Noise/Conv/G/V1', 'AP/2/Noise/Conv/G/V2', 'AP/2/Noise/Conv/G/V3', 'AP/2/Noise/Conv/D/V1', 'AP/2/Noise/Conv/D/V2', 'AP/2/Noise/Conv/D/V3', 'AP/2/Music/Dio/V1', 'AP/2/Music/Dio/V2', 'AP/2/Music/Dio/V3', 'AP/2/Music/Conv/G/V1', 'AP/2/Music/Conv/G/V2', 'AP/2/Music/Conv/G/V3', 'AP/2/Music/Conv/D/V1', 'AP/2/Music/Conv/D/V2', 'AP/2/Music/Conv/D/V3', 'AP/3/Noise/Dio/V1', 'AP/3/Noise/Dio/V2', 'AP/3/Noise/Dio/V3', 'AP/3/Noise/Conv/G/V1', 'AP/3/Noise/Conv/G/V2', 'AP/3/Noise/Conv/G/V3', 'AP/3/Noise/Conv/D/V1', 'AP/3/Noise/Conv/D/V2', 'AP/3/Noise/Conv/D/V3', 'AP/3/Music/Dio/V1', 'AP/3/Music/Dio/V2', 'AP/3/Music/Dio/V3', 'AP/3/Music/Conv/G/V1', 'AP/3/Music/Conv/G/V2', 'AP/3/Music/Conv/G/V3', 'AP/3/Music/Conv/D/V1', 'AP/3/Music/Conv/D/V2', 'AP/3/Music/Conv/D/V3', 'AP/4/Noise/Dio/V1', 'AP/4/Noise/Dio/V2', 'AP/4/Noise/Dio/V3', 'AP/4/Noise/Conv/G/V1', 'AP/4/Noise/Conv/G/V2', 'AP/4/Noise/Conv/G/V3', 'AP/4/Noise/Conv/D/V1', 'AP/4/Noise/Conv/D/V2', 'AP/4/Noise/Conv/D/V3', 'AP/4/Music/Dio/V1', 'AP/4/Music/Dio/V2', 'AP/4/Music/Dio/V3', 'AP/4/Music/Conv/G/V1', 'AP/4/Music/Conv/G/V2', 'AP/4/Music/Conv/G/V3', 'AP/4/Music/Conv/D/V1', 'AP/4/Music/Conv/D/V2', 'AP/4/Music/Conv/D/V3', 'AP/5/Noise/Dio/V1', 'AP/5/Noise/Dio/V2', 'AP/5/Noise/Dio/V3', 'AP/5/Noise/Conv/G/V1', 'AP/5/Noise/Conv/G/V2', 'AP/5/Noise/Conv/G/V3', 'AP/5/Noise/Conv/D/V1', 'AP/5/Noise/Conv/D/V2', 'AP/5/Noise/Conv/D/V3', 'AP/5/Music/Dio/V1', 'AP/5/Music/Dio/V2', 'AP/5/Music/Dio/V3', 'AP/5/Music/Conv/G/V1', 'AP/5/Music/Conv/G/V2', 'AP/5/Music/Conv/G/V3', 'AP/5/Music/Conv/D/V1', 'AP/5/Music/Conv/D/V2', 'AP/5/Music/Conv/D/V3', 'AP/6/Noise/Dio/V1', 'AP/6/Noise/Dio/V2', 'AP/6/Noise/Dio/V3', 'AP/6/Noise/Conv/G/V1', 'AP/6/Noise/Conv/G/V2', 'AP/6/Noise/Conv/G/V3', 'AP/6/Noise/Conv/D/V1', 'AP/6/Noise/Conv/D/V2', 'AP/6/Noise/Conv/D/V3', 'AP/6/Music/Dio/V1', 'AP/6/Music/Dio/V2', 'AP/6/Music/Dio/V3', 'AP/6/Music/Conv/G/V1', 'AP/6/Music/Conv/G/V2', 'AP/6/Music/Conv/G/V3', 'AP/6/Music/Conv/D/V1', 'AP/6/Music/Conv/D/V2', 'AP/6/Music/Conv/D/V3']. Ceci peut être normal selon le protocole du sujet.
2025-06-26 10:34:01,916 - WARNING - utils.loading_PP_utils - [load_epochs_data_for_decoding_delirium:423] - Empty data array for condition 'PP_FOR_SPECIFIC_COMPARISON' (specifier: '['PP/10', 'PP/20', 'PP/30']') for subject CW41.
2025-06-26 10:34:01,916 - WARNING - utils.loading_PP_utils - [load_epochs_data_for_decoding_delirium:423] - Empty data array for condition 'AP_FAMILY_1' (specifier: '['AP/11', 'AP/21', 'AP/31']') for subject CW41.
2025-06-26 10:34:01,916 - WARNING - utils.loading_PP_utils - [load_epochs_data_for_decoding_delirium:423] - Empty data array for condition 'AP_FAMILY_2' (specifier: '['AP/12', 'AP/22', 'AP/32']') for subject CW41.
2025-06-26 10:34:01,916 - WARNING - utils.loading_PP_utils - [load_epochs_data_for_decoding_delirium:423] - Empty data array for condition 'AP_FAMILY_3' (specifier: '['AP/13', 'AP/23', 'AP/33']') for subject CW41.
2025-06-26 10:34:01,916 - WARNING - utils.loading_PP_utils - [load_epochs_data_for_decoding_delirium:423] - Empty data array for condition 'AP_FAMILY_4' (specifier: '['AP/14', 'AP/24', 'AP/34']') for subject CW41.
2025-06-26 10:34:01,916 - WARNING - utils.loading_PP_utils - [load_epochs_data_for_decoding_delirium:423] - Empty data array for condition 'AP_FAMILY_5' (specifier: '['AP/15', 'AP/25', 'AP/35']') for subject CW41.
2025-06-26 10:34:01,916 - WARNING - utils.loading_PP_utils - [load_epochs_data_for_decoding_delirium:423] - Empty data array for condition 'AP_FAMILY_6' (specifier: '['AP/16', 'AP/26', 'AP/36']') for subject CW41.
2025-06-26 10:34:01,916 - INFO - utils.loading_PP_utils - [load_epochs_data_for_decoding_delirium:433] -   Data shapes for 'CW41': XPP_ALL=(119, 124, 601), XAP_ALL=(116, 124, 601), PP_FOR_SPECIFIC_COMPARISON=(0, 124, 601), AP_FAMILY_1=(0, 124, 601), AP_FAMILY_2=(0, 124, 601), AP_FAMILY_3=(0, 124, 601), AP_FAMILY_4=(0, 124, 601), AP_FAMILY_5=(0, 124, 601), AP_FAMILY_6=(0, 124, 601). Loaded in 0.67s
2025-06-26 10:34:01,916 - INFO - utils.loading_PP_utils - [load_epochs_data_for_decoding_battery:505] - Battery protocol loaded: 235 total epochs for subject 'CW41'
2025-06-26 10:34:01,916 - INFO - utils.loading_PP_utils - [load_epochs_data_for_decoding_battery:516] - Battery events detected: 126 events (['PP/Noise/Dio/V1', 'PP/Noise/Dio/V2', 'PP/Noise/Dio/V3', 'PP/Noise/Conv/G/V1', 'PP/Noise/Conv/G/V2'])
2025-06-26 10:34:01,917 - INFO - examples.run_decoding_one_pp - [execute_single_subject_decoding:201] - Detected protocol 'battery' for subject CW41
2025-06-26 10:34:01,918 - INFO - examples.run_decoding_one_pp - [execute_single_subject_decoding:231] - Successfully loaded 235 total epochs across all conditions for CW41
2025-06-26 10:34:01,918 - INFO - examples.run_decoding_one_pp - [execute_single_subject_decoding:260] - --- Starting Main Protocol Decoding for CW41 ---
2025-06-26 10:34:01,918 - INFO - examples.run_decoding_one_pp - [execute_single_subject_decoding:263] -   --- 1. Main Decoding (e.g., PP/all vs AP/all) for CW41 ---
2025-06-26 10:34:01,981 - INFO - Baking_EEG._4_decoding_core - [run_temporal_decoding_analysis:68] - --- Temporal Ddcoding Analysis ---
2025-06-26 10:34:01,981 - INFO - Baking_EEG._4_decoding_core - [run_temporal_decoding_analysis:69] - Clf: svc, GS: False, CSP (temporal): False, ANOVA FS (temporal): True
2025-06-26 10:34:01,985 - INFO - base.base_decoding - [_build_standard_classifier_pipeline:57] - Pipeline à hyperparamètres fixes: type='svc', CSP: False, ANOVA FS: True
2025-06-26 10:34:01,985 - INFO - base.base_decoding - [_build_standard_classifier_pipeline:68] - DEBUG: add_csp_step type=bool, value=False, bool()=False
2025-06-26 10:34:01,985 - INFO - base.base_decoding - [_build_standard_classifier_pipeline:91] -    Étape ANOVA FS 'anova_feature_selection' ajoutée (percentile fixe=15).
2025-06-26 10:34:01,985 - INFO - base.base_decoding - [_build_standard_classifier_pipeline:123] - Structure finale du pipeline: ['scaler', 'anova_feature_selection', 'svc_classifier']
2025-06-26 10:34:01,985 - INFO - base.base_decoding - [_build_standard_classifier_pipeline:57] - Pipeline à hyperparamètres fixes: type='svc', CSP: False, ANOVA FS: False
2025-06-26 10:34:01,986 - INFO - base.base_decoding - [_build_standard_classifier_pipeline:68] - DEBUG: add_csp_step type=bool, value=False, bool()=False
2025-06-26 10:34:01,986 - INFO - base.base_decoding - [_build_standard_classifier_pipeline:123] - Structure finale du pipeline: ['scaler', 'svc_classifier']
2025-06-26 10:34:01,986 - INFO - Baking_EEG._4_decoding_core - [run_temporal_decoding_analysis:246] - CV strategy: StratifiedKFold with 10 splits.
2025-06-26 10:34:01,986 - INFO - Baking_EEG._4_decoding_core - [run_temporal_decoding_analysis:258] - Sample weights: Auto-calculated per fold (recommended for StratifiedKFold).
2025-06-26 10:34:01,998 - INFO - Baking_EEG._4_decoding_core - [run_temporal_decoding_analysis:294] - MNE Estimators: Using fold-specific balancing via class_weight='balanced' (if supported by classifier).
2025-06-26 10:34:01,998 - INFO - Baking_EEG._4_decoding_core - [run_temporal_decoding_analysis:310] - Starting 1D temporal decoding (SlidingEstimator)...
2025-06-26 10:34:19,374 - INFO - Baking_EEG._4_decoding_core - [run_temporal_decoding_analysis:338] - 1D temporal decoding done. Peak mean AUC: 0.662
2025-06-26 10:34:19,375 - INFO - Baking_EEG._4_decoding_core - [run_temporal_decoding_analysis:346] - Starting TGM computation (GeneralizingEstimator)...
