submitit INFO (2025-07-09 10:50:13,617) - Starting with JobEnvironment(job_id=364122, hostname=node12, local_rank=0(1), node=0(1), global_rank=0(1))
submitit INFO (2025-07-09 10:50:13,617) - Loading pickle: /home/tom.balay/Baking_EEG/submitit/logs_submitit_groups_LG/20250709_105011_MCS-_LG_GROUP/364122_submitted.pkl
2025-07-09 10:50:18,292 - INFO - examples.run_decoding_one_group_pp - [<module>:39] - Tentative d'import de execute_single_subject_decoding...
2025-07-09 10:50:18,292 - INFO - examples.run_decoding_one_group_pp - [<module>:42] - ✅ Import de execute_single_subject_decoding réussi
2025-07-09 10:50:18,296 - INFO - examples.run_decoding_one_group_lg - [execute_group_intra_subject_lg_decoding_analysis:96] - Starting intra-subject LG decoding analysis for GROUP: MCS-. GS: False, CSP: False, ANOVA FS: True. n_jobs_subj: 40.
2025-07-09 10:50:18,297 - INFO - examples.run_decoding_one_group_lg - [execute_group_intra_subject_lg_decoding_analysis:105] - 
--- LG Group 'MCS-': Processing Subject 1/6: BT25 ---
2025-07-09 10:50:18,297 - INFO - examples.run_decoding_one_lg - [execute_single_subject_lg_decoding:222] - Starting LG decoding for subject: BT25 (Group: MCS-, Task Set ID: Group_LG_Intra_MCS-_Subj_BT25, Classifier: svc, GS: False, CSP: False, ANOVA FS: True, n_jobs: 40)
2025-07-09 10:50:18,297 - INFO - examples.run_decoding_one_lg - [execute_single_subject_lg_decoding:233] - Using LG loading conditions: ['LS_ALL', 'LD_ALL', 'GS_ALL', 'GD_ALL', 'LSGS', 'LSGD', 'LDGS', 'LDGD']
2025-07-09 10:50:18,298 - WARNING - utils.loading_LG_utils - [load_epochs_data_for_lg_decoding:96] - Original group path for 'MCS-' not found for subject 'BT25'. Subject found in group 'MCS-'. Using its path convention.
2025-07-09 10:50:18,298 - ERROR - utils.loading_LG_utils - [load_epochs_data_for_lg_decoding:135] - Data directory for subject 'BT25' (group: 'MCS-') not found. Attempted path: 'None'. Base input: '/mnt/data/tom.balay/data/Baking_EEG_data'.
2025-07-09 10:50:18,298 - INFO - examples.run_decoding_one_lg - [execute_single_subject_lg_decoding:242] - Detected protocol 'unknown' for subject BT25
2025-07-09 10:50:18,298 - ERROR - examples.run_decoding_one_lg - [execute_single_subject_lg_decoding:248] - Epochs object loading failed for BT25. Aborting subject.
2025-07-09 10:50:18,299 - WARNING - examples.run_decoding_one_group_lg - [execute_group_intra_subject_lg_decoding_analysis:141] - Subject BT25 processing failed or returned invalid results.
2025-07-09 10:50:18,299 - INFO - examples.run_decoding_one_group_lg - [execute_group_intra_subject_lg_decoding_analysis:105] - 
--- LG Group 'MCS-': Processing Subject 2/6: CB34 ---
2025-07-09 10:50:18,299 - INFO - examples.run_decoding_one_lg - [execute_single_subject_lg_decoding:222] - Starting LG decoding for subject: CB34 (Group: MCS-, Task Set ID: Group_LG_Intra_MCS-_Subj_CB34, Classifier: svc, GS: False, CSP: False, ANOVA FS: True, n_jobs: 40)
2025-07-09 10:50:18,299 - INFO - examples.run_decoding_one_lg - [execute_single_subject_lg_decoding:233] - Using LG loading conditions: ['LS_ALL', 'LD_ALL', 'GS_ALL', 'GD_ALL', 'LSGS', 'LSGD', 'LDGS', 'LDGD']
2025-07-09 10:50:18,299 - WARNING - utils.loading_LG_utils - [load_epochs_data_for_lg_decoding:96] - Original group path for 'MCS-' not found for subject 'CB34'. Subject found in group 'MCS-'. Using its path convention.
2025-07-09 10:50:18,299 - ERROR - utils.loading_LG_utils - [load_epochs_data_for_lg_decoding:135] - Data directory for subject 'CB34' (group: 'MCS-') not found. Attempted path: 'None'. Base input: '/mnt/data/tom.balay/data/Baking_EEG_data'.
2025-07-09 10:50:18,299 - INFO - examples.run_decoding_one_lg - [execute_single_subject_lg_decoding:242] - Detected protocol 'unknown' for subject CB34
2025-07-09 10:50:18,300 - ERROR - examples.run_decoding_one_lg - [execute_single_subject_lg_decoding:248] - Epochs object loading failed for CB34. Aborting subject.
2025-07-09 10:50:18,300 - WARNING - examples.run_decoding_one_group_lg - [execute_group_intra_subject_lg_decoding_analysis:141] - Subject CB34 processing failed or returned invalid results.
2025-07-09 10:50:18,300 - INFO - examples.run_decoding_one_group_lg - [execute_group_intra_subject_lg_decoding_analysis:105] - 
--- LG Group 'MCS-': Processing Subject 3/6: CG29 ---
2025-07-09 10:50:18,300 - INFO - examples.run_decoding_one_lg - [execute_single_subject_lg_decoding:222] - Starting LG decoding for subject: CG29 (Group: MCS-, Task Set ID: Group_LG_Intra_MCS-_Subj_CG29, Classifier: svc, GS: False, CSP: False, ANOVA FS: True, n_jobs: 40)
2025-07-09 10:50:18,300 - INFO - examples.run_decoding_one_lg - [execute_single_subject_lg_decoding:233] - Using LG loading conditions: ['LS_ALL', 'LD_ALL', 'GS_ALL', 'GD_ALL', 'LSGS', 'LSGD', 'LDGS', 'LDGD']
2025-07-09 10:50:18,300 - WARNING - utils.loading_LG_utils - [load_epochs_data_for_lg_decoding:96] - Original group path for 'MCS-' not found for subject 'CG29'. Subject found in group 'MCS-'. Using its path convention.
2025-07-09 10:50:18,300 - ERROR - utils.loading_LG_utils - [load_epochs_data_for_lg_decoding:135] - Data directory for subject 'CG29' (group: 'MCS-') not found. Attempted path: 'None'. Base input: '/mnt/data/tom.balay/data/Baking_EEG_data'.
2025-07-09 10:50:18,300 - INFO - examples.run_decoding_one_lg - [execute_single_subject_lg_decoding:242] - Detected protocol 'unknown' for subject CG29
2025-07-09 10:50:18,301 - ERROR - examples.run_decoding_one_lg - [execute_single_subject_lg_decoding:248] - Epochs object loading failed for CG29. Aborting subject.
2025-07-09 10:50:18,301 - WARNING - examples.run_decoding_one_group_lg - [execute_group_intra_subject_lg_decoding_analysis:141] - Subject CG29 processing failed or returned invalid results.
2025-07-09 10:50:18,301 - INFO - examples.run_decoding_one_group_lg - [execute_group_intra_subject_lg_decoding_analysis:105] - 
--- LG Group 'MCS-': Processing Subject 4/6: CR26 ---
2025-07-09 10:50:18,301 - INFO - examples.run_decoding_one_lg - [execute_single_subject_lg_decoding:222] - Starting LG decoding for subject: CR26 (Group: MCS-, Task Set ID: Group_LG_Intra_MCS-_Subj_CR26, Classifier: svc, GS: False, CSP: False, ANOVA FS: True, n_jobs: 40)
2025-07-09 10:50:18,301 - INFO - examples.run_decoding_one_lg - [execute_single_subject_lg_decoding:233] - Using LG loading conditions: ['LS_ALL', 'LD_ALL', 'GS_ALL', 'GD_ALL', 'LSGS', 'LSGD', 'LDGS', 'LDGD']
2025-07-09 10:50:18,301 - WARNING - utils.loading_LG_utils - [load_epochs_data_for_lg_decoding:96] - Original group path for 'MCS-' not found for subject 'CR26'. Subject found in group 'MCS-'. Using its path convention.
2025-07-09 10:50:18,301 - ERROR - utils.loading_LG_utils - [load_epochs_data_for_lg_decoding:135] - Data directory for subject 'CR26' (group: 'MCS-') not found. Attempted path: 'None'. Base input: '/mnt/data/tom.balay/data/Baking_EEG_data'.
2025-07-09 10:50:18,302 - INFO - examples.run_decoding_one_lg - [execute_single_subject_lg_decoding:242] - Detected protocol 'unknown' for subject CR26
2025-07-09 10:50:18,302 - ERROR - examples.run_decoding_one_lg - [execute_single_subject_lg_decoding:248] - Epochs object loading failed for CR26. Aborting subject.
2025-07-09 10:50:18,302 - WARNING - examples.run_decoding_one_group_lg - [execute_group_intra_subject_lg_decoding_analysis:141] - Subject CR26 processing failed or returned invalid results.
2025-07-09 10:50:18,302 - INFO - examples.run_decoding_one_group_lg - [execute_group_intra_subject_lg_decoding_analysis:105] - 
--- LG Group 'MCS-': Processing Subject 5/6: MC40 ---
2025-07-09 10:50:18,302 - INFO - examples.run_decoding_one_lg - [execute_single_subject_lg_decoding:222] - Starting LG decoding for subject: MC40 (Group: MCS-, Task Set ID: Group_LG_Intra_MCS-_Subj_MC40, Classifier: svc, GS: False, CSP: False, ANOVA FS: True, n_jobs: 40)
2025-07-09 10:50:18,302 - INFO - examples.run_decoding_one_lg - [execute_single_subject_lg_decoding:233] - Using LG loading conditions: ['LS_ALL', 'LD_ALL', 'GS_ALL', 'GD_ALL', 'LSGS', 'LSGD', 'LDGS', 'LDGD']
2025-07-09 10:50:18,302 - WARNING - utils.loading_LG_utils - [load_epochs_data_for_lg_decoding:96] - Original group path for 'MCS-' not found for subject 'MC40'. Subject found in group 'MCS-'. Using its path convention.
2025-07-09 10:50:18,302 - ERROR - utils.loading_LG_utils - [load_epochs_data_for_lg_decoding:135] - Data directory for subject 'MC40' (group: 'MCS-') not found. Attempted path: 'None'. Base input: '/mnt/data/tom.balay/data/Baking_EEG_data'.
2025-07-09 10:50:18,303 - INFO - examples.run_decoding_one_lg - [execute_single_subject_lg_decoding:242] - Detected protocol 'unknown' for subject MC40
2025-07-09 10:50:18,303 - ERROR - examples.run_decoding_one_lg - [execute_single_subject_lg_decoding:248] - Epochs object loading failed for MC40. Aborting subject.
2025-07-09 10:50:18,303 - WARNING - examples.run_decoding_one_group_lg - [execute_group_intra_subject_lg_decoding_analysis:141] - Subject MC40 processing failed or returned invalid results.
2025-07-09 10:50:18,303 - INFO - examples.run_decoding_one_group_lg - [execute_group_intra_subject_lg_decoding_analysis:105] - 
--- LG Group 'MCS-': Processing Subject 6/6: ML33 ---
2025-07-09 10:50:18,303 - INFO - examples.run_decoding_one_lg - [execute_single_subject_lg_decoding:222] - Starting LG decoding for subject: ML33 (Group: MCS-, Task Set ID: Group_LG_Intra_MCS-_Subj_ML33, Classifier: svc, GS: False, CSP: False, ANOVA FS: True, n_jobs: 40)
2025-07-09 10:50:18,303 - INFO - examples.run_decoding_one_lg - [execute_single_subject_lg_decoding:233] - Using LG loading conditions: ['LS_ALL', 'LD_ALL', 'GS_ALL', 'GD_ALL', 'LSGS', 'LSGD', 'LDGS', 'LDGD']
2025-07-09 10:50:18,303 - WARNING - utils.loading_LG_utils - [load_epochs_data_for_lg_decoding:96] - Original group path for 'MCS-' not found for subject 'ML33'. Subject found in group 'MCS-'. Using its path convention.
2025-07-09 10:50:18,303 - ERROR - utils.loading_LG_utils - [load_epochs_data_for_lg_decoding:135] - Data directory for subject 'ML33' (group: 'MCS-') not found. Attempted path: 'None'. Base input: '/mnt/data/tom.balay/data/Baking_EEG_data'.
2025-07-09 10:50:18,304 - INFO - examples.run_decoding_one_lg - [execute_single_subject_lg_decoding:242] - Detected protocol 'unknown' for subject ML33
2025-07-09 10:50:18,304 - ERROR - examples.run_decoding_one_lg - [execute_single_subject_lg_decoding:248] - Epochs object loading failed for ML33. Aborting subject.
2025-07-09 10:50:18,304 - WARNING - examples.run_decoding_one_group_lg - [execute_group_intra_subject_lg_decoding_analysis:141] - Subject ML33 processing failed or returned invalid results.
2025-07-09 10:50:18,304 - INFO - examples.run_decoding_one_group_lg - [execute_group_intra_subject_lg_decoding_analysis:149] - LG Group analysis for 'MCS-' completed in 0.01s. Successfully processed: 0/6 subjects.
2025-07-09 10:50:18,304 - WARNING - examples.run_decoding_one_group_lg - [execute_group_intra_subject_lg_decoding_analysis:158] - No subjects were successfully processed!
submitit INFO (2025-07-09 10:50:18,304) - Job completed successfully
2025-07-09 10:50:18,304 - INFO - submitit - [process_job:56] - Job completed successfully
submitit INFO (2025-07-09 10:50:18,305) - Exiting after successful completion
2025-07-09 10:50:18,305 - INFO - submitit - [process_job:61] - Exiting after successful completion
