2025-06-18 13:12:25,727 |     INFO | [WORKER:enhanced_decoding_task_wrapper:205] | ================================================================================
2025-06-18 13:12:25,727 |     INFO | [WORKER:enhanced_decoding_task_wrapper:206] | === DÉBUT DU WORKER SUBMITIT - VERSION ENHANCED ===
2025-06-18 13:12:25,727 |     INFO | [WORKER:enhanced_decoding_task_wrapper:207] | ================================================================================
2025-06-18 13:12:25,728 |     INFO | [WORKER:enhanced_decoding_task_wrapper:210] | === DIAGNOSTICS SYSTÈME ===
2025-06-18 13:12:25,728 |     INFO | [WORKER:enhanced_decoding_task_wrapper:211] | Hostname: node8
2025-06-18 13:12:25,733 |     INFO | [WORKER:enhanced_decoding_task_wrapper:212] | Platform: Linux-6.1.0-21-amd64-x86_64-with-glibc2.36
2025-06-18 13:12:25,733 |     INFO | [WORKER:enhanced_decoding_task_wrapper:213] | Python version: 3.11.2 (main, Mar 13 2023, 12:18:29) [GCC 12.2.0]
2025-06-18 13:12:25,734 |     INFO | [WORKER:enhanced_decoding_task_wrapper:214] | Working directory: /home/tom.balay/Baking_EEG/bash
2025-06-18 13:12:25,734 |     INFO | [WORKER:enhanced_decoding_task_wrapper:215] | User: tom.balay
2025-06-18 13:12:25,734 |     INFO | [WORKER:enhanced_decoding_task_wrapper:216] | Home: /home/tom.balay
2025-06-18 13:12:25,734 |     INFO | [WORKER:enhanced_decoding_task_wrapper:220] | CPU count: 40
2025-06-18 13:12:25,735 |     INFO | [WORKER:enhanced_decoding_task_wrapper:221] | Memory: 93 GB
2025-06-18 13:12:25,735 |     INFO | [WORKER:enhanced_decoding_task_wrapper:226] | === ARGUMENTS REÇUS ===
2025-06-18 13:12:25,735 |     INFO | [WORKER:enhanced_decoding_task_wrapper:231] | subject_identifier: TpSM49
2025-06-18 13:12:25,735 |     INFO | [WORKER:enhanced_decoding_task_wrapper:231] | group_affiliation: DELIRIUM +
2025-06-18 13:12:25,735 |     INFO | [WORKER:enhanced_decoding_task_wrapper:231] | base_input_data_path: /mnt/data/tom.balay/data/Baking_EEG_data/Baking_EEG_data
2025-06-18 13:12:25,735 |     INFO | [WORKER:enhanced_decoding_task_wrapper:231] | base_output_results_path: /home/tom.balay/results/Baking_EEG_results_V7
2025-06-18 13:12:25,735 |     INFO | [WORKER:enhanced_decoding_task_wrapper:231] | n_jobs_for_processing: 40
2025-06-18 13:12:25,735 |     INFO | [WORKER:enhanced_decoding_task_wrapper:231] | save_results_flag: True
2025-06-18 13:12:25,736 |     INFO | [WORKER:enhanced_decoding_task_wrapper:231] | generate_plots_flag: True
2025-06-18 13:12:25,736 |     INFO | [WORKER:enhanced_decoding_task_wrapper:231] | loading_conditions_config: {'LS_ALL': 'LS/', 'LD_ALL': 'LD/', 'GS_ALL': '/GS', 'GD_ALL': '/GD', 'LSGS': ['LS/GS'], 'LSGD': ['LS/GD'], 'LDGS': ['LD/GS'], 'LDGD': ['LD/GD']}
2025-06-18 13:12:25,736 |     INFO | [WORKER:enhanced_decoding_task_wrapper:231] | classifier_type: svc
2025-06-18 13:12:25,736 |     INFO | [WORKER:enhanced_decoding_task_wrapper:231] | use_grid_search_for_subject: False
2025-06-18 13:12:25,736 |     INFO | [WORKER:enhanced_decoding_task_wrapper:231] | param_grid_config_for_subject: None
2025-06-18 13:12:25,736 |     INFO | [WORKER:enhanced_decoding_task_wrapper:231] | cv_folds_for_gs_subject: 0
2025-06-18 13:12:25,736 |     INFO | [WORKER:enhanced_decoding_task_wrapper:231] | fixed_params_for_subject: {'svc': {'svc_c': 1.0, 'svc_kernel': 'linear', 'svc_gamma': 'scale', 'fs_percentile': 15, 'csp_n_components': 4}, 'logreg': {'logreg_c': 1.0, 'logreg_penalty': 'l2', 'fs_percentile': 15, 'csp_n_components': 4}, 'rf': {'rf_n_estimators': 100, 'rf_max_depth': None, 'fs_percentile': 75, 'csp_n_components': 8}}
2025-06-18 13:12:25,737 |     INFO | [WORKER:enhanced_decoding_task_wrapper:231] | compute_intra_subject_stats_flag: True
2025-06-18 13:12:25,737 |     INFO | [WORKER:enhanced_decoding_task_wrapper:231] | n_perms_for_intra_subject_clusters: 1024
2025-06-18 13:12:25,737 |     INFO | [WORKER:enhanced_decoding_task_wrapper:231] | compute_tgm_flag: False
2025-06-18 13:12:25,737 |     INFO | [WORKER:enhanced_decoding_task_wrapper:231] | cluster_threshold_config_intra_fold: {'start': 0.1, 'step': 0.1}
2025-06-18 13:12:25,737 |     INFO | [WORKER:enhanced_decoding_task_wrapper:231] | use_csp_for_temporal_subject: (False,)
2025-06-18 13:12:25,737 |     INFO | [WORKER:enhanced_decoding_task_wrapper:231] | use_anova_fs_for_temporal_subject: (True,)
2025-06-18 13:12:25,737 |     INFO | [WORKER:enhanced_decoding_task_wrapper:234] | === CONFIGURATION PATH ===
2025-06-18 13:12:25,738 |     INFO | [WORKER:enhanced_decoding_task_wrapper:246] | Test du chemin: /home/tom.balay/Baking_EEG
2025-06-18 13:12:25,738 |     INFO | [WORKER:enhanced_decoding_task_wrapper:251] | ✓ Chemin valide trouvé: /home/tom.balay/Baking_EEG
2025-06-18 13:12:25,738 |     INFO | [WORKER:enhanced_decoding_task_wrapper:269] | sys.path initial: ['/home/tom.balay/Baking_EEG/bash', '/usr/lib/python311.zip', '/usr/lib/python3.11']...
2025-06-18 13:12:25,739 |     INFO | [WORKER:enhanced_decoding_task_wrapper:273] | ✓ Chemin projet ajouté au sys.path: /home/tom.balay/Baking_EEG
2025-06-18 13:12:25,739 |     INFO | [WORKER:enhanced_decoding_task_wrapper:277] | sys.path après modification: ['/home/tom.balay/Baking_EEG', '/home/tom.balay/Baking_EEG/bash', '/usr/lib/python311.zip', '/usr/lib/python3.11', '/usr/lib/python3.11/lib-dynload']...
2025-06-18 13:12:25,739 |     INFO | [WORKER:enhanced_decoding_task_wrapper:280] | === VALIDATION STRUCTURE ===
2025-06-18 13:12:25,739 |     INFO | [WORKER:enhanced_decoding_task_wrapper:290] | ✓ examples: /home/tom.balay/Baking_EEG/examples
2025-06-18 13:12:25,739 |     INFO | [WORKER:enhanced_decoding_task_wrapper:290] | ✓ run_decoding_script: /home/tom.balay/Baking_EEG/examples/run_decoding_one_lg.py
2025-06-18 13:12:25,740 |     INFO | [WORKER:enhanced_decoding_task_wrapper:290] | ✓ config: /home/tom.balay/Baking_EEG/config
2025-06-18 13:12:25,740 |     INFO | [WORKER:enhanced_decoding_task_wrapper:290] | ✓ utils: /home/tom.balay/Baking_EEG/utils
2025-06-18 13:12:25,740 |     INFO | [WORKER:enhanced_decoding_task_wrapper:296] | === TEST D'IMPORT ===
2025-06-18 13:12:25,740 |     INFO | [WORKER:enhanced_decoding_task_wrapper:298] | Import de run_decoding_one_lg...
2025-06-18 13:12:28,308 |    DEBUG | [WORKER:wrapper:305] | matplotlib data path: /home/tom.balay/.venvs/py3.11_cluster/lib/python3.11/site-packages/matplotlib/mpl-data
2025-06-18 13:12:28,342 |    DEBUG | [WORKER:wrapper:305] | CONFIGDIR=/home/tom.balay/.config/matplotlib
2025-06-18 13:12:28,350 |    DEBUG | [WORKER:<module>:1479] | interactive is False
2025-06-18 13:12:28,350 |    DEBUG | [WORKER:<module>:1480] | platform is linux
2025-06-18 13:12:30,310 |    DEBUG | [WORKER:wrapper:305] | CACHEDIR=/home/tom.balay/.cache/matplotlib
2025-06-18 13:12:30,363 |    DEBUG | [WORKER:_load_fontmanager:1543] | Using fontManager instance from /home/tom.balay/.cache/matplotlib/fontlist-v330.json
[Parallel(n_jobs=-1)]: Using backend LokyBackend with 40 concurrent workers.
[Parallel(n_jobs=40)]: Using backend LokyBackend with 40 concurrent workers.
[Parallel(n_jobs=40)]: Done   2 out of   5 | elapsed: 14.8min remaining: 22.3min
[Parallel(n_jobs=40)]: Done   5 out of   5 | elapsed: 19.2min finished
[Parallel(n_jobs=-1)]: Using backend LokyBackend with 40 concurrent workers.
[Parallel(n_jobs=-1)]: Using backend LokyBackend with 40 concurrent workers.
[Parallel(n_jobs=40)]: Using backend LokyBackend with 40 concurrent workers.
[Parallel(n_jobs=40)]: Done   2 out of   5 | elapsed:  3.6min remaining:  5.5min
[Parallel(n_jobs=40)]: Done   5 out of   5 | elapsed:  4.0min finished
/home/tom.balay/Baking_EEG/examples/run_decoding_one_lg.py:465: RuntimeWarning: All-NaN slice encountered
  np.nanmax(specific_task_output[3])
[Parallel(n_jobs=-1)]: Using backend LokyBackend with 40 concurrent workers.
[Parallel(n_jobs=-1)]: Using backend LokyBackend with 40 concurrent workers.
[Parallel(n_jobs=40)]: Using backend LokyBackend with 40 concurrent workers.
[Parallel(n_jobs=40)]: Done   2 out of   5 | elapsed:  3.9min remaining:  5.9min
[Parallel(n_jobs=40)]: Done   5 out of   5 | elapsed:  4.6min finished
/home/tom.balay/Baking_EEG/examples/run_decoding_one_lg.py:465: RuntimeWarning: All-NaN slice encountered
  np.nanmax(specific_task_output[3])
[Parallel(n_jobs=-1)]: Using backend LokyBackend with 40 concurrent workers.
[Parallel(n_jobs=-1)]: Using backend LokyBackend with 40 concurrent workers.
[Parallel(n_jobs=40)]: Using backend LokyBackend with 40 concurrent workers.
[Parallel(n_jobs=40)]: Done   2 out of   5 | elapsed:  9.7min remaining: 14.5min
[Parallel(n_jobs=40)]: Done   5 out of   5 | elapsed: 11.2min finished
/home/tom.balay/Baking_EEG/examples/run_decoding_one_lg.py:465: RuntimeWarning: All-NaN slice encountered
  np.nanmax(specific_task_output[3])
[Parallel(n_jobs=-1)]: Using backend LokyBackend with 40 concurrent workers.
[Parallel(n_jobs=-1)]: Using backend LokyBackend with 40 concurrent workers.
[Parallel(n_jobs=40)]: Using backend LokyBackend with 40 concurrent workers.
[Parallel(n_jobs=40)]: Done   2 out of   5 | elapsed:   48.3s remaining:  1.2min
[Parallel(n_jobs=40)]: Done   5 out of   5 | elapsed:   52.5s finished
/home/tom.balay/Baking_EEG/examples/run_decoding_one_lg.py:465: RuntimeWarning: All-NaN slice encountered
  np.nanmax(specific_task_output[3])
/home/tom.balay/Baking_EEG/examples/run_decoding_one_lg.py:507: RuntimeWarning: Mean of empty slice
  np.nanmean(stacked_specific_curves, axis=0))
/home/tom.balay/Baking_EEG/utils/stats_utils.py:223: RuntimeWarning: Provided stat_fun does not treat variables independently. Setting buffer_size to None.
  permutation_cluster_1samp_test(
/home/tom.balay/Baking_EEG/utils/stats_utils.py:223: RuntimeWarning: Provided stat_fun does not treat variables independently. Setting buffer_size to None.
  permutation_cluster_1samp_test(
/home/tom.balay/Baking_EEG/utils/stats_utils.py:223: RuntimeWarning: Provided stat_fun does not treat variables independently. Setting buffer_size to None.
  permutation_cluster_1samp_test(
/home/tom.balay/Baking_EEG/utils/stats_utils.py:223: RuntimeWarning: Provided stat_fun does not treat variables independently. Setting buffer_size to None.
  permutation_cluster_1samp_test(
/home/tom.balay/Baking_EEG/utils/stats_utils.py:223: RuntimeWarning: Provided stat_fun does not treat variables independently. Setting buffer_size to None.
  permutation_cluster_1samp_test(
/home/tom.balay/.venvs/py3.11_cluster/lib/python3.11/site-packages/joblib/externals/loky/backend/resource_tracker.py:314: UserWarning: resource_tracker: There appear to be 4 leaked semlock objects to clean up at shutdown
  warnings.warn(
/usr/lib/python3.11/multiprocessing/resource_tracker.py:224: UserWarning: resource_tracker: There appear to be 11 leaked semaphore objects to clean up at shutdown
  warnings.warn('resource_tracker: There appear to be %d '
